2023-04-29 00:17:30.328 | INFO     | utils.misc:fix_random_seed:405 - Random seed is not fixed.
2023-04-29 00:17:30.347 | INFO     | models.temporal_integrators:summarize:568 - 
:'######::'########::'########::'########::::::::::::::::::::::
'##... ##: ##.... ##: ##.... ##:... ##..:::::::::::::::::::::::
 ##:::..:: ##:::: ##: ##:::: ##:::: ##:::::::::::::::::::::::::
. ######:: ########:: ########::::: ##::::'#######:::::::::::::
:..... ##: ##.....::: ##.. ##:::::: ##::::........:::::::::::::
'##::: ##: ##:::::::: ##::. ##::::: ##:::::::::::::::::::::::::
. ######:: ##:::::::: ##:::. ##:::: ##:::::::::::::::::::::::::
:......:::..:::::::::..:::::..:::::..::::::::::::::::::::::::::
'########::::'###::::'##::: ##:'########::'########:'##::::'##:
... ##..::::'## ##::: ###:: ##: ##.... ##: ##.....:: ###::'###:
::: ##:::::'##:. ##:: ####: ##: ##:::: ##: ##::::::: ####'####:
::: ##::::'##:::. ##: ## ## ##: ##:::: ##: ######::: ## ### ##:
::: ##:::: #########: ##. ####: ##:::: ##: ##...:::: ##. #: ##:
::: ##:::: ##.... ##: ##:. ###: ##:::: ##: ##::::::: ##:.:: ##:
::: ##:::: ##:::: ##: ##::. ##: ########:: ########: ##:::: ##:
:::..:::::..:::::..::..::::..::........:::........::..:::::..::

2023-04-29 00:17:30.348 | INFO     | models.temporal_integrators:summarize:571 - [34mofficial PyTorch implementation.[0m
2023-04-29 00:17:30.406 | INFO     | models.temporal_integrators:summarize:593 - Network summary:
==========================================================================================
Layer (type:depth-idx)                   Output Shape              Param #
==========================================================================================
B2BsqrtTANDEM                            [150, 50, 3, 3]           771
├─LSTM: 1-1                              [6750, 6, 26]             16,120
│    └─Tanh: 2-1                         [6750, 26]                --
│    └─Tanh: 2-2                         [6750, 26]                --
│    └─Tanh: 2-3                         [6750, 26]                --
│    └─Tanh: 2-4                         [6750, 26]                --
│    └─Tanh: 2-5                         [6750, 26]                --
│    └─Tanh: 2-6                         [6750, 26]                --
│    └─Tanh: 2-7                         [6750, 26]                --
│    └─Tanh: 2-8                         [6750, 26]                --
│    └─Tanh: 2-9                         [6750, 26]                --
│    └─Tanh: 2-10                        [6750, 26]                --
│    └─Tanh: 2-11                        [6750, 26]                --
│    └─Tanh: 2-12                        [6750, 26]                --
│    └─Tanh: 2-13                        [6750, 26]                --
│    └─Tanh: 2-14                        [6750, 26]                --
│    └─Tanh: 2-15                        [6750, 26]                --
│    └─Tanh: 2-16                        [6750, 26]                --
│    └─Tanh: 2-17                        [6750, 26]                --
│    └─Tanh: 2-18                        [6750, 26]                --
├─GELU: 1-2                              [6750, 26]                --
├─Linear: 1-3                            [6750, 3]                 81
├─GELU: 1-4                              [6750, 26]                --
├─Linear: 1-5                            [6750, 3]                 (recursive)
├─GELU: 1-6                              [6750, 26]                --
├─Linear: 1-7                            [6750, 3]                 (recursive)
├─GELU: 1-8                              [6750, 26]                --
├─Linear: 1-9                            [6750, 3]                 (recursive)
├─GELU: 1-10                             [6750, 26]                --
├─Linear: 1-11                           [6750, 3]                 (recursive)
├─GELU: 1-12                             [6750, 26]                --
├─Linear: 1-13                           [6750, 3]                 (recursive)
==========================================================================================
Total params: 16,972
Trainable params: 16,972
Non-trainable params: 0
Total mult-adds (M): 3.28
==========================================================================================
Input size (MB): 3.84
Forward/backward pass size (MB): 0.97
Params size (MB): 0.00
Estimated Total Size (MB): 4.81
==========================================================================================
2023-04-29 00:17:30.407 | INFO     | models.temporal_integrators:summarize:594 - Example input shape: torch.Size([150, 50, 128])
2023-04-29 00:17:30.408 | INFO     | models.temporal_integrators:summarize:595 - Example output shape: torch.Size([150, 50, 3, 3])
2023-04-29 00:17:30.411 | INFO     | models.temporal_integrators:import_model:58 - model moved onto: [33mcuda.[0m
2023-04-29 00:17:30.412 | INFO     | models.optimizers:initialize_optimizer:44 - Optimizer:
RMSprop (
Parameter Group 0
    alpha: 0.99
    centered: False
    differentiable: False
    eps: 1e-08
    foreach: None
    lr: 1.1093147258550969e-05
    maximize: False
    momentum: 0
    weight_decay: 0.0004
)
2023-04-29 00:17:30.413 | INFO     | datasets.data_processing:lmdb_dataloaders:293 - loading data... 
2023-04-29 00:17:30.414 | INFO     | datasets.data_processing:lmdb_dataloaders:295 - If this process takes long, consider setting is_load_onto_memory=False or use LMDBIterableDataset.
2023-04-29 00:17:32.966 | INFO     | __main__:objective:356 - Starting epoch #0.
2023-04-29 00:17:34.171 | INFO     | utils.logging:log_training_results:280 - 
2023-04-29 00:17:34.172 | INFO     | utils.logging:log_training_results:281 - Global Step =      0
2023-04-29 00:17:34.172 | INFO     | utils.logging:log_training_results:282 - val mean(MacRec)_t: 0.31295666098594666
2023-04-29 00:17:34.172 | INFO     | utils.logging:log_training_results:287 - val mean ABSerr: 3.6603400707244873
2023-04-29 00:17:34.173 | INFO     | utils.logging:log_training_results:290 - val ausat from confmx: 0.30788716673851013
2023-04-29 00:17:34.174 | INFO     | utils.logging:log_training_results:301 - val MCE loss:1.11035 * 0.7000000000000001 * -0.52494
2023-04-29 00:17:34.174 | INFO     | utils.logging:log_training_results:309 - val LLLR :0.38015 * 1.0 * 0.92843
2023-04-29 00:17:34.175 | INFO     | utils.logging:log_training_results:317 - val weight decay:1041.62292 * 0.0004 * 1.07642
2023-04-29 00:17:35.042 | INFO     | utils.logging:save_sdre_imgs:710 - Figures saved.
2023-04-29 00:17:35.354 | INFO     | utils.logging:log_training_results:280 - 
2023-04-29 00:17:35.356 | INFO     | utils.logging:log_training_results:281 - Global Step =      0
2023-04-29 00:17:35.356 | INFO     | utils.logging:log_training_results:282 - train mean(MacRec)_t: 0.3203672766685486
2023-04-29 00:17:35.356 | INFO     | utils.logging:log_training_results:287 - train mean ABSerr: 3.6193645000457764
2023-04-29 00:17:35.357 | INFO     | utils.logging:log_training_results:290 - train ausat from confmx: 0.3264576196670532
2023-04-29 00:17:35.357 | INFO     | utils.logging:log_training_results:301 - train MCE loss:1.10458 * 0.7000000000000001 * -0.52505
2023-04-29 00:17:35.358 | INFO     | utils.logging:log_training_results:309 - train LLLR :0.38198 * 1.0 * 0.92832
2023-04-29 00:17:35.358 | INFO     | utils.logging:log_training_results:317 - train weight decay:1041.62280 * 0.0004 * 1.07631
2023-04-29 00:17:49.941 | INFO     | utils.logging:log_training_results:280 - 
2023-04-29 00:17:49.942 | INFO     | utils.logging:log_training_results:281 - Global Step =    250
2023-04-29 00:17:49.942 | INFO     | utils.logging:log_training_results:282 - val mean(MacRec)_t: 0.33102667331695557
2023-04-29 00:17:49.943 | INFO     | utils.logging:log_training_results:287 - val mean ABSerr: 3.7925455570220947
2023-04-29 00:17:49.943 | INFO     | utils.logging:log_training_results:290 - val ausat from confmx: 0.3319016993045807
2023-04-29 00:17:49.944 | INFO     | utils.logging:log_training_results:301 - val MCE loss:1.10803 * 0.7000000000000001 * -0.52900
2023-04-29 00:17:49.944 | INFO     | utils.logging:log_training_results:309 - val LLLR :0.37499 * 1.0 * 0.92432
2023-04-29 00:17:49.945 | INFO     | utils.logging:log_training_results:317 - val weight decay:1030.84998 * 0.0004 * 1.07232
2023-04-29 00:17:50.775 | INFO     | utils.logging:save_sdre_imgs:710 - Figures saved.
2023-04-29 00:17:51.054 | INFO     | utils.logging:log_training_results:280 - 
2023-04-29 00:17:51.055 | INFO     | utils.logging:log_training_results:281 - Global Step =    250
2023-04-29 00:17:51.055 | INFO     | utils.logging:log_training_results:282 - train mean(MacRec)_t: 0.3317699432373047
2023-04-29 00:17:51.056 | INFO     | utils.logging:log_training_results:287 - train mean ABSerr: 3.856062650680542
2023-04-29 00:17:51.056 | INFO     | utils.logging:log_training_results:290 - train ausat from confmx: 0.33241450786590576
2023-04-29 00:17:51.057 | INFO     | utils.logging:log_training_results:301 - train MCE loss:1.11372 * 0.7000000000000001 * -0.52901
2023-04-29 00:17:51.057 | INFO     | utils.logging:log_training_results:309 - train LLLR :0.37786 * 1.0 * 0.92431
2023-04-29 00:17:51.058 | INFO     | utils.logging:log_training_results:317 - train weight decay:1030.84998 * 0.0004 * 1.07231
2023-04-29 00:17:58.964 | INFO     | __main__:objective:356 - Starting epoch #1.
2023-04-29 00:18:05.497 | INFO     | utils.logging:log_training_results:280 - 
2023-04-29 00:18:05.498 | INFO     | utils.logging:log_training_results:281 - Global Step =    500
2023-04-29 00:18:05.498 | INFO     | utils.logging:log_training_results:282 - val mean(MacRec)_t: 0.3325466811656952
2023-04-29 00:18:05.499 | INFO     | utils.logging:log_training_results:287 - val mean ABSerr: 3.8074469566345215
2023-04-29 00:18:05.499 | INFO     | utils.logging:log_training_results:290 - val ausat from confmx: 0.33256834745407104
2023-04-29 00:18:05.500 | INFO     | utils.logging:log_training_results:301 - val MCE loss:1.10662 * 0.7000000000000001 * -0.53177
2023-04-29 00:18:05.500 | INFO     | utils.logging:log_training_results:309 - val LLLR :0.37342 * 1.0 * 0.92150
2023-04-29 00:18:05.500 | INFO     | utils.logging:log_training_results:317 - val weight decay:1023.07013 * 0.0004 * 1.06950
2023-04-29 00:18:06.517 | INFO     | utils.logging:save_sdre_imgs:710 - Figures saved.
2023-04-29 00:18:06.787 | INFO     | utils.logging:log_training_results:280 - 
2023-04-29 00:18:06.789 | INFO     | utils.logging:log_training_results:281 - Global Step =    500
2023-04-29 00:18:06.789 | INFO     | utils.logging:log_training_results:282 - train mean(MacRec)_t: 0.33478230237960815
2023-04-29 00:18:06.790 | INFO     | utils.logging:log_training_results:287 - train mean ABSerr: 3.6894166469573975
2023-04-29 00:18:06.790 | INFO     | utils.logging:log_training_results:290 - train ausat from confmx: 0.3327624797821045
2023-04-29 00:18:06.791 | INFO     | utils.logging:log_training_results:301 - train MCE loss:1.10223 * 0.7000000000000001 * -0.53178
2023-04-29 00:18:06.791 | INFO     | utils.logging:log_training_results:309 - train LLLR :0.36648 * 1.0 * 0.92149
2023-04-29 00:18:06.792 | INFO     | utils.logging:log_training_results:317 - train weight decay:1023.07019 * 0.0004 * 1.06949
2023-04-29 00:18:21.519 | INFO     | utils.logging:log_training_results:280 - 
2023-04-29 00:18:21.520 | INFO     | utils.logging:log_training_results:281 - Global Step =    750
2023-04-29 00:18:21.521 | INFO     | utils.logging:log_training_results:282 - val mean(MacRec)_t: 0.33370664715766907
2023-04-29 00:18:21.521 | INFO     | utils.logging:log_training_results:287 - val mean ABSerr: 3.7748923301696777
2023-04-29 00:18:21.521 | INFO     | utils.logging:log_training_results:290 - val ausat from confmx: 0.3326590061187744
2023-04-29 00:18:21.522 | INFO     | utils.logging:log_training_results:301 - val MCE loss:1.10539 * 0.7000000000000001 * -0.53449
2023-04-29 00:18:21.522 | INFO     | utils.logging:log_training_results:309 - val LLLR :0.37197 * 1.0 * 0.91872
2023-04-29 00:18:21.523 | INFO     | utils.logging:log_training_results:317 - val weight decay:1015.33594 * 0.0004 * 1.06673
2023-04-29 00:18:22.321 | INFO     | utils.logging:save_sdre_imgs:710 - Figures saved.
2023-04-29 00:18:22.593 | INFO     | utils.logging:log_training_results:280 - 
2023-04-29 00:18:22.594 | INFO     | utils.logging:log_training_results:281 - Global Step =    750
2023-04-29 00:18:22.594 | INFO     | utils.logging:log_training_results:282 - train mean(MacRec)_t: 0.33669695258140564
2023-04-29 00:18:22.594 | INFO     | utils.logging:log_training_results:287 - train mean ABSerr: 3.677341938018799
2023-04-29 00:18:22.595 | INFO     | utils.logging:log_training_results:290 - train ausat from confmx: 0.332266241312027
2023-04-29 00:18:22.595 | INFO     | utils.logging:log_training_results:301 - train MCE loss:1.09388 * 0.7000000000000001 * -0.53450
2023-04-29 00:18:22.596 | INFO     | utils.logging:log_training_results:309 - train LLLR :0.36484 * 1.0 * 0.91871
2023-04-29 00:18:22.596 | INFO     | utils.logging:log_training_results:317 - train weight decay:1015.33594 * 0.0004 * 1.06672
2023-04-29 00:18:25.198 | INFO     | __main__:objective:356 - Starting epoch #2.
2023-04-29 00:18:37.323 | INFO     | utils.logging:log_training_results:280 - 
2023-04-29 00:18:37.323 | INFO     | utils.logging:log_training_results:281 - Global Step =   1000
2023-04-29 00:18:37.324 | INFO     | utils.logging:log_training_results:282 - val mean(MacRec)_t: 0.33549001812934875
2023-04-29 00:18:37.324 | INFO     | utils.logging:log_training_results:287 - val mean ABSerr: 3.694291830062866
2023-04-29 00:18:37.325 | INFO     | utils.logging:log_training_results:290 - val ausat from confmx: 0.3329029381275177
2023-04-29 00:18:37.325 | INFO     | utils.logging:log_training_results:301 - val MCE loss:1.10430 * 0.7000000000000001 * -0.53721
2023-04-29 00:18:37.326 | INFO     | utils.logging:log_training_results:309 - val LLLR :0.37026 * 1.0 * 0.91595
2023-04-29 00:18:37.327 | INFO     | utils.logging:log_training_results:317 - val weight decay:1007.68585 * 0.0004 * 1.06396
2023-04-29 00:18:38.195 | INFO     | utils.logging:save_sdre_imgs:710 - Figures saved.
2023-04-29 00:18:38.477 | INFO     | utils.logging:log_training_results:280 - 
2023-04-29 00:18:38.478 | INFO     | utils.logging:log_training_results:281 - Global Step =   1000
2023-04-29 00:18:38.478 | INFO     | utils.logging:log_training_results:282 - train mean(MacRec)_t: 0.3136846423149109
2023-04-29 00:18:38.479 | INFO     | utils.logging:log_training_results:287 - train mean ABSerr: 3.7421083450317383
2023-04-29 00:18:38.479 | INFO     | utils.logging:log_training_results:290 - train ausat from confmx: 0.33180826902389526
2023-04-29 00:18:38.483 | INFO     | utils.logging:log_training_results:301 - train MCE loss:1.10571 * 0.7000000000000001 * -0.53722
2023-04-29 00:18:38.486 | INFO     | utils.logging:log_training_results:309 - train LLLR :0.37083 * 1.0 * 0.91594
2023-04-29 00:18:38.487 | INFO     | utils.logging:log_training_results:317 - train weight decay:1007.68585 * 0.0004 * 1.06395
2023-04-29 00:18:49.304 | INFO     | __main__:objective:356 - Starting epoch #3.
2023-04-29 00:18:53.229 | INFO     | utils.logging:log_training_results:280 - 
2023-04-29 00:18:53.230 | INFO     | utils.logging:log_training_results:281 - Global Step =   1250
2023-04-29 00:18:53.230 | INFO     | utils.logging:log_training_results:282 - val mean(MacRec)_t: 0.3407333195209503
2023-04-29 00:18:53.231 | INFO     | utils.logging:log_training_results:287 - val mean ABSerr: 3.575782537460327
2023-04-29 00:18:53.231 | INFO     | utils.logging:log_training_results:290 - val ausat from confmx: 0.33482471108436584
2023-04-29 00:18:53.232 | INFO     | utils.logging:log_training_results:301 - val MCE loss:1.10335 * 0.7000000000000001 * -0.53993
2023-04-29 00:18:53.233 | INFO     | utils.logging:log_training_results:309 - val LLLR :0.36773 * 1.0 * 0.91317
2023-04-29 00:18:53.233 | INFO     | utils.logging:log_training_results:317 - val weight decay:1000.23871 * 0.0004 * 1.06119
2023-04-29 00:18:53.288 | INFO     | utils.checkpoint:update_and_save_result:168 - [36mBest value updated![0m
2023-04-29 00:18:53.299 | INFO     | utils.checkpoint:save_checkpoint:83 - [36mSaved checkpoint[0m at step 1250.
2023-04-29 00:18:54.135 | INFO     | utils.logging:save_sdre_imgs:710 - Figures saved.
2023-04-29 00:18:54.424 | INFO     | utils.logging:log_training_results:280 - 
2023-04-29 00:18:54.425 | INFO     | utils.logging:log_training_results:281 - Global Step =   1250
2023-04-29 00:18:54.425 | INFO     | utils.logging:log_training_results:282 - train mean(MacRec)_t: 0.33856499195098877
2023-04-29 00:18:54.425 | INFO     | utils.logging:log_training_results:287 - train mean ABSerr: 3.6432666778564453
2023-04-29 00:18:54.426 | INFO     | utils.logging:log_training_results:290 - train ausat from confmx: 0.3334029018878937
2023-04-29 00:18:54.426 | INFO     | utils.logging:log_training_results:301 - train MCE loss:1.10397 * 0.7000000000000001 * -0.53994
2023-04-29 00:18:54.427 | INFO     | utils.logging:log_training_results:309 - train LLLR :0.37125 * 1.0 * 0.91316
2023-04-29 00:18:54.427 | INFO     | utils.logging:log_training_results:317 - train weight decay:1000.23865 * 0.0004 * 1.06117
2023-04-29 00:19:09.181 | INFO     | utils.logging:log_training_results:280 - 
2023-04-29 00:19:09.185 | INFO     | utils.logging:log_training_results:281 - Global Step =   1500
2023-04-29 00:19:09.186 | INFO     | utils.logging:log_training_results:282 - val mean(MacRec)_t: 0.3821900188922882
2023-04-29 00:19:09.186 | INFO     | utils.logging:log_training_results:287 - val mean ABSerr: 3.4350736141204834
2023-04-29 00:19:09.187 | INFO     | utils.logging:log_training_results:290 - val ausat from confmx: 0.39641323685646057
2023-04-29 00:19:09.188 | INFO     | utils.logging:log_training_results:301 - val MCE loss:1.10260 * 0.7000000000000001 * -0.54265
2023-04-29 00:19:09.189 | INFO     | utils.logging:log_training_results:309 - val LLLR :0.36200 * 1.0 * 0.91039
2023-04-29 00:19:09.190 | INFO     | utils.logging:log_training_results:317 - val weight decay:993.30206 * 0.0004 * 1.05841
2023-04-29 00:19:09.256 | INFO     | utils.checkpoint:update_and_save_result:168 - [36mBest value updated![0m
2023-04-29 00:19:09.267 | INFO     | utils.checkpoint:save_checkpoint:83 - [36mSaved checkpoint[0m at step 1500.
2023-04-29 00:19:09.272 | INFO     | utils.checkpoint:keep_max_num_saved_models:101 - Removed the oldest model for max_to_keep=1
2023-04-29 00:19:10.117 | INFO     | utils.logging:save_sdre_imgs:710 - Figures saved.
2023-04-29 00:19:10.408 | INFO     | utils.logging:log_training_results:280 - 
2023-04-29 00:19:10.408 | INFO     | utils.logging:log_training_results:281 - Global Step =   1500
2023-04-29 00:19:10.409 | INFO     | utils.logging:log_training_results:282 - train mean(MacRec)_t: 0.3658232092857361
2023-04-29 00:19:10.409 | INFO     | utils.logging:log_training_results:287 - train mean ABSerr: 3.3650383949279785
2023-04-29 00:19:10.410 | INFO     | utils.logging:log_training_results:290 - train ausat from confmx: 0.3837674856185913
2023-04-29 00:19:10.410 | INFO     | utils.logging:log_training_results:301 - train MCE loss:1.09865 * 0.7000000000000001 * -0.54266
2023-04-29 00:19:10.410 | INFO     | utils.logging:log_training_results:309 - train LLLR :0.36449 * 1.0 * 0.91038
2023-04-29 00:19:10.411 | INFO     | utils.logging:log_training_results:317 - train weight decay:993.30206 * 0.0004 * 1.05840
2023-04-29 00:19:15.754 | INFO     | __main__:objective:356 - Starting epoch #4.
2023-04-29 00:19:25.009 | INFO     | utils.logging:log_training_results:280 - 
2023-04-29 00:19:25.010 | INFO     | utils.logging:log_training_results:281 - Global Step =   1750
2023-04-29 00:19:25.010 | INFO     | utils.logging:log_training_results:282 - val mean(MacRec)_t: 0.43188998103141785
2023-04-29 00:19:25.010 | INFO     | utils.logging:log_training_results:287 - val mean ABSerr: 3.3686208724975586
2023-04-29 00:19:25.011 | INFO     | utils.logging:log_training_results:290 - val ausat from confmx: 0.48883649706840515
2023-04-29 00:19:25.011 | INFO     | utils.logging:log_training_results:301 - val MCE loss:1.10203 * 0.7000000000000001 * -0.54536
2023-04-29 00:19:25.012 | INFO     | utils.logging:log_training_results:309 - val LLLR :0.35626 * 1.0 * 0.90761
2023-04-29 00:19:25.012 | INFO     | utils.logging:log_training_results:317 - val weight decay:986.90497 * 0.0004 * 1.05564
2023-04-29 00:19:25.058 | INFO     | utils.checkpoint:update_and_save_result:168 - [36mBest value updated![0m
2023-04-29 00:19:25.069 | INFO     | utils.checkpoint:save_checkpoint:83 - [36mSaved checkpoint[0m at step 1750.
2023-04-29 00:19:25.072 | INFO     | utils.checkpoint:keep_max_num_saved_models:101 - Removed the oldest model for max_to_keep=1
2023-04-29 00:19:25.974 | INFO     | utils.logging:save_sdre_imgs:710 - Figures saved.
2023-04-29 00:19:26.484 | INFO     | utils.logging:log_training_results:280 - 
2023-04-29 00:19:26.485 | INFO     | utils.logging:log_training_results:281 - Global Step =   1750
2023-04-29 00:19:26.485 | INFO     | utils.logging:log_training_results:282 - train mean(MacRec)_t: 0.4701976776123047
2023-04-29 00:19:26.486 | INFO     | utils.logging:log_training_results:287 - train mean ABSerr: 3.2517249584198
2023-04-29 00:19:26.486 | INFO     | utils.logging:log_training_results:290 - train ausat from confmx: 0.5211279392242432
2023-04-29 00:19:26.487 | INFO     | utils.logging:log_training_results:301 - train MCE loss:1.09836 * 0.7000000000000001 * -0.54538
2023-04-29 00:19:26.487 | INFO     | utils.logging:log_training_results:309 - train LLLR :0.35063 * 1.0 * 0.90760
2023-04-29 00:19:26.488 | INFO     | utils.logging:log_training_results:317 - train weight decay:986.90497 * 0.0004 * 1.05563
2023-04-29 00:19:40.097 | INFO     | __main__:objective:356 - Starting epoch #5.
2023-04-29 00:19:41.344 | INFO     | utils.logging:log_training_results:280 - 
2023-04-29 00:19:41.345 | INFO     | utils.logging:log_training_results:281 - Global Step =   2000
2023-04-29 00:19:41.346 | INFO     | utils.logging:log_training_results:282 - val mean(MacRec)_t: 0.45775336027145386
2023-04-29 00:19:41.346 | INFO     | utils.logging:log_training_results:287 - val mean ABSerr: 3.3237199783325195
2023-04-29 00:19:41.346 | INFO     | utils.logging:log_training_results:290 - val ausat from confmx: 0.5300416350364685
2023-04-29 00:19:41.347 | INFO     | utils.logging:log_training_results:301 - val MCE loss:1.10150 * 0.7000000000000001 * -0.54808
2023-04-29 00:19:41.347 | INFO     | utils.logging:log_training_results:309 - val LLLR :0.35158 * 1.0 * 0.90483
2023-04-29 00:19:41.348 | INFO     | utils.logging:log_training_results:317 - val weight decay:980.69189 * 0.0004 * 1.05287
2023-04-29 00:19:41.392 | INFO     | utils.checkpoint:update_and_save_result:168 - [36mBest value updated![0m
2023-04-29 00:19:41.401 | INFO     | utils.checkpoint:save_checkpoint:83 - [36mSaved checkpoint[0m at step 2000.
2023-04-29 00:19:41.404 | INFO     | utils.checkpoint:keep_max_num_saved_models:101 - Removed the oldest model for max_to_keep=1
2023-04-29 00:19:42.464 | INFO     | utils.logging:save_sdre_imgs:710 - Figures saved.
2023-04-29 00:19:42.787 | INFO     | utils.logging:log_training_results:280 - 
2023-04-29 00:19:42.789 | INFO     | utils.logging:log_training_results:281 - Global Step =   2000
2023-04-29 00:19:42.790 | INFO     | utils.logging:log_training_results:282 - train mean(MacRec)_t: 0.44051307439804077
2023-04-29 00:19:42.790 | INFO     | utils.logging:log_training_results:287 - train mean ABSerr: 3.297661781311035
2023-04-29 00:19:42.790 | INFO     | utils.logging:log_training_results:290 - train ausat from confmx: 0.4651806056499481
2023-04-29 00:19:42.791 | INFO     | utils.logging:log_training_results:301 - train MCE loss:1.10604 * 0.7000000000000001 * -0.54809
2023-04-29 00:19:42.791 | INFO     | utils.logging:log_training_results:309 - train LLLR :0.35292 * 1.0 * 0.90482
2023-04-29 00:19:42.792 | INFO     | utils.logging:log_training_results:317 - train weight decay:980.69189 * 0.0004 * 1.05286
2023-04-29 00:19:58.847 | INFO     | utils.logging:log_training_results:280 - 
2023-04-29 00:19:58.848 | INFO     | utils.logging:log_training_results:281 - Global Step =   2250
2023-04-29 00:19:58.849 | INFO     | utils.logging:log_training_results:282 - val mean(MacRec)_t: 0.4797167181968689
2023-04-29 00:19:58.849 | INFO     | utils.logging:log_training_results:287 - val mean ABSerr: 3.2800333499908447
2023-04-29 00:19:58.849 | INFO     | utils.logging:log_training_results:290 - val ausat from confmx: 0.5680751204490662
2023-04-29 00:19:58.850 | INFO     | utils.logging:log_training_results:301 - val MCE loss:1.10100 * 0.7000000000000001 * -0.55080
2023-04-29 00:19:58.850 | INFO     | utils.logging:log_training_results:309 - val LLLR :0.34698 * 1.0 * 0.90205
2023-04-29 00:19:58.851 | INFO     | utils.logging:log_training_results:317 - val weight decay:974.57416 * 0.0004 * 1.05010
2023-04-29 00:19:58.901 | INFO     | utils.checkpoint:update_and_save_result:168 - [36mBest value updated![0m
2023-04-29 00:19:58.911 | INFO     | utils.checkpoint:save_checkpoint:83 - [36mSaved checkpoint[0m at step 2250.
2023-04-29 00:19:58.914 | INFO     | utils.checkpoint:keep_max_num_saved_models:101 - Removed the oldest model for max_to_keep=1
2023-04-29 00:19:59.796 | INFO     | utils.logging:save_sdre_imgs:710 - Figures saved.
2023-04-29 00:20:00.100 | INFO     | utils.logging:log_training_results:280 - 
2023-04-29 00:20:00.101 | INFO     | utils.logging:log_training_results:281 - Global Step =   2250
2023-04-29 00:20:00.101 | INFO     | utils.logging:log_training_results:282 - train mean(MacRec)_t: 0.45086875557899475
2023-04-29 00:20:00.102 | INFO     | utils.logging:log_training_results:287 - train mean ABSerr: 3.3145902156829834
2023-04-29 00:20:00.102 | INFO     | utils.logging:log_training_results:290 - train ausat from confmx: 0.5840440392494202
2023-04-29 00:20:00.103 | INFO     | utils.logging:log_training_results:301 - train MCE loss:1.10537 * 0.7000000000000001 * -0.55081
2023-04-29 00:20:00.103 | INFO     | utils.logging:log_training_results:309 - train LLLR :0.35031 * 1.0 * 0.90204
2023-04-29 00:20:00.103 | INFO     | utils.logging:log_training_results:317 - train weight decay:974.57416 * 0.0004 * 1.05009
2023-04-29 00:20:08.581 | INFO     | __main__:objective:356 - Starting epoch #6.
2023-04-29 00:20:15.425 | INFO     | utils.logging:log_training_results:280 - 
2023-04-29 00:20:15.425 | INFO     | utils.logging:log_training_results:281 - Global Step =   2500
2023-04-29 00:20:15.426 | INFO     | utils.logging:log_training_results:282 - val mean(MacRec)_t: 0.500956654548645
2023-04-29 00:20:15.426 | INFO     | utils.logging:log_training_results:287 - val mean ABSerr: 3.234307050704956
2023-04-29 00:20:15.427 | INFO     | utils.logging:log_training_results:290 - val ausat from confmx: 0.5967984199523926
2023-04-29 00:20:15.427 | INFO     | utils.logging:log_training_results:301 - val MCE loss:1.10053 * 0.7000000000000001 * -0.55351
2023-04-29 00:20:15.428 | INFO     | utils.logging:log_training_results:309 - val LLLR :0.34236 * 1.0 * 0.89928
2023-04-29 00:20:15.428 | INFO     | utils.logging:log_training_results:317 - val weight decay:968.48584 * 0.0004 * 1.04733
2023-04-29 00:20:15.475 | INFO     | utils.checkpoint:update_and_save_result:168 - [36mBest value updated![0m
2023-04-29 00:20:15.484 | INFO     | utils.checkpoint:save_checkpoint:83 - [36mSaved checkpoint[0m at step 2500.
2023-04-29 00:20:15.487 | INFO     | utils.checkpoint:keep_max_num_saved_models:101 - Removed the oldest model for max_to_keep=1
2023-04-29 00:20:16.272 | INFO     | utils.logging:save_sdre_imgs:710 - Figures saved.
2023-04-29 00:20:16.584 | INFO     | utils.logging:log_training_results:280 - 
2023-04-29 00:20:16.584 | INFO     | utils.logging:log_training_results:281 - Global Step =   2500
2023-04-29 00:20:16.585 | INFO     | utils.logging:log_training_results:282 - train mean(MacRec)_t: 0.46573203802108765
2023-04-29 00:20:16.585 | INFO     | utils.logging:log_training_results:287 - train mean ABSerr: 3.2474913597106934
2023-04-29 00:20:16.585 | INFO     | utils.logging:log_training_results:290 - train ausat from confmx: 0.5703081488609314
2023-04-29 00:20:16.586 | INFO     | utils.logging:log_training_results:301 - train MCE loss:1.10491 * 0.7000000000000001 * -0.55352
2023-04-29 00:20:16.586 | INFO     | utils.logging:log_training_results:309 - train LLLR :0.34891 * 1.0 * 0.89926
2023-04-29 00:20:16.587 | INFO     | utils.logging:log_training_results:317 - train weight decay:968.48584 * 0.0004 * 1.04732
2023-04-29 00:20:31.347 | INFO     | utils.logging:log_training_results:280 - 
2023-04-29 00:20:31.348 | INFO     | utils.logging:log_training_results:281 - Global Step =   2750
2023-04-29 00:20:31.348 | INFO     | utils.logging:log_training_results:282 - val mean(MacRec)_t: 0.5214566588401794
2023-04-29 00:20:31.349 | INFO     | utils.logging:log_training_results:287 - val mean ABSerr: 3.1854071617126465
2023-04-29 00:20:31.349 | INFO     | utils.logging:log_training_results:290 - val ausat from confmx: 0.6290087103843689
2023-04-29 00:20:31.349 | INFO     | utils.logging:log_training_results:301 - val MCE loss:1.10006 * 0.7000000000000001 * -0.55622
2023-04-29 00:20:31.350 | INFO     | utils.logging:log_training_results:309 - val LLLR :0.33773 * 1.0 * 0.89650
2023-04-29 00:20:31.350 | INFO     | utils.logging:log_training_results:317 - val weight decay:962.46954 * 0.0004 * 1.04456
2023-04-29 00:20:31.403 | INFO     | utils.checkpoint:update_and_save_result:168 - [36mBest value updated![0m
2023-04-29 00:20:31.414 | INFO     | utils.checkpoint:save_checkpoint:83 - [36mSaved checkpoint[0m at step 2750.
2023-04-29 00:20:31.417 | INFO     | utils.checkpoint:keep_max_num_saved_models:101 - Removed the oldest model for max_to_keep=1
2023-04-29 00:20:32.271 | INFO     | utils.logging:save_sdre_imgs:710 - Figures saved.
2023-04-29 00:20:32.587 | INFO     | utils.logging:log_training_results:280 - 
2023-04-29 00:20:32.588 | INFO     | utils.logging:log_training_results:281 - Global Step =   2750
2023-04-29 00:20:32.588 | INFO     | utils.logging:log_training_results:282 - train mean(MacRec)_t: 0.541678786277771
2023-04-29 00:20:32.588 | INFO     | utils.logging:log_training_results:287 - train mean ABSerr: 3.144355535507202
2023-04-29 00:20:32.589 | INFO     | utils.logging:log_training_results:290 - train ausat from confmx: 0.6784464120864868
2023-04-29 00:20:32.589 | INFO     | utils.logging:log_training_results:301 - train MCE loss:1.10633 * 0.7000000000000001 * -0.55623
2023-04-29 00:20:32.589 | INFO     | utils.logging:log_training_results:309 - train LLLR :0.33589 * 1.0 * 0.89649
2023-04-29 00:20:32.590 | INFO     | utils.logging:log_training_results:317 - train weight decay:962.46954 * 0.0004 * 1.04454
2023-04-29 00:20:35.238 | INFO     | __main__:objective:356 - Starting epoch #7.
2023-04-29 00:20:47.209 | INFO     | utils.logging:log_training_results:280 - 
2023-04-29 00:20:47.210 | INFO     | utils.logging:log_training_results:281 - Global Step =   3000
2023-04-29 00:20:47.210 | INFO     | utils.logging:log_training_results:282 - val mean(MacRec)_t: 0.541920006275177
2023-04-29 00:20:47.211 | INFO     | utils.logging:log_training_results:287 - val mean ABSerr: 3.133274793624878
2023-04-29 00:20:47.211 | INFO     | utils.logging:log_training_results:290 - val ausat from confmx: 0.6610333919525146
2023-04-29 00:20:47.212 | INFO     | utils.logging:log_training_results:301 - val MCE loss:1.09959 * 0.7000000000000001 * -0.55893
2023-04-29 00:20:47.213 | INFO     | utils.logging:log_training_results:309 - val LLLR :0.33319 * 1.0 * 0.89372
2023-04-29 00:20:47.214 | INFO     | utils.logging:log_training_results:317 - val weight decay:956.50000 * 0.0004 * 1.04178
2023-04-29 00:20:47.269 | INFO     | utils.checkpoint:update_and_save_result:168 - [36mBest value updated![0m
2023-04-29 00:20:47.277 | INFO     | utils.checkpoint:save_checkpoint:83 - [36mSaved checkpoint[0m at step 3000.
2023-04-29 00:20:47.280 | INFO     | utils.checkpoint:keep_max_num_saved_models:101 - Removed the oldest model for max_to_keep=1
2023-04-29 00:20:48.141 | INFO     | utils.logging:save_sdre_imgs:710 - Figures saved.
2023-04-29 00:20:48.480 | INFO     | utils.logging:log_training_results:280 - 
2023-04-29 00:20:48.480 | INFO     | utils.logging:log_training_results:281 - Global Step =   3000
2023-04-29 00:20:48.480 | INFO     | utils.logging:log_training_results:282 - train mean(MacRec)_t: 0.5458206534385681
2023-04-29 00:20:48.481 | INFO     | utils.logging:log_training_results:287 - train mean ABSerr: 3.2537126541137695
2023-04-29 00:20:48.481 | INFO     | utils.logging:log_training_results:290 - train ausat from confmx: 0.643816351890564
2023-04-29 00:20:48.482 | INFO     | utils.logging:log_training_results:301 - train MCE loss:1.09727 * 0.7000000000000001 * -0.55894
2023-04-29 00:20:48.482 | INFO     | utils.logging:log_training_results:309 - train LLLR :0.33174 * 1.0 * 0.89371
2023-04-29 00:20:48.482 | INFO     | utils.logging:log_training_results:317 - train weight decay:956.50000 * 0.0004 * 1.04177
2023-04-29 00:20:59.394 | INFO     | __main__:objective:356 - Starting epoch #8.
2023-04-29 00:21:03.382 | INFO     | utils.logging:log_training_results:280 - 
2023-04-29 00:21:03.383 | INFO     | utils.logging:log_training_results:281 - Global Step =   3250
2023-04-29 00:21:03.383 | INFO     | utils.logging:log_training_results:282 - val mean(MacRec)_t: 0.5600666999816895
2023-04-29 00:21:03.384 | INFO     | utils.logging:log_training_results:287 - val mean ABSerr: 3.079786777496338
2023-04-29 00:21:03.384 | INFO     | utils.logging:log_training_results:290 - val ausat from confmx: 0.6887524724006653
2023-04-29 00:21:03.385 | INFO     | utils.logging:log_training_results:301 - val MCE loss:1.09915 * 0.7000000000000001 * -0.56164
2023-04-29 00:21:03.386 | INFO     | utils.logging:log_training_results:309 - val LLLR :0.32888 * 1.0 * 0.89094
2023-04-29 00:21:03.386 | INFO     | utils.logging:log_training_results:317 - val weight decay:950.56036 * 0.0004 * 1.03901
2023-04-29 00:21:03.437 | INFO     | utils.checkpoint:update_and_save_result:168 - [36mBest value updated![0m
2023-04-29 00:21:03.446 | INFO     | utils.checkpoint:save_checkpoint:83 - [36mSaved checkpoint[0m at step 3250.
2023-04-29 00:21:03.448 | INFO     | utils.checkpoint:keep_max_num_saved_models:101 - Removed the oldest model for max_to_keep=1
2023-04-29 00:21:04.303 | INFO     | utils.logging:save_sdre_imgs:710 - Figures saved.
2023-04-29 00:21:04.620 | INFO     | utils.logging:log_training_results:280 - 
2023-04-29 00:21:04.621 | INFO     | utils.logging:log_training_results:281 - Global Step =   3250
2023-04-29 00:21:04.622 | INFO     | utils.logging:log_training_results:282 - train mean(MacRec)_t: 0.564031183719635
2023-04-29 00:21:04.622 | INFO     | utils.logging:log_training_results:287 - train mean ABSerr: 2.980400800704956
2023-04-29 00:21:04.622 | INFO     | utils.logging:log_training_results:290 - train ausat from confmx: 0.7019834518432617
2023-04-29 00:21:04.623 | INFO     | utils.logging:log_training_results:301 - train MCE loss:1.10213 * 0.7000000000000001 * -0.56165
2023-04-29 00:21:04.625 | INFO     | utils.logging:log_training_results:309 - train LLLR :0.32720 * 1.0 * 0.89093
2023-04-29 00:21:04.626 | INFO     | utils.logging:log_training_results:317 - train weight decay:950.56042 * 0.0004 * 1.03900
2023-04-29 00:21:19.431 | INFO     | utils.logging:log_training_results:280 - 
2023-04-29 00:21:19.432 | INFO     | utils.logging:log_training_results:281 - Global Step =   3500
2023-04-29 00:21:19.432 | INFO     | utils.logging:log_training_results:282 - val mean(MacRec)_t: 0.5777866840362549
2023-04-29 00:21:19.433 | INFO     | utils.logging:log_training_results:287 - val mean ABSerr: 3.026172161102295
2023-04-29 00:21:19.433 | INFO     | utils.logging:log_training_results:290 - val ausat from confmx: 0.7122861742973328
2023-04-29 00:21:19.434 | INFO     | utils.logging:log_training_results:301 - val MCE loss:1.09868 * 0.7000000000000001 * -0.56435
2023-04-29 00:21:19.434 | INFO     | utils.logging:log_training_results:309 - val LLLR :0.32461 * 1.0 * 0.88816
2023-04-29 00:21:19.435 | INFO     | utils.logging:log_training_results:317 - val weight decay:944.71790 * 0.0004 * 1.03624
2023-04-29 00:21:19.483 | INFO     | utils.checkpoint:update_and_save_result:168 - [36mBest value updated![0m
2023-04-29 00:21:19.491 | INFO     | utils.checkpoint:save_checkpoint:83 - [36mSaved checkpoint[0m at step 3500.
2023-04-29 00:21:19.495 | INFO     | utils.checkpoint:keep_max_num_saved_models:101 - Removed the oldest model for max_to_keep=1
2023-04-29 00:21:20.377 | INFO     | utils.logging:save_sdre_imgs:710 - Figures saved.
2023-04-29 00:21:20.692 | INFO     | utils.logging:log_training_results:280 - 
2023-04-29 00:21:20.693 | INFO     | utils.logging:log_training_results:281 - Global Step =   3500
2023-04-29 00:21:20.693 | INFO     | utils.logging:log_training_results:282 - train mean(MacRec)_t: 0.5908850431442261
2023-04-29 00:21:20.694 | INFO     | utils.logging:log_training_results:287 - train mean ABSerr: 3.0043764114379883
2023-04-29 00:21:20.694 | INFO     | utils.logging:log_training_results:290 - train ausat from confmx: 0.7619582414627075
2023-04-29 00:21:20.694 | INFO     | utils.logging:log_training_results:301 - train MCE loss:1.10078 * 0.7000000000000001 * -0.56436
2023-04-29 00:21:20.695 | INFO     | utils.logging:log_training_results:309 - train LLLR :0.32210 * 1.0 * 0.88815
2023-04-29 00:21:20.695 | INFO     | utils.logging:log_training_results:317 - train weight decay:944.71783 * 0.0004 * 1.03623
2023-04-29 00:21:26.020 | INFO     | __main__:objective:356 - Starting epoch #9.
2023-04-29 00:21:35.424 | INFO     | utils.logging:log_training_results:280 - 
2023-04-29 00:21:35.425 | INFO     | utils.logging:log_training_results:281 - Global Step =   3750
2023-04-29 00:21:35.425 | INFO     | utils.logging:log_training_results:282 - val mean(MacRec)_t: 0.5942233204841614
2023-04-29 00:21:35.426 | INFO     | utils.logging:log_training_results:287 - val mean ABSerr: 2.9702980518341064
2023-04-29 00:21:35.426 | INFO     | utils.logging:log_training_results:290 - val ausat from confmx: 0.7354604601860046
2023-04-29 00:21:35.427 | INFO     | utils.logging:log_training_results:301 - val MCE loss:1.09819 * 0.7000000000000001 * -0.56705
2023-04-29 00:21:35.427 | INFO     | utils.logging:log_training_results:309 - val LLLR :0.32064 * 1.0 * 0.88538
2023-04-29 00:21:35.428 | INFO     | utils.logging:log_training_results:317 - val weight decay:938.94550 * 0.0004 * 1.03347
2023-04-29 00:21:35.478 | INFO     | utils.checkpoint:update_and_save_result:168 - [36mBest value updated![0m
2023-04-29 00:21:35.486 | INFO     | utils.checkpoint:save_checkpoint:83 - [36mSaved checkpoint[0m at step 3750.
2023-04-29 00:21:35.490 | INFO     | utils.checkpoint:keep_max_num_saved_models:101 - Removed the oldest model for max_to_keep=1
2023-04-29 00:21:36.510 | INFO     | utils.logging:save_sdre_imgs:710 - Figures saved.
2023-04-29 00:21:36.843 | INFO     | utils.logging:log_training_results:280 - 
2023-04-29 00:21:36.844 | INFO     | utils.logging:log_training_results:281 - Global Step =   3750
2023-04-29 00:21:36.844 | INFO     | utils.logging:log_training_results:282 - train mean(MacRec)_t: 0.632487416267395
2023-04-29 00:21:36.845 | INFO     | utils.logging:log_training_results:287 - train mean ABSerr: 2.939699411392212
2023-04-29 00:21:36.845 | INFO     | utils.logging:log_training_results:290 - train ausat from confmx: 0.7763193845748901
2023-04-29 00:21:36.846 | INFO     | utils.logging:log_training_results:301 - train MCE loss:1.09667 * 0.7000000000000001 * -0.56706
2023-04-29 00:21:36.847 | INFO     | utils.logging:log_training_results:309 - train LLLR :0.31342 * 1.0 * 0.88537
2023-04-29 00:21:36.847 | INFO     | utils.logging:log_training_results:317 - train weight decay:938.94556 * 0.0004 * 1.03346
2023-04-29 00:21:50.809 | INFO     | utils.logging:investigate_log:155 - num_warning=0/num_error=0 in the .log file.
2023-04-29 00:21:50.989 | INFO     | optuna.study.study:_log_completed_trial:1020 - Trial 7 finished with value: 2.9702980518341064 and parameters: {'LIST_IS_POSITIONAL_ENCODING': True, 'LIST_IS_TRAINABLE_ENCODING': True, 'LIST_MODEL_BACKBONE': 'LSTM', 'LIST_WEIGHT_DECAY': 0.0004, 'LIST_LEARNING_RATE': 1.1093147258550969e-05, 'LIST_LLLR_VERSION': 'LLLR', 'LIST_ACTIVATION_FC': 'gelu', 'LIST_PARAM_MULTIPLET_LOSS': 0.7000000000000001, 'LIST_PARAM_LLR_LOSS': 1.0, 'LIST_IS_ADAPTIVE_LOSS': True, 'LIST_ORDER_SPRT': 5, 'LIST_OPTIMIZER': 'rmsprop', 'LIST_IS_NORMALIZE': False, 'LIST_NUM_THRESH': 500, 'LIST_SPARSITY': 'lograndom', 'LIST_ACTIVATION_OUTPUT': 'B2Bsqrt', 'LIST_ACTIVATION_INPUT': 'tanh', 'LIST_WIDTH_LSTM': 26}. Best is trial 3 with value: 0.37441566586494446.
2023-04-29 00:21:51.006 | INFO     | utils.hyperparameter_tuning:suggest_parameters:560 - [33mStarting a tuning phase.[0m
2023-04-29 00:21:51.878 | INFO     | utils.hyperparameter_tuning:print:394 - 
+------------------------------------------+
|   Hyperparameteres suggested by Optuna   |
+------------------------+-----------------+
|     Parameter name     | Suggested value |
+------------------------+-----------------+
|     ACTIVATION_FC      |       gelu      |
|        DROPOUT         |       0.0       |
|         FF_DIM         |        32       |
|    IS_ADAPTIVE_LOSS    |      False      |
|      IS_NORMALIZE      |       True      |
| IS_POSITIONAL_ENCODING |      False      |
|     LEARNING_RATE      |    0.00012578   |
|      LLLR_VERSION      |       LSEL      |
|       MLP_UNITS        |        64       |
|     MODEL_BACKBONE     |   Transformer   |
|       NUM_BLOCKS       |        1        |
|       NUM_HEADS        |        4        |
|       NUM_THRESH       |       1500      |
|       OPTIMIZER        |     rmsprop     |
|       ORDER_SPRT       |        0        |
|     PARAM_LLR_LOSS     |       0.3       |
|  PARAM_MULTIPLET_LOSS  |       1.0       |
|        SPARSITY        |    lograndom    |
|      WEIGHT_DECAY      |      0.0006     |
+------------------------+-----------------+
2023-04-29 00:21:51.880 | INFO     | utils.misc:create_directories_and_log:291 - [33mA new log directory was created: [0m/home/afe/Dropbox/GitHub/SPRT-TANDEM-PyTorch/logs/public_offset0_5_optimmabs_tuning/checkpoints/Transformer_20230429_002151879/configs
2023-04-29 00:21:51.881 | INFO     | utils.misc:create_directories_and_log:291 - [33mA new log directory was created: [0m/home/afe/Dropbox/GitHub/SPRT-TANDEM-PyTorch/logs/public_offset0_5_optimmabs_tuning/TensorBoard_events/Transformer_20230429_002151879
