2023-04-29 02:36:01.580 | INFO     | utils.misc:fix_random_seed:405 - Random seed is not fixed.
2023-04-29 02:36:01.593 | INFO     | models.temporal_integrators:summarize:568 - 
:'######::'########::'########::'########::::::::::::::::::::::
'##... ##: ##.... ##: ##.... ##:... ##..:::::::::::::::::::::::
 ##:::..:: ##:::: ##: ##:::: ##:::: ##:::::::::::::::::::::::::
. ######:: ########:: ########::::: ##::::'#######:::::::::::::
:..... ##: ##.....::: ##.. ##:::::: ##::::........:::::::::::::
'##::: ##: ##:::::::: ##::. ##::::: ##:::::::::::::::::::::::::
. ######:: ##:::::::: ##:::. ##:::: ##:::::::::::::::::::::::::
:......:::..:::::::::..:::::..:::::..::::::::::::::::::::::::::
'########::::'###::::'##::: ##:'########::'########:'##::::'##:
... ##..::::'## ##::: ###:: ##: ##.... ##: ##.....:: ###::'###:
::: ##:::::'##:. ##:: ####: ##: ##:::: ##: ##::::::: ####'####:
::: ##::::'##:::. ##: ## ## ##: ##:::: ##: ######::: ## ### ##:
::: ##:::: #########: ##. ####: ##:::: ##: ##...:::: ##. #: ##:
::: ##:::: ##.... ##: ##:. ###: ##:::: ##: ##::::::: ##:.:: ##:
::: ##:::: ##:::: ##: ##::. ##: ########:: ########: ##:::: ##:
:::..:::::..:::::..::..::::..::........:::........::..:::::..::

2023-04-29 02:36:01.595 | INFO     | models.temporal_integrators:summarize:571 - [34mofficial PyTorch implementation.[0m
2023-04-29 02:36:02.105 | INFO     | models.temporal_integrators:summarize:593 - Network summary:
==========================================================================================
Layer (type:depth-idx)                   Output Shape              Param #
==========================================================================================
B2BsqrtTANDEM                            [150, 50, 3, 3]           256
├─LSTM: 1-1                              [7350, 2, 42]             28,728
│    └─Tanh: 2-1                         [7350, 42]                --
│    └─Tanh: 2-2                         [7350, 42]                --
│    └─Tanh: 2-3                         [7350, 42]                --
│    └─Tanh: 2-4                         [7350, 42]                --
│    └─Tanh: 2-5                         [7350, 42]                --
│    └─Tanh: 2-6                         [7350, 42]                --
├─GELU: 1-2                              [7350, 42]                --
├─Linear: 1-3                            [7350, 3]                 129
├─GELU: 1-4                              [7350, 42]                --
├─Linear: 1-5                            [7350, 3]                 (recursive)
==========================================================================================
Total params: 29,113
Trainable params: 29,113
Non-trainable params: 0
Total mult-adds (M): 1.90
==========================================================================================
Input size (MB): 3.84
Forward/backward pass size (MB): 0.35
Params size (MB): 0.00
Estimated Total Size (MB): 4.19
==========================================================================================
2023-04-29 02:36:02.106 | INFO     | models.temporal_integrators:summarize:594 - Example input shape: torch.Size([150, 50, 128])
2023-04-29 02:36:02.107 | INFO     | models.temporal_integrators:summarize:595 - Example output shape: torch.Size([150, 50, 3, 3])
2023-04-29 02:36:02.108 | INFO     | models.temporal_integrators:import_model:58 - model moved onto: [33mcuda.[0m
2023-04-29 02:36:02.109 | INFO     | models.optimizers:initialize_optimizer:44 - Optimizer:
RMSprop (
Parameter Group 0
    alpha: 0.99
    centered: False
    differentiable: False
    eps: 1e-08
    foreach: None
    lr: 4.464845429786446e-05
    maximize: False
    momentum: 0
    weight_decay: 0.0009000000000000001
)
2023-04-29 02:36:02.109 | INFO     | datasets.data_processing:lmdb_dataloaders:293 - loading data... 
2023-04-29 02:36:02.110 | INFO     | datasets.data_processing:lmdb_dataloaders:295 - If this process takes long, consider setting is_load_onto_memory=False or use LMDBIterableDataset.
2023-04-29 02:36:04.642 | INFO     | __main__:objective:356 - Starting epoch #0.
2023-04-29 02:36:15.544 | INFO     | utils.logging:log_training_results:280 - 
2023-04-29 02:36:15.545 | INFO     | utils.logging:log_training_results:281 - Global Step =      0
2023-04-29 02:36:15.545 | INFO     | utils.logging:log_training_results:282 - val mean(MacRec)_t: 0.3136233389377594
2023-04-29 02:36:15.545 | INFO     | utils.logging:log_training_results:287 - val mean ABSerr: 3.8893539905548096
2023-04-29 02:36:15.546 | INFO     | utils.logging:log_training_results:290 - val ausat from confmx: 0.3013289272785187
2023-04-29 02:36:15.546 | INFO     | utils.logging:log_training_results:326 - val MCE loss:1.11128 * 0.5
2023-04-29 02:36:15.546 | INFO     | utils.logging:log_training_results:333 - val LLLR :0.37799 * 0.30000000000000004
2023-04-29 02:36:15.547 | INFO     | utils.logging:log_training_results:340 - val weight decay:657.68622 * 0.0009000000000000001
2023-04-29 02:36:16.499 | INFO     | utils.logging:save_sdre_imgs:710 - Figures saved.
2023-04-29 02:36:17.017 | INFO     | utils.logging:log_training_results:280 - 
2023-04-29 02:36:17.018 | INFO     | utils.logging:log_training_results:281 - Global Step =      0
2023-04-29 02:36:17.018 | INFO     | utils.logging:log_training_results:282 - train mean(MacRec)_t: 0.2944100499153137
2023-04-29 02:36:17.019 | INFO     | utils.logging:log_training_results:287 - train mean ABSerr: 3.843867540359497
2023-04-29 02:36:17.019 | INFO     | utils.logging:log_training_results:290 - train ausat from confmx: 0.3041016161441803
2023-04-29 02:36:17.019 | INFO     | utils.logging:log_training_results:326 - train MCE loss:1.10700 * 0.5
2023-04-29 02:36:17.020 | INFO     | utils.logging:log_training_results:333 - train LLLR :0.37553 * 0.30000000000000004
2023-04-29 02:36:17.020 | INFO     | utils.logging:log_training_results:340 - train weight decay:657.68622 * 0.0009000000000000001
2023-04-29 02:37:35.862 | INFO     | utils.logging:log_training_results:280 - 
2023-04-29 02:37:35.863 | INFO     | utils.logging:log_training_results:281 - Global Step =    250
2023-04-29 02:37:35.863 | INFO     | utils.logging:log_training_results:282 - val mean(MacRec)_t: 0.5515000224113464
2023-04-29 02:37:35.863 | INFO     | utils.logging:log_training_results:287 - val mean ABSerr: 3.0808684825897217
2023-04-29 02:37:35.864 | INFO     | utils.logging:log_training_results:290 - val ausat from confmx: 0.6593024134635925
2023-04-29 02:37:35.864 | INFO     | utils.logging:log_training_results:326 - val MCE loss:1.09846 * 0.5
2023-04-29 02:37:35.865 | INFO     | utils.logging:log_training_results:333 - val LLLR :0.32904 * 0.30000000000000004
2023-04-29 02:37:35.865 | INFO     | utils.logging:log_training_results:340 - val weight decay:578.65948 * 0.0009000000000000001
2023-04-29 02:37:36.000 | INFO     | utils.checkpoint:update_and_save_result:168 - [36mBest value updated![0m
2023-04-29 02:37:36.007 | INFO     | utils.checkpoint:save_checkpoint:83 - [36mSaved checkpoint[0m at step 250.
2023-04-29 02:37:36.794 | INFO     | utils.logging:save_sdre_imgs:710 - Figures saved.
2023-04-29 02:37:37.329 | INFO     | utils.logging:log_training_results:280 - 
2023-04-29 02:37:37.329 | INFO     | utils.logging:log_training_results:281 - Global Step =    250
2023-04-29 02:37:37.330 | INFO     | utils.logging:log_training_results:282 - train mean(MacRec)_t: 0.5307797193527222
2023-04-29 02:37:37.330 | INFO     | utils.logging:log_training_results:287 - train mean ABSerr: 3.0501179695129395
2023-04-29 02:37:37.330 | INFO     | utils.logging:log_training_results:290 - train ausat from confmx: 0.5906885266304016
2023-04-29 02:37:37.331 | INFO     | utils.logging:log_training_results:326 - train MCE loss:1.09660 * 0.5
2023-04-29 02:37:37.331 | INFO     | utils.logging:log_training_results:333 - train LLLR :0.33108 * 0.30000000000000004
2023-04-29 02:37:37.331 | INFO     | utils.logging:log_training_results:340 - train weight decay:578.65948 * 0.0009000000000000001
2023-04-29 02:38:17.323 | INFO     | __main__:objective:356 - Starting epoch #1.
2023-04-29 02:38:55.130 | INFO     | utils.logging:log_training_results:280 - 
2023-04-29 02:38:55.131 | INFO     | utils.logging:log_training_results:281 - Global Step =    500
2023-04-29 02:38:55.131 | INFO     | utils.logging:log_training_results:282 - val mean(MacRec)_t: 0.6605833172798157
2023-04-29 02:38:55.131 | INFO     | utils.logging:log_training_results:287 - val mean ABSerr: 2.7692830562591553
2023-04-29 02:38:55.132 | INFO     | utils.logging:log_training_results:290 - val ausat from confmx: 0.8038188219070435
2023-04-29 02:38:55.132 | INFO     | utils.logging:log_training_results:326 - val MCE loss:1.09249 * 0.5
2023-04-29 02:38:55.132 | INFO     | utils.logging:log_training_results:333 - val LLLR :0.30572 * 0.30000000000000004
2023-04-29 02:38:55.133 | INFO     | utils.logging:log_training_results:340 - val weight decay:530.99292 * 0.0009000000000000001
2023-04-29 02:38:55.268 | INFO     | utils.checkpoint:update_and_save_result:168 - [36mBest value updated![0m
2023-04-29 02:38:55.277 | INFO     | utils.checkpoint:save_checkpoint:83 - [36mSaved checkpoint[0m at step 500.
2023-04-29 02:38:55.281 | INFO     | utils.checkpoint:keep_max_num_saved_models:101 - Removed the oldest model for max_to_keep=1
2023-04-29 02:38:56.079 | INFO     | utils.logging:save_sdre_imgs:710 - Figures saved.
2023-04-29 02:38:56.607 | INFO     | utils.logging:log_training_results:280 - 
2023-04-29 02:38:56.608 | INFO     | utils.logging:log_training_results:281 - Global Step =    500
2023-04-29 02:38:56.608 | INFO     | utils.logging:log_training_results:282 - train mean(MacRec)_t: 0.6464956998825073
2023-04-29 02:38:56.609 | INFO     | utils.logging:log_training_results:287 - train mean ABSerr: 2.8337526321411133
2023-04-29 02:38:56.609 | INFO     | utils.logging:log_training_results:290 - train ausat from confmx: 0.8260282874107361
2023-04-29 02:38:56.609 | INFO     | utils.logging:log_training_results:326 - train MCE loss:1.09416 * 0.5
2023-04-29 02:38:56.610 | INFO     | utils.logging:log_training_results:333 - train LLLR :0.30642 * 0.30000000000000004
2023-04-29 02:38:56.610 | INFO     | utils.logging:log_training_results:340 - train weight decay:530.99292 * 0.0009000000000000001
2023-04-29 02:40:14.778 | INFO     | utils.logging:log_training_results:280 - 
2023-04-29 02:40:14.779 | INFO     | utils.logging:log_training_results:281 - Global Step =    750
2023-04-29 02:40:14.780 | INFO     | utils.logging:log_training_results:282 - val mean(MacRec)_t: 0.7222233414649963
2023-04-29 02:40:14.780 | INFO     | utils.logging:log_training_results:287 - val mean ABSerr: 2.4957423210144043
2023-04-29 02:40:14.780 | INFO     | utils.logging:log_training_results:290 - val ausat from confmx: 0.8700339794158936
2023-04-29 02:40:14.781 | INFO     | utils.logging:log_training_results:326 - val MCE loss:1.08635 * 0.5
2023-04-29 02:40:14.781 | INFO     | utils.logging:log_training_results:333 - val LLLR :0.29058 * 0.30000000000000004
2023-04-29 02:40:14.782 | INFO     | utils.logging:log_training_results:340 - val weight decay:487.56534 * 0.0009000000000000001
2023-04-29 02:40:14.914 | INFO     | utils.checkpoint:update_and_save_result:168 - [36mBest value updated![0m
2023-04-29 02:40:14.925 | INFO     | utils.checkpoint:save_checkpoint:83 - [36mSaved checkpoint[0m at step 750.
2023-04-29 02:40:14.928 | INFO     | utils.checkpoint:keep_max_num_saved_models:101 - Removed the oldest model for max_to_keep=1
2023-04-29 02:40:15.702 | INFO     | utils.logging:save_sdre_imgs:710 - Figures saved.
2023-04-29 02:40:16.219 | INFO     | utils.logging:log_training_results:280 - 
2023-04-29 02:40:16.219 | INFO     | utils.logging:log_training_results:281 - Global Step =    750
2023-04-29 02:40:16.220 | INFO     | utils.logging:log_training_results:282 - train mean(MacRec)_t: 0.7115011215209961
2023-04-29 02:40:16.220 | INFO     | utils.logging:log_training_results:287 - train mean ABSerr: 2.602752923965454
2023-04-29 02:40:16.220 | INFO     | utils.logging:log_training_results:290 - train ausat from confmx: 0.8445000648498535
2023-04-29 02:40:16.221 | INFO     | utils.logging:log_training_results:326 - train MCE loss:1.08751 * 0.5
2023-04-29 02:40:16.221 | INFO     | utils.logging:log_training_results:333 - train LLLR :0.29341 * 0.30000000000000004
2023-04-29 02:40:16.221 | INFO     | utils.logging:log_training_results:340 - train weight decay:487.56531 * 0.0009000000000000001
2023-04-29 02:40:29.570 | INFO     | __main__:objective:356 - Starting epoch #2.
2023-04-29 02:41:34.738 | INFO     | utils.logging:log_training_results:280 - 
2023-04-29 02:41:34.739 | INFO     | utils.logging:log_training_results:281 - Global Step =   1000
2023-04-29 02:41:34.739 | INFO     | utils.logging:log_training_results:282 - val mean(MacRec)_t: 0.7656833529472351
2023-04-29 02:41:34.740 | INFO     | utils.logging:log_training_results:287 - val mean ABSerr: 2.245753288269043
2023-04-29 02:41:34.740 | INFO     | utils.logging:log_training_results:290 - val ausat from confmx: 0.910638153553009
2023-04-29 02:41:34.740 | INFO     | utils.logging:log_training_results:326 - val MCE loss:1.07921 * 0.5
2023-04-29 02:41:34.741 | INFO     | utils.logging:log_training_results:333 - val LLLR :0.27949 * 0.30000000000000004
2023-04-29 02:41:34.741 | INFO     | utils.logging:log_training_results:340 - val weight decay:447.79614 * 0.0009000000000000001
2023-04-29 02:41:34.877 | INFO     | utils.checkpoint:update_and_save_result:168 - [36mBest value updated![0m
2023-04-29 02:41:34.888 | INFO     | utils.checkpoint:save_checkpoint:83 - [36mSaved checkpoint[0m at step 1000.
2023-04-29 02:41:34.890 | INFO     | utils.checkpoint:keep_max_num_saved_models:101 - Removed the oldest model for max_to_keep=1
2023-04-29 02:41:35.663 | INFO     | utils.logging:save_sdre_imgs:710 - Figures saved.
2023-04-29 02:41:36.183 | INFO     | utils.logging:log_training_results:280 - 
2023-04-29 02:41:36.183 | INFO     | utils.logging:log_training_results:281 - Global Step =   1000
2023-04-29 02:41:36.184 | INFO     | utils.logging:log_training_results:282 - train mean(MacRec)_t: 0.7320530414581299
2023-04-29 02:41:36.184 | INFO     | utils.logging:log_training_results:287 - train mean ABSerr: 2.131451368331909
2023-04-29 02:41:36.184 | INFO     | utils.logging:log_training_results:290 - train ausat from confmx: 0.8794480562210083
2023-04-29 02:41:36.185 | INFO     | utils.logging:log_training_results:326 - train MCE loss:1.08079 * 0.5
2023-04-29 02:41:36.185 | INFO     | utils.logging:log_training_results:333 - train LLLR :0.28371 * 0.30000000000000004
2023-04-29 02:41:36.185 | INFO     | utils.logging:log_training_results:340 - train weight decay:447.79614 * 0.0009000000000000001
2023-04-29 02:42:31.188 | INFO     | __main__:objective:356 - Starting epoch #3.
2023-04-29 02:42:56.678 | INFO     | utils.logging:log_training_results:280 - 
2023-04-29 02:42:56.678 | INFO     | utils.logging:log_training_results:281 - Global Step =   1250
2023-04-29 02:42:56.679 | INFO     | utils.logging:log_training_results:282 - val mean(MacRec)_t: 0.7957766652107239
2023-04-29 02:42:56.679 | INFO     | utils.logging:log_training_results:287 - val mean ABSerr: 2.0030229091644287
2023-04-29 02:42:56.679 | INFO     | utils.logging:log_training_results:290 - val ausat from confmx: 0.9394180178642273
2023-04-29 02:42:56.680 | INFO     | utils.logging:log_training_results:326 - val MCE loss:1.07080 * 0.5
2023-04-29 02:42:56.680 | INFO     | utils.logging:log_training_results:333 - val LLLR :0.27126 * 0.30000000000000004
2023-04-29 02:42:56.681 | INFO     | utils.logging:log_training_results:340 - val weight decay:411.79971 * 0.0009000000000000001
2023-04-29 02:42:56.813 | INFO     | utils.checkpoint:update_and_save_result:168 - [36mBest value updated![0m
2023-04-29 02:42:56.821 | INFO     | utils.checkpoint:save_checkpoint:83 - [36mSaved checkpoint[0m at step 1250.
2023-04-29 02:42:56.825 | INFO     | utils.checkpoint:keep_max_num_saved_models:101 - Removed the oldest model for max_to_keep=1
2023-04-29 02:42:57.806 | INFO     | utils.logging:save_sdre_imgs:710 - Figures saved.
2023-04-29 02:42:58.329 | INFO     | utils.logging:log_training_results:280 - 
2023-04-29 02:42:58.329 | INFO     | utils.logging:log_training_results:281 - Global Step =   1250
2023-04-29 02:42:58.330 | INFO     | utils.logging:log_training_results:282 - train mean(MacRec)_t: 0.8166798949241638
2023-04-29 02:42:58.330 | INFO     | utils.logging:log_training_results:287 - train mean ABSerr: 2.053734064102173
2023-04-29 02:42:58.330 | INFO     | utils.logging:log_training_results:290 - train ausat from confmx: 0.957055389881134
2023-04-29 02:42:58.331 | INFO     | utils.logging:log_training_results:326 - train MCE loss:1.07111 * 0.5
2023-04-29 02:42:58.331 | INFO     | utils.logging:log_training_results:333 - train LLLR :0.26816 * 0.30000000000000004
2023-04-29 02:42:58.331 | INFO     | utils.logging:log_training_results:340 - train weight decay:411.79974 * 0.0009000000000000001
2023-04-29 02:44:18.464 | INFO     | utils.logging:log_training_results:280 - 
2023-04-29 02:44:18.465 | INFO     | utils.logging:log_training_results:281 - Global Step =   1500
2023-04-29 02:44:18.465 | INFO     | utils.logging:log_training_results:282 - val mean(MacRec)_t: 0.8139099478721619
2023-04-29 02:44:18.466 | INFO     | utils.logging:log_training_results:287 - val mean ABSerr: 1.799448847770691
2023-04-29 02:44:18.466 | INFO     | utils.logging:log_training_results:290 - val ausat from confmx: 0.948439359664917
2023-04-29 02:44:18.467 | INFO     | utils.logging:log_training_results:326 - val MCE loss:1.06090 * 0.5
2023-04-29 02:44:18.467 | INFO     | utils.logging:log_training_results:333 - val LLLR :0.26574 * 0.30000000000000004
2023-04-29 02:44:18.467 | INFO     | utils.logging:log_training_results:340 - val weight decay:379.55386 * 0.0009000000000000001
2023-04-29 02:44:18.626 | INFO     | utils.checkpoint:update_and_save_result:168 - [36mBest value updated![0m
2023-04-29 02:44:18.638 | INFO     | utils.checkpoint:save_checkpoint:83 - [36mSaved checkpoint[0m at step 1500.
2023-04-29 02:44:18.642 | INFO     | utils.checkpoint:keep_max_num_saved_models:101 - Removed the oldest model for max_to_keep=1
2023-04-29 02:44:19.453 | INFO     | utils.logging:save_sdre_imgs:710 - Figures saved.
2023-04-29 02:44:19.974 | INFO     | utils.logging:log_training_results:280 - 
2023-04-29 02:44:19.974 | INFO     | utils.logging:log_training_results:281 - Global Step =   1500
2023-04-29 02:44:19.974 | INFO     | utils.logging:log_training_results:282 - train mean(MacRec)_t: 0.8325240015983582
2023-04-29 02:44:19.975 | INFO     | utils.logging:log_training_results:287 - train mean ABSerr: 1.7080549001693726
2023-04-29 02:44:19.975 | INFO     | utils.logging:log_training_results:290 - train ausat from confmx: 0.961850106716156
2023-04-29 02:44:19.976 | INFO     | utils.logging:log_training_results:326 - train MCE loss:1.06235 * 0.5
2023-04-29 02:44:19.976 | INFO     | utils.logging:log_training_results:333 - train LLLR :0.26260 * 0.30000000000000004
2023-04-29 02:44:19.977 | INFO     | utils.logging:log_training_results:340 - train weight decay:379.55386 * 0.0009000000000000001
2023-04-29 02:44:47.596 | INFO     | __main__:objective:356 - Starting epoch #4.
2023-04-29 02:45:40.138 | INFO     | utils.logging:log_training_results:280 - 
2023-04-29 02:45:40.139 | INFO     | utils.logging:log_training_results:281 - Global Step =   1750
2023-04-29 02:45:40.139 | INFO     | utils.logging:log_training_results:282 - val mean(MacRec)_t: 0.8293067216873169
2023-04-29 02:45:40.140 | INFO     | utils.logging:log_training_results:287 - val mean ABSerr: 1.5814237594604492
2023-04-29 02:45:40.140 | INFO     | utils.logging:log_training_results:290 - val ausat from confmx: 0.9582915902137756
2023-04-29 02:45:40.141 | INFO     | utils.logging:log_training_results:326 - val MCE loss:1.05022 * 0.5
2023-04-29 02:45:40.141 | INFO     | utils.logging:log_training_results:333 - val LLLR :0.26106 * 0.30000000000000004
2023-04-29 02:45:40.141 | INFO     | utils.logging:log_training_results:340 - val weight decay:350.85052 * 0.0009000000000000001
2023-04-29 02:45:40.275 | INFO     | utils.checkpoint:update_and_save_result:168 - [36mBest value updated![0m
2023-04-29 02:45:40.284 | INFO     | utils.checkpoint:save_checkpoint:83 - [36mSaved checkpoint[0m at step 1750.
2023-04-29 02:45:40.287 | INFO     | utils.checkpoint:keep_max_num_saved_models:101 - Removed the oldest model for max_to_keep=1
2023-04-29 02:45:41.093 | INFO     | utils.logging:save_sdre_imgs:710 - Figures saved.
2023-04-29 02:45:41.616 | INFO     | utils.logging:log_training_results:280 - 
2023-04-29 02:45:41.617 | INFO     | utils.logging:log_training_results:281 - Global Step =   1750
2023-04-29 02:45:41.617 | INFO     | utils.logging:log_training_results:282 - train mean(MacRec)_t: 0.8401479721069336
2023-04-29 02:45:41.618 | INFO     | utils.logging:log_training_results:287 - train mean ABSerr: 1.6263412237167358
2023-04-29 02:45:41.618 | INFO     | utils.logging:log_training_results:290 - train ausat from confmx: 0.9320845603942871
2023-04-29 02:45:41.618 | INFO     | utils.logging:log_training_results:326 - train MCE loss:1.04909 * 0.5
2023-04-29 02:45:41.619 | INFO     | utils.logging:log_training_results:333 - train LLLR :0.25822 * 0.30000000000000004
2023-04-29 02:45:41.619 | INFO     | utils.logging:log_training_results:340 - train weight decay:350.85052 * 0.0009000000000000001
2023-04-29 02:46:51.549 | INFO     | __main__:objective:356 - Starting epoch #5.
2023-04-29 02:47:02.271 | INFO     | utils.logging:log_training_results:280 - 
2023-04-29 02:47:02.272 | INFO     | utils.logging:log_training_results:281 - Global Step =   2000
2023-04-29 02:47:02.272 | INFO     | utils.logging:log_training_results:282 - val mean(MacRec)_t: 0.8412032723426819
2023-04-29 02:47:02.273 | INFO     | utils.logging:log_training_results:287 - val mean ABSerr: 1.3939425945281982
2023-04-29 02:47:02.273 | INFO     | utils.logging:log_training_results:290 - val ausat from confmx: 0.9679358005523682
2023-04-29 02:47:02.273 | INFO     | utils.logging:log_training_results:326 - val MCE loss:1.03938 * 0.5
2023-04-29 02:47:02.274 | INFO     | utils.logging:log_training_results:333 - val LLLR :0.25725 * 0.30000000000000004
2023-04-29 02:47:02.274 | INFO     | utils.logging:log_training_results:340 - val weight decay:325.43698 * 0.0009000000000000001
2023-04-29 02:47:02.411 | INFO     | utils.checkpoint:update_and_save_result:168 - [36mBest value updated![0m
2023-04-29 02:47:02.420 | INFO     | utils.checkpoint:save_checkpoint:83 - [36mSaved checkpoint[0m at step 2000.
2023-04-29 02:47:02.424 | INFO     | utils.checkpoint:keep_max_num_saved_models:101 - Removed the oldest model for max_to_keep=1
2023-04-29 02:47:03.189 | INFO     | utils.logging:save_sdre_imgs:710 - Figures saved.
2023-04-29 02:47:03.715 | INFO     | utils.logging:log_training_results:280 - 
2023-04-29 02:47:03.717 | INFO     | utils.logging:log_training_results:281 - Global Step =   2000
2023-04-29 02:47:03.718 | INFO     | utils.logging:log_training_results:282 - train mean(MacRec)_t: 0.8177213072776794
2023-04-29 02:47:03.718 | INFO     | utils.logging:log_training_results:287 - train mean ABSerr: 1.3314015865325928
2023-04-29 02:47:03.718 | INFO     | utils.logging:log_training_results:290 - train ausat from confmx: 0.9476307034492493
2023-04-29 02:47:03.719 | INFO     | utils.logging:log_training_results:326 - train MCE loss:1.04124 * 0.5
2023-04-29 02:47:03.719 | INFO     | utils.logging:log_training_results:333 - train LLLR :0.26041 * 0.30000000000000004
2023-04-29 02:47:03.720 | INFO     | utils.logging:log_training_results:340 - train weight decay:325.43698 * 0.0009000000000000001
2023-04-29 02:48:24.516 | INFO     | utils.logging:log_training_results:280 - 
2023-04-29 02:48:24.516 | INFO     | utils.logging:log_training_results:281 - Global Step =   2250
2023-04-29 02:48:24.517 | INFO     | utils.logging:log_training_results:282 - val mean(MacRec)_t: 0.8481533527374268
2023-04-29 02:48:24.517 | INFO     | utils.logging:log_training_results:287 - val mean ABSerr: 1.2558889389038086
2023-04-29 02:48:24.518 | INFO     | utils.logging:log_training_results:290 - val ausat from confmx: 0.9690431356430054
2023-04-29 02:48:24.518 | INFO     | utils.logging:log_training_results:326 - val MCE loss:1.02858 * 0.5
2023-04-29 02:48:24.518 | INFO     | utils.logging:log_training_results:333 - val LLLR :0.25462 * 0.30000000000000004
2023-04-29 02:48:24.519 | INFO     | utils.logging:log_training_results:340 - val weight decay:303.19357 * 0.0009000000000000001
2023-04-29 02:48:24.656 | INFO     | utils.checkpoint:update_and_save_result:168 - [36mBest value updated![0m
2023-04-29 02:48:24.665 | INFO     | utils.checkpoint:save_checkpoint:83 - [36mSaved checkpoint[0m at step 2250.
2023-04-29 02:48:24.669 | INFO     | utils.checkpoint:keep_max_num_saved_models:101 - Removed the oldest model for max_to_keep=1
2023-04-29 02:48:25.413 | INFO     | utils.logging:save_sdre_imgs:710 - Figures saved.
2023-04-29 02:48:25.919 | INFO     | utils.logging:log_training_results:280 - 
2023-04-29 02:48:25.920 | INFO     | utils.logging:log_training_results:281 - Global Step =   2250
2023-04-29 02:48:25.920 | INFO     | utils.logging:log_training_results:282 - train mean(MacRec)_t: 0.84709233045578
2023-04-29 02:48:25.920 | INFO     | utils.logging:log_training_results:287 - train mean ABSerr: 1.2780978679656982
2023-04-29 02:48:25.921 | INFO     | utils.logging:log_training_results:290 - train ausat from confmx: 0.984417200088501
2023-04-29 02:48:25.921 | INFO     | utils.logging:log_training_results:326 - train MCE loss:1.02532 * 0.5
2023-04-29 02:48:25.921 | INFO     | utils.logging:log_training_results:333 - train LLLR :0.25643 * 0.30000000000000004
2023-04-29 02:48:25.922 | INFO     | utils.logging:log_training_results:340 - train weight decay:303.19357 * 0.0009000000000000001
2023-04-29 02:49:07.597 | INFO     | __main__:objective:356 - Starting epoch #6.
2023-04-29 02:49:45.339 | INFO     | utils.logging:log_training_results:280 - 
2023-04-29 02:49:45.340 | INFO     | utils.logging:log_training_results:281 - Global Step =   2500
2023-04-29 02:49:45.340 | INFO     | utils.logging:log_training_results:282 - val mean(MacRec)_t: 0.8548200130462646
2023-04-29 02:49:45.341 | INFO     | utils.logging:log_training_results:287 - val mean ABSerr: 1.0722603797912598
2023-04-29 02:49:45.341 | INFO     | utils.logging:log_training_results:290 - val ausat from confmx: 0.9734805226325989
2023-04-29 02:49:45.341 | INFO     | utils.logging:log_training_results:326 - val MCE loss:1.01867 * 0.5
2023-04-29 02:49:45.342 | INFO     | utils.logging:log_training_results:333 - val LLLR :0.25216 * 0.30000000000000004
2023-04-29 02:49:45.342 | INFO     | utils.logging:log_training_results:340 - val weight decay:283.77576 * 0.0009000000000000001
2023-04-29 02:49:45.479 | INFO     | utils.checkpoint:update_and_save_result:168 - [36mBest value updated![0m
2023-04-29 02:49:45.495 | INFO     | utils.checkpoint:save_checkpoint:83 - [36mSaved checkpoint[0m at step 2500.
2023-04-29 02:49:45.500 | INFO     | utils.checkpoint:keep_max_num_saved_models:101 - Removed the oldest model for max_to_keep=1
2023-04-29 02:49:46.249 | INFO     | utils.logging:save_sdre_imgs:710 - Figures saved.
2023-04-29 02:49:46.767 | INFO     | utils.logging:log_training_results:280 - 
2023-04-29 02:49:46.767 | INFO     | utils.logging:log_training_results:281 - Global Step =   2500
2023-04-29 02:49:46.768 | INFO     | utils.logging:log_training_results:282 - train mean(MacRec)_t: 0.8640702366828918
2023-04-29 02:49:46.768 | INFO     | utils.logging:log_training_results:287 - train mean ABSerr: 1.105885624885559
2023-04-29 02:49:46.768 | INFO     | utils.logging:log_training_results:290 - train ausat from confmx: 0.9776661396026611
2023-04-29 02:49:46.769 | INFO     | utils.logging:log_training_results:326 - train MCE loss:1.01503 * 0.5
2023-04-29 02:49:46.769 | INFO     | utils.logging:log_training_results:333 - train LLLR :0.24951 * 0.30000000000000004
2023-04-29 02:49:46.769 | INFO     | utils.logging:log_training_results:340 - train weight decay:283.77576 * 0.0009000000000000001
2023-04-29 02:51:08.598 | INFO     | utils.logging:log_training_results:280 - 
2023-04-29 02:51:08.599 | INFO     | utils.logging:log_training_results:281 - Global Step =   2750
2023-04-29 02:51:08.600 | INFO     | utils.logging:log_training_results:282 - val mean(MacRec)_t: 0.8590933084487915
2023-04-29 02:51:08.600 | INFO     | utils.logging:log_training_results:287 - val mean ABSerr: 0.9490722417831421
2023-04-29 02:51:08.600 | INFO     | utils.logging:log_training_results:290 - val ausat from confmx: 0.9743788242340088
2023-04-29 02:51:08.601 | INFO     | utils.logging:log_training_results:326 - val MCE loss:1.01037 * 0.5
2023-04-29 02:51:08.604 | INFO     | utils.logging:log_training_results:333 - val LLLR :0.25034 * 0.30000000000000004
2023-04-29 02:51:08.606 | INFO     | utils.logging:log_training_results:340 - val weight decay:266.91095 * 0.0009000000000000001
2023-04-29 02:51:08.739 | INFO     | utils.checkpoint:update_and_save_result:168 - [36mBest value updated![0m
2023-04-29 02:51:08.752 | INFO     | utils.checkpoint:save_checkpoint:83 - [36mSaved checkpoint[0m at step 2750.
2023-04-29 02:51:08.755 | INFO     | utils.checkpoint:keep_max_num_saved_models:101 - Removed the oldest model for max_to_keep=1
2023-04-29 02:51:09.525 | INFO     | utils.logging:save_sdre_imgs:710 - Figures saved.
2023-04-29 02:51:10.044 | INFO     | utils.logging:log_training_results:280 - 
2023-04-29 02:51:10.044 | INFO     | utils.logging:log_training_results:281 - Global Step =   2750
2023-04-29 02:51:10.045 | INFO     | utils.logging:log_training_results:282 - train mean(MacRec)_t: 0.8702921867370605
2023-04-29 02:51:10.045 | INFO     | utils.logging:log_training_results:287 - train mean ABSerr: 0.9846745133399963
2023-04-29 02:51:10.045 | INFO     | utils.logging:log_training_results:290 - train ausat from confmx: 0.9885222315788269
2023-04-29 02:51:10.046 | INFO     | utils.logging:log_training_results:326 - train MCE loss:1.00988 * 0.5
2023-04-29 02:51:10.046 | INFO     | utils.logging:log_training_results:333 - train LLLR :0.24759 * 0.30000000000000004
2023-04-29 02:51:10.046 | INFO     | utils.logging:log_training_results:340 - train weight decay:266.91092 * 0.0009000000000000001
2023-04-29 02:51:24.449 | INFO     | __main__:objective:356 - Starting epoch #7.
2023-04-29 02:52:32.428 | INFO     | utils.logging:log_training_results:280 - 
2023-04-29 02:52:32.429 | INFO     | utils.logging:log_training_results:281 - Global Step =   3000
2023-04-29 02:52:32.429 | INFO     | utils.logging:log_training_results:282 - val mean(MacRec)_t: 0.8625333309173584
2023-04-29 02:52:32.429 | INFO     | utils.logging:log_training_results:287 - val mean ABSerr: 0.7687755823135376
2023-04-29 02:52:32.430 | INFO     | utils.logging:log_training_results:290 - val ausat from confmx: 0.9767583012580872
2023-04-29 02:52:32.430 | INFO     | utils.logging:log_training_results:326 - val MCE loss:1.00417 * 0.5
2023-04-29 02:52:32.431 | INFO     | utils.logging:log_training_results:333 - val LLLR :0.24877 * 0.30000000000000004
2023-04-29 02:52:32.431 | INFO     | utils.logging:log_training_results:340 - val weight decay:252.24812 * 0.0009000000000000001
2023-04-29 02:52:32.568 | INFO     | utils.checkpoint:update_and_save_result:168 - [36mBest value updated![0m
2023-04-29 02:52:32.576 | INFO     | utils.checkpoint:save_checkpoint:83 - [36mSaved checkpoint[0m at step 3000.
2023-04-29 02:52:32.579 | INFO     | utils.checkpoint:keep_max_num_saved_models:101 - Removed the oldest model for max_to_keep=1
2023-04-29 02:52:33.538 | INFO     | utils.logging:save_sdre_imgs:710 - Figures saved.
2023-04-29 02:52:34.053 | INFO     | utils.logging:log_training_results:280 - 
2023-04-29 02:52:34.054 | INFO     | utils.logging:log_training_results:281 - Global Step =   3000
2023-04-29 02:52:34.054 | INFO     | utils.logging:log_training_results:282 - train mean(MacRec)_t: 0.8627023100852966
2023-04-29 02:52:34.055 | INFO     | utils.logging:log_training_results:287 - train mean ABSerr: 0.775825023651123
2023-04-29 02:52:34.055 | INFO     | utils.logging:log_training_results:290 - train ausat from confmx: 0.997073233127594
2023-04-29 02:52:34.055 | INFO     | utils.logging:log_training_results:326 - train MCE loss:0.99999 * 0.5
2023-04-29 02:52:34.056 | INFO     | utils.logging:log_training_results:333 - train LLLR :0.24881 * 0.30000000000000004
2023-04-29 02:52:34.056 | INFO     | utils.logging:log_training_results:340 - train weight decay:252.24812 * 0.0009000000000000001
2023-04-29 02:53:30.641 | INFO     | __main__:objective:356 - Starting epoch #8.
2023-04-29 02:53:55.288 | INFO     | utils.logging:log_training_results:280 - 
2023-04-29 02:53:55.289 | INFO     | utils.logging:log_training_results:281 - Global Step =   3250
2023-04-29 02:53:55.289 | INFO     | utils.logging:log_training_results:282 - val mean(MacRec)_t: 0.8648533225059509
2023-04-29 02:53:55.290 | INFO     | utils.logging:log_training_results:287 - val mean ABSerr: 0.6583012938499451
2023-04-29 02:53:55.290 | INFO     | utils.logging:log_training_results:290 - val ausat from confmx: 0.9777327179908752
2023-04-29 02:53:55.291 | INFO     | utils.logging:log_training_results:326 - val MCE loss:0.99965 * 0.5
2023-04-29 02:53:55.291 | INFO     | utils.logging:log_training_results:333 - val LLLR :0.24761 * 0.30000000000000004
2023-04-29 02:53:55.291 | INFO     | utils.logging:log_training_results:340 - val weight decay:239.41646 * 0.0009000000000000001
2023-04-29 02:53:55.429 | INFO     | utils.checkpoint:update_and_save_result:168 - [36mBest value updated![0m
2023-04-29 02:53:55.438 | INFO     | utils.checkpoint:save_checkpoint:83 - [36mSaved checkpoint[0m at step 3250.
2023-04-29 02:53:55.441 | INFO     | utils.checkpoint:keep_max_num_saved_models:101 - Removed the oldest model for max_to_keep=1
2023-04-29 02:53:56.197 | INFO     | utils.logging:save_sdre_imgs:710 - Figures saved.
2023-04-29 02:53:56.719 | INFO     | utils.logging:log_training_results:280 - 
2023-04-29 02:53:56.720 | INFO     | utils.logging:log_training_results:281 - Global Step =   3250
2023-04-29 02:53:56.720 | INFO     | utils.logging:log_training_results:282 - train mean(MacRec)_t: 0.8760450482368469
2023-04-29 02:53:56.720 | INFO     | utils.logging:log_training_results:287 - train mean ABSerr: 0.6150939464569092
2023-04-29 02:53:56.721 | INFO     | utils.logging:log_training_results:290 - train ausat from confmx: 0.9769608378410339
2023-04-29 02:53:56.721 | INFO     | utils.logging:log_training_results:326 - train MCE loss:0.99326 * 0.5
2023-04-29 02:53:56.722 | INFO     | utils.logging:log_training_results:333 - train LLLR :0.24693 * 0.30000000000000004
2023-04-29 02:53:56.722 | INFO     | utils.logging:log_training_results:340 - train weight decay:239.41644 * 0.0009000000000000001
2023-04-29 02:55:17.240 | INFO     | utils.logging:log_training_results:280 - 
2023-04-29 02:55:17.241 | INFO     | utils.logging:log_training_results:281 - Global Step =   3500
2023-04-29 02:55:17.242 | INFO     | utils.logging:log_training_results:282 - val mean(MacRec)_t: 0.8672000169754028
2023-04-29 02:55:17.242 | INFO     | utils.logging:log_training_results:287 - val mean ABSerr: 0.5857620239257812
2023-04-29 02:55:17.242 | INFO     | utils.logging:log_training_results:290 - val ausat from confmx: 0.9783045053482056
2023-04-29 02:55:17.243 | INFO     | utils.logging:log_training_results:326 - val MCE loss:0.99646 * 0.5
2023-04-29 02:55:17.243 | INFO     | utils.logging:log_training_results:333 - val LLLR :0.24665 * 0.30000000000000004
2023-04-29 02:55:17.244 | INFO     | utils.logging:log_training_results:340 - val weight decay:228.27950 * 0.0009000000000000001
2023-04-29 02:55:17.392 | INFO     | utils.checkpoint:update_and_save_result:168 - [36mBest value updated![0m
2023-04-29 02:55:17.402 | INFO     | utils.checkpoint:save_checkpoint:83 - [36mSaved checkpoint[0m at step 3500.
2023-04-29 02:55:17.405 | INFO     | utils.checkpoint:keep_max_num_saved_models:101 - Removed the oldest model for max_to_keep=1
2023-04-29 02:55:18.198 | INFO     | utils.logging:save_sdre_imgs:710 - Figures saved.
2023-04-29 02:55:18.850 | INFO     | utils.logging:log_training_results:280 - 
2023-04-29 02:55:18.851 | INFO     | utils.logging:log_training_results:281 - Global Step =   3500
2023-04-29 02:55:18.851 | INFO     | utils.logging:log_training_results:282 - train mean(MacRec)_t: 0.8824613690376282
2023-04-29 02:55:18.852 | INFO     | utils.logging:log_training_results:287 - train mean ABSerr: 0.581044614315033
2023-04-29 02:55:18.852 | INFO     | utils.logging:log_training_results:290 - train ausat from confmx: 0.9903649687767029
2023-04-29 02:55:18.853 | INFO     | utils.logging:log_training_results:326 - train MCE loss:0.99375 * 0.5
2023-04-29 02:55:18.853 | INFO     | utils.logging:log_training_results:333 - train LLLR :0.24461 * 0.30000000000000004
2023-04-29 02:55:18.853 | INFO     | utils.logging:log_training_results:340 - train weight decay:228.27948 * 0.0009000000000000001
2023-04-29 02:55:46.976 | INFO     | __main__:objective:356 - Starting epoch #9.
2023-04-29 02:56:39.982 | INFO     | utils.logging:log_training_results:280 - 
2023-04-29 02:56:39.983 | INFO     | utils.logging:log_training_results:281 - Global Step =   3750
2023-04-29 02:56:39.983 | INFO     | utils.logging:log_training_results:282 - val mean(MacRec)_t: 0.8690567016601562
2023-04-29 02:56:39.983 | INFO     | utils.logging:log_training_results:287 - val mean ABSerr: 0.5090565085411072
2023-04-29 02:56:39.984 | INFO     | utils.logging:log_training_results:290 - val ausat from confmx: 0.9791342616081238
2023-04-29 02:56:39.984 | INFO     | utils.logging:log_training_results:326 - val MCE loss:0.99434 * 0.5
2023-04-29 02:56:39.985 | INFO     | utils.logging:log_training_results:333 - val LLLR :0.24599 * 0.30000000000000004
2023-04-29 02:56:39.985 | INFO     | utils.logging:log_training_results:340 - val weight decay:218.59610 * 0.0009000000000000001
2023-04-29 02:56:40.130 | INFO     | utils.checkpoint:update_and_save_result:168 - [36mBest value updated![0m
2023-04-29 02:56:40.139 | INFO     | utils.checkpoint:save_checkpoint:83 - [36mSaved checkpoint[0m at step 3750.
2023-04-29 02:56:40.143 | INFO     | utils.checkpoint:keep_max_num_saved_models:101 - Removed the oldest model for max_to_keep=1
2023-04-29 02:56:40.894 | INFO     | utils.logging:save_sdre_imgs:710 - Figures saved.
2023-04-29 02:56:41.413 | INFO     | utils.logging:log_training_results:280 - 
2023-04-29 02:56:41.414 | INFO     | utils.logging:log_training_results:281 - Global Step =   3750
2023-04-29 02:56:41.414 | INFO     | utils.logging:log_training_results:282 - train mean(MacRec)_t: 0.8899601697921753
2023-04-29 02:56:41.415 | INFO     | utils.logging:log_training_results:287 - train mean ABSerr: 0.5045875310897827
2023-04-29 02:56:41.415 | INFO     | utils.logging:log_training_results:290 - train ausat from confmx: 0.9792940020561218
2023-04-29 02:56:41.415 | INFO     | utils.logging:log_training_results:326 - train MCE loss:0.98573 * 0.5
2023-04-29 02:56:41.416 | INFO     | utils.logging:log_training_results:333 - train LLLR :0.24219 * 0.30000000000000004
2023-04-29 02:56:41.416 | INFO     | utils.logging:log_training_results:340 - train weight decay:218.59608 * 0.0009000000000000001
2023-04-29 02:57:50.929 | INFO     | utils.logging:investigate_log:155 - num_warning=0/num_error=0 in the .log file.
2023-04-29 02:57:51.118 | INFO     | optuna.study.study:_log_completed_trial:1020 - Trial 18 finished with value: 0.5090565085411072 and parameters: {'LIST_IS_POSITIONAL_ENCODING': True, 'LIST_IS_TRAINABLE_ENCODING': True, 'LIST_MODEL_BACKBONE': 'LSTM', 'LIST_WEIGHT_DECAY': 0.0009000000000000001, 'LIST_LEARNING_RATE': 4.464845429786446e-05, 'LIST_LLLR_VERSION': 'LLLR', 'LIST_ACTIVATION_FC': 'gelu', 'LIST_PARAM_MULTIPLET_LOSS': 0.5, 'LIST_PARAM_LLR_LOSS': 0.30000000000000004, 'LIST_IS_ADAPTIVE_LOSS': False, 'LIST_ORDER_SPRT': 1, 'LIST_OPTIMIZER': 'rmsprop', 'LIST_IS_NORMALIZE': False, 'LIST_NUM_THRESH': 1500, 'LIST_SPARSITY': 'linspace', 'LIST_ACTIVATION_OUTPUT': 'B2Bcbrt', 'LIST_ACTIVATION_INPUT': 'tanh', 'LIST_WIDTH_LSTM': 42}. Best is trial 16 with value: 0.17351768910884857.
2023-04-29 02:57:51.137 | INFO     | utils.hyperparameter_tuning:suggest_parameters:560 - [33mStarting a tuning phase.[0m
2023-04-29 02:57:51.580 | INFO     | utils.hyperparameter_tuning:print:394 - 
+------------------------------------------+
|   Hyperparameteres suggested by Optuna   |
+------------------------+-----------------+
|     Parameter name     | Suggested value |
+------------------------+-----------------+
|     ACTIVATION_FC      |       gelu      |
|        DROPOUT         |       0.4       |
|         FF_DIM         |        32       |
|    IS_ADAPTIVE_LOSS    |       True      |
|      IS_NORMALIZE      |       True      |
| IS_POSITIONAL_ENCODING |      False      |
|     LEARNING_RATE      |    0.0001651    |
|      LLLR_VERSION      |       LSEL      |
|       MLP_UNITS        |        32       |
|     MODEL_BACKBONE     |   Transformer   |
|       NUM_BLOCKS       |        2        |
|       NUM_HEADS        |        2        |
|       NUM_THRESH       |       1500      |
|       OPTIMIZER        |     rmsprop     |
|       ORDER_SPRT       |        2        |
|     PARAM_LLR_LOSS     |       0.7       |
|  PARAM_MULTIPLET_LOSS  |       1.0       |
|        SPARSITY        |     linspace    |
|      WEIGHT_DECAY      |      0.0008     |
+------------------------+-----------------+
2023-04-29 02:57:51.581 | INFO     | utils.misc:create_directories_and_log:291 - [33mA new log directory was created: [0m/home/afe/Dropbox/GitHub/SPRT-TANDEM-PyTorch/logs/public_offset0_5_optimmabs_tuning/checkpoints/Transformer_20230429_025751581/configs
2023-04-29 02:57:51.582 | INFO     | utils.misc:create_directories_and_log:291 - [33mA new log directory was created: [0m/home/afe/Dropbox/GitHub/SPRT-TANDEM-PyTorch/logs/public_offset0_5_optimmabs_tuning/TensorBoard_events/Transformer_20230429_025751581
