2023-04-29 01:38:52.164 | INFO     | utils.misc:fix_random_seed:405 - Random seed is not fixed.
2023-04-29 01:38:52.188 | INFO     | models.temporal_integrators:summarize:568 - 
:'######::'########::'########::'########::::::::::::::::::::::
'##... ##: ##.... ##: ##.... ##:... ##..:::::::::::::::::::::::
 ##:::..:: ##:::: ##: ##:::: ##:::: ##:::::::::::::::::::::::::
. ######:: ########:: ########::::: ##::::'#######:::::::::::::
:..... ##: ##.....::: ##.. ##:::::: ##::::........:::::::::::::
'##::: ##: ##:::::::: ##::. ##::::: ##:::::::::::::::::::::::::
. ######:: ##:::::::: ##:::. ##:::: ##:::::::::::::::::::::::::
:......:::..:::::::::..:::::..:::::..::::::::::::::::::::::::::
'########::::'###::::'##::: ##:'########::'########:'##::::'##:
... ##..::::'## ##::: ###:: ##: ##.... ##: ##.....:: ###::'###:
::: ##:::::'##:. ##:: ####: ##: ##:::: ##: ##::::::: ####'####:
::: ##::::'##:::. ##: ## ## ##: ##:::: ##: ######::: ## ### ##:
::: ##:::: #########: ##. ####: ##:::: ##: ##...:::: ##. #: ##:
::: ##:::: ##.... ##: ##:. ###: ##:::: ##: ##::::::: ##:.:: ##:
::: ##:::: ##:::: ##: ##::. ##: ########:: ########: ##:::: ##:
:::..:::::..:::::..::..::::..::........:::........::..:::::..::

2023-04-29 01:38:52.189 | INFO     | models.temporal_integrators:summarize:571 - [34mofficial PyTorch implementation.[0m
2023-04-29 01:38:52.580 | INFO     | models.temporal_integrators:summarize:593 - Network summary:
==========================================================================================
Layer (type:depth-idx)                   Output Shape              Param #
==========================================================================================
B2BsqrtTANDEM                            [150, 50, 3, 3]           387
├─LSTM: 1-1                              [7200, 3, 127]            130,048
│    └─Tanh: 2-1                         [7200, 127]               --
│    └─Tanh: 2-2                         [7200, 127]               --
│    └─Tanh: 2-3                         [7200, 127]               --
│    └─Tanh: 2-4                         [7200, 127]               --
│    └─Tanh: 2-5                         [7200, 127]               --
│    └─Tanh: 2-6                         [7200, 127]               --
│    └─Tanh: 2-7                         [7200, 127]               --
│    └─Tanh: 2-8                         [7200, 127]               --
│    └─Tanh: 2-9                         [7200, 127]               --
│    └─Tanh: 2-10                        [7200, 127]               --
│    └─Tanh: 2-11                        [7200, 127]               --
│    └─Tanh: 2-12                        [7200, 127]               --
│    └─Tanh: 2-13                        [7200, 127]               --
│    └─Tanh: 2-14                        [7200, 127]               --
│    └─Tanh: 2-15                        [7200, 127]               --
├─Linear: 1-2                            [7200, 3]                 384
├─Linear: 1-3                            [7200, 3]                 (recursive)
├─Linear: 1-4                            [7200, 3]                 (recursive)
==========================================================================================
Total params: 130,819
Trainable params: 130,819
Non-trainable params: 0
Total mult-adds (M): 8.29
==========================================================================================
Input size (MB): 3.84
Forward/backward pass size (MB): 0.52
Params size (MB): 0.00
Estimated Total Size (MB): 4.36
==========================================================================================
2023-04-29 01:38:52.580 | INFO     | models.temporal_integrators:summarize:594 - Example input shape: torch.Size([150, 50, 128])
2023-04-29 01:38:52.581 | INFO     | models.temporal_integrators:summarize:595 - Example output shape: torch.Size([150, 50, 3, 3])
2023-04-29 01:38:52.582 | INFO     | models.temporal_integrators:import_model:58 - model moved onto: [33mcuda.[0m
2023-04-29 01:38:52.583 | INFO     | models.optimizers:initialize_optimizer:44 - Optimizer:
AdamW (
Parameter Group 0
    amsgrad: False
    betas: (0.9, 0.999)
    capturable: False
    differentiable: False
    eps: 1e-08
    foreach: None
    fused: None
    lr: 0.0003478625692488785
    maximize: False
    weight_decay: 0.0006000000000000001
)
2023-04-29 01:38:52.584 | INFO     | datasets.data_processing:lmdb_dataloaders:293 - loading data... 
2023-04-29 01:38:52.584 | INFO     | datasets.data_processing:lmdb_dataloaders:295 - If this process takes long, consider setting is_load_onto_memory=False or use LMDBIterableDataset.
2023-04-29 01:38:55.518 | INFO     | __main__:objective:356 - Starting epoch #0.
2023-04-29 01:39:02.923 | INFO     | utils.logging:log_training_results:280 - 
2023-04-29 01:39:02.924 | INFO     | utils.logging:log_training_results:281 - Global Step =      0
2023-04-29 01:39:02.925 | INFO     | utils.logging:log_training_results:282 - val mean(MacRec)_t: 0.3296666741371155
2023-04-29 01:39:02.925 | INFO     | utils.logging:log_training_results:287 - val mean ABSerr: 3.501494884490967
2023-04-29 01:39:02.925 | INFO     | utils.logging:log_training_results:290 - val ausat from confmx: 0.32844278216362
2023-04-29 01:39:02.926 | INFO     | utils.logging:log_training_results:301 - val MCE loss:1.10438 * 1.0 * -0.79655
2023-04-29 01:39:02.926 | INFO     | utils.logging:log_training_results:309 - val LLLR :1.13482 * 0.0 * 0.60034
2023-04-29 01:39:02.927 | INFO     | utils.logging:log_training_results:317 - val weight decay:1390.52905 * 0.0006000000000000001 * 2.14459
2023-04-29 01:39:04.155 | INFO     | utils.logging:save_sdre_imgs:710 - Figures saved.
2023-04-29 01:39:04.673 | INFO     | utils.logging:log_training_results:280 - 
2023-04-29 01:39:04.673 | INFO     | utils.logging:log_training_results:281 - Global Step =      0
2023-04-29 01:39:04.674 | INFO     | utils.logging:log_training_results:282 - train mean(MacRec)_t: 0.30610227584838867
2023-04-29 01:39:04.674 | INFO     | utils.logging:log_training_results:287 - train mean ABSerr: 3.5203402042388916
2023-04-29 01:39:04.675 | INFO     | utils.logging:log_training_results:290 - train ausat from confmx: 0.2518889605998993
2023-04-29 01:39:04.675 | INFO     | utils.logging:log_training_results:301 - train MCE loss:1.10468 * 1.0 * -0.79620
2023-04-29 01:39:04.676 | INFO     | utils.logging:log_training_results:309 - train LLLR :1.14679 * 0.0 * 0.59999
2023-04-29 01:39:04.676 | INFO     | utils.logging:log_training_results:317 - train weight decay:1390.52905 * 0.0006000000000000001 * 2.14425
2023-04-29 01:40:01.286 | INFO     | utils.logging:log_training_results:280 - 
2023-04-29 01:40:01.287 | INFO     | utils.logging:log_training_results:281 - Global Step =    250
2023-04-29 01:40:01.287 | INFO     | utils.logging:log_training_results:282 - val mean(MacRec)_t: 0.6814966201782227
2023-04-29 01:40:01.287 | INFO     | utils.logging:log_training_results:287 - val mean ABSerr: 3.1527345180511475
2023-04-29 01:40:01.288 | INFO     | utils.logging:log_training_results:290 - val ausat from confmx: 0.8119884133338928
2023-04-29 01:40:01.288 | INFO     | utils.logging:log_training_results:301 - val MCE loss:1.01660 * 1.0 * -0.73293
2023-04-29 01:40:01.289 | INFO     | utils.logging:log_training_results:309 - val LLLR :0.81005 * 0.0 * 0.51044
2023-04-29 01:40:01.289 | INFO     | utils.logging:log_training_results:317 - val weight decay:807.31592 * 0.0006000000000000001 * 2.05603
2023-04-29 01:40:01.386 | INFO     | utils.checkpoint:update_and_save_result:168 - [36mBest value updated![0m
2023-04-29 01:40:01.403 | INFO     | utils.checkpoint:save_checkpoint:83 - [36mSaved checkpoint[0m at step 250.
2023-04-29 01:40:02.279 | INFO     | utils.logging:save_sdre_imgs:710 - Figures saved.
2023-04-29 01:40:02.749 | INFO     | utils.logging:log_training_results:280 - 
2023-04-29 01:40:02.750 | INFO     | utils.logging:log_training_results:281 - Global Step =    250
2023-04-29 01:40:02.750 | INFO     | utils.logging:log_training_results:282 - train mean(MacRec)_t: 0.7185093760490417
2023-04-29 01:40:02.751 | INFO     | utils.logging:log_training_results:287 - train mean ABSerr: 3.057302236557007
2023-04-29 01:40:02.751 | INFO     | utils.logging:log_training_results:290 - train ausat from confmx: 0.8359641432762146
2023-04-29 01:40:02.751 | INFO     | utils.logging:log_training_results:301 - train MCE loss:1.01229 * 1.0 * -0.73267
2023-04-29 01:40:02.752 | INFO     | utils.logging:log_training_results:309 - train LLLR :0.77421 * 0.0 * 0.51007
2023-04-29 01:40:02.752 | INFO     | utils.logging:log_training_results:317 - train weight decay:807.31592 * 0.0006000000000000001 * 2.05567
2023-04-29 01:40:32.261 | INFO     | __main__:objective:356 - Starting epoch #1.
2023-04-29 01:40:59.220 | INFO     | utils.logging:log_training_results:280 - 
2023-04-29 01:40:59.221 | INFO     | utils.logging:log_training_results:281 - Global Step =    500
2023-04-29 01:40:59.221 | INFO     | utils.logging:log_training_results:282 - val mean(MacRec)_t: 0.8656533360481262
2023-04-29 01:40:59.222 | INFO     | utils.logging:log_training_results:287 - val mean ABSerr: 0.7925386428833008
2023-04-29 01:40:59.222 | INFO     | utils.logging:log_training_results:290 - val ausat from confmx: 0.9757214784622192
2023-04-29 01:40:59.223 | INFO     | utils.logging:log_training_results:301 - val MCE loss:0.95691 * 1.0 * -0.69141
2023-04-29 01:40:59.223 | INFO     | utils.logging:log_training_results:309 - val LLLR :0.31845 * 0.0 * 0.41251
2023-04-29 01:40:59.224 | INFO     | utils.logging:log_training_results:317 - val weight decay:648.77045 * 0.0006000000000000001 * 1.96545
2023-04-29 01:40:59.316 | INFO     | utils.checkpoint:update_and_save_result:168 - [36mBest value updated![0m
2023-04-29 01:40:59.328 | INFO     | utils.checkpoint:save_checkpoint:83 - [36mSaved checkpoint[0m at step 500.
2023-04-29 01:40:59.331 | INFO     | utils.checkpoint:keep_max_num_saved_models:101 - Removed the oldest model for max_to_keep=1
2023-04-29 01:41:00.115 | INFO     | utils.logging:save_sdre_imgs:710 - Figures saved.
2023-04-29 01:41:00.577 | INFO     | utils.logging:log_training_results:280 - 
2023-04-29 01:41:00.578 | INFO     | utils.logging:log_training_results:281 - Global Step =    500
2023-04-29 01:41:00.578 | INFO     | utils.logging:log_training_results:282 - train mean(MacRec)_t: 0.8521732687950134
2023-04-29 01:41:00.578 | INFO     | utils.logging:log_training_results:287 - train mean ABSerr: 0.801996648311615
2023-04-29 01:41:00.579 | INFO     | utils.logging:log_training_results:290 - train ausat from confmx: 0.9751266241073608
2023-04-29 01:41:00.579 | INFO     | utils.logging:log_training_results:301 - train MCE loss:0.96327 * 1.0 * -0.69139
2023-04-29 01:41:00.580 | INFO     | utils.logging:log_training_results:309 - train LLLR :0.34109 * 0.0 * 0.41210
2023-04-29 01:41:00.580 | INFO     | utils.logging:log_training_results:317 - train weight decay:648.77039 * 0.0006000000000000001 * 1.96508
2023-04-29 01:41:58.782 | INFO     | utils.logging:log_training_results:280 - 
2023-04-29 01:41:58.783 | INFO     | utils.logging:log_training_results:281 - Global Step =    750
2023-04-29 01:41:58.783 | INFO     | utils.logging:log_training_results:282 - val mean(MacRec)_t: 0.8697399497032166
2023-04-29 01:41:58.784 | INFO     | utils.logging:log_training_results:287 - val mean ABSerr: 0.5939514636993408
2023-04-29 01:41:58.784 | INFO     | utils.logging:log_training_results:290 - val ausat from confmx: 0.977745771408081
2023-04-29 01:41:58.785 | INFO     | utils.logging:log_training_results:301 - val MCE loss:0.95408 * 1.0 * -0.68942
2023-04-29 01:41:58.785 | INFO     | utils.logging:log_training_results:309 - val LLLR :0.30852 * 0.0 * 0.30280
2023-04-29 01:41:58.786 | INFO     | utils.logging:log_training_results:317 - val weight decay:533.95282 * 0.0006000000000000001 * 1.87314
2023-04-29 01:41:58.882 | INFO     | utils.checkpoint:update_and_save_result:168 - [36mBest value updated![0m
2023-04-29 01:41:58.894 | INFO     | utils.checkpoint:save_checkpoint:83 - [36mSaved checkpoint[0m at step 750.
2023-04-29 01:41:58.896 | INFO     | utils.checkpoint:keep_max_num_saved_models:101 - Removed the oldest model for max_to_keep=1
2023-04-29 01:41:59.666 | INFO     | utils.logging:save_sdre_imgs:710 - Figures saved.
2023-04-29 01:42:00.124 | INFO     | utils.logging:log_training_results:280 - 
2023-04-29 01:42:00.125 | INFO     | utils.logging:log_training_results:281 - Global Step =    750
2023-04-29 01:42:00.125 | INFO     | utils.logging:log_training_results:282 - train mean(MacRec)_t: 0.8832564353942871
2023-04-29 01:42:00.125 | INFO     | utils.logging:log_training_results:287 - train mean ABSerr: 0.5978294610977173
2023-04-29 01:42:00.126 | INFO     | utils.logging:log_training_results:290 - train ausat from confmx: 0.9836136698722839
2023-04-29 01:42:00.126 | INFO     | utils.logging:log_training_results:301 - train MCE loss:0.94293 * 1.0 * -0.68940
2023-04-29 01:42:00.126 | INFO     | utils.logging:log_training_results:309 - train LLLR :0.30331 * 0.0 * 0.30233
2023-04-29 01:42:00.127 | INFO     | utils.logging:log_training_results:317 - train weight decay:533.95282 * 0.0006000000000000001 * 1.87277
2023-04-29 01:42:10.146 | INFO     | __main__:objective:356 - Starting epoch #2.
2023-04-29 01:42:57.985 | INFO     | utils.logging:log_training_results:280 - 
2023-04-29 01:42:57.986 | INFO     | utils.logging:log_training_results:281 - Global Step =   1000
2023-04-29 01:42:57.986 | INFO     | utils.logging:log_training_results:282 - val mean(MacRec)_t: 0.871013343334198
2023-04-29 01:42:57.986 | INFO     | utils.logging:log_training_results:287 - val mean ABSerr: 0.5140790939331055
2023-04-29 01:42:57.987 | INFO     | utils.logging:log_training_results:290 - val ausat from confmx: 0.9783841967582703
2023-04-29 01:42:57.989 | INFO     | utils.logging:log_training_results:301 - val MCE loss:0.95290 * 1.0 * -0.68848
2023-04-29 01:42:57.989 | INFO     | utils.logging:log_training_results:309 - val LLLR :0.30521 * 0.0 * 0.17097
2023-04-29 01:42:57.990 | INFO     | utils.logging:log_training_results:317 - val weight decay:453.16632 * 0.0006000000000000001 * 1.77915
2023-04-29 01:42:58.082 | INFO     | utils.checkpoint:update_and_save_result:168 - [36mBest value updated![0m
2023-04-29 01:42:58.095 | INFO     | utils.checkpoint:save_checkpoint:83 - [36mSaved checkpoint[0m at step 1000.
2023-04-29 01:42:58.098 | INFO     | utils.checkpoint:keep_max_num_saved_models:101 - Removed the oldest model for max_to_keep=1
2023-04-29 01:42:58.900 | INFO     | utils.logging:save_sdre_imgs:710 - Figures saved.
2023-04-29 01:42:59.353 | INFO     | utils.logging:log_training_results:280 - 
2023-04-29 01:42:59.354 | INFO     | utils.logging:log_training_results:281 - Global Step =   1000
2023-04-29 01:42:59.354 | INFO     | utils.logging:log_training_results:282 - train mean(MacRec)_t: 0.8794602155685425
2023-04-29 01:42:59.355 | INFO     | utils.logging:log_training_results:287 - train mean ABSerr: 0.46796301007270813
2023-04-29 01:42:59.355 | INFO     | utils.logging:log_training_results:290 - train ausat from confmx: 0.9820129871368408
2023-04-29 01:42:59.356 | INFO     | utils.logging:log_training_results:301 - train MCE loss:0.94868 * 1.0 * -0.68848
2023-04-29 01:42:59.356 | INFO     | utils.logging:log_training_results:309 - train LLLR :0.28630 * 0.0 * 0.17037
2023-04-29 01:42:59.357 | INFO     | utils.logging:log_training_results:317 - train weight decay:453.16629 * 0.0006000000000000001 * 1.77877
2023-04-29 01:43:40.502 | INFO     | __main__:objective:356 - Starting epoch #3.
2023-04-29 01:43:58.381 | INFO     | utils.logging:log_training_results:280 - 
2023-04-29 01:43:58.382 | INFO     | utils.logging:log_training_results:281 - Global Step =   1250
2023-04-29 01:43:58.382 | INFO     | utils.logging:log_training_results:282 - val mean(MacRec)_t: 0.8722800016403198
2023-04-29 01:43:58.383 | INFO     | utils.logging:log_training_results:287 - val mean ABSerr: 0.4392964839935303
2023-04-29 01:43:58.383 | INFO     | utils.logging:log_training_results:290 - val ausat from confmx: 0.9805667400360107
2023-04-29 01:43:58.384 | INFO     | utils.logging:log_training_results:301 - val MCE loss:0.95231 * 1.0 * -0.68785
2023-04-29 01:43:58.384 | INFO     | utils.logging:log_training_results:309 - val LLLR :0.30213 * 0.0 * 0.00002
2023-04-29 01:43:58.385 | INFO     | utils.logging:log_training_results:317 - val weight decay:388.03256 * 0.0006000000000000001 * 1.68350
2023-04-29 01:43:58.479 | INFO     | utils.checkpoint:update_and_save_result:168 - [36mBest value updated![0m
2023-04-29 01:43:58.491 | INFO     | utils.checkpoint:save_checkpoint:83 - [36mSaved checkpoint[0m at step 1250.
2023-04-29 01:43:58.495 | INFO     | utils.checkpoint:keep_max_num_saved_models:101 - Removed the oldest model for max_to_keep=1
2023-04-29 01:43:59.293 | INFO     | utils.logging:save_sdre_imgs:710 - Figures saved.
2023-04-29 01:43:59.772 | INFO     | utils.logging:log_training_results:280 - 
2023-04-29 01:43:59.772 | INFO     | utils.logging:log_training_results:281 - Global Step =   1250
2023-04-29 01:43:59.773 | INFO     | utils.logging:log_training_results:282 - train mean(MacRec)_t: 0.8702962398529053
2023-04-29 01:43:59.773 | INFO     | utils.logging:log_training_results:287 - train mean ABSerr: 0.437619686126709
2023-04-29 01:43:59.773 | INFO     | utils.logging:log_training_results:290 - train ausat from confmx: 0.9691255688667297
2023-04-29 01:43:59.774 | INFO     | utils.logging:log_training_results:301 - train MCE loss:0.94132 * 1.0 * -0.68782
2023-04-29 01:43:59.774 | INFO     | utils.logging:log_training_results:309 - train LLLR :0.32136 * 0.0 * 0.00005
2023-04-29 01:43:59.775 | INFO     | utils.logging:log_training_results:317 - train weight decay:388.03253 * 0.0006000000000000001 * 1.68312
2023-04-29 01:44:59.465 | INFO     | utils.logging:log_training_results:280 - 
2023-04-29 01:44:59.466 | INFO     | utils.logging:log_training_results:281 - Global Step =   1500
2023-04-29 01:44:59.466 | INFO     | utils.logging:log_training_results:282 - val mean(MacRec)_t: 0.8726434111595154
2023-04-29 01:44:59.467 | INFO     | utils.logging:log_training_results:287 - val mean ABSerr: 0.40078824758529663
2023-04-29 01:44:59.467 | INFO     | utils.logging:log_training_results:290 - val ausat from confmx: 0.9793242812156677
2023-04-29 01:44:59.468 | INFO     | utils.logging:log_training_results:301 - val MCE loss:0.95209 * 1.0 * -0.68783
2023-04-29 01:44:59.468 | INFO     | utils.logging:log_training_results:309 - val LLLR :0.30105 * 0.0 * 0.00000
2023-04-29 01:44:59.468 | INFO     | utils.logging:log_training_results:317 - val weight decay:334.00940 * 0.0006000000000000001 * 1.58615
2023-04-29 01:44:59.567 | INFO     | utils.checkpoint:update_and_save_result:168 - [36mBest value updated![0m
2023-04-29 01:44:59.592 | INFO     | utils.checkpoint:save_checkpoint:83 - [36mSaved checkpoint[0m at step 1500.
2023-04-29 01:44:59.595 | INFO     | utils.checkpoint:keep_max_num_saved_models:101 - Removed the oldest model for max_to_keep=1
2023-04-29 01:45:00.438 | INFO     | utils.logging:save_sdre_imgs:710 - Figures saved.
2023-04-29 01:45:00.892 | INFO     | utils.logging:log_training_results:280 - 
2023-04-29 01:45:00.892 | INFO     | utils.logging:log_training_results:281 - Global Step =   1500
2023-04-29 01:45:00.893 | INFO     | utils.logging:log_training_results:282 - train mean(MacRec)_t: 0.8976696729660034
2023-04-29 01:45:00.893 | INFO     | utils.logging:log_training_results:287 - train mean ABSerr: 0.36882123351097107
2023-04-29 01:45:00.894 | INFO     | utils.logging:log_training_results:290 - train ausat from confmx: 0.9894058704376221
2023-04-29 01:45:00.894 | INFO     | utils.logging:log_training_results:301 - train MCE loss:0.94320 * 1.0 * -0.68782
2023-04-29 01:45:00.894 | INFO     | utils.logging:log_training_results:309 - train LLLR :0.25850 * 0.0 * 0.00000
2023-04-29 01:45:00.895 | INFO     | utils.logging:log_training_results:317 - train weight decay:334.00940 * 0.0006000000000000001 * 1.58576
2023-04-29 01:45:21.190 | INFO     | __main__:objective:356 - Starting epoch #4.
2023-04-29 01:45:58.927 | INFO     | utils.logging:log_training_results:280 - 
2023-04-29 01:45:58.927 | INFO     | utils.logging:log_training_results:281 - Global Step =   1750
2023-04-29 01:45:58.928 | INFO     | utils.logging:log_training_results:282 - val mean(MacRec)_t: 0.8727800846099854
2023-04-29 01:45:58.928 | INFO     | utils.logging:log_training_results:287 - val mean ABSerr: 0.39606842398643494
2023-04-29 01:45:58.929 | INFO     | utils.logging:log_training_results:290 - val ausat from confmx: 0.9800055027008057
2023-04-29 01:45:58.930 | INFO     | utils.logging:log_training_results:301 - val MCE loss:0.95187 * 1.0 * -0.68815
2023-04-29 01:45:58.930 | INFO     | utils.logging:log_training_results:309 - val LLLR :0.30064 * 0.0 * -0.00000
2023-04-29 01:45:58.930 | INFO     | utils.logging:log_training_results:317 - val weight decay:288.11484 * 0.0006000000000000001 * 1.48705
2023-04-29 01:45:59.028 | INFO     | utils.checkpoint:update_and_save_result:168 - [36mBest value updated![0m
2023-04-29 01:45:59.042 | INFO     | utils.checkpoint:save_checkpoint:83 - [36mSaved checkpoint[0m at step 1750.
2023-04-29 01:45:59.046 | INFO     | utils.checkpoint:keep_max_num_saved_models:101 - Removed the oldest model for max_to_keep=1
2023-04-29 01:45:59.835 | INFO     | utils.logging:save_sdre_imgs:710 - Figures saved.
2023-04-29 01:46:00.271 | INFO     | utils.logging:log_training_results:280 - 
2023-04-29 01:46:00.271 | INFO     | utils.logging:log_training_results:281 - Global Step =   1750
2023-04-29 01:46:00.272 | INFO     | utils.logging:log_training_results:282 - train mean(MacRec)_t: 0.8850486278533936
2023-04-29 01:46:00.272 | INFO     | utils.logging:log_training_results:287 - train mean ABSerr: 0.3756570518016815
2023-04-29 01:46:00.272 | INFO     | utils.logging:log_training_results:290 - train ausat from confmx: 0.9901460409164429
2023-04-29 01:46:00.273 | INFO     | utils.logging:log_training_results:301 - train MCE loss:0.94977 * 1.0 * -0.68812
2023-04-29 01:46:00.273 | INFO     | utils.logging:log_training_results:309 - train LLLR :0.29834 * 0.0 * 0.00000
2023-04-29 01:46:00.273 | INFO     | utils.logging:log_training_results:317 - train weight decay:288.11484 * 0.0006000000000000001 * 1.48665
2023-04-29 01:46:50.209 | INFO     | __main__:objective:356 - Starting epoch #5.
2023-04-29 01:46:57.622 | INFO     | utils.logging:log_training_results:280 - 
2023-04-29 01:46:57.623 | INFO     | utils.logging:log_training_results:281 - Global Step =   2000
2023-04-29 01:46:57.623 | INFO     | utils.logging:log_training_results:282 - val mean(MacRec)_t: 0.8726399540901184
2023-04-29 01:46:57.624 | INFO     | utils.logging:log_training_results:287 - val mean ABSerr: 0.38840538263320923
2023-04-29 01:46:57.624 | INFO     | utils.logging:log_training_results:290 - val ausat from confmx: 0.9795036911964417
2023-04-29 01:46:57.625 | INFO     | utils.logging:log_training_results:301 - val MCE loss:0.95199 * 1.0 * -0.68826
2023-04-29 01:46:57.625 | INFO     | utils.logging:log_training_results:309 - val LLLR :0.30009 * 0.0 * -0.00000
2023-04-29 01:46:57.626 | INFO     | utils.logging:log_training_results:317 - val weight decay:247.40825 * 0.0006000000000000001 * 1.38612
2023-04-29 01:46:57.721 | INFO     | utils.checkpoint:update_and_save_result:168 - [36mBest value updated![0m
2023-04-29 01:46:57.735 | INFO     | utils.checkpoint:save_checkpoint:83 - [36mSaved checkpoint[0m at step 2000.
2023-04-29 01:46:57.738 | INFO     | utils.checkpoint:keep_max_num_saved_models:101 - Removed the oldest model for max_to_keep=1
2023-04-29 01:46:58.549 | INFO     | utils.logging:save_sdre_imgs:710 - Figures saved.
2023-04-29 01:46:58.981 | INFO     | utils.logging:log_training_results:280 - 
2023-04-29 01:46:58.982 | INFO     | utils.logging:log_training_results:281 - Global Step =   2000
2023-04-29 01:46:58.982 | INFO     | utils.logging:log_training_results:282 - train mean(MacRec)_t: 0.8761417269706726
2023-04-29 01:46:58.983 | INFO     | utils.logging:log_training_results:287 - train mean ABSerr: 0.37599408626556396
2023-04-29 01:46:58.983 | INFO     | utils.logging:log_training_results:290 - train ausat from confmx: 0.9756643772125244
2023-04-29 01:46:58.985 | INFO     | utils.logging:log_training_results:301 - train MCE loss:0.96300 * 1.0 * -0.68827
2023-04-29 01:46:58.986 | INFO     | utils.logging:log_training_results:309 - train LLLR :0.29012 * 0.0 * -0.00000
2023-04-29 01:46:58.986 | INFO     | utils.logging:log_training_results:317 - train weight decay:247.40823 * 0.0006000000000000001 * 1.38572
2023-04-29 01:47:59.883 | INFO     | utils.logging:log_training_results:280 - 
2023-04-29 01:47:59.886 | INFO     | utils.logging:log_training_results:281 - Global Step =   2250
2023-04-29 01:47:59.887 | INFO     | utils.logging:log_training_results:282 - val mean(MacRec)_t: 0.8730267286300659
2023-04-29 01:47:59.888 | INFO     | utils.logging:log_training_results:287 - val mean ABSerr: 0.38904866576194763
2023-04-29 01:47:59.889 | INFO     | utils.logging:log_training_results:290 - val ausat from confmx: 0.9802192449569702
2023-04-29 01:47:59.890 | INFO     | utils.logging:log_training_results:301 - val MCE loss:0.95214 * 1.0 * -0.68812
2023-04-29 01:47:59.890 | INFO     | utils.logging:log_training_results:309 - val LLLR :0.29902 * 0.0 * -0.00000
2023-04-29 01:47:59.891 | INFO     | utils.logging:log_training_results:317 - val weight decay:212.59505 * 0.0006000000000000001 * 1.28328
2023-04-29 01:48:01.205 | INFO     | utils.logging:save_sdre_imgs:710 - Figures saved.
2023-04-29 01:48:01.798 | INFO     | utils.logging:log_training_results:280 - 
2023-04-29 01:48:01.799 | INFO     | utils.logging:log_training_results:281 - Global Step =   2250
2023-04-29 01:48:01.800 | INFO     | utils.logging:log_training_results:282 - train mean(MacRec)_t: 0.8731040954589844
2023-04-29 01:48:01.800 | INFO     | utils.logging:log_training_results:287 - train mean ABSerr: 0.3602079153060913
2023-04-29 01:48:01.801 | INFO     | utils.logging:log_training_results:290 - train ausat from confmx: 0.9897760152816772
2023-04-29 01:48:01.802 | INFO     | utils.logging:log_training_results:301 - train MCE loss:0.94856 * 1.0 * -0.68818
2023-04-29 01:48:01.803 | INFO     | utils.logging:log_training_results:309 - train LLLR :0.27764 * 0.0 * -0.00000
2023-04-29 01:48:01.803 | INFO     | utils.logging:log_training_results:317 - train weight decay:212.59505 * 0.0006000000000000001 * 1.28286
2023-04-29 01:48:33.817 | INFO     | __main__:objective:356 - Starting epoch #6.
2023-04-29 01:49:01.194 | INFO     | utils.logging:log_training_results:280 - 
2023-04-29 01:49:01.195 | INFO     | utils.logging:log_training_results:281 - Global Step =   2500
2023-04-29 01:49:01.195 | INFO     | utils.logging:log_training_results:282 - val mean(MacRec)_t: 0.8718099594116211
2023-04-29 01:49:01.196 | INFO     | utils.logging:log_training_results:287 - val mean ABSerr: 0.42744264006614685
2023-04-29 01:49:01.196 | INFO     | utils.logging:log_training_results:290 - val ausat from confmx: 0.9801891446113586
2023-04-29 01:49:01.197 | INFO     | utils.logging:log_training_results:301 - val MCE loss:0.95252 * 1.0 * -0.68799
2023-04-29 01:49:01.197 | INFO     | utils.logging:log_training_results:309 - val LLLR :0.30233 * 0.0 * 0.00000
2023-04-29 01:49:01.197 | INFO     | utils.logging:log_training_results:317 - val weight decay:181.57591 * 0.0006000000000000001 * 1.17838
2023-04-29 01:49:02.075 | INFO     | utils.logging:save_sdre_imgs:710 - Figures saved.
2023-04-29 01:49:02.518 | INFO     | utils.logging:log_training_results:280 - 
2023-04-29 01:49:02.520 | INFO     | utils.logging:log_training_results:281 - Global Step =   2500
2023-04-29 01:49:02.520 | INFO     | utils.logging:log_training_results:282 - train mean(MacRec)_t: 0.8563801646232605
2023-04-29 01:49:02.521 | INFO     | utils.logging:log_training_results:287 - train mean ABSerr: 0.3896346092224121
2023-04-29 01:49:02.521 | INFO     | utils.logging:log_training_results:290 - train ausat from confmx: 0.9890953302383423
2023-04-29 01:49:02.521 | INFO     | utils.logging:log_training_results:301 - train MCE loss:0.95875 * 1.0 * -0.68798
2023-04-29 01:49:02.522 | INFO     | utils.logging:log_training_results:309 - train LLLR :0.33824 * 0.0 * -0.00000
2023-04-29 01:49:02.522 | INFO     | utils.logging:log_training_results:317 - train weight decay:181.57591 * 0.0006000000000000001 * 1.17795
2023-04-29 01:49:59.119 | INFO     | utils.logging:log_training_results:280 - 
2023-04-29 01:49:59.120 | INFO     | utils.logging:log_training_results:281 - Global Step =   2750
2023-04-29 01:49:59.121 | INFO     | utils.logging:log_training_results:282 - val mean(MacRec)_t: 0.8728700280189514
2023-04-29 01:49:59.121 | INFO     | utils.logging:log_training_results:287 - val mean ABSerr: 0.45485806465148926
2023-04-29 01:49:59.122 | INFO     | utils.logging:log_training_results:290 - val ausat from confmx: 0.9804721474647522
2023-04-29 01:49:59.122 | INFO     | utils.logging:log_training_results:301 - val MCE loss:0.95271 * 1.0 * -0.68944
2023-04-29 01:49:59.123 | INFO     | utils.logging:log_training_results:309 - val LLLR :0.30060 * 0.0 * 0.00000
2023-04-29 01:49:59.123 | INFO     | utils.logging:log_training_results:317 - val weight decay:152.93420 * 0.0006000000000000001 * 1.07119
2023-04-29 01:50:00.012 | INFO     | utils.logging:save_sdre_imgs:710 - Figures saved.
2023-04-29 01:50:00.467 | INFO     | utils.logging:log_training_results:280 - 
2023-04-29 01:50:00.468 | INFO     | utils.logging:log_training_results:281 - Global Step =   2750
2023-04-29 01:50:00.469 | INFO     | utils.logging:log_training_results:282 - train mean(MacRec)_t: 0.8827629089355469
2023-04-29 01:50:00.469 | INFO     | utils.logging:log_training_results:287 - train mean ABSerr: 0.4492393732070923
2023-04-29 01:50:00.469 | INFO     | utils.logging:log_training_results:290 - train ausat from confmx: 0.9886770844459534
2023-04-29 01:50:00.470 | INFO     | utils.logging:log_training_results:301 - train MCE loss:0.93595 * 1.0 * -0.68939
2023-04-29 01:50:00.471 | INFO     | utils.logging:log_training_results:309 - train LLLR :0.29264 * 0.0 * 0.00000
2023-04-29 01:50:00.472 | INFO     | utils.logging:log_training_results:317 - train weight decay:152.93420 * 0.0006000000000000001 * 1.07076
2023-04-29 01:50:11.183 | INFO     | __main__:objective:356 - Starting epoch #7.
2023-04-29 01:51:00.716 | INFO     | utils.logging:log_training_results:280 - 
2023-04-29 01:51:00.717 | INFO     | utils.logging:log_training_results:281 - Global Step =   3000
2023-04-29 01:51:00.717 | INFO     | utils.logging:log_training_results:282 - val mean(MacRec)_t: 0.872979998588562
2023-04-29 01:51:00.718 | INFO     | utils.logging:log_training_results:287 - val mean ABSerr: 0.4398718476295471
2023-04-29 01:51:00.718 | INFO     | utils.logging:log_training_results:290 - val ausat from confmx: 0.981526255607605
2023-04-29 01:51:00.719 | INFO     | utils.logging:log_training_results:301 - val MCE loss:0.95315 * 1.0 * -0.68824
2023-04-29 01:51:00.719 | INFO     | utils.logging:log_training_results:309 - val LLLR :0.29968 * 0.0 * -0.00000
2023-04-29 01:51:00.720 | INFO     | utils.logging:log_training_results:317 - val weight decay:128.07246 * 0.0006000000000000001 * 0.96137
2023-04-29 01:51:01.642 | INFO     | utils.logging:save_sdre_imgs:710 - Figures saved.
2023-04-29 01:51:02.130 | INFO     | utils.logging:log_training_results:280 - 
2023-04-29 01:51:02.131 | INFO     | utils.logging:log_training_results:281 - Global Step =   3000
2023-04-29 01:51:02.131 | INFO     | utils.logging:log_training_results:282 - train mean(MacRec)_t: 0.8685522079467773
2023-04-29 01:51:02.131 | INFO     | utils.logging:log_training_results:287 - train mean ABSerr: 0.4231412708759308
2023-04-29 01:51:02.132 | INFO     | utils.logging:log_training_results:290 - train ausat from confmx: 0.9948146939277649
2023-04-29 01:51:02.132 | INFO     | utils.logging:log_training_results:301 - train MCE loss:0.95671 * 1.0 * -0.68827
2023-04-29 01:51:02.133 | INFO     | utils.logging:log_training_results:309 - train LLLR :0.29614 * 0.0 * 0.00000
2023-04-29 01:51:02.133 | INFO     | utils.logging:log_training_results:317 - train weight decay:128.07246 * 0.0006000000000000001 * 0.96093
2023-04-29 01:51:43.658 | INFO     | __main__:objective:356 - Starting epoch #8.
2023-04-29 01:52:01.073 | INFO     | utils.logging:log_training_results:280 - 
2023-04-29 01:52:01.073 | INFO     | utils.logging:log_training_results:281 - Global Step =   3250
2023-04-29 01:52:01.074 | INFO     | utils.logging:log_training_results:282 - val mean(MacRec)_t: 0.8719700574874878
2023-04-29 01:52:01.074 | INFO     | utils.logging:log_training_results:287 - val mean ABSerr: 0.533228874206543
2023-04-29 01:52:01.075 | INFO     | utils.logging:log_training_results:290 - val ausat from confmx: 0.9808886647224426
2023-04-29 01:52:01.075 | INFO     | utils.logging:log_training_results:301 - val MCE loss:0.95361 * 1.0 * -0.69014
2023-04-29 01:52:01.075 | INFO     | utils.logging:log_training_results:309 - val LLLR :0.30157 * 0.0 * -0.00000
2023-04-29 01:52:01.076 | INFO     | utils.logging:log_training_results:317 - val weight decay:104.23285 * 0.0006000000000000001 * 0.84843
2023-04-29 01:52:02.172 | INFO     | utils.logging:save_sdre_imgs:710 - Figures saved.
2023-04-29 01:52:02.620 | INFO     | utils.logging:log_training_results:280 - 
2023-04-29 01:52:02.620 | INFO     | utils.logging:log_training_results:281 - Global Step =   3250
2023-04-29 01:52:02.621 | INFO     | utils.logging:log_training_results:282 - train mean(MacRec)_t: 0.8826526999473572
2023-04-29 01:52:02.621 | INFO     | utils.logging:log_training_results:287 - train mean ABSerr: 0.5009692311286926
2023-04-29 01:52:02.621 | INFO     | utils.logging:log_training_results:290 - train ausat from confmx: 0.9891760349273682
2023-04-29 01:52:02.622 | INFO     | utils.logging:log_training_results:301 - train MCE loss:0.93947 * 1.0 * -0.69012
2023-04-29 01:52:02.622 | INFO     | utils.logging:log_training_results:309 - train LLLR :0.28156 * 0.0 * -0.00000
2023-04-29 01:52:02.623 | INFO     | utils.logging:log_training_results:317 - train weight decay:104.23285 * 0.0006000000000000001 * 0.84797
2023-04-29 01:53:00.275 | INFO     | utils.logging:log_training_results:280 - 
2023-04-29 01:53:00.276 | INFO     | utils.logging:log_training_results:281 - Global Step =   3500
2023-04-29 01:53:00.276 | INFO     | utils.logging:log_training_results:282 - val mean(MacRec)_t: 0.8719766139984131
2023-04-29 01:53:00.276 | INFO     | utils.logging:log_training_results:287 - val mean ABSerr: 0.5937005877494812
2023-04-29 01:53:00.277 | INFO     | utils.logging:log_training_results:290 - val ausat from confmx: 0.9802854657173157
2023-04-29 01:53:00.277 | INFO     | utils.logging:log_training_results:301 - val MCE loss:0.95432 * 1.0 * -0.68950
2023-04-29 01:53:00.278 | INFO     | utils.logging:log_training_results:309 - val LLLR :0.30183 * 0.0 * 0.00000
2023-04-29 01:53:00.278 | INFO     | utils.logging:log_training_results:317 - val weight decay:83.57973 * 0.0006000000000000001 * 0.73164
2023-04-29 01:53:01.167 | INFO     | utils.logging:save_sdre_imgs:710 - Figures saved.
2023-04-29 01:53:01.624 | INFO     | utils.logging:log_training_results:280 - 
2023-04-29 01:53:01.625 | INFO     | utils.logging:log_training_results:281 - Global Step =   3500
2023-04-29 01:53:01.625 | INFO     | utils.logging:log_training_results:282 - train mean(MacRec)_t: 0.8688414096832275
2023-04-29 01:53:01.626 | INFO     | utils.logging:log_training_results:287 - train mean ABSerr: 0.5847539901733398
2023-04-29 01:53:01.626 | INFO     | utils.logging:log_training_results:290 - train ausat from confmx: 0.9754590392112732
2023-04-29 01:53:01.626 | INFO     | utils.logging:log_training_results:301 - train MCE loss:0.94938 * 1.0 * -0.68956
2023-04-29 01:53:01.627 | INFO     | utils.logging:log_training_results:309 - train LLLR :0.31621 * 0.0 * -0.00000
2023-04-29 01:53:01.627 | INFO     | utils.logging:log_training_results:317 - train weight decay:83.57973 * 0.0006000000000000001 * 0.73116
2023-04-29 01:53:22.221 | INFO     | __main__:objective:356 - Starting epoch #9.
2023-04-29 01:54:01.083 | INFO     | utils.logging:log_training_results:280 - 
2023-04-29 01:54:01.084 | INFO     | utils.logging:log_training_results:281 - Global Step =   3750
2023-04-29 01:54:01.084 | INFO     | utils.logging:log_training_results:282 - val mean(MacRec)_t: 0.8697799444198608
2023-04-29 01:54:01.084 | INFO     | utils.logging:log_training_results:287 - val mean ABSerr: 0.7253947854042053
2023-04-29 01:54:01.085 | INFO     | utils.logging:log_training_results:290 - val ausat from confmx: 0.9797080755233765
2023-04-29 01:54:01.085 | INFO     | utils.logging:log_training_results:301 - val MCE loss:0.95569 * 1.0 * -0.68938
2023-04-29 01:54:01.086 | INFO     | utils.logging:log_training_results:309 - val LLLR :0.30736 * 0.0 * 0.00000
2023-04-29 01:54:01.086 | INFO     | utils.logging:log_training_results:317 - val weight decay:65.01212 * 0.0006000000000000001 * 0.60981
2023-04-29 01:54:01.985 | INFO     | utils.logging:save_sdre_imgs:710 - Figures saved.
2023-04-29 01:54:02.461 | INFO     | utils.logging:log_training_results:280 - 
2023-04-29 01:54:02.461 | INFO     | utils.logging:log_training_results:281 - Global Step =   3750
2023-04-29 01:54:02.462 | INFO     | utils.logging:log_training_results:282 - train mean(MacRec)_t: 0.8585155010223389
2023-04-29 01:54:02.462 | INFO     | utils.logging:log_training_results:287 - train mean ABSerr: 0.7849338054656982
2023-04-29 01:54:02.462 | INFO     | utils.logging:log_training_results:290 - train ausat from confmx: 0.9876294136047363
2023-04-29 01:54:02.463 | INFO     | utils.logging:log_training_results:301 - train MCE loss:0.93277 * 1.0 * -0.68929
2023-04-29 01:54:02.463 | INFO     | utils.logging:log_training_results:309 - train LLLR :0.30850 * 0.0 * -0.00000
2023-04-29 01:54:02.464 | INFO     | utils.logging:log_training_results:317 - train weight decay:65.01212 * 0.0006000000000000001 * 0.60931
2023-04-29 01:54:53.778 | INFO     | utils.logging:investigate_log:155 - num_warning=0/num_error=0 in the .log file.
2023-04-29 01:54:53.949 | INFO     | optuna.study.study:_log_completed_trial:1020 - Trial 15 finished with value: 0.38840538263320923 and parameters: {'LIST_IS_POSITIONAL_ENCODING': False, 'LIST_MODEL_BACKBONE': 'LSTM', 'LIST_WEIGHT_DECAY': 0.0006000000000000001, 'LIST_LEARNING_RATE': 0.0003478625692488785, 'LIST_LLLR_VERSION': 'LSEL', 'LIST_ACTIVATION_FC': 'B2Bcbrt', 'LIST_PARAM_MULTIPLET_LOSS': 1.0, 'LIST_PARAM_LLR_LOSS': 0.0, 'LIST_IS_ADAPTIVE_LOSS': True, 'LIST_ORDER_SPRT': 2, 'LIST_OPTIMIZER': 'adam', 'LIST_IS_NORMALIZE': False, 'LIST_NUM_THRESH': 1000, 'LIST_SPARSITY': 'logspace', 'LIST_ACTIVATION_OUTPUT': 'tanh', 'LIST_ACTIVATION_INPUT': 'tanh', 'LIST_WIDTH_LSTM': 127}. Best is trial 8 with value: 0.2769455015659332.
2023-04-29 01:54:53.968 | INFO     | utils.hyperparameter_tuning:suggest_parameters:560 - [33mStarting a tuning phase.[0m
2023-04-29 01:54:54.418 | INFO     | utils.hyperparameter_tuning:print:394 - 
+------------------------------------------+
|   Hyperparameteres suggested by Optuna   |
+------------------------+-----------------+
|     Parameter name     | Suggested value |
+------------------------+-----------------+
|     ACTIVATION_FC      |       gelu      |
|        DROPOUT         |       0.4       |
|         FF_DIM         |        64       |
|    IS_ADAPTIVE_LOSS    |       True      |
|      IS_NORMALIZE      |      False      |
| IS_POSITIONAL_ENCODING |      False      |
|     LEARNING_RATE      |    5.9872e-05   |
|      LLLR_VERSION      |       LSEL      |
|       MLP_UNITS        |        64       |
|     MODEL_BACKBONE     |   Transformer   |
|       NUM_BLOCKS       |        2        |
|       NUM_HEADS        |        4        |
|       NUM_THRESH       |       1500      |
|       OPTIMIZER        |     rmsprop     |
|       ORDER_SPRT       |        2        |
|     PARAM_LLR_LOSS     |       0.2       |
|  PARAM_MULTIPLET_LOSS  |       0.5       |
|        SPARSITY        |     linspace    |
|      WEIGHT_DECAY      |      0.0009     |
+------------------------+-----------------+
2023-04-29 01:54:54.419 | INFO     | utils.misc:create_directories_and_log:291 - [33mA new log directory was created: [0m/home/afe/Dropbox/GitHub/SPRT-TANDEM-PyTorch/logs/public_offset0_5_optimmabs_tuning/checkpoints/Transformer_20230429_015454419/configs
2023-04-29 01:54:54.420 | INFO     | utils.misc:create_directories_and_log:291 - [33mA new log directory was created: [0m/home/afe/Dropbox/GitHub/SPRT-TANDEM-PyTorch/logs/public_offset0_5_optimmabs_tuning/TensorBoard_events/Transformer_20230429_015454419
