2023-04-29 03:38:22.140 | INFO     | utils.misc:fix_random_seed:405 - Random seed is not fixed.
2023-04-29 03:38:22.195 | INFO     | models.temporal_integrators:summarize:568 - 
:'######::'########::'########::'########::::::::::::::::::::::
'##... ##: ##.... ##: ##.... ##:... ##..:::::::::::::::::::::::
 ##:::..:: ##:::: ##: ##:::: ##:::: ##:::::::::::::::::::::::::
. ######:: ########:: ########::::: ##::::'#######:::::::::::::
:..... ##: ##.....::: ##.. ##:::::: ##::::........:::::::::::::
'##::: ##: ##:::::::: ##::. ##::::: ##:::::::::::::::::::::::::
. ######:: ##:::::::: ##:::. ##:::: ##:::::::::::::::::::::::::
:......:::..:::::::::..:::::..:::::..::::::::::::::::::::::::::
'########::::'###::::'##::: ##:'########::'########:'##::::'##:
... ##..::::'## ##::: ###:: ##: ##.... ##: ##.....:: ###::'###:
::: ##:::::'##:. ##:: ####: ##: ##:::: ##: ##::::::: ####'####:
::: ##::::'##:::. ##: ## ## ##: ##:::: ##: ######::: ## ### ##:
::: ##:::: #########: ##. ####: ##:::: ##: ##...:::: ##. #: ##:
::: ##:::: ##.... ##: ##:. ###: ##:::: ##: ##::::::: ##:.:: ##:
::: ##:::: ##:::: ##: ##::. ##: ########:: ########: ##:::: ##:
:::..:::::..:::::..::..::::..::........:::........::..:::::..::

2023-04-29 03:38:22.196 | INFO     | models.temporal_integrators:summarize:571 - [34mofficial PyTorch implementation.[0m
2023-04-29 03:38:23.097 | INFO     | models.temporal_integrators:summarize:593 - Network summary:
===============================================================================================
Layer (type:depth-idx)                        Output Shape              Param #
===============================================================================================
TANDEMformer                                  [150, 50, 3, 3]           387
├─TransformerEncoder: 1-1                     [7200, 1, 128]            --
│    └─ModuleList: 2-3                        --                        (recursive)
│    │    └─TransformerEncoderLayer: 3-1      [7200, 1, 128]            83,136
│    │    └─TransformerEncoderLayer: 3-2      [7200, 1, 128]            83,136
├─Linear: 1-2                                 [7200, 64]                8,256
├─Dropout: 1-3                                [7200, 64]                --
├─TransformerEncoder: 1-4                     [7200, 2, 128]            (recursive)
│    └─ModuleList: 2-3                        --                        (recursive)
│    │    └─TransformerEncoderLayer: 3-3      [7200, 2, 128]            (recursive)
│    │    └─TransformerEncoderLayer: 3-4      [7200, 2, 128]            (recursive)
├─Linear: 1-5                                 [7200, 64]                (recursive)
├─Dropout: 1-6                                [7200, 64]                --
├─TransformerEncoder: 1-7                     [7200, 3, 128]            (recursive)
│    └─ModuleList: 2-3                        --                        (recursive)
│    │    └─TransformerEncoderLayer: 3-5      [7200, 3, 128]            (recursive)
│    │    └─TransformerEncoderLayer: 3-6      [7200, 3, 128]            (recursive)
├─Linear: 1-8                                 [7200, 64]                (recursive)
├─Dropout: 1-9                                [7200, 64]                --
├─Linear: 1-10                                [7200, 3]                 195
├─Linear: 1-11                                [7200, 3]                 (recursive)
├─Linear: 1-12                                [7200, 3]                 (recursive)
===============================================================================================
Total params: 175,110
Trainable params: 175,110
Non-trainable params: 0
Total mult-adds (M): 920.74
===============================================================================================
Input size (MB): 3.84
Forward/backward pass size (MB): 321.24
Params size (MB): 0.17
Estimated Total Size (MB): 325.25
===============================================================================================
2023-04-29 03:38:23.101 | INFO     | models.temporal_integrators:summarize:594 - Example input shape: torch.Size([150, 50, 128])
2023-04-29 03:38:23.101 | INFO     | models.temporal_integrators:summarize:595 - Example output shape: torch.Size([150, 50, 3, 3])
2023-04-29 03:38:23.103 | INFO     | models.temporal_integrators:import_model:58 - model moved onto: [33mcuda.[0m
2023-04-29 03:38:23.105 | INFO     | models.optimizers:initialize_optimizer:44 - Optimizer:
RMSprop (
Parameter Group 0
    alpha: 0.99
    centered: False
    differentiable: False
    eps: 1e-08
    foreach: None
    lr: 0.0005041305585605052
    maximize: False
    momentum: 0
    weight_decay: 0.0006000000000000001
)
2023-04-29 03:38:23.106 | INFO     | datasets.data_processing:lmdb_dataloaders:293 - loading data... 
2023-04-29 03:38:23.106 | INFO     | datasets.data_processing:lmdb_dataloaders:295 - If this process takes long, consider setting is_load_onto_memory=False or use LMDBIterableDataset.
2023-04-29 03:38:26.169 | INFO     | __main__:objective:356 - Starting epoch #0.
2023-04-29 03:38:38.578 | INFO     | utils.logging:log_training_results:280 - 
2023-04-29 03:38:38.579 | INFO     | utils.logging:log_training_results:281 - Global Step =      0
2023-04-29 03:38:38.580 | INFO     | utils.logging:log_training_results:282 - val mean(MacRec)_t: 0.33219999074935913
2023-04-29 03:38:38.580 | INFO     | utils.logging:log_training_results:287 - val mean ABSerr: 3.5116488933563232
2023-04-29 03:38:38.580 | INFO     | utils.logging:log_training_results:290 - val ausat from confmx: 0.3339492678642273
2023-04-29 03:38:38.581 | INFO     | utils.logging:log_training_results:301 - val MCE loss:1.10543 * 0.30000000000000004 * -2.36604
2023-04-29 03:38:38.581 | INFO     | utils.logging:log_training_results:309 - val LLLR :1.21661 * 0.1 * 0.16556
2023-04-29 03:38:38.582 | INFO     | utils.logging:log_training_results:317 - val weight decay:1512.59314 * 0.0006000000000000001 * -0.33937
2023-04-29 03:38:39.602 | INFO     | utils.logging:save_sdre_imgs:710 - Figures saved.
2023-04-29 03:38:40.226 | INFO     | utils.logging:log_training_results:280 - 
2023-04-29 03:38:40.227 | INFO     | utils.logging:log_training_results:281 - Global Step =      0
2023-04-29 03:38:40.227 | INFO     | utils.logging:log_training_results:282 - train mean(MacRec)_t: 0.33692049980163574
2023-04-29 03:38:40.228 | INFO     | utils.logging:log_training_results:287 - train mean ABSerr: 3.4395499229431152
2023-04-29 03:38:40.228 | INFO     | utils.logging:log_training_results:290 - train ausat from confmx: 0.34789028763771057
2023-04-29 03:38:40.229 | INFO     | utils.logging:log_training_results:301 - train MCE loss:1.10648 * 0.30000000000000004 * -2.36100
2023-04-29 03:38:40.229 | INFO     | utils.logging:log_training_results:309 - train LLLR :1.37700 * 0.1 * 0.17060
2023-04-29 03:38:40.230 | INFO     | utils.logging:log_training_results:317 - train weight decay:1512.59314 * 0.0006000000000000001 * -0.34441
2023-04-29 03:40:10.036 | INFO     | utils.logging:log_training_results:280 - 
2023-04-29 03:40:10.037 | INFO     | utils.logging:log_training_results:281 - Global Step =    250
2023-04-29 03:40:10.037 | INFO     | utils.logging:log_training_results:282 - val mean(MacRec)_t: 0.8697533011436462
2023-04-29 03:40:10.038 | INFO     | utils.logging:log_training_results:287 - val mean ABSerr: 0.5910154581069946
2023-04-29 03:40:10.038 | INFO     | utils.logging:log_training_results:290 - val ausat from confmx: 0.979353666305542
2023-04-29 03:40:10.039 | INFO     | utils.logging:log_training_results:301 - val MCE loss:0.96054 * 0.30000000000000004 * -2.17771
2023-04-29 03:40:10.039 | INFO     | utils.logging:log_training_results:309 - val LLLR :0.30863 * 0.1 * 0.13444
2023-04-29 03:40:10.039 | INFO     | utils.logging:log_training_results:317 - val weight decay:1026.79004 * 0.0006000000000000001 * -0.46518
2023-04-29 03:40:10.175 | INFO     | utils.checkpoint:update_and_save_result:168 - [36mBest value updated![0m
2023-04-29 03:40:10.191 | INFO     | utils.checkpoint:save_checkpoint:83 - [36mSaved checkpoint[0m at step 250.
2023-04-29 03:40:11.176 | INFO     | utils.logging:save_sdre_imgs:710 - Figures saved.
2023-04-29 03:40:11.738 | INFO     | utils.logging:log_training_results:280 - 
2023-04-29 03:40:11.739 | INFO     | utils.logging:log_training_results:281 - Global Step =    250
2023-04-29 03:40:11.739 | INFO     | utils.logging:log_training_results:282 - train mean(MacRec)_t: 0.847833514213562
2023-04-29 03:40:11.739 | INFO     | utils.logging:log_training_results:287 - train mean ABSerr: 1.0493733882904053
2023-04-29 03:40:11.740 | INFO     | utils.logging:log_training_results:290 - train ausat from confmx: 0.9753132462501526
2023-04-29 03:40:11.740 | INFO     | utils.logging:log_training_results:301 - train MCE loss:0.98217 * 0.30000000000000004 * -2.17717
2023-04-29 03:40:11.743 | INFO     | utils.logging:log_training_results:309 - train LLLR :0.37787 * 0.1 * 0.13461
2023-04-29 03:40:11.744 | INFO     | utils.logging:log_training_results:317 - train weight decay:1026.79004 * 0.0006000000000000001 * -0.46541
2023-04-29 03:40:57.081 | INFO     | __main__:objective:356 - Starting epoch #1.
2023-04-29 03:41:40.133 | INFO     | utils.logging:log_training_results:280 - 
2023-04-29 03:41:40.134 | INFO     | utils.logging:log_training_results:281 - Global Step =    500
2023-04-29 03:41:40.135 | INFO     | utils.logging:log_training_results:282 - val mean(MacRec)_t: 0.8732833862304688
2023-04-29 03:41:40.135 | INFO     | utils.logging:log_training_results:287 - val mean ABSerr: 0.5391690135002136
2023-04-29 03:41:40.135 | INFO     | utils.logging:log_training_results:290 - val ausat from confmx: 0.9818282723426819
2023-04-29 03:41:40.136 | INFO     | utils.logging:log_training_results:301 - val MCE loss:0.95848 * 0.30000000000000004 * -2.04721
2023-04-29 03:41:40.136 | INFO     | utils.logging:log_training_results:309 - val LLLR :0.30140 * 0.1 * 0.13030
2023-04-29 03:41:40.137 | INFO     | utils.logging:log_training_results:317 - val weight decay:798.58105 * 0.0006000000000000001 * -0.49445
2023-04-29 03:41:40.272 | INFO     | utils.checkpoint:update_and_save_result:168 - [36mBest value updated![0m
2023-04-29 03:41:40.285 | INFO     | utils.checkpoint:save_checkpoint:83 - [36mSaved checkpoint[0m at step 500.
2023-04-29 03:41:40.288 | INFO     | utils.checkpoint:keep_max_num_saved_models:101 - Removed the oldest model for max_to_keep=1
2023-04-29 03:41:41.106 | INFO     | utils.logging:save_sdre_imgs:710 - Figures saved.
2023-04-29 03:41:41.679 | INFO     | utils.logging:log_training_results:280 - 
2023-04-29 03:41:41.680 | INFO     | utils.logging:log_training_results:281 - Global Step =    500
2023-04-29 03:41:41.680 | INFO     | utils.logging:log_training_results:282 - train mean(MacRec)_t: 0.8436242341995239
2023-04-29 03:41:41.681 | INFO     | utils.logging:log_training_results:287 - train mean ABSerr: 1.0021260976791382
2023-04-29 03:41:41.681 | INFO     | utils.logging:log_training_results:290 - train ausat from confmx: 0.9749172329902649
2023-04-29 03:41:41.681 | INFO     | utils.logging:log_training_results:301 - train MCE loss:0.97689 * 0.30000000000000004 * -2.04669
2023-04-29 03:41:41.682 | INFO     | utils.logging:log_training_results:309 - train LLLR :0.36135 * 0.1 * 0.13060
2023-04-29 03:41:41.682 | INFO     | utils.logging:log_training_results:317 - train weight decay:798.58105 * 0.0006000000000000001 * -0.49442
2023-04-29 03:43:13.355 | INFO     | utils.logging:log_training_results:280 - 
2023-04-29 03:43:13.355 | INFO     | utils.logging:log_training_results:281 - Global Step =    750
2023-04-29 03:43:13.356 | INFO     | utils.logging:log_training_results:282 - val mean(MacRec)_t: 0.87239670753479
2023-04-29 03:43:13.356 | INFO     | utils.logging:log_training_results:287 - val mean ABSerr: 0.42878690361976624
2023-04-29 03:43:13.356 | INFO     | utils.logging:log_training_results:290 - val ausat from confmx: 0.981644868850708
2023-04-29 03:43:13.357 | INFO     | utils.logging:log_training_results:301 - val MCE loss:0.95537 * 0.30000000000000004 * -1.91815
2023-04-29 03:43:13.357 | INFO     | utils.logging:log_training_results:309 - val LLLR :0.30310 * 0.1 * 0.12781
2023-04-29 03:43:13.358 | INFO     | utils.logging:log_training_results:317 - val weight decay:611.13910 * 0.0006000000000000001 * -0.44215
2023-04-29 03:43:13.494 | INFO     | utils.checkpoint:update_and_save_result:168 - [36mBest value updated![0m
2023-04-29 03:43:13.509 | INFO     | utils.checkpoint:save_checkpoint:83 - [36mSaved checkpoint[0m at step 750.
2023-04-29 03:43:13.511 | INFO     | utils.checkpoint:keep_max_num_saved_models:101 - Removed the oldest model for max_to_keep=1
2023-04-29 03:43:14.319 | INFO     | utils.logging:save_sdre_imgs:710 - Figures saved.
2023-04-29 03:43:14.893 | INFO     | utils.logging:log_training_results:280 - 
2023-04-29 03:43:14.894 | INFO     | utils.logging:log_training_results:281 - Global Step =    750
2023-04-29 03:43:14.894 | INFO     | utils.logging:log_training_results:282 - train mean(MacRec)_t: 0.8642438054084778
2023-04-29 03:43:14.894 | INFO     | utils.logging:log_training_results:287 - train mean ABSerr: 0.7899479269981384
2023-04-29 03:43:14.895 | INFO     | utils.logging:log_training_results:290 - train ausat from confmx: 0.977437436580658
2023-04-29 03:43:14.895 | INFO     | utils.logging:log_training_results:301 - train MCE loss:0.97001 * 0.30000000000000004 * -1.91763
2023-04-29 03:43:14.896 | INFO     | utils.logging:log_training_results:309 - train LLLR :0.32866 * 0.1 * 0.12785
2023-04-29 03:43:14.896 | INFO     | utils.logging:log_training_results:317 - train weight decay:611.13904 * 0.0006000000000000001 * -0.44184
2023-04-29 03:43:30.556 | INFO     | __main__:objective:356 - Starting epoch #2.
2023-04-29 03:44:46.325 | INFO     | utils.logging:log_training_results:280 - 
2023-04-29 03:44:46.325 | INFO     | utils.logging:log_training_results:281 - Global Step =   1000
2023-04-29 03:44:46.326 | INFO     | utils.logging:log_training_results:282 - val mean(MacRec)_t: 0.8734866380691528
2023-04-29 03:44:46.326 | INFO     | utils.logging:log_training_results:287 - val mean ABSerr: 0.45125439763069153
2023-04-29 03:44:46.327 | INFO     | utils.logging:log_training_results:290 - val ausat from confmx: 0.9822417497634888
2023-04-29 03:44:46.327 | INFO     | utils.logging:log_training_results:301 - val MCE loss:0.95458 * 0.30000000000000004 * -1.78898
2023-04-29 03:44:46.328 | INFO     | utils.logging:log_training_results:309 - val LLLR :0.30005 * 0.1 * 0.12744
2023-04-29 03:44:46.328 | INFO     | utils.logging:log_training_results:317 - val weight decay:447.39883 * 0.0006000000000000001 * -0.36980
2023-04-29 03:44:47.265 | INFO     | utils.logging:save_sdre_imgs:710 - Figures saved.
2023-04-29 03:44:47.831 | INFO     | utils.logging:log_training_results:280 - 
2023-04-29 03:44:47.832 | INFO     | utils.logging:log_training_results:281 - Global Step =   1000
2023-04-29 03:44:47.832 | INFO     | utils.logging:log_training_results:282 - train mean(MacRec)_t: 0.8549450635910034
2023-04-29 03:44:47.833 | INFO     | utils.logging:log_training_results:287 - train mean ABSerr: 0.782455563545227
2023-04-29 03:44:47.833 | INFO     | utils.logging:log_training_results:290 - train ausat from confmx: 0.9554483294487
2023-04-29 03:44:47.833 | INFO     | utils.logging:log_training_results:301 - train MCE loss:0.96874 * 0.30000000000000004 * -1.78846
2023-04-29 03:44:47.834 | INFO     | utils.logging:log_training_results:309 - train LLLR :0.36188 * 0.1 * 0.12801
2023-04-29 03:44:47.834 | INFO     | utils.logging:log_training_results:317 - train weight decay:447.39883 * 0.0006000000000000001 * -0.36954
2023-04-29 03:45:51.396 | INFO     | __main__:objective:356 - Starting epoch #3.
2023-04-29 03:46:18.655 | INFO     | utils.logging:log_training_results:280 - 
2023-04-29 03:46:18.656 | INFO     | utils.logging:log_training_results:281 - Global Step =   1250
2023-04-29 03:46:18.656 | INFO     | utils.logging:log_training_results:282 - val mean(MacRec)_t: 0.8716433644294739
2023-04-29 03:46:18.657 | INFO     | utils.logging:log_training_results:287 - val mean ABSerr: 0.5077738761901855
2023-04-29 03:46:18.657 | INFO     | utils.logging:log_training_results:290 - val ausat from confmx: 0.9800107479095459
2023-04-29 03:46:18.658 | INFO     | utils.logging:log_training_results:301 - val MCE loss:0.95500 * 0.30000000000000004 * -1.65962
2023-04-29 03:46:18.658 | INFO     | utils.logging:log_training_results:309 - val LLLR :0.30534 * 0.1 * 0.12681
2023-04-29 03:46:18.658 | INFO     | utils.logging:log_training_results:317 - val weight decay:314.10800 * 0.0006000000000000001 * -0.30774
2023-04-29 03:46:19.611 | INFO     | utils.logging:save_sdre_imgs:710 - Figures saved.
2023-04-29 03:46:20.167 | INFO     | utils.logging:log_training_results:280 - 
2023-04-29 03:46:20.168 | INFO     | utils.logging:log_training_results:281 - Global Step =   1250
2023-04-29 03:46:20.168 | INFO     | utils.logging:log_training_results:282 - train mean(MacRec)_t: 0.8610186576843262
2023-04-29 03:46:20.168 | INFO     | utils.logging:log_training_results:287 - train mean ABSerr: 0.7861401438713074
2023-04-29 03:46:20.169 | INFO     | utils.logging:log_training_results:290 - train ausat from confmx: 0.9821587800979614
2023-04-29 03:46:20.169 | INFO     | utils.logging:log_training_results:301 - train MCE loss:0.95191 * 0.30000000000000004 * -1.65910
2023-04-29 03:46:20.170 | INFO     | utils.logging:log_training_results:309 - train LLLR :0.30905 * 0.1 * 0.12661
2023-04-29 03:46:20.170 | INFO     | utils.logging:log_training_results:317 - train weight decay:314.10800 * 0.0006000000000000001 * -0.30751
2023-04-29 03:47:49.725 | INFO     | utils.logging:log_training_results:280 - 
2023-04-29 03:47:49.726 | INFO     | utils.logging:log_training_results:281 - Global Step =   1500
2023-04-29 03:47:49.726 | INFO     | utils.logging:log_training_results:282 - val mean(MacRec)_t: 0.8696366548538208
2023-04-29 03:47:49.727 | INFO     | utils.logging:log_training_results:287 - val mean ABSerr: 0.5485859513282776
2023-04-29 03:47:49.727 | INFO     | utils.logging:log_training_results:290 - val ausat from confmx: 0.9797418713569641
2023-04-29 03:47:49.727 | INFO     | utils.logging:log_training_results:301 - val MCE loss:0.95804 * 0.30000000000000004 * -1.53004
2023-04-29 03:47:49.728 | INFO     | utils.logging:log_training_results:309 - val LLLR :0.30933 * 0.1 * 0.12658
2023-04-29 03:47:49.728 | INFO     | utils.logging:log_training_results:317 - val weight decay:207.66031 * 0.0006000000000000001 * -0.24976
2023-04-29 03:47:50.650 | INFO     | utils.logging:save_sdre_imgs:710 - Figures saved.
2023-04-29 03:47:51.211 | INFO     | utils.logging:log_training_results:280 - 
2023-04-29 03:47:51.212 | INFO     | utils.logging:log_training_results:281 - Global Step =   1500
2023-04-29 03:47:51.212 | INFO     | utils.logging:log_training_results:282 - train mean(MacRec)_t: 0.8624662756919861
2023-04-29 03:47:51.212 | INFO     | utils.logging:log_training_results:287 - train mean ABSerr: 0.8037468194961548
2023-04-29 03:47:51.213 | INFO     | utils.logging:log_training_results:290 - train ausat from confmx: 0.9782081842422485
2023-04-29 03:47:51.213 | INFO     | utils.logging:log_training_results:301 - train MCE loss:0.95085 * 0.30000000000000004 * -1.52952
2023-04-29 03:47:51.214 | INFO     | utils.logging:log_training_results:309 - train LLLR :0.36625 * 0.1 * 0.12725
2023-04-29 03:47:51.214 | INFO     | utils.logging:log_training_results:317 - train weight decay:207.66029 * 0.0006000000000000001 * -0.24953
2023-04-29 03:48:22.057 | INFO     | __main__:objective:356 - Starting epoch #4.
2023-04-29 03:49:19.878 | INFO     | utils.logging:log_training_results:280 - 
2023-04-29 03:49:19.879 | INFO     | utils.logging:log_training_results:281 - Global Step =   1750
2023-04-29 03:49:19.879 | INFO     | utils.logging:log_training_results:282 - val mean(MacRec)_t: 0.8660467267036438
2023-04-29 03:49:19.880 | INFO     | utils.logging:log_training_results:287 - val mean ABSerr: 0.7485663294792175
2023-04-29 03:49:19.880 | INFO     | utils.logging:log_training_results:290 - val ausat from confmx: 0.9785128235816956
2023-04-29 03:49:19.881 | INFO     | utils.logging:log_training_results:301 - val MCE loss:0.96308 * 0.30000000000000004 * -1.40019
2023-04-29 03:49:19.881 | INFO     | utils.logging:log_training_results:309 - val LLLR :0.32001 * 0.1 * 0.13030
2023-04-29 03:49:19.882 | INFO     | utils.logging:log_training_results:317 - val weight decay:127.27604 * 0.0006000000000000001 * -0.19583
2023-04-29 03:49:20.809 | INFO     | utils.logging:save_sdre_imgs:710 - Figures saved.
2023-04-29 03:49:21.365 | INFO     | utils.logging:log_training_results:280 - 
2023-04-29 03:49:21.366 | INFO     | utils.logging:log_training_results:281 - Global Step =   1750
2023-04-29 03:49:21.367 | INFO     | utils.logging:log_training_results:282 - train mean(MacRec)_t: 0.8438065648078918
2023-04-29 03:49:21.367 | INFO     | utils.logging:log_training_results:287 - train mean ABSerr: 0.8661497831344604
2023-04-29 03:49:21.368 | INFO     | utils.logging:log_training_results:290 - train ausat from confmx: 0.9534315466880798
2023-04-29 03:49:21.368 | INFO     | utils.logging:log_training_results:301 - train MCE loss:0.97109 * 0.30000000000000004 * -1.39967
2023-04-29 03:49:21.368 | INFO     | utils.logging:log_training_results:309 - train LLLR :0.36074 * 0.1 * 0.13059
2023-04-29 03:49:21.369 | INFO     | utils.logging:log_training_results:317 - train weight decay:127.27604 * 0.0006000000000000001 * -0.19493
2023-04-29 03:50:38.941 | INFO     | __main__:objective:356 - Starting epoch #5.
2023-04-29 03:50:50.837 | INFO     | utils.logging:log_training_results:280 - 
2023-04-29 03:50:50.837 | INFO     | utils.logging:log_training_results:281 - Global Step =   2000
2023-04-29 03:50:50.838 | INFO     | utils.logging:log_training_results:282 - val mean(MacRec)_t: 0.8627000451087952
2023-04-29 03:50:50.838 | INFO     | utils.logging:log_training_results:287 - val mean ABSerr: 0.8136570453643799
2023-04-29 03:50:50.838 | INFO     | utils.logging:log_training_results:290 - val ausat from confmx: 0.9764738082885742
2023-04-29 03:50:50.839 | INFO     | utils.logging:log_training_results:301 - val MCE loss:0.96596 * 0.30000000000000004 * -1.27001
2023-04-29 03:50:50.839 | INFO     | utils.logging:log_training_results:309 - val LLLR :0.32746 * 0.1 * 0.12902
2023-04-29 03:50:50.840 | INFO     | utils.logging:log_training_results:317 - val weight decay:73.84279 * 0.0006000000000000001 * -0.14925
2023-04-29 03:50:52.031 | INFO     | utils.logging:save_sdre_imgs:710 - Figures saved.
2023-04-29 03:50:52.605 | INFO     | utils.logging:log_training_results:280 - 
2023-04-29 03:50:52.605 | INFO     | utils.logging:log_training_results:281 - Global Step =   2000
2023-04-29 03:50:52.606 | INFO     | utils.logging:log_training_results:282 - train mean(MacRec)_t: 0.8721369504928589
2023-04-29 03:50:52.606 | INFO     | utils.logging:log_training_results:287 - train mean ABSerr: 1.0117701292037964
2023-04-29 03:50:52.606 | INFO     | utils.logging:log_training_results:290 - train ausat from confmx: 0.9792107939720154
2023-04-29 03:50:52.607 | INFO     | utils.logging:log_training_results:301 - train MCE loss:0.96759 * 0.30000000000000004 * -1.26949
2023-04-29 03:50:52.607 | INFO     | utils.logging:log_training_results:309 - train LLLR :0.30208 * 0.1 * 0.12856
2023-04-29 03:50:52.608 | INFO     | utils.logging:log_training_results:317 - train weight decay:73.84279 * 0.0006000000000000001 * -0.14840
2023-04-29 03:52:21.044 | INFO     | utils.logging:log_training_results:280 - 
2023-04-29 03:52:21.044 | INFO     | utils.logging:log_training_results:281 - Global Step =   2250
2023-04-29 03:52:21.045 | INFO     | utils.logging:log_training_results:282 - val mean(MacRec)_t: 0.8620033264160156
2023-04-29 03:52:21.045 | INFO     | utils.logging:log_training_results:287 - val mean ABSerr: 0.8923088908195496
2023-04-29 03:52:21.046 | INFO     | utils.logging:log_training_results:290 - val ausat from confmx: 0.97533118724823
2023-04-29 03:52:21.046 | INFO     | utils.logging:log_training_results:301 - val MCE loss:0.96669 * 0.30000000000000004 * -1.13954
2023-04-29 03:52:21.047 | INFO     | utils.logging:log_training_results:309 - val LLLR :0.33011 * 0.1 * 0.13074
2023-04-29 03:52:21.047 | INFO     | utils.logging:log_training_results:317 - val weight decay:45.36908 * 0.0006000000000000001 * -0.11695
2023-04-29 03:52:21.978 | INFO     | utils.logging:save_sdre_imgs:710 - Figures saved.
2023-04-29 03:52:22.543 | INFO     | utils.logging:log_training_results:280 - 
2023-04-29 03:52:22.544 | INFO     | utils.logging:log_training_results:281 - Global Step =   2250
2023-04-29 03:52:22.544 | INFO     | utils.logging:log_training_results:282 - train mean(MacRec)_t: 0.8477213978767395
2023-04-29 03:52:22.544 | INFO     | utils.logging:log_training_results:287 - train mean ABSerr: 0.9646164178848267
2023-04-29 03:52:22.545 | INFO     | utils.logging:log_training_results:290 - train ausat from confmx: 0.9492678642272949
2023-04-29 03:52:22.545 | INFO     | utils.logging:log_training_results:301 - train MCE loss:0.97003 * 0.30000000000000004 * -1.13902
2023-04-29 03:52:22.545 | INFO     | utils.logging:log_training_results:309 - train LLLR :0.36321 * 0.1 * 0.13107
2023-04-29 03:52:22.546 | INFO     | utils.logging:log_training_results:317 - train weight decay:45.36908 * 0.0006000000000000001 * -0.11634
2023-04-29 03:53:07.340 | INFO     | __main__:objective:356 - Starting epoch #6.
2023-04-29 03:53:49.490 | INFO     | utils.logging:log_training_results:280 - 
2023-04-29 03:53:49.491 | INFO     | utils.logging:log_training_results:281 - Global Step =   2500
2023-04-29 03:53:49.491 | INFO     | utils.logging:log_training_results:282 - val mean(MacRec)_t: 0.8671233057975769
2023-04-29 03:53:49.492 | INFO     | utils.logging:log_training_results:287 - val mean ABSerr: 0.7497131824493408
2023-04-29 03:53:49.492 | INFO     | utils.logging:log_training_results:290 - val ausat from confmx: 0.9786945581436157
2023-04-29 03:53:49.492 | INFO     | utils.logging:log_training_results:301 - val MCE loss:0.96082 * 0.30000000000000004 * -1.00900
2023-04-29 03:53:49.493 | INFO     | utils.logging:log_training_results:309 - val LLLR :0.31712 * 0.1 * 0.13049
2023-04-29 03:53:49.493 | INFO     | utils.logging:log_training_results:317 - val weight decay:31.92162 * 0.0006000000000000001 * -0.09826
2023-04-29 03:53:50.451 | INFO     | utils.logging:save_sdre_imgs:710 - Figures saved.
2023-04-29 03:53:51.007 | INFO     | utils.logging:log_training_results:280 - 
2023-04-29 03:53:51.008 | INFO     | utils.logging:log_training_results:281 - Global Step =   2500
2023-04-29 03:53:51.008 | INFO     | utils.logging:log_training_results:282 - train mean(MacRec)_t: 0.8777914047241211
2023-04-29 03:53:51.009 | INFO     | utils.logging:log_training_results:287 - train mean ABSerr: 1.0028437376022339
2023-04-29 03:53:51.009 | INFO     | utils.logging:log_training_results:290 - train ausat from confmx: 0.978608250617981
2023-04-29 03:53:51.009 | INFO     | utils.logging:log_training_results:301 - train MCE loss:0.95672 * 0.30000000000000004 * -1.00848
2023-04-29 03:53:51.010 | INFO     | utils.logging:log_training_results:309 - train LLLR :0.29660 * 0.1 * 0.12977
2023-04-29 03:53:51.010 | INFO     | utils.logging:log_training_results:317 - train weight decay:31.92162 * 0.0006000000000000001 * -0.09743
2023-04-29 03:55:17.339 | INFO     | utils.logging:log_training_results:280 - 
2023-04-29 03:55:17.339 | INFO     | utils.logging:log_training_results:281 - Global Step =   2750
2023-04-29 03:55:17.340 | INFO     | utils.logging:log_training_results:282 - val mean(MacRec)_t: 0.8696399331092834
2023-04-29 03:55:17.340 | INFO     | utils.logging:log_training_results:287 - val mean ABSerr: 0.5727518796920776
2023-04-29 03:55:17.340 | INFO     | utils.logging:log_training_results:290 - val ausat from confmx: 0.9803228974342346
2023-04-29 03:55:17.341 | INFO     | utils.logging:log_training_results:301 - val MCE loss:0.95609 * 0.30000000000000004 * -0.87857
2023-04-29 03:55:17.341 | INFO     | utils.logging:log_training_results:309 - val LLLR :0.30917 * 0.1 * 0.12778
2023-04-29 03:55:17.342 | INFO     | utils.logging:log_training_results:317 - val weight decay:24.01244 * 0.0006000000000000001 * -0.08511
2023-04-29 03:55:18.268 | INFO     | utils.logging:save_sdre_imgs:710 - Figures saved.
2023-04-29 03:55:18.827 | INFO     | utils.logging:log_training_results:280 - 
2023-04-29 03:55:18.827 | INFO     | utils.logging:log_training_results:281 - Global Step =   2750
2023-04-29 03:55:18.828 | INFO     | utils.logging:log_training_results:282 - train mean(MacRec)_t: 0.8779065012931824
2023-04-29 03:55:18.828 | INFO     | utils.logging:log_training_results:287 - train mean ABSerr: 0.9400742053985596
2023-04-29 03:55:18.828 | INFO     | utils.logging:log_training_results:290 - train ausat from confmx: 0.9906365275382996
2023-04-29 03:55:18.829 | INFO     | utils.logging:log_training_results:301 - train MCE loss:0.95739 * 0.30000000000000004 * -0.87805
2023-04-29 03:55:18.829 | INFO     | utils.logging:log_training_results:309 - train LLLR :0.31062 * 0.1 * 0.12753
2023-04-29 03:55:18.830 | INFO     | utils.logging:log_training_results:317 - train weight decay:24.01244 * 0.0006000000000000001 * -0.08462
2023-04-29 03:55:33.417 | INFO     | __main__:objective:356 - Starting epoch #7.
2023-04-29 03:56:46.077 | INFO     | utils.logging:log_training_results:280 - 
2023-04-29 03:56:46.080 | INFO     | utils.logging:log_training_results:281 - Global Step =   3000
2023-04-29 03:56:46.080 | INFO     | utils.logging:log_training_results:282 - val mean(MacRec)_t: 0.8700532913208008
2023-04-29 03:56:46.081 | INFO     | utils.logging:log_training_results:287 - val mean ABSerr: 0.5144083499908447
2023-04-29 03:56:46.081 | INFO     | utils.logging:log_training_results:290 - val ausat from confmx: 0.9803128242492676
2023-04-29 03:56:46.081 | INFO     | utils.logging:log_training_results:301 - val MCE loss:0.95508 * 0.30000000000000004 * -0.74869
2023-04-29 03:56:46.082 | INFO     | utils.logging:log_training_results:309 - val LLLR :0.30763 * 0.1 * 0.12595
2023-04-29 03:56:46.082 | INFO     | utils.logging:log_training_results:317 - val weight decay:18.47477 * 0.0006000000000000001 * -0.07460
2023-04-29 03:56:47.082 | INFO     | utils.logging:save_sdre_imgs:710 - Figures saved.
2023-04-29 03:56:47.648 | INFO     | utils.logging:log_training_results:280 - 
2023-04-29 03:56:47.648 | INFO     | utils.logging:log_training_results:281 - Global Step =   3000
2023-04-29 03:56:47.649 | INFO     | utils.logging:log_training_results:282 - train mean(MacRec)_t: 0.8674963712692261
2023-04-29 03:56:47.649 | INFO     | utils.logging:log_training_results:287 - train mean ABSerr: 0.785546064376831
2023-04-29 03:56:47.650 | INFO     | utils.logging:log_training_results:290 - train ausat from confmx: 0.9773826599121094
2023-04-29 03:56:47.650 | INFO     | utils.logging:log_training_results:301 - train MCE loss:0.96255 * 0.30000000000000004 * -0.74818
2023-04-29 03:56:47.651 | INFO     | utils.logging:log_training_results:309 - train LLLR :0.31528 * 0.1 * 0.12591
2023-04-29 03:56:47.651 | INFO     | utils.logging:log_training_results:317 - train weight decay:18.47477 * 0.0006000000000000001 * -0.07426
2023-04-29 03:57:47.688 | INFO     | __main__:objective:356 - Starting epoch #8.
2023-04-29 03:58:13.634 | INFO     | utils.logging:log_training_results:280 - 
2023-04-29 03:58:13.636 | INFO     | utils.logging:log_training_results:281 - Global Step =   3250
2023-04-29 03:58:13.636 | INFO     | utils.logging:log_training_results:282 - val mean(MacRec)_t: 0.8692733645439148
2023-04-29 03:58:13.637 | INFO     | utils.logging:log_training_results:287 - val mean ABSerr: 0.5698361396789551
2023-04-29 03:58:13.637 | INFO     | utils.logging:log_training_results:290 - val ausat from confmx: 0.9801963567733765
2023-04-29 03:58:13.637 | INFO     | utils.logging:log_training_results:301 - val MCE loss:0.95571 * 0.30000000000000004 * -0.62056
2023-04-29 03:58:13.638 | INFO     | utils.logging:log_training_results:309 - val LLLR :0.30982 * 0.1 * 0.12755
2023-04-29 03:58:13.638 | INFO     | utils.logging:log_training_results:317 - val weight decay:14.26052 * 0.0006000000000000001 * -0.06573
2023-04-29 03:58:14.643 | INFO     | utils.logging:save_sdre_imgs:710 - Figures saved.
2023-04-29 03:58:15.196 | INFO     | utils.logging:log_training_results:280 - 
2023-04-29 03:58:15.196 | INFO     | utils.logging:log_training_results:281 - Global Step =   3250
2023-04-29 03:58:15.197 | INFO     | utils.logging:log_training_results:282 - train mean(MacRec)_t: 0.8669561743736267
2023-04-29 03:58:15.197 | INFO     | utils.logging:log_training_results:287 - train mean ABSerr: 0.9192942976951599
2023-04-29 03:58:15.198 | INFO     | utils.logging:log_training_results:290 - train ausat from confmx: 0.9638703465461731
2023-04-29 03:58:15.198 | INFO     | utils.logging:log_training_results:301 - train MCE loss:0.95893 * 0.30000000000000004 * -0.62005
2023-04-29 03:58:15.198 | INFO     | utils.logging:log_training_results:309 - train LLLR :0.32976 * 0.1 * 0.12762
2023-04-29 03:58:15.199 | INFO     | utils.logging:log_training_results:317 - train weight decay:14.26052 * 0.0006000000000000001 * -0.06507
2023-04-29 03:59:42.953 | INFO     | utils.logging:log_training_results:280 - 
2023-04-29 03:59:42.955 | INFO     | utils.logging:log_training_results:281 - Global Step =   3500
2023-04-29 03:59:42.955 | INFO     | utils.logging:log_training_results:282 - val mean(MacRec)_t: 0.8686599731445312
2023-04-29 03:59:42.956 | INFO     | utils.logging:log_training_results:287 - val mean ABSerr: 0.6524361371994019
2023-04-29 03:59:42.956 | INFO     | utils.logging:log_training_results:290 - val ausat from confmx: 0.9797571301460266
2023-04-29 03:59:42.956 | INFO     | utils.logging:log_training_results:301 - val MCE loss:0.95728 * 0.30000000000000004 * -0.49852
2023-04-29 03:59:42.957 | INFO     | utils.logging:log_training_results:309 - val LLLR :0.31162 * 0.1 * 0.12681
2023-04-29 03:59:42.957 | INFO     | utils.logging:log_training_results:317 - val weight decay:11.05139 * 0.0006000000000000001 * -0.05766
2023-04-29 03:59:44.178 | INFO     | utils.logging:save_sdre_imgs:710 - Figures saved.
2023-04-29 03:59:44.740 | INFO     | utils.logging:log_training_results:280 - 
2023-04-29 03:59:44.740 | INFO     | utils.logging:log_training_results:281 - Global Step =   3500
2023-04-29 03:59:44.741 | INFO     | utils.logging:log_training_results:282 - train mean(MacRec)_t: 0.8751923441886902
2023-04-29 03:59:44.741 | INFO     | utils.logging:log_training_results:287 - train mean ABSerr: 0.9901891350746155
2023-04-29 03:59:44.742 | INFO     | utils.logging:log_training_results:290 - train ausat from confmx: 0.978579580783844
2023-04-29 03:59:44.742 | INFO     | utils.logging:log_training_results:301 - train MCE loss:0.95653 * 0.30000000000000004 * -0.49805
2023-04-29 03:59:44.742 | INFO     | utils.logging:log_training_results:309 - train LLLR :0.30596 * 0.1 * 0.12655
2023-04-29 03:59:44.743 | INFO     | utils.logging:log_training_results:317 - train weight decay:11.05139 * 0.0006000000000000001 * -0.05749
2023-04-29 04:00:15.416 | INFO     | __main__:objective:356 - Starting epoch #9.
2023-04-29 04:01:11.156 | INFO     | utils.logging:log_training_results:280 - 
2023-04-29 04:01:11.157 | INFO     | utils.logging:log_training_results:281 - Global Step =   3750
2023-04-29 04:01:11.157 | INFO     | utils.logging:log_training_results:282 - val mean(MacRec)_t: 0.8672733306884766
2023-04-29 04:01:11.157 | INFO     | utils.logging:log_training_results:287 - val mean ABSerr: 0.7974055409431458
2023-04-29 04:01:11.158 | INFO     | utils.logging:log_training_results:290 - val ausat from confmx: 0.979249894618988
2023-04-29 04:01:11.158 | INFO     | utils.logging:log_training_results:301 - val MCE loss:0.95989 * 0.30000000000000004 * -0.40174
2023-04-29 04:01:11.158 | INFO     | utils.logging:log_training_results:309 - val LLLR :0.31664 * 0.1 * 0.12840
2023-04-29 04:01:11.159 | INFO     | utils.logging:log_training_results:317 - val weight decay:8.55647 * 0.0006000000000000001 * -0.05088
2023-04-29 04:01:12.174 | INFO     | utils.logging:save_sdre_imgs:710 - Figures saved.
2023-04-29 04:01:12.751 | INFO     | utils.logging:log_training_results:280 - 
2023-04-29 04:01:12.752 | INFO     | utils.logging:log_training_results:281 - Global Step =   3750
2023-04-29 04:01:12.752 | INFO     | utils.logging:log_training_results:282 - train mean(MacRec)_t: 0.8543758988380432
2023-04-29 04:01:12.752 | INFO     | utils.logging:log_training_results:287 - train mean ABSerr: 1.1157270669937134
2023-04-29 04:01:12.753 | INFO     | utils.logging:log_training_results:290 - train ausat from confmx: 0.9704861640930176
2023-04-29 04:01:12.753 | INFO     | utils.logging:log_training_results:301 - train MCE loss:0.97431 * 0.30000000000000004 * -0.40150
2023-04-29 04:01:12.753 | INFO     | utils.logging:log_training_results:309 - train LLLR :0.34835 * 0.1 * 0.12871
2023-04-29 04:01:12.754 | INFO     | utils.logging:log_training_results:317 - train weight decay:8.55647 * 0.0006000000000000001 * -0.05043
2023-04-29 04:02:32.694 | INFO     | utils.logging:investigate_log:155 - num_warning=0/num_error=0 in the .log file.
2023-04-29 04:02:32.905 | INFO     | optuna.study.study:_log_completed_trial:1020 - Trial 22 finished with value: 0.42878690361976624 and parameters: {'LIST_IS_POSITIONAL_ENCODING': False, 'LIST_MODEL_BACKBONE': 'Transformer', 'LIST_WEIGHT_DECAY': 0.0006000000000000001, 'LIST_LEARNING_RATE': 0.0005041305585605052, 'LIST_LLLR_VERSION': 'LSEL', 'LIST_ACTIVATION_FC': 'B2BsqrtV2', 'LIST_PARAM_MULTIPLET_LOSS': 0.30000000000000004, 'LIST_PARAM_LLR_LOSS': 0.1, 'LIST_IS_ADAPTIVE_LOSS': True, 'LIST_ORDER_SPRT': 2, 'LIST_OPTIMIZER': 'rmsprop', 'LIST_IS_NORMALIZE': False, 'LIST_NUM_THRESH': 1500, 'LIST_SPARSITY': 'linspace', 'LIST_NUM_BLOCKS': 2, 'LIST_NUM_HEADS': 4, 'LIST_DROPOUT': 0.4, 'LIST_FF_DIM': 64, 'LIST_MLP_UNITS': 64}. Best is trial 16 with value: 0.17351768910884857.
2023-04-29 04:02:32.923 | INFO     | utils.hyperparameter_tuning:suggest_parameters:560 - [33mStarting a tuning phase.[0m
2023-04-29 04:02:33.617 | INFO     | utils.hyperparameter_tuning:print:394 - 
+------------------------------------------+
|   Hyperparameteres suggested by Optuna   |
+------------------------+-----------------+
|     Parameter name     | Suggested value |
+------------------------+-----------------+
|     ACTIVATION_FC      |       gelu      |
|        DROPOUT         |       0.2       |
|         FF_DIM         |        64       |
|    IS_ADAPTIVE_LOSS    |       True      |
|      IS_NORMALIZE      |      False      |
| IS_POSITIONAL_ENCODING |      False      |
|     LEARNING_RATE      |    0.00014126   |
|      LLLR_VERSION      |       LSEL      |
|       MLP_UNITS        |        64       |
|     MODEL_BACKBONE     |   Transformer   |
|       NUM_BLOCKS       |        2        |
|       NUM_HEADS        |        4        |
|       NUM_THRESH       |       1500      |
|       OPTIMIZER        |       adam      |
|       ORDER_SPRT       |        3        |
|     PARAM_LLR_LOSS     |       0.2       |
|  PARAM_MULTIPLET_LOSS  |       0.7       |
|        SPARSITY        |     logspace    |
|      WEIGHT_DECAY      |      0.001      |
+------------------------+-----------------+
2023-04-29 04:02:33.619 | INFO     | utils.misc:create_directories_and_log:291 - [33mA new log directory was created: [0m/home/afe/Dropbox/GitHub/SPRT-TANDEM-PyTorch/logs/public_offset0_5_optimmabs_tuning/checkpoints/Transformer_20230429_040233619/configs
2023-04-29 04:02:33.620 | INFO     | utils.misc:create_directories_and_log:291 - [33mA new log directory was created: [0m/home/afe/Dropbox/GitHub/SPRT-TANDEM-PyTorch/logs/public_offset0_5_optimmabs_tuning/TensorBoard_events/Transformer_20230429_040233619
