2023-04-29 08:35:19.995 | INFO     | utils.misc:fix_random_seed:405 - Random seed is not fixed.
2023-04-29 08:35:20.024 | INFO     | models.temporal_integrators:summarize:568 - 
:'######::'########::'########::'########::::::::::::::::::::::
'##... ##: ##.... ##: ##.... ##:... ##..:::::::::::::::::::::::
 ##:::..:: ##:::: ##: ##:::: ##:::: ##:::::::::::::::::::::::::
. ######:: ########:: ########::::: ##::::'#######:::::::::::::
:..... ##: ##.....::: ##.. ##:::::: ##::::........:::::::::::::
'##::: ##: ##:::::::: ##::. ##::::: ##:::::::::::::::::::::::::
. ######:: ##:::::::: ##:::. ##:::: ##:::::::::::::::::::::::::
:......:::..:::::::::..:::::..:::::..::::::::::::::::::::::::::
'########::::'###::::'##::: ##:'########::'########:'##::::'##:
... ##..::::'## ##::: ###:: ##: ##.... ##: ##.....:: ###::'###:
::: ##:::::'##:. ##:: ####: ##: ##:::: ##: ##::::::: ####'####:
::: ##::::'##:::. ##: ## ## ##: ##:::: ##: ######::: ## ### ##:
::: ##:::: #########: ##. ####: ##:::: ##: ##...:::: ##. #: ##:
::: ##:::: ##.... ##: ##:. ###: ##:::: ##: ##::::::: ##:.:: ##:
::: ##:::: ##:::: ##: ##::. ##: ########:: ########: ##:::: ##:
:::..:::::..:::::..::..::::..::........:::........::..:::::..::

2023-04-29 08:35:20.025 | INFO     | models.temporal_integrators:summarize:571 - [34mofficial PyTorch implementation.[0m
2023-04-29 08:35:20.613 | INFO     | models.temporal_integrators:summarize:593 - Network summary:
===============================================================================================
Layer (type:depth-idx)                        Output Shape              Param #
===============================================================================================
TANDEMformer                                  [150, 50, 3, 3]           771
├─TransformerEncoder: 1-1                     [6750, 1, 128]            --
│    └─ModuleList: 2-6                        --                        (recursive)
│    │    └─TransformerEncoderLayer: 3-1      [6750, 1, 128]            83,136
│    │    └─TransformerEncoderLayer: 3-2      [6750, 1, 128]            83,136
├─Linear: 1-2                                 [6750, 64]                8,256
├─Dropout: 1-3                                [6750, 64]                --
├─TransformerEncoder: 1-4                     [6750, 2, 128]            (recursive)
│    └─ModuleList: 2-6                        --                        (recursive)
│    │    └─TransformerEncoderLayer: 3-3      [6750, 2, 128]            (recursive)
│    │    └─TransformerEncoderLayer: 3-4      [6750, 2, 128]            (recursive)
├─Linear: 1-5                                 [6750, 64]                (recursive)
├─Dropout: 1-6                                [6750, 64]                --
├─TransformerEncoder: 1-7                     [6750, 3, 128]            (recursive)
│    └─ModuleList: 2-6                        --                        (recursive)
│    │    └─TransformerEncoderLayer: 3-5      [6750, 3, 128]            (recursive)
│    │    └─TransformerEncoderLayer: 3-6      [6750, 3, 128]            (recursive)
├─Linear: 1-8                                 [6750, 64]                (recursive)
├─Dropout: 1-9                                [6750, 64]                --
├─TransformerEncoder: 1-10                    [6750, 4, 128]            (recursive)
│    └─ModuleList: 2-6                        --                        (recursive)
│    │    └─TransformerEncoderLayer: 3-7      [6750, 4, 128]            (recursive)
│    │    └─TransformerEncoderLayer: 3-8      [6750, 4, 128]            (recursive)
├─Linear: 1-11                                [6750, 64]                (recursive)
├─Dropout: 1-12                               [6750, 64]                --
├─TransformerEncoder: 1-13                    [6750, 5, 128]            (recursive)
│    └─ModuleList: 2-6                        --                        (recursive)
│    │    └─TransformerEncoderLayer: 3-9      [6750, 5, 128]            (recursive)
│    │    └─TransformerEncoderLayer: 3-10     [6750, 5, 128]            (recursive)
├─Linear: 1-14                                [6750, 64]                (recursive)
├─Dropout: 1-15                               [6750, 64]                --
├─TransformerEncoder: 1-16                    [6750, 6, 128]            (recursive)
│    └─ModuleList: 2-6                        --                        (recursive)
│    │    └─TransformerEncoderLayer: 3-11     [6750, 6, 128]            (recursive)
│    │    └─TransformerEncoderLayer: 3-12     [6750, 6, 128]            (recursive)
├─Linear: 1-17                                [6750, 64]                (recursive)
├─Dropout: 1-18                               [6750, 64]                --
├─ReLU: 1-19                                  [6750, 64]                --
├─Linear: 1-20                                [6750, 3]                 195
├─ReLU: 1-21                                  [6750, 64]                --
├─Linear: 1-22                                [6750, 3]                 (recursive)
├─ReLU: 1-23                                  [6750, 64]                --
├─Linear: 1-24                                [6750, 3]                 (recursive)
├─ReLU: 1-25                                  [6750, 64]                --
├─Linear: 1-26                                [6750, 3]                 (recursive)
├─ReLU: 1-27                                  [6750, 64]                --
├─Linear: 1-28                                [6750, 3]                 (recursive)
├─ReLU: 1-29                                  [6750, 64]                --
├─Linear: 1-30                                [6750, 3]                 (recursive)
===============================================================================================
Total params: 175,494
Trainable params: 175,494
Non-trainable params: 0
Total mult-adds (M): 342.27
===============================================================================================
Input size (MB): 3.84
Forward/backward pass size (MB): 21.71
Params size (MB): 0.03
Estimated Total Size (MB): 25.58
===============================================================================================
2023-04-29 08:35:20.614 | INFO     | models.temporal_integrators:summarize:594 - Example input shape: torch.Size([150, 50, 128])
2023-04-29 08:35:20.614 | INFO     | models.temporal_integrators:summarize:595 - Example output shape: torch.Size([150, 50, 3, 3])
2023-04-29 08:35:20.617 | INFO     | models.temporal_integrators:import_model:58 - model moved onto: [33mcuda.[0m
2023-04-29 08:35:20.618 | INFO     | models.optimizers:initialize_optimizer:44 - Optimizer:
RMSprop (
Parameter Group 0
    alpha: 0.99
    centered: False
    differentiable: False
    eps: 1e-08
    foreach: None
    lr: 0.00025150171280473717
    maximize: False
    momentum: 0
    weight_decay: 0.0009000000000000001
)
2023-04-29 08:35:20.619 | INFO     | datasets.data_processing:lmdb_dataloaders:293 - loading data... 
2023-04-29 08:35:20.619 | INFO     | datasets.data_processing:lmdb_dataloaders:295 - If this process takes long, consider setting is_load_onto_memory=False or use LMDBIterableDataset.
2023-04-29 08:35:23.651 | INFO     | __main__:objective:356 - Starting epoch #0.
2023-04-29 08:35:36.348 | INFO     | utils.logging:log_training_results:280 - 
2023-04-29 08:35:36.349 | INFO     | utils.logging:log_training_results:281 - Global Step =      0
2023-04-29 08:35:36.349 | INFO     | utils.logging:log_training_results:282 - val mean(MacRec)_t: 0.34632667899131775
2023-04-29 08:35:36.350 | INFO     | utils.logging:log_training_results:287 - val mean ABSerr: 3.487091541290283
2023-04-29 08:35:36.350 | INFO     | utils.logging:log_training_results:290 - val ausat from confmx: 0.35683515667915344
2023-04-29 08:35:36.351 | INFO     | utils.logging:log_training_results:301 - val MCE loss:1.09996 * 0.6000000000000001 * -0.60464
2023-04-29 08:35:36.351 | INFO     | utils.logging:log_training_results:309 - val LLLR :0.37312 * 0.0 * 0.32693
2023-04-29 08:35:36.352 | INFO     | utils.logging:log_training_results:317 - val weight decay:1891.30591 * 0.0009000000000000001 * -0.69189
2023-04-29 08:35:37.367 | INFO     | utils.logging:save_sdre_imgs:710 - Figures saved.
2023-04-29 08:35:38.035 | INFO     | utils.logging:log_training_results:280 - 
2023-04-29 08:35:38.036 | INFO     | utils.logging:log_training_results:281 - Global Step =      0
2023-04-29 08:35:38.036 | INFO     | utils.logging:log_training_results:282 - train mean(MacRec)_t: 0.31184735894203186
2023-04-29 08:35:38.036 | INFO     | utils.logging:log_training_results:287 - train mean ABSerr: 3.311196804046631
2023-04-29 08:35:38.037 | INFO     | utils.logging:log_training_results:290 - train ausat from confmx: 0.3180186152458191
2023-04-29 08:35:38.037 | INFO     | utils.logging:log_training_results:301 - train MCE loss:1.09993 * 0.6000000000000001 * -0.60212
2023-04-29 08:35:38.038 | INFO     | utils.logging:log_training_results:309 - train LLLR :0.37354 * 0.0 * 0.32442
2023-04-29 08:35:38.038 | INFO     | utils.logging:log_training_results:317 - train weight decay:1891.30579 * 0.0009000000000000001 * -0.69441
2023-04-29 08:37:20.679 | INFO     | utils.logging:log_training_results:280 - 
2023-04-29 08:37:20.680 | INFO     | utils.logging:log_training_results:281 - Global Step =    250
2023-04-29 08:37:20.680 | INFO     | utils.logging:log_training_results:282 - val mean(MacRec)_t: 0.8749333024024963
2023-04-29 08:37:20.681 | INFO     | utils.logging:log_training_results:287 - val mean ABSerr: 0.2768516540527344
2023-04-29 08:37:20.681 | INFO     | utils.logging:log_training_results:290 - val ausat from confmx: 0.9822786450386047
2023-04-29 08:37:20.681 | INFO     | utils.logging:log_training_results:301 - val MCE loss:0.85684 * 0.6000000000000001 * -0.52052
2023-04-29 08:37:20.682 | INFO     | utils.logging:log_training_results:309 - val LLLR :0.24369 * 0.0 * 0.22930
2023-04-29 08:37:20.682 | INFO     | utils.logging:log_training_results:317 - val weight decay:1193.14307 * 0.0009000000000000001 * -0.73947
2023-04-29 08:37:20.811 | INFO     | utils.checkpoint:update_and_save_result:168 - [36mBest value updated![0m
2023-04-29 08:37:20.829 | INFO     | utils.checkpoint:save_checkpoint:83 - [36mSaved checkpoint[0m at step 250.
2023-04-29 08:37:21.802 | INFO     | utils.logging:save_sdre_imgs:710 - Figures saved.
2023-04-29 08:37:22.404 | INFO     | utils.logging:log_training_results:280 - 
2023-04-29 08:37:22.405 | INFO     | utils.logging:log_training_results:281 - Global Step =    250
2023-04-29 08:37:22.407 | INFO     | utils.logging:log_training_results:282 - train mean(MacRec)_t: 0.8645333051681519
2023-04-29 08:37:22.407 | INFO     | utils.logging:log_training_results:287 - train mean ABSerr: 0.7073760032653809
2023-04-29 08:37:22.408 | INFO     | utils.logging:log_training_results:290 - train ausat from confmx: 0.996951162815094
2023-04-29 08:37:22.408 | INFO     | utils.logging:log_training_results:301 - train MCE loss:0.86365 * 0.6000000000000001 * -0.52041
2023-04-29 08:37:22.410 | INFO     | utils.logging:log_training_results:309 - train LLLR :0.24640 * 0.0 * 0.22902
2023-04-29 08:37:22.410 | INFO     | utils.logging:log_training_results:317 - train weight decay:1193.14307 * 0.0009000000000000001 * -0.73944
2023-04-29 08:38:16.239 | INFO     | __main__:objective:356 - Starting epoch #1.
2023-04-29 08:39:04.069 | INFO     | utils.logging:log_training_results:280 - 
2023-04-29 08:39:04.070 | INFO     | utils.logging:log_training_results:281 - Global Step =    500
2023-04-29 08:39:04.070 | INFO     | utils.logging:log_training_results:282 - val mean(MacRec)_t: 0.8753600120544434
2023-04-29 08:39:04.071 | INFO     | utils.logging:log_training_results:287 - val mean ABSerr: 0.2256157398223877
2023-04-29 08:39:04.071 | INFO     | utils.logging:log_training_results:290 - val ausat from confmx: 0.982593834400177
2023-04-29 08:39:04.075 | INFO     | utils.logging:log_training_results:301 - val MCE loss:0.85618 * 0.6000000000000001 * -0.50727
2023-04-29 08:39:04.077 | INFO     | utils.logging:log_training_results:309 - val LLLR :0.24364 * 0.0 * 0.15797
2023-04-29 08:39:04.078 | INFO     | utils.logging:log_training_results:317 - val weight decay:1014.58881 * 0.0009000000000000001 * -0.69802
2023-04-29 08:39:04.214 | INFO     | utils.checkpoint:update_and_save_result:168 - [36mBest value updated![0m
2023-04-29 08:39:04.227 | INFO     | utils.checkpoint:save_checkpoint:83 - [36mSaved checkpoint[0m at step 500.
2023-04-29 08:39:04.230 | INFO     | utils.checkpoint:keep_max_num_saved_models:101 - Removed the oldest model for max_to_keep=1
2023-04-29 08:39:05.032 | INFO     | utils.logging:save_sdre_imgs:710 - Figures saved.
2023-04-29 08:39:05.653 | INFO     | utils.logging:log_training_results:280 - 
2023-04-29 08:39:05.653 | INFO     | utils.logging:log_training_results:281 - Global Step =    500
2023-04-29 08:39:05.654 | INFO     | utils.logging:log_training_results:282 - train mean(MacRec)_t: 0.8472110033035278
2023-04-29 08:39:05.654 | INFO     | utils.logging:log_training_results:287 - train mean ABSerr: 0.5822211503982544
2023-04-29 08:39:05.655 | INFO     | utils.logging:log_training_results:290 - train ausat from confmx: 0.972999095916748
2023-04-29 08:39:05.655 | INFO     | utils.logging:log_training_results:301 - train MCE loss:0.88460 * 0.6000000000000001 * -0.50751
2023-04-29 08:39:05.655 | INFO     | utils.logging:log_training_results:309 - train LLLR :0.25122 * 0.0 * 0.15768
2023-04-29 08:39:05.656 | INFO     | utils.logging:log_training_results:317 - train weight decay:1014.58881 * 0.0009000000000000001 * -0.69779
2023-04-29 08:40:46.580 | INFO     | utils.logging:log_training_results:280 - 
2023-04-29 08:40:46.580 | INFO     | utils.logging:log_training_results:281 - Global Step =    750
2023-04-29 08:40:46.581 | INFO     | utils.logging:log_training_results:282 - val mean(MacRec)_t: 0.8729000091552734
2023-04-29 08:40:46.581 | INFO     | utils.logging:log_training_results:287 - val mean ABSerr: 0.34942469000816345
2023-04-29 08:40:46.582 | INFO     | utils.logging:log_training_results:290 - val ausat from confmx: 0.9813686609268188
2023-04-29 08:40:46.582 | INFO     | utils.logging:log_training_results:301 - val MCE loss:0.85708 * 0.6000000000000001 * -0.50606
2023-04-29 08:40:46.582 | INFO     | utils.logging:log_training_results:309 - val LLLR :0.24402 * 0.0 * 0.08278
2023-04-29 08:40:46.583 | INFO     | utils.logging:log_training_results:317 - val weight decay:881.49377 * 0.0009000000000000001 * -0.64276
2023-04-29 08:40:47.479 | INFO     | utils.logging:save_sdre_imgs:710 - Figures saved.
2023-04-29 08:40:48.092 | INFO     | utils.logging:log_training_results:280 - 
2023-04-29 08:40:48.093 | INFO     | utils.logging:log_training_results:281 - Global Step =    750
2023-04-29 08:40:48.093 | INFO     | utils.logging:log_training_results:282 - train mean(MacRec)_t: 0.8659698963165283
2023-04-29 08:40:48.093 | INFO     | utils.logging:log_training_results:287 - train mean ABSerr: 0.5958985090255737
2023-04-29 08:40:48.094 | INFO     | utils.logging:log_training_results:290 - train ausat from confmx: 0.9836785197257996
2023-04-29 08:40:48.094 | INFO     | utils.logging:log_training_results:301 - train MCE loss:0.84236 * 0.6000000000000001 * -0.50586
2023-04-29 08:40:48.095 | INFO     | utils.logging:log_training_results:309 - train LLLR :0.24531 * 0.0 * 0.08246
2023-04-29 08:40:48.095 | INFO     | utils.logging:log_training_results:317 - train weight decay:881.49371 * 0.0009000000000000001 * -0.64255
2023-04-29 08:41:05.615 | INFO     | __main__:objective:356 - Starting epoch #2.
2023-04-29 08:42:28.763 | INFO     | utils.logging:log_training_results:280 - 
2023-04-29 08:42:28.764 | INFO     | utils.logging:log_training_results:281 - Global Step =   1000
2023-04-29 08:42:28.764 | INFO     | utils.logging:log_training_results:282 - val mean(MacRec)_t: 0.8747366070747375
2023-04-29 08:42:28.764 | INFO     | utils.logging:log_training_results:287 - val mean ABSerr: 0.28058624267578125
2023-04-29 08:42:28.765 | INFO     | utils.logging:log_training_results:290 - val ausat from confmx: 0.9821991324424744
2023-04-29 08:42:28.765 | INFO     | utils.logging:log_training_results:301 - val MCE loss:0.85674 * 0.6000000000000001 * -0.50695
2023-04-29 08:42:28.766 | INFO     | utils.logging:log_training_results:309 - val LLLR :0.24396 * 0.0 * -0.00019
2023-04-29 08:42:28.766 | INFO     | utils.logging:log_training_results:317 - val weight decay:767.25195 * 0.0009000000000000001 * -0.59347
2023-04-29 08:42:29.714 | INFO     | utils.logging:save_sdre_imgs:710 - Figures saved.
2023-04-29 08:42:30.325 | INFO     | utils.logging:log_training_results:280 - 
2023-04-29 08:42:30.327 | INFO     | utils.logging:log_training_results:281 - Global Step =   1000
2023-04-29 08:42:30.328 | INFO     | utils.logging:log_training_results:282 - train mean(MacRec)_t: 0.8558928370475769
2023-04-29 08:42:30.328 | INFO     | utils.logging:log_training_results:287 - train mean ABSerr: 0.5419077277183533
2023-04-29 08:42:30.329 | INFO     | utils.logging:log_training_results:290 - train ausat from confmx: 0.9704754948616028
2023-04-29 08:42:30.329 | INFO     | utils.logging:log_training_results:301 - train MCE loss:0.85277 * 0.6000000000000001 * -0.50686
2023-04-29 08:42:30.330 | INFO     | utils.logging:log_training_results:309 - train LLLR :0.24761 * 0.0 * 0.00019
2023-04-29 08:42:30.330 | INFO     | utils.logging:log_training_results:317 - train weight decay:767.25195 * 0.0009000000000000001 * -0.59329
2023-04-29 08:43:42.980 | INFO     | __main__:objective:356 - Starting epoch #3.
2023-04-29 08:44:13.169 | INFO     | utils.logging:log_training_results:280 - 
2023-04-29 08:44:13.169 | INFO     | utils.logging:log_training_results:281 - Global Step =   1250
2023-04-29 08:44:13.170 | INFO     | utils.logging:log_training_results:282 - val mean(MacRec)_t: 0.8749200105667114
2023-04-29 08:44:13.170 | INFO     | utils.logging:log_training_results:287 - val mean ABSerr: 0.3092396855354309
2023-04-29 08:44:13.171 | INFO     | utils.logging:log_training_results:290 - val ausat from confmx: 0.9818392395973206
2023-04-29 08:44:13.171 | INFO     | utils.logging:log_training_results:301 - val MCE loss:0.85703 * 0.6000000000000001 * -0.50778
2023-04-29 08:44:13.171 | INFO     | utils.logging:log_training_results:309 - val LLLR :0.24395 * 0.0 * -0.00013
2023-04-29 08:44:13.172 | INFO     | utils.logging:log_training_results:317 - val weight decay:666.62054 * 0.0009000000000000001 * -0.54994
2023-04-29 08:44:14.086 | INFO     | utils.logging:save_sdre_imgs:710 - Figures saved.
2023-04-29 08:44:14.698 | INFO     | utils.logging:log_training_results:280 - 
2023-04-29 08:44:14.698 | INFO     | utils.logging:log_training_results:281 - Global Step =   1250
2023-04-29 08:44:14.699 | INFO     | utils.logging:log_training_results:282 - train mean(MacRec)_t: 0.8695402145385742
2023-04-29 08:44:14.699 | INFO     | utils.logging:log_training_results:287 - train mean ABSerr: 0.5351111888885498
2023-04-29 08:44:14.699 | INFO     | utils.logging:log_training_results:290 - train ausat from confmx: 0.9767623543739319
2023-04-29 08:44:14.700 | INFO     | utils.logging:log_training_results:301 - train MCE loss:0.84747 * 0.6000000000000001 * -0.50755
2023-04-29 08:44:14.700 | INFO     | utils.logging:log_training_results:309 - train LLLR :0.24559 * 0.0 * 0.00013
2023-04-29 08:44:14.700 | INFO     | utils.logging:log_training_results:317 - train weight decay:666.62048 * 0.0009000000000000001 * -0.54978
2023-04-29 08:45:58.523 | INFO     | utils.logging:log_training_results:280 - 
2023-04-29 08:45:58.523 | INFO     | utils.logging:log_training_results:281 - Global Step =   1500
2023-04-29 08:45:58.524 | INFO     | utils.logging:log_training_results:282 - val mean(MacRec)_t: 0.8724600076675415
2023-04-29 08:45:58.524 | INFO     | utils.logging:log_training_results:287 - val mean ABSerr: 0.3487715423107147
2023-04-29 08:45:58.525 | INFO     | utils.logging:log_training_results:290 - val ausat from confmx: 0.9821078181266785
2023-04-29 08:45:58.525 | INFO     | utils.logging:log_training_results:301 - val MCE loss:0.85769 * 0.6000000000000001 * -0.50730
2023-04-29 08:45:58.526 | INFO     | utils.logging:log_training_results:309 - val LLLR :0.24426 * 0.0 * -0.00013
2023-04-29 08:45:58.526 | INFO     | utils.logging:log_training_results:317 - val weight decay:577.06299 * 0.0009000000000000001 * -0.51033
2023-04-29 08:45:59.445 | INFO     | utils.logging:save_sdre_imgs:710 - Figures saved.
2023-04-29 08:46:00.054 | INFO     | utils.logging:log_training_results:280 - 
2023-04-29 08:46:00.054 | INFO     | utils.logging:log_training_results:281 - Global Step =   1500
2023-04-29 08:46:00.055 | INFO     | utils.logging:log_training_results:282 - train mean(MacRec)_t: 0.8647311329841614
2023-04-29 08:46:00.055 | INFO     | utils.logging:log_training_results:287 - train mean ABSerr: 0.55264812707901
2023-04-29 08:46:00.056 | INFO     | utils.logging:log_training_results:290 - train ausat from confmx: 0.970005989074707
2023-04-29 08:46:00.056 | INFO     | utils.logging:log_training_results:301 - train MCE loss:0.82979 * 0.6000000000000001 * -0.50674
2023-04-29 08:46:00.056 | INFO     | utils.logging:log_training_results:309 - train LLLR :0.24534 * 0.0 * 0.00013
2023-04-29 08:46:00.057 | INFO     | utils.logging:log_training_results:317 - train weight decay:577.06299 * 0.0009000000000000001 * -0.51018
2023-04-29 08:46:36.363 | INFO     | __main__:objective:356 - Starting epoch #4.
2023-04-29 08:47:44.227 | INFO     | utils.logging:log_training_results:280 - 
2023-04-29 08:47:44.228 | INFO     | utils.logging:log_training_results:281 - Global Step =   1750
2023-04-29 08:47:44.228 | INFO     | utils.logging:log_training_results:282 - val mean(MacRec)_t: 0.8744332790374756
2023-04-29 08:47:44.229 | INFO     | utils.logging:log_training_results:287 - val mean ABSerr: 0.27708005905151367
2023-04-29 08:47:44.229 | INFO     | utils.logging:log_training_results:290 - val ausat from confmx: 0.9826653599739075
2023-04-29 08:47:44.229 | INFO     | utils.logging:log_training_results:301 - val MCE loss:0.85789 * 0.6000000000000001 * -0.50771
2023-04-29 08:47:44.230 | INFO     | utils.logging:log_training_results:309 - val LLLR :0.24410 * 0.0 * -0.00013
2023-04-29 08:47:44.230 | INFO     | utils.logging:log_training_results:317 - val weight decay:497.22128 * 0.0009000000000000001 * -0.47321
2023-04-29 08:47:45.137 | INFO     | utils.logging:save_sdre_imgs:710 - Figures saved.
2023-04-29 08:47:45.765 | INFO     | utils.logging:log_training_results:280 - 
2023-04-29 08:47:45.765 | INFO     | utils.logging:log_training_results:281 - Global Step =   1750
2023-04-29 08:47:45.766 | INFO     | utils.logging:log_training_results:282 - train mean(MacRec)_t: 0.8952426910400391
2023-04-29 08:47:45.766 | INFO     | utils.logging:log_training_results:287 - train mean ABSerr: 0.4837150275707245
2023-04-29 08:47:45.766 | INFO     | utils.logging:log_training_results:290 - train ausat from confmx: 0.9896495938301086
2023-04-29 08:47:45.767 | INFO     | utils.logging:log_training_results:301 - train MCE loss:0.84112 * 0.6000000000000001 * -0.50730
2023-04-29 08:47:45.767 | INFO     | utils.logging:log_training_results:309 - train LLLR :0.23943 * 0.0 * 0.00013
2023-04-29 08:47:45.767 | INFO     | utils.logging:log_training_results:317 - train weight decay:497.22125 * 0.0009000000000000001 * -0.47307
2023-04-29 08:49:18.530 | INFO     | __main__:objective:356 - Starting epoch #5.
2023-04-29 08:49:30.807 | INFO     | utils.logging:log_training_results:280 - 
2023-04-29 08:49:30.808 | INFO     | utils.logging:log_training_results:281 - Global Step =   2000
2023-04-29 08:49:30.808 | INFO     | utils.logging:log_training_results:282 - val mean(MacRec)_t: 0.8730132579803467
2023-04-29 08:49:30.808 | INFO     | utils.logging:log_training_results:287 - val mean ABSerr: 0.36075863242149353
2023-04-29 08:49:30.809 | INFO     | utils.logging:log_training_results:290 - val ausat from confmx: 0.981989324092865
2023-04-29 08:49:30.809 | INFO     | utils.logging:log_training_results:301 - val MCE loss:0.86021 * 0.6000000000000001 * -0.50759
2023-04-29 08:49:30.810 | INFO     | utils.logging:log_training_results:309 - val LLLR :0.24439 * 0.0 * -0.00013
2023-04-29 08:49:30.810 | INFO     | utils.logging:log_training_results:317 - val weight decay:426.20493 * 0.0009000000000000001 * -0.43793
2023-04-29 08:49:33.032 | INFO     | utils.logging:save_sdre_imgs:710 - Figures saved.
2023-04-29 08:49:33.685 | INFO     | utils.logging:log_training_results:280 - 
2023-04-29 08:49:33.685 | INFO     | utils.logging:log_training_results:281 - Global Step =   2000
2023-04-29 08:49:33.686 | INFO     | utils.logging:log_training_results:282 - train mean(MacRec)_t: 0.8795796036720276
2023-04-29 08:49:33.686 | INFO     | utils.logging:log_training_results:287 - train mean ABSerr: 0.562147319316864
2023-04-29 08:49:33.686 | INFO     | utils.logging:log_training_results:290 - train ausat from confmx: 0.9828469157218933
2023-04-29 08:49:33.687 | INFO     | utils.logging:log_training_results:301 - train MCE loss:0.84893 * 0.6000000000000001 * -0.50740
2023-04-29 08:49:33.687 | INFO     | utils.logging:log_training_results:309 - train LLLR :0.24252 * 0.0 * 0.00013
2023-04-29 08:49:33.688 | INFO     | utils.logging:log_training_results:317 - train weight decay:426.20493 * 0.0009000000000000001 * -0.43780
2023-04-29 08:51:17.155 | INFO     | utils.logging:log_training_results:280 - 
2023-04-29 08:51:17.156 | INFO     | utils.logging:log_training_results:281 - Global Step =   2250
2023-04-29 08:51:17.156 | INFO     | utils.logging:log_training_results:282 - val mean(MacRec)_t: 0.8712466955184937
2023-04-29 08:51:17.157 | INFO     | utils.logging:log_training_results:287 - val mean ABSerr: 0.4363051950931549
2023-04-29 08:51:17.157 | INFO     | utils.logging:log_training_results:290 - val ausat from confmx: 0.9802204370498657
2023-04-29 08:51:17.158 | INFO     | utils.logging:log_training_results:301 - val MCE loss:0.86306 * 0.6000000000000001 * -0.50939
2023-04-29 08:51:17.158 | INFO     | utils.logging:log_training_results:309 - val LLLR :0.24511 * 0.0 * -0.00013
2023-04-29 08:51:17.159 | INFO     | utils.logging:log_training_results:317 - val weight decay:363.21548 * 0.0009000000000000001 * -0.40431
2023-04-29 08:51:18.099 | INFO     | utils.logging:save_sdre_imgs:710 - Figures saved.
2023-04-29 08:51:18.718 | INFO     | utils.logging:log_training_results:280 - 
2023-04-29 08:51:18.719 | INFO     | utils.logging:log_training_results:281 - Global Step =   2250
2023-04-29 08:51:18.720 | INFO     | utils.logging:log_training_results:282 - train mean(MacRec)_t: 0.8863065838813782
2023-04-29 08:51:18.720 | INFO     | utils.logging:log_training_results:287 - train mean ABSerr: 0.5674126148223877
2023-04-29 08:51:18.720 | INFO     | utils.logging:log_training_results:290 - train ausat from confmx: 0.991474986076355
2023-04-29 08:51:18.721 | INFO     | utils.logging:log_training_results:301 - train MCE loss:0.87511 * 0.6000000000000001 * -0.50958
2023-04-29 08:51:18.721 | INFO     | utils.logging:log_training_results:309 - train LLLR :0.24354 * 0.0 * 0.00013
2023-04-29 08:51:18.722 | INFO     | utils.logging:log_training_results:317 - train weight decay:363.21548 * 0.0009000000000000001 * -0.40404
2023-04-29 08:52:16.709 | INFO     | __main__:objective:356 - Starting epoch #6.
2023-04-29 08:53:07.206 | INFO     | utils.logging:log_training_results:280 - 
2023-04-29 08:53:07.206 | INFO     | utils.logging:log_training_results:281 - Global Step =   2500
2023-04-29 08:53:07.207 | INFO     | utils.logging:log_training_results:282 - val mean(MacRec)_t: 0.8680166602134705
2023-04-29 08:53:07.207 | INFO     | utils.logging:log_training_results:287 - val mean ABSerr: 0.5395961403846741
2023-04-29 08:53:07.207 | INFO     | utils.logging:log_training_results:290 - val ausat from confmx: 0.9792262315750122
2023-04-29 08:53:07.208 | INFO     | utils.logging:log_training_results:301 - val MCE loss:0.86714 * 0.6000000000000001 * -0.50951
2023-04-29 08:53:07.208 | INFO     | utils.logging:log_training_results:309 - val LLLR :0.24587 * 0.0 * -0.00013
2023-04-29 08:53:07.209 | INFO     | utils.logging:log_training_results:317 - val weight decay:307.76266 * 0.0009000000000000001 * -0.37221
2023-04-29 08:53:08.325 | INFO     | utils.logging:save_sdre_imgs:710 - Figures saved.
2023-04-29 08:53:08.968 | INFO     | utils.logging:log_training_results:280 - 
2023-04-29 08:53:08.968 | INFO     | utils.logging:log_training_results:281 - Global Step =   2500
2023-04-29 08:53:08.969 | INFO     | utils.logging:log_training_results:282 - train mean(MacRec)_t: 0.8961700797080994
2023-04-29 08:53:08.969 | INFO     | utils.logging:log_training_results:287 - train mean ABSerr: 0.6561533212661743
2023-04-29 08:53:08.970 | INFO     | utils.logging:log_training_results:290 - train ausat from confmx: 0.9848256707191467
2023-04-29 08:53:08.970 | INFO     | utils.logging:log_training_results:301 - train MCE loss:0.85956 * 0.6000000000000001 * -0.50938
2023-04-29 08:53:08.971 | INFO     | utils.logging:log_training_results:309 - train LLLR :0.24214 * 0.0 * 0.00013
2023-04-29 08:53:08.971 | INFO     | utils.logging:log_training_results:317 - train weight decay:307.76266 * 0.0009000000000000001 * -0.37188
2023-04-29 08:54:53.877 | INFO     | utils.logging:log_training_results:280 - 
2023-04-29 08:54:53.877 | INFO     | utils.logging:log_training_results:281 - Global Step =   2750
2023-04-29 08:54:53.878 | INFO     | utils.logging:log_training_results:282 - val mean(MacRec)_t: 0.8666733503341675
2023-04-29 08:54:53.878 | INFO     | utils.logging:log_training_results:287 - val mean ABSerr: 0.6255559921264648
2023-04-29 08:54:53.879 | INFO     | utils.logging:log_training_results:290 - val ausat from confmx: 0.9776602387428284
2023-04-29 08:54:53.879 | INFO     | utils.logging:log_training_results:301 - val MCE loss:0.86890 * 0.6000000000000001 * -0.51033
2023-04-29 08:54:53.879 | INFO     | utils.logging:log_training_results:309 - val LLLR :0.24643 * 0.0 * -0.00013
2023-04-29 08:54:53.880 | INFO     | utils.logging:log_training_results:317 - val weight decay:259.41196 * 0.0009000000000000001 * -0.34175
2023-04-29 08:54:54.801 | INFO     | utils.logging:save_sdre_imgs:710 - Figures saved.
2023-04-29 08:54:55.438 | INFO     | utils.logging:log_training_results:280 - 
2023-04-29 08:54:55.439 | INFO     | utils.logging:log_training_results:281 - Global Step =   2750
2023-04-29 08:54:55.439 | INFO     | utils.logging:log_training_results:282 - train mean(MacRec)_t: 0.8707687258720398
2023-04-29 08:54:55.439 | INFO     | utils.logging:log_training_results:287 - train mean ABSerr: 0.7337649464607239
2023-04-29 08:54:55.440 | INFO     | utils.logging:log_training_results:290 - train ausat from confmx: 0.9829186797142029
2023-04-29 08:54:55.440 | INFO     | utils.logging:log_training_results:301 - train MCE loss:0.85835 * 0.6000000000000001 * -0.51012
2023-04-29 08:54:55.441 | INFO     | utils.logging:log_training_results:309 - train LLLR :0.24523 * 0.0 * 0.00013
2023-04-29 08:54:55.441 | INFO     | utils.logging:log_training_results:317 - train weight decay:259.41196 * 0.0009000000000000001 * -0.34141
2023-04-29 08:55:13.365 | INFO     | __main__:objective:356 - Starting epoch #7.
2023-04-29 08:56:38.561 | INFO     | utils.logging:log_training_results:280 - 
2023-04-29 08:56:38.562 | INFO     | utils.logging:log_training_results:281 - Global Step =   3000
2023-04-29 08:56:38.563 | INFO     | utils.logging:log_training_results:282 - val mean(MacRec)_t: 0.8671233654022217
2023-04-29 08:56:38.563 | INFO     | utils.logging:log_training_results:287 - val mean ABSerr: 0.612464189529419
2023-04-29 08:56:38.563 | INFO     | utils.logging:log_training_results:290 - val ausat from confmx: 0.977478563785553
2023-04-29 08:56:38.564 | INFO     | utils.logging:log_training_results:301 - val MCE loss:0.86735 * 0.6000000000000001 * -0.50990
2023-04-29 08:56:38.564 | INFO     | utils.logging:log_training_results:309 - val LLLR :0.24644 * 0.0 * -0.00013
2023-04-29 08:56:38.565 | INFO     | utils.logging:log_training_results:317 - val weight decay:217.95161 * 0.0009000000000000001 * -0.31328
2023-04-29 08:56:39.492 | INFO     | utils.logging:save_sdre_imgs:710 - Figures saved.
2023-04-29 08:56:40.105 | INFO     | utils.logging:log_training_results:280 - 
2023-04-29 08:56:40.106 | INFO     | utils.logging:log_training_results:281 - Global Step =   3000
2023-04-29 08:56:40.106 | INFO     | utils.logging:log_training_results:282 - train mean(MacRec)_t: 0.8390070796012878
2023-04-29 08:56:40.106 | INFO     | utils.logging:log_training_results:287 - train mean ABSerr: 0.6882542967796326
2023-04-29 08:56:40.107 | INFO     | utils.logging:log_training_results:290 - train ausat from confmx: 0.9684863090515137
2023-04-29 08:56:40.107 | INFO     | utils.logging:log_training_results:301 - train MCE loss:0.87125 * 0.6000000000000001 * -0.50997
2023-04-29 08:56:40.108 | INFO     | utils.logging:log_training_results:309 - train LLLR :0.24949 * 0.0 * 0.00013
2023-04-29 08:56:40.108 | INFO     | utils.logging:log_training_results:317 - train weight decay:217.95163 * 0.0009000000000000001 * -0.31293
2023-04-29 08:57:50.526 | INFO     | __main__:objective:356 - Starting epoch #8.
2023-04-29 08:58:19.762 | INFO     | utils.logging:log_training_results:280 - 
2023-04-29 08:58:19.763 | INFO     | utils.logging:log_training_results:281 - Global Step =   3250
2023-04-29 08:58:19.763 | INFO     | utils.logging:log_training_results:282 - val mean(MacRec)_t: 0.8708066940307617
2023-04-29 08:58:19.763 | INFO     | utils.logging:log_training_results:287 - val mean ABSerr: 0.5345614552497864
2023-04-29 08:58:19.764 | INFO     | utils.logging:log_training_results:290 - val ausat from confmx: 0.9805437922477722
2023-04-29 08:58:19.764 | INFO     | utils.logging:log_training_results:301 - val MCE loss:0.86526 * 0.6000000000000001 * -0.50971
2023-04-29 08:58:19.765 | INFO     | utils.logging:log_training_results:309 - val LLLR :0.24582 * 0.0 * -0.00013
2023-04-29 08:58:19.765 | INFO     | utils.logging:log_training_results:317 - val weight decay:183.02470 * 0.0009000000000000001 * -0.28711
2023-04-29 08:58:20.723 | INFO     | utils.logging:save_sdre_imgs:710 - Figures saved.
2023-04-29 08:58:21.351 | INFO     | utils.logging:log_training_results:280 - 
2023-04-29 08:58:21.352 | INFO     | utils.logging:log_training_results:281 - Global Step =   3250
2023-04-29 08:58:21.352 | INFO     | utils.logging:log_training_results:282 - train mean(MacRec)_t: 0.8866757154464722
2023-04-29 08:58:21.352 | INFO     | utils.logging:log_training_results:287 - train mean ABSerr: 0.6459245085716248
2023-04-29 08:58:21.353 | INFO     | utils.logging:log_training_results:290 - train ausat from confmx: 0.9902222156524658
2023-04-29 08:58:21.353 | INFO     | utils.logging:log_training_results:301 - train MCE loss:0.85007 * 0.6000000000000001 * -0.50937
2023-04-29 08:58:21.354 | INFO     | utils.logging:log_training_results:309 - train LLLR :0.24249 * 0.0 * 0.00013
2023-04-29 08:58:21.354 | INFO     | utils.logging:log_training_results:317 - train weight decay:183.02469 * 0.0009000000000000001 * -0.28672
2023-04-29 09:00:01.314 | INFO     | utils.logging:log_training_results:280 - 
2023-04-29 09:00:01.315 | INFO     | utils.logging:log_training_results:281 - Global Step =   3500
2023-04-29 09:00:01.315 | INFO     | utils.logging:log_training_results:282 - val mean(MacRec)_t: 0.8702833652496338
2023-04-29 09:00:01.316 | INFO     | utils.logging:log_training_results:287 - val mean ABSerr: 0.5258611440658569
2023-04-29 09:00:01.316 | INFO     | utils.logging:log_training_results:290 - val ausat from confmx: 0.9806621074676514
2023-04-29 09:00:01.317 | INFO     | utils.logging:log_training_results:301 - val MCE loss:0.86527 * 0.6000000000000001 * -0.50874
2023-04-29 09:00:01.317 | INFO     | utils.logging:log_training_results:309 - val LLLR :0.24587 * 0.0 * -0.00013
2023-04-29 09:00:01.318 | INFO     | utils.logging:log_training_results:317 - val weight decay:154.29483 * 0.0009000000000000001 * -0.26360
2023-04-29 09:00:02.390 | INFO     | utils.logging:save_sdre_imgs:710 - Figures saved.
2023-04-29 09:00:03.009 | INFO     | utils.logging:log_training_results:280 - 
2023-04-29 09:00:03.009 | INFO     | utils.logging:log_training_results:281 - Global Step =   3500
2023-04-29 09:00:03.010 | INFO     | utils.logging:log_training_results:282 - train mean(MacRec)_t: 0.8898943662643433
2023-04-29 09:00:03.010 | INFO     | utils.logging:log_training_results:287 - train mean ABSerr: 0.6856879591941833
2023-04-29 09:00:03.010 | INFO     | utils.logging:log_training_results:290 - train ausat from confmx: 0.985228419303894
2023-04-29 09:00:03.011 | INFO     | utils.logging:log_training_results:301 - train MCE loss:0.82440 * 0.6000000000000001 * -0.50797
2023-04-29 09:00:03.011 | INFO     | utils.logging:log_training_results:309 - train LLLR :0.23993 * 0.0 * 0.00013
2023-04-29 09:00:03.012 | INFO     | utils.logging:log_training_results:317 - train weight decay:154.29482 * 0.0009000000000000001 * -0.26327
2023-04-29 09:00:38.477 | INFO     | __main__:objective:356 - Starting epoch #9.
2023-04-29 09:01:44.135 | INFO     | utils.logging:log_training_results:280 - 
2023-04-29 09:01:44.136 | INFO     | utils.logging:log_training_results:281 - Global Step =   3750
2023-04-29 09:01:44.136 | INFO     | utils.logging:log_training_results:282 - val mean(MacRec)_t: 0.8685566782951355
2023-04-29 09:01:44.136 | INFO     | utils.logging:log_training_results:287 - val mean ABSerr: 0.5981341004371643
2023-04-29 09:01:44.137 | INFO     | utils.logging:log_training_results:290 - val ausat from confmx: 0.9794018268585205
2023-04-29 09:01:44.137 | INFO     | utils.logging:log_training_results:301 - val MCE loss:0.86665 * 0.6000000000000001 * -0.50984
2023-04-29 09:01:44.138 | INFO     | utils.logging:log_training_results:309 - val LLLR :0.24659 * 0.0 * -0.00013
2023-04-29 09:01:44.138 | INFO     | utils.logging:log_training_results:317 - val weight decay:131.29478 * 0.0009000000000000001 * -0.24314
2023-04-29 09:01:45.262 | INFO     | utils.logging:save_sdre_imgs:710 - Figures saved.
2023-04-29 09:01:45.874 | INFO     | utils.logging:log_training_results:280 - 
2023-04-29 09:01:45.874 | INFO     | utils.logging:log_training_results:281 - Global Step =   3750
2023-04-29 09:01:45.875 | INFO     | utils.logging:log_training_results:282 - train mean(MacRec)_t: 0.8614504337310791
2023-04-29 09:01:45.875 | INFO     | utils.logging:log_training_results:287 - train mean ABSerr: 0.6899101734161377
2023-04-29 09:01:45.876 | INFO     | utils.logging:log_training_results:290 - train ausat from confmx: 0.9701393842697144
2023-04-29 09:01:45.876 | INFO     | utils.logging:log_training_results:301 - train MCE loss:0.88017 * 0.6000000000000001 * -0.51008
2023-04-29 09:01:45.877 | INFO     | utils.logging:log_training_results:309 - train LLLR :0.24850 * 0.0 * 0.00013
2023-04-29 09:01:45.877 | INFO     | utils.logging:log_training_results:317 - train weight decay:131.29477 * 0.0009000000000000001 * -0.24288
2023-04-29 09:03:15.340 | INFO     | utils.logging:investigate_log:155 - num_warning=0/num_error=0 in the .log file.
2023-04-29 09:03:15.535 | INFO     | optuna.study.study:_log_completed_trial:1020 - Trial 34 finished with value: 0.2256157398223877 and parameters: {'LIST_IS_POSITIONAL_ENCODING': False, 'LIST_MODEL_BACKBONE': 'Transformer', 'LIST_WEIGHT_DECAY': 0.0009000000000000001, 'LIST_LEARNING_RATE': 0.00025150171280473717, 'LIST_LLLR_VERSION': 'LLLR', 'LIST_ACTIVATION_FC': 'relu', 'LIST_PARAM_MULTIPLET_LOSS': 0.6000000000000001, 'LIST_PARAM_LLR_LOSS': 0.0, 'LIST_IS_ADAPTIVE_LOSS': True, 'LIST_ORDER_SPRT': 5, 'LIST_OPTIMIZER': 'rmsprop', 'LIST_IS_NORMALIZE': False, 'LIST_NUM_THRESH': 1500, 'LIST_SPARSITY': 'linspace', 'LIST_NUM_BLOCKS': 2, 'LIST_NUM_HEADS': 4, 'LIST_DROPOUT': 0.1, 'LIST_FF_DIM': 64, 'LIST_MLP_UNITS': 64}. Best is trial 31 with value: 0.1642214059829712.
2023-04-29 09:03:15.557 | INFO     | utils.hyperparameter_tuning:suggest_parameters:560 - [33mStarting a tuning phase.[0m
2023-04-29 09:03:15.955 | INFO     | utils.hyperparameter_tuning:print:394 - 
+------------------------------------------+
|   Hyperparameteres suggested by Optuna   |
+------------------------+-----------------+
|     Parameter name     | Suggested value |
+------------------------+-----------------+
|     ACTIVATION_FC      |       tanh      |
|    ACTIVATION_INPUT    |     sigmoid     |
|   ACTIVATION_OUTPUT    |     sigmoid     |
|    IS_ADAPTIVE_LOSS    |       True      |
|      IS_NORMALIZE      |      False      |
| IS_POSITIONAL_ENCODING |      False      |
|     LEARNING_RATE      |     0.000235    |
|      LLLR_VERSION      |       LSEL      |
|     MODEL_BACKBONE     |       LSTM      |
|       NUM_THRESH       |       1500      |
|       OPTIMIZER        |     rmsprop     |
|       ORDER_SPRT       |        5        |
|     PARAM_LLR_LOSS     |       0.1       |
|  PARAM_MULTIPLET_LOSS  |       0.9       |
|        SPARSITY        |     linspace    |
|      WEIGHT_DECAY      |      0.0008     |
|       WIDTH_LSTM       |       113       |
+------------------------+-----------------+
2023-04-29 09:03:15.956 | INFO     | utils.misc:create_directories_and_log:291 - [33mA new log directory was created: [0m/home/afe/Dropbox/GitHub/SPRT-TANDEM-PyTorch/logs/public_offset0_5_optimmabs_tuning/checkpoints/LSTM_20230429_090315955/configs
2023-04-29 09:03:15.957 | INFO     | utils.misc:create_directories_and_log:291 - [33mA new log directory was created: [0m/home/afe/Dropbox/GitHub/SPRT-TANDEM-PyTorch/logs/public_offset0_5_optimmabs_tuning/TensorBoard_events/LSTM_20230429_090315955
