2023-04-29 04:27:30.305 | INFO     | utils.misc:fix_random_seed:405 - Random seed is not fixed.
2023-04-29 04:27:30.508 | INFO     | models.temporal_integrators:summarize:568 - 
:'######::'########::'########::'########::::::::::::::::::::::
'##... ##: ##.... ##: ##.... ##:... ##..:::::::::::::::::::::::
 ##:::..:: ##:::: ##: ##:::: ##:::: ##:::::::::::::::::::::::::
. ######:: ########:: ########::::: ##::::'#######:::::::::::::
:..... ##: ##.....::: ##.. ##:::::: ##::::........:::::::::::::
'##::: ##: ##:::::::: ##::. ##::::: ##:::::::::::::::::::::::::
. ######:: ##:::::::: ##:::. ##:::: ##:::::::::::::::::::::::::
:......:::..:::::::::..:::::..:::::..::::::::::::::::::::::::::
'########::::'###::::'##::: ##:'########::'########:'##::::'##:
... ##..::::'## ##::: ###:: ##: ##.... ##: ##.....:: ###::'###:
::: ##:::::'##:. ##:: ####: ##: ##:::: ##: ##::::::: ####'####:
::: ##::::'##:::. ##: ## ## ##: ##:::: ##: ######::: ## ### ##:
::: ##:::: #########: ##. ####: ##:::: ##: ##...:::: ##. #: ##:
::: ##:::: ##.... ##: ##:. ###: ##:::: ##: ##::::::: ##:.:: ##:
::: ##:::: ##:::: ##: ##::. ##: ########:: ########: ##:::: ##:
:::..:::::..:::::..::..::::..::........:::........::..:::::..::

2023-04-29 04:27:30.509 | INFO     | models.temporal_integrators:summarize:571 - [34mofficial PyTorch implementation.[0m
2023-04-29 04:27:31.071 | INFO     | models.temporal_integrators:summarize:593 - Network summary:
===============================================================================================
Layer (type:depth-idx)                        Output Shape              Param #
===============================================================================================
TANDEMformer                                  [150, 50, 3, 3]           643
├─TransformerEncoder: 1-1                     [6900, 1, 128]            --
│    └─ModuleList: 2-5                        --                        (recursive)
│    │    └─TransformerEncoderLayer: 3-1      [6900, 1, 128]            83,136
│    │    └─TransformerEncoderLayer: 3-2      [6900, 1, 128]            83,136
├─Linear: 1-2                                 [6900, 64]                8,256
├─Dropout: 1-3                                [6900, 64]                --
├─TransformerEncoder: 1-4                     [6900, 2, 128]            (recursive)
│    └─ModuleList: 2-5                        --                        (recursive)
│    │    └─TransformerEncoderLayer: 3-3      [6900, 2, 128]            (recursive)
│    │    └─TransformerEncoderLayer: 3-4      [6900, 2, 128]            (recursive)
├─Linear: 1-5                                 [6900, 64]                (recursive)
├─Dropout: 1-6                                [6900, 64]                --
├─TransformerEncoder: 1-7                     [6900, 3, 128]            (recursive)
│    └─ModuleList: 2-5                        --                        (recursive)
│    │    └─TransformerEncoderLayer: 3-5      [6900, 3, 128]            (recursive)
│    │    └─TransformerEncoderLayer: 3-6      [6900, 3, 128]            (recursive)
├─Linear: 1-8                                 [6900, 64]                (recursive)
├─Dropout: 1-9                                [6900, 64]                --
├─TransformerEncoder: 1-10                    [6900, 4, 128]            (recursive)
│    └─ModuleList: 2-5                        --                        (recursive)
│    │    └─TransformerEncoderLayer: 3-7      [6900, 4, 128]            (recursive)
│    │    └─TransformerEncoderLayer: 3-8      [6900, 4, 128]            (recursive)
├─Linear: 1-11                                [6900, 64]                (recursive)
├─Dropout: 1-12                               [6900, 64]                --
├─TransformerEncoder: 1-13                    [6900, 5, 128]            (recursive)
│    └─ModuleList: 2-5                        --                        (recursive)
│    │    └─TransformerEncoderLayer: 3-9      [6900, 5, 128]            (recursive)
│    │    └─TransformerEncoderLayer: 3-10     [6900, 5, 128]            (recursive)
├─Linear: 1-14                                [6900, 64]                (recursive)
├─Dropout: 1-15                               [6900, 64]                --
├─GELU: 1-16                                  [6900, 64]                --
├─Linear: 1-17                                [6900, 3]                 195
├─GELU: 1-18                                  [6900, 64]                --
├─Linear: 1-19                                [6900, 3]                 (recursive)
├─GELU: 1-20                                  [6900, 64]                --
├─Linear: 1-21                                [6900, 3]                 (recursive)
├─GELU: 1-22                                  [6900, 64]                --
├─Linear: 1-23                                [6900, 3]                 (recursive)
├─GELU: 1-24                                  [6900, 64]                --
├─Linear: 1-25                                [6900, 3]                 (recursive)
===============================================================================================
Total params: 175,366
Trainable params: 175,366
Non-trainable params: 0
Total mult-adds (M): 291.56
===============================================================================================
Input size (MB): 3.84
Forward/backward pass size (MB): 18.49
Params size (MB): 0.03
Estimated Total Size (MB): 22.37
===============================================================================================
2023-04-29 04:27:31.080 | INFO     | models.temporal_integrators:summarize:594 - Example input shape: torch.Size([150, 50, 128])
2023-04-29 04:27:31.081 | INFO     | models.temporal_integrators:summarize:595 - Example output shape: torch.Size([150, 50, 3, 3])
2023-04-29 04:27:31.082 | INFO     | models.temporal_integrators:import_model:58 - model moved onto: [33mcuda.[0m
2023-04-29 04:27:31.084 | INFO     | models.optimizers:initialize_optimizer:44 - Optimizer:
RMSprop (
Parameter Group 0
    alpha: 0.99
    centered: False
    differentiable: False
    eps: 1e-08
    foreach: None
    lr: 0.00014617265808466486
    maximize: False
    momentum: 0
    weight_decay: 0.001
)
2023-04-29 04:27:31.084 | INFO     | datasets.data_processing:lmdb_dataloaders:293 - loading data... 
2023-04-29 04:27:31.084 | INFO     | datasets.data_processing:lmdb_dataloaders:295 - If this process takes long, consider setting is_load_onto_memory=False or use LMDBIterableDataset.
2023-04-29 04:27:34.983 | INFO     | __main__:objective:356 - Starting epoch #0.
2023-04-29 04:27:46.770 | INFO     | utils.logging:log_training_results:280 - 
2023-04-29 04:27:46.771 | INFO     | utils.logging:log_training_results:281 - Global Step =      0
2023-04-29 04:27:46.772 | INFO     | utils.logging:log_training_results:282 - val mean(MacRec)_t: 0.3557133376598358
2023-04-29 04:27:46.772 | INFO     | utils.logging:log_training_results:287 - val mean ABSerr: 3.4874765872955322
2023-04-29 04:27:46.772 | INFO     | utils.logging:log_training_results:290 - val ausat from confmx: 0.36104488372802734
2023-04-29 04:27:46.773 | INFO     | utils.logging:log_training_results:301 - val MCE loss:1.10062 * 0.7000000000000001 * -1.36331
2023-04-29 04:27:46.773 | INFO     | utils.logging:log_training_results:309 - val LLLR :1.13815 * 0.2 * -0.16783
2023-04-29 04:27:46.774 | INFO     | utils.logging:log_training_results:317 - val weight decay:1777.83875 * 0.001 * -0.00352
2023-04-29 04:27:47.892 | INFO     | utils.logging:save_sdre_imgs:710 - Figures saved.
2023-04-29 04:27:48.540 | INFO     | utils.logging:log_training_results:280 - 
2023-04-29 04:27:48.541 | INFO     | utils.logging:log_training_results:281 - Global Step =      0
2023-04-29 04:27:48.542 | INFO     | utils.logging:log_training_results:282 - train mean(MacRec)_t: 0.32232803106307983
2023-04-29 04:27:48.542 | INFO     | utils.logging:log_training_results:287 - train mean ABSerr: 3.5107429027557373
2023-04-29 04:27:48.542 | INFO     | utils.logging:log_training_results:290 - train ausat from confmx: 0.32021427154541016
2023-04-29 04:27:48.543 | INFO     | utils.logging:log_training_results:301 - train MCE loss:1.10229 * 0.7000000000000001 * -1.36185
2023-04-29 04:27:48.544 | INFO     | utils.logging:log_training_results:309 - train LLLR :1.21528 * 0.2 * -0.16929
2023-04-29 04:27:48.544 | INFO     | utils.logging:log_training_results:317 - train weight decay:1777.83875 * 0.001 * -0.00498
2023-04-29 04:29:22.212 | INFO     | utils.logging:log_training_results:280 - 
2023-04-29 04:29:22.212 | INFO     | utils.logging:log_training_results:281 - Global Step =    250
2023-04-29 04:29:22.213 | INFO     | utils.logging:log_training_results:282 - val mean(MacRec)_t: 0.541979968547821
2023-04-29 04:29:22.213 | INFO     | utils.logging:log_training_results:287 - val mean ABSerr: 3.4380037784576416
2023-04-29 04:29:22.214 | INFO     | utils.logging:log_training_results:290 - val ausat from confmx: 0.638947606086731
2023-04-29 04:29:22.214 | INFO     | utils.logging:log_training_results:301 - val MCE loss:1.09153 * 0.7000000000000001 * -1.33267
2023-04-29 04:29:22.214 | INFO     | utils.logging:log_training_results:309 - val LLLR :1.03873 * 0.2 * -0.21399
2023-04-29 04:29:22.215 | INFO     | utils.logging:log_training_results:317 - val weight decay:1368.28809 * 0.001 * -0.01701
2023-04-29 04:29:22.350 | INFO     | utils.checkpoint:update_and_save_result:168 - [36mBest value updated![0m
2023-04-29 04:29:22.401 | INFO     | utils.checkpoint:save_checkpoint:83 - [36mSaved checkpoint[0m at step 250.
2023-04-29 04:29:23.305 | INFO     | utils.logging:save_sdre_imgs:710 - Figures saved.
2023-04-29 04:29:24.276 | INFO     | utils.logging:log_training_results:280 - 
2023-04-29 04:29:24.277 | INFO     | utils.logging:log_training_results:281 - Global Step =    250
2023-04-29 04:29:24.277 | INFO     | utils.logging:log_training_results:282 - train mean(MacRec)_t: 0.48943573236465454
2023-04-29 04:29:24.278 | INFO     | utils.logging:log_training_results:287 - train mean ABSerr: 3.4573259353637695
2023-04-29 04:29:24.278 | INFO     | utils.logging:log_training_results:290 - train ausat from confmx: 0.5634821653366089
2023-04-29 04:29:24.279 | INFO     | utils.logging:log_training_results:301 - train MCE loss:1.09085 * 0.7000000000000001 * -1.33258
2023-04-29 04:29:24.279 | INFO     | utils.logging:log_training_results:309 - train LLLR :1.04362 * 0.2 * -0.21410
2023-04-29 04:29:24.280 | INFO     | utils.logging:log_training_results:317 - train weight decay:1368.28809 * 0.001 * -0.01704
2023-04-29 04:30:15.704 | INFO     | __main__:objective:356 - Starting epoch #1.
2023-04-29 04:31:00.218 | INFO     | utils.logging:log_training_results:280 - 
2023-04-29 04:31:00.218 | INFO     | utils.logging:log_training_results:281 - Global Step =    500
2023-04-29 04:31:00.219 | INFO     | utils.logging:log_training_results:282 - val mean(MacRec)_t: 0.6992100477218628
2023-04-29 04:31:00.219 | INFO     | utils.logging:log_training_results:287 - val mean ABSerr: 3.429731607437134
2023-04-29 04:31:00.220 | INFO     | utils.logging:log_training_results:290 - val ausat from confmx: 0.8371710777282715
2023-04-29 04:31:00.220 | INFO     | utils.logging:log_training_results:301 - val MCE loss:1.08994 * 0.7000000000000001 * -1.30771
2023-04-29 04:31:00.220 | INFO     | utils.logging:log_training_results:309 - val LLLR :1.02639 * 0.2 * -0.24131
2023-04-29 04:31:00.221 | INFO     | utils.logging:log_training_results:317 - val weight decay:1190.34692 * 0.001 * -0.02380
2023-04-29 04:31:00.361 | INFO     | utils.checkpoint:update_and_save_result:168 - [36mBest value updated![0m
2023-04-29 04:31:00.381 | INFO     | utils.checkpoint:save_checkpoint:83 - [36mSaved checkpoint[0m at step 500.
2023-04-29 04:31:00.385 | INFO     | utils.checkpoint:keep_max_num_saved_models:101 - Removed the oldest model for max_to_keep=1
2023-04-29 04:31:01.494 | INFO     | utils.logging:save_sdre_imgs:710 - Figures saved.
2023-04-29 04:31:02.088 | INFO     | utils.logging:log_training_results:280 - 
2023-04-29 04:31:02.089 | INFO     | utils.logging:log_training_results:281 - Global Step =    500
2023-04-29 04:31:02.089 | INFO     | utils.logging:log_training_results:282 - train mean(MacRec)_t: 0.6239532232284546
2023-04-29 04:31:02.089 | INFO     | utils.logging:log_training_results:287 - train mean ABSerr: 3.5058484077453613
2023-04-29 04:31:02.090 | INFO     | utils.logging:log_training_results:290 - train ausat from confmx: 0.7024078965187073
2023-04-29 04:31:02.090 | INFO     | utils.logging:log_training_results:301 - train MCE loss:1.09003 * 0.7000000000000001 * -1.30760
2023-04-29 04:31:02.091 | INFO     | utils.logging:log_training_results:309 - train LLLR :1.02404 * 0.2 * -0.24141
2023-04-29 04:31:02.091 | INFO     | utils.logging:log_training_results:317 - train weight decay:1190.34692 * 0.001 * -0.02383
2023-04-29 04:32:40.226 | INFO     | utils.logging:log_training_results:280 - 
2023-04-29 04:32:40.230 | INFO     | utils.logging:log_training_results:281 - Global Step =    750
2023-04-29 04:32:40.231 | INFO     | utils.logging:log_training_results:282 - val mean(MacRec)_t: 0.8138300180435181
2023-04-29 04:32:40.231 | INFO     | utils.logging:log_training_results:287 - val mean ABSerr: 3.4211859703063965
2023-04-29 04:32:40.232 | INFO     | utils.logging:log_training_results:290 - val ausat from confmx: 0.9478044509887695
2023-04-29 04:32:40.233 | INFO     | utils.logging:log_training_results:301 - val MCE loss:1.08863 * 0.7000000000000001 * -1.27873
2023-04-29 04:32:40.233 | INFO     | utils.logging:log_training_results:309 - val LLLR :1.01610 * 0.2 * -0.26703
2023-04-29 04:32:40.234 | INFO     | utils.logging:log_training_results:317 - val weight decay:1059.80066 * 0.001 * -0.03176
2023-04-29 04:32:40.384 | INFO     | utils.checkpoint:update_and_save_result:168 - [36mBest value updated![0m
2023-04-29 04:32:40.406 | INFO     | utils.checkpoint:save_checkpoint:83 - [36mSaved checkpoint[0m at step 750.
2023-04-29 04:32:40.409 | INFO     | utils.checkpoint:keep_max_num_saved_models:101 - Removed the oldest model for max_to_keep=1
2023-04-29 04:32:41.327 | INFO     | utils.logging:save_sdre_imgs:710 - Figures saved.
2023-04-29 04:32:42.141 | INFO     | utils.logging:log_training_results:280 - 
2023-04-29 04:32:42.142 | INFO     | utils.logging:log_training_results:281 - Global Step =    750
2023-04-29 04:32:42.143 | INFO     | utils.logging:log_training_results:282 - train mean(MacRec)_t: 0.7891679406166077
2023-04-29 04:32:42.143 | INFO     | utils.logging:log_training_results:287 - train mean ABSerr: 3.5119106769561768
2023-04-29 04:32:42.143 | INFO     | utils.logging:log_training_results:290 - train ausat from confmx: 0.942341685295105
2023-04-29 04:32:42.144 | INFO     | utils.logging:log_training_results:301 - train MCE loss:1.08849 * 0.7000000000000001 * -1.27861
2023-04-29 04:32:42.144 | INFO     | utils.logging:log_training_results:309 - train LLLR :1.01029 * 0.2 * -0.26713
2023-04-29 04:32:42.145 | INFO     | utils.logging:log_training_results:317 - train weight decay:1059.80066 * 0.001 * -0.03179
2023-04-29 04:32:59.073 | INFO     | __main__:objective:356 - Starting epoch #2.
2023-04-29 04:34:17.873 | INFO     | utils.logging:log_training_results:280 - 
2023-04-29 04:34:17.876 | INFO     | utils.logging:log_training_results:281 - Global Step =   1000
2023-04-29 04:34:17.877 | INFO     | utils.logging:log_training_results:282 - val mean(MacRec)_t: 0.8685433864593506
2023-04-29 04:34:17.877 | INFO     | utils.logging:log_training_results:287 - val mean ABSerr: 3.3405182361602783
2023-04-29 04:34:17.877 | INFO     | utils.logging:log_training_results:290 - val ausat from confmx: 0.9803684949874878
2023-04-29 04:34:17.878 | INFO     | utils.logging:log_training_results:301 - val MCE loss:1.07758 * 0.7000000000000001 * -1.24707
2023-04-29 04:34:17.878 | INFO     | utils.logging:log_training_results:309 - val LLLR :0.93048 * 0.2 * -0.28794
2023-04-29 04:34:17.879 | INFO     | utils.logging:log_training_results:317 - val weight decay:971.64740 * 0.001 * -0.04183
2023-04-29 04:34:18.010 | INFO     | utils.checkpoint:update_and_save_result:168 - [36mBest value updated![0m
2023-04-29 04:34:18.029 | INFO     | utils.checkpoint:save_checkpoint:83 - [36mSaved checkpoint[0m at step 1000.
2023-04-29 04:34:18.032 | INFO     | utils.checkpoint:keep_max_num_saved_models:101 - Removed the oldest model for max_to_keep=1
2023-04-29 04:34:18.893 | INFO     | utils.logging:save_sdre_imgs:710 - Figures saved.
2023-04-29 04:34:19.478 | INFO     | utils.logging:log_training_results:280 - 
2023-04-29 04:34:19.479 | INFO     | utils.logging:log_training_results:281 - Global Step =   1000
2023-04-29 04:34:19.480 | INFO     | utils.logging:log_training_results:282 - train mean(MacRec)_t: 0.8552095890045166
2023-04-29 04:34:19.480 | INFO     | utils.logging:log_training_results:287 - train mean ABSerr: 3.399169921875
2023-04-29 04:34:19.480 | INFO     | utils.logging:log_training_results:290 - train ausat from confmx: 0.9777522087097168
2023-04-29 04:34:19.481 | INFO     | utils.logging:log_training_results:301 - train MCE loss:1.07648 * 0.7000000000000001 * -1.24694
2023-04-29 04:34:19.481 | INFO     | utils.logging:log_training_results:309 - train LLLR :0.92866 * 0.2 * -0.28799
2023-04-29 04:34:19.482 | INFO     | utils.logging:log_training_results:317 - train weight decay:971.64740 * 0.001 * -0.04188
2023-04-29 04:35:27.234 | INFO     | __main__:objective:356 - Starting epoch #3.
2023-04-29 04:36:01.006 | INFO     | utils.logging:log_training_results:280 - 
2023-04-29 04:36:01.007 | INFO     | utils.logging:log_training_results:281 - Global Step =   1250
2023-04-29 04:36:01.008 | INFO     | utils.logging:log_training_results:282 - val mean(MacRec)_t: 0.8746667504310608
2023-04-29 04:36:01.008 | INFO     | utils.logging:log_training_results:287 - val mean ABSerr: 3.0150859355926514
2023-04-29 04:36:01.008 | INFO     | utils.logging:log_training_results:290 - val ausat from confmx: 0.9842848777770996
2023-04-29 04:36:01.010 | INFO     | utils.logging:log_training_results:301 - val MCE loss:1.03672 * 0.7000000000000001 * -1.21361
2023-04-29 04:36:01.010 | INFO     | utils.logging:log_training_results:309 - val LLLR :0.67245 * 0.2 * -0.27526
2023-04-29 04:36:01.010 | INFO     | utils.logging:log_training_results:317 - val weight decay:911.82196 * 0.001 * -0.05466
2023-04-29 04:36:01.146 | INFO     | utils.checkpoint:update_and_save_result:168 - [36mBest value updated![0m
2023-04-29 04:36:01.166 | INFO     | utils.checkpoint:save_checkpoint:83 - [36mSaved checkpoint[0m at step 1250.
2023-04-29 04:36:01.168 | INFO     | utils.checkpoint:keep_max_num_saved_models:101 - Removed the oldest model for max_to_keep=1
2023-04-29 04:36:02.019 | INFO     | utils.logging:save_sdre_imgs:710 - Figures saved.
2023-04-29 04:36:02.643 | INFO     | utils.logging:log_training_results:280 - 
2023-04-29 04:36:02.644 | INFO     | utils.logging:log_training_results:281 - Global Step =   1250
2023-04-29 04:36:02.644 | INFO     | utils.logging:log_training_results:282 - train mean(MacRec)_t: 0.8814877271652222
2023-04-29 04:36:02.644 | INFO     | utils.logging:log_training_results:287 - train mean ABSerr: 3.0715887546539307
2023-04-29 04:36:02.645 | INFO     | utils.logging:log_training_results:290 - train ausat from confmx: 0.9846740365028381
2023-04-29 04:36:02.645 | INFO     | utils.logging:log_training_results:301 - train MCE loss:1.03771 * 0.7000000000000001 * -1.21347
2023-04-29 04:36:02.645 | INFO     | utils.logging:log_training_results:309 - train LLLR :0.66825 * 0.2 * -0.27510
2023-04-29 04:36:02.646 | INFO     | utils.logging:log_training_results:317 - train weight decay:911.82196 * 0.001 * -0.05471
2023-04-29 04:37:37.575 | INFO     | utils.logging:log_training_results:280 - 
2023-04-29 04:37:37.577 | INFO     | utils.logging:log_training_results:281 - Global Step =   1500
2023-04-29 04:37:37.578 | INFO     | utils.logging:log_training_results:282 - val mean(MacRec)_t: 0.8756266832351685
2023-04-29 04:37:37.578 | INFO     | utils.logging:log_training_results:287 - val mean ABSerr: 2.448915481567383
2023-04-29 04:37:37.578 | INFO     | utils.logging:log_training_results:290 - val ausat from confmx: 0.9837923645973206
2023-04-29 04:37:37.579 | INFO     | utils.logging:log_training_results:301 - val MCE loss:0.97874 * 0.7000000000000001 * -1.17880
2023-04-29 04:37:37.579 | INFO     | utils.logging:log_training_results:309 - val LLLR :0.45008 * 0.2 * -0.23286
2023-04-29 04:37:37.580 | INFO     | utils.logging:log_training_results:317 - val weight decay:864.04828 * 0.001 * -0.07054
2023-04-29 04:37:37.728 | INFO     | utils.checkpoint:update_and_save_result:168 - [36mBest value updated![0m
2023-04-29 04:37:37.750 | INFO     | utils.checkpoint:save_checkpoint:83 - [36mSaved checkpoint[0m at step 1500.
2023-04-29 04:37:37.753 | INFO     | utils.checkpoint:keep_max_num_saved_models:101 - Removed the oldest model for max_to_keep=1
2023-04-29 04:37:38.632 | INFO     | utils.logging:save_sdre_imgs:710 - Figures saved.
2023-04-29 04:37:39.219 | INFO     | utils.logging:log_training_results:280 - 
2023-04-29 04:37:39.220 | INFO     | utils.logging:log_training_results:281 - Global Step =   1500
2023-04-29 04:37:39.220 | INFO     | utils.logging:log_training_results:282 - train mean(MacRec)_t: 0.8982424139976501
2023-04-29 04:37:39.221 | INFO     | utils.logging:log_training_results:287 - train mean ABSerr: 2.361994981765747
2023-04-29 04:37:39.221 | INFO     | utils.logging:log_training_results:290 - train ausat from confmx: 0.9830595850944519
2023-04-29 04:37:39.221 | INFO     | utils.logging:log_training_results:301 - train MCE loss:0.98275 * 0.7000000000000001 * -1.17865
2023-04-29 04:37:39.222 | INFO     | utils.logging:log_training_results:309 - train LLLR :0.43869 * 0.2 * -0.23268
2023-04-29 04:37:39.222 | INFO     | utils.logging:log_training_results:317 - train weight decay:864.04828 * 0.001 * -0.07061
2023-04-29 04:38:12.490 | INFO     | __main__:objective:356 - Starting epoch #4.
2023-04-29 04:39:28.073 | INFO     | utils.logging:log_training_results:280 - 
2023-04-29 04:39:28.075 | INFO     | utils.logging:log_training_results:281 - Global Step =   1750
2023-04-29 04:39:28.075 | INFO     | utils.logging:log_training_results:282 - val mean(MacRec)_t: 0.8756133913993835
2023-04-29 04:39:28.076 | INFO     | utils.logging:log_training_results:287 - val mean ABSerr: 1.507360577583313
2023-04-29 04:39:28.076 | INFO     | utils.logging:log_training_results:290 - val ausat from confmx: 0.9837579727172852
2023-04-29 04:39:28.077 | INFO     | utils.logging:log_training_results:301 - val MCE loss:0.91640 * 0.7000000000000001 * -1.14306
2023-04-29 04:39:28.078 | INFO     | utils.logging:log_training_results:309 - val LLLR :0.32750 * 0.2 * -0.19488
2023-04-29 04:39:28.078 | INFO     | utils.logging:log_training_results:317 - val weight decay:819.65863 * 0.001 * -0.08940
2023-04-29 04:39:28.223 | INFO     | utils.checkpoint:update_and_save_result:168 - [36mBest value updated![0m
2023-04-29 04:39:28.238 | INFO     | utils.checkpoint:save_checkpoint:83 - [36mSaved checkpoint[0m at step 1750.
2023-04-29 04:39:28.241 | INFO     | utils.checkpoint:keep_max_num_saved_models:101 - Removed the oldest model for max_to_keep=1
2023-04-29 04:39:29.117 | INFO     | utils.logging:save_sdre_imgs:710 - Figures saved.
2023-04-29 04:39:29.749 | INFO     | utils.logging:log_training_results:280 - 
2023-04-29 04:39:29.750 | INFO     | utils.logging:log_training_results:281 - Global Step =   1750
2023-04-29 04:39:29.750 | INFO     | utils.logging:log_training_results:282 - train mean(MacRec)_t: 0.8700426816940308
2023-04-29 04:39:29.751 | INFO     | utils.logging:log_training_results:287 - train mean ABSerr: 1.4734375476837158
2023-04-29 04:39:29.751 | INFO     | utils.logging:log_training_results:290 - train ausat from confmx: 0.9772050380706787
2023-04-29 04:39:29.751 | INFO     | utils.logging:log_training_results:301 - train MCE loss:0.91903 * 0.7000000000000001 * -1.14292
2023-04-29 04:39:29.752 | INFO     | utils.logging:log_training_results:309 - train LLLR :0.34315 * 0.2 * -0.19478
2023-04-29 04:39:29.752 | INFO     | utils.logging:log_training_results:317 - train weight decay:819.65857 * 0.001 * -0.08949
2023-04-29 04:41:03.341 | INFO     | __main__:objective:356 - Starting epoch #5.
2023-04-29 04:41:16.404 | INFO     | utils.logging:log_training_results:280 - 
2023-04-29 04:41:16.405 | INFO     | utils.logging:log_training_results:281 - Global Step =   2000
2023-04-29 04:41:16.405 | INFO     | utils.logging:log_training_results:282 - val mean(MacRec)_t: 0.8757133483886719
2023-04-29 04:41:16.406 | INFO     | utils.logging:log_training_results:287 - val mean ABSerr: 0.8465204834938049
2023-04-29 04:41:16.406 | INFO     | utils.logging:log_training_results:290 - val ausat from confmx: 0.9839733839035034
2023-04-29 04:41:16.407 | INFO     | utils.logging:log_training_results:301 - val MCE loss:0.89396 * 0.7000000000000001 * -1.10689
2023-04-29 04:41:16.407 | INFO     | utils.logging:log_training_results:309 - val LLLR :0.30127 * 0.2 * -0.17498
2023-04-29 04:41:16.408 | INFO     | utils.logging:log_training_results:317 - val weight decay:774.64319 * 0.001 * -0.11086
2023-04-29 04:41:16.540 | INFO     | utils.checkpoint:update_and_save_result:168 - [36mBest value updated![0m
2023-04-29 04:41:16.554 | INFO     | utils.checkpoint:save_checkpoint:83 - [36mSaved checkpoint[0m at step 2000.
2023-04-29 04:41:16.557 | INFO     | utils.checkpoint:keep_max_num_saved_models:101 - Removed the oldest model for max_to_keep=1
2023-04-29 04:41:17.334 | INFO     | utils.logging:save_sdre_imgs:710 - Figures saved.
2023-04-29 04:41:17.942 | INFO     | utils.logging:log_training_results:280 - 
2023-04-29 04:41:17.942 | INFO     | utils.logging:log_training_results:281 - Global Step =   2000
2023-04-29 04:41:17.943 | INFO     | utils.logging:log_training_results:282 - train mean(MacRec)_t: 0.8745551109313965
2023-04-29 04:41:17.943 | INFO     | utils.logging:log_training_results:287 - train mean ABSerr: 0.8588762879371643
2023-04-29 04:41:17.943 | INFO     | utils.logging:log_training_results:290 - train ausat from confmx: 0.9743068218231201
2023-04-29 04:41:17.944 | INFO     | utils.logging:log_training_results:301 - train MCE loss:0.89996 * 0.7000000000000001 * -1.10674
2023-04-29 04:41:17.944 | INFO     | utils.logging:log_training_results:309 - train LLLR :0.30847 * 0.2 * -0.17499
2023-04-29 04:41:17.945 | INFO     | utils.logging:log_training_results:317 - train weight decay:774.64313 * 0.001 * -0.11095
2023-04-29 04:43:00.219 | INFO     | utils.logging:log_training_results:280 - 
2023-04-29 04:43:00.221 | INFO     | utils.logging:log_training_results:281 - Global Step =   2250
2023-04-29 04:43:00.221 | INFO     | utils.logging:log_training_results:282 - val mean(MacRec)_t: 0.8754799962043762
2023-04-29 04:43:00.222 | INFO     | utils.logging:log_training_results:287 - val mean ABSerr: 0.6163957715034485
2023-04-29 04:43:00.222 | INFO     | utils.logging:log_training_results:290 - val ausat from confmx: 0.9832758903503418
2023-04-29 04:43:00.222 | INFO     | utils.logging:log_training_results:301 - val MCE loss:0.88952 * 0.7000000000000001 * -1.07055
2023-04-29 04:43:00.223 | INFO     | utils.logging:log_training_results:309 - val LLLR :0.29728 * 0.2 * -0.17352
2023-04-29 04:43:00.223 | INFO     | utils.logging:log_training_results:317 - val weight decay:729.18225 * 0.001 * -0.13441
2023-04-29 04:43:00.363 | INFO     | utils.checkpoint:update_and_save_result:168 - [36mBest value updated![0m
2023-04-29 04:43:00.378 | INFO     | utils.checkpoint:save_checkpoint:83 - [36mSaved checkpoint[0m at step 2250.
2023-04-29 04:43:00.380 | INFO     | utils.checkpoint:keep_max_num_saved_models:101 - Removed the oldest model for max_to_keep=1
2023-04-29 04:43:01.402 | INFO     | utils.logging:save_sdre_imgs:710 - Figures saved.
2023-04-29 04:43:02.038 | INFO     | utils.logging:log_training_results:280 - 
2023-04-29 04:43:02.038 | INFO     | utils.logging:log_training_results:281 - Global Step =   2250
2023-04-29 04:43:02.039 | INFO     | utils.logging:log_training_results:282 - train mean(MacRec)_t: 0.8518710732460022
2023-04-29 04:43:02.039 | INFO     | utils.logging:log_training_results:287 - train mean ABSerr: 0.6757462024688721
2023-04-29 04:43:02.040 | INFO     | utils.logging:log_training_results:290 - train ausat from confmx: 0.9905382394790649
2023-04-29 04:43:02.040 | INFO     | utils.logging:log_training_results:301 - train MCE loss:0.90490 * 0.7000000000000001 * -1.07041
2023-04-29 04:43:02.040 | INFO     | utils.logging:log_training_results:309 - train LLLR :0.34073 * 0.2 * -0.17372
2023-04-29 04:43:02.041 | INFO     | utils.logging:log_training_results:317 - train weight decay:729.18219 * 0.001 * -0.13451
2023-04-29 04:43:55.162 | INFO     | __main__:objective:356 - Starting epoch #6.
2023-04-29 04:44:44.068 | INFO     | utils.logging:log_training_results:280 - 
2023-04-29 04:44:44.068 | INFO     | utils.logging:log_training_results:281 - Global Step =   2500
2023-04-29 04:44:44.069 | INFO     | utils.logging:log_training_results:282 - val mean(MacRec)_t: 0.8754665851593018
2023-04-29 04:44:44.069 | INFO     | utils.logging:log_training_results:287 - val mean ABSerr: 0.3588961958885193
2023-04-29 04:44:44.070 | INFO     | utils.logging:log_training_results:290 - val ausat from confmx: 0.9827313423156738
2023-04-29 04:44:44.070 | INFO     | utils.logging:log_training_results:301 - val MCE loss:0.88624 * 0.7000000000000001 * -1.03411
2023-04-29 04:44:44.070 | INFO     | utils.logging:log_training_results:309 - val LLLR :0.29460 * 0.2 * -0.16990
2023-04-29 04:44:44.071 | INFO     | utils.logging:log_training_results:317 - val weight decay:684.36353 * 0.001 * -0.15958
2023-04-29 04:44:44.208 | INFO     | utils.checkpoint:update_and_save_result:168 - [36mBest value updated![0m
2023-04-29 04:44:44.222 | INFO     | utils.checkpoint:save_checkpoint:83 - [36mSaved checkpoint[0m at step 2500.
2023-04-29 04:44:44.225 | INFO     | utils.checkpoint:keep_max_num_saved_models:101 - Removed the oldest model for max_to_keep=1
2023-04-29 04:44:45.032 | INFO     | utils.logging:save_sdre_imgs:710 - Figures saved.
2023-04-29 04:44:45.645 | INFO     | utils.logging:log_training_results:280 - 
2023-04-29 04:44:45.645 | INFO     | utils.logging:log_training_results:281 - Global Step =   2500
2023-04-29 04:44:45.646 | INFO     | utils.logging:log_training_results:282 - train mean(MacRec)_t: 0.8818517923355103
2023-04-29 04:44:45.646 | INFO     | utils.logging:log_training_results:287 - train mean ABSerr: 0.4887532889842987
2023-04-29 04:44:45.647 | INFO     | utils.logging:log_training_results:290 - train ausat from confmx: 0.9916849136352539
2023-04-29 04:44:45.647 | INFO     | utils.logging:log_training_results:301 - train MCE loss:0.89530 * 0.7000000000000001 * -1.03396
2023-04-29 04:44:45.647 | INFO     | utils.logging:log_training_results:309 - train LLLR :0.29052 * 0.2 * -0.16990
2023-04-29 04:44:45.648 | INFO     | utils.logging:log_training_results:317 - train weight decay:684.36353 * 0.001 * -0.15969
2023-04-29 04:46:29.736 | INFO     | utils.logging:log_training_results:280 - 
2023-04-29 04:46:29.736 | INFO     | utils.logging:log_training_results:281 - Global Step =   2750
2023-04-29 04:46:29.737 | INFO     | utils.logging:log_training_results:282 - val mean(MacRec)_t: 0.8756100535392761
2023-04-29 04:46:29.737 | INFO     | utils.logging:log_training_results:287 - val mean ABSerr: 0.33493760228157043
2023-04-29 04:46:29.737 | INFO     | utils.logging:log_training_results:290 - val ausat from confmx: 0.982767641544342
2023-04-29 04:46:29.738 | INFO     | utils.logging:log_training_results:301 - val MCE loss:0.88595 * 0.7000000000000001 * -0.99761
2023-04-29 04:46:29.738 | INFO     | utils.logging:log_training_results:309 - val LLLR :0.29412 * 0.2 * -0.17332
2023-04-29 04:46:29.739 | INFO     | utils.logging:log_training_results:317 - val weight decay:640.11493 * 0.001 * -0.18598
2023-04-29 04:46:29.878 | INFO     | utils.checkpoint:update_and_save_result:168 - [36mBest value updated![0m
2023-04-29 04:46:29.893 | INFO     | utils.checkpoint:save_checkpoint:83 - [36mSaved checkpoint[0m at step 2750.
2023-04-29 04:46:29.897 | INFO     | utils.checkpoint:keep_max_num_saved_models:101 - Removed the oldest model for max_to_keep=1
2023-04-29 04:46:30.700 | INFO     | utils.logging:save_sdre_imgs:710 - Figures saved.
2023-04-29 04:46:31.315 | INFO     | utils.logging:log_training_results:280 - 
2023-04-29 04:46:31.315 | INFO     | utils.logging:log_training_results:281 - Global Step =   2750
2023-04-29 04:46:31.316 | INFO     | utils.logging:log_training_results:282 - train mean(MacRec)_t: 0.8838986754417419
2023-04-29 04:46:31.316 | INFO     | utils.logging:log_training_results:287 - train mean ABSerr: 0.4776139557361603
2023-04-29 04:46:31.317 | INFO     | utils.logging:log_training_results:290 - train ausat from confmx: 0.9971590638160706
2023-04-29 04:46:31.317 | INFO     | utils.logging:log_training_results:301 - train MCE loss:0.89001 * 0.7000000000000001 * -0.99747
2023-04-29 04:46:31.317 | INFO     | utils.logging:log_training_results:309 - train LLLR :0.27322 * 0.2 * -0.17320
2023-04-29 04:46:31.318 | INFO     | utils.logging:log_training_results:317 - train weight decay:640.11493 * 0.001 * -0.18608
2023-04-29 04:46:49.306 | INFO     | __main__:objective:356 - Starting epoch #7.
2023-04-29 04:48:14.790 | INFO     | utils.logging:log_training_results:280 - 
2023-04-29 04:48:14.791 | INFO     | utils.logging:log_training_results:281 - Global Step =   3000
2023-04-29 04:48:14.792 | INFO     | utils.logging:log_training_results:282 - val mean(MacRec)_t: 0.8755233287811279
2023-04-29 04:48:14.792 | INFO     | utils.logging:log_training_results:287 - val mean ABSerr: 0.22621680796146393
2023-04-29 04:48:14.792 | INFO     | utils.logging:log_training_results:290 - val ausat from confmx: 0.9831220507621765
2023-04-29 04:48:14.793 | INFO     | utils.logging:log_training_results:301 - val MCE loss:0.88529 * 0.7000000000000001 * -0.96111
2023-04-29 04:48:14.793 | INFO     | utils.logging:log_training_results:309 - val LLLR :0.29372 * 0.2 * -0.17095
2023-04-29 04:48:14.794 | INFO     | utils.logging:log_training_results:317 - val weight decay:597.09747 * 0.001 * -0.21325
2023-04-29 04:48:14.930 | INFO     | utils.checkpoint:update_and_save_result:168 - [36mBest value updated![0m
2023-04-29 04:48:14.944 | INFO     | utils.checkpoint:save_checkpoint:83 - [36mSaved checkpoint[0m at step 3000.
2023-04-29 04:48:14.947 | INFO     | utils.checkpoint:keep_max_num_saved_models:101 - Removed the oldest model for max_to_keep=1
2023-04-29 04:48:15.771 | INFO     | utils.logging:save_sdre_imgs:710 - Figures saved.
2023-04-29 04:48:16.376 | INFO     | utils.logging:log_training_results:280 - 
2023-04-29 04:48:16.377 | INFO     | utils.logging:log_training_results:281 - Global Step =   3000
2023-04-29 04:48:16.377 | INFO     | utils.logging:log_training_results:282 - train mean(MacRec)_t: 0.8559998869895935
2023-04-29 04:48:16.378 | INFO     | utils.logging:log_training_results:287 - train mean ABSerr: 0.37810462713241577
2023-04-29 04:48:16.378 | INFO     | utils.logging:log_training_results:290 - train ausat from confmx: 0.9835270643234253
2023-04-29 04:48:16.378 | INFO     | utils.logging:log_training_results:301 - train MCE loss:0.89314 * 0.7000000000000001 * -0.96097
2023-04-29 04:48:16.379 | INFO     | utils.logging:log_training_results:309 - train LLLR :0.32737 * 0.2 * -0.17112
2023-04-29 04:48:16.379 | INFO     | utils.logging:log_training_results:317 - train weight decay:597.09747 * 0.001 * -0.21336
2023-04-29 04:49:27.960 | INFO     | __main__:objective:356 - Starting epoch #8.
2023-04-29 04:49:58.282 | INFO     | utils.logging:log_training_results:280 - 
2023-04-29 04:49:58.283 | INFO     | utils.logging:log_training_results:281 - Global Step =   3250
2023-04-29 04:49:58.283 | INFO     | utils.logging:log_training_results:282 - val mean(MacRec)_t: 0.8754299879074097
2023-04-29 04:49:58.284 | INFO     | utils.logging:log_training_results:287 - val mean ABSerr: 0.1849280297756195
2023-04-29 04:49:58.284 | INFO     | utils.logging:log_training_results:290 - val ausat from confmx: 0.9827752113342285
2023-04-29 04:49:58.285 | INFO     | utils.logging:log_training_results:301 - val MCE loss:0.88511 * 0.7000000000000001 * -0.92466
2023-04-29 04:49:58.285 | INFO     | utils.logging:log_training_results:309 - val LLLR :0.29429 * 0.2 * -0.17011
2023-04-29 04:49:58.285 | INFO     | utils.logging:log_training_results:317 - val weight decay:555.44623 * 0.001 * -0.24112
2023-04-29 04:49:58.420 | INFO     | utils.checkpoint:update_and_save_result:168 - [36mBest value updated![0m
2023-04-29 04:49:58.434 | INFO     | utils.checkpoint:save_checkpoint:83 - [36mSaved checkpoint[0m at step 3250.
2023-04-29 04:49:58.437 | INFO     | utils.checkpoint:keep_max_num_saved_models:101 - Removed the oldest model for max_to_keep=1
2023-04-29 04:49:59.254 | INFO     | utils.logging:save_sdre_imgs:710 - Figures saved.
2023-04-29 04:49:59.868 | INFO     | utils.logging:log_training_results:280 - 
2023-04-29 04:49:59.868 | INFO     | utils.logging:log_training_results:281 - Global Step =   3250
2023-04-29 04:49:59.869 | INFO     | utils.logging:log_training_results:282 - train mean(MacRec)_t: 0.8872628808021545
2023-04-29 04:49:59.869 | INFO     | utils.logging:log_training_results:287 - train mean ABSerr: 0.3961843252182007
2023-04-29 04:49:59.870 | INFO     | utils.logging:log_training_results:290 - train ausat from confmx: 0.9911686182022095
2023-04-29 04:49:59.870 | INFO     | utils.logging:log_training_results:301 - train MCE loss:0.87841 * 0.7000000000000001 * -0.92451
2023-04-29 04:49:59.871 | INFO     | utils.logging:log_training_results:309 - train LLLR :0.26911 * 0.2 * -0.17001
2023-04-29 04:49:59.871 | INFO     | utils.logging:log_training_results:317 - train weight decay:555.44617 * 0.001 * -0.24123
2023-04-29 04:51:40.809 | INFO     | utils.logging:log_training_results:280 - 
2023-04-29 04:51:40.810 | INFO     | utils.logging:log_training_results:281 - Global Step =   3500
2023-04-29 04:51:40.810 | INFO     | utils.logging:log_training_results:282 - val mean(MacRec)_t: 0.875386655330658
2023-04-29 04:51:40.811 | INFO     | utils.logging:log_training_results:287 - val mean ABSerr: 0.18940547108650208
2023-04-29 04:51:40.811 | INFO     | utils.logging:log_training_results:290 - val ausat from confmx: 0.9822896122932434
2023-04-29 04:51:40.812 | INFO     | utils.logging:log_training_results:301 - val MCE loss:0.88516 * 0.7000000000000001 * -0.88825
2023-04-29 04:51:40.812 | INFO     | utils.logging:log_training_results:309 - val LLLR :0.29421 * 0.2 * -0.17188
2023-04-29 04:51:40.813 | INFO     | utils.logging:log_training_results:317 - val weight decay:515.42004 * 0.001 * -0.26932
2023-04-29 04:51:42.054 | INFO     | utils.logging:save_sdre_imgs:710 - Figures saved.
2023-04-29 04:51:42.662 | INFO     | utils.logging:log_training_results:280 - 
2023-04-29 04:51:42.663 | INFO     | utils.logging:log_training_results:281 - Global Step =   3500
2023-04-29 04:51:42.663 | INFO     | utils.logging:log_training_results:282 - train mean(MacRec)_t: 0.8934924006462097
2023-04-29 04:51:42.663 | INFO     | utils.logging:log_training_results:287 - train mean ABSerr: 0.3921701908111572
2023-04-29 04:51:42.664 | INFO     | utils.logging:log_training_results:290 - train ausat from confmx: 0.9901452660560608
2023-04-29 04:51:42.664 | INFO     | utils.logging:log_training_results:301 - train MCE loss:0.86948 * 0.7000000000000001 * -0.88810
2023-04-29 04:51:42.665 | INFO     | utils.logging:log_training_results:309 - train LLLR :0.25741 * 0.2 * -0.17171
2023-04-29 04:51:42.665 | INFO     | utils.logging:log_training_results:317 - train weight decay:515.41998 * 0.001 * -0.26943
2023-04-29 04:52:17.657 | INFO     | __main__:objective:356 - Starting epoch #9.
2023-04-29 04:53:22.481 | INFO     | utils.logging:log_training_results:280 - 
2023-04-29 04:53:22.482 | INFO     | utils.logging:log_training_results:281 - Global Step =   3750
2023-04-29 04:53:22.482 | INFO     | utils.logging:log_training_results:282 - val mean(MacRec)_t: 0.8753567337989807
2023-04-29 04:53:22.483 | INFO     | utils.logging:log_training_results:287 - val mean ABSerr: 0.2109631448984146
2023-04-29 04:53:22.483 | INFO     | utils.logging:log_training_results:290 - val ausat from confmx: 0.9826501607894897
2023-04-29 04:53:22.484 | INFO     | utils.logging:log_training_results:301 - val MCE loss:0.88553 * 0.7000000000000001 * -0.85193
2023-04-29 04:53:22.484 | INFO     | utils.logging:log_training_results:309 - val LLLR :0.29490 * 0.2 * -0.17154
2023-04-29 04:53:22.485 | INFO     | utils.logging:log_training_results:317 - val weight decay:477.14542 * 0.001 * -0.29758
2023-04-29 04:53:23.646 | INFO     | utils.logging:save_sdre_imgs:710 - Figures saved.
2023-04-29 04:53:24.328 | INFO     | utils.logging:log_training_results:280 - 
2023-04-29 04:53:24.329 | INFO     | utils.logging:log_training_results:281 - Global Step =   3750
2023-04-29 04:53:24.329 | INFO     | utils.logging:log_training_results:282 - train mean(MacRec)_t: 0.8896912932395935
2023-04-29 04:53:24.330 | INFO     | utils.logging:log_training_results:287 - train mean ABSerr: 0.3715263903141022
2023-04-29 04:53:24.330 | INFO     | utils.logging:log_training_results:290 - train ausat from confmx: 0.9772140979766846
2023-04-29 04:53:24.331 | INFO     | utils.logging:log_training_results:301 - train MCE loss:0.87762 * 0.7000000000000001 * -0.85178
2023-04-29 04:53:24.331 | INFO     | utils.logging:log_training_results:309 - train LLLR :0.27137 * 0.2 * -0.17143
2023-04-29 04:53:24.331 | INFO     | utils.logging:log_training_results:317 - train weight decay:477.14542 * 0.001 * -0.29769
2023-04-29 04:54:52.198 | INFO     | utils.logging:investigate_log:155 - num_warning=0/num_error=0 in the .log file.
2023-04-29 04:54:52.392 | INFO     | optuna.study.study:_log_completed_trial:1020 - Trial 24 finished with value: 0.1849280297756195 and parameters: {'LIST_IS_POSITIONAL_ENCODING': False, 'LIST_MODEL_BACKBONE': 'Transformer', 'LIST_WEIGHT_DECAY': 0.001, 'LIST_LEARNING_RATE': 0.00014617265808466486, 'LIST_LLLR_VERSION': 'LSEL', 'LIST_ACTIVATION_FC': 'gelu', 'LIST_PARAM_MULTIPLET_LOSS': 0.7000000000000001, 'LIST_PARAM_LLR_LOSS': 0.2, 'LIST_IS_ADAPTIVE_LOSS': True, 'LIST_ORDER_SPRT': 4, 'LIST_OPTIMIZER': 'rmsprop', 'LIST_IS_NORMALIZE': False, 'LIST_NUM_THRESH': 1500, 'LIST_SPARSITY': 'linspace', 'LIST_NUM_BLOCKS': 2, 'LIST_NUM_HEADS': 4, 'LIST_DROPOUT': 0.1, 'LIST_FF_DIM': 64, 'LIST_MLP_UNITS': 64}. Best is trial 16 with value: 0.17351768910884857.
2023-04-29 04:54:52.410 | INFO     | utils.hyperparameter_tuning:suggest_parameters:560 - [33mStarting a tuning phase.[0m
2023-04-29 04:54:52.867 | INFO     | utils.hyperparameter_tuning:print:394 - 
+------------------------------------------+
|   Hyperparameteres suggested by Optuna   |
+------------------------+-----------------+
|     Parameter name     | Suggested value |
+------------------------+-----------------+
|     ACTIVATION_FC      |       gelu      |
|        DROPOUT         |       0.1       |
|         FF_DIM         |        64       |
|    IS_ADAPTIVE_LOSS    |       True      |
|      IS_NORMALIZE      |      False      |
| IS_POSITIONAL_ENCODING |      False      |
|     LEARNING_RATE      |    0.00018375   |
|      LLLR_VERSION      |       LSEL      |
|       MLP_UNITS        |        64       |
|     MODEL_BACKBONE     |   Transformer   |
|       NUM_BLOCKS       |        2        |
|       NUM_HEADS        |        4        |
|       NUM_THRESH       |       1000      |
|       OPTIMIZER        |     rmsprop     |
|       ORDER_SPRT       |        4        |
|     PARAM_LLR_LOSS     |       0.2       |
|  PARAM_MULTIPLET_LOSS  |       0.7       |
|        SPARSITY        |     linspace    |
|      WEIGHT_DECAY      |      0.001      |
+------------------------+-----------------+
2023-04-29 04:54:52.868 | INFO     | utils.misc:create_directories_and_log:291 - [33mA new log directory was created: [0m/home/afe/Dropbox/GitHub/SPRT-TANDEM-PyTorch/logs/public_offset0_5_optimmabs_tuning/checkpoints/Transformer_20230429_045452868/configs
2023-04-29 04:54:52.869 | INFO     | utils.misc:create_directories_and_log:291 - [33mA new log directory was created: [0m/home/afe/Dropbox/GitHub/SPRT-TANDEM-PyTorch/logs/public_offset0_5_optimmabs_tuning/TensorBoard_events/Transformer_20230429_045452868
