2023-04-30 02:45:46.159 | INFO     | utils.misc:fix_random_seed:405 - Random seed is not fixed.
2023-04-30 02:45:46.198 | INFO     | models.temporal_integrators:summarize:568 - 
:'######::'########::'########::'########::::::::::::::::::::::
'##... ##: ##.... ##: ##.... ##:... ##..:::::::::::::::::::::::
 ##:::..:: ##:::: ##: ##:::: ##:::: ##:::::::::::::::::::::::::
. ######:: ########:: ########::::: ##::::'#######:::::::::::::
:..... ##: ##.....::: ##.. ##:::::: ##::::........:::::::::::::
'##::: ##: ##:::::::: ##::. ##::::: ##:::::::::::::::::::::::::
. ######:: ##:::::::: ##:::. ##:::: ##:::::::::::::::::::::::::
:......:::..:::::::::..:::::..:::::..::::::::::::::::::::::::::
'########::::'###::::'##::: ##:'########::'########:'##::::'##:
... ##..::::'## ##::: ###:: ##: ##.... ##: ##.....:: ###::'###:
::: ##:::::'##:. ##:: ####: ##: ##:::: ##: ##::::::: ####'####:
::: ##::::'##:::. ##: ## ## ##: ##:::: ##: ######::: ## ### ##:
::: ##:::: #########: ##. ####: ##:::: ##: ##...:::: ##. #: ##:
::: ##:::: ##.... ##: ##:. ###: ##:::: ##: ##::::::: ##:.:: ##:
::: ##:::: ##:::: ##: ##::. ##: ########:: ########: ##:::: ##:
:::..:::::..:::::..::..::::..::........:::........::..:::::..::

2023-04-30 02:45:46.200 | INFO     | models.temporal_integrators:summarize:571 - [34mofficial PyTorch implementation.[0m
2023-04-30 02:45:46.302 | INFO     | models.temporal_integrators:summarize:593 - Network summary:
===============================================================================================
Layer (type:depth-idx)                        Output Shape              Param #
===============================================================================================
TANDEMformer                                  [150, 50, 3, 3]           771
├─TransformerEncoder: 1-1                     [6750, 1, 128]            --
│    └─ModuleList: 2-6                        --                        (recursive)
│    │    └─TransformerEncoderLayer: 3-1      [6750, 1, 128]            74,912
├─Linear: 1-2                                 [6750, 64]                8,256
├─Dropout: 1-3                                [6750, 64]                --
├─TransformerEncoder: 1-4                     [6750, 2, 128]            (recursive)
│    └─ModuleList: 2-6                        --                        (recursive)
│    │    └─TransformerEncoderLayer: 3-2      [6750, 2, 128]            (recursive)
├─Linear: 1-5                                 [6750, 64]                (recursive)
├─Dropout: 1-6                                [6750, 64]                --
├─TransformerEncoder: 1-7                     [6750, 3, 128]            (recursive)
│    └─ModuleList: 2-6                        --                        (recursive)
│    │    └─TransformerEncoderLayer: 3-3      [6750, 3, 128]            (recursive)
├─Linear: 1-8                                 [6750, 64]                (recursive)
├─Dropout: 1-9                                [6750, 64]                --
├─TransformerEncoder: 1-10                    [6750, 4, 128]            (recursive)
│    └─ModuleList: 2-6                        --                        (recursive)
│    │    └─TransformerEncoderLayer: 3-4      [6750, 4, 128]            (recursive)
├─Linear: 1-11                                [6750, 64]                (recursive)
├─Dropout: 1-12                               [6750, 64]                --
├─TransformerEncoder: 1-13                    [6750, 5, 128]            (recursive)
│    └─ModuleList: 2-6                        --                        (recursive)
│    │    └─TransformerEncoderLayer: 3-5      [6750, 5, 128]            (recursive)
├─Linear: 1-14                                [6750, 64]                (recursive)
├─Dropout: 1-15                               [6750, 64]                --
├─TransformerEncoder: 1-16                    [6750, 6, 128]            (recursive)
│    └─ModuleList: 2-6                        --                        (recursive)
│    │    └─TransformerEncoderLayer: 3-6      [6750, 6, 128]            (recursive)
├─Linear: 1-17                                [6750, 64]                (recursive)
├─Dropout: 1-18                               [6750, 64]                --
├─GELU: 1-19                                  [6750, 64]                --
├─Linear: 1-20                                [6750, 3]                 195
├─GELU: 1-21                                  [6750, 64]                --
├─Linear: 1-22                                [6750, 3]                 (recursive)
├─GELU: 1-23                                  [6750, 64]                --
├─Linear: 1-24                                [6750, 3]                 (recursive)
├─GELU: 1-25                                  [6750, 64]                --
├─Linear: 1-26                                [6750, 3]                 (recursive)
├─GELU: 1-27                                  [6750, 64]                --
├─Linear: 1-28                                [6750, 3]                 (recursive)
├─GELU: 1-29                                  [6750, 64]                --
├─Linear: 1-30                                [6750, 3]                 (recursive)
===============================================================================================
Total params: 84,134
Trainable params: 84,134
Non-trainable params: 0
Total mult-adds (M): 342.27
===============================================================================================
Input size (MB): 3.84
Forward/backward pass size (MB): 21.71
Params size (MB): 0.03
Estimated Total Size (MB): 25.58
===============================================================================================
2023-04-30 02:45:46.303 | INFO     | models.temporal_integrators:summarize:594 - Example input shape: torch.Size([150, 50, 128])
2023-04-30 02:45:46.304 | INFO     | models.temporal_integrators:summarize:595 - Example output shape: torch.Size([150, 50, 3, 3])
2023-04-30 02:45:46.307 | INFO     | models.temporal_integrators:import_model:58 - model moved onto: [33mcuda.[0m
2023-04-30 02:45:46.308 | INFO     | models.optimizers:initialize_optimizer:44 - Optimizer:
AdamW (
Parameter Group 0
    amsgrad: False
    betas: (0.9, 0.999)
    capturable: False
    differentiable: False
    eps: 1e-08
    foreach: None
    fused: None
    lr: 0.0001094974637878418
    maximize: False
    weight_decay: 0.00030000000000000003
)
2023-04-30 02:45:46.309 | INFO     | datasets.data_processing:lmdb_dataloaders:293 - loading data... 
2023-04-30 02:45:46.310 | INFO     | datasets.data_processing:lmdb_dataloaders:295 - If this process takes long, consider setting is_load_onto_memory=False or use LMDBIterableDataset.
2023-04-30 02:45:49.289 | INFO     | __main__:objective:356 - Starting epoch #0.
2023-04-30 02:45:52.362 | INFO     | utils.logging:log_training_results:280 - 
2023-04-30 02:45:52.366 | INFO     | utils.logging:log_training_results:281 - Global Step =      0
2023-04-30 02:45:52.367 | INFO     | utils.logging:log_training_results:282 - val mean(MacRec)_t: 0.35701000690460205
2023-04-30 02:45:52.367 | INFO     | utils.logging:log_training_results:287 - val mean ABSerr: 3.4997637271881104
2023-04-30 02:45:52.367 | INFO     | utils.logging:log_training_results:290 - val ausat from confmx: 0.3697613775730133
2023-04-30 02:45:52.368 | INFO     | utils.logging:log_training_results:301 - val MCE loss:1.10230 * 0.2 * -0.07147
2023-04-30 02:45:52.369 | INFO     | utils.logging:log_training_results:309 - val LLLR :1.13955 * 0.0 * -0.75972
2023-04-30 02:45:52.369 | INFO     | utils.logging:log_training_results:317 - val weight decay:1331.83423 * 0.00030000000000000003 * -1.80305
2023-04-30 02:45:53.447 | INFO     | utils.logging:save_sdre_imgs:710 - Figures saved.
2023-04-30 02:45:53.861 | INFO     | utils.logging:log_training_results:280 - 
2023-04-30 02:45:53.862 | INFO     | utils.logging:log_training_results:281 - Global Step =      0
2023-04-30 02:45:53.862 | INFO     | utils.logging:log_training_results:282 - train mean(MacRec)_t: 0.3079873323440552
2023-04-30 02:45:53.863 | INFO     | utils.logging:log_training_results:287 - train mean ABSerr: 3.584977865219116
2023-04-30 02:45:53.863 | INFO     | utils.logging:log_training_results:290 - train ausat from confmx: 0.27476146817207336
2023-04-30 02:45:53.863 | INFO     | utils.logging:log_training_results:301 - train MCE loss:1.10559 * 0.2 * -0.07158
2023-04-30 02:45:53.864 | INFO     | utils.logging:log_training_results:309 - train LLLR :1.19824 * 0.0 * -0.75961
2023-04-30 02:45:53.864 | INFO     | utils.logging:log_training_results:317 - train weight decay:1331.83423 * 0.00030000000000000003 * -1.80294
2023-04-30 02:46:24.452 | INFO     | utils.logging:log_training_results:280 - 
2023-04-30 02:46:24.453 | INFO     | utils.logging:log_training_results:281 - Global Step =    250
2023-04-30 02:46:24.453 | INFO     | utils.logging:log_training_results:282 - val mean(MacRec)_t: 0.8721200227737427
2023-04-30 02:46:24.454 | INFO     | utils.logging:log_training_results:287 - val mean ABSerr: 0.44360560178756714
2023-04-30 02:46:24.454 | INFO     | utils.logging:log_training_results:290 - val ausat from confmx: 0.9820267558097839
2023-04-30 02:46:24.455 | INFO     | utils.logging:log_training_results:301 - val MCE loss:0.86245 * 0.2 * -0.09264
2023-04-30 02:46:24.455 | INFO     | utils.logging:log_training_results:309 - val LLLR :0.30249 * 0.0 * -0.73212
2023-04-30 02:46:24.456 | INFO     | utils.logging:log_training_results:317 - val weight decay:1309.98657 * 0.00030000000000000003 * -1.77556
2023-04-30 02:46:24.586 | INFO     | utils.checkpoint:update_and_save_result:168 - [36mBest value updated![0m
2023-04-30 02:46:24.602 | INFO     | utils.checkpoint:save_checkpoint:83 - [36mSaved checkpoint[0m at step 250.
2023-04-30 02:46:25.436 | INFO     | utils.logging:save_sdre_imgs:710 - Figures saved.
2023-04-30 02:46:25.803 | INFO     | utils.logging:log_training_results:280 - 
2023-04-30 02:46:25.804 | INFO     | utils.logging:log_training_results:281 - Global Step =    250
2023-04-30 02:46:25.804 | INFO     | utils.logging:log_training_results:282 - train mean(MacRec)_t: 0.8790693283081055
2023-04-30 02:46:25.805 | INFO     | utils.logging:log_training_results:287 - train mean ABSerr: 0.8718093633651733
2023-04-30 02:46:25.805 | INFO     | utils.logging:log_training_results:290 - train ausat from confmx: 0.9766263961791992
2023-04-30 02:46:25.805 | INFO     | utils.logging:log_training_results:301 - train MCE loss:0.84434 * 0.2 * -0.09271
2023-04-30 02:46:25.806 | INFO     | utils.logging:log_training_results:309 - train LLLR :0.29304 * 0.0 * -0.73201
2023-04-30 02:46:25.806 | INFO     | utils.logging:log_training_results:317 - train weight decay:1309.98645 * 0.00030000000000000003 * -1.77545
2023-04-30 02:46:42.372 | INFO     | __main__:objective:356 - Starting epoch #1.
2023-04-30 02:46:56.453 | INFO     | utils.logging:log_training_results:280 - 
2023-04-30 02:46:56.454 | INFO     | utils.logging:log_training_results:281 - Global Step =    500
2023-04-30 02:46:56.454 | INFO     | utils.logging:log_training_results:282 - val mean(MacRec)_t: 0.8742666244506836
2023-04-30 02:46:56.455 | INFO     | utils.logging:log_training_results:287 - val mean ABSerr: 0.309131383895874
2023-04-30 02:46:56.455 | INFO     | utils.logging:log_training_results:290 - val ausat from confmx: 0.9831278920173645
2023-04-30 02:46:56.456 | INFO     | utils.logging:log_training_results:301 - val MCE loss:0.85899 * 0.2 * -0.10704
2023-04-30 02:46:56.456 | INFO     | utils.logging:log_training_results:309 - val LLLR :0.29738 * 0.0 * -0.70404
2023-04-30 02:46:56.456 | INFO     | utils.logging:log_training_results:317 - val weight decay:1271.84851 * 0.00030000000000000003 * -1.74788
2023-04-30 02:46:56.585 | INFO     | utils.checkpoint:update_and_save_result:168 - [36mBest value updated![0m
2023-04-30 02:46:56.597 | INFO     | utils.checkpoint:save_checkpoint:83 - [36mSaved checkpoint[0m at step 500.
2023-04-30 02:46:56.599 | INFO     | utils.checkpoint:keep_max_num_saved_models:101 - Removed the oldest model for max_to_keep=1
2023-04-30 02:46:57.419 | INFO     | utils.logging:save_sdre_imgs:710 - Figures saved.
2023-04-30 02:46:57.777 | INFO     | utils.logging:log_training_results:280 - 
2023-04-30 02:46:57.778 | INFO     | utils.logging:log_training_results:281 - Global Step =    500
2023-04-30 02:46:57.778 | INFO     | utils.logging:log_training_results:282 - train mean(MacRec)_t: 0.8610000610351562
2023-04-30 02:46:57.778 | INFO     | utils.logging:log_training_results:287 - train mean ABSerr: 0.8249396085739136
2023-04-30 02:46:57.779 | INFO     | utils.logging:log_training_results:290 - train ausat from confmx: 0.9691091179847717
2023-04-30 02:46:57.779 | INFO     | utils.logging:log_training_results:301 - train MCE loss:0.86145 * 0.2 * -0.10709
2023-04-30 02:46:57.780 | INFO     | utils.logging:log_training_results:309 - train LLLR :0.33575 * 0.0 * -0.70392
2023-04-30 02:46:57.780 | INFO     | utils.logging:log_training_results:317 - train weight decay:1271.84851 * 0.00030000000000000003 * -1.74777
2023-04-30 02:47:28.409 | INFO     | utils.logging:log_training_results:280 - 
2023-04-30 02:47:28.410 | INFO     | utils.logging:log_training_results:281 - Global Step =    750
2023-04-30 02:47:28.410 | INFO     | utils.logging:log_training_results:282 - val mean(MacRec)_t: 0.8744799494743347
2023-04-30 02:47:28.411 | INFO     | utils.logging:log_training_results:287 - val mean ABSerr: 0.2876463532447815
2023-04-30 02:47:28.411 | INFO     | utils.logging:log_training_results:290 - val ausat from confmx: 0.9833859801292419
2023-04-30 02:47:28.411 | INFO     | utils.logging:log_training_results:301 - val MCE loss:0.85868 * 0.2 * -0.11922
2023-04-30 02:47:28.412 | INFO     | utils.logging:log_training_results:309 - val LLLR :0.29693 * 0.0 * -0.67547
2023-04-30 02:47:28.412 | INFO     | utils.logging:log_training_results:317 - val weight decay:1236.35474 * 0.00030000000000000003 * -1.72002
2023-04-30 02:47:28.535 | INFO     | utils.checkpoint:update_and_save_result:168 - [36mBest value updated![0m
2023-04-30 02:47:28.552 | INFO     | utils.checkpoint:save_checkpoint:83 - [36mSaved checkpoint[0m at step 750.
2023-04-30 02:47:28.555 | INFO     | utils.checkpoint:keep_max_num_saved_models:101 - Removed the oldest model for max_to_keep=1
2023-04-30 02:47:29.686 | INFO     | utils.logging:save_sdre_imgs:710 - Figures saved.
2023-04-30 02:47:30.050 | INFO     | utils.logging:log_training_results:280 - 
2023-04-30 02:47:30.051 | INFO     | utils.logging:log_training_results:281 - Global Step =    750
2023-04-30 02:47:30.051 | INFO     | utils.logging:log_training_results:282 - train mean(MacRec)_t: 0.8715813755989075
2023-04-30 02:47:30.051 | INFO     | utils.logging:log_training_results:287 - train mean ABSerr: 0.8259561061859131
2023-04-30 02:47:30.052 | INFO     | utils.logging:log_training_results:290 - train ausat from confmx: 0.9729280471801758
2023-04-30 02:47:30.052 | INFO     | utils.logging:log_training_results:301 - train MCE loss:0.85961 * 0.2 * -0.11927
2023-04-30 02:47:30.053 | INFO     | utils.logging:log_training_results:309 - train LLLR :0.29861 * 0.0 * -0.67536
2023-04-30 02:47:30.053 | INFO     | utils.logging:log_training_results:317 - train weight decay:1236.35474 * 0.00030000000000000003 * -1.71991
2023-04-30 02:47:35.536 | INFO     | __main__:objective:356 - Starting epoch #2.
2023-04-30 02:48:00.735 | INFO     | utils.logging:log_training_results:280 - 
2023-04-30 02:48:00.736 | INFO     | utils.logging:log_training_results:281 - Global Step =   1000
2023-04-30 02:48:00.736 | INFO     | utils.logging:log_training_results:282 - val mean(MacRec)_t: 0.874039888381958
2023-04-30 02:48:00.737 | INFO     | utils.logging:log_training_results:287 - val mean ABSerr: 0.3221329152584076
2023-04-30 02:48:00.737 | INFO     | utils.logging:log_training_results:290 - val ausat from confmx: 0.982544481754303
2023-04-30 02:48:00.737 | INFO     | utils.logging:log_training_results:301 - val MCE loss:0.85821 * 0.2 * -0.12991
2023-04-30 02:48:00.738 | INFO     | utils.logging:log_training_results:309 - val LLLR :0.29787 * 0.0 * -0.64643
2023-04-30 02:48:00.738 | INFO     | utils.logging:log_training_results:317 - val weight decay:1202.61548 * 0.00030000000000000003 * -1.69199
2023-04-30 02:48:01.666 | INFO     | utils.logging:save_sdre_imgs:710 - Figures saved.
2023-04-30 02:48:02.037 | INFO     | utils.logging:log_training_results:280 - 
2023-04-30 02:48:02.038 | INFO     | utils.logging:log_training_results:281 - Global Step =   1000
2023-04-30 02:48:02.038 | INFO     | utils.logging:log_training_results:282 - train mean(MacRec)_t: 0.8676936030387878
2023-04-30 02:48:02.039 | INFO     | utils.logging:log_training_results:287 - train mean ABSerr: 0.8113231658935547
2023-04-30 02:48:02.039 | INFO     | utils.logging:log_training_results:290 - train ausat from confmx: 0.9968074560165405
2023-04-30 02:48:02.041 | INFO     | utils.logging:log_training_results:301 - train MCE loss:0.84579 * 0.2 * -0.12996
2023-04-30 02:48:02.042 | INFO     | utils.logging:log_training_results:309 - train LLLR :0.31627 * 0.0 * -0.64631
2023-04-30 02:48:02.044 | INFO     | utils.logging:log_training_results:317 - train weight decay:1202.61536 * 0.00030000000000000003 * -1.69187
2023-04-30 02:48:24.253 | INFO     | __main__:objective:356 - Starting epoch #3.
2023-04-30 02:48:32.811 | INFO     | utils.logging:log_training_results:280 - 
2023-04-30 02:48:32.812 | INFO     | utils.logging:log_training_results:281 - Global Step =   1250
2023-04-30 02:48:32.812 | INFO     | utils.logging:log_training_results:282 - val mean(MacRec)_t: 0.874739944934845
2023-04-30 02:48:32.813 | INFO     | utils.logging:log_training_results:287 - val mean ABSerr: 0.28281527757644653
2023-04-30 02:48:32.813 | INFO     | utils.logging:log_training_results:290 - val ausat from confmx: 0.9838749766349792
2023-04-30 02:48:32.813 | INFO     | utils.logging:log_training_results:301 - val MCE loss:0.85793 * 0.2 * -0.13956
2023-04-30 02:48:32.814 | INFO     | utils.logging:log_training_results:309 - val LLLR :0.29590 * 0.0 * -0.61691
2023-04-30 02:48:32.814 | INFO     | utils.logging:log_training_results:317 - val weight decay:1170.21582 * 0.00030000000000000003 * -1.66380
2023-04-30 02:48:32.939 | INFO     | utils.checkpoint:update_and_save_result:168 - [36mBest value updated![0m
2023-04-30 02:48:32.954 | INFO     | utils.checkpoint:save_checkpoint:83 - [36mSaved checkpoint[0m at step 1250.
2023-04-30 02:48:32.957 | INFO     | utils.checkpoint:keep_max_num_saved_models:101 - Removed the oldest model for max_to_keep=1
2023-04-30 02:48:33.813 | INFO     | utils.logging:save_sdre_imgs:710 - Figures saved.
2023-04-30 02:48:34.180 | INFO     | utils.logging:log_training_results:280 - 
2023-04-30 02:48:34.181 | INFO     | utils.logging:log_training_results:281 - Global Step =   1250
2023-04-30 02:48:34.181 | INFO     | utils.logging:log_training_results:282 - train mean(MacRec)_t: 0.8928291201591492
2023-04-30 02:48:34.181 | INFO     | utils.logging:log_training_results:287 - train mean ABSerr: 0.7828797101974487
2023-04-30 02:48:34.182 | INFO     | utils.logging:log_training_results:290 - train ausat from confmx: 0.9971663355827332
2023-04-30 02:48:34.182 | INFO     | utils.logging:log_training_results:301 - train MCE loss:0.84990 * 0.2 * -0.13959
2023-04-30 02:48:34.183 | INFO     | utils.logging:log_training_results:309 - train LLLR :0.26506 * 0.0 * -0.61679
2023-04-30 02:48:34.183 | INFO     | utils.logging:log_training_results:317 - train weight decay:1170.21582 * 0.00030000000000000003 * -1.66368
2023-04-30 02:49:04.324 | INFO     | utils.logging:log_training_results:280 - 
2023-04-30 02:49:04.325 | INFO     | utils.logging:log_training_results:281 - Global Step =   1500
2023-04-30 02:49:04.325 | INFO     | utils.logging:log_training_results:282 - val mean(MacRec)_t: 0.8747366070747375
2023-04-30 02:49:04.326 | INFO     | utils.logging:log_training_results:287 - val mean ABSerr: 0.27415362000465393
2023-04-30 02:49:04.326 | INFO     | utils.logging:log_training_results:290 - val ausat from confmx: 0.982921302318573
2023-04-30 02:49:04.327 | INFO     | utils.logging:log_training_results:301 - val MCE loss:0.85756 * 0.2 * -0.14842
2023-04-30 02:49:04.327 | INFO     | utils.logging:log_training_results:309 - val LLLR :0.29578 * 0.0 * -0.58693
2023-04-30 02:49:04.327 | INFO     | utils.logging:log_training_results:317 - val weight decay:1139.02979 * 0.00030000000000000003 * -1.63546
2023-04-30 02:49:04.456 | INFO     | utils.checkpoint:update_and_save_result:168 - [36mBest value updated![0m
2023-04-30 02:49:04.470 | INFO     | utils.checkpoint:save_checkpoint:83 - [36mSaved checkpoint[0m at step 1500.
2023-04-30 02:49:04.475 | INFO     | utils.checkpoint:keep_max_num_saved_models:101 - Removed the oldest model for max_to_keep=1
2023-04-30 02:49:05.305 | INFO     | utils.logging:save_sdre_imgs:710 - Figures saved.
2023-04-30 02:49:05.703 | INFO     | utils.logging:log_training_results:280 - 
2023-04-30 02:49:05.704 | INFO     | utils.logging:log_training_results:281 - Global Step =   1500
2023-04-30 02:49:05.704 | INFO     | utils.logging:log_training_results:282 - train mean(MacRec)_t: 0.8813720345497131
2023-04-30 02:49:05.705 | INFO     | utils.logging:log_training_results:287 - train mean ABSerr: 0.75660240650177
2023-04-30 02:49:05.705 | INFO     | utils.logging:log_training_results:290 - train ausat from confmx: 0.9914295077323914
2023-04-30 02:49:05.706 | INFO     | utils.logging:log_training_results:301 - train MCE loss:0.85923 * 0.2 * -0.14845
2023-04-30 02:49:05.706 | INFO     | utils.logging:log_training_results:309 - train LLLR :0.27732 * 0.0 * -0.58681
2023-04-30 02:49:05.706 | INFO     | utils.logging:log_training_results:317 - train weight decay:1139.02979 * 0.00030000000000000003 * -1.63535
2023-04-30 02:49:16.586 | INFO     | __main__:objective:356 - Starting epoch #4.
2023-04-30 02:49:35.919 | INFO     | utils.logging:log_training_results:280 - 
2023-04-30 02:49:35.920 | INFO     | utils.logging:log_training_results:281 - Global Step =   1750
2023-04-30 02:49:35.921 | INFO     | utils.logging:log_training_results:282 - val mean(MacRec)_t: 0.8748366832733154
2023-04-30 02:49:35.921 | INFO     | utils.logging:log_training_results:287 - val mean ABSerr: 0.28593918681144714
2023-04-30 02:49:35.921 | INFO     | utils.logging:log_training_results:290 - val ausat from confmx: 0.9842371940612793
2023-04-30 02:49:35.922 | INFO     | utils.logging:log_training_results:301 - val MCE loss:0.85739 * 0.2 * -0.15669
2023-04-30 02:49:35.922 | INFO     | utils.logging:log_training_results:309 - val LLLR :0.29566 * 0.0 * -0.55647
2023-04-30 02:49:35.923 | INFO     | utils.logging:log_training_results:317 - val weight decay:1108.79590 * 0.00030000000000000003 * -1.60700
2023-04-30 02:49:37.254 | INFO     | utils.logging:save_sdre_imgs:710 - Figures saved.
2023-04-30 02:49:37.630 | INFO     | utils.logging:log_training_results:280 - 
2023-04-30 02:49:37.631 | INFO     | utils.logging:log_training_results:281 - Global Step =   1750
2023-04-30 02:49:37.631 | INFO     | utils.logging:log_training_results:282 - train mean(MacRec)_t: 0.8884539604187012
2023-04-30 02:49:37.631 | INFO     | utils.logging:log_training_results:287 - train mean ABSerr: 0.750173807144165
2023-04-30 02:49:37.632 | INFO     | utils.logging:log_training_results:290 - train ausat from confmx: 0.9841629862785339
2023-04-30 02:49:37.632 | INFO     | utils.logging:log_training_results:301 - train MCE loss:0.85115 * 0.2 * -0.15672
2023-04-30 02:49:37.633 | INFO     | utils.logging:log_training_results:309 - train LLLR :0.26858 * 0.0 * -0.55635
2023-04-30 02:49:37.633 | INFO     | utils.logging:log_training_results:317 - train weight decay:1108.79590 * 0.00030000000000000003 * -1.60688
2023-04-30 02:50:05.289 | INFO     | __main__:objective:356 - Starting epoch #5.
2023-04-30 02:50:08.221 | INFO     | utils.logging:log_training_results:280 - 
2023-04-30 02:50:08.221 | INFO     | utils.logging:log_training_results:281 - Global Step =   2000
2023-04-30 02:50:08.222 | INFO     | utils.logging:log_training_results:282 - val mean(MacRec)_t: 0.8750166893005371
2023-04-30 02:50:08.222 | INFO     | utils.logging:log_training_results:287 - val mean ABSerr: 0.27733010053634644
2023-04-30 02:50:08.223 | INFO     | utils.logging:log_training_results:290 - val ausat from confmx: 0.9830300807952881
2023-04-30 02:50:08.223 | INFO     | utils.logging:log_training_results:301 - val MCE loss:0.85720 * 0.2 * -0.16450
2023-04-30 02:50:08.223 | INFO     | utils.logging:log_training_results:309 - val LLLR :0.29551 * 0.0 * -0.52554
2023-04-30 02:50:08.224 | INFO     | utils.logging:log_training_results:317 - val weight decay:1079.43640 * 0.00030000000000000003 * -1.57841
2023-04-30 02:50:09.161 | INFO     | utils.logging:save_sdre_imgs:710 - Figures saved.
2023-04-30 02:50:09.527 | INFO     | utils.logging:log_training_results:280 - 
2023-04-30 02:50:09.528 | INFO     | utils.logging:log_training_results:281 - Global Step =   2000
2023-04-30 02:50:09.528 | INFO     | utils.logging:log_training_results:282 - train mean(MacRec)_t: 0.8716565370559692
2023-04-30 02:50:09.529 | INFO     | utils.logging:log_training_results:287 - train mean ABSerr: 0.6973480582237244
2023-04-30 02:50:09.529 | INFO     | utils.logging:log_training_results:290 - train ausat from confmx: 0.9845532178878784
2023-04-30 02:50:09.530 | INFO     | utils.logging:log_training_results:301 - train MCE loss:0.85925 * 0.2 * -0.16453
2023-04-30 02:50:09.530 | INFO     | utils.logging:log_training_results:309 - train LLLR :0.30513 * 0.0 * -0.52541
2023-04-30 02:50:09.530 | INFO     | utils.logging:log_training_results:317 - train weight decay:1079.43628 * 0.00030000000000000003 * -1.57829
2023-04-30 02:50:39.864 | INFO     | utils.logging:log_training_results:280 - 
2023-04-30 02:50:39.865 | INFO     | utils.logging:log_training_results:281 - Global Step =   2250
2023-04-30 02:50:39.865 | INFO     | utils.logging:log_training_results:282 - val mean(MacRec)_t: 0.8750033378601074
2023-04-30 02:50:39.866 | INFO     | utils.logging:log_training_results:287 - val mean ABSerr: 0.26045888662338257
2023-04-30 02:50:39.866 | INFO     | utils.logging:log_training_results:290 - val ausat from confmx: 0.9841440320014954
2023-04-30 02:50:39.867 | INFO     | utils.logging:log_training_results:301 - val MCE loss:0.85699 * 0.2 * -0.17193
2023-04-30 02:50:39.867 | INFO     | utils.logging:log_training_results:309 - val LLLR :0.29519 * 0.0 * -0.49412
2023-04-30 02:50:39.868 | INFO     | utils.logging:log_training_results:317 - val weight decay:1050.88574 * 0.00030000000000000003 * -1.54971
2023-04-30 02:50:39.991 | INFO     | utils.checkpoint:update_and_save_result:168 - [36mBest value updated![0m
2023-04-30 02:50:40.008 | INFO     | utils.checkpoint:save_checkpoint:83 - [36mSaved checkpoint[0m at step 2250.
2023-04-30 02:50:40.010 | INFO     | utils.checkpoint:keep_max_num_saved_models:101 - Removed the oldest model for max_to_keep=1
2023-04-30 02:50:40.857 | INFO     | utils.logging:save_sdre_imgs:710 - Figures saved.
2023-04-30 02:50:41.221 | INFO     | utils.logging:log_training_results:280 - 
2023-04-30 02:50:41.221 | INFO     | utils.logging:log_training_results:281 - Global Step =   2250
2023-04-30 02:50:41.222 | INFO     | utils.logging:log_training_results:282 - train mean(MacRec)_t: 0.8811834454536438
2023-04-30 02:50:41.222 | INFO     | utils.logging:log_training_results:287 - train mean ABSerr: 0.7525347471237183
2023-04-30 02:50:41.223 | INFO     | utils.logging:log_training_results:290 - train ausat from confmx: 0.9971293210983276
2023-04-30 02:50:41.223 | INFO     | utils.logging:log_training_results:301 - train MCE loss:0.85382 * 0.2 * -0.17196
2023-04-30 02:50:41.223 | INFO     | utils.logging:log_training_results:309 - train LLLR :0.27728 * 0.0 * -0.49399
2023-04-30 02:50:41.224 | INFO     | utils.logging:log_training_results:317 - train weight decay:1050.88574 * 0.00030000000000000003 * -1.54960
2023-04-30 02:50:57.696 | INFO     | __main__:objective:356 - Starting epoch #6.
2023-04-30 02:51:11.768 | INFO     | utils.logging:log_training_results:280 - 
2023-04-30 02:51:11.769 | INFO     | utils.logging:log_training_results:281 - Global Step =   2500
2023-04-30 02:51:11.769 | INFO     | utils.logging:log_training_results:282 - val mean(MacRec)_t: 0.8750365972518921
2023-04-30 02:51:11.770 | INFO     | utils.logging:log_training_results:287 - val mean ABSerr: 0.28295496106147766
2023-04-30 02:51:11.770 | INFO     | utils.logging:log_training_results:290 - val ausat from confmx: 0.9839306473731995
2023-04-30 02:51:11.771 | INFO     | utils.logging:log_training_results:301 - val MCE loss:0.85718 * 0.2 * -0.17906
2023-04-30 02:51:11.771 | INFO     | utils.logging:log_training_results:309 - val LLLR :0.29550 * 0.0 * -0.46221
2023-04-30 02:51:11.771 | INFO     | utils.logging:log_training_results:317 - val weight decay:1023.12610 * 0.00030000000000000003 * -1.52091
2023-04-30 02:51:13.003 | INFO     | utils.logging:save_sdre_imgs:710 - Figures saved.
2023-04-30 02:51:13.360 | INFO     | utils.logging:log_training_results:280 - 
2023-04-30 02:51:13.361 | INFO     | utils.logging:log_training_results:281 - Global Step =   2500
2023-04-30 02:51:13.361 | INFO     | utils.logging:log_training_results:282 - train mean(MacRec)_t: 0.8616373538970947
2023-04-30 02:51:13.362 | INFO     | utils.logging:log_training_results:287 - train mean ABSerr: 0.7121674418449402
2023-04-30 02:51:13.362 | INFO     | utils.logging:log_training_results:290 - train ausat from confmx: 0.9654355645179749
2023-04-30 02:51:13.363 | INFO     | utils.logging:log_training_results:301 - train MCE loss:0.86850 * 0.2 * -0.17908
2023-04-30 02:51:13.363 | INFO     | utils.logging:log_training_results:309 - train LLLR :0.34795 * 0.0 * -0.46208
2023-04-30 02:51:13.363 | INFO     | utils.logging:log_training_results:317 - train weight decay:1023.12604 * 0.00030000000000000003 * -1.52080
2023-04-30 02:51:44.165 | INFO     | utils.logging:log_training_results:280 - 
2023-04-30 02:51:44.166 | INFO     | utils.logging:log_training_results:281 - Global Step =   2750
2023-04-30 02:51:44.166 | INFO     | utils.logging:log_training_results:282 - val mean(MacRec)_t: 0.87485671043396
2023-04-30 02:51:44.166 | INFO     | utils.logging:log_training_results:287 - val mean ABSerr: 0.27318835258483887
2023-04-30 02:51:44.167 | INFO     | utils.logging:log_training_results:290 - val ausat from confmx: 0.9828088283538818
2023-04-30 02:51:44.167 | INFO     | utils.logging:log_training_results:301 - val MCE loss:0.85689 * 0.2 * -0.18593
2023-04-30 02:51:44.168 | INFO     | utils.logging:log_training_results:309 - val LLLR :0.29559 * 0.0 * -0.42976
2023-04-30 02:51:44.168 | INFO     | utils.logging:log_training_results:317 - val weight decay:996.01703 * 0.00030000000000000003 * -1.49202
2023-04-30 02:51:46.373 | INFO     | utils.logging:save_sdre_imgs:710 - Figures saved.
2023-04-30 02:51:46.767 | INFO     | utils.logging:log_training_results:280 - 
2023-04-30 02:51:46.768 | INFO     | utils.logging:log_training_results:281 - Global Step =   2750
2023-04-30 02:51:46.768 | INFO     | utils.logging:log_training_results:282 - train mean(MacRec)_t: 0.8602665662765503
2023-04-30 02:51:46.769 | INFO     | utils.logging:log_training_results:287 - train mean ABSerr: 0.7083290815353394
2023-04-30 02:51:46.769 | INFO     | utils.logging:log_training_results:290 - train ausat from confmx: 0.9634420275688171
2023-04-30 02:51:46.769 | INFO     | utils.logging:log_training_results:301 - train MCE loss:0.87398 * 0.2 * -0.18595
2023-04-30 02:51:46.770 | INFO     | utils.logging:log_training_results:309 - train LLLR :0.33703 * 0.0 * -0.42963
2023-04-30 02:51:46.770 | INFO     | utils.logging:log_training_results:317 - train weight decay:996.01703 * 0.00030000000000000003 * -1.49190
2023-04-30 02:51:52.295 | INFO     | __main__:objective:356 - Starting epoch #7.
2023-04-30 02:52:17.546 | INFO     | utils.logging:log_training_results:280 - 
2023-04-30 02:52:17.546 | INFO     | utils.logging:log_training_results:281 - Global Step =   3000
2023-04-30 02:52:17.547 | INFO     | utils.logging:log_training_results:282 - val mean(MacRec)_t: 0.8757400512695312
2023-04-30 02:52:17.547 | INFO     | utils.logging:log_training_results:287 - val mean ABSerr: 0.25916650891304016
2023-04-30 02:52:17.548 | INFO     | utils.logging:log_training_results:290 - val ausat from confmx: 0.9844377040863037
2023-04-30 02:52:17.548 | INFO     | utils.logging:log_training_results:301 - val MCE loss:0.85665 * 0.2 * -0.19256
2023-04-30 02:52:17.549 | INFO     | utils.logging:log_training_results:309 - val LLLR :0.29452 * 0.0 * -0.39674
2023-04-30 02:52:17.549 | INFO     | utils.logging:log_training_results:317 - val weight decay:969.59686 * 0.00030000000000000003 * -1.46304
2023-04-30 02:52:17.673 | INFO     | utils.checkpoint:update_and_save_result:168 - [36mBest value updated![0m
2023-04-30 02:52:17.688 | INFO     | utils.checkpoint:save_checkpoint:83 - [36mSaved checkpoint[0m at step 3000.
2023-04-30 02:52:17.691 | INFO     | utils.checkpoint:keep_max_num_saved_models:101 - Removed the oldest model for max_to_keep=1
2023-04-30 02:52:18.521 | INFO     | utils.logging:save_sdre_imgs:710 - Figures saved.
2023-04-30 02:52:18.890 | INFO     | utils.logging:log_training_results:280 - 
2023-04-30 02:52:18.890 | INFO     | utils.logging:log_training_results:281 - Global Step =   3000
2023-04-30 02:52:18.891 | INFO     | utils.logging:log_training_results:282 - train mean(MacRec)_t: 0.8915424346923828
2023-04-30 02:52:18.891 | INFO     | utils.logging:log_training_results:287 - train mean ABSerr: 0.6801807284355164
2023-04-30 02:52:18.892 | INFO     | utils.logging:log_training_results:290 - train ausat from confmx: 0.997407078742981
2023-04-30 02:52:18.892 | INFO     | utils.logging:log_training_results:301 - train MCE loss:0.83139 * 0.2 * -0.19259
2023-04-30 02:52:18.892 | INFO     | utils.logging:log_training_results:309 - train LLLR :0.24816 * 0.0 * -0.39660
2023-04-30 02:52:18.893 | INFO     | utils.logging:log_training_results:317 - train weight decay:969.59680 * 0.00030000000000000003 * -1.46293
2023-04-30 02:52:41.096 | INFO     | __main__:objective:356 - Starting epoch #8.
2023-04-30 02:52:49.678 | INFO     | utils.logging:log_training_results:280 - 
2023-04-30 02:52:49.681 | INFO     | utils.logging:log_training_results:281 - Global Step =   3250
2023-04-30 02:52:49.682 | INFO     | utils.logging:log_training_results:282 - val mean(MacRec)_t: 0.8754532933235168
2023-04-30 02:52:49.682 | INFO     | utils.logging:log_training_results:287 - val mean ABSerr: 0.26548439264297485
2023-04-30 02:52:49.682 | INFO     | utils.logging:log_training_results:290 - val ausat from confmx: 0.9836651086807251
2023-04-30 02:52:49.683 | INFO     | utils.logging:log_training_results:301 - val MCE loss:0.85662 * 0.2 * -0.19901
2023-04-30 02:52:49.684 | INFO     | utils.logging:log_training_results:309 - val LLLR :0.29405 * 0.0 * -0.36308
2023-04-30 02:52:49.684 | INFO     | utils.logging:log_training_results:317 - val weight decay:943.59271 * 0.00030000000000000003 * -1.43399
2023-04-30 02:52:50.635 | INFO     | utils.logging:save_sdre_imgs:710 - Figures saved.
2023-04-30 02:52:51.010 | INFO     | utils.logging:log_training_results:280 - 
2023-04-30 02:52:51.010 | INFO     | utils.logging:log_training_results:281 - Global Step =   3250
2023-04-30 02:52:51.011 | INFO     | utils.logging:log_training_results:282 - train mean(MacRec)_t: 0.8674072027206421
2023-04-30 02:52:51.011 | INFO     | utils.logging:log_training_results:287 - train mean ABSerr: 0.7159914374351501
2023-04-30 02:52:51.012 | INFO     | utils.logging:log_training_results:290 - train ausat from confmx: 0.9693955183029175
2023-04-30 02:52:51.012 | INFO     | utils.logging:log_training_results:301 - train MCE loss:0.87838 * 0.2 * -0.19904
2023-04-30 02:52:51.013 | INFO     | utils.logging:log_training_results:309 - train LLLR :0.32384 * 0.0 * -0.36294
2023-04-30 02:52:51.013 | INFO     | utils.logging:log_training_results:317 - train weight decay:943.59271 * 0.00030000000000000003 * -1.43387
2023-04-30 02:53:21.595 | INFO     | utils.logging:log_training_results:280 - 
2023-04-30 02:53:21.596 | INFO     | utils.logging:log_training_results:281 - Global Step =   3500
2023-04-30 02:53:21.596 | INFO     | utils.logging:log_training_results:282 - val mean(MacRec)_t: 0.8755833506584167
2023-04-30 02:53:21.596 | INFO     | utils.logging:log_training_results:287 - val mean ABSerr: 0.25005120038986206
2023-04-30 02:53:21.597 | INFO     | utils.logging:log_training_results:290 - val ausat from confmx: 0.9838070273399353
2023-04-30 02:53:21.597 | INFO     | utils.logging:log_training_results:301 - val MCE loss:0.85659 * 0.2 * -0.20528
2023-04-30 02:53:21.598 | INFO     | utils.logging:log_training_results:309 - val LLLR :0.29418 * 0.0 * -0.32869
2023-04-30 02:53:21.599 | INFO     | utils.logging:log_training_results:317 - val weight decay:918.14984 * 0.00030000000000000003 * -1.40486
2023-04-30 02:53:21.725 | INFO     | utils.checkpoint:update_and_save_result:168 - [36mBest value updated![0m
2023-04-30 02:53:21.737 | INFO     | utils.checkpoint:save_checkpoint:83 - [36mSaved checkpoint[0m at step 3500.
2023-04-30 02:53:21.741 | INFO     | utils.checkpoint:keep_max_num_saved_models:101 - Removed the oldest model for max_to_keep=1
2023-04-30 02:53:22.553 | INFO     | utils.logging:save_sdre_imgs:710 - Figures saved.
2023-04-30 02:53:22.921 | INFO     | utils.logging:log_training_results:280 - 
2023-04-30 02:53:22.922 | INFO     | utils.logging:log_training_results:281 - Global Step =   3500
2023-04-30 02:53:22.922 | INFO     | utils.logging:log_training_results:282 - train mean(MacRec)_t: 0.8575904369354248
2023-04-30 02:53:22.923 | INFO     | utils.logging:log_training_results:287 - train mean ABSerr: 0.6768031120300293
2023-04-30 02:53:22.924 | INFO     | utils.logging:log_training_results:290 - train ausat from confmx: 0.9726837277412415
2023-04-30 02:53:22.924 | INFO     | utils.logging:log_training_results:301 - train MCE loss:0.85151 * 0.2 * -0.20531
2023-04-30 02:53:22.925 | INFO     | utils.logging:log_training_results:309 - train LLLR :0.33547 * 0.0 * -0.32856
2023-04-30 02:53:22.926 | INFO     | utils.logging:log_training_results:317 - train weight decay:918.14978 * 0.00030000000000000003 * -1.40474
2023-04-30 02:53:34.026 | INFO     | __main__:objective:356 - Starting epoch #9.
2023-04-30 02:53:53.691 | INFO     | utils.logging:log_training_results:280 - 
2023-04-30 02:53:53.692 | INFO     | utils.logging:log_training_results:281 - Global Step =   3750
2023-04-30 02:53:53.692 | INFO     | utils.logging:log_training_results:282 - val mean(MacRec)_t: 0.8755133748054504
2023-04-30 02:53:53.693 | INFO     | utils.logging:log_training_results:287 - val mean ABSerr: 0.23659096658229828
2023-04-30 02:53:53.693 | INFO     | utils.logging:log_training_results:290 - val ausat from confmx: 0.984225332736969
2023-04-30 02:53:53.694 | INFO     | utils.logging:log_training_results:301 - val MCE loss:0.85641 * 0.2 * -0.21137
2023-04-30 02:53:53.694 | INFO     | utils.logging:log_training_results:309 - val LLLR :0.29441 * 0.0 * -0.29345
2023-04-30 02:53:53.695 | INFO     | utils.logging:log_training_results:317 - val weight decay:893.11194 * 0.00030000000000000003 * -1.37566
2023-04-30 02:53:53.822 | INFO     | utils.checkpoint:update_and_save_result:168 - [36mBest value updated![0m
2023-04-30 02:53:53.836 | INFO     | utils.checkpoint:save_checkpoint:83 - [36mSaved checkpoint[0m at step 3750.
2023-04-30 02:53:53.839 | INFO     | utils.checkpoint:keep_max_num_saved_models:101 - Removed the oldest model for max_to_keep=1
2023-04-30 02:53:54.685 | INFO     | utils.logging:save_sdre_imgs:710 - Figures saved.
2023-04-30 02:53:55.042 | INFO     | utils.logging:log_training_results:280 - 
2023-04-30 02:53:55.043 | INFO     | utils.logging:log_training_results:281 - Global Step =   3750
2023-04-30 02:53:55.043 | INFO     | utils.logging:log_training_results:282 - train mean(MacRec)_t: 0.864529550075531
2023-04-30 02:53:55.044 | INFO     | utils.logging:log_training_results:287 - train mean ABSerr: 0.7303972840309143
2023-04-30 02:53:55.044 | INFO     | utils.logging:log_training_results:290 - train ausat from confmx: 0.9642385244369507
2023-04-30 02:53:55.044 | INFO     | utils.logging:log_training_results:301 - train MCE loss:0.86169 * 0.2 * -0.21139
2023-04-30 02:53:55.045 | INFO     | utils.logging:log_training_results:309 - train LLLR :0.31130 * 0.0 * -0.29331
2023-04-30 02:53:55.045 | INFO     | utils.logging:log_training_results:317 - train weight decay:893.11188 * 0.00030000000000000003 * -1.37554
2023-04-30 02:54:22.784 | INFO     | utils.logging:investigate_log:155 - num_warning=0/num_error=0 in the .log file.
2023-04-30 02:54:22.983 | INFO     | optuna.study.study:_log_completed_trial:1020 - Trial 97 finished with value: 0.23659096658229828 and parameters: {'LIST_IS_POSITIONAL_ENCODING': False, 'LIST_MODEL_BACKBONE': 'Transformer', 'LIST_WEIGHT_DECAY': 0.00030000000000000003, 'LIST_LEARNING_RATE': 0.0001094974637878418, 'LIST_LLLR_VERSION': 'LSEL', 'LIST_ACTIVATION_FC': 'gelu', 'LIST_PARAM_MULTIPLET_LOSS': 0.2, 'LIST_PARAM_LLR_LOSS': 0.0, 'LIST_IS_ADAPTIVE_LOSS': True, 'LIST_ORDER_SPRT': 5, 'LIST_OPTIMIZER': 'adam', 'LIST_IS_NORMALIZE': False, 'LIST_NUM_THRESH': 1500, 'LIST_SPARSITY': 'unirandom', 'LIST_NUM_BLOCKS': 1, 'LIST_NUM_HEADS': 4, 'LIST_DROPOUT': 0.1, 'LIST_FF_DIM': 32, 'LIST_MLP_UNITS': 64}. Best is trial 95 with value: 0.12467186152935028.
2023-04-30 02:54:23.003 | INFO     | utils.hyperparameter_tuning:suggest_parameters:560 - [33mStarting a tuning phase.[0m
2023-04-30 02:54:23.517 | INFO     | utils.hyperparameter_tuning:print:394 - 
+------------------------------------------+
|   Hyperparameteres suggested by Optuna   |
+------------------------+-----------------+
|     Parameter name     | Suggested value |
+------------------------+-----------------+
|     ACTIVATION_FC      |       gelu      |
|        DROPOUT         |       0.2       |
|         FF_DIM         |        32       |
|    IS_ADAPTIVE_LOSS    |       True      |
|      IS_NORMALIZE      |      False      |
| IS_POSITIONAL_ENCODING |      False      |
|     LEARNING_RATE      |    0.00027962   |
|      LLLR_VERSION      |       LSEL      |
|       MLP_UNITS        |        64       |
|     MODEL_BACKBONE     |   Transformer   |
|       NUM_BLOCKS       |        1        |
|       NUM_HEADS        |        2        |
|       NUM_THRESH       |       1500      |
|       OPTIMIZER        |       adam      |
|       ORDER_SPRT       |        5        |
|     PARAM_LLR_LOSS     |       0.1       |
|  PARAM_MULTIPLET_LOSS  |       0.2       |
|        SPARSITY        |    unirandom    |
|      WEIGHT_DECAY      |      0.0002     |
+------------------------+-----------------+
2023-04-30 02:54:23.519 | INFO     | utils.misc:create_directories_and_log:291 - [33mA new log directory was created: [0m/home/afe/Dropbox/GitHub/SPRT-TANDEM-PyTorch/logs/public_offset0_5_optimmabs_tuning/checkpoints/Transformer_20230430_025423518/configs
2023-04-30 02:54:23.519 | INFO     | utils.misc:create_directories_and_log:291 - [33mA new log directory was created: [0m/home/afe/Dropbox/GitHub/SPRT-TANDEM-PyTorch/logs/public_offset0_5_optimmabs_tuning/TensorBoard_events/Transformer_20230430_025423518
