2023-04-29 05:38:33.503 | INFO     | utils.misc:fix_random_seed:405 - Random seed is not fixed.
2023-04-29 05:38:33.535 | INFO     | models.temporal_integrators:summarize:568 - 
:'######::'########::'########::'########::::::::::::::::::::::
'##... ##: ##.... ##: ##.... ##:... ##..:::::::::::::::::::::::
 ##:::..:: ##:::: ##: ##:::: ##:::: ##:::::::::::::::::::::::::
. ######:: ########:: ########::::: ##::::'#######:::::::::::::
:..... ##: ##.....::: ##.. ##:::::: ##::::........:::::::::::::
'##::: ##: ##:::::::: ##::. ##::::: ##:::::::::::::::::::::::::
. ######:: ##:::::::: ##:::. ##:::: ##:::::::::::::::::::::::::
:......:::..:::::::::..:::::..:::::..::::::::::::::::::::::::::
'########::::'###::::'##::: ##:'########::'########:'##::::'##:
... ##..::::'## ##::: ###:: ##: ##.... ##: ##.....:: ###::'###:
::: ##:::::'##:. ##:: ####: ##: ##:::: ##: ##::::::: ####'####:
::: ##::::'##:::. ##: ## ## ##: ##:::: ##: ######::: ## ### ##:
::: ##:::: #########: ##. ####: ##:::: ##: ##...:::: ##. #: ##:
::: ##:::: ##.... ##: ##:. ###: ##:::: ##: ##::::::: ##:.:: ##:
::: ##:::: ##:::: ##: ##::. ##: ########:: ########: ##:::: ##:
:::..:::::..:::::..::..::::..::........:::........::..:::::..::

2023-04-29 05:38:33.536 | INFO     | models.temporal_integrators:summarize:571 - [34mofficial PyTorch implementation.[0m
2023-04-29 05:38:34.144 | INFO     | models.temporal_integrators:summarize:593 - Network summary:
===============================================================================================
Layer (type:depth-idx)                        Output Shape              Param #
===============================================================================================
TANDEMformer                                  [150, 50, 3, 3]           771
├─TransformerEncoder: 1-1                     [6750, 1, 128]            --
│    └─ModuleList: 2-6                        --                        (recursive)
│    │    └─TransformerEncoderLayer: 3-1      [6750, 1, 128]            83,136
│    │    └─TransformerEncoderLayer: 3-2      [6750, 1, 128]            83,136
├─Linear: 1-2                                 [6750, 64]                8,256
├─Dropout: 1-3                                [6750, 64]                --
├─TransformerEncoder: 1-4                     [6750, 2, 128]            (recursive)
│    └─ModuleList: 2-6                        --                        (recursive)
│    │    └─TransformerEncoderLayer: 3-3      [6750, 2, 128]            (recursive)
│    │    └─TransformerEncoderLayer: 3-4      [6750, 2, 128]            (recursive)
├─Linear: 1-5                                 [6750, 64]                (recursive)
├─Dropout: 1-6                                [6750, 64]                --
├─TransformerEncoder: 1-7                     [6750, 3, 128]            (recursive)
│    └─ModuleList: 2-6                        --                        (recursive)
│    │    └─TransformerEncoderLayer: 3-5      [6750, 3, 128]            (recursive)
│    │    └─TransformerEncoderLayer: 3-6      [6750, 3, 128]            (recursive)
├─Linear: 1-8                                 [6750, 64]                (recursive)
├─Dropout: 1-9                                [6750, 64]                --
├─TransformerEncoder: 1-10                    [6750, 4, 128]            (recursive)
│    └─ModuleList: 2-6                        --                        (recursive)
│    │    └─TransformerEncoderLayer: 3-7      [6750, 4, 128]            (recursive)
│    │    └─TransformerEncoderLayer: 3-8      [6750, 4, 128]            (recursive)
├─Linear: 1-11                                [6750, 64]                (recursive)
├─Dropout: 1-12                               [6750, 64]                --
├─TransformerEncoder: 1-13                    [6750, 5, 128]            (recursive)
│    └─ModuleList: 2-6                        --                        (recursive)
│    │    └─TransformerEncoderLayer: 3-9      [6750, 5, 128]            (recursive)
│    │    └─TransformerEncoderLayer: 3-10     [6750, 5, 128]            (recursive)
├─Linear: 1-14                                [6750, 64]                (recursive)
├─Dropout: 1-15                               [6750, 64]                --
├─TransformerEncoder: 1-16                    [6750, 6, 128]            (recursive)
│    └─ModuleList: 2-6                        --                        (recursive)
│    │    └─TransformerEncoderLayer: 3-11     [6750, 6, 128]            (recursive)
│    │    └─TransformerEncoderLayer: 3-12     [6750, 6, 128]            (recursive)
├─Linear: 1-17                                [6750, 64]                (recursive)
├─Dropout: 1-18                               [6750, 64]                --
├─GELU: 1-19                                  [6750, 64]                --
├─Linear: 1-20                                [6750, 3]                 195
├─GELU: 1-21                                  [6750, 64]                --
├─Linear: 1-22                                [6750, 3]                 (recursive)
├─GELU: 1-23                                  [6750, 64]                --
├─Linear: 1-24                                [6750, 3]                 (recursive)
├─GELU: 1-25                                  [6750, 64]                --
├─Linear: 1-26                                [6750, 3]                 (recursive)
├─GELU: 1-27                                  [6750, 64]                --
├─Linear: 1-28                                [6750, 3]                 (recursive)
├─GELU: 1-29                                  [6750, 64]                --
├─Linear: 1-30                                [6750, 3]                 (recursive)
===============================================================================================
Total params: 175,494
Trainable params: 175,494
Non-trainable params: 0
Total mult-adds (M): 342.27
===============================================================================================
Input size (MB): 3.84
Forward/backward pass size (MB): 21.71
Params size (MB): 0.03
Estimated Total Size (MB): 25.58
===============================================================================================
2023-04-29 05:38:34.145 | INFO     | models.temporal_integrators:summarize:594 - Example input shape: torch.Size([150, 50, 128])
2023-04-29 05:38:34.145 | INFO     | models.temporal_integrators:summarize:595 - Example output shape: torch.Size([150, 50, 3, 3])
2023-04-29 05:38:34.147 | INFO     | models.temporal_integrators:import_model:58 - model moved onto: [33mcuda.[0m
2023-04-29 05:38:34.148 | INFO     | models.optimizers:initialize_optimizer:44 - Optimizer:
RMSprop (
Parameter Group 0
    alpha: 0.99
    centered: False
    differentiable: False
    eps: 1e-08
    foreach: None
    lr: 0.00016388270758740462
    maximize: False
    momentum: 0
    weight_decay: 0.0008
)
2023-04-29 05:38:34.148 | INFO     | datasets.data_processing:lmdb_dataloaders:293 - loading data... 
2023-04-29 05:38:34.149 | INFO     | datasets.data_processing:lmdb_dataloaders:295 - If this process takes long, consider setting is_load_onto_memory=False or use LMDBIterableDataset.
2023-04-29 05:38:36.955 | INFO     | __main__:objective:356 - Starting epoch #0.
2023-04-29 05:38:49.527 | INFO     | utils.logging:log_training_results:280 - 
2023-04-29 05:38:49.528 | INFO     | utils.logging:log_training_results:281 - Global Step =      0
2023-04-29 05:38:49.528 | INFO     | utils.logging:log_training_results:282 - val mean(MacRec)_t: 0.25403329730033875
2023-04-29 05:38:49.528 | INFO     | utils.logging:log_training_results:287 - val mean ABSerr: 3.5947790145874023
2023-04-29 05:38:49.529 | INFO     | utils.logging:log_training_results:290 - val ausat from confmx: 0.22544865310192108
2023-04-29 05:38:49.529 | INFO     | utils.logging:log_training_results:301 - val MCE loss:1.11815 * 0.7000000000000001 * 0.35694
2023-04-29 05:38:49.530 | INFO     | utils.logging:log_training_results:309 - val LLLR :1.28633 * 0.0 * 0.06401
2023-04-29 05:38:49.530 | INFO     | utils.logging:log_training_results:317 - val weight decay:1893.59082 * 0.0008 * -0.05964
2023-04-29 05:38:50.698 | INFO     | utils.logging:save_sdre_imgs:710 - Figures saved.
2023-04-29 05:38:51.349 | INFO     | utils.logging:log_training_results:280 - 
2023-04-29 05:38:51.350 | INFO     | utils.logging:log_training_results:281 - Global Step =      0
2023-04-29 05:38:51.350 | INFO     | utils.logging:log_training_results:282 - train mean(MacRec)_t: 0.29199647903442383
2023-04-29 05:38:51.350 | INFO     | utils.logging:log_training_results:287 - train mean ABSerr: 3.557920455932617
2023-04-29 05:38:51.351 | INFO     | utils.logging:log_training_results:290 - train ausat from confmx: 0.30493825674057007
2023-04-29 05:38:51.351 | INFO     | utils.logging:log_training_results:301 - train MCE loss:1.11061 * 0.7000000000000001 * 0.35858
2023-04-29 05:38:51.352 | INFO     | utils.logging:log_training_results:309 - train LLLR :1.28893 * 0.0 * 0.06237
2023-04-29 05:38:51.352 | INFO     | utils.logging:log_training_results:317 - train weight decay:1893.59082 * 0.0008 * -0.06127
2023-04-29 05:40:34.372 | INFO     | utils.logging:log_training_results:280 - 
2023-04-29 05:40:34.373 | INFO     | utils.logging:log_training_results:281 - Global Step =    250
2023-04-29 05:40:34.373 | INFO     | utils.logging:log_training_results:282 - val mean(MacRec)_t: 0.8459999561309814
2023-04-29 05:40:34.374 | INFO     | utils.logging:log_training_results:287 - val mean ABSerr: 3.188075542449951
2023-04-29 05:40:34.374 | INFO     | utils.logging:log_training_results:290 - val ausat from confmx: 0.9640761017799377
2023-04-29 05:40:34.374 | INFO     | utils.logging:log_training_results:301 - val MCE loss:1.05154 * 0.7000000000000001 * 0.41139
2023-04-29 05:40:34.375 | INFO     | utils.logging:log_training_results:309 - val LLLR :0.79723 * 0.0 * -0.00008
2023-04-29 05:40:34.375 | INFO     | utils.logging:log_training_results:317 - val weight decay:1284.86511 * 0.0008 * -0.10181
2023-04-29 05:40:34.501 | INFO     | utils.checkpoint:update_and_save_result:168 - [36mBest value updated![0m
2023-04-29 05:40:34.519 | INFO     | utils.checkpoint:save_checkpoint:83 - [36mSaved checkpoint[0m at step 250.
2023-04-29 05:40:35.351 | INFO     | utils.logging:save_sdre_imgs:710 - Figures saved.
2023-04-29 05:40:35.971 | INFO     | utils.logging:log_training_results:280 - 
2023-04-29 05:40:35.971 | INFO     | utils.logging:log_training_results:281 - Global Step =    250
2023-04-29 05:40:35.972 | INFO     | utils.logging:log_training_results:282 - train mean(MacRec)_t: 0.8231329321861267
2023-04-29 05:40:35.972 | INFO     | utils.logging:log_training_results:287 - train mean ABSerr: 3.3644204139709473
2023-04-29 05:40:35.972 | INFO     | utils.logging:log_training_results:290 - train ausat from confmx: 0.9513841271400452
2023-04-29 05:40:35.973 | INFO     | utils.logging:log_training_results:301 - train MCE loss:1.04960 * 0.7000000000000001 * 0.41153
2023-04-29 05:40:35.973 | INFO     | utils.logging:log_training_results:309 - train LLLR :0.78382 * 0.0 * 0.00008
2023-04-29 05:40:35.974 | INFO     | utils.logging:log_training_results:317 - train weight decay:1284.86511 * 0.0008 * -0.10192
2023-04-29 05:41:29.739 | INFO     | __main__:objective:356 - Starting epoch #1.
2023-04-29 05:42:16.883 | INFO     | utils.logging:log_training_results:280 - 
2023-04-29 05:42:16.883 | INFO     | utils.logging:log_training_results:281 - Global Step =    500
2023-04-29 05:42:16.884 | INFO     | utils.logging:log_training_results:282 - val mean(MacRec)_t: 0.8720933198928833
2023-04-29 05:42:16.884 | INFO     | utils.logging:log_training_results:287 - val mean ABSerr: 2.2522122859954834
2023-04-29 05:42:16.885 | INFO     | utils.logging:log_training_results:290 - val ausat from confmx: 0.9809478521347046
2023-04-29 05:42:16.885 | INFO     | utils.logging:log_training_results:301 - val MCE loss:0.94216 * 0.7000000000000001 * 0.44406
2023-04-29 05:42:16.886 | INFO     | utils.logging:log_training_results:309 - val LLLR :0.41334 * 0.0 * -0.00008
2023-04-29 05:42:16.886 | INFO     | utils.logging:log_training_results:317 - val weight decay:1126.11804 * 0.0008 * -0.12656
2023-04-29 05:42:17.022 | INFO     | utils.checkpoint:update_and_save_result:168 - [36mBest value updated![0m
2023-04-29 05:42:17.036 | INFO     | utils.checkpoint:save_checkpoint:83 - [36mSaved checkpoint[0m at step 500.
2023-04-29 05:42:17.040 | INFO     | utils.checkpoint:keep_max_num_saved_models:101 - Removed the oldest model for max_to_keep=1
2023-04-29 05:42:17.828 | INFO     | utils.logging:save_sdre_imgs:710 - Figures saved.
2023-04-29 05:42:18.438 | INFO     | utils.logging:log_training_results:280 - 
2023-04-29 05:42:18.438 | INFO     | utils.logging:log_training_results:281 - Global Step =    500
2023-04-29 05:42:18.439 | INFO     | utils.logging:log_training_results:282 - train mean(MacRec)_t: 0.8537222146987915
2023-04-29 05:42:18.439 | INFO     | utils.logging:log_training_results:287 - train mean ABSerr: 2.109175443649292
2023-04-29 05:42:18.440 | INFO     | utils.logging:log_training_results:290 - train ausat from confmx: 0.9787693619728088
2023-04-29 05:42:18.441 | INFO     | utils.logging:log_training_results:301 - train MCE loss:0.95428 * 0.7000000000000001 * 0.44419
2023-04-29 05:42:18.441 | INFO     | utils.logging:log_training_results:309 - train LLLR :0.44622 * 0.0 * 0.00008
2023-04-29 05:42:18.442 | INFO     | utils.logging:log_training_results:317 - train weight decay:1126.11792 * 0.0008 * -0.12666
2023-04-29 05:43:57.688 | INFO     | utils.logging:log_training_results:280 - 
2023-04-29 05:43:57.689 | INFO     | utils.logging:log_training_results:281 - Global Step =    750
2023-04-29 05:43:57.689 | INFO     | utils.logging:log_training_results:282 - val mean(MacRec)_t: 0.8754699230194092
2023-04-29 05:43:57.690 | INFO     | utils.logging:log_training_results:287 - val mean ABSerr: 0.7932473421096802
2023-04-29 05:43:57.690 | INFO     | utils.logging:log_training_results:290 - val ausat from confmx: 0.9832831025123596
2023-04-29 05:43:57.691 | INFO     | utils.logging:log_training_results:301 - val MCE loss:0.86407 * 0.7000000000000001 * 0.47223
2023-04-29 05:43:57.691 | INFO     | utils.logging:log_training_results:309 - val LLLR :0.30045 * 0.0 * -0.00008
2023-04-29 05:43:57.691 | INFO     | utils.logging:log_training_results:317 - val weight decay:1036.72192 * 0.0008 * -0.15272
2023-04-29 05:43:57.817 | INFO     | utils.checkpoint:update_and_save_result:168 - [36mBest value updated![0m
2023-04-29 05:43:57.832 | INFO     | utils.checkpoint:save_checkpoint:83 - [36mSaved checkpoint[0m at step 750.
2023-04-29 05:43:57.835 | INFO     | utils.checkpoint:keep_max_num_saved_models:101 - Removed the oldest model for max_to_keep=1
2023-04-29 05:43:58.656 | INFO     | utils.logging:save_sdre_imgs:710 - Figures saved.
2023-04-29 05:43:59.306 | INFO     | utils.logging:log_training_results:280 - 
2023-04-29 05:43:59.307 | INFO     | utils.logging:log_training_results:281 - Global Step =    750
2023-04-29 05:43:59.308 | INFO     | utils.logging:log_training_results:282 - train mean(MacRec)_t: 0.8638180494308472
2023-04-29 05:43:59.308 | INFO     | utils.logging:log_training_results:287 - train mean ABSerr: 0.8997200131416321
2023-04-29 05:43:59.308 | INFO     | utils.logging:log_training_results:290 - train ausat from confmx: 0.9627703428268433
2023-04-29 05:43:59.309 | INFO     | utils.logging:log_training_results:301 - train MCE loss:0.88399 * 0.7000000000000001 * 0.47235
2023-04-29 05:43:59.309 | INFO     | utils.logging:log_training_results:309 - train LLLR :0.33256 * 0.0 * 0.00008
2023-04-29 05:43:59.310 | INFO     | utils.logging:log_training_results:317 - train weight decay:1036.72192 * 0.0008 * -0.15282
2023-04-29 05:44:16.721 | INFO     | __main__:objective:356 - Starting epoch #2.
2023-04-29 05:45:41.678 | INFO     | utils.logging:log_training_results:280 - 
2023-04-29 05:45:41.678 | INFO     | utils.logging:log_training_results:281 - Global Step =   1000
2023-04-29 05:45:41.679 | INFO     | utils.logging:log_training_results:282 - val mean(MacRec)_t: 0.8755000233650208
2023-04-29 05:45:41.679 | INFO     | utils.logging:log_training_results:287 - val mean ABSerr: 0.5881978273391724
2023-04-29 05:45:41.680 | INFO     | utils.logging:log_training_results:290 - val ausat from confmx: 0.982907772064209
2023-04-29 05:45:41.680 | INFO     | utils.logging:log_training_results:301 - val MCE loss:0.85996 * 0.7000000000000001 * 0.50116
2023-04-29 05:45:41.680 | INFO     | utils.logging:log_training_results:309 - val LLLR :0.29666 * 0.0 * -0.00008
2023-04-29 05:45:41.681 | INFO     | utils.logging:log_training_results:317 - val weight decay:968.11639 * 0.0008 * -0.18080
2023-04-29 05:45:41.826 | INFO     | utils.checkpoint:update_and_save_result:168 - [36mBest value updated![0m
2023-04-29 05:45:41.843 | INFO     | utils.checkpoint:save_checkpoint:83 - [36mSaved checkpoint[0m at step 1000.
2023-04-29 05:45:41.846 | INFO     | utils.checkpoint:keep_max_num_saved_models:101 - Removed the oldest model for max_to_keep=1
2023-04-29 05:45:42.663 | INFO     | utils.logging:save_sdre_imgs:710 - Figures saved.
2023-04-29 05:45:43.283 | INFO     | utils.logging:log_training_results:280 - 
2023-04-29 05:45:43.284 | INFO     | utils.logging:log_training_results:281 - Global Step =   1000
2023-04-29 05:45:43.284 | INFO     | utils.logging:log_training_results:282 - train mean(MacRec)_t: 0.8667996525764465
2023-04-29 05:45:43.284 | INFO     | utils.logging:log_training_results:287 - train mean ABSerr: 0.7972913980484009
2023-04-29 05:45:43.285 | INFO     | utils.logging:log_training_results:290 - train ausat from confmx: 0.9773573279380798
2023-04-29 05:45:43.285 | INFO     | utils.logging:log_training_results:301 - train MCE loss:0.85431 * 0.7000000000000001 * 0.50126
2023-04-29 05:45:43.286 | INFO     | utils.logging:log_training_results:309 - train LLLR :0.31753 * 0.0 * 0.00008
2023-04-29 05:45:43.286 | INFO     | utils.logging:log_training_results:317 - train weight decay:968.11633 * 0.0008 * -0.18092
2023-04-29 05:46:57.429 | INFO     | __main__:objective:356 - Starting epoch #3.
2023-04-29 05:47:28.384 | INFO     | utils.logging:log_training_results:280 - 
2023-04-29 05:47:28.385 | INFO     | utils.logging:log_training_results:281 - Global Step =   1250
2023-04-29 05:47:28.385 | INFO     | utils.logging:log_training_results:282 - val mean(MacRec)_t: 0.8760033845901489
2023-04-29 05:47:28.385 | INFO     | utils.logging:log_training_results:287 - val mean ABSerr: 0.4677940309047699
2023-04-29 05:47:28.386 | INFO     | utils.logging:log_training_results:290 - val ausat from confmx: 0.983117938041687
2023-04-29 05:47:28.386 | INFO     | utils.logging:log_training_results:301 - val MCE loss:0.85774 * 0.7000000000000001 * 0.52705
2023-04-29 05:47:28.387 | INFO     | utils.logging:log_training_results:309 - val LLLR :0.29497 * 0.0 * -0.00008
2023-04-29 05:47:28.387 | INFO     | utils.logging:log_training_results:317 - val weight decay:904.55206 * 0.0008 * -0.21034
2023-04-29 05:47:28.523 | INFO     | utils.checkpoint:update_and_save_result:168 - [36mBest value updated![0m
2023-04-29 05:47:28.537 | INFO     | utils.checkpoint:save_checkpoint:83 - [36mSaved checkpoint[0m at step 1250.
2023-04-29 05:47:28.540 | INFO     | utils.checkpoint:keep_max_num_saved_models:101 - Removed the oldest model for max_to_keep=1
2023-04-29 05:47:29.354 | INFO     | utils.logging:save_sdre_imgs:710 - Figures saved.
2023-04-29 05:47:29.966 | INFO     | utils.logging:log_training_results:280 - 
2023-04-29 05:47:29.966 | INFO     | utils.logging:log_training_results:281 - Global Step =   1250
2023-04-29 05:47:29.967 | INFO     | utils.logging:log_training_results:282 - train mean(MacRec)_t: 0.8820376396179199
2023-04-29 05:47:29.967 | INFO     | utils.logging:log_training_results:287 - train mean ABSerr: 0.7285401225090027
2023-04-29 05:47:29.968 | INFO     | utils.logging:log_training_results:290 - train ausat from confmx: 0.9717621207237244
2023-04-29 05:47:29.968 | INFO     | utils.logging:log_training_results:301 - train MCE loss:0.87202 * 0.7000000000000001 * 0.52716
2023-04-29 05:47:29.970 | INFO     | utils.logging:log_training_results:309 - train LLLR :0.30603 * 0.0 * 0.00008
2023-04-29 05:47:29.971 | INFO     | utils.logging:log_training_results:317 - train weight decay:904.55206 * 0.0008 * -0.21046
2023-04-29 05:49:11.936 | INFO     | utils.logging:log_training_results:280 - 
2023-04-29 05:49:11.937 | INFO     | utils.logging:log_training_results:281 - Global Step =   1500
2023-04-29 05:49:11.937 | INFO     | utils.logging:log_training_results:282 - val mean(MacRec)_t: 0.8755366206169128
2023-04-29 05:49:11.937 | INFO     | utils.logging:log_training_results:287 - val mean ABSerr: 0.3968174159526825
2023-04-29 05:49:11.938 | INFO     | utils.logging:log_training_results:290 - val ausat from confmx: 0.9831715226173401
2023-04-29 05:49:11.938 | INFO     | utils.logging:log_training_results:301 - val MCE loss:0.85685 * 0.7000000000000001 * 0.54414
2023-04-29 05:49:11.939 | INFO     | utils.logging:log_training_results:309 - val LLLR :0.29508 * 0.0 * -0.00008
2023-04-29 05:49:11.939 | INFO     | utils.logging:log_training_results:317 - val weight decay:842.75482 * 0.0008 * -0.24085
2023-04-29 05:49:12.071 | INFO     | utils.checkpoint:update_and_save_result:168 - [36mBest value updated![0m
2023-04-29 05:49:12.085 | INFO     | utils.checkpoint:save_checkpoint:83 - [36mSaved checkpoint[0m at step 1500.
2023-04-29 05:49:12.088 | INFO     | utils.checkpoint:keep_max_num_saved_models:101 - Removed the oldest model for max_to_keep=1
2023-04-29 05:49:12.908 | INFO     | utils.logging:save_sdre_imgs:710 - Figures saved.
2023-04-29 05:49:13.513 | INFO     | utils.logging:log_training_results:280 - 
2023-04-29 05:49:13.513 | INFO     | utils.logging:log_training_results:281 - Global Step =   1500
2023-04-29 05:49:13.514 | INFO     | utils.logging:log_training_results:282 - train mean(MacRec)_t: 0.858983039855957
2023-04-29 05:49:13.514 | INFO     | utils.logging:log_training_results:287 - train mean ABSerr: 0.7024260759353638
2023-04-29 05:49:13.515 | INFO     | utils.logging:log_training_results:290 - train ausat from confmx: 0.9706568717956543
2023-04-29 05:49:13.515 | INFO     | utils.logging:log_training_results:301 - train MCE loss:0.87665 * 0.7000000000000001 * 0.54425
2023-04-29 05:49:13.515 | INFO     | utils.logging:log_training_results:309 - train LLLR :0.36531 * 0.0 * 0.00008
2023-04-29 05:49:13.516 | INFO     | utils.logging:log_training_results:317 - train weight decay:842.75482 * 0.0008 * -0.24098
2023-04-29 05:49:48.929 | INFO     | __main__:objective:356 - Starting epoch #4.
2023-04-29 05:50:55.587 | INFO     | utils.logging:log_training_results:280 - 
2023-04-29 05:50:55.588 | INFO     | utils.logging:log_training_results:281 - Global Step =   1750
2023-04-29 05:50:55.588 | INFO     | utils.logging:log_training_results:282 - val mean(MacRec)_t: 0.8748000264167786
2023-04-29 05:50:55.589 | INFO     | utils.logging:log_training_results:287 - val mean ABSerr: 0.3492988049983978
2023-04-29 05:50:55.589 | INFO     | utils.logging:log_training_results:290 - val ausat from confmx: 0.9826794862747192
2023-04-29 05:50:55.590 | INFO     | utils.logging:log_training_results:301 - val MCE loss:0.85639 * 0.7000000000000001 * 0.54768
2023-04-29 05:50:55.590 | INFO     | utils.logging:log_training_results:309 - val LLLR :0.29580 * 0.0 * -0.00008
2023-04-29 05:50:55.591 | INFO     | utils.logging:log_training_results:317 - val weight decay:782.86060 * 0.0008 * -0.27197
2023-04-29 05:50:55.723 | INFO     | utils.checkpoint:update_and_save_result:168 - [36mBest value updated![0m
2023-04-29 05:50:55.739 | INFO     | utils.checkpoint:save_checkpoint:83 - [36mSaved checkpoint[0m at step 1750.
2023-04-29 05:50:55.743 | INFO     | utils.checkpoint:keep_max_num_saved_models:101 - Removed the oldest model for max_to_keep=1
2023-04-29 05:50:56.757 | INFO     | utils.logging:save_sdre_imgs:710 - Figures saved.
2023-04-29 05:50:57.384 | INFO     | utils.logging:log_training_results:280 - 
2023-04-29 05:50:57.385 | INFO     | utils.logging:log_training_results:281 - Global Step =   1750
2023-04-29 05:50:57.385 | INFO     | utils.logging:log_training_results:282 - train mean(MacRec)_t: 0.8731646537780762
2023-04-29 05:50:57.385 | INFO     | utils.logging:log_training_results:287 - train mean ABSerr: 0.64870285987854
2023-04-29 05:50:57.386 | INFO     | utils.logging:log_training_results:290 - train ausat from confmx: 0.9772728681564331
2023-04-29 05:50:57.386 | INFO     | utils.logging:log_training_results:301 - train MCE loss:0.84145 * 0.7000000000000001 * 0.54753
2023-04-29 05:50:57.386 | INFO     | utils.logging:log_training_results:309 - train LLLR :0.30988 * 0.0 * 0.00008
2023-04-29 05:50:57.387 | INFO     | utils.logging:log_training_results:317 - train weight decay:782.86060 * 0.0008 * -0.27210
2023-04-29 05:52:28.246 | INFO     | __main__:objective:356 - Starting epoch #5.
2023-04-29 05:52:40.056 | INFO     | utils.logging:log_training_results:280 - 
2023-04-29 05:52:40.056 | INFO     | utils.logging:log_training_results:281 - Global Step =   2000
2023-04-29 05:52:40.057 | INFO     | utils.logging:log_training_results:282 - val mean(MacRec)_t: 0.8760133385658264
2023-04-29 05:52:40.057 | INFO     | utils.logging:log_training_results:287 - val mean ABSerr: 0.2673414945602417
2023-04-29 05:52:40.057 | INFO     | utils.logging:log_training_results:290 - val ausat from confmx: 0.9832285642623901
2023-04-29 05:52:40.058 | INFO     | utils.logging:log_training_results:301 - val MCE loss:0.85575 * 0.7000000000000001 * 0.54737
2023-04-29 05:52:40.058 | INFO     | utils.logging:log_training_results:309 - val LLLR :0.29361 * 0.0 * -0.00008
2023-04-29 05:52:40.059 | INFO     | utils.logging:log_training_results:317 - val weight decay:725.05170 * 0.0008 * -0.30337
2023-04-29 05:52:40.199 | INFO     | utils.checkpoint:update_and_save_result:168 - [36mBest value updated![0m
2023-04-29 05:52:40.213 | INFO     | utils.checkpoint:save_checkpoint:83 - [36mSaved checkpoint[0m at step 2000.
2023-04-29 05:52:40.216 | INFO     | utils.checkpoint:keep_max_num_saved_models:101 - Removed the oldest model for max_to_keep=1
2023-04-29 05:52:41.018 | INFO     | utils.logging:save_sdre_imgs:710 - Figures saved.
2023-04-29 05:52:41.630 | INFO     | utils.logging:log_training_results:280 - 
2023-04-29 05:52:41.630 | INFO     | utils.logging:log_training_results:281 - Global Step =   2000
2023-04-29 05:52:41.631 | INFO     | utils.logging:log_training_results:282 - train mean(MacRec)_t: 0.8841872811317444
2023-04-29 05:52:41.631 | INFO     | utils.logging:log_training_results:287 - train mean ABSerr: 0.6257281303405762
2023-04-29 05:52:41.631 | INFO     | utils.logging:log_training_results:290 - train ausat from confmx: 0.9904580116271973
2023-04-29 05:52:41.632 | INFO     | utils.logging:log_training_results:301 - train MCE loss:0.84029 * 0.7000000000000001 * 0.54716
2023-04-29 05:52:41.632 | INFO     | utils.logging:log_training_results:309 - train LLLR :0.28724 * 0.0 * 0.00008
2023-04-29 05:52:41.633 | INFO     | utils.logging:log_training_results:317 - train weight decay:725.05170 * 0.0008 * -0.30349
2023-04-29 05:54:24.550 | INFO     | utils.logging:log_training_results:280 - 
2023-04-29 05:54:24.551 | INFO     | utils.logging:log_training_results:281 - Global Step =   2250
2023-04-29 05:54:24.552 | INFO     | utils.logging:log_training_results:282 - val mean(MacRec)_t: 0.8753100633621216
2023-04-29 05:54:24.552 | INFO     | utils.logging:log_training_results:287 - val mean ABSerr: 0.22392824292182922
2023-04-29 05:54:24.553 | INFO     | utils.logging:log_training_results:290 - val ausat from confmx: 0.9833137392997742
2023-04-29 05:54:24.553 | INFO     | utils.logging:log_training_results:301 - val MCE loss:0.85560 * 0.7000000000000001 * 0.54649
2023-04-29 05:54:24.554 | INFO     | utils.logging:log_training_results:309 - val LLLR :0.29451 * 0.0 * -0.00008
2023-04-29 05:54:24.554 | INFO     | utils.logging:log_training_results:317 - val weight decay:669.53949 * 0.0008 * -0.33467
2023-04-29 05:54:24.685 | INFO     | utils.checkpoint:update_and_save_result:168 - [36mBest value updated![0m
2023-04-29 05:54:24.699 | INFO     | utils.checkpoint:save_checkpoint:83 - [36mSaved checkpoint[0m at step 2250.
2023-04-29 05:54:24.703 | INFO     | utils.checkpoint:keep_max_num_saved_models:101 - Removed the oldest model for max_to_keep=1
2023-04-29 05:54:25.497 | INFO     | utils.logging:save_sdre_imgs:710 - Figures saved.
2023-04-29 05:54:26.114 | INFO     | utils.logging:log_training_results:280 - 
2023-04-29 05:54:26.115 | INFO     | utils.logging:log_training_results:281 - Global Step =   2250
2023-04-29 05:54:26.116 | INFO     | utils.logging:log_training_results:282 - train mean(MacRec)_t: 0.8489560484886169
2023-04-29 05:54:26.116 | INFO     | utils.logging:log_training_results:287 - train mean ABSerr: 0.6013241410255432
2023-04-29 05:54:26.117 | INFO     | utils.logging:log_training_results:290 - train ausat from confmx: 0.9831159710884094
2023-04-29 05:54:26.117 | INFO     | utils.logging:log_training_results:301 - train MCE loss:0.84345 * 0.7000000000000001 * 0.54634
2023-04-29 05:54:26.118 | INFO     | utils.logging:log_training_results:309 - train LLLR :0.37507 * 0.0 * 0.00008
2023-04-29 05:54:26.118 | INFO     | utils.logging:log_training_results:317 - train weight decay:669.53943 * 0.0008 * -0.33479
2023-04-29 05:55:21.424 | INFO     | __main__:objective:356 - Starting epoch #6.
2023-04-29 05:56:11.013 | INFO     | utils.logging:log_training_results:280 - 
2023-04-29 05:56:11.013 | INFO     | utils.logging:log_training_results:281 - Global Step =   2500
2023-04-29 05:56:11.014 | INFO     | utils.logging:log_training_results:282 - val mean(MacRec)_t: 0.8752366304397583
2023-04-29 05:56:11.014 | INFO     | utils.logging:log_training_results:287 - val mean ABSerr: 0.25088828802108765
2023-04-29 05:56:11.015 | INFO     | utils.logging:log_training_results:290 - val ausat from confmx: 0.9831262230873108
2023-04-29 05:56:11.015 | INFO     | utils.logging:log_training_results:301 - val MCE loss:0.85579 * 0.7000000000000001 * 0.54833
2023-04-29 05:56:11.016 | INFO     | utils.logging:log_training_results:309 - val LLLR :0.29479 * 0.0 * -0.00008
2023-04-29 05:56:11.016 | INFO     | utils.logging:log_training_results:317 - val weight decay:616.32831 * 0.0008 * -0.36537
2023-04-29 05:56:11.927 | INFO     | utils.logging:save_sdre_imgs:710 - Figures saved.
2023-04-29 05:56:12.544 | INFO     | utils.logging:log_training_results:280 - 
2023-04-29 05:56:12.546 | INFO     | utils.logging:log_training_results:281 - Global Step =   2500
2023-04-29 05:56:12.547 | INFO     | utils.logging:log_training_results:282 - train mean(MacRec)_t: 0.846666693687439
2023-04-29 05:56:12.547 | INFO     | utils.logging:log_training_results:287 - train mean ABSerr: 0.5964758992195129
2023-04-29 05:56:12.547 | INFO     | utils.logging:log_training_results:290 - train ausat from confmx: 0.968410074710846
2023-04-29 05:56:12.548 | INFO     | utils.logging:log_training_results:301 - train MCE loss:0.85810 * 0.7000000000000001 * 0.54830
2023-04-29 05:56:12.549 | INFO     | utils.logging:log_training_results:309 - train LLLR :0.34532 * 0.0 * 0.00008
2023-04-29 05:56:12.550 | INFO     | utils.logging:log_training_results:317 - train weight decay:616.32831 * 0.0008 * -0.36549
2023-04-29 05:57:58.969 | INFO     | utils.logging:log_training_results:280 - 
2023-04-29 05:57:58.969 | INFO     | utils.logging:log_training_results:281 - Global Step =   2750
2023-04-29 05:57:58.970 | INFO     | utils.logging:log_training_results:282 - val mean(MacRec)_t: 0.8748899698257446
2023-04-29 05:57:58.970 | INFO     | utils.logging:log_training_results:287 - val mean ABSerr: 0.27210307121276855
2023-04-29 05:57:58.971 | INFO     | utils.logging:log_training_results:290 - val ausat from confmx: 0.9825736284255981
2023-04-29 05:57:58.971 | INFO     | utils.logging:log_training_results:301 - val MCE loss:0.85613 * 0.7000000000000001 * 0.54737
2023-04-29 05:57:58.971 | INFO     | utils.logging:log_training_results:309 - val LLLR :0.29616 * 0.0 * -0.00008
2023-04-29 05:57:58.972 | INFO     | utils.logging:log_training_results:317 - val weight decay:565.67090 * 0.0008 * -0.39453
2023-04-29 05:57:59.912 | INFO     | utils.logging:save_sdre_imgs:710 - Figures saved.
2023-04-29 05:58:00.549 | INFO     | utils.logging:log_training_results:280 - 
2023-04-29 05:58:00.549 | INFO     | utils.logging:log_training_results:281 - Global Step =   2750
2023-04-29 05:58:00.550 | INFO     | utils.logging:log_training_results:282 - train mean(MacRec)_t: 0.8500798344612122
2023-04-29 05:58:00.550 | INFO     | utils.logging:log_training_results:287 - train mean ABSerr: 0.6290819644927979
2023-04-29 05:58:00.550 | INFO     | utils.logging:log_training_results:290 - train ausat from confmx: 0.9835773706436157
2023-04-29 05:58:00.551 | INFO     | utils.logging:log_training_results:301 - train MCE loss:0.87405 * 0.7000000000000001 * 0.54761
2023-04-29 05:58:00.551 | INFO     | utils.logging:log_training_results:309 - train LLLR :0.38197 * 0.0 * 0.00008
2023-04-29 05:58:00.552 | INFO     | utils.logging:log_training_results:317 - train weight decay:565.67090 * 0.0008 * -0.39464
2023-04-29 05:58:19.352 | INFO     | __main__:objective:356 - Starting epoch #7.
2023-04-29 05:59:48.825 | INFO     | utils.logging:log_training_results:280 - 
2023-04-29 05:59:48.825 | INFO     | utils.logging:log_training_results:281 - Global Step =   3000
2023-04-29 05:59:48.826 | INFO     | utils.logging:log_training_results:282 - val mean(MacRec)_t: 0.875010073184967
2023-04-29 05:59:48.826 | INFO     | utils.logging:log_training_results:287 - val mean ABSerr: 0.2504459619522095
2023-04-29 05:59:48.826 | INFO     | utils.logging:log_training_results:290 - val ausat from confmx: 0.9831799268722534
2023-04-29 05:59:48.827 | INFO     | utils.logging:log_training_results:301 - val MCE loss:0.85639 * 0.7000000000000001 * 0.54804
2023-04-29 05:59:48.827 | INFO     | utils.logging:log_training_results:309 - val LLLR :0.29572 * 0.0 * -0.00008
2023-04-29 05:59:48.828 | INFO     | utils.logging:log_training_results:317 - val weight decay:517.42841 * 0.0008 * -0.41987
2023-04-29 05:59:49.765 | INFO     | utils.logging:save_sdre_imgs:710 - Figures saved.
2023-04-29 05:59:50.400 | INFO     | utils.logging:log_training_results:280 - 
2023-04-29 05:59:50.401 | INFO     | utils.logging:log_training_results:281 - Global Step =   3000
2023-04-29 05:59:50.401 | INFO     | utils.logging:log_training_results:282 - train mean(MacRec)_t: 0.8769609928131104
2023-04-29 05:59:50.402 | INFO     | utils.logging:log_training_results:287 - train mean ABSerr: 0.6059303283691406
2023-04-29 05:59:50.402 | INFO     | utils.logging:log_training_results:290 - train ausat from confmx: 0.9763085246086121
2023-04-29 05:59:50.402 | INFO     | utils.logging:log_training_results:301 - train MCE loss:0.84911 * 0.7000000000000001 * 0.54791
2023-04-29 05:59:50.403 | INFO     | utils.logging:log_training_results:309 - train LLLR :0.29752 * 0.0 * 0.00008
2023-04-29 05:59:50.403 | INFO     | utils.logging:log_training_results:317 - train weight decay:517.42841 * 0.0008 * -0.41995
2023-04-29 06:01:05.804 | INFO     | __main__:objective:356 - Starting epoch #8.
2023-04-29 06:01:37.193 | INFO     | utils.logging:log_training_results:280 - 
2023-04-29 06:01:37.193 | INFO     | utils.logging:log_training_results:281 - Global Step =   3250
2023-04-29 06:01:37.194 | INFO     | utils.logging:log_training_results:282 - val mean(MacRec)_t: 0.8742066621780396
2023-04-29 06:01:37.194 | INFO     | utils.logging:log_training_results:287 - val mean ABSerr: 0.2933006286621094
2023-04-29 06:01:37.194 | INFO     | utils.logging:log_training_results:290 - val ausat from confmx: 0.981917142868042
2023-04-29 06:01:37.195 | INFO     | utils.logging:log_training_results:301 - val MCE loss:0.85747 * 0.7000000000000001 * 0.54790
2023-04-29 06:01:37.195 | INFO     | utils.logging:log_training_results:309 - val LLLR :0.29744 * 0.0 * -0.00008
2023-04-29 06:01:37.196 | INFO     | utils.logging:log_training_results:317 - val weight decay:471.38535 * 0.0008 * -0.43348
2023-04-29 06:01:38.141 | INFO     | utils.logging:save_sdre_imgs:710 - Figures saved.
2023-04-29 06:01:38.771 | INFO     | utils.logging:log_training_results:280 - 
2023-04-29 06:01:38.771 | INFO     | utils.logging:log_training_results:281 - Global Step =   3250
2023-04-29 06:01:38.772 | INFO     | utils.logging:log_training_results:282 - train mean(MacRec)_t: 0.8691813945770264
2023-04-29 06:01:38.772 | INFO     | utils.logging:log_training_results:287 - train mean ABSerr: 0.6578032970428467
2023-04-29 06:01:38.772 | INFO     | utils.logging:log_training_results:290 - train ausat from confmx: 0.9689999222755432
2023-04-29 06:01:38.773 | INFO     | utils.logging:log_training_results:301 - train MCE loss:0.86268 * 0.7000000000000001 * 0.54797
2023-04-29 06:01:38.773 | INFO     | utils.logging:log_training_results:309 - train LLLR :0.32854 * 0.0 * 0.00008
2023-04-29 06:01:38.774 | INFO     | utils.logging:log_training_results:317 - train weight decay:471.38538 * 0.0008 * -0.43348
2023-04-29 06:03:24.190 | INFO     | utils.logging:log_training_results:280 - 
2023-04-29 06:03:24.191 | INFO     | utils.logging:log_training_results:281 - Global Step =   3500
2023-04-29 06:03:24.192 | INFO     | utils.logging:log_training_results:282 - val mean(MacRec)_t: 0.8736799955368042
2023-04-29 06:03:24.192 | INFO     | utils.logging:log_training_results:287 - val mean ABSerr: 0.3313978612422943
2023-04-29 06:03:24.192 | INFO     | utils.logging:log_training_results:290 - val ausat from confmx: 0.9826057553291321
2023-04-29 06:03:24.193 | INFO     | utils.logging:log_training_results:301 - val MCE loss:0.85868 * 0.7000000000000001 * 0.54853
2023-04-29 06:03:24.194 | INFO     | utils.logging:log_training_results:309 - val LLLR :0.29899 * 0.0 * -0.00008
2023-04-29 06:03:24.194 | INFO     | utils.logging:log_training_results:317 - val weight decay:426.62961 * 0.0008 * -0.41808
2023-04-29 06:03:25.107 | INFO     | utils.logging:save_sdre_imgs:710 - Figures saved.
2023-04-29 06:03:25.716 | INFO     | utils.logging:log_training_results:280 - 
2023-04-29 06:03:25.717 | INFO     | utils.logging:log_training_results:281 - Global Step =   3500
2023-04-29 06:03:25.718 | INFO     | utils.logging:log_training_results:282 - train mean(MacRec)_t: 0.8717453479766846
2023-04-29 06:03:25.718 | INFO     | utils.logging:log_training_results:287 - train mean ABSerr: 0.6380926966667175
2023-04-29 06:03:25.719 | INFO     | utils.logging:log_training_results:290 - train ausat from confmx: 0.9630220532417297
2023-04-29 06:03:25.719 | INFO     | utils.logging:log_training_results:301 - train MCE loss:0.85979 * 0.7000000000000001 * 0.54852
2023-04-29 06:03:25.720 | INFO     | utils.logging:log_training_results:309 - train LLLR :0.33391 * 0.0 * 0.00008
2023-04-29 06:03:25.720 | INFO     | utils.logging:log_training_results:317 - train weight decay:426.62958 * 0.0008 * -0.41798
2023-04-29 06:04:01.872 | INFO     | __main__:objective:356 - Starting epoch #9.
2023-04-29 06:05:08.812 | INFO     | utils.logging:log_training_results:280 - 
2023-04-29 06:05:08.813 | INFO     | utils.logging:log_training_results:281 - Global Step =   3750
2023-04-29 06:05:08.813 | INFO     | utils.logging:log_training_results:282 - val mean(MacRec)_t: 0.8723333477973938
2023-04-29 06:05:08.814 | INFO     | utils.logging:log_training_results:287 - val mean ABSerr: 0.3989085257053375
2023-04-29 06:05:08.814 | INFO     | utils.logging:log_training_results:290 - val ausat from confmx: 0.9812054634094238
2023-04-29 06:05:08.815 | INFO     | utils.logging:log_training_results:301 - val MCE loss:0.86066 * 0.7000000000000001 * 0.54951
2023-04-29 06:05:08.815 | INFO     | utils.logging:log_training_results:309 - val LLLR :0.30205 * 0.0 * -0.00008
2023-04-29 06:05:08.815 | INFO     | utils.logging:log_training_results:317 - val weight decay:383.75375 * 0.0008 * -0.39353
2023-04-29 06:05:09.735 | INFO     | utils.logging:save_sdre_imgs:710 - Figures saved.
2023-04-29 06:05:10.392 | INFO     | utils.logging:log_training_results:280 - 
2023-04-29 06:05:10.393 | INFO     | utils.logging:log_training_results:281 - Global Step =   3750
2023-04-29 06:05:10.393 | INFO     | utils.logging:log_training_results:282 - train mean(MacRec)_t: 0.8500643968582153
2023-04-29 06:05:10.393 | INFO     | utils.logging:log_training_results:287 - train mean ABSerr: 0.6673343181610107
2023-04-29 06:05:10.394 | INFO     | utils.logging:log_training_results:290 - train ausat from confmx: 0.9769319295883179
2023-04-29 06:05:10.394 | INFO     | utils.logging:log_training_results:301 - train MCE loss:0.87087 * 0.7000000000000001 * 0.54961
2023-04-29 06:05:10.395 | INFO     | utils.logging:log_training_results:309 - train LLLR :0.33523 * 0.0 * 0.00008
2023-04-29 06:05:10.395 | INFO     | utils.logging:log_training_results:317 - train weight decay:383.75375 * 0.0008 * -0.39343
2023-04-29 06:06:41.062 | INFO     | utils.logging:investigate_log:155 - num_warning=0/num_error=0 in the .log file.
2023-04-29 06:06:41.628 | INFO     | optuna.study.study:_log_completed_trial:1020 - Trial 27 finished with value: 0.22392824292182922 and parameters: {'LIST_IS_POSITIONAL_ENCODING': False, 'LIST_MODEL_BACKBONE': 'Transformer', 'LIST_WEIGHT_DECAY': 0.0008, 'LIST_LEARNING_RATE': 0.00016388270758740462, 'LIST_LLLR_VERSION': 'LSEL', 'LIST_ACTIVATION_FC': 'gelu', 'LIST_PARAM_MULTIPLET_LOSS': 0.7000000000000001, 'LIST_PARAM_LLR_LOSS': 0.0, 'LIST_IS_ADAPTIVE_LOSS': True, 'LIST_ORDER_SPRT': 5, 'LIST_OPTIMIZER': 'rmsprop', 'LIST_IS_NORMALIZE': False, 'LIST_NUM_THRESH': 1500, 'LIST_SPARSITY': 'linspace', 'LIST_NUM_BLOCKS': 2, 'LIST_NUM_HEADS': 4, 'LIST_DROPOUT': 0.2, 'LIST_FF_DIM': 64, 'LIST_MLP_UNITS': 64}. Best is trial 16 with value: 0.17351768910884857.
2023-04-29 06:06:41.763 | INFO     | utils.hyperparameter_tuning:suggest_parameters:560 - [33mStarting a tuning phase.[0m
2023-04-29 06:06:44.437 | INFO     | utils.hyperparameter_tuning:print:394 - 
+------------------------------------------+
|   Hyperparameteres suggested by Optuna   |
+------------------------+-----------------+
|     Parameter name     | Suggested value |
+------------------------+-----------------+
|     ACTIVATION_FC      |       relu      |
|        DROPOUT         |       0.1       |
|         FF_DIM         |        64       |
|    IS_ADAPTIVE_LOSS    |       True      |
|      IS_NORMALIZE      |      False      |
| IS_POSITIONAL_ENCODING |      False      |
|     LEARNING_RATE      |    6.0804e-05   |
|      LLLR_VERSION      |       LSEL      |
|       MLP_UNITS        |        32       |
|     MODEL_BACKBONE     |   Transformer   |
|       NUM_BLOCKS       |        2        |
|       NUM_HEADS        |        2        |
|       NUM_THRESH       |       1000      |
|       OPTIMIZER        |       adam      |
|       ORDER_SPRT       |        4        |
|     PARAM_LLR_LOSS     |       0.2       |
|  PARAM_MULTIPLET_LOSS  |       0.8       |
|        SPARSITY        |     linspace    |
|      WEIGHT_DECAY      |      0.0008     |
+------------------------+-----------------+
2023-04-29 06:06:44.438 | INFO     | utils.misc:create_directories_and_log:291 - [33mA new log directory was created: [0m/home/afe/Dropbox/GitHub/SPRT-TANDEM-PyTorch/logs/public_offset0_5_optimmabs_tuning/checkpoints/Transformer_20230429_060644438/configs
2023-04-29 06:06:44.439 | INFO     | utils.misc:create_directories_and_log:291 - [33mA new log directory was created: [0m/home/afe/Dropbox/GitHub/SPRT-TANDEM-PyTorch/logs/public_offset0_5_optimmabs_tuning/TensorBoard_events/Transformer_20230429_060644438
