2023-04-29 06:06:44.463 | INFO     | utils.misc:fix_random_seed:405 - Random seed is not fixed.
2023-04-29 06:06:44.508 | INFO     | models.temporal_integrators:summarize:568 - 
:'######::'########::'########::'########::::::::::::::::::::::
'##... ##: ##.... ##: ##.... ##:... ##..:::::::::::::::::::::::
 ##:::..:: ##:::: ##: ##:::: ##:::: ##:::::::::::::::::::::::::
. ######:: ########:: ########::::: ##::::'#######:::::::::::::
:..... ##: ##.....::: ##.. ##:::::: ##::::........:::::::::::::
'##::: ##: ##:::::::: ##::. ##::::: ##:::::::::::::::::::::::::
. ######:: ##:::::::: ##:::. ##:::: ##:::::::::::::::::::::::::
:......:::..:::::::::..:::::..:::::..::::::::::::::::::::::::::
'########::::'###::::'##::: ##:'########::'########:'##::::'##:
... ##..::::'## ##::: ###:: ##: ##.... ##: ##.....:: ###::'###:
::: ##:::::'##:. ##:: ####: ##: ##:::: ##: ##::::::: ####'####:
::: ##::::'##:::. ##: ## ## ##: ##:::: ##: ######::: ## ### ##:
::: ##:::: #########: ##. ####: ##:::: ##: ##...:::: ##. #: ##:
::: ##:::: ##.... ##: ##:. ###: ##:::: ##: ##::::::: ##:.:: ##:
::: ##:::: ##:::: ##: ##::. ##: ########:: ########: ##:::: ##:
:::..:::::..:::::..::..::::..::........:::........::..:::::..::

2023-04-29 06:06:44.509 | INFO     | models.temporal_integrators:summarize:571 - [34mofficial PyTorch implementation.[0m
2023-04-29 06:06:44.925 | INFO     | models.temporal_integrators:summarize:593 - Network summary:
===============================================================================================
Layer (type:depth-idx)                        Output Shape              Param #
===============================================================================================
TANDEMformer                                  [150, 50, 3, 3]           643
├─TransformerEncoder: 1-1                     [6900, 1, 128]            --
│    └─ModuleList: 2-5                        --                        (recursive)
│    │    └─TransformerEncoderLayer: 3-1      [6900, 1, 128]            83,136
│    │    └─TransformerEncoderLayer: 3-2      [6900, 1, 128]            83,136
├─Linear: 1-2                                 [6900, 32]                4,128
├─Dropout: 1-3                                [6900, 32]                --
├─TransformerEncoder: 1-4                     [6900, 2, 128]            (recursive)
│    └─ModuleList: 2-5                        --                        (recursive)
│    │    └─TransformerEncoderLayer: 3-3      [6900, 2, 128]            (recursive)
│    │    └─TransformerEncoderLayer: 3-4      [6900, 2, 128]            (recursive)
├─Linear: 1-5                                 [6900, 32]                (recursive)
├─Dropout: 1-6                                [6900, 32]                --
├─TransformerEncoder: 1-7                     [6900, 3, 128]            (recursive)
│    └─ModuleList: 2-5                        --                        (recursive)
│    │    └─TransformerEncoderLayer: 3-5      [6900, 3, 128]            (recursive)
│    │    └─TransformerEncoderLayer: 3-6      [6900, 3, 128]            (recursive)
├─Linear: 1-8                                 [6900, 32]                (recursive)
├─Dropout: 1-9                                [6900, 32]                --
├─TransformerEncoder: 1-10                    [6900, 4, 128]            (recursive)
│    └─ModuleList: 2-5                        --                        (recursive)
│    │    └─TransformerEncoderLayer: 3-7      [6900, 4, 128]            (recursive)
│    │    └─TransformerEncoderLayer: 3-8      [6900, 4, 128]            (recursive)
├─Linear: 1-11                                [6900, 32]                (recursive)
├─Dropout: 1-12                               [6900, 32]                --
├─TransformerEncoder: 1-13                    [6900, 5, 128]            (recursive)
│    └─ModuleList: 2-5                        --                        (recursive)
│    │    └─TransformerEncoderLayer: 3-9      [6900, 5, 128]            (recursive)
│    │    └─TransformerEncoderLayer: 3-10     [6900, 5, 128]            (recursive)
├─Linear: 1-14                                [6900, 32]                (recursive)
├─Dropout: 1-15                               [6900, 32]                --
├─ReLU: 1-16                                  [6900, 32]                --
├─Linear: 1-17                                [6900, 3]                 99
├─ReLU: 1-18                                  [6900, 32]                --
├─Linear: 1-19                                [6900, 3]                 (recursive)
├─ReLU: 1-20                                  [6900, 32]                --
├─Linear: 1-21                                [6900, 3]                 (recursive)
├─ReLU: 1-22                                  [6900, 32]                --
├─Linear: 1-23                                [6900, 3]                 (recursive)
├─ReLU: 1-24                                  [6900, 32]                --
├─Linear: 1-25                                [6900, 3]                 (recursive)
===============================================================================================
Total params: 171,142
Trainable params: 171,142
Non-trainable params: 0
Total mult-adds (M): 145.83
===============================================================================================
Input size (MB): 3.84
Forward/backward pass size (MB): 9.66
Params size (MB): 0.02
Estimated Total Size (MB): 13.52
===============================================================================================
2023-04-29 06:06:44.926 | INFO     | models.temporal_integrators:summarize:594 - Example input shape: torch.Size([150, 50, 128])
2023-04-29 06:06:44.926 | INFO     | models.temporal_integrators:summarize:595 - Example output shape: torch.Size([150, 50, 3, 3])
2023-04-29 06:06:44.928 | INFO     | models.temporal_integrators:import_model:58 - model moved onto: [33mcuda.[0m
2023-04-29 06:06:44.930 | INFO     | models.optimizers:initialize_optimizer:44 - Optimizer:
AdamW (
Parameter Group 0
    amsgrad: False
    betas: (0.9, 0.999)
    capturable: False
    differentiable: False
    eps: 1e-08
    foreach: None
    fused: None
    lr: 6.0804371435978914e-05
    maximize: False
    weight_decay: 0.0008
)
2023-04-29 06:06:44.930 | INFO     | datasets.data_processing:lmdb_dataloaders:293 - loading data... 
2023-04-29 06:06:44.931 | INFO     | datasets.data_processing:lmdb_dataloaders:295 - If this process takes long, consider setting is_load_onto_memory=False or use LMDBIterableDataset.
2023-04-29 06:06:47.828 | INFO     | __main__:objective:356 - Starting epoch #0.
2023-04-29 06:06:56.346 | INFO     | utils.logging:log_training_results:280 - 
2023-04-29 06:06:56.348 | INFO     | utils.logging:log_training_results:281 - Global Step =      0
2023-04-29 06:06:56.348 | INFO     | utils.logging:log_training_results:282 - val mean(MacRec)_t: 0.3377133011817932
2023-04-29 06:06:56.348 | INFO     | utils.logging:log_training_results:287 - val mean ABSerr: 3.5040695667266846
2023-04-29 06:06:56.349 | INFO     | utils.logging:log_training_results:290 - val ausat from confmx: 0.3412168622016907
2023-04-29 06:06:56.349 | INFO     | utils.logging:log_training_results:301 - val MCE loss:1.10178 * 0.8 * -0.62142
2023-04-29 06:06:56.350 | INFO     | utils.logging:log_training_results:309 - val LLLR :1.15544 * 0.2 * 0.33581
2023-04-29 06:06:56.351 | INFO     | utils.logging:log_training_results:317 - val weight decay:1764.27820 * 0.0008 * -0.41364
2023-04-29 06:06:57.369 | INFO     | utils.logging:save_sdre_imgs:710 - Figures saved.
2023-04-29 06:06:57.896 | INFO     | utils.logging:log_training_results:280 - 
2023-04-29 06:06:57.897 | INFO     | utils.logging:log_training_results:281 - Global Step =      0
2023-04-29 06:06:57.897 | INFO     | utils.logging:log_training_results:282 - train mean(MacRec)_t: 0.32662612199783325
2023-04-29 06:06:57.897 | INFO     | utils.logging:log_training_results:287 - train mean ABSerr: 3.5823540687561035
2023-04-29 06:06:57.898 | INFO     | utils.logging:log_training_results:290 - train ausat from confmx: 0.2911323308944702
2023-04-29 06:06:57.898 | INFO     | utils.logging:log_training_results:301 - train MCE loss:1.10856 * 0.8 * -0.62148
2023-04-29 06:06:57.898 | INFO     | utils.logging:log_training_results:309 - train LLLR :1.24706 * 0.2 * 0.33587
2023-04-29 06:06:57.899 | INFO     | utils.logging:log_training_results:317 - train weight decay:1764.27808 * 0.0008 * -0.41370
2023-04-29 06:08:05.780 | INFO     | utils.logging:log_training_results:280 - 
2023-04-29 06:08:05.781 | INFO     | utils.logging:log_training_results:281 - Global Step =    250
2023-04-29 06:08:05.781 | INFO     | utils.logging:log_training_results:282 - val mean(MacRec)_t: 0.8423399925231934
2023-04-29 06:08:05.782 | INFO     | utils.logging:log_training_results:287 - val mean ABSerr: 2.1436984539031982
2023-04-29 06:08:05.782 | INFO     | utils.logging:log_training_results:290 - val ausat from confmx: 0.9647096395492554
2023-04-29 06:08:05.782 | INFO     | utils.logging:log_training_results:301 - val MCE loss:0.97158 * 0.8 * -0.63053
2023-04-29 06:08:05.783 | INFO     | utils.logging:log_training_results:309 - val LLLR :0.42544 * 0.2 * 0.31530
2023-04-29 06:08:05.783 | INFO     | utils.logging:log_training_results:317 - val weight decay:1635.32898 * 0.0008 * -0.42810
2023-04-29 06:08:05.870 | INFO     | utils.checkpoint:update_and_save_result:168 - [36mBest value updated![0m
2023-04-29 06:08:05.898 | INFO     | utils.checkpoint:save_checkpoint:83 - [36mSaved checkpoint[0m at step 250.
2023-04-29 06:08:06.741 | INFO     | utils.logging:save_sdre_imgs:710 - Figures saved.
2023-04-29 06:08:07.240 | INFO     | utils.logging:log_training_results:280 - 
2023-04-29 06:08:07.241 | INFO     | utils.logging:log_training_results:281 - Global Step =    250
2023-04-29 06:08:07.241 | INFO     | utils.logging:log_training_results:282 - train mean(MacRec)_t: 0.8610538840293884
2023-04-29 06:08:07.242 | INFO     | utils.logging:log_training_results:287 - train mean ABSerr: 2.222569465637207
2023-04-29 06:08:07.242 | INFO     | utils.logging:log_training_results:290 - train ausat from confmx: 0.9626160264015198
2023-04-29 06:08:07.242 | INFO     | utils.logging:log_training_results:301 - train MCE loss:0.96465 * 0.8 * -0.63052
2023-04-29 06:08:07.243 | INFO     | utils.logging:log_training_results:309 - train LLLR :0.38629 * 0.2 * 0.31520
2023-04-29 06:08:07.243 | INFO     | utils.logging:log_training_results:317 - train weight decay:1635.32898 * 0.0008 * -0.42815
2023-04-29 06:08:43.852 | INFO     | __main__:objective:356 - Starting epoch #1.
2023-04-29 06:09:16.371 | INFO     | utils.logging:log_training_results:280 - 
2023-04-29 06:09:16.372 | INFO     | utils.logging:log_training_results:281 - Global Step =    500
2023-04-29 06:09:16.372 | INFO     | utils.logging:log_training_results:282 - val mean(MacRec)_t: 0.873003363609314
2023-04-29 06:09:16.373 | INFO     | utils.logging:log_training_results:287 - val mean ABSerr: 0.46433380246162415
2023-04-29 06:09:16.373 | INFO     | utils.logging:log_training_results:290 - val ausat from confmx: 0.979999840259552
2023-04-29 06:09:16.373 | INFO     | utils.logging:log_training_results:301 - val MCE loss:0.89574 * 0.8 * -0.61859
2023-04-29 06:09:16.374 | INFO     | utils.logging:log_training_results:309 - val LLLR :0.30159 * 0.2 * 0.29348
2023-04-29 06:09:16.374 | INFO     | utils.logging:log_training_results:317 - val weight decay:1541.43579 * 0.0008 * -0.44117
2023-04-29 06:09:16.463 | INFO     | utils.checkpoint:update_and_save_result:168 - [36mBest value updated![0m
2023-04-29 06:09:16.482 | INFO     | utils.checkpoint:save_checkpoint:83 - [36mSaved checkpoint[0m at step 500.
2023-04-29 06:09:16.485 | INFO     | utils.checkpoint:keep_max_num_saved_models:101 - Removed the oldest model for max_to_keep=1
2023-04-29 06:09:17.267 | INFO     | utils.logging:save_sdre_imgs:710 - Figures saved.
2023-04-29 06:09:17.768 | INFO     | utils.logging:log_training_results:280 - 
2023-04-29 06:09:17.768 | INFO     | utils.logging:log_training_results:281 - Global Step =    500
2023-04-29 06:09:17.769 | INFO     | utils.logging:log_training_results:282 - train mean(MacRec)_t: 0.8510382175445557
2023-04-29 06:09:17.769 | INFO     | utils.logging:log_training_results:287 - train mean ABSerr: 0.8383504748344421
2023-04-29 06:09:17.769 | INFO     | utils.logging:log_training_results:290 - train ausat from confmx: 0.9869598150253296
2023-04-29 06:09:17.770 | INFO     | utils.logging:log_training_results:301 - train MCE loss:0.91180 * 0.8 * -0.61854
2023-04-29 06:09:17.770 | INFO     | utils.logging:log_training_results:309 - train LLLR :0.34191 * 0.2 * 0.29340
2023-04-29 06:09:17.771 | INFO     | utils.logging:log_training_results:317 - train weight decay:1541.43567 * 0.0008 * -0.44122
2023-04-29 06:10:25.267 | INFO     | utils.logging:log_training_results:280 - 
2023-04-29 06:10:25.267 | INFO     | utils.logging:log_training_results:281 - Global Step =    750
2023-04-29 06:10:25.268 | INFO     | utils.logging:log_training_results:282 - val mean(MacRec)_t: 0.8730732798576355
2023-04-29 06:10:25.268 | INFO     | utils.logging:log_training_results:287 - val mean ABSerr: 0.34992268681526184
2023-04-29 06:10:25.269 | INFO     | utils.logging:log_training_results:290 - val ausat from confmx: 0.9814656376838684
2023-04-29 06:10:25.269 | INFO     | utils.logging:log_training_results:301 - val MCE loss:0.89180 * 0.8 * -0.60773
2023-04-29 06:10:25.269 | INFO     | utils.logging:log_training_results:309 - val LLLR :0.30004 * 0.2 * 0.27550
2023-04-29 06:10:25.270 | INFO     | utils.logging:log_training_results:317 - val weight decay:1464.13696 * 0.0008 * -0.45317
2023-04-29 06:10:25.364 | INFO     | utils.checkpoint:update_and_save_result:168 - [36mBest value updated![0m
2023-04-29 06:10:25.385 | INFO     | utils.checkpoint:save_checkpoint:83 - [36mSaved checkpoint[0m at step 750.
2023-04-29 06:10:25.387 | INFO     | utils.checkpoint:keep_max_num_saved_models:101 - Removed the oldest model for max_to_keep=1
2023-04-29 06:10:26.208 | INFO     | utils.logging:save_sdre_imgs:710 - Figures saved.
2023-04-29 06:10:26.700 | INFO     | utils.logging:log_training_results:280 - 
2023-04-29 06:10:26.701 | INFO     | utils.logging:log_training_results:281 - Global Step =    750
2023-04-29 06:10:26.701 | INFO     | utils.logging:log_training_results:282 - train mean(MacRec)_t: 0.8528540134429932
2023-04-29 06:10:26.702 | INFO     | utils.logging:log_training_results:287 - train mean ABSerr: 0.7802769541740417
2023-04-29 06:10:26.702 | INFO     | utils.logging:log_training_results:290 - train ausat from confmx: 0.9621830582618713
2023-04-29 06:10:26.703 | INFO     | utils.logging:log_training_results:301 - train MCE loss:0.89004 * 0.8 * -0.60769
2023-04-29 06:10:26.703 | INFO     | utils.logging:log_training_results:309 - train LLLR :0.33796 * 0.2 * 0.27543
2023-04-29 06:10:26.704 | INFO     | utils.logging:log_training_results:317 - train weight decay:1464.13684 * 0.0008 * -0.45321
2023-04-29 06:10:38.400 | INFO     | __main__:objective:356 - Starting epoch #2.
2023-04-29 06:11:35.187 | INFO     | utils.logging:log_training_results:280 - 
2023-04-29 06:11:35.187 | INFO     | utils.logging:log_training_results:281 - Global Step =   1000
2023-04-29 06:11:35.188 | INFO     | utils.logging:log_training_results:282 - val mean(MacRec)_t: 0.8743799924850464
2023-04-29 06:11:35.188 | INFO     | utils.logging:log_training_results:287 - val mean ABSerr: 0.29903534054756165
2023-04-29 06:11:35.189 | INFO     | utils.logging:log_training_results:290 - val ausat from confmx: 0.9807488322257996
2023-04-29 06:11:35.189 | INFO     | utils.logging:log_training_results:301 - val MCE loss:0.89034 * 0.8 * -0.60168
2023-04-29 06:11:35.189 | INFO     | utils.logging:log_training_results:309 - val LLLR :0.29800 * 0.2 * 0.25905
2023-04-29 06:11:35.190 | INFO     | utils.logging:log_training_results:317 - val weight decay:1399.63965 * 0.0008 * -0.46428
2023-04-29 06:11:35.282 | INFO     | utils.checkpoint:update_and_save_result:168 - [36mBest value updated![0m
2023-04-29 06:11:35.344 | INFO     | utils.checkpoint:save_checkpoint:83 - [36mSaved checkpoint[0m at step 1000.
2023-04-29 06:11:35.347 | INFO     | utils.checkpoint:keep_max_num_saved_models:101 - Removed the oldest model for max_to_keep=1
2023-04-29 06:11:36.513 | INFO     | utils.logging:save_sdre_imgs:710 - Figures saved.
2023-04-29 06:11:37.043 | INFO     | utils.logging:log_training_results:280 - 
2023-04-29 06:11:37.044 | INFO     | utils.logging:log_training_results:281 - Global Step =   1000
2023-04-29 06:11:37.044 | INFO     | utils.logging:log_training_results:282 - train mean(MacRec)_t: 0.8390215635299683
2023-04-29 06:11:37.045 | INFO     | utils.logging:log_training_results:287 - train mean ABSerr: 0.7354034781455994
2023-04-29 06:11:37.045 | INFO     | utils.logging:log_training_results:290 - train ausat from confmx: 0.9479984045028687
2023-04-29 06:11:37.045 | INFO     | utils.logging:log_training_results:301 - train MCE loss:0.91646 * 0.8 * -0.60167
2023-04-29 06:11:37.046 | INFO     | utils.logging:log_training_results:309 - train LLLR :0.37430 * 0.2 * 0.25899
2023-04-29 06:11:37.046 | INFO     | utils.logging:log_training_results:317 - train weight decay:1399.63965 * 0.0008 * -0.46432
2023-04-29 06:12:28.454 | INFO     | __main__:objective:356 - Starting epoch #3.
2023-04-29 06:12:51.014 | INFO     | utils.logging:log_training_results:280 - 
2023-04-29 06:12:51.015 | INFO     | utils.logging:log_training_results:281 - Global Step =   1250
2023-04-29 06:12:51.015 | INFO     | utils.logging:log_training_results:282 - val mean(MacRec)_t: 0.8747033476829529
2023-04-29 06:12:51.015 | INFO     | utils.logging:log_training_results:287 - val mean ABSerr: 0.2908497750759125
2023-04-29 06:12:51.016 | INFO     | utils.logging:log_training_results:290 - val ausat from confmx: 0.981905996799469
2023-04-29 06:12:51.016 | INFO     | utils.logging:log_training_results:301 - val MCE loss:0.89001 * 0.8 * -0.59901
2023-04-29 06:12:51.017 | INFO     | utils.logging:log_training_results:309 - val LLLR :0.29625 * 0.2 * 0.24372
2023-04-29 06:12:51.017 | INFO     | utils.logging:log_training_results:317 - val weight decay:1343.87268 * 0.0008 * -0.47466
2023-04-29 06:12:51.110 | INFO     | utils.checkpoint:update_and_save_result:168 - [36mBest value updated![0m
2023-04-29 06:12:51.131 | INFO     | utils.checkpoint:save_checkpoint:83 - [36mSaved checkpoint[0m at step 1250.
2023-04-29 06:12:51.135 | INFO     | utils.checkpoint:keep_max_num_saved_models:101 - Removed the oldest model for max_to_keep=1
2023-04-29 06:12:51.951 | INFO     | utils.logging:save_sdre_imgs:710 - Figures saved.
2023-04-29 06:12:52.485 | INFO     | utils.logging:log_training_results:280 - 
2023-04-29 06:12:52.486 | INFO     | utils.logging:log_training_results:281 - Global Step =   1250
2023-04-29 06:12:52.486 | INFO     | utils.logging:log_training_results:282 - train mean(MacRec)_t: 0.8540699481964111
2023-04-29 06:12:52.487 | INFO     | utils.logging:log_training_results:287 - train mean ABSerr: 0.7586923837661743
2023-04-29 06:12:52.487 | INFO     | utils.logging:log_training_results:290 - train ausat from confmx: 0.977211058139801
2023-04-29 06:12:52.488 | INFO     | utils.logging:log_training_results:301 - train MCE loss:0.89891 * 0.8 * -0.59900
2023-04-29 06:12:52.488 | INFO     | utils.logging:log_training_results:309 - train LLLR :0.33909 * 0.2 * 0.24366
2023-04-29 06:12:52.488 | INFO     | utils.logging:log_training_results:317 - train weight decay:1343.87268 * 0.0008 * -0.47470
2023-04-29 06:14:07.767 | INFO     | utils.logging:log_training_results:280 - 
2023-04-29 06:14:07.767 | INFO     | utils.logging:log_training_results:281 - Global Step =   1500
2023-04-29 06:14:07.768 | INFO     | utils.logging:log_training_results:282 - val mean(MacRec)_t: 0.8753366470336914
2023-04-29 06:14:07.768 | INFO     | utils.logging:log_training_results:287 - val mean ABSerr: 0.27126672863960266
2023-04-29 06:14:07.768 | INFO     | utils.logging:log_training_results:290 - val ausat from confmx: 0.9819825887680054
2023-04-29 06:14:07.769 | INFO     | utils.logging:log_training_results:301 - val MCE loss:0.88947 * 0.8 * -0.59801
2023-04-29 06:14:07.769 | INFO     | utils.logging:log_training_results:309 - val LLLR :0.29594 * 0.2 * 0.22927
2023-04-29 06:14:07.770 | INFO     | utils.logging:log_training_results:317 - val weight decay:1295.03442 * 0.0008 * -0.48443
2023-04-29 06:14:07.863 | INFO     | utils.checkpoint:update_and_save_result:168 - [36mBest value updated![0m
2023-04-29 06:14:07.883 | INFO     | utils.checkpoint:save_checkpoint:83 - [36mSaved checkpoint[0m at step 1500.
2023-04-29 06:14:07.887 | INFO     | utils.checkpoint:keep_max_num_saved_models:101 - Removed the oldest model for max_to_keep=1
2023-04-29 06:14:08.666 | INFO     | utils.logging:save_sdre_imgs:710 - Figures saved.
2023-04-29 06:14:09.186 | INFO     | utils.logging:log_training_results:280 - 
2023-04-29 06:14:09.187 | INFO     | utils.logging:log_training_results:281 - Global Step =   1500
2023-04-29 06:14:09.188 | INFO     | utils.logging:log_training_results:282 - train mean(MacRec)_t: 0.8626673817634583
2023-04-29 06:14:09.188 | INFO     | utils.logging:log_training_results:287 - train mean ABSerr: 0.6874678134918213
2023-04-29 06:14:09.188 | INFO     | utils.logging:log_training_results:290 - train ausat from confmx: 0.962683916091919
2023-04-29 06:14:09.189 | INFO     | utils.logging:log_training_results:301 - train MCE loss:0.89350 * 0.8 * -0.59800
2023-04-29 06:14:09.189 | INFO     | utils.logging:log_training_results:309 - train LLLR :0.34145 * 0.2 * 0.22921
2023-04-29 06:14:09.190 | INFO     | utils.logging:log_training_results:317 - train weight decay:1295.03442 * 0.0008 * -0.48446
2023-04-29 06:14:35.426 | INFO     | __main__:objective:356 - Starting epoch #4.
2023-04-29 06:15:22.803 | INFO     | utils.logging:log_training_results:280 - 
2023-04-29 06:15:22.803 | INFO     | utils.logging:log_training_results:281 - Global Step =   1750
2023-04-29 06:15:22.804 | INFO     | utils.logging:log_training_results:282 - val mean(MacRec)_t: 0.8747900128364563
2023-04-29 06:15:22.804 | INFO     | utils.logging:log_training_results:287 - val mean ABSerr: 0.28608444333076477
2023-04-29 06:15:22.805 | INFO     | utils.logging:log_training_results:290 - val ausat from confmx: 0.9804726839065552
2023-04-29 06:15:22.805 | INFO     | utils.logging:log_training_results:301 - val MCE loss:0.88958 * 0.8 * -0.59740
2023-04-29 06:15:22.805 | INFO     | utils.logging:log_training_results:309 - val LLLR :0.29659 * 0.2 * 0.21605
2023-04-29 06:15:22.806 | INFO     | utils.logging:log_training_results:317 - val weight decay:1251.53516 * 0.0008 * -0.49364
2023-04-29 06:15:23.676 | INFO     | utils.logging:save_sdre_imgs:710 - Figures saved.
2023-04-29 06:15:24.181 | INFO     | utils.logging:log_training_results:280 - 
2023-04-29 06:15:24.182 | INFO     | utils.logging:log_training_results:281 - Global Step =   1750
2023-04-29 06:15:24.182 | INFO     | utils.logging:log_training_results:282 - train mean(MacRec)_t: 0.8567521572113037
2023-04-29 06:15:24.182 | INFO     | utils.logging:log_training_results:287 - train mean ABSerr: 0.7553402781486511
2023-04-29 06:15:24.183 | INFO     | utils.logging:log_training_results:290 - train ausat from confmx: 0.9822835922241211
2023-04-29 06:15:24.184 | INFO     | utils.logging:log_training_results:301 - train MCE loss:0.89020 * 0.8 * -0.59741
2023-04-29 06:15:24.184 | INFO     | utils.logging:log_training_results:309 - train LLLR :0.34122 * 0.2 * 0.21600
2023-04-29 06:15:24.184 | INFO     | utils.logging:log_training_results:317 - train weight decay:1251.53516 * 0.0008 * -0.49368
2023-04-29 06:16:29.112 | INFO     | __main__:objective:356 - Starting epoch #5.
2023-04-29 06:16:37.953 | INFO     | utils.logging:log_training_results:280 - 
2023-04-29 06:16:37.953 | INFO     | utils.logging:log_training_results:281 - Global Step =   2000
2023-04-29 06:16:37.954 | INFO     | utils.logging:log_training_results:282 - val mean(MacRec)_t: 0.8750033378601074
2023-04-29 06:16:37.954 | INFO     | utils.logging:log_training_results:287 - val mean ABSerr: 0.2904503345489502
2023-04-29 06:16:37.954 | INFO     | utils.logging:log_training_results:290 - val ausat from confmx: 0.980897068977356
2023-04-29 06:16:37.955 | INFO     | utils.logging:log_training_results:301 - val MCE loss:0.88895 * 0.8 * -0.59741
2023-04-29 06:16:37.955 | INFO     | utils.logging:log_training_results:309 - val LLLR :0.29639 * 0.2 * 0.20449
2023-04-29 06:16:37.956 | INFO     | utils.logging:log_training_results:317 - val weight decay:1212.60010 * 0.0008 * -0.50237
2023-04-29 06:16:38.860 | INFO     | utils.logging:save_sdre_imgs:710 - Figures saved.
2023-04-29 06:16:39.362 | INFO     | utils.logging:log_training_results:280 - 
2023-04-29 06:16:39.364 | INFO     | utils.logging:log_training_results:281 - Global Step =   2000
2023-04-29 06:16:39.365 | INFO     | utils.logging:log_training_results:282 - train mean(MacRec)_t: 0.8819729685783386
2023-04-29 06:16:39.366 | INFO     | utils.logging:log_training_results:287 - train mean ABSerr: 0.6893685460090637
2023-04-29 06:16:39.366 | INFO     | utils.logging:log_training_results:290 - train ausat from confmx: 0.989514172077179
2023-04-29 06:16:39.367 | INFO     | utils.logging:log_training_results:301 - train MCE loss:0.89279 * 0.8 * -0.59741
2023-04-29 06:16:39.367 | INFO     | utils.logging:log_training_results:309 - train LLLR :0.28271 * 0.2 * 0.20445
2023-04-29 06:16:39.368 | INFO     | utils.logging:log_training_results:317 - train weight decay:1212.60010 * 0.0008 * -0.50241
2023-04-29 06:17:52.652 | INFO     | utils.logging:log_training_results:280 - 
2023-04-29 06:17:52.653 | INFO     | utils.logging:log_training_results:281 - Global Step =   2250
2023-04-29 06:17:52.653 | INFO     | utils.logging:log_training_results:282 - val mean(MacRec)_t: 0.8749600052833557
2023-04-29 06:17:52.654 | INFO     | utils.logging:log_training_results:287 - val mean ABSerr: 0.30753591656684875
2023-04-29 06:17:52.654 | INFO     | utils.logging:log_training_results:290 - val ausat from confmx: 0.9820768237113953
2023-04-29 06:17:52.655 | INFO     | utils.logging:log_training_results:301 - val MCE loss:0.88908 * 0.8 * -0.59710
2023-04-29 06:17:52.655 | INFO     | utils.logging:log_training_results:309 - val LLLR :0.29623 * 0.2 * 0.19455
2023-04-29 06:17:52.656 | INFO     | utils.logging:log_training_results:317 - val weight decay:1177.45947 * 0.0008 * -0.51066
2023-04-29 06:17:53.574 | INFO     | utils.logging:save_sdre_imgs:710 - Figures saved.
2023-04-29 06:17:54.130 | INFO     | utils.logging:log_training_results:280 - 
2023-04-29 06:17:54.131 | INFO     | utils.logging:log_training_results:281 - Global Step =   2250
2023-04-29 06:17:54.131 | INFO     | utils.logging:log_training_results:282 - train mean(MacRec)_t: 0.8683186173439026
2023-04-29 06:17:54.131 | INFO     | utils.logging:log_training_results:287 - train mean ABSerr: 0.6641862988471985
2023-04-29 06:17:54.132 | INFO     | utils.logging:log_training_results:290 - train ausat from confmx: 0.9699790477752686
2023-04-29 06:17:54.132 | INFO     | utils.logging:log_training_results:301 - train MCE loss:0.89741 * 0.8 * -0.59710
2023-04-29 06:17:54.133 | INFO     | utils.logging:log_training_results:309 - train LLLR :0.32620 * 0.2 * 0.19452
2023-04-29 06:17:54.133 | INFO     | utils.logging:log_training_results:317 - train weight decay:1177.45947 * 0.0008 * -0.51069
2023-04-29 06:18:32.235 | INFO     | __main__:objective:356 - Starting epoch #6.
2023-04-29 06:19:05.891 | INFO     | utils.logging:log_training_results:280 - 
2023-04-29 06:19:05.892 | INFO     | utils.logging:log_training_results:281 - Global Step =   2500
2023-04-29 06:19:05.892 | INFO     | utils.logging:log_training_results:282 - val mean(MacRec)_t: 0.8754966259002686
2023-04-29 06:19:05.892 | INFO     | utils.logging:log_training_results:287 - val mean ABSerr: 0.27872928977012634
2023-04-29 06:19:05.893 | INFO     | utils.logging:log_training_results:290 - val ausat from confmx: 0.9812676310539246
2023-04-29 06:19:05.893 | INFO     | utils.logging:log_training_results:301 - val MCE loss:0.88919 * 0.8 * -0.59732
2023-04-29 06:19:05.894 | INFO     | utils.logging:log_training_results:309 - val LLLR :0.29510 * 0.2 * 0.18751
2023-04-29 06:19:05.894 | INFO     | utils.logging:log_training_results:317 - val weight decay:1145.33972 * 0.0008 * -0.51854
2023-04-29 06:19:06.776 | INFO     | utils.logging:save_sdre_imgs:710 - Figures saved.
2023-04-29 06:19:07.284 | INFO     | utils.logging:log_training_results:280 - 
2023-04-29 06:19:07.284 | INFO     | utils.logging:log_training_results:281 - Global Step =   2500
2023-04-29 06:19:07.285 | INFO     | utils.logging:log_training_results:282 - train mean(MacRec)_t: 0.8826049566268921
2023-04-29 06:19:07.285 | INFO     | utils.logging:log_training_results:287 - train mean ABSerr: 0.6977689862251282
2023-04-29 06:19:07.285 | INFO     | utils.logging:log_training_results:290 - train ausat from confmx: 0.9786729216575623
2023-04-29 06:19:07.286 | INFO     | utils.logging:log_training_results:301 - train MCE loss:0.87343 * 0.8 * -0.59731
2023-04-29 06:19:07.286 | INFO     | utils.logging:log_training_results:309 - train LLLR :0.26969 * 0.2 * 0.18748
2023-04-29 06:19:07.286 | INFO     | utils.logging:log_training_results:317 - train weight decay:1145.33972 * 0.0008 * -0.51857
2023-04-29 06:20:18.108 | INFO     | utils.logging:log_training_results:280 - 
2023-04-29 06:20:18.109 | INFO     | utils.logging:log_training_results:281 - Global Step =   2750
2023-04-29 06:20:18.109 | INFO     | utils.logging:log_training_results:282 - val mean(MacRec)_t: 0.8753066062927246
2023-04-29 06:20:18.109 | INFO     | utils.logging:log_training_results:287 - val mean ABSerr: 0.2728695273399353
2023-04-29 06:20:18.110 | INFO     | utils.logging:log_training_results:290 - val ausat from confmx: 0.9810366630554199
2023-04-29 06:20:18.110 | INFO     | utils.logging:log_training_results:301 - val MCE loss:0.88879 * 0.8 * -0.59702
2023-04-29 06:20:18.111 | INFO     | utils.logging:log_training_results:309 - val LLLR :0.29482 * 0.2 * 0.18227
2023-04-29 06:20:18.111 | INFO     | utils.logging:log_training_results:317 - val weight decay:1115.77173 * 0.0008 * -0.52604
2023-04-29 06:20:19.195 | INFO     | utils.logging:save_sdre_imgs:710 - Figures saved.
2023-04-29 06:20:19.775 | INFO     | utils.logging:log_training_results:280 - 
2023-04-29 06:20:19.775 | INFO     | utils.logging:log_training_results:281 - Global Step =   2750
2023-04-29 06:20:19.776 | INFO     | utils.logging:log_training_results:282 - train mean(MacRec)_t: 0.8752804398536682
2023-04-29 06:20:19.776 | INFO     | utils.logging:log_training_results:287 - train mean ABSerr: 0.7260103821754456
2023-04-29 06:20:19.776 | INFO     | utils.logging:log_training_results:290 - train ausat from confmx: 0.9744986295700073
2023-04-29 06:20:19.777 | INFO     | utils.logging:log_training_results:301 - train MCE loss:0.90037 * 0.8 * -0.59702
2023-04-29 06:20:19.777 | INFO     | utils.logging:log_training_results:309 - train LLLR :0.28503 * 0.2 * 0.18224
2023-04-29 06:20:19.778 | INFO     | utils.logging:log_training_results:317 - train weight decay:1115.77173 * 0.0008 * -0.52607
2023-04-29 06:20:32.105 | INFO     | __main__:objective:356 - Starting epoch #7.
2023-04-29 06:21:29.191 | INFO     | utils.logging:log_training_results:280 - 
2023-04-29 06:21:29.192 | INFO     | utils.logging:log_training_results:281 - Global Step =   3000
2023-04-29 06:21:29.192 | INFO     | utils.logging:log_training_results:282 - val mean(MacRec)_t: 0.8754233121871948
2023-04-29 06:21:29.192 | INFO     | utils.logging:log_training_results:287 - val mean ABSerr: 0.25040116906166077
2023-04-29 06:21:29.193 | INFO     | utils.logging:log_training_results:290 - val ausat from confmx: 0.9808723330497742
2023-04-29 06:21:29.193 | INFO     | utils.logging:log_training_results:301 - val MCE loss:0.88844 * 0.8 * -0.59673
2023-04-29 06:21:29.194 | INFO     | utils.logging:log_training_results:309 - val LLLR :0.29499 * 0.2 * 0.17873
2023-04-29 06:21:29.194 | INFO     | utils.logging:log_training_results:317 - val weight decay:1088.36450 * 0.0008 * -0.53316
2023-04-29 06:21:29.282 | INFO     | utils.checkpoint:update_and_save_result:168 - [36mBest value updated![0m
2023-04-29 06:21:29.302 | INFO     | utils.checkpoint:save_checkpoint:83 - [36mSaved checkpoint[0m at step 3000.
2023-04-29 06:21:29.306 | INFO     | utils.checkpoint:keep_max_num_saved_models:101 - Removed the oldest model for max_to_keep=1
2023-04-29 06:21:30.113 | INFO     | utils.logging:save_sdre_imgs:710 - Figures saved.
2023-04-29 06:21:30.619 | INFO     | utils.logging:log_training_results:280 - 
2023-04-29 06:21:30.620 | INFO     | utils.logging:log_training_results:281 - Global Step =   3000
2023-04-29 06:21:30.621 | INFO     | utils.logging:log_training_results:282 - train mean(MacRec)_t: 0.8432099223136902
2023-04-29 06:21:30.621 | INFO     | utils.logging:log_training_results:287 - train mean ABSerr: 0.6843898296356201
2023-04-29 06:21:30.621 | INFO     | utils.logging:log_training_results:290 - train ausat from confmx: 0.9621070623397827
2023-04-29 06:21:30.622 | INFO     | utils.logging:log_training_results:301 - train MCE loss:0.90521 * 0.8 * -0.59673
2023-04-29 06:21:30.622 | INFO     | utils.logging:log_training_results:309 - train LLLR :0.35850 * 0.2 * 0.17872
2023-04-29 06:21:30.623 | INFO     | utils.logging:log_training_results:317 - train weight decay:1088.36450 * 0.0008 * -0.53319
2023-04-29 06:22:21.905 | INFO     | __main__:objective:356 - Starting epoch #8.
2023-04-29 06:22:43.332 | INFO     | utils.logging:log_training_results:280 - 
2023-04-29 06:22:43.332 | INFO     | utils.logging:log_training_results:281 - Global Step =   3250
2023-04-29 06:22:43.333 | INFO     | utils.logging:log_training_results:282 - val mean(MacRec)_t: 0.8746733069419861
2023-04-29 06:22:43.333 | INFO     | utils.logging:log_training_results:287 - val mean ABSerr: 0.2747596800327301
2023-04-29 06:22:43.333 | INFO     | utils.logging:log_training_results:290 - val ausat from confmx: 0.9813982248306274
2023-04-29 06:22:43.334 | INFO     | utils.logging:log_training_results:301 - val MCE loss:0.88891 * 0.8 * -0.59684
2023-04-29 06:22:43.334 | INFO     | utils.logging:log_training_results:309 - val LLLR :0.29594 * 0.2 * 0.17731
2023-04-29 06:22:43.335 | INFO     | utils.logging:log_training_results:317 - val weight decay:1062.43054 * 0.0008 * -0.53991
2023-04-29 06:22:44.240 | INFO     | utils.logging:save_sdre_imgs:710 - Figures saved.
2023-04-29 06:22:44.750 | INFO     | utils.logging:log_training_results:280 - 
2023-04-29 06:22:44.751 | INFO     | utils.logging:log_training_results:281 - Global Step =   3250
2023-04-29 06:22:44.751 | INFO     | utils.logging:log_training_results:282 - train mean(MacRec)_t: 0.879101037979126
2023-04-29 06:22:44.751 | INFO     | utils.logging:log_training_results:287 - train mean ABSerr: 0.6503194570541382
2023-04-29 06:22:44.752 | INFO     | utils.logging:log_training_results:290 - train ausat from confmx: 0.9895123243331909
2023-04-29 06:22:44.752 | INFO     | utils.logging:log_training_results:301 - train MCE loss:0.88939 * 0.8 * -0.59684
2023-04-29 06:22:44.753 | INFO     | utils.logging:log_training_results:309 - train LLLR :0.27454 * 0.2 * 0.17730
2023-04-29 06:22:44.753 | INFO     | utils.logging:log_training_results:317 - train weight decay:1062.43054 * 0.0008 * -0.53993
2023-04-29 06:23:56.894 | INFO     | utils.logging:log_training_results:280 - 
2023-04-29 06:23:56.895 | INFO     | utils.logging:log_training_results:281 - Global Step =   3500
2023-04-29 06:23:56.896 | INFO     | utils.logging:log_training_results:282 - val mean(MacRec)_t: 0.8755199909210205
2023-04-29 06:23:56.896 | INFO     | utils.logging:log_training_results:287 - val mean ABSerr: 0.2744395136833191
2023-04-29 06:23:56.896 | INFO     | utils.logging:log_training_results:290 - val ausat from confmx: 0.9820700287818909
2023-04-29 06:23:56.897 | INFO     | utils.logging:log_training_results:301 - val MCE loss:0.88846 * 0.8 * -0.59686
2023-04-29 06:23:56.897 | INFO     | utils.logging:log_training_results:309 - val LLLR :0.29489 * 0.2 * 0.17655
2023-04-29 06:23:56.898 | INFO     | utils.logging:log_training_results:317 - val weight decay:1037.93933 * 0.0008 * -0.54627
2023-04-29 06:23:57.771 | INFO     | utils.logging:save_sdre_imgs:710 - Figures saved.
2023-04-29 06:23:58.278 | INFO     | utils.logging:log_training_results:280 - 
2023-04-29 06:23:58.279 | INFO     | utils.logging:log_training_results:281 - Global Step =   3500
2023-04-29 06:23:58.280 | INFO     | utils.logging:log_training_results:282 - train mean(MacRec)_t: 0.8629814982414246
2023-04-29 06:23:58.280 | INFO     | utils.logging:log_training_results:287 - train mean ABSerr: 0.6558445692062378
2023-04-29 06:23:58.280 | INFO     | utils.logging:log_training_results:290 - train ausat from confmx: 0.977460503578186
2023-04-29 06:23:58.281 | INFO     | utils.logging:log_training_results:301 - train MCE loss:0.88982 * 0.8 * -0.59685
2023-04-29 06:23:58.281 | INFO     | utils.logging:log_training_results:309 - train LLLR :0.30602 * 0.2 * 0.17655
2023-04-29 06:23:58.282 | INFO     | utils.logging:log_training_results:317 - train weight decay:1037.93921 * 0.0008 * -0.54629
2023-04-29 06:24:23.290 | INFO     | __main__:objective:356 - Starting epoch #9.
2023-04-29 06:25:10.888 | INFO     | utils.logging:log_training_results:280 - 
2023-04-29 06:25:10.889 | INFO     | utils.logging:log_training_results:281 - Global Step =   3750
2023-04-29 06:25:10.889 | INFO     | utils.logging:log_training_results:282 - val mean(MacRec)_t: 0.8752633333206177
2023-04-29 06:25:10.890 | INFO     | utils.logging:log_training_results:287 - val mean ABSerr: 0.25445517897605896
2023-04-29 06:25:10.890 | INFO     | utils.logging:log_training_results:290 - val ausat from confmx: 0.9815211892127991
2023-04-29 06:25:10.890 | INFO     | utils.logging:log_training_results:301 - val MCE loss:0.88826 * 0.8 * -0.59666
2023-04-29 06:25:10.891 | INFO     | utils.logging:log_training_results:309 - val LLLR :0.29516 * 0.2 * 0.17570
2023-04-29 06:25:10.891 | INFO     | utils.logging:log_training_results:317 - val weight decay:1014.52423 * 0.0008 * -0.55222
2023-04-29 06:25:11.747 | INFO     | utils.logging:save_sdre_imgs:710 - Figures saved.
2023-04-29 06:25:12.257 | INFO     | utils.logging:log_training_results:280 - 
2023-04-29 06:25:12.258 | INFO     | utils.logging:log_training_results:281 - Global Step =   3750
2023-04-29 06:25:12.258 | INFO     | utils.logging:log_training_results:282 - train mean(MacRec)_t: 0.8544715046882629
2023-04-29 06:25:12.258 | INFO     | utils.logging:log_training_results:287 - train mean ABSerr: 0.6108630895614624
2023-04-29 06:25:12.259 | INFO     | utils.logging:log_training_results:290 - train ausat from confmx: 0.9750597476959229
2023-04-29 06:25:12.259 | INFO     | utils.logging:log_training_results:301 - train MCE loss:0.89171 * 0.8 * -0.59664
2023-04-29 06:25:12.260 | INFO     | utils.logging:log_training_results:309 - train LLLR :0.35340 * 0.2 * 0.17570
2023-04-29 06:25:12.260 | INFO     | utils.logging:log_training_results:317 - train weight decay:1014.52417 * 0.0008 * -0.55224
2023-04-29 06:26:15.909 | INFO     | utils.logging:investigate_log:155 - num_warning=0/num_error=0 in the .log file.
2023-04-29 06:26:16.107 | INFO     | optuna.study.study:_log_completed_trial:1020 - Trial 28 finished with value: 0.25040116906166077 and parameters: {'LIST_IS_POSITIONAL_ENCODING': False, 'LIST_MODEL_BACKBONE': 'Transformer', 'LIST_WEIGHT_DECAY': 0.0008, 'LIST_LEARNING_RATE': 6.0804371435978914e-05, 'LIST_LLLR_VERSION': 'LSEL', 'LIST_ACTIVATION_FC': 'relu', 'LIST_PARAM_MULTIPLET_LOSS': 0.8, 'LIST_PARAM_LLR_LOSS': 0.2, 'LIST_IS_ADAPTIVE_LOSS': True, 'LIST_ORDER_SPRT': 4, 'LIST_OPTIMIZER': 'adam', 'LIST_IS_NORMALIZE': False, 'LIST_NUM_THRESH': 1000, 'LIST_SPARSITY': 'linspace', 'LIST_NUM_BLOCKS': 2, 'LIST_NUM_HEADS': 2, 'LIST_DROPOUT': 0.1, 'LIST_FF_DIM': 64, 'LIST_MLP_UNITS': 32}. Best is trial 16 with value: 0.17351768910884857.
2023-04-29 06:26:16.125 | INFO     | utils.hyperparameter_tuning:suggest_parameters:560 - [33mStarting a tuning phase.[0m
2023-04-29 06:26:17.697 | INFO     | utils.hyperparameter_tuning:print:394 - 
+------------------------------------------+
|   Hyperparameteres suggested by Optuna   |
+------------------------+-----------------+
|     Parameter name     | Suggested value |
+------------------------+-----------------+
|     ACTIVATION_FC      |       gelu      |
|        DROPOUT         |       0.2       |
|         FF_DIM         |        64       |
|    IS_ADAPTIVE_LOSS    |       True      |
|      IS_NORMALIZE      |      False      |
| IS_POSITIONAL_ENCODING |       True      |
| IS_TRAINABLE_ENCODING  |      False      |
|     LEARNING_RATE      |    0.00012225   |
|      LLLR_VERSION      |       LSEL      |
|       MLP_UNITS        |        64       |
|     MODEL_BACKBONE     |   Transformer   |
|       NUM_BLOCKS       |        2        |
|       NUM_HEADS        |        4        |
|       NUM_THRESH       |       1500      |
|       OPTIMIZER        |     rmsprop     |
|       ORDER_SPRT       |        2        |
|     PARAM_LLR_LOSS     |       0.5       |
|  PARAM_MULTIPLET_LOSS  |       0.6       |
|        SPARSITY        |     logspace    |
|      WEIGHT_DECAY      |      0.001      |
+------------------------+-----------------+
2023-04-29 06:26:17.698 | INFO     | utils.misc:create_directories_and_log:291 - [33mA new log directory was created: [0m/home/afe/Dropbox/GitHub/SPRT-TANDEM-PyTorch/logs/public_offset0_5_optimmabs_tuning/checkpoints/Transformer_20230429_062617697/configs
2023-04-29 06:26:17.699 | INFO     | utils.misc:create_directories_and_log:291 - [33mA new log directory was created: [0m/home/afe/Dropbox/GitHub/SPRT-TANDEM-PyTorch/logs/public_offset0_5_optimmabs_tuning/TensorBoard_events/Transformer_20230429_062617697
