2023-04-29 16:15:15.217 | INFO     | utils.misc:fix_random_seed:405 - Random seed is not fixed.
2023-04-29 16:15:15.269 | INFO     | models.temporal_integrators:summarize:568 - 
:'######::'########::'########::'########::::::::::::::::::::::
'##... ##: ##.... ##: ##.... ##:... ##..:::::::::::::::::::::::
 ##:::..:: ##:::: ##: ##:::: ##:::: ##:::::::::::::::::::::::::
. ######:: ########:: ########::::: ##::::'#######:::::::::::::
:..... ##: ##.....::: ##.. ##:::::: ##::::........:::::::::::::
'##::: ##: ##:::::::: ##::. ##::::: ##:::::::::::::::::::::::::
. ######:: ##:::::::: ##:::. ##:::: ##:::::::::::::::::::::::::
:......:::..:::::::::..:::::..:::::..::::::::::::::::::::::::::
'########::::'###::::'##::: ##:'########::'########:'##::::'##:
... ##..::::'## ##::: ###:: ##: ##.... ##: ##.....:: ###::'###:
::: ##:::::'##:. ##:: ####: ##: ##:::: ##: ##::::::: ####'####:
::: ##::::'##:::. ##: ## ## ##: ##:::: ##: ######::: ## ### ##:
::: ##:::: #########: ##. ####: ##:::: ##: ##...:::: ##. #: ##:
::: ##:::: ##.... ##: ##:. ###: ##:::: ##: ##::::::: ##:.:: ##:
::: ##:::: ##:::: ##: ##::. ##: ########:: ########: ##:::: ##:
:::..:::::..:::::..::..::::..::........:::........::..:::::..::

2023-04-29 16:15:15.270 | INFO     | models.temporal_integrators:summarize:571 - [34mofficial PyTorch implementation.[0m
2023-04-29 16:15:15.374 | INFO     | models.temporal_integrators:summarize:593 - Network summary:
===============================================================================================
Layer (type:depth-idx)                        Output Shape              Param #
===============================================================================================
TANDEMformer                                  [150, 50, 3, 3]           387
├─TransformerEncoder: 1-1                     [7200, 1, 128]            --
│    └─ModuleList: 2-3                        --                        (recursive)
│    │    └─TransformerEncoderLayer: 3-1      [7200, 1, 128]            83,136
│    │    └─TransformerEncoderLayer: 3-2      [7200, 1, 128]            83,136
├─Linear: 1-2                                 [7200, 64]                8,256
├─Dropout: 1-3                                [7200, 64]                --
├─TransformerEncoder: 1-4                     [7200, 2, 128]            (recursive)
│    └─ModuleList: 2-3                        --                        (recursive)
│    │    └─TransformerEncoderLayer: 3-3      [7200, 2, 128]            (recursive)
│    │    └─TransformerEncoderLayer: 3-4      [7200, 2, 128]            (recursive)
├─Linear: 1-5                                 [7200, 64]                (recursive)
├─Dropout: 1-6                                [7200, 64]                --
├─TransformerEncoder: 1-7                     [7200, 3, 128]            (recursive)
│    └─ModuleList: 2-3                        --                        (recursive)
│    │    └─TransformerEncoderLayer: 3-5      [7200, 3, 128]            (recursive)
│    │    └─TransformerEncoderLayer: 3-6      [7200, 3, 128]            (recursive)
├─Linear: 1-8                                 [7200, 64]                (recursive)
├─Dropout: 1-9                                [7200, 64]                --
├─Linear: 1-10                                [7200, 3]                 195
├─Linear: 1-11                                [7200, 3]                 (recursive)
├─Linear: 1-12                                [7200, 3]                 (recursive)
===============================================================================================
Total params: 175,110
Trainable params: 175,110
Non-trainable params: 0
Total mult-adds (M): 920.74
===============================================================================================
Input size (MB): 3.84
Forward/backward pass size (MB): 321.24
Params size (MB): 0.17
Estimated Total Size (MB): 325.25
===============================================================================================
2023-04-29 16:15:15.375 | INFO     | models.temporal_integrators:summarize:594 - Example input shape: torch.Size([150, 50, 128])
2023-04-29 16:15:15.375 | INFO     | models.temporal_integrators:summarize:595 - Example output shape: torch.Size([150, 50, 3, 3])
2023-04-29 16:15:15.378 | INFO     | models.temporal_integrators:import_model:58 - model moved onto: [33mcuda.[0m
2023-04-29 16:15:15.379 | INFO     | models.optimizers:initialize_optimizer:44 - Optimizer:
RMSprop (
Parameter Group 0
    alpha: 0.99
    centered: False
    differentiable: False
    eps: 1e-08
    foreach: None
    lr: 5.559370640317737e-05
    maximize: False
    momentum: 0
    weight_decay: 0.0005
)
2023-04-29 16:15:15.379 | INFO     | datasets.data_processing:lmdb_dataloaders:293 - loading data... 
2023-04-29 16:15:15.380 | INFO     | datasets.data_processing:lmdb_dataloaders:295 - If this process takes long, consider setting is_load_onto_memory=False or use LMDBIterableDataset.
2023-04-29 16:15:18.531 | INFO     | __main__:objective:356 - Starting epoch #0.
2023-04-29 16:15:21.475 | INFO     | utils.logging:log_training_results:280 - 
2023-04-29 16:15:21.475 | INFO     | utils.logging:log_training_results:281 - Global Step =      0
2023-04-29 16:15:21.476 | INFO     | utils.logging:log_training_results:282 - val mean(MacRec)_t: 0.3492933213710785
2023-04-29 16:15:21.476 | INFO     | utils.logging:log_training_results:287 - val mean ABSerr: 3.5097696781158447
2023-04-29 16:15:21.477 | INFO     | utils.logging:log_training_results:290 - val ausat from confmx: 0.35283389687538147
2023-04-29 16:15:21.477 | INFO     | utils.logging:log_training_results:301 - val MCE loss:1.10656 * 1.0 * -0.20490
2023-04-29 16:15:21.477 | INFO     | utils.logging:log_training_results:309 - val LLLR :0.37253 * 0.8 * 0.26606
2023-04-29 16:15:21.478 | INFO     | utils.logging:log_training_results:317 - val weight decay:1524.45728 * 0.0005 * -0.57591
2023-04-29 16:15:22.560 | INFO     | utils.logging:save_sdre_imgs:710 - Figures saved.
2023-04-29 16:15:22.954 | INFO     | utils.logging:log_training_results:280 - 
2023-04-29 16:15:22.955 | INFO     | utils.logging:log_training_results:281 - Global Step =      0
2023-04-29 16:15:22.955 | INFO     | utils.logging:log_training_results:282 - train mean(MacRec)_t: 0.36919280886650085
2023-04-29 16:15:22.955 | INFO     | utils.logging:log_training_results:287 - train mean ABSerr: 3.5031917095184326
2023-04-29 16:15:22.956 | INFO     | utils.logging:log_training_results:290 - train ausat from confmx: 0.42305538058280945
2023-04-29 16:15:22.956 | INFO     | utils.logging:log_training_results:301 - train MCE loss:1.10751 * 1.0 * -0.20546
2023-04-29 16:15:22.957 | INFO     | utils.logging:log_training_results:309 - train LLLR :0.37051 * 0.8 * 0.26662
2023-04-29 16:15:22.957 | INFO     | utils.logging:log_training_results:317 - train weight decay:1524.45715 * 0.0005 * -0.57646
2023-04-29 16:15:51.257 | INFO     | utils.logging:log_training_results:280 - 
2023-04-29 16:15:51.257 | INFO     | utils.logging:log_training_results:281 - Global Step =    250
2023-04-29 16:15:51.258 | INFO     | utils.logging:log_training_results:282 - val mean(MacRec)_t: 0.8702332973480225
2023-04-29 16:15:51.258 | INFO     | utils.logging:log_training_results:287 - val mean ABSerr: 0.5537208318710327
2023-04-29 16:15:51.259 | INFO     | utils.logging:log_training_results:290 - val ausat from confmx: 0.9809029698371887
2023-04-29 16:15:51.259 | INFO     | utils.logging:log_training_results:301 - val MCE loss:0.95434 * 1.0 * -0.22413
2023-04-29 16:15:51.260 | INFO     | utils.logging:log_training_results:309 - val LLLR :0.24358 * 0.8 * 0.28181
2023-04-29 16:15:51.260 | INFO     | utils.logging:log_training_results:317 - val weight decay:1457.62854 * 0.0005 * -0.59251
2023-04-29 16:15:51.386 | INFO     | utils.checkpoint:update_and_save_result:168 - [36mBest value updated![0m
2023-04-29 16:15:51.407 | INFO     | utils.checkpoint:save_checkpoint:83 - [36mSaved checkpoint[0m at step 250.
2023-04-29 16:15:52.213 | INFO     | utils.logging:save_sdre_imgs:710 - Figures saved.
2023-04-29 16:15:52.551 | INFO     | utils.logging:log_training_results:280 - 
2023-04-29 16:15:52.552 | INFO     | utils.logging:log_training_results:281 - Global Step =    250
2023-04-29 16:15:52.552 | INFO     | utils.logging:log_training_results:282 - train mean(MacRec)_t: 0.8298513889312744
2023-04-29 16:15:52.552 | INFO     | utils.logging:log_training_results:287 - train mean ABSerr: 1.4181712865829468
2023-04-29 16:15:52.553 | INFO     | utils.logging:log_training_results:290 - train ausat from confmx: 0.9750221371650696
2023-04-29 16:15:52.553 | INFO     | utils.logging:log_training_results:301 - train MCE loss:0.97464 * 1.0 * -0.22418
2023-04-29 16:15:52.554 | INFO     | utils.logging:log_training_results:309 - train LLLR :0.25238 * 0.8 * 0.28185
2023-04-29 16:15:52.554 | INFO     | utils.logging:log_training_results:317 - train weight decay:1457.62854 * 0.0005 * -0.59254
2023-04-29 16:16:07.076 | INFO     | __main__:objective:356 - Starting epoch #1.
2023-04-29 16:16:19.568 | INFO     | utils.logging:log_training_results:280 - 
2023-04-29 16:16:19.568 | INFO     | utils.logging:log_training_results:281 - Global Step =    500
2023-04-29 16:16:19.569 | INFO     | utils.logging:log_training_results:282 - val mean(MacRec)_t: 0.8728566765785217
2023-04-29 16:16:19.569 | INFO     | utils.logging:log_training_results:287 - val mean ABSerr: 0.6516851186752319
2023-04-29 16:16:19.569 | INFO     | utils.logging:log_training_results:290 - val ausat from confmx: 0.9824194312095642
2023-04-29 16:16:19.570 | INFO     | utils.logging:log_training_results:301 - val MCE loss:0.95153 * 1.0 * -0.23711
2023-04-29 16:16:19.570 | INFO     | utils.logging:log_training_results:309 - val LLLR :0.24234 * 0.8 * 0.29229
2023-04-29 16:16:19.571 | INFO     | utils.logging:log_training_results:317 - val weight decay:1410.27002 * 0.0005 * -0.59562
2023-04-29 16:16:20.609 | INFO     | utils.logging:save_sdre_imgs:710 - Figures saved.
2023-04-29 16:16:20.951 | INFO     | utils.logging:log_training_results:280 - 
2023-04-29 16:16:20.951 | INFO     | utils.logging:log_training_results:281 - Global Step =    500
2023-04-29 16:16:20.952 | INFO     | utils.logging:log_training_results:282 - train mean(MacRec)_t: 0.845657467842102
2023-04-29 16:16:20.952 | INFO     | utils.logging:log_training_results:287 - train mean ABSerr: 1.3088221549987793
2023-04-29 16:16:20.952 | INFO     | utils.logging:log_training_results:290 - train ausat from confmx: 0.963942289352417
2023-04-29 16:16:20.953 | INFO     | utils.logging:log_training_results:301 - train MCE loss:0.96546 * 1.0 * -0.23716
2023-04-29 16:16:20.953 | INFO     | utils.logging:log_training_results:309 - train LLLR :0.24731 * 0.8 * 0.29233
2023-04-29 16:16:20.954 | INFO     | utils.logging:log_training_results:317 - train weight decay:1410.27002 * 0.0005 * -0.59560
2023-04-29 16:16:47.811 | INFO     | utils.logging:log_training_results:280 - 
2023-04-29 16:16:47.812 | INFO     | utils.logging:log_training_results:281 - Global Step =    750
2023-04-29 16:16:47.813 | INFO     | utils.logging:log_training_results:282 - val mean(MacRec)_t: 0.873989999294281
2023-04-29 16:16:47.813 | INFO     | utils.logging:log_training_results:287 - val mean ABSerr: 0.6599529981613159
2023-04-29 16:16:47.814 | INFO     | utils.logging:log_training_results:290 - val ausat from confmx: 0.9827067852020264
2023-04-29 16:16:47.814 | INFO     | utils.logging:log_training_results:301 - val MCE loss:0.95101 * 1.0 * -0.24998
2023-04-29 16:16:47.815 | INFO     | utils.logging:log_training_results:309 - val LLLR :0.24205 * 0.8 * 0.30224
2023-04-29 16:16:47.815 | INFO     | utils.logging:log_training_results:317 - val weight decay:1359.72595 * 0.0005 * -0.58580
2023-04-29 16:16:48.735 | INFO     | utils.logging:save_sdre_imgs:710 - Figures saved.
2023-04-29 16:16:49.076 | INFO     | utils.logging:log_training_results:280 - 
2023-04-29 16:16:49.076 | INFO     | utils.logging:log_training_results:281 - Global Step =    750
2023-04-29 16:16:49.077 | INFO     | utils.logging:log_training_results:282 - train mean(MacRec)_t: 0.8575170636177063
2023-04-29 16:16:49.077 | INFO     | utils.logging:log_training_results:287 - train mean ABSerr: 1.2023745775222778
2023-04-29 16:16:49.077 | INFO     | utils.logging:log_training_results:290 - train ausat from confmx: 0.9732675552368164
2023-04-29 16:16:49.078 | INFO     | utils.logging:log_training_results:301 - train MCE loss:0.96139 * 1.0 * -0.25003
2023-04-29 16:16:49.078 | INFO     | utils.logging:log_training_results:309 - train LLLR :0.24606 * 0.8 * 0.30228
2023-04-29 16:16:49.079 | INFO     | utils.logging:log_training_results:317 - train weight decay:1359.72595 * 0.0005 * -0.58575
2023-04-29 16:16:53.892 | INFO     | __main__:objective:356 - Starting epoch #2.
2023-04-29 16:17:16.023 | INFO     | utils.logging:log_training_results:280 - 
2023-04-29 16:17:16.023 | INFO     | utils.logging:log_training_results:281 - Global Step =   1000
2023-04-29 16:17:16.024 | INFO     | utils.logging:log_training_results:282 - val mean(MacRec)_t: 0.8741833567619324
2023-04-29 16:17:16.024 | INFO     | utils.logging:log_training_results:287 - val mean ABSerr: 0.6720799803733826
2023-04-29 16:17:16.025 | INFO     | utils.logging:log_training_results:290 - val ausat from confmx: 0.9822272658348083
2023-04-29 16:17:16.025 | INFO     | utils.logging:log_training_results:301 - val MCE loss:0.95081 * 1.0 * -0.26290
2023-04-29 16:17:16.025 | INFO     | utils.logging:log_training_results:309 - val LLLR :0.24199 * 0.8 * 0.31029
2023-04-29 16:17:16.026 | INFO     | utils.logging:log_training_results:317 - val weight decay:1305.15417 * 0.0005 * -0.57338
2023-04-29 16:17:16.945 | INFO     | utils.logging:save_sdre_imgs:710 - Figures saved.
2023-04-29 16:17:17.281 | INFO     | utils.logging:log_training_results:280 - 
2023-04-29 16:17:17.283 | INFO     | utils.logging:log_training_results:281 - Global Step =   1000
2023-04-29 16:17:17.284 | INFO     | utils.logging:log_training_results:282 - train mean(MacRec)_t: 0.835599958896637
2023-04-29 16:17:17.284 | INFO     | utils.logging:log_training_results:287 - train mean ABSerr: 1.1464450359344482
2023-04-29 16:17:17.284 | INFO     | utils.logging:log_training_results:290 - train ausat from confmx: 0.9766007661819458
2023-04-29 16:17:17.285 | INFO     | utils.logging:log_training_results:301 - train MCE loss:0.97268 * 1.0 * -0.26295
2023-04-29 16:17:17.285 | INFO     | utils.logging:log_training_results:309 - train LLLR :0.24971 * 0.8 * 0.31033
2023-04-29 16:17:17.285 | INFO     | utils.logging:log_training_results:317 - train weight decay:1305.15417 * 0.0005 * -0.57332
2023-04-29 16:17:36.461 | INFO     | __main__:objective:356 - Starting epoch #3.
2023-04-29 16:17:44.036 | INFO     | utils.logging:log_training_results:280 - 
2023-04-29 16:17:44.037 | INFO     | utils.logging:log_training_results:281 - Global Step =   1250
2023-04-29 16:17:44.038 | INFO     | utils.logging:log_training_results:282 - val mean(MacRec)_t: 0.8752667307853699
2023-04-29 16:17:44.038 | INFO     | utils.logging:log_training_results:287 - val mean ABSerr: 0.6868152022361755
2023-04-29 16:17:44.039 | INFO     | utils.logging:log_training_results:290 - val ausat from confmx: 0.9834273457527161
2023-04-29 16:17:44.039 | INFO     | utils.logging:log_training_results:301 - val MCE loss:0.95059 * 1.0 * -0.27584
2023-04-29 16:17:44.040 | INFO     | utils.logging:log_training_results:309 - val LLLR :0.24171 * 0.8 * 0.31386
2023-04-29 16:17:44.040 | INFO     | utils.logging:log_training_results:317 - val weight decay:1247.39575 * 0.0005 * -0.56029
2023-04-29 16:17:45.838 | INFO     | utils.logging:save_sdre_imgs:710 - Figures saved.
2023-04-29 16:17:46.190 | INFO     | utils.logging:log_training_results:280 - 
2023-04-29 16:17:46.190 | INFO     | utils.logging:log_training_results:281 - Global Step =   1250
2023-04-29 16:17:46.191 | INFO     | utils.logging:log_training_results:282 - train mean(MacRec)_t: 0.8398504257202148
2023-04-29 16:17:46.191 | INFO     | utils.logging:log_training_results:287 - train mean ABSerr: 1.255744218826294
2023-04-29 16:17:46.191 | INFO     | utils.logging:log_training_results:290 - train ausat from confmx: 0.9566877484321594
2023-04-29 16:17:46.192 | INFO     | utils.logging:log_training_results:301 - train MCE loss:0.96147 * 1.0 * -0.27590
2023-04-29 16:17:46.192 | INFO     | utils.logging:log_training_results:309 - train LLLR :0.24825 * 0.8 * 0.31388
2023-04-29 16:17:46.192 | INFO     | utils.logging:log_training_results:317 - train weight decay:1247.39563 * 0.0005 * -0.56024
2023-04-29 16:18:13.426 | INFO     | utils.logging:log_training_results:280 - 
2023-04-29 16:18:13.427 | INFO     | utils.logging:log_training_results:281 - Global Step =   1500
2023-04-29 16:18:13.427 | INFO     | utils.logging:log_training_results:282 - val mean(MacRec)_t: 0.8739599585533142
2023-04-29 16:18:13.428 | INFO     | utils.logging:log_training_results:287 - val mean ABSerr: 0.6840393543243408
2023-04-29 16:18:13.428 | INFO     | utils.logging:log_training_results:290 - val ausat from confmx: 0.9822443723678589
2023-04-29 16:18:13.429 | INFO     | utils.logging:log_training_results:301 - val MCE loss:0.95064 * 1.0 * -0.28883
2023-04-29 16:18:13.429 | INFO     | utils.logging:log_training_results:309 - val LLLR :0.24187 * 0.8 * 0.31351
2023-04-29 16:18:13.430 | INFO     | utils.logging:log_training_results:317 - val weight decay:1188.03149 * 0.0005 * -0.54671
2023-04-29 16:18:14.354 | INFO     | utils.logging:save_sdre_imgs:710 - Figures saved.
2023-04-29 16:18:14.696 | INFO     | utils.logging:log_training_results:280 - 
2023-04-29 16:18:14.696 | INFO     | utils.logging:log_training_results:281 - Global Step =   1500
2023-04-29 16:18:14.697 | INFO     | utils.logging:log_training_results:282 - train mean(MacRec)_t: 0.8454517722129822
2023-04-29 16:18:14.697 | INFO     | utils.logging:log_training_results:287 - train mean ABSerr: 1.105545163154602
2023-04-29 16:18:14.698 | INFO     | utils.logging:log_training_results:290 - train ausat from confmx: 0.9760448932647705
2023-04-29 16:18:14.698 | INFO     | utils.logging:log_training_results:301 - train MCE loss:0.96454 * 1.0 * -0.28888
2023-04-29 16:18:14.698 | INFO     | utils.logging:log_training_results:309 - train LLLR :0.24637 * 0.8 * 0.31352
2023-04-29 16:18:14.699 | INFO     | utils.logging:log_training_results:317 - train weight decay:1188.03149 * 0.0005 * -0.54666
2023-04-29 16:18:24.376 | INFO     | __main__:objective:356 - Starting epoch #4.
2023-04-29 16:18:41.856 | INFO     | utils.logging:log_training_results:280 - 
2023-04-29 16:18:41.857 | INFO     | utils.logging:log_training_results:281 - Global Step =   1750
2023-04-29 16:18:41.857 | INFO     | utils.logging:log_training_results:282 - val mean(MacRec)_t: 0.8754799962043762
2023-04-29 16:18:41.858 | INFO     | utils.logging:log_training_results:287 - val mean ABSerr: 0.6445512175559998
2023-04-29 16:18:41.858 | INFO     | utils.logging:log_training_results:290 - val ausat from confmx: 0.9832378625869751
2023-04-29 16:18:41.858 | INFO     | utils.logging:log_training_results:301 - val MCE loss:0.95030 * 1.0 * -0.30184
2023-04-29 16:18:41.859 | INFO     | utils.logging:log_training_results:309 - val LLLR :0.24171 * 0.8 * 0.31356
2023-04-29 16:18:41.859 | INFO     | utils.logging:log_training_results:317 - val weight decay:1128.42419 * 0.0005 * -0.53280
2023-04-29 16:18:42.807 | INFO     | utils.logging:save_sdre_imgs:710 - Figures saved.
2023-04-29 16:18:43.164 | INFO     | utils.logging:log_training_results:280 - 
2023-04-29 16:18:43.164 | INFO     | utils.logging:log_training_results:281 - Global Step =   1750
2023-04-29 16:18:43.164 | INFO     | utils.logging:log_training_results:282 - train mean(MacRec)_t: 0.8338946104049683
2023-04-29 16:18:43.165 | INFO     | utils.logging:log_training_results:287 - train mean ABSerr: 1.1373677253723145
2023-04-29 16:18:43.165 | INFO     | utils.logging:log_training_results:290 - train ausat from confmx: 0.9692572951316833
2023-04-29 16:18:43.166 | INFO     | utils.logging:log_training_results:301 - train MCE loss:0.96194 * 1.0 * -0.30190
2023-04-29 16:18:43.166 | INFO     | utils.logging:log_training_results:309 - train LLLR :0.25047 * 0.8 * 0.31364
2023-04-29 16:18:43.166 | INFO     | utils.logging:log_training_results:317 - train weight decay:1128.42419 * 0.0005 * -0.53274
2023-04-29 16:19:07.690 | INFO     | __main__:objective:356 - Starting epoch #5.
2023-04-29 16:19:10.539 | INFO     | utils.logging:log_training_results:280 - 
2023-04-29 16:19:10.539 | INFO     | utils.logging:log_training_results:281 - Global Step =   2000
2023-04-29 16:19:10.540 | INFO     | utils.logging:log_training_results:282 - val mean(MacRec)_t: 0.8750866651535034
2023-04-29 16:19:10.540 | INFO     | utils.logging:log_training_results:287 - val mean ABSerr: 0.6116928458213806
2023-04-29 16:19:10.540 | INFO     | utils.logging:log_training_results:290 - val ausat from confmx: 0.9830558896064758
2023-04-29 16:19:10.541 | INFO     | utils.logging:log_training_results:301 - val MCE loss:0.95000 * 1.0 * -0.31489
2023-04-29 16:19:10.541 | INFO     | utils.logging:log_training_results:309 - val LLLR :0.24183 * 0.8 * 0.31309
2023-04-29 16:19:10.542 | INFO     | utils.logging:log_training_results:317 - val weight decay:1069.92273 * 0.0005 * -0.51879
2023-04-29 16:19:11.468 | INFO     | utils.logging:save_sdre_imgs:710 - Figures saved.
2023-04-29 16:19:11.806 | INFO     | utils.logging:log_training_results:280 - 
2023-04-29 16:19:11.809 | INFO     | utils.logging:log_training_results:281 - Global Step =   2000
2023-04-29 16:19:11.810 | INFO     | utils.logging:log_training_results:282 - train mean(MacRec)_t: 0.8549917936325073
2023-04-29 16:19:11.812 | INFO     | utils.logging:log_training_results:287 - train mean ABSerr: 0.9949842691421509
2023-04-29 16:19:11.815 | INFO     | utils.logging:log_training_results:290 - train ausat from confmx: 0.9510216116905212
2023-04-29 16:19:11.815 | INFO     | utils.logging:log_training_results:301 - train MCE loss:0.95825 * 1.0 * -0.31494
2023-04-29 16:19:11.816 | INFO     | utils.logging:log_training_results:309 - train LLLR :0.24446 * 0.8 * 0.31308
2023-04-29 16:19:11.817 | INFO     | utils.logging:log_training_results:317 - train weight decay:1069.92261 * 0.0005 * -0.51874
2023-04-29 16:19:38.603 | INFO     | utils.logging:log_training_results:280 - 
2023-04-29 16:19:38.604 | INFO     | utils.logging:log_training_results:281 - Global Step =   2250
2023-04-29 16:19:38.605 | INFO     | utils.logging:log_training_results:282 - val mean(MacRec)_t: 0.8757299780845642
2023-04-29 16:19:38.605 | INFO     | utils.logging:log_training_results:287 - val mean ABSerr: 0.5982611179351807
2023-04-29 16:19:38.605 | INFO     | utils.logging:log_training_results:290 - val ausat from confmx: 0.9828420281410217
2023-04-29 16:19:38.606 | INFO     | utils.logging:log_training_results:301 - val MCE loss:0.94998 * 1.0 * -0.32795
2023-04-29 16:19:38.606 | INFO     | utils.logging:log_training_results:309 - val LLLR :0.24175 * 0.8 * 0.31317
2023-04-29 16:19:38.607 | INFO     | utils.logging:log_training_results:317 - val weight decay:1013.90717 * 0.0005 * -0.50494
2023-04-29 16:19:39.557 | INFO     | utils.logging:save_sdre_imgs:710 - Figures saved.
2023-04-29 16:19:39.896 | INFO     | utils.logging:log_training_results:280 - 
2023-04-29 16:19:39.898 | INFO     | utils.logging:log_training_results:281 - Global Step =   2250
2023-04-29 16:19:39.899 | INFO     | utils.logging:log_training_results:282 - train mean(MacRec)_t: 0.8664629459381104
2023-04-29 16:19:39.899 | INFO     | utils.logging:log_training_results:287 - train mean ABSerr: 0.9879038333892822
2023-04-29 16:19:39.899 | INFO     | utils.logging:log_training_results:290 - train ausat from confmx: 0.9662958979606628
2023-04-29 16:19:39.900 | INFO     | utils.logging:log_training_results:301 - train MCE loss:0.95540 * 1.0 * -0.32800
2023-04-29 16:19:39.900 | INFO     | utils.logging:log_training_results:309 - train LLLR :0.24500 * 0.8 * 0.31317
2023-04-29 16:19:39.901 | INFO     | utils.logging:log_training_results:317 - train weight decay:1013.90717 * 0.0005 * -0.50488
2023-04-29 16:19:54.236 | INFO     | __main__:objective:356 - Starting epoch #6.
2023-04-29 16:20:06.799 | INFO     | utils.logging:log_training_results:280 - 
2023-04-29 16:20:06.800 | INFO     | utils.logging:log_training_results:281 - Global Step =   2500
2023-04-29 16:20:06.800 | INFO     | utils.logging:log_training_results:282 - val mean(MacRec)_t: 0.8758700489997864
2023-04-29 16:20:06.800 | INFO     | utils.logging:log_training_results:287 - val mean ABSerr: 0.5757445693016052
2023-04-29 16:20:06.801 | INFO     | utils.logging:log_training_results:290 - val ausat from confmx: 0.9836156964302063
2023-04-29 16:20:06.801 | INFO     | utils.logging:log_training_results:301 - val MCE loss:0.94998 * 1.0 * -0.34104
2023-04-29 16:20:06.802 | INFO     | utils.logging:log_training_results:309 - val LLLR :0.24180 * 0.8 * 0.31310
2023-04-29 16:20:06.802 | INFO     | utils.logging:log_training_results:317 - val weight decay:961.39423 * 0.0005 * -0.49149
2023-04-29 16:20:07.732 | INFO     | utils.logging:save_sdre_imgs:710 - Figures saved.
2023-04-29 16:20:08.069 | INFO     | utils.logging:log_training_results:280 - 
2023-04-29 16:20:08.071 | INFO     | utils.logging:log_training_results:281 - Global Step =   2500
2023-04-29 16:20:08.072 | INFO     | utils.logging:log_training_results:282 - train mean(MacRec)_t: 0.8275658488273621
2023-04-29 16:20:08.072 | INFO     | utils.logging:log_training_results:287 - train mean ABSerr: 0.9496082067489624
2023-04-29 16:20:08.072 | INFO     | utils.logging:log_training_results:290 - train ausat from confmx: 0.9426924586296082
2023-04-29 16:20:08.073 | INFO     | utils.logging:log_training_results:301 - train MCE loss:0.96853 * 1.0 * -0.34109
2023-04-29 16:20:08.078 | INFO     | utils.logging:log_training_results:309 - train LLLR :0.24969 * 0.8 * 0.31318
2023-04-29 16:20:08.079 | INFO     | utils.logging:log_training_results:317 - train weight decay:961.39423 * 0.0005 * -0.49143
2023-04-29 16:20:34.705 | INFO     | utils.logging:log_training_results:280 - 
2023-04-29 16:20:34.706 | INFO     | utils.logging:log_training_results:281 - Global Step =   2750
2023-04-29 16:20:34.706 | INFO     | utils.logging:log_training_results:282 - val mean(MacRec)_t: 0.8754532933235168
2023-04-29 16:20:34.707 | INFO     | utils.logging:log_training_results:287 - val mean ABSerr: 0.5446902513504028
2023-04-29 16:20:34.707 | INFO     | utils.logging:log_training_results:290 - val ausat from confmx: 0.9827294945716858
2023-04-29 16:20:34.708 | INFO     | utils.logging:log_training_results:301 - val MCE loss:0.94985 * 1.0 * -0.35413
2023-04-29 16:20:34.708 | INFO     | utils.logging:log_training_results:309 - val LLLR :0.24191 * 0.8 * 0.31272
2023-04-29 16:20:34.709 | INFO     | utils.logging:log_training_results:317 - val weight decay:913.02893 * 0.0005 * -0.47866
2023-04-29 16:20:34.834 | INFO     | utils.checkpoint:update_and_save_result:168 - [36mBest value updated![0m
2023-04-29 16:20:34.850 | INFO     | utils.checkpoint:save_checkpoint:83 - [36mSaved checkpoint[0m at step 2750.
2023-04-29 16:20:34.853 | INFO     | utils.checkpoint:keep_max_num_saved_models:101 - Removed the oldest model for max_to_keep=1
2023-04-29 16:20:35.833 | INFO     | utils.logging:save_sdre_imgs:710 - Figures saved.
2023-04-29 16:20:36.171 | INFO     | utils.logging:log_training_results:280 - 
2023-04-29 16:20:36.172 | INFO     | utils.logging:log_training_results:281 - Global Step =   2750
2023-04-29 16:20:36.172 | INFO     | utils.logging:log_training_results:282 - train mean(MacRec)_t: 0.8590606451034546
2023-04-29 16:20:36.172 | INFO     | utils.logging:log_training_results:287 - train mean ABSerr: 0.9650497436523438
2023-04-29 16:20:36.173 | INFO     | utils.logging:log_training_results:290 - train ausat from confmx: 0.970009982585907
2023-04-29 16:20:36.173 | INFO     | utils.logging:log_training_results:301 - train MCE loss:0.95173 * 1.0 * -0.35419
2023-04-29 16:20:36.173 | INFO     | utils.logging:log_training_results:309 - train LLLR :0.24476 * 0.8 * 0.31272
2023-04-29 16:20:36.174 | INFO     | utils.logging:log_training_results:317 - train weight decay:913.02893 * 0.0005 * -0.47861
2023-04-29 16:20:41.003 | INFO     | __main__:objective:356 - Starting epoch #7.
2023-04-29 16:21:03.145 | INFO     | utils.logging:log_training_results:280 - 
2023-04-29 16:21:03.145 | INFO     | utils.logging:log_training_results:281 - Global Step =   3000
2023-04-29 16:21:03.146 | INFO     | utils.logging:log_training_results:282 - val mean(MacRec)_t: 0.8752066493034363
2023-04-29 16:21:03.146 | INFO     | utils.logging:log_training_results:287 - val mean ABSerr: 0.5759260654449463
2023-04-29 16:21:03.147 | INFO     | utils.logging:log_training_results:290 - val ausat from confmx: 0.9826021194458008
2023-04-29 16:21:03.147 | INFO     | utils.logging:log_training_results:301 - val MCE loss:0.94998 * 1.0 * -0.36724
2023-04-29 16:21:03.147 | INFO     | utils.logging:log_training_results:309 - val LLLR :0.24188 * 0.8 * 0.31233
2023-04-29 16:21:03.148 | INFO     | utils.logging:log_training_results:317 - val weight decay:868.99689 * 0.0005 * -0.46665
2023-04-29 16:21:04.193 | INFO     | utils.logging:save_sdre_imgs:710 - Figures saved.
2023-04-29 16:21:04.551 | INFO     | utils.logging:log_training_results:280 - 
2023-04-29 16:21:04.552 | INFO     | utils.logging:log_training_results:281 - Global Step =   3000
2023-04-29 16:21:04.552 | INFO     | utils.logging:log_training_results:282 - train mean(MacRec)_t: 0.8473623394966125
2023-04-29 16:21:04.552 | INFO     | utils.logging:log_training_results:287 - train mean ABSerr: 0.9382538795471191
2023-04-29 16:21:04.553 | INFO     | utils.logging:log_training_results:290 - train ausat from confmx: 0.9905486702919006
2023-04-29 16:21:04.553 | INFO     | utils.logging:log_training_results:301 - train MCE loss:0.96305 * 1.0 * -0.36729
2023-04-29 16:21:04.554 | INFO     | utils.logging:log_training_results:309 - train LLLR :0.24819 * 0.8 * 0.31241
2023-04-29 16:21:04.554 | INFO     | utils.logging:log_training_results:317 - train weight decay:868.99695 * 0.0005 * -0.46660
2023-04-29 16:21:23.835 | INFO     | __main__:objective:356 - Starting epoch #8.
2023-04-29 16:21:31.516 | INFO     | utils.logging:log_training_results:280 - 
2023-04-29 16:21:31.517 | INFO     | utils.logging:log_training_results:281 - Global Step =   3250
2023-04-29 16:21:31.517 | INFO     | utils.logging:log_training_results:282 - val mean(MacRec)_t: 0.875789999961853
2023-04-29 16:21:31.517 | INFO     | utils.logging:log_training_results:287 - val mean ABSerr: 0.5300443768501282
2023-04-29 16:21:31.518 | INFO     | utils.logging:log_training_results:290 - val ausat from confmx: 0.9827629923820496
2023-04-29 16:21:31.518 | INFO     | utils.logging:log_training_results:301 - val MCE loss:0.94995 * 1.0 * -0.38038
2023-04-29 16:21:31.519 | INFO     | utils.logging:log_training_results:309 - val LLLR :0.24190 * 0.8 * 0.31249
2023-04-29 16:21:31.519 | INFO     | utils.logging:log_training_results:317 - val weight decay:828.48505 * 0.0005 * -0.45539
2023-04-29 16:21:31.645 | INFO     | utils.checkpoint:update_and_save_result:168 - [36mBest value updated![0m
2023-04-29 16:21:31.660 | INFO     | utils.checkpoint:save_checkpoint:83 - [36mSaved checkpoint[0m at step 3250.
2023-04-29 16:21:31.663 | INFO     | utils.checkpoint:keep_max_num_saved_models:101 - Removed the oldest model for max_to_keep=1
2023-04-29 16:21:32.470 | INFO     | utils.logging:save_sdre_imgs:710 - Figures saved.
2023-04-29 16:21:32.812 | INFO     | utils.logging:log_training_results:280 - 
2023-04-29 16:21:32.813 | INFO     | utils.logging:log_training_results:281 - Global Step =   3250
2023-04-29 16:21:32.813 | INFO     | utils.logging:log_training_results:282 - train mean(MacRec)_t: 0.8775826096534729
2023-04-29 16:21:32.814 | INFO     | utils.logging:log_training_results:287 - train mean ABSerr: 0.9373093843460083
2023-04-29 16:21:32.814 | INFO     | utils.logging:log_training_results:290 - train ausat from confmx: 0.9574894309043884
2023-04-29 16:21:32.814 | INFO     | utils.logging:log_training_results:301 - train MCE loss:0.95820 * 1.0 * -0.38043
2023-04-29 16:21:32.815 | INFO     | utils.logging:log_training_results:309 - train LLLR :0.24068 * 0.8 * 0.31242
2023-04-29 16:21:32.815 | INFO     | utils.logging:log_training_results:317 - train weight decay:828.48505 * 0.0005 * -0.45535
2023-04-29 16:21:59.321 | INFO     | utils.logging:log_training_results:280 - 
2023-04-29 16:21:59.322 | INFO     | utils.logging:log_training_results:281 - Global Step =   3500
2023-04-29 16:21:59.322 | INFO     | utils.logging:log_training_results:282 - val mean(MacRec)_t: 0.8747866749763489
2023-04-29 16:21:59.323 | INFO     | utils.logging:log_training_results:287 - val mean ABSerr: 0.4876032769680023
2023-04-29 16:21:59.323 | INFO     | utils.logging:log_training_results:290 - val ausat from confmx: 0.9818307757377625
2023-04-29 16:21:59.324 | INFO     | utils.logging:log_training_results:301 - val MCE loss:0.94984 * 1.0 * -0.39351
2023-04-29 16:21:59.324 | INFO     | utils.logging:log_training_results:309 - val LLLR :0.24216 * 0.8 * 0.31217
2023-04-29 16:21:59.325 | INFO     | utils.logging:log_training_results:317 - val weight decay:791.15356 * 0.0005 * -0.44486
2023-04-29 16:21:59.449 | INFO     | utils.checkpoint:update_and_save_result:168 - [36mBest value updated![0m
2023-04-29 16:21:59.464 | INFO     | utils.checkpoint:save_checkpoint:83 - [36mSaved checkpoint[0m at step 3500.
2023-04-29 16:21:59.466 | INFO     | utils.checkpoint:keep_max_num_saved_models:101 - Removed the oldest model for max_to_keep=1
2023-04-29 16:22:00.279 | INFO     | utils.logging:save_sdre_imgs:710 - Figures saved.
2023-04-29 16:22:00.625 | INFO     | utils.logging:log_training_results:280 - 
2023-04-29 16:22:00.626 | INFO     | utils.logging:log_training_results:281 - Global Step =   3500
2023-04-29 16:22:00.626 | INFO     | utils.logging:log_training_results:282 - train mean(MacRec)_t: 0.8798440098762512
2023-04-29 16:22:00.626 | INFO     | utils.logging:log_training_results:287 - train mean ABSerr: 0.9261059761047363
2023-04-29 16:22:00.627 | INFO     | utils.logging:log_training_results:290 - train ausat from confmx: 0.9853765964508057
2023-04-29 16:22:00.627 | INFO     | utils.logging:log_training_results:301 - train MCE loss:0.93900 * 1.0 * -0.39357
2023-04-29 16:22:00.628 | INFO     | utils.logging:log_training_results:309 - train LLLR :0.24244 * 0.8 * 0.31214
2023-04-29 16:22:00.628 | INFO     | utils.logging:log_training_results:317 - train weight decay:791.15356 * 0.0005 * -0.44482
2023-04-29 16:22:10.141 | INFO     | __main__:objective:356 - Starting epoch #9.
2023-04-29 16:22:27.104 | INFO     | utils.logging:log_training_results:280 - 
2023-04-29 16:22:27.105 | INFO     | utils.logging:log_training_results:281 - Global Step =   3750
2023-04-29 16:22:27.105 | INFO     | utils.logging:log_training_results:282 - val mean(MacRec)_t: 0.87593674659729
2023-04-29 16:22:27.106 | INFO     | utils.logging:log_training_results:287 - val mean ABSerr: 0.46307194232940674
2023-04-29 16:22:27.106 | INFO     | utils.logging:log_training_results:290 - val ausat from confmx: 0.983441948890686
2023-04-29 16:22:27.107 | INFO     | utils.logging:log_training_results:301 - val MCE loss:0.94976 * 1.0 * -0.40666
2023-04-29 16:22:27.107 | INFO     | utils.logging:log_training_results:309 - val LLLR :0.24208 * 0.8 * 0.31246
2023-04-29 16:22:27.107 | INFO     | utils.logging:log_training_results:317 - val weight decay:756.85205 * 0.0005 * -0.43501
2023-04-29 16:22:27.230 | INFO     | utils.checkpoint:update_and_save_result:168 - [36mBest value updated![0m
2023-04-29 16:22:27.245 | INFO     | utils.checkpoint:save_checkpoint:83 - [36mSaved checkpoint[0m at step 3750.
2023-04-29 16:22:27.248 | INFO     | utils.checkpoint:keep_max_num_saved_models:101 - Removed the oldest model for max_to_keep=1
2023-04-29 16:22:28.062 | INFO     | utils.logging:save_sdre_imgs:710 - Figures saved.
2023-04-29 16:22:28.404 | INFO     | utils.logging:log_training_results:280 - 
2023-04-29 16:22:28.405 | INFO     | utils.logging:log_training_results:281 - Global Step =   3750
2023-04-29 16:22:28.405 | INFO     | utils.logging:log_training_results:282 - train mean(MacRec)_t: 0.855346143245697
2023-04-29 16:22:28.406 | INFO     | utils.logging:log_training_results:287 - train mean ABSerr: 0.86195969581604
2023-04-29 16:22:28.406 | INFO     | utils.logging:log_training_results:290 - train ausat from confmx: 0.9596073031425476
2023-04-29 16:22:28.406 | INFO     | utils.logging:log_training_results:301 - train MCE loss:0.94940 * 1.0 * -0.40671
2023-04-29 16:22:28.407 | INFO     | utils.logging:log_training_results:309 - train LLLR :0.24692 * 0.8 * 0.31251
2023-04-29 16:22:28.407 | INFO     | utils.logging:log_training_results:317 - train weight decay:756.85205 * 0.0005 * -0.43497
2023-04-29 16:22:52.166 | INFO     | utils.logging:investigate_log:155 - num_warning=0/num_error=0 in the .log file.
2023-04-29 16:22:52.374 | INFO     | optuna.study.study:_log_completed_trial:1020 - Trial 55 finished with value: 0.46307194232940674 and parameters: {'LIST_IS_POSITIONAL_ENCODING': False, 'LIST_MODEL_BACKBONE': 'Transformer', 'LIST_WEIGHT_DECAY': 0.0005, 'LIST_LEARNING_RATE': 5.559370640317737e-05, 'LIST_LLLR_VERSION': 'LLLR', 'LIST_ACTIVATION_FC': 'B2Bcbrt', 'LIST_PARAM_MULTIPLET_LOSS': 1.0, 'LIST_PARAM_LLR_LOSS': 0.8, 'LIST_IS_ADAPTIVE_LOSS': True, 'LIST_ORDER_SPRT': 2, 'LIST_OPTIMIZER': 'rmsprop', 'LIST_IS_NORMALIZE': False, 'LIST_NUM_THRESH': 1500, 'LIST_SPARSITY': 'lograndom', 'LIST_NUM_BLOCKS': 2, 'LIST_NUM_HEADS': 4, 'LIST_DROPOUT': 0.30000000000000004, 'LIST_FF_DIM': 64, 'LIST_MLP_UNITS': 64}. Best is trial 54 with value: 0.15246517956256866.
2023-04-29 16:22:52.395 | INFO     | utils.hyperparameter_tuning:suggest_parameters:560 - [33mStarting a tuning phase.[0m
2023-04-29 16:22:52.886 | INFO     | utils.hyperparameter_tuning:print:394 - 
+------------------------------------------+
|   Hyperparameteres suggested by Optuna   |
+------------------------+-----------------+
|     Parameter name     | Suggested value |
+------------------------+-----------------+
|     ACTIVATION_FC      |     B2Bcbrt     |
|        DROPOUT         |       0.4       |
|         FF_DIM         |        64       |
|    IS_ADAPTIVE_LOSS    |       True      |
|      IS_NORMALIZE      |       True      |
| IS_POSITIONAL_ENCODING |      False      |
|     LEARNING_RATE      |    2.1753e-05   |
|      LLLR_VERSION      |       LLLR      |
|       MLP_UNITS        |        64       |
|     MODEL_BACKBONE     |   Transformer   |
|       NUM_BLOCKS       |        2        |
|       NUM_HEADS        |        4        |
|       NUM_THRESH       |       1500      |
|       OPTIMIZER        |     rmsprop     |
|       ORDER_SPRT       |        3        |
|     PARAM_LLR_LOSS     |       0.9       |
|  PARAM_MULTIPLET_LOSS  |       1.0       |
|        SPARSITY        |    lograndom    |
|      WEIGHT_DECAY      |      0.0004     |
+------------------------+-----------------+
2023-04-29 16:22:52.887 | INFO     | utils.misc:create_directories_and_log:291 - [33mA new log directory was created: [0m/home/afe/Dropbox/GitHub/SPRT-TANDEM-PyTorch/logs/public_offset0_5_optimmabs_tuning/checkpoints/Transformer_20230429_162252887/configs
2023-04-29 16:22:52.888 | INFO     | utils.misc:create_directories_and_log:291 - [33mA new log directory was created: [0m/home/afe/Dropbox/GitHub/SPRT-TANDEM-PyTorch/logs/public_offset0_5_optimmabs_tuning/TensorBoard_events/Transformer_20230429_162252887
