2023-04-30 00:40:40.974 | INFO     | utils.misc:fix_random_seed:405 - Random seed is not fixed.
2023-04-30 00:40:41.001 | INFO     | models.temporal_integrators:summarize:568 - 
:'######::'########::'########::'########::::::::::::::::::::::
'##... ##: ##.... ##: ##.... ##:... ##..:::::::::::::::::::::::
 ##:::..:: ##:::: ##: ##:::: ##:::: ##:::::::::::::::::::::::::
. ######:: ########:: ########::::: ##::::'#######:::::::::::::
:..... ##: ##.....::: ##.. ##:::::: ##::::........:::::::::::::
'##::: ##: ##:::::::: ##::. ##::::: ##:::::::::::::::::::::::::
. ######:: ##:::::::: ##:::. ##:::: ##:::::::::::::::::::::::::
:......:::..:::::::::..:::::..:::::..::::::::::::::::::::::::::
'########::::'###::::'##::: ##:'########::'########:'##::::'##:
... ##..::::'## ##::: ###:: ##: ##.... ##: ##.....:: ###::'###:
::: ##:::::'##:. ##:: ####: ##: ##:::: ##: ##::::::: ####'####:
::: ##::::'##:::. ##: ## ## ##: ##:::: ##: ######::: ## ### ##:
::: ##:::: #########: ##. ####: ##:::: ##: ##...:::: ##. #: ##:
::: ##:::: ##.... ##: ##:. ###: ##:::: ##: ##::::::: ##:.:: ##:
::: ##:::: ##:::: ##: ##::. ##: ########:: ########: ##:::: ##:
:::..:::::..:::::..::..::::..::........:::........::..:::::..::

2023-04-30 00:40:41.002 | INFO     | models.temporal_integrators:summarize:571 - [34mofficial PyTorch implementation.[0m
2023-04-30 00:40:41.108 | INFO     | models.temporal_integrators:summarize:593 - Network summary:
===============================================================================================
Layer (type:depth-idx)                        Output Shape              Param #
===============================================================================================
TANDEMformer                                  [150, 50, 3, 3]           771
├─TransformerEncoder: 1-1                     [6750, 1, 128]            --
│    └─ModuleList: 2-6                        --                        (recursive)
│    │    └─TransformerEncoderLayer: 3-1      [6750, 1, 128]            74,912
├─Linear: 1-2                                 [6750, 64]                8,256
├─Dropout: 1-3                                [6750, 64]                --
├─TransformerEncoder: 1-4                     [6750, 2, 128]            (recursive)
│    └─ModuleList: 2-6                        --                        (recursive)
│    │    └─TransformerEncoderLayer: 3-2      [6750, 2, 128]            (recursive)
├─Linear: 1-5                                 [6750, 64]                (recursive)
├─Dropout: 1-6                                [6750, 64]                --
├─TransformerEncoder: 1-7                     [6750, 3, 128]            (recursive)
│    └─ModuleList: 2-6                        --                        (recursive)
│    │    └─TransformerEncoderLayer: 3-3      [6750, 3, 128]            (recursive)
├─Linear: 1-8                                 [6750, 64]                (recursive)
├─Dropout: 1-9                                [6750, 64]                --
├─TransformerEncoder: 1-10                    [6750, 4, 128]            (recursive)
│    └─ModuleList: 2-6                        --                        (recursive)
│    │    └─TransformerEncoderLayer: 3-4      [6750, 4, 128]            (recursive)
├─Linear: 1-11                                [6750, 64]                (recursive)
├─Dropout: 1-12                               [6750, 64]                --
├─TransformerEncoder: 1-13                    [6750, 5, 128]            (recursive)
│    └─ModuleList: 2-6                        --                        (recursive)
│    │    └─TransformerEncoderLayer: 3-5      [6750, 5, 128]            (recursive)
├─Linear: 1-14                                [6750, 64]                (recursive)
├─Dropout: 1-15                               [6750, 64]                --
├─TransformerEncoder: 1-16                    [6750, 6, 128]            (recursive)
│    └─ModuleList: 2-6                        --                        (recursive)
│    │    └─TransformerEncoderLayer: 3-6      [6750, 6, 128]            (recursive)
├─Linear: 1-17                                [6750, 64]                (recursive)
├─Dropout: 1-18                               [6750, 64]                --
├─GELU: 1-19                                  [6750, 64]                --
├─Linear: 1-20                                [6750, 3]                 195
├─GELU: 1-21                                  [6750, 64]                --
├─Linear: 1-22                                [6750, 3]                 (recursive)
├─GELU: 1-23                                  [6750, 64]                --
├─Linear: 1-24                                [6750, 3]                 (recursive)
├─GELU: 1-25                                  [6750, 64]                --
├─Linear: 1-26                                [6750, 3]                 (recursive)
├─GELU: 1-27                                  [6750, 64]                --
├─Linear: 1-28                                [6750, 3]                 (recursive)
├─GELU: 1-29                                  [6750, 64]                --
├─Linear: 1-30                                [6750, 3]                 (recursive)
===============================================================================================
Total params: 84,134
Trainable params: 84,134
Non-trainable params: 0
Total mult-adds (M): 342.27
===============================================================================================
Input size (MB): 3.84
Forward/backward pass size (MB): 21.71
Params size (MB): 0.03
Estimated Total Size (MB): 25.58
===============================================================================================
2023-04-30 00:40:41.109 | INFO     | models.temporal_integrators:summarize:594 - Example input shape: torch.Size([150, 50, 128])
2023-04-30 00:40:41.109 | INFO     | models.temporal_integrators:summarize:595 - Example output shape: torch.Size([150, 50, 3, 3])
2023-04-30 00:40:41.111 | INFO     | models.temporal_integrators:import_model:58 - model moved onto: [33mcuda.[0m
2023-04-30 00:40:41.112 | INFO     | models.optimizers:initialize_optimizer:44 - Optimizer:
AdamW (
Parameter Group 0
    amsgrad: False
    betas: (0.9, 0.999)
    capturable: False
    differentiable: False
    eps: 1e-08
    foreach: None
    fused: None
    lr: 0.000197447534945764
    maximize: False
    weight_decay: 0.0008
)
2023-04-30 00:40:41.113 | INFO     | datasets.data_processing:lmdb_dataloaders:293 - loading data... 
2023-04-30 00:40:41.113 | INFO     | datasets.data_processing:lmdb_dataloaders:295 - If this process takes long, consider setting is_load_onto_memory=False or use LMDBIterableDataset.
2023-04-30 00:40:43.712 | INFO     | __main__:objective:356 - Starting epoch #0.
2023-04-30 00:40:46.673 | INFO     | utils.logging:log_training_results:280 - 
2023-04-30 00:40:46.674 | INFO     | utils.logging:log_training_results:281 - Global Step =      0
2023-04-30 00:40:46.674 | INFO     | utils.logging:log_training_results:282 - val mean(MacRec)_t: 0.3404233455657959
2023-04-30 00:40:46.675 | INFO     | utils.logging:log_training_results:287 - val mean ABSerr: 3.50752592086792
2023-04-30 00:40:46.675 | INFO     | utils.logging:log_training_results:290 - val ausat from confmx: 0.3629051148891449
2023-04-30 00:40:46.676 | INFO     | utils.logging:log_training_results:301 - val MCE loss:1.10352 * 0.4 * 0.31800
2023-04-30 00:40:46.676 | INFO     | utils.logging:log_training_results:309 - val LLLR :1.14339 * 0.0 * 2.01621
2023-04-30 00:40:46.676 | INFO     | utils.logging:log_training_results:317 - val weight decay:1330.10535 * 0.0008 * 0.03992
2023-04-30 00:40:47.818 | INFO     | utils.logging:save_sdre_imgs:710 - Figures saved.
2023-04-30 00:40:48.212 | INFO     | utils.logging:log_training_results:280 - 
2023-04-30 00:40:48.212 | INFO     | utils.logging:log_training_results:281 - Global Step =      0
2023-04-30 00:40:48.213 | INFO     | utils.logging:log_training_results:282 - train mean(MacRec)_t: 0.33940690755844116
2023-04-30 00:40:48.213 | INFO     | utils.logging:log_training_results:287 - train mean ABSerr: 3.563322067260742
2023-04-30 00:40:48.213 | INFO     | utils.logging:log_training_results:290 - train ausat from confmx: 0.3891228437423706
2023-04-30 00:40:48.214 | INFO     | utils.logging:log_training_results:301 - train MCE loss:1.09839 * 0.4 * 0.31820
2023-04-30 00:40:48.214 | INFO     | utils.logging:log_training_results:309 - train LLLR :1.14643 * 0.0 * 2.01601
2023-04-30 00:40:48.215 | INFO     | utils.logging:log_training_results:317 - train weight decay:1330.10535 * 0.0008 * 0.04012
2023-04-30 00:41:18.544 | INFO     | utils.logging:log_training_results:280 - 
2023-04-30 00:41:18.545 | INFO     | utils.logging:log_training_results:281 - Global Step =    250
2023-04-30 00:41:18.545 | INFO     | utils.logging:log_training_results:282 - val mean(MacRec)_t: 0.5555567145347595
2023-04-30 00:41:18.546 | INFO     | utils.logging:log_training_results:287 - val mean ABSerr: 3.444312572479248
2023-04-30 00:41:18.546 | INFO     | utils.logging:log_training_results:290 - val ausat from confmx: 0.6430550217628479
2023-04-30 00:41:18.547 | INFO     | utils.logging:log_training_results:301 - val MCE loss:1.09087 * 0.4 * 0.36044
2023-04-30 00:41:18.547 | INFO     | utils.logging:log_training_results:309 - val LLLR :1.04459 * 0.0 * 1.97104
2023-04-30 00:41:18.547 | INFO     | utils.logging:log_training_results:317 - val weight decay:1062.98462 * 0.0008 * 0.06977
2023-04-30 00:41:18.671 | INFO     | utils.checkpoint:update_and_save_result:168 - [36mBest value updated![0m
2023-04-30 00:41:18.686 | INFO     | utils.checkpoint:save_checkpoint:83 - [36mSaved checkpoint[0m at step 250.
2023-04-30 00:41:19.528 | INFO     | utils.logging:save_sdre_imgs:710 - Figures saved.
2023-04-30 00:41:19.911 | INFO     | utils.logging:log_training_results:280 - 
2023-04-30 00:41:19.913 | INFO     | utils.logging:log_training_results:281 - Global Step =    250
2023-04-30 00:41:19.914 | INFO     | utils.logging:log_training_results:282 - train mean(MacRec)_t: 0.424191951751709
2023-04-30 00:41:19.914 | INFO     | utils.logging:log_training_results:287 - train mean ABSerr: 3.3932855129241943
2023-04-30 00:41:19.914 | INFO     | utils.logging:log_training_results:290 - train ausat from confmx: 0.4627056121826172
2023-04-30 00:41:19.915 | INFO     | utils.logging:log_training_results:301 - train MCE loss:1.09208 * 0.4 * 0.36059
2023-04-30 00:41:19.916 | INFO     | utils.logging:log_training_results:309 - train LLLR :1.06570 * 0.0 * 1.97087
2023-04-30 00:41:19.916 | INFO     | utils.logging:log_training_results:317 - train weight decay:1062.98450 * 0.0008 * 0.06985
2023-04-30 00:41:36.465 | INFO     | __main__:objective:356 - Starting epoch #1.
2023-04-30 00:41:50.479 | INFO     | utils.logging:log_training_results:280 - 
2023-04-30 00:41:50.480 | INFO     | utils.logging:log_training_results:281 - Global Step =    500
2023-04-30 00:41:50.481 | INFO     | utils.logging:log_training_results:282 - val mean(MacRec)_t: 0.7675233483314514
2023-04-30 00:41:50.481 | INFO     | utils.logging:log_training_results:287 - val mean ABSerr: 3.4243030548095703
2023-04-30 00:41:50.481 | INFO     | utils.logging:log_training_results:290 - val ausat from confmx: 0.9067844748497009
2023-04-30 00:41:50.482 | INFO     | utils.logging:log_training_results:301 - val MCE loss:1.08746 * 0.4 * 0.39105
2023-04-30 00:41:50.483 | INFO     | utils.logging:log_training_results:309 - val LLLR :1.02008 * 0.0 * 1.92710
2023-04-30 00:41:50.483 | INFO     | utils.logging:log_training_results:317 - val weight decay:958.38544 * 0.0008 * 0.08554
2023-04-30 00:41:50.611 | INFO     | utils.checkpoint:update_and_save_result:168 - [36mBest value updated![0m
2023-04-30 00:41:50.625 | INFO     | utils.checkpoint:save_checkpoint:83 - [36mSaved checkpoint[0m at step 500.
2023-04-30 00:41:50.628 | INFO     | utils.checkpoint:keep_max_num_saved_models:101 - Removed the oldest model for max_to_keep=1
2023-04-30 00:41:51.439 | INFO     | utils.logging:save_sdre_imgs:710 - Figures saved.
2023-04-30 00:41:51.798 | INFO     | utils.logging:log_training_results:280 - 
2023-04-30 00:41:51.798 | INFO     | utils.logging:log_training_results:281 - Global Step =    500
2023-04-30 00:41:51.799 | INFO     | utils.logging:log_training_results:282 - train mean(MacRec)_t: 0.6463678479194641
2023-04-30 00:41:51.799 | INFO     | utils.logging:log_training_results:287 - train mean ABSerr: 3.4314849376678467
2023-04-30 00:41:51.800 | INFO     | utils.logging:log_training_results:290 - train ausat from confmx: 0.7498492002487183
2023-04-30 00:41:51.800 | INFO     | utils.logging:log_training_results:301 - train MCE loss:1.08789 * 0.4 * 0.39116
2023-04-30 00:41:51.800 | INFO     | utils.logging:log_training_results:309 - train LLLR :1.02203 * 0.0 * 1.92693
2023-04-30 00:41:51.801 | INFO     | utils.logging:log_training_results:317 - train weight decay:958.38544 * 0.0008 * 0.08560
2023-04-30 00:42:22.269 | INFO     | utils.logging:log_training_results:280 - 
2023-04-30 00:42:22.270 | INFO     | utils.logging:log_training_results:281 - Global Step =    750
2023-04-30 00:42:22.271 | INFO     | utils.logging:log_training_results:282 - val mean(MacRec)_t: 0.830756664276123
2023-04-30 00:42:22.271 | INFO     | utils.logging:log_training_results:287 - val mean ABSerr: 3.395904541015625
2023-04-30 00:42:22.271 | INFO     | utils.logging:log_training_results:290 - val ausat from confmx: 0.9493544101715088
2023-04-30 00:42:22.272 | INFO     | utils.logging:log_training_results:301 - val MCE loss:1.08283 * 0.4 * 0.41358
2023-04-30 00:42:22.272 | INFO     | utils.logging:log_training_results:309 - val LLLR :0.98887 * 0.0 * 1.88217
2023-04-30 00:42:22.273 | INFO     | utils.logging:log_training_results:317 - val weight decay:894.17395 * 0.0008 * 0.09741
2023-04-30 00:42:22.580 | INFO     | utils.checkpoint:update_and_save_result:168 - [36mBest value updated![0m
2023-04-30 00:42:22.596 | INFO     | utils.checkpoint:save_checkpoint:83 - [36mSaved checkpoint[0m at step 750.
2023-04-30 00:42:22.600 | INFO     | utils.checkpoint:keep_max_num_saved_models:101 - Removed the oldest model for max_to_keep=1
2023-04-30 00:42:23.426 | INFO     | utils.logging:save_sdre_imgs:710 - Figures saved.
2023-04-30 00:42:23.778 | INFO     | utils.logging:log_training_results:280 - 
2023-04-30 00:42:23.779 | INFO     | utils.logging:log_training_results:281 - Global Step =    750
2023-04-30 00:42:23.779 | INFO     | utils.logging:log_training_results:282 - train mean(MacRec)_t: 0.7827898263931274
2023-04-30 00:42:23.779 | INFO     | utils.logging:log_training_results:287 - train mean ABSerr: 3.4622504711151123
2023-04-30 00:42:23.780 | INFO     | utils.logging:log_training_results:290 - train ausat from confmx: 0.9181549549102783
2023-04-30 00:42:23.780 | INFO     | utils.logging:log_training_results:301 - train MCE loss:1.08365 * 0.4 * 0.41366
2023-04-30 00:42:23.780 | INFO     | utils.logging:log_training_results:309 - train LLLR :0.99279 * 0.0 * 1.88199
2023-04-30 00:42:23.781 | INFO     | utils.logging:log_training_results:317 - train weight decay:894.17389 * 0.0008 * 0.09745
2023-04-30 00:42:29.242 | INFO     | __main__:objective:356 - Starting epoch #2.
2023-04-30 00:42:54.247 | INFO     | utils.logging:log_training_results:280 - 
2023-04-30 00:42:54.248 | INFO     | utils.logging:log_training_results:281 - Global Step =   1000
2023-04-30 00:42:54.249 | INFO     | utils.logging:log_training_results:282 - val mean(MacRec)_t: 0.8487533330917358
2023-04-30 00:42:54.249 | INFO     | utils.logging:log_training_results:287 - val mean ABSerr: 3.3379414081573486
2023-04-30 00:42:54.249 | INFO     | utils.logging:log_training_results:290 - val ausat from confmx: 0.9582058191299438
2023-04-30 00:42:54.250 | INFO     | utils.logging:log_training_results:301 - val MCE loss:1.07365 * 0.4 * 0.42985
2023-04-30 00:42:54.250 | INFO     | utils.logging:log_training_results:309 - val LLLR :0.92939 * 0.0 * 1.83610
2023-04-30 00:42:54.251 | INFO     | utils.logging:log_training_results:317 - val weight decay:846.78723 * 0.0008 * 0.10732
2023-04-30 00:42:54.377 | INFO     | utils.checkpoint:update_and_save_result:168 - [36mBest value updated![0m
2023-04-30 00:42:54.392 | INFO     | utils.checkpoint:save_checkpoint:83 - [36mSaved checkpoint[0m at step 1000.
2023-04-30 00:42:54.395 | INFO     | utils.checkpoint:keep_max_num_saved_models:101 - Removed the oldest model for max_to_keep=1
2023-04-30 00:42:55.230 | INFO     | utils.logging:save_sdre_imgs:710 - Figures saved.
2023-04-30 00:42:55.585 | INFO     | utils.logging:log_training_results:280 - 
2023-04-30 00:42:55.586 | INFO     | utils.logging:log_training_results:281 - Global Step =   1000
2023-04-30 00:42:55.586 | INFO     | utils.logging:log_training_results:282 - train mean(MacRec)_t: 0.8305891156196594
2023-04-30 00:42:55.586 | INFO     | utils.logging:log_training_results:287 - train mean ABSerr: 3.4345593452453613
2023-04-30 00:42:55.587 | INFO     | utils.logging:log_training_results:290 - train ausat from confmx: 0.9235180020332336
2023-04-30 00:42:55.587 | INFO     | utils.logging:log_training_results:301 - train MCE loss:1.07304 * 0.4 * 0.42990
2023-04-30 00:42:55.588 | INFO     | utils.logging:log_training_results:309 - train LLLR :0.92369 * 0.0 * 1.83592
2023-04-30 00:42:55.588 | INFO     | utils.logging:log_training_results:317 - train weight decay:846.78717 * 0.0008 * 0.10735
2023-04-30 00:43:17.479 | INFO     | __main__:objective:356 - Starting epoch #3.
2023-04-30 00:43:25.907 | INFO     | utils.logging:log_training_results:280 - 
2023-04-30 00:43:25.907 | INFO     | utils.logging:log_training_results:281 - Global Step =   1250
2023-04-30 00:43:25.908 | INFO     | utils.logging:log_training_results:282 - val mean(MacRec)_t: 0.8709999918937683
2023-04-30 00:43:25.908 | INFO     | utils.logging:log_training_results:287 - val mean ABSerr: 3.2105226516723633
2023-04-30 00:43:25.909 | INFO     | utils.logging:log_training_results:290 - val ausat from confmx: 0.9794178009033203
2023-04-30 00:43:25.909 | INFO     | utils.logging:log_training_results:301 - val MCE loss:1.05431 * 0.4 * 0.44066
2023-04-30 00:43:25.910 | INFO     | utils.logging:log_training_results:309 - val LLLR :0.81303 * 0.0 * 1.78894
2023-04-30 00:43:25.910 | INFO     | utils.logging:log_training_results:317 - val weight decay:807.95648 * 0.0008 * 0.11602
2023-04-30 00:43:26.030 | INFO     | utils.checkpoint:update_and_save_result:168 - [36mBest value updated![0m
2023-04-30 00:43:26.044 | INFO     | utils.checkpoint:save_checkpoint:83 - [36mSaved checkpoint[0m at step 1250.
2023-04-30 00:43:26.046 | INFO     | utils.checkpoint:keep_max_num_saved_models:101 - Removed the oldest model for max_to_keep=1
2023-04-30 00:43:26.899 | INFO     | utils.logging:save_sdre_imgs:710 - Figures saved.
2023-04-30 00:43:27.255 | INFO     | utils.logging:log_training_results:280 - 
2023-04-30 00:43:27.256 | INFO     | utils.logging:log_training_results:281 - Global Step =   1250
2023-04-30 00:43:27.256 | INFO     | utils.logging:log_training_results:282 - train mean(MacRec)_t: 0.8878391981124878
2023-04-30 00:43:27.257 | INFO     | utils.logging:log_training_results:287 - train mean ABSerr: 3.3056445121765137
2023-04-30 00:43:27.257 | INFO     | utils.logging:log_training_results:290 - train ausat from confmx: 0.9784706234931946
2023-04-30 00:43:27.258 | INFO     | utils.logging:log_training_results:301 - train MCE loss:1.05424 * 0.4 * 0.44069
2023-04-30 00:43:27.258 | INFO     | utils.logging:log_training_results:309 - train LLLR :0.80439 * 0.0 * 1.78875
2023-04-30 00:43:27.258 | INFO     | utils.logging:log_training_results:317 - train weight decay:807.95648 * 0.0008 * 0.11606
2023-04-30 00:43:57.648 | INFO     | utils.logging:log_training_results:280 - 
2023-04-30 00:43:57.649 | INFO     | utils.logging:log_training_results:281 - Global Step =   1500
2023-04-30 00:43:57.649 | INFO     | utils.logging:log_training_results:282 - val mean(MacRec)_t: 0.8732566833496094
2023-04-30 00:43:57.650 | INFO     | utils.logging:log_training_results:287 - val mean ABSerr: 2.9710543155670166
2023-04-30 00:43:57.650 | INFO     | utils.logging:log_training_results:290 - val ausat from confmx: 0.9796790480613708
2023-04-30 00:43:57.650 | INFO     | utils.logging:log_training_results:301 - val MCE loss:1.02067 * 0.4 * 0.44604
2023-04-30 00:43:57.651 | INFO     | utils.logging:log_training_results:309 - val LLLR :0.64901 * 0.0 * 1.74074
2023-04-30 00:43:57.651 | INFO     | utils.logging:log_training_results:317 - val weight decay:774.16388 * 0.0008 * 0.12392
2023-04-30 00:43:57.776 | INFO     | utils.checkpoint:update_and_save_result:168 - [36mBest value updated![0m
2023-04-30 00:43:57.790 | INFO     | utils.checkpoint:save_checkpoint:83 - [36mSaved checkpoint[0m at step 1500.
2023-04-30 00:43:57.793 | INFO     | utils.checkpoint:keep_max_num_saved_models:101 - Removed the oldest model for max_to_keep=1
2023-04-30 00:43:58.619 | INFO     | utils.logging:save_sdre_imgs:710 - Figures saved.
2023-04-30 00:43:58.962 | INFO     | utils.logging:log_training_results:280 - 
2023-04-30 00:43:58.962 | INFO     | utils.logging:log_training_results:281 - Global Step =   1500
2023-04-30 00:43:58.963 | INFO     | utils.logging:log_training_results:282 - train mean(MacRec)_t: 0.8551478385925293
2023-04-30 00:43:58.963 | INFO     | utils.logging:log_training_results:287 - train mean ABSerr: 2.8419065475463867
2023-04-30 00:43:58.963 | INFO     | utils.logging:log_training_results:290 - train ausat from confmx: 0.963934063911438
2023-04-30 00:43:58.964 | INFO     | utils.logging:log_training_results:301 - train MCE loss:1.02232 * 0.4 * 0.44605
2023-04-30 00:43:58.965 | INFO     | utils.logging:log_training_results:309 - train LLLR :0.65750 * 0.0 * 1.74055
2023-04-30 00:43:58.966 | INFO     | utils.logging:log_training_results:317 - train weight decay:774.16388 * 0.0008 * 0.12395
2023-04-30 00:44:09.988 | INFO     | __main__:objective:356 - Starting epoch #4.
2023-04-30 00:44:29.540 | INFO     | utils.logging:log_training_results:280 - 
2023-04-30 00:44:29.540 | INFO     | utils.logging:log_training_results:281 - Global Step =   1750
2023-04-30 00:44:29.541 | INFO     | utils.logging:log_training_results:282 - val mean(MacRec)_t: 0.8728232979774475
2023-04-30 00:44:29.541 | INFO     | utils.logging:log_training_results:287 - val mean ABSerr: 2.6243553161621094
2023-04-30 00:44:29.542 | INFO     | utils.logging:log_training_results:290 - val ausat from confmx: 0.9784873127937317
2023-04-30 00:44:29.542 | INFO     | utils.logging:log_training_results:301 - val MCE loss:0.97830 * 0.4 * 0.44593
2023-04-30 00:44:29.543 | INFO     | utils.logging:log_training_results:309 - val LLLR :0.50181 * 0.0 * 1.69160
2023-04-30 00:44:29.543 | INFO     | utils.logging:log_training_results:317 - val weight decay:743.54578 * 0.0008 * 0.13122
2023-04-30 00:44:29.671 | INFO     | utils.checkpoint:update_and_save_result:168 - [36mBest value updated![0m
2023-04-30 00:44:29.684 | INFO     | utils.checkpoint:save_checkpoint:83 - [36mSaved checkpoint[0m at step 1750.
2023-04-30 00:44:29.687 | INFO     | utils.checkpoint:keep_max_num_saved_models:101 - Removed the oldest model for max_to_keep=1
2023-04-30 00:44:30.706 | INFO     | utils.logging:save_sdre_imgs:710 - Figures saved.
2023-04-30 00:44:31.099 | INFO     | utils.logging:log_training_results:280 - 
2023-04-30 00:44:31.100 | INFO     | utils.logging:log_training_results:281 - Global Step =   1750
2023-04-30 00:44:31.100 | INFO     | utils.logging:log_training_results:282 - train mean(MacRec)_t: 0.874557614326477
2023-04-30 00:44:31.101 | INFO     | utils.logging:log_training_results:287 - train mean ABSerr: 2.641850233078003
2023-04-30 00:44:31.101 | INFO     | utils.logging:log_training_results:290 - train ausat from confmx: 0.9719427227973938
2023-04-30 00:44:31.102 | INFO     | utils.logging:log_training_results:301 - train MCE loss:0.97770 * 0.4 * 0.44592
2023-04-30 00:44:31.103 | INFO     | utils.logging:log_training_results:309 - train LLLR :0.50541 * 0.0 * 1.69140
2023-04-30 00:44:31.104 | INFO     | utils.logging:log_training_results:317 - train weight decay:743.54578 * 0.0008 * 0.13125
2023-04-30 00:44:59.195 | INFO     | __main__:objective:356 - Starting epoch #5.
2023-04-30 00:45:02.195 | INFO     | utils.logging:log_training_results:280 - 
2023-04-30 00:45:02.196 | INFO     | utils.logging:log_training_results:281 - Global Step =   2000
2023-04-30 00:45:02.196 | INFO     | utils.logging:log_training_results:282 - val mean(MacRec)_t: 0.8755499720573425
2023-04-30 00:45:02.197 | INFO     | utils.logging:log_training_results:287 - val mean ABSerr: 2.243621826171875
2023-04-30 00:45:02.197 | INFO     | utils.logging:log_training_results:290 - val ausat from confmx: 0.9824938774108887
2023-04-30 00:45:02.198 | INFO     | utils.logging:log_training_results:301 - val MCE loss:0.94048 * 0.4 * 0.44143
2023-04-30 00:45:02.198 | INFO     | utils.logging:log_training_results:309 - val LLLR :0.40804 * 0.0 * 1.64159
2023-04-30 00:45:02.198 | INFO     | utils.logging:log_training_results:317 - val weight decay:714.75366 * 0.0008 * 0.13808
2023-04-30 00:45:02.332 | INFO     | utils.checkpoint:update_and_save_result:168 - [36mBest value updated![0m
2023-04-30 00:45:02.347 | INFO     | utils.checkpoint:save_checkpoint:83 - [36mSaved checkpoint[0m at step 2000.
2023-04-30 00:45:02.350 | INFO     | utils.checkpoint:keep_max_num_saved_models:101 - Removed the oldest model for max_to_keep=1
2023-04-30 00:45:03.180 | INFO     | utils.logging:save_sdre_imgs:710 - Figures saved.
2023-04-30 00:45:03.545 | INFO     | utils.logging:log_training_results:280 - 
2023-04-30 00:45:03.546 | INFO     | utils.logging:log_training_results:281 - Global Step =   2000
2023-04-30 00:45:03.546 | INFO     | utils.logging:log_training_results:282 - train mean(MacRec)_t: 0.8492923378944397
2023-04-30 00:45:03.546 | INFO     | utils.logging:log_training_results:287 - train mean ABSerr: 2.212571620941162
2023-04-30 00:45:03.547 | INFO     | utils.logging:log_training_results:290 - train ausat from confmx: 0.964018702507019
2023-04-30 00:45:03.547 | INFO     | utils.logging:log_training_results:301 - train MCE loss:0.94150 * 0.4 * 0.44141
2023-04-30 00:45:03.548 | INFO     | utils.logging:log_training_results:309 - train LLLR :0.44629 * 0.0 * 1.64139
2023-04-30 00:45:03.548 | INFO     | utils.logging:log_training_results:317 - train weight decay:714.75366 * 0.0008 * 0.13810
2023-04-30 00:45:34.436 | INFO     | utils.logging:log_training_results:280 - 
2023-04-30 00:45:34.437 | INFO     | utils.logging:log_training_results:281 - Global Step =   2250
2023-04-30 00:45:34.438 | INFO     | utils.logging:log_training_results:282 - val mean(MacRec)_t: 0.8756033182144165
2023-04-30 00:45:34.438 | INFO     | utils.logging:log_training_results:287 - val mean ABSerr: 1.8590474128723145
2023-04-30 00:45:34.439 | INFO     | utils.logging:log_training_results:290 - val ausat from confmx: 0.9832074046134949
2023-04-30 00:45:34.439 | INFO     | utils.logging:log_training_results:301 - val MCE loss:0.91046 * 0.4 * 0.43465
2023-04-30 00:45:34.441 | INFO     | utils.logging:log_training_results:309 - val LLLR :0.35585 * 0.0 * 1.59079
2023-04-30 00:45:34.441 | INFO     | utils.logging:log_training_results:317 - val weight decay:687.05695 * 0.0008 * 0.14458
2023-04-30 00:45:34.578 | INFO     | utils.checkpoint:update_and_save_result:168 - [36mBest value updated![0m
2023-04-30 00:45:34.592 | INFO     | utils.checkpoint:save_checkpoint:83 - [36mSaved checkpoint[0m at step 2250.
2023-04-30 00:45:34.595 | INFO     | utils.checkpoint:keep_max_num_saved_models:101 - Removed the oldest model for max_to_keep=1
2023-04-30 00:45:35.437 | INFO     | utils.logging:save_sdre_imgs:710 - Figures saved.
2023-04-30 00:45:35.795 | INFO     | utils.logging:log_training_results:280 - 
2023-04-30 00:45:35.796 | INFO     | utils.logging:log_training_results:281 - Global Step =   2250
2023-04-30 00:45:35.796 | INFO     | utils.logging:log_training_results:282 - train mean(MacRec)_t: 0.83648282289505
2023-04-30 00:45:35.797 | INFO     | utils.logging:log_training_results:287 - train mean ABSerr: 1.8721673488616943
2023-04-30 00:45:35.797 | INFO     | utils.logging:log_training_results:290 - train ausat from confmx: 0.9767172932624817
2023-04-30 00:45:35.797 | INFO     | utils.logging:log_training_results:301 - train MCE loss:0.91257 * 0.4 * 0.43462
2023-04-30 00:45:35.798 | INFO     | utils.logging:log_training_results:309 - train LLLR :0.40762 * 0.0 * 1.59059
2023-04-30 00:45:35.798 | INFO     | utils.logging:log_training_results:317 - train weight decay:687.05695 * 0.0008 * 0.14460
2023-04-30 00:45:52.445 | INFO     | __main__:objective:356 - Starting epoch #6.
2023-04-30 00:46:06.500 | INFO     | utils.logging:log_training_results:280 - 
2023-04-30 00:46:06.501 | INFO     | utils.logging:log_training_results:281 - Global Step =   2500
2023-04-30 00:46:06.501 | INFO     | utils.logging:log_training_results:282 - val mean(MacRec)_t: 0.8755000233650208
2023-04-30 00:46:06.502 | INFO     | utils.logging:log_training_results:287 - val mean ABSerr: 1.4169186353683472
2023-04-30 00:46:06.502 | INFO     | utils.logging:log_training_results:290 - val ausat from confmx: 0.9828569293022156
2023-04-30 00:46:06.503 | INFO     | utils.logging:log_training_results:301 - val MCE loss:0.88538 * 0.4 * 0.42731
2023-04-30 00:46:06.503 | INFO     | utils.logging:log_training_results:309 - val LLLR :0.32262 * 0.0 * 1.53925
2023-04-30 00:46:06.503 | INFO     | utils.logging:log_training_results:317 - val weight decay:660.12793 * 0.0008 * 0.15079
2023-04-30 00:46:06.633 | INFO     | utils.checkpoint:update_and_save_result:168 - [36mBest value updated![0m
2023-04-30 00:46:06.649 | INFO     | utils.checkpoint:save_checkpoint:83 - [36mSaved checkpoint[0m at step 2500.
2023-04-30 00:46:06.652 | INFO     | utils.checkpoint:keep_max_num_saved_models:101 - Removed the oldest model for max_to_keep=1
2023-04-30 00:46:07.517 | INFO     | utils.logging:save_sdre_imgs:710 - Figures saved.
2023-04-30 00:46:07.877 | INFO     | utils.logging:log_training_results:280 - 
2023-04-30 00:46:07.878 | INFO     | utils.logging:log_training_results:281 - Global Step =   2500
2023-04-30 00:46:07.878 | INFO     | utils.logging:log_training_results:282 - train mean(MacRec)_t: 0.863330066204071
2023-04-30 00:46:07.878 | INFO     | utils.logging:log_training_results:287 - train mean ABSerr: 1.4758483171463013
2023-04-30 00:46:07.879 | INFO     | utils.logging:log_training_results:290 - train ausat from confmx: 0.983199954032898
2023-04-30 00:46:07.879 | INFO     | utils.logging:log_training_results:301 - train MCE loss:0.89366 * 0.4 * 0.42728
2023-04-30 00:46:07.880 | INFO     | utils.logging:log_training_results:309 - train LLLR :0.34440 * 0.0 * 1.53904
2023-04-30 00:46:07.880 | INFO     | utils.logging:log_training_results:317 - train weight decay:660.12793 * 0.0008 * 0.15082
2023-04-30 00:46:38.467 | INFO     | utils.logging:log_training_results:280 - 
2023-04-30 00:46:38.467 | INFO     | utils.logging:log_training_results:281 - Global Step =   2750
2023-04-30 00:46:38.468 | INFO     | utils.logging:log_training_results:282 - val mean(MacRec)_t: 0.8760466575622559
2023-04-30 00:46:38.468 | INFO     | utils.logging:log_training_results:287 - val mean ABSerr: 1.218671202659607
2023-04-30 00:46:38.469 | INFO     | utils.logging:log_training_results:290 - val ausat from confmx: 0.9836838841438293
2023-04-30 00:46:38.469 | INFO     | utils.logging:log_training_results:301 - val MCE loss:0.87655 * 0.4 * 0.42186
2023-04-30 00:46:38.470 | INFO     | utils.logging:log_training_results:309 - val LLLR :0.31205 * 0.0 * 1.48701
2023-04-30 00:46:38.470 | INFO     | utils.logging:log_training_results:317 - val weight decay:633.15186 * 0.0008 * 0.15677
2023-04-30 00:46:38.599 | INFO     | utils.checkpoint:update_and_save_result:168 - [36mBest value updated![0m
2023-04-30 00:46:38.616 | INFO     | utils.checkpoint:save_checkpoint:83 - [36mSaved checkpoint[0m at step 2750.
2023-04-30 00:46:38.618 | INFO     | utils.checkpoint:keep_max_num_saved_models:101 - Removed the oldest model for max_to_keep=1
2023-04-30 00:46:39.439 | INFO     | utils.logging:save_sdre_imgs:710 - Figures saved.
2023-04-30 00:46:39.801 | INFO     | utils.logging:log_training_results:280 - 
2023-04-30 00:46:39.801 | INFO     | utils.logging:log_training_results:281 - Global Step =   2750
2023-04-30 00:46:39.802 | INFO     | utils.logging:log_training_results:282 - train mean(MacRec)_t: 0.8857000470161438
2023-04-30 00:46:39.802 | INFO     | utils.logging:log_training_results:287 - train mean ABSerr: 1.2612483501434326
2023-04-30 00:46:39.802 | INFO     | utils.logging:log_training_results:290 - train ausat from confmx: 0.9846376180648804
2023-04-30 00:46:39.804 | INFO     | utils.logging:log_training_results:301 - train MCE loss:0.87515 * 0.4 * 0.42185
2023-04-30 00:46:39.804 | INFO     | utils.logging:log_training_results:309 - train LLLR :0.30299 * 0.0 * 1.48680
2023-04-30 00:46:39.805 | INFO     | utils.logging:log_training_results:317 - train weight decay:633.15186 * 0.0008 * 0.15679
2023-04-30 00:46:45.325 | INFO     | __main__:objective:356 - Starting epoch #7.
2023-04-30 00:47:10.467 | INFO     | utils.logging:log_training_results:280 - 
2023-04-30 00:47:10.468 | INFO     | utils.logging:log_training_results:281 - Global Step =   3000
2023-04-30 00:47:10.468 | INFO     | utils.logging:log_training_results:282 - val mean(MacRec)_t: 0.8764199614524841
2023-04-30 00:47:10.469 | INFO     | utils.logging:log_training_results:287 - val mean ABSerr: 1.0391141176223755
2023-04-30 00:47:10.469 | INFO     | utils.logging:log_training_results:290 - val ausat from confmx: 0.9834116101264954
2023-04-30 00:47:10.470 | INFO     | utils.logging:log_training_results:301 - val MCE loss:0.87011 * 0.4 * 0.41858
2023-04-30 00:47:10.470 | INFO     | utils.logging:log_training_results:309 - val LLLR :0.30533 * 0.0 * 1.43412
2023-04-30 00:47:10.470 | INFO     | utils.logging:log_training_results:317 - val weight decay:606.72656 * 0.0008 * 0.16253
2023-04-30 00:47:10.596 | INFO     | utils.checkpoint:update_and_save_result:168 - [36mBest value updated![0m
2023-04-30 00:47:10.610 | INFO     | utils.checkpoint:save_checkpoint:83 - [36mSaved checkpoint[0m at step 3000.
2023-04-30 00:47:10.613 | INFO     | utils.checkpoint:keep_max_num_saved_models:101 - Removed the oldest model for max_to_keep=1
2023-04-30 00:47:11.429 | INFO     | utils.logging:save_sdre_imgs:710 - Figures saved.
2023-04-30 00:47:11.798 | INFO     | utils.logging:log_training_results:280 - 
2023-04-30 00:47:11.798 | INFO     | utils.logging:log_training_results:281 - Global Step =   3000
2023-04-30 00:47:11.799 | INFO     | utils.logging:log_training_results:282 - train mean(MacRec)_t: 0.8693071007728577
2023-04-30 00:47:11.799 | INFO     | utils.logging:log_training_results:287 - train mean ABSerr: 1.1004714965820312
2023-04-30 00:47:11.799 | INFO     | utils.logging:log_training_results:290 - train ausat from confmx: 0.9626216292381287
2023-04-30 00:47:11.800 | INFO     | utils.logging:log_training_results:301 - train MCE loss:0.87550 * 0.4 * 0.41857
2023-04-30 00:47:11.800 | INFO     | utils.logging:log_training_results:309 - train LLLR :0.32827 * 0.0 * 1.43391
2023-04-30 00:47:11.801 | INFO     | utils.logging:log_training_results:317 - train weight decay:606.72656 * 0.0008 * 0.16256
2023-04-30 00:47:33.926 | INFO     | __main__:objective:356 - Starting epoch #8.
2023-04-30 00:47:42.455 | INFO     | utils.logging:log_training_results:280 - 
2023-04-30 00:47:42.456 | INFO     | utils.logging:log_training_results:281 - Global Step =   3250
2023-04-30 00:47:42.456 | INFO     | utils.logging:log_training_results:282 - val mean(MacRec)_t: 0.8760266900062561
2023-04-30 00:47:42.457 | INFO     | utils.logging:log_training_results:287 - val mean ABSerr: 0.9385379552841187
2023-04-30 00:47:42.457 | INFO     | utils.logging:log_training_results:290 - val ausat from confmx: 0.9837105870246887
2023-04-30 00:47:42.457 | INFO     | utils.logging:log_training_results:301 - val MCE loss:0.86727 * 0.4 * 0.41706
2023-04-30 00:47:42.458 | INFO     | utils.logging:log_training_results:309 - val LLLR :0.30311 * 0.0 * 1.38063
2023-04-30 00:47:42.458 | INFO     | utils.logging:log_training_results:317 - val weight decay:580.62677 * 0.0008 * 0.16812
2023-04-30 00:47:42.586 | INFO     | utils.checkpoint:update_and_save_result:168 - [36mBest value updated![0m
2023-04-30 00:47:42.599 | INFO     | utils.checkpoint:save_checkpoint:83 - [36mSaved checkpoint[0m at step 3250.
2023-04-30 00:47:42.602 | INFO     | utils.checkpoint:keep_max_num_saved_models:101 - Removed the oldest model for max_to_keep=1
2023-04-30 00:47:43.407 | INFO     | utils.logging:save_sdre_imgs:710 - Figures saved.
2023-04-30 00:47:43.784 | INFO     | utils.logging:log_training_results:280 - 
2023-04-30 00:47:43.784 | INFO     | utils.logging:log_training_results:281 - Global Step =   3250
2023-04-30 00:47:43.784 | INFO     | utils.logging:log_training_results:282 - train mean(MacRec)_t: 0.8572066426277161
2023-04-30 00:47:43.785 | INFO     | utils.logging:log_training_results:287 - train mean ABSerr: 1.1147432327270508
2023-04-30 00:47:43.785 | INFO     | utils.logging:log_training_results:290 - train ausat from confmx: 0.9637768268585205
2023-04-30 00:47:43.786 | INFO     | utils.logging:log_training_results:301 - train MCE loss:0.88239 * 0.4 * 0.41706
2023-04-30 00:47:43.786 | INFO     | utils.logging:log_training_results:309 - train LLLR :0.37221 * 0.0 * 1.38042
2023-04-30 00:47:43.786 | INFO     | utils.logging:log_training_results:317 - train weight decay:580.62677 * 0.0008 * 0.16814
2023-04-30 00:48:14.488 | INFO     | utils.logging:log_training_results:280 - 
2023-04-30 00:48:14.489 | INFO     | utils.logging:log_training_results:281 - Global Step =   3500
2023-04-30 00:48:14.489 | INFO     | utils.logging:log_training_results:282 - val mean(MacRec)_t: 0.8761799335479736
2023-04-30 00:48:14.489 | INFO     | utils.logging:log_training_results:287 - val mean ABSerr: 0.8480938673019409
2023-04-30 00:48:14.490 | INFO     | utils.logging:log_training_results:290 - val ausat from confmx: 0.982978105545044
2023-04-30 00:48:14.490 | INFO     | utils.logging:log_training_results:301 - val MCE loss:0.86465 * 0.4 * 0.41615
2023-04-30 00:48:14.491 | INFO     | utils.logging:log_training_results:309 - val LLLR :0.30023 * 0.0 * 1.32657
2023-04-30 00:48:14.491 | INFO     | utils.logging:log_training_results:317 - val weight decay:554.94897 * 0.0008 * 0.17354
2023-04-30 00:48:14.623 | INFO     | utils.checkpoint:update_and_save_result:168 - [36mBest value updated![0m
2023-04-30 00:48:14.641 | INFO     | utils.checkpoint:save_checkpoint:83 - [36mSaved checkpoint[0m at step 3500.
2023-04-30 00:48:14.644 | INFO     | utils.checkpoint:keep_max_num_saved_models:101 - Removed the oldest model for max_to_keep=1
2023-04-30 00:48:15.670 | INFO     | utils.logging:save_sdre_imgs:710 - Figures saved.
2023-04-30 00:48:16.026 | INFO     | utils.logging:log_training_results:280 - 
2023-04-30 00:48:16.026 | INFO     | utils.logging:log_training_results:281 - Global Step =   3500
2023-04-30 00:48:16.027 | INFO     | utils.logging:log_training_results:282 - train mean(MacRec)_t: 0.8449416756629944
2023-04-30 00:48:16.027 | INFO     | utils.logging:log_training_results:287 - train mean ABSerr: 0.9564871191978455
2023-04-30 00:48:16.028 | INFO     | utils.logging:log_training_results:290 - train ausat from confmx: 0.970257580280304
2023-04-30 00:48:16.028 | INFO     | utils.logging:log_training_results:301 - train MCE loss:0.86735 * 0.4 * 0.41614
2023-04-30 00:48:16.029 | INFO     | utils.logging:log_training_results:309 - train LLLR :0.35045 * 0.0 * 1.32635
2023-04-30 00:48:16.029 | INFO     | utils.logging:log_training_results:317 - train weight decay:554.94897 * 0.0008 * 0.17356
2023-04-30 00:48:27.179 | INFO     | __main__:objective:356 - Starting epoch #9.
2023-04-30 00:48:46.838 | INFO     | utils.logging:log_training_results:280 - 
2023-04-30 00:48:46.839 | INFO     | utils.logging:log_training_results:281 - Global Step =   3750
2023-04-30 00:48:46.840 | INFO     | utils.logging:log_training_results:282 - val mean(MacRec)_t: 0.8757766485214233
2023-04-30 00:48:46.840 | INFO     | utils.logging:log_training_results:287 - val mean ABSerr: 0.804930567741394
2023-04-30 00:48:46.840 | INFO     | utils.logging:log_training_results:290 - val ausat from confmx: 0.9828993082046509
2023-04-30 00:48:46.841 | INFO     | utils.logging:log_training_results:301 - val MCE loss:0.86366 * 0.4 * 0.41575
2023-04-30 00:48:46.841 | INFO     | utils.logging:log_training_results:309 - val LLLR :0.30005 * 0.0 * 1.27195
2023-04-30 00:48:46.841 | INFO     | utils.logging:log_training_results:317 - val weight decay:529.58887 * 0.0008 * 0.17881
2023-04-30 00:48:46.968 | INFO     | utils.checkpoint:update_and_save_result:168 - [36mBest value updated![0m
2023-04-30 00:48:46.985 | INFO     | utils.checkpoint:save_checkpoint:83 - [36mSaved checkpoint[0m at step 3750.
2023-04-30 00:48:46.988 | INFO     | utils.checkpoint:keep_max_num_saved_models:101 - Removed the oldest model for max_to_keep=1
2023-04-30 00:48:47.822 | INFO     | utils.logging:save_sdre_imgs:710 - Figures saved.
2023-04-30 00:48:48.184 | INFO     | utils.logging:log_training_results:280 - 
2023-04-30 00:48:48.185 | INFO     | utils.logging:log_training_results:281 - Global Step =   3750
2023-04-30 00:48:48.185 | INFO     | utils.logging:log_training_results:282 - train mean(MacRec)_t: 0.8775579929351807
2023-04-30 00:48:48.186 | INFO     | utils.logging:log_training_results:287 - train mean ABSerr: 0.9896754622459412
2023-04-30 00:48:48.186 | INFO     | utils.logging:log_training_results:290 - train ausat from confmx: 0.9970177412033081
2023-04-30 00:48:48.186 | INFO     | utils.logging:log_training_results:301 - train MCE loss:0.85552 * 0.4 * 0.41574
2023-04-30 00:48:48.187 | INFO     | utils.logging:log_training_results:309 - train LLLR :0.31058 * 0.0 * 1.27173
2023-04-30 00:48:48.187 | INFO     | utils.logging:log_training_results:317 - train weight decay:529.58887 * 0.0008 * 0.17883
2023-04-30 00:49:15.864 | INFO     | utils.logging:investigate_log:155 - num_warning=0/num_error=0 in the .log file.
2023-04-30 00:49:16.058 | INFO     | optuna.study.study:_log_completed_trial:1020 - Trial 82 finished with value: 0.804930567741394 and parameters: {'LIST_IS_POSITIONAL_ENCODING': False, 'LIST_MODEL_BACKBONE': 'Transformer', 'LIST_WEIGHT_DECAY': 0.0008, 'LIST_LEARNING_RATE': 0.000197447534945764, 'LIST_LLLR_VERSION': 'LSEL', 'LIST_ACTIVATION_FC': 'gelu', 'LIST_PARAM_MULTIPLET_LOSS': 0.4, 'LIST_PARAM_LLR_LOSS': 0.0, 'LIST_IS_ADAPTIVE_LOSS': True, 'LIST_ORDER_SPRT': 5, 'LIST_OPTIMIZER': 'adam', 'LIST_IS_NORMALIZE': False, 'LIST_NUM_THRESH': 1500, 'LIST_SPARSITY': 'unirandom', 'LIST_NUM_BLOCKS': 1, 'LIST_NUM_HEADS': 4, 'LIST_DROPOUT': 0.2, 'LIST_FF_DIM': 32, 'LIST_MLP_UNITS': 64}. Best is trial 77 with value: 0.14105641841888428.
2023-04-30 00:49:16.078 | INFO     | utils.hyperparameter_tuning:suggest_parameters:560 - [33mStarting a tuning phase.[0m
2023-04-30 00:49:16.593 | INFO     | utils.hyperparameter_tuning:print:394 - 
+------------------------------------------+
|   Hyperparameteres suggested by Optuna   |
+------------------------+-----------------+
|     Parameter name     | Suggested value |
+------------------------+-----------------+
|     ACTIVATION_FC      |       gelu      |
|        DROPOUT         |       0.2       |
|         FF_DIM         |        32       |
|    IS_ADAPTIVE_LOSS    |       True      |
|      IS_NORMALIZE      |      False      |
| IS_POSITIONAL_ENCODING |      False      |
|     LEARNING_RATE      |    0.00014787   |
|      LLLR_VERSION      |       LSEL      |
|       MLP_UNITS        |        64       |
|     MODEL_BACKBONE     |   Transformer   |
|       NUM_BLOCKS       |        1        |
|       NUM_HEADS        |        4        |
|       NUM_THRESH       |       1500      |
|       OPTIMIZER        |       adam      |
|       ORDER_SPRT       |        5        |
|     PARAM_LLR_LOSS     |       0.0       |
|  PARAM_MULTIPLET_LOSS  |       0.4       |
|        SPARSITY        |    unirandom    |
|      WEIGHT_DECAY      |      0.0007     |
+------------------------+-----------------+
2023-04-30 00:49:16.594 | INFO     | utils.misc:create_directories_and_log:291 - [33mA new log directory was created: [0m/home/afe/Dropbox/GitHub/SPRT-TANDEM-PyTorch/logs/public_offset0_5_optimmabs_tuning/checkpoints/Transformer_20230430_004916594/configs
2023-04-30 00:49:16.595 | INFO     | utils.misc:create_directories_and_log:291 - [33mA new log directory was created: [0m/home/afe/Dropbox/GitHub/SPRT-TANDEM-PyTorch/logs/public_offset0_5_optimmabs_tuning/TensorBoard_events/Transformer_20230430_004916594
