2023-04-29 17:24:25.508 | INFO     | utils.misc:fix_random_seed:405 - Random seed is not fixed.
2023-04-29 17:24:25.540 | INFO     | models.temporal_integrators:summarize:568 - 
:'######::'########::'########::'########::::::::::::::::::::::
'##... ##: ##.... ##: ##.... ##:... ##..:::::::::::::::::::::::
 ##:::..:: ##:::: ##: ##:::: ##:::: ##:::::::::::::::::::::::::
. ######:: ########:: ########::::: ##::::'#######:::::::::::::
:..... ##: ##.....::: ##.. ##:::::: ##::::........:::::::::::::
'##::: ##: ##:::::::: ##::. ##::::: ##:::::::::::::::::::::::::
. ######:: ##:::::::: ##:::. ##:::: ##:::::::::::::::::::::::::
:......:::..:::::::::..:::::..:::::..::::::::::::::::::::::::::
'########::::'###::::'##::: ##:'########::'########:'##::::'##:
... ##..::::'## ##::: ###:: ##: ##.... ##: ##.....:: ###::'###:
::: ##:::::'##:. ##:: ####: ##: ##:::: ##: ##::::::: ####'####:
::: ##::::'##:::. ##: ## ## ##: ##:::: ##: ######::: ## ### ##:
::: ##:::: #########: ##. ####: ##:::: ##: ##...:::: ##. #: ##:
::: ##:::: ##.... ##: ##:. ###: ##:::: ##: ##::::::: ##:.:: ##:
::: ##:::: ##:::: ##: ##::. ##: ########:: ########: ##:::: ##:
:::..:::::..:::::..::..::::..::........:::........::..:::::..::

2023-04-29 17:24:25.541 | INFO     | models.temporal_integrators:summarize:571 - [34mofficial PyTorch implementation.[0m
2023-04-29 17:24:26.106 | INFO     | models.temporal_integrators:summarize:593 - Network summary:
===============================================================================================
Layer (type:depth-idx)                        Output Shape              Param #
===============================================================================================
TANDEMformer                                  [150, 50, 3, 3]           515
├─TransformerEncoder: 1-1                     [7050, 1, 128]            --
│    └─ModuleList: 2-4                        --                        (recursive)
│    │    └─TransformerEncoderLayer: 3-1      [7050, 1, 128]            83,136
│    │    └─TransformerEncoderLayer: 3-2      [7050, 1, 128]            83,136
├─Linear: 1-2                                 [7050, 64]                8,256
├─Dropout: 1-3                                [7050, 64]                --
├─TransformerEncoder: 1-4                     [7050, 2, 128]            (recursive)
│    └─ModuleList: 2-4                        --                        (recursive)
│    │    └─TransformerEncoderLayer: 3-3      [7050, 2, 128]            (recursive)
│    │    └─TransformerEncoderLayer: 3-4      [7050, 2, 128]            (recursive)
├─Linear: 1-5                                 [7050, 64]                (recursive)
├─Dropout: 1-6                                [7050, 64]                --
├─TransformerEncoder: 1-7                     [7050, 3, 128]            (recursive)
│    └─ModuleList: 2-4                        --                        (recursive)
│    │    └─TransformerEncoderLayer: 3-5      [7050, 3, 128]            (recursive)
│    │    └─TransformerEncoderLayer: 3-6      [7050, 3, 128]            (recursive)
├─Linear: 1-8                                 [7050, 64]                (recursive)
├─Dropout: 1-9                                [7050, 64]                --
├─TransformerEncoder: 1-10                    [7050, 4, 128]            (recursive)
│    └─ModuleList: 2-4                        --                        (recursive)
│    │    └─TransformerEncoderLayer: 3-7      [7050, 4, 128]            (recursive)
│    │    └─TransformerEncoderLayer: 3-8      [7050, 4, 128]            (recursive)
├─Linear: 1-11                                [7050, 64]                (recursive)
├─Dropout: 1-12                               [7050, 64]                --
├─Linear: 1-13                                [7050, 3]                 195
├─Linear: 1-14                                [7050, 3]                 (recursive)
├─Linear: 1-15                                [7050, 3]                 (recursive)
├─Linear: 1-16                                [7050, 3]                 (recursive)
===============================================================================================
Total params: 175,238
Trainable params: 175,238
Non-trainable params: 0
Total mult-adds (G): 1.20
===============================================================================================
Input size (MB): 3.84
Forward/backward pass size (MB): 520.46
Params size (MB): 0.17
Estimated Total Size (MB): 524.47
===============================================================================================
2023-04-29 17:24:26.107 | INFO     | models.temporal_integrators:summarize:594 - Example input shape: torch.Size([150, 50, 128])
2023-04-29 17:24:26.107 | INFO     | models.temporal_integrators:summarize:595 - Example output shape: torch.Size([150, 50, 3, 3])
2023-04-29 17:24:26.110 | INFO     | models.temporal_integrators:import_model:58 - model moved onto: [33mcuda.[0m
2023-04-29 17:24:26.112 | INFO     | models.optimizers:initialize_optimizer:44 - Optimizer:
RMSprop (
Parameter Group 0
    alpha: 0.99
    centered: False
    differentiable: False
    eps: 1e-08
    foreach: None
    lr: 1.443431810766235e-05
    maximize: False
    momentum: 0
    weight_decay: 0.0004
)
2023-04-29 17:24:26.113 | INFO     | datasets.data_processing:lmdb_dataloaders:293 - loading data... 
2023-04-29 17:24:26.115 | INFO     | datasets.data_processing:lmdb_dataloaders:295 - If this process takes long, consider setting is_load_onto_memory=False or use LMDBIterableDataset.
2023-04-29 17:24:29.158 | INFO     | __main__:objective:356 - Starting epoch #0.
2023-04-29 17:24:41.355 | INFO     | utils.logging:log_training_results:280 - 
2023-04-29 17:24:41.356 | INFO     | utils.logging:log_training_results:281 - Global Step =      0
2023-04-29 17:24:41.356 | INFO     | utils.logging:log_training_results:282 - val mean(MacRec)_t: 0.3761266767978668
2023-04-29 17:24:41.357 | INFO     | utils.logging:log_training_results:287 - val mean ABSerr: 3.472168445587158
2023-04-29 17:24:41.357 | INFO     | utils.logging:log_training_results:290 - val ausat from confmx: 0.3877710998058319
2023-04-29 17:24:41.358 | INFO     | utils.logging:log_training_results:301 - val MCE loss:1.09995 * 0.9 * 1.44799
2023-04-29 17:24:41.358 | INFO     | utils.logging:log_training_results:309 - val LLLR :0.37045 * 0.9 * -0.49928
2023-04-29 17:24:41.358 | INFO     | utils.logging:log_training_results:317 - val weight decay:1618.30505 * 0.0004 * -0.01314
2023-04-29 17:24:42.395 | INFO     | utils.logging:save_sdre_imgs:710 - Figures saved.
2023-04-29 17:24:43.023 | INFO     | utils.logging:log_training_results:280 - 
2023-04-29 17:24:43.023 | INFO     | utils.logging:log_training_results:281 - Global Step =      0
2023-04-29 17:24:43.024 | INFO     | utils.logging:log_training_results:282 - train mean(MacRec)_t: 0.39894142746925354
2023-04-29 17:24:43.024 | INFO     | utils.logging:log_training_results:287 - train mean ABSerr: 3.3198390007019043
2023-04-29 17:24:43.024 | INFO     | utils.logging:log_training_results:290 - train ausat from confmx: 0.423490971326828
2023-04-29 17:24:43.025 | INFO     | utils.logging:log_training_results:301 - train MCE loss:1.09888 * 0.9 * 1.44784
2023-04-29 17:24:43.025 | INFO     | utils.logging:log_training_results:309 - train LLLR :0.36658 * 0.9 * -0.49913
2023-04-29 17:24:43.026 | INFO     | utils.logging:log_training_results:317 - train weight decay:1618.30493 * 0.0004 * -0.01328
2023-04-29 17:26:10.472 | INFO     | utils.logging:log_training_results:280 - 
2023-04-29 17:26:10.473 | INFO     | utils.logging:log_training_results:281 - Global Step =    250
2023-04-29 17:26:10.473 | INFO     | utils.logging:log_training_results:282 - val mean(MacRec)_t: 0.3880433440208435
2023-04-29 17:26:10.473 | INFO     | utils.logging:log_training_results:287 - val mean ABSerr: 3.4649527072906494
2023-04-29 17:26:10.474 | INFO     | utils.logging:log_training_results:290 - val ausat from confmx: 0.4116751253604889
2023-04-29 17:26:10.474 | INFO     | utils.logging:log_training_results:301 - val MCE loss:1.09815 * 0.9 * 1.44298
2023-04-29 17:26:10.475 | INFO     | utils.logging:log_training_results:309 - val LLLR :0.36987 * 0.9 * -0.49414
2023-04-29 17:26:10.475 | INFO     | utils.logging:log_training_results:317 - val weight decay:1527.81677 * 0.0004 * -0.01772
2023-04-29 17:26:10.616 | INFO     | utils.checkpoint:update_and_save_result:168 - [36mBest value updated![0m
2023-04-29 17:26:10.634 | INFO     | utils.checkpoint:save_checkpoint:83 - [36mSaved checkpoint[0m at step 250.
2023-04-29 17:26:11.506 | INFO     | utils.logging:save_sdre_imgs:710 - Figures saved.
2023-04-29 17:26:12.078 | INFO     | utils.logging:log_training_results:280 - 
2023-04-29 17:26:12.078 | INFO     | utils.logging:log_training_results:281 - Global Step =    250
2023-04-29 17:26:12.079 | INFO     | utils.logging:log_training_results:282 - train mean(MacRec)_t: 0.3721707761287689
2023-04-29 17:26:12.079 | INFO     | utils.logging:log_training_results:287 - train mean ABSerr: 3.547663927078247
2023-04-29 17:26:12.079 | INFO     | utils.logging:log_training_results:290 - train ausat from confmx: 0.3802945017814636
2023-04-29 17:26:12.080 | INFO     | utils.logging:log_training_results:301 - train MCE loss:1.10036 * 0.9 * 1.44296
2023-04-29 17:26:12.080 | INFO     | utils.logging:log_training_results:309 - train LLLR :0.36605 * 0.9 * -0.49413
2023-04-29 17:26:12.080 | INFO     | utils.logging:log_training_results:317 - train weight decay:1527.81665 * 0.0004 * -0.01773
2023-04-29 17:26:58.712 | INFO     | __main__:objective:356 - Starting epoch #1.
2023-04-29 17:27:42.106 | INFO     | utils.logging:log_training_results:280 - 
2023-04-29 17:27:42.107 | INFO     | utils.logging:log_training_results:281 - Global Step =    500
2023-04-29 17:27:42.107 | INFO     | utils.logging:log_training_results:282 - val mean(MacRec)_t: 0.4025133550167084
2023-04-29 17:27:42.107 | INFO     | utils.logging:log_training_results:287 - val mean ABSerr: 3.459334135055542
2023-04-29 17:27:42.108 | INFO     | utils.logging:log_training_results:290 - val ausat from confmx: 0.43685510754585266
2023-04-29 17:27:42.108 | INFO     | utils.logging:log_training_results:301 - val MCE loss:1.09701 * 0.9 * 1.43959
2023-04-29 17:27:42.109 | INFO     | utils.logging:log_training_results:309 - val LLLR :0.36927 * 0.9 * -0.49065
2023-04-29 17:27:42.109 | INFO     | utils.logging:log_training_results:317 - val weight decay:1473.07178 * 0.0004 * -0.02061
2023-04-29 17:27:42.240 | INFO     | utils.checkpoint:update_and_save_result:168 - [36mBest value updated![0m
2023-04-29 17:27:42.254 | INFO     | utils.checkpoint:save_checkpoint:83 - [36mSaved checkpoint[0m at step 500.
2023-04-29 17:27:42.257 | INFO     | utils.checkpoint:keep_max_num_saved_models:101 - Removed the oldest model for max_to_keep=1
2023-04-29 17:27:43.116 | INFO     | utils.logging:save_sdre_imgs:710 - Figures saved.
2023-04-29 17:27:43.698 | INFO     | utils.logging:log_training_results:280 - 
2023-04-29 17:27:43.698 | INFO     | utils.logging:log_training_results:281 - Global Step =    500
2023-04-29 17:27:43.699 | INFO     | utils.logging:log_training_results:282 - train mean(MacRec)_t: 0.36243078112602234
2023-04-29 17:27:43.699 | INFO     | utils.logging:log_training_results:287 - train mean ABSerr: 3.585771322250366
2023-04-29 17:27:43.699 | INFO     | utils.logging:log_training_results:290 - train ausat from confmx: 0.3958578109741211
2023-04-29 17:27:43.700 | INFO     | utils.logging:log_training_results:301 - train MCE loss:1.09972 * 0.9 * 1.43958
2023-04-29 17:27:43.700 | INFO     | utils.logging:log_training_results:309 - train LLLR :0.37092 * 0.9 * -0.49064
2023-04-29 17:27:43.700 | INFO     | utils.logging:log_training_results:317 - train weight decay:1473.07178 * 0.0004 * -0.02062
2023-04-29 17:29:13.617 | INFO     | utils.logging:log_training_results:280 - 
2023-04-29 17:29:13.617 | INFO     | utils.logging:log_training_results:281 - Global Step =    750
2023-04-29 17:29:13.618 | INFO     | utils.logging:log_training_results:282 - val mean(MacRec)_t: 0.4183200001716614
2023-04-29 17:29:13.618 | INFO     | utils.logging:log_training_results:287 - val mean ABSerr: 3.453852891921997
2023-04-29 17:29:13.618 | INFO     | utils.logging:log_training_results:290 - val ausat from confmx: 0.4599418044090271
2023-04-29 17:29:13.619 | INFO     | utils.logging:log_training_results:301 - val MCE loss:1.09597 * 0.9 * 1.43621
2023-04-29 17:29:13.619 | INFO     | utils.logging:log_training_results:309 - val LLLR :0.36863 * 0.9 * -0.48717
2023-04-29 17:29:13.620 | INFO     | utils.logging:log_training_results:317 - val weight decay:1421.65564 * 0.0004 * -0.02351
2023-04-29 17:29:13.748 | INFO     | utils.checkpoint:update_and_save_result:168 - [36mBest value updated![0m
2023-04-29 17:29:13.763 | INFO     | utils.checkpoint:save_checkpoint:83 - [36mSaved checkpoint[0m at step 750.
2023-04-29 17:29:13.766 | INFO     | utils.checkpoint:keep_max_num_saved_models:101 - Removed the oldest model for max_to_keep=1
2023-04-29 17:29:14.590 | INFO     | utils.logging:save_sdre_imgs:710 - Figures saved.
2023-04-29 17:29:15.171 | INFO     | utils.logging:log_training_results:280 - 
2023-04-29 17:29:15.172 | INFO     | utils.logging:log_training_results:281 - Global Step =    750
2023-04-29 17:29:15.172 | INFO     | utils.logging:log_training_results:282 - train mean(MacRec)_t: 0.40292391180992126
2023-04-29 17:29:15.172 | INFO     | utils.logging:log_training_results:287 - train mean ABSerr: 3.4957759380340576
2023-04-29 17:29:15.173 | INFO     | utils.logging:log_training_results:290 - train ausat from confmx: 0.4512871503829956
2023-04-29 17:29:15.173 | INFO     | utils.logging:log_training_results:301 - train MCE loss:1.09554 * 0.9 * 1.43620
2023-04-29 17:29:15.174 | INFO     | utils.logging:log_training_results:309 - train LLLR :0.36997 * 0.9 * -0.48715
2023-04-29 17:29:15.174 | INFO     | utils.logging:log_training_results:317 - train weight decay:1421.65552 * 0.0004 * -0.02352
2023-04-29 17:29:30.776 | INFO     | __main__:objective:356 - Starting epoch #2.
2023-04-29 17:30:44.249 | INFO     | utils.logging:log_training_results:280 - 
2023-04-29 17:30:44.250 | INFO     | utils.logging:log_training_results:281 - Global Step =   1000
2023-04-29 17:30:44.250 | INFO     | utils.logging:log_training_results:282 - val mean(MacRec)_t: 0.4380300045013428
2023-04-29 17:30:44.250 | INFO     | utils.logging:log_training_results:287 - val mean ABSerr: 3.448075532913208
2023-04-29 17:30:44.251 | INFO     | utils.logging:log_training_results:290 - val ausat from confmx: 0.4879297912120819
2023-04-29 17:30:44.251 | INFO     | utils.logging:log_training_results:301 - val MCE loss:1.09496 * 0.9 * 1.43278
2023-04-29 17:30:44.252 | INFO     | utils.logging:log_training_results:309 - val LLLR :0.36790 * 0.9 * -0.48366
2023-04-29 17:30:44.252 | INFO     | utils.logging:log_training_results:317 - val weight decay:1372.64392 * 0.0004 * -0.02646
2023-04-29 17:30:44.385 | INFO     | utils.checkpoint:update_and_save_result:168 - [36mBest value updated![0m
2023-04-29 17:30:44.399 | INFO     | utils.checkpoint:save_checkpoint:83 - [36mSaved checkpoint[0m at step 1000.
2023-04-29 17:30:44.402 | INFO     | utils.checkpoint:keep_max_num_saved_models:101 - Removed the oldest model for max_to_keep=1
2023-04-29 17:30:45.249 | INFO     | utils.logging:save_sdre_imgs:710 - Figures saved.
2023-04-29 17:30:45.816 | INFO     | utils.logging:log_training_results:280 - 
2023-04-29 17:30:45.817 | INFO     | utils.logging:log_training_results:281 - Global Step =   1000
2023-04-29 17:30:45.817 | INFO     | utils.logging:log_training_results:282 - train mean(MacRec)_t: 0.31954583525657654
2023-04-29 17:30:45.817 | INFO     | utils.logging:log_training_results:287 - train mean ABSerr: 3.539862632751465
2023-04-29 17:30:45.818 | INFO     | utils.logging:log_training_results:290 - train ausat from confmx: 0.3161112368106842
2023-04-29 17:30:45.818 | INFO     | utils.logging:log_training_results:301 - train MCE loss:1.09558 * 0.9 * 1.43277
2023-04-29 17:30:45.819 | INFO     | utils.logging:log_training_results:309 - train LLLR :0.37557 * 0.9 * -0.48365
2023-04-29 17:30:45.819 | INFO     | utils.logging:log_training_results:317 - train weight decay:1372.64392 * 0.0004 * -0.02648
2023-04-29 17:31:47.928 | INFO     | __main__:objective:356 - Starting epoch #3.
2023-04-29 17:32:14.655 | INFO     | utils.logging:log_training_results:280 - 
2023-04-29 17:32:14.656 | INFO     | utils.logging:log_training_results:281 - Global Step =   1250
2023-04-29 17:32:14.656 | INFO     | utils.logging:log_training_results:282 - val mean(MacRec)_t: 0.4626466631889343
2023-04-29 17:32:14.656 | INFO     | utils.logging:log_training_results:287 - val mean ABSerr: 3.4418537616729736
2023-04-29 17:32:14.657 | INFO     | utils.logging:log_training_results:290 - val ausat from confmx: 0.5202451348304749
2023-04-29 17:32:14.657 | INFO     | utils.logging:log_training_results:301 - val MCE loss:1.09396 * 0.9 * 1.42932
2023-04-29 17:32:14.658 | INFO     | utils.logging:log_training_results:309 - val LLLR :0.36708 * 0.9 * -0.48014
2023-04-29 17:32:14.658 | INFO     | utils.logging:log_training_results:317 - val weight decay:1326.07214 * 0.0004 * -0.02948
2023-04-29 17:32:14.799 | INFO     | utils.checkpoint:update_and_save_result:168 - [36mBest value updated![0m
2023-04-29 17:32:14.813 | INFO     | utils.checkpoint:save_checkpoint:83 - [36mSaved checkpoint[0m at step 1250.
2023-04-29 17:32:14.816 | INFO     | utils.checkpoint:keep_max_num_saved_models:101 - Removed the oldest model for max_to_keep=1
2023-04-29 17:32:15.691 | INFO     | utils.logging:save_sdre_imgs:710 - Figures saved.
2023-04-29 17:32:16.283 | INFO     | utils.logging:log_training_results:280 - 
2023-04-29 17:32:16.284 | INFO     | utils.logging:log_training_results:281 - Global Step =   1250
2023-04-29 17:32:16.284 | INFO     | utils.logging:log_training_results:282 - train mean(MacRec)_t: 0.37302297353744507
2023-04-29 17:32:16.284 | INFO     | utils.logging:log_training_results:287 - train mean ABSerr: 3.502898931503296
2023-04-29 17:32:16.285 | INFO     | utils.logging:log_training_results:290 - train ausat from confmx: 0.3595031201839447
2023-04-29 17:32:16.285 | INFO     | utils.logging:log_training_results:301 - train MCE loss:1.09469 * 0.9 * 1.42930
2023-04-29 17:32:16.286 | INFO     | utils.logging:log_training_results:309 - train LLLR :0.37123 * 0.9 * -0.48013
2023-04-29 17:32:16.286 | INFO     | utils.logging:log_training_results:317 - train weight decay:1326.07214 * 0.0004 * -0.02950
2023-04-29 17:33:50.774 | INFO     | utils.logging:log_training_results:280 - 
2023-04-29 17:33:50.775 | INFO     | utils.logging:log_training_results:281 - Global Step =   1500
2023-04-29 17:33:50.776 | INFO     | utils.logging:log_training_results:282 - val mean(MacRec)_t: 0.49200665950775146
2023-04-29 17:33:50.776 | INFO     | utils.logging:log_training_results:287 - val mean ABSerr: 3.4352192878723145
2023-04-29 17:33:50.776 | INFO     | utils.logging:log_training_results:290 - val ausat from confmx: 0.5580030679702759
2023-04-29 17:33:50.777 | INFO     | utils.logging:log_training_results:301 - val MCE loss:1.09296 * 0.9 * 1.42582
2023-04-29 17:33:50.777 | INFO     | utils.logging:log_training_results:309 - val LLLR :0.36617 * 0.9 * -0.47661
2023-04-29 17:33:50.778 | INFO     | utils.logging:log_training_results:317 - val weight decay:1282.01416 * 0.0004 * -0.03255
2023-04-29 17:33:50.914 | INFO     | utils.checkpoint:update_and_save_result:168 - [36mBest value updated![0m
2023-04-29 17:33:50.929 | INFO     | utils.checkpoint:save_checkpoint:83 - [36mSaved checkpoint[0m at step 1500.
2023-04-29 17:33:50.933 | INFO     | utils.checkpoint:keep_max_num_saved_models:101 - Removed the oldest model for max_to_keep=1
2023-04-29 17:33:51.986 | INFO     | utils.logging:save_sdre_imgs:710 - Figures saved.
2023-04-29 17:33:52.603 | INFO     | utils.logging:log_training_results:280 - 
2023-04-29 17:33:52.603 | INFO     | utils.logging:log_training_results:281 - Global Step =   1500
2023-04-29 17:33:52.604 | INFO     | utils.logging:log_training_results:282 - train mean(MacRec)_t: 0.43014663457870483
2023-04-29 17:33:52.604 | INFO     | utils.logging:log_training_results:287 - train mean ABSerr: 3.3736732006073
2023-04-29 17:33:52.605 | INFO     | utils.logging:log_training_results:290 - train ausat from confmx: 0.4569440186023712
2023-04-29 17:33:52.605 | INFO     | utils.logging:log_training_results:301 - train MCE loss:1.09423 * 0.9 * 1.42581
2023-04-29 17:33:52.606 | INFO     | utils.logging:log_training_results:309 - train LLLR :0.36463 * 0.9 * -0.47660
2023-04-29 17:33:52.606 | INFO     | utils.logging:log_training_results:317 - train weight decay:1282.01416 * 0.0004 * -0.03257
2023-04-29 17:34:24.058 | INFO     | __main__:objective:356 - Starting epoch #4.
2023-04-29 17:35:22.958 | INFO     | utils.logging:log_training_results:280 - 
2023-04-29 17:35:22.959 | INFO     | utils.logging:log_training_results:281 - Global Step =   1750
2023-04-29 17:35:22.959 | INFO     | utils.logging:log_training_results:282 - val mean(MacRec)_t: 0.5248133540153503
2023-04-29 17:35:22.959 | INFO     | utils.logging:log_training_results:287 - val mean ABSerr: 3.4278976917266846
2023-04-29 17:35:22.960 | INFO     | utils.logging:log_training_results:290 - val ausat from confmx: 0.6084380745887756
2023-04-29 17:35:22.960 | INFO     | utils.logging:log_training_results:301 - val MCE loss:1.09192 * 0.9 * 1.42231
2023-04-29 17:35:22.961 | INFO     | utils.logging:log_training_results:309 - val LLLR :0.36513 * 0.9 * -0.47307
2023-04-29 17:35:22.961 | INFO     | utils.logging:log_training_results:317 - val weight decay:1240.50024 * 0.0004 * -0.03567
2023-04-29 17:35:23.097 | INFO     | utils.checkpoint:update_and_save_result:168 - [36mBest value updated![0m
2023-04-29 17:35:23.115 | INFO     | utils.checkpoint:save_checkpoint:83 - [36mSaved checkpoint[0m at step 1750.
2023-04-29 17:35:23.117 | INFO     | utils.checkpoint:keep_max_num_saved_models:101 - Removed the oldest model for max_to_keep=1
2023-04-29 17:35:23.910 | INFO     | utils.logging:save_sdre_imgs:710 - Figures saved.
2023-04-29 17:35:24.494 | INFO     | utils.logging:log_training_results:280 - 
2023-04-29 17:35:24.494 | INFO     | utils.logging:log_training_results:281 - Global Step =   1750
2023-04-29 17:35:24.495 | INFO     | utils.logging:log_training_results:282 - train mean(MacRec)_t: 0.4237689971923828
2023-04-29 17:35:24.495 | INFO     | utils.logging:log_training_results:287 - train mean ABSerr: 3.263972043991089
2023-04-29 17:35:24.496 | INFO     | utils.logging:log_training_results:290 - train ausat from confmx: 0.45914986729621887
2023-04-29 17:35:24.496 | INFO     | utils.logging:log_training_results:301 - train MCE loss:1.09314 * 0.9 * 1.42229
2023-04-29 17:35:24.496 | INFO     | utils.logging:log_training_results:309 - train LLLR :0.36724 * 0.9 * -0.47306
2023-04-29 17:35:24.497 | INFO     | utils.logging:log_training_results:317 - train weight decay:1240.50012 * 0.0004 * -0.03568
2023-04-29 17:36:43.481 | INFO     | __main__:objective:356 - Starting epoch #5.
2023-04-29 17:36:54.430 | INFO     | utils.logging:log_training_results:280 - 
2023-04-29 17:36:54.431 | INFO     | utils.logging:log_training_results:281 - Global Step =   2000
2023-04-29 17:36:54.431 | INFO     | utils.logging:log_training_results:282 - val mean(MacRec)_t: 0.5684566497802734
2023-04-29 17:36:54.431 | INFO     | utils.logging:log_training_results:287 - val mean ABSerr: 3.419177770614624
2023-04-29 17:36:54.432 | INFO     | utils.logging:log_training_results:290 - val ausat from confmx: 0.6700024604797363
2023-04-29 17:36:54.432 | INFO     | utils.logging:log_training_results:301 - val MCE loss:1.09076 * 0.9 * 1.41877
2023-04-29 17:36:54.433 | INFO     | utils.logging:log_training_results:309 - val LLLR :0.36388 * 0.9 * -0.46953
2023-04-29 17:36:54.433 | INFO     | utils.logging:log_training_results:317 - val weight decay:1201.53772 * 0.0004 * -0.03882
2023-04-29 17:36:54.566 | INFO     | utils.checkpoint:update_and_save_result:168 - [36mBest value updated![0m
2023-04-29 17:36:54.579 | INFO     | utils.checkpoint:save_checkpoint:83 - [36mSaved checkpoint[0m at step 2000.
2023-04-29 17:36:54.582 | INFO     | utils.checkpoint:keep_max_num_saved_models:101 - Removed the oldest model for max_to_keep=1
2023-04-29 17:36:55.362 | INFO     | utils.logging:save_sdre_imgs:710 - Figures saved.
2023-04-29 17:36:55.952 | INFO     | utils.logging:log_training_results:280 - 
2023-04-29 17:36:55.953 | INFO     | utils.logging:log_training_results:281 - Global Step =   2000
2023-04-29 17:36:55.953 | INFO     | utils.logging:log_training_results:282 - train mean(MacRec)_t: 0.4379178583621979
2023-04-29 17:36:55.954 | INFO     | utils.logging:log_training_results:287 - train mean ABSerr: 3.339860677719116
2023-04-29 17:36:55.954 | INFO     | utils.logging:log_training_results:290 - train ausat from confmx: 0.4824526309967041
2023-04-29 17:36:55.957 | INFO     | utils.logging:log_training_results:301 - train MCE loss:1.09219 * 0.9 * 1.41876
2023-04-29 17:36:55.957 | INFO     | utils.logging:log_training_results:309 - train LLLR :0.36677 * 0.9 * -0.46951
2023-04-29 17:36:55.958 | INFO     | utils.logging:log_training_results:317 - train weight decay:1201.53772 * 0.0004 * -0.03884
2023-04-29 17:38:23.460 | INFO     | utils.logging:log_training_results:280 - 
2023-04-29 17:38:23.461 | INFO     | utils.logging:log_training_results:281 - Global Step =   2250
2023-04-29 17:38:23.461 | INFO     | utils.logging:log_training_results:282 - val mean(MacRec)_t: 0.6166633367538452
2023-04-29 17:38:23.461 | INFO     | utils.logging:log_training_results:287 - val mean ABSerr: 3.4087440967559814
2023-04-29 17:38:23.462 | INFO     | utils.logging:log_training_results:290 - val ausat from confmx: 0.7387275099754333
2023-04-29 17:38:23.462 | INFO     | utils.logging:log_training_results:301 - val MCE loss:1.08943 * 0.9 * 1.41522
2023-04-29 17:38:23.463 | INFO     | utils.logging:log_training_results:309 - val LLLR :0.36236 * 0.9 * -0.46598
2023-04-29 17:38:23.463 | INFO     | utils.logging:log_training_results:317 - val weight decay:1165.09851 * 0.0004 * -0.04201
2023-04-29 17:38:23.590 | INFO     | utils.checkpoint:update_and_save_result:168 - [36mBest value updated![0m
2023-04-29 17:38:23.605 | INFO     | utils.checkpoint:save_checkpoint:83 - [36mSaved checkpoint[0m at step 2250.
2023-04-29 17:38:23.609 | INFO     | utils.checkpoint:keep_max_num_saved_models:101 - Removed the oldest model for max_to_keep=1
2023-04-29 17:38:24.431 | INFO     | utils.logging:save_sdre_imgs:710 - Figures saved.
2023-04-29 17:38:25.012 | INFO     | utils.logging:log_training_results:280 - 
2023-04-29 17:38:25.013 | INFO     | utils.logging:log_training_results:281 - Global Step =   2250
2023-04-29 17:38:25.013 | INFO     | utils.logging:log_training_results:282 - train mean(MacRec)_t: 0.4827793836593628
2023-04-29 17:38:25.013 | INFO     | utils.logging:log_training_results:287 - train mean ABSerr: 3.3523056507110596
2023-04-29 17:38:25.014 | INFO     | utils.logging:log_training_results:290 - train ausat from confmx: 0.5896520018577576
2023-04-29 17:38:25.014 | INFO     | utils.logging:log_training_results:301 - train MCE loss:1.09031 * 0.9 * 1.41521
2023-04-29 17:38:25.015 | INFO     | utils.logging:log_training_results:309 - train LLLR :0.36352 * 0.9 * -0.46596
2023-04-29 17:38:25.015 | INFO     | utils.logging:log_training_results:317 - train weight decay:1165.09839 * 0.0004 * -0.04202
2023-04-29 17:39:11.133 | INFO     | __main__:objective:356 - Starting epoch #6.
2023-04-29 17:39:53.370 | INFO     | utils.logging:log_training_results:280 - 
2023-04-29 17:39:53.370 | INFO     | utils.logging:log_training_results:281 - Global Step =   2500
2023-04-29 17:39:53.371 | INFO     | utils.logging:log_training_results:282 - val mean(MacRec)_t: 0.6609999537467957
2023-04-29 17:39:53.371 | INFO     | utils.logging:log_training_results:287 - val mean ABSerr: 3.3958888053894043
2023-04-29 17:39:53.372 | INFO     | utils.logging:log_training_results:290 - val ausat from confmx: 0.7891944050788879
2023-04-29 17:39:53.372 | INFO     | utils.logging:log_training_results:301 - val MCE loss:1.08787 * 0.9 * 1.41167
2023-04-29 17:39:53.373 | INFO     | utils.logging:log_training_results:309 - val LLLR :0.36050 * 0.9 * -0.46242
2023-04-29 17:39:53.373 | INFO     | utils.logging:log_training_results:317 - val weight decay:1131.14148 * 0.0004 * -0.04522
2023-04-29 17:39:53.524 | INFO     | utils.checkpoint:update_and_save_result:168 - [36mBest value updated![0m
2023-04-29 17:39:53.541 | INFO     | utils.checkpoint:save_checkpoint:83 - [36mSaved checkpoint[0m at step 2500.
2023-04-29 17:39:53.544 | INFO     | utils.checkpoint:keep_max_num_saved_models:101 - Removed the oldest model for max_to_keep=1
2023-04-29 17:39:54.356 | INFO     | utils.logging:save_sdre_imgs:710 - Figures saved.
2023-04-29 17:39:54.943 | INFO     | utils.logging:log_training_results:280 - 
2023-04-29 17:39:54.944 | INFO     | utils.logging:log_training_results:281 - Global Step =   2500
2023-04-29 17:39:54.944 | INFO     | utils.logging:log_training_results:282 - train mean(MacRec)_t: 0.5344620943069458
2023-04-29 17:39:54.944 | INFO     | utils.logging:log_training_results:287 - train mean ABSerr: 3.4065439701080322
2023-04-29 17:39:54.945 | INFO     | utils.logging:log_training_results:290 - train ausat from confmx: 0.606911301612854
2023-04-29 17:39:54.945 | INFO     | utils.logging:log_training_results:301 - train MCE loss:1.08818 * 0.9 * 1.41165
2023-04-29 17:39:54.946 | INFO     | utils.logging:log_training_results:309 - train LLLR :0.36167 * 0.9 * -0.46241
2023-04-29 17:39:54.946 | INFO     | utils.logging:log_training_results:317 - train weight decay:1131.14136 * 0.0004 * -0.04524
2023-04-29 17:41:22.896 | INFO     | utils.logging:log_training_results:280 - 
2023-04-29 17:41:22.896 | INFO     | utils.logging:log_training_results:281 - Global Step =   2750
2023-04-29 17:41:22.897 | INFO     | utils.logging:log_training_results:282 - val mean(MacRec)_t: 0.7119500637054443
2023-04-29 17:41:22.897 | INFO     | utils.logging:log_training_results:287 - val mean ABSerr: 3.3796133995056152
2023-04-29 17:41:22.897 | INFO     | utils.logging:log_training_results:290 - val ausat from confmx: 0.852435290813446
2023-04-29 17:41:22.898 | INFO     | utils.logging:log_training_results:301 - val MCE loss:1.08593 * 0.9 * 1.40809
2023-04-29 17:41:22.898 | INFO     | utils.logging:log_training_results:309 - val LLLR :0.35812 * 0.9 * -0.45886
2023-04-29 17:41:22.899 | INFO     | utils.logging:log_training_results:317 - val weight decay:1099.60730 * 0.0004 * -0.04846
2023-04-29 17:41:23.027 | INFO     | utils.checkpoint:update_and_save_result:168 - [36mBest value updated![0m
2023-04-29 17:41:23.041 | INFO     | utils.checkpoint:save_checkpoint:83 - [36mSaved checkpoint[0m at step 2750.
2023-04-29 17:41:23.044 | INFO     | utils.checkpoint:keep_max_num_saved_models:101 - Removed the oldest model for max_to_keep=1
2023-04-29 17:41:23.841 | INFO     | utils.logging:save_sdre_imgs:710 - Figures saved.
2023-04-29 17:41:24.433 | INFO     | utils.logging:log_training_results:280 - 
2023-04-29 17:41:24.433 | INFO     | utils.logging:log_training_results:281 - Global Step =   2750
2023-04-29 17:41:24.434 | INFO     | utils.logging:log_training_results:282 - train mean(MacRec)_t: 0.5407446026802063
2023-04-29 17:41:24.434 | INFO     | utils.logging:log_training_results:287 - train mean ABSerr: 3.3238320350646973
2023-04-29 17:41:24.434 | INFO     | utils.logging:log_training_results:290 - train ausat from confmx: 0.6397077441215515
2023-04-29 17:41:24.435 | INFO     | utils.logging:log_training_results:301 - train MCE loss:1.08641 * 0.9 * 1.40808
2023-04-29 17:41:24.435 | INFO     | utils.logging:log_training_results:309 - train LLLR :0.36091 * 0.9 * -0.45885
2023-04-29 17:41:24.436 | INFO     | utils.logging:log_training_results:317 - train weight decay:1099.60730 * 0.0004 * -0.04848
2023-04-29 17:41:39.694 | INFO     | __main__:objective:356 - Starting epoch #7.
2023-04-29 17:42:53.001 | INFO     | utils.logging:log_training_results:280 - 
2023-04-29 17:42:53.001 | INFO     | utils.logging:log_training_results:281 - Global Step =   3000
2023-04-29 17:42:53.002 | INFO     | utils.logging:log_training_results:282 - val mean(MacRec)_t: 0.7575433254241943
2023-04-29 17:42:53.002 | INFO     | utils.logging:log_training_results:287 - val mean ABSerr: 3.359588146209717
2023-04-29 17:42:53.002 | INFO     | utils.logging:log_training_results:290 - val ausat from confmx: 0.8979043960571289
2023-04-29 17:42:53.003 | INFO     | utils.logging:log_training_results:301 - val MCE loss:1.08361 * 0.9 * 1.40452
2023-04-29 17:42:53.003 | INFO     | utils.logging:log_training_results:309 - val LLLR :0.35524 * 0.9 * -0.45529
2023-04-29 17:42:53.004 | INFO     | utils.logging:log_training_results:317 - val weight decay:1070.42566 * 0.0004 * -0.05172
2023-04-29 17:42:53.135 | INFO     | utils.checkpoint:update_and_save_result:168 - [36mBest value updated![0m
2023-04-29 17:42:53.149 | INFO     | utils.checkpoint:save_checkpoint:83 - [36mSaved checkpoint[0m at step 3000.
2023-04-29 17:42:53.152 | INFO     | utils.checkpoint:keep_max_num_saved_models:101 - Removed the oldest model for max_to_keep=1
2023-04-29 17:42:53.958 | INFO     | utils.logging:save_sdre_imgs:710 - Figures saved.
2023-04-29 17:42:54.547 | INFO     | utils.logging:log_training_results:280 - 
2023-04-29 17:42:54.547 | INFO     | utils.logging:log_training_results:281 - Global Step =   3000
2023-04-29 17:42:54.548 | INFO     | utils.logging:log_training_results:282 - train mean(MacRec)_t: 0.5766667127609253
2023-04-29 17:42:54.548 | INFO     | utils.logging:log_training_results:287 - train mean ABSerr: 3.2786762714385986
2023-04-29 17:42:54.548 | INFO     | utils.logging:log_training_results:290 - train ausat from confmx: 0.7230347394943237
2023-04-29 17:42:54.549 | INFO     | utils.logging:log_training_results:301 - train MCE loss:1.08478 * 0.9 * 1.40450
2023-04-29 17:42:54.549 | INFO     | utils.logging:log_training_results:309 - train LLLR :0.35699 * 0.9 * -0.45528
2023-04-29 17:42:54.550 | INFO     | utils.logging:log_training_results:317 - train weight decay:1070.42566 * 0.0004 * -0.05174
2023-04-29 17:43:55.731 | INFO     | __main__:objective:356 - Starting epoch #8.
2023-04-29 17:44:21.987 | INFO     | utils.logging:log_training_results:280 - 
2023-04-29 17:44:21.988 | INFO     | utils.logging:log_training_results:281 - Global Step =   3250
2023-04-29 17:44:21.988 | INFO     | utils.logging:log_training_results:282 - val mean(MacRec)_t: 0.7899333834648132
2023-04-29 17:44:21.989 | INFO     | utils.logging:log_training_results:287 - val mean ABSerr: 3.3359644412994385
2023-04-29 17:44:21.989 | INFO     | utils.logging:log_training_results:290 - val ausat from confmx: 0.9272152185440063
2023-04-29 17:44:21.990 | INFO     | utils.logging:log_training_results:301 - val MCE loss:1.08091 * 0.9 * 1.40094
2023-04-29 17:44:21.990 | INFO     | utils.logging:log_training_results:309 - val LLLR :0.35189 * 0.9 * -0.45172
2023-04-29 17:44:21.990 | INFO     | utils.logging:log_training_results:317 - val weight decay:1043.50244 * 0.0004 * -0.05501
2023-04-29 17:44:22.122 | INFO     | utils.checkpoint:update_and_save_result:168 - [36mBest value updated![0m
2023-04-29 17:44:22.137 | INFO     | utils.checkpoint:save_checkpoint:83 - [36mSaved checkpoint[0m at step 3250.
2023-04-29 17:44:22.140 | INFO     | utils.checkpoint:keep_max_num_saved_models:101 - Removed the oldest model for max_to_keep=1
2023-04-29 17:44:23.149 | INFO     | utils.logging:save_sdre_imgs:710 - Figures saved.
2023-04-29 17:44:23.729 | INFO     | utils.logging:log_training_results:280 - 
2023-04-29 17:44:23.729 | INFO     | utils.logging:log_training_results:281 - Global Step =   3250
2023-04-29 17:44:23.730 | INFO     | utils.logging:log_training_results:282 - train mean(MacRec)_t: 0.6879612803459167
2023-04-29 17:44:23.730 | INFO     | utils.logging:log_training_results:287 - train mean ABSerr: 3.2396392822265625
2023-04-29 17:44:23.730 | INFO     | utils.logging:log_training_results:290 - train ausat from confmx: 0.8119750022888184
2023-04-29 17:44:23.731 | INFO     | utils.logging:log_training_results:301 - train MCE loss:1.08188 * 0.9 * 1.40093
2023-04-29 17:44:23.731 | INFO     | utils.logging:log_training_results:309 - train LLLR :0.35231 * 0.9 * -0.45170
2023-04-29 17:44:23.732 | INFO     | utils.logging:log_training_results:317 - train weight decay:1043.50244 * 0.0004 * -0.05502
2023-04-29 17:45:52.881 | INFO     | utils.logging:log_training_results:280 - 
2023-04-29 17:45:52.882 | INFO     | utils.logging:log_training_results:281 - Global Step =   3500
2023-04-29 17:45:52.882 | INFO     | utils.logging:log_training_results:282 - val mean(MacRec)_t: 0.8163700699806213
2023-04-29 17:45:52.882 | INFO     | utils.logging:log_training_results:287 - val mean ABSerr: 3.309086322784424
2023-04-29 17:45:52.883 | INFO     | utils.logging:log_training_results:290 - val ausat from confmx: 0.947624921798706
2023-04-29 17:45:52.883 | INFO     | utils.logging:log_training_results:301 - val MCE loss:1.07786 * 0.9 * 1.39736
2023-04-29 17:45:52.884 | INFO     | utils.logging:log_training_results:309 - val LLLR :0.34811 * 0.9 * -0.44814
2023-04-29 17:45:52.884 | INFO     | utils.logging:log_training_results:317 - val weight decay:1018.74573 * 0.0004 * -0.05831
2023-04-29 17:45:53.018 | INFO     | utils.checkpoint:update_and_save_result:168 - [36mBest value updated![0m
2023-04-29 17:45:53.032 | INFO     | utils.checkpoint:save_checkpoint:83 - [36mSaved checkpoint[0m at step 3500.
2023-04-29 17:45:53.035 | INFO     | utils.checkpoint:keep_max_num_saved_models:101 - Removed the oldest model for max_to_keep=1
2023-04-29 17:45:53.894 | INFO     | utils.logging:save_sdre_imgs:710 - Figures saved.
2023-04-29 17:45:54.512 | INFO     | utils.logging:log_training_results:280 - 
2023-04-29 17:45:54.513 | INFO     | utils.logging:log_training_results:281 - Global Step =   3500
2023-04-29 17:45:54.514 | INFO     | utils.logging:log_training_results:282 - train mean(MacRec)_t: 0.6743956804275513
2023-04-29 17:45:54.514 | INFO     | utils.logging:log_training_results:287 - train mean ABSerr: 3.2435569763183594
2023-04-29 17:45:54.514 | INFO     | utils.logging:log_training_results:290 - train ausat from confmx: 0.8050206899642944
2023-04-29 17:45:54.515 | INFO     | utils.logging:log_training_results:301 - train MCE loss:1.07847 * 0.9 * 1.39735
2023-04-29 17:45:54.515 | INFO     | utils.logging:log_training_results:309 - train LLLR :0.35019 * 0.9 * -0.44812
2023-04-29 17:45:54.516 | INFO     | utils.logging:log_training_results:317 - train weight decay:1018.74573 * 0.0004 * -0.05832
2023-04-29 17:46:26.639 | INFO     | __main__:objective:356 - Starting epoch #9.
2023-04-29 17:47:26.578 | INFO     | utils.logging:log_training_results:280 - 
2023-04-29 17:47:26.579 | INFO     | utils.logging:log_training_results:281 - Global Step =   3750
2023-04-29 17:47:26.579 | INFO     | utils.logging:log_training_results:282 - val mean(MacRec)_t: 0.8329533338546753
2023-04-29 17:47:26.580 | INFO     | utils.logging:log_training_results:287 - val mean ABSerr: 3.2780673503875732
2023-04-29 17:47:26.580 | INFO     | utils.logging:log_training_results:290 - val ausat from confmx: 0.9583175182342529
2023-04-29 17:47:26.581 | INFO     | utils.logging:log_training_results:301 - val MCE loss:1.07442 * 0.9 * 1.39378
2023-04-29 17:47:26.581 | INFO     | utils.logging:log_training_results:309 - val LLLR :0.34389 * 0.9 * -0.44454
2023-04-29 17:47:26.581 | INFO     | utils.logging:log_training_results:317 - val weight decay:996.05780 * 0.0004 * -0.06162
2023-04-29 17:47:26.720 | INFO     | utils.checkpoint:update_and_save_result:168 - [36mBest value updated![0m
2023-04-29 17:47:26.735 | INFO     | utils.checkpoint:save_checkpoint:83 - [36mSaved checkpoint[0m at step 3750.
2023-04-29 17:47:26.738 | INFO     | utils.checkpoint:keep_max_num_saved_models:101 - Removed the oldest model for max_to_keep=1
2023-04-29 17:47:27.541 | INFO     | utils.logging:save_sdre_imgs:710 - Figures saved.
2023-04-29 17:47:28.144 | INFO     | utils.logging:log_training_results:280 - 
2023-04-29 17:47:28.144 | INFO     | utils.logging:log_training_results:281 - Global Step =   3750
2023-04-29 17:47:28.145 | INFO     | utils.logging:log_training_results:282 - train mean(MacRec)_t: 0.7582308650016785
2023-04-29 17:47:28.145 | INFO     | utils.logging:log_training_results:287 - train mean ABSerr: 3.3979804515838623
2023-04-29 17:47:28.145 | INFO     | utils.logging:log_training_results:290 - train ausat from confmx: 0.8764712810516357
2023-04-29 17:47:28.146 | INFO     | utils.logging:log_training_results:301 - train MCE loss:1.07284 * 0.9 * 1.39377
2023-04-29 17:47:28.146 | INFO     | utils.logging:log_training_results:309 - train LLLR :0.34294 * 0.9 * -0.44453
2023-04-29 17:47:28.146 | INFO     | utils.logging:log_training_results:317 - train weight decay:996.05774 * 0.0004 * -0.06164
2023-04-29 17:48:48.668 | INFO     | utils.logging:investigate_log:155 - num_warning=0/num_error=0 in the .log file.
2023-04-29 17:48:48.862 | INFO     | optuna.study.study:_log_completed_trial:1020 - Trial 62 finished with value: 3.2780673503875732 and parameters: {'LIST_IS_POSITIONAL_ENCODING': False, 'LIST_MODEL_BACKBONE': 'Transformer', 'LIST_WEIGHT_DECAY': 0.0004, 'LIST_LEARNING_RATE': 1.443431810766235e-05, 'LIST_LLLR_VERSION': 'LLLR', 'LIST_ACTIVATION_FC': 'B2Bcbrt', 'LIST_PARAM_MULTIPLET_LOSS': 0.9, 'LIST_PARAM_LLR_LOSS': 0.9, 'LIST_IS_ADAPTIVE_LOSS': True, 'LIST_ORDER_SPRT': 3, 'LIST_OPTIMIZER': 'rmsprop', 'LIST_IS_NORMALIZE': False, 'LIST_NUM_THRESH': 1500, 'LIST_SPARSITY': 'logspace', 'LIST_NUM_BLOCKS': 2, 'LIST_NUM_HEADS': 4, 'LIST_DROPOUT': 0.30000000000000004, 'LIST_FF_DIM': 64, 'LIST_MLP_UNITS': 64}. Best is trial 54 with value: 0.15246517956256866.
2023-04-29 17:48:48.885 | INFO     | utils.hyperparameter_tuning:suggest_parameters:560 - [33mStarting a tuning phase.[0m
2023-04-29 17:48:49.481 | INFO     | utils.hyperparameter_tuning:print:394 - 
+------------------------------------------+
|   Hyperparameteres suggested by Optuna   |
+------------------------+-----------------+
|     Parameter name     | Suggested value |
+------------------------+-----------------+
|     ACTIVATION_FC      |     B2Bcbrt     |
|        DROPOUT         |       0.3       |
|         FF_DIM         |        64       |
|    IS_ADAPTIVE_LOSS    |       True      |
|      IS_NORMALIZE      |      False      |
| IS_POSITIONAL_ENCODING |      False      |
|     LEARNING_RATE      |    5.1163e-05   |
|      LLLR_VERSION      |       LLLR      |
|       MLP_UNITS        |        64       |
|     MODEL_BACKBONE     |   Transformer   |
|       NUM_BLOCKS       |        2        |
|       NUM_HEADS        |        4        |
|       NUM_THRESH       |       1500      |
|       OPTIMIZER        |     rmsprop     |
|       ORDER_SPRT       |        2        |
|     PARAM_LLR_LOSS     |       1.0       |
|  PARAM_MULTIPLET_LOSS  |       0.8       |
|        SPARSITY        |     linspace    |
|      WEIGHT_DECAY      |      0.0008     |
+------------------------+-----------------+
2023-04-29 17:48:49.482 | INFO     | utils.misc:create_directories_and_log:291 - [33mA new log directory was created: [0m/home/afe/Dropbox/GitHub/SPRT-TANDEM-PyTorch/logs/public_offset0_5_optimmabs_tuning/checkpoints/Transformer_20230429_174849481/configs
2023-04-29 17:48:49.483 | INFO     | utils.misc:create_directories_and_log:291 - [33mA new log directory was created: [0m/home/afe/Dropbox/GitHub/SPRT-TANDEM-PyTorch/logs/public_offset0_5_optimmabs_tuning/TensorBoard_events/Transformer_20230429_174849481
