2023-04-29 02:20:23.963 | INFO     | utils.misc:fix_random_seed:405 - Random seed is not fixed.
2023-04-29 02:20:23.990 | INFO     | models.temporal_integrators:summarize:568 - 
:'######::'########::'########::'########::::::::::::::::::::::
'##... ##: ##.... ##: ##.... ##:... ##..:::::::::::::::::::::::
 ##:::..:: ##:::: ##: ##:::: ##:::: ##:::::::::::::::::::::::::
. ######:: ########:: ########::::: ##::::'#######:::::::::::::
:..... ##: ##.....::: ##.. ##:::::: ##::::........:::::::::::::
'##::: ##: ##:::::::: ##::. ##::::: ##:::::::::::::::::::::::::
. ######:: ##:::::::: ##:::. ##:::: ##:::::::::::::::::::::::::
:......:::..:::::::::..:::::..:::::..::::::::::::::::::::::::::
'########::::'###::::'##::: ##:'########::'########:'##::::'##:
... ##..::::'## ##::: ###:: ##: ##.... ##: ##.....:: ###::'###:
::: ##:::::'##:. ##:: ####: ##: ##:::: ##: ##::::::: ####'####:
::: ##::::'##:::. ##: ## ## ##: ##:::: ##: ######::: ## ### ##:
::: ##:::: #########: ##. ####: ##:::: ##: ##...:::: ##. #: ##:
::: ##:::: ##.... ##: ##:. ###: ##:::: ##: ##::::::: ##:.:: ##:
::: ##:::: ##:::: ##: ##::. ##: ########:: ########: ##:::: ##:
:::..:::::..:::::..::..::::..::........:::........::..:::::..::

2023-04-29 02:20:23.991 | INFO     | models.temporal_integrators:summarize:571 - [34mofficial PyTorch implementation.[0m
2023-04-29 02:20:24.389 | INFO     | models.temporal_integrators:summarize:593 - Network summary:
===============================================================================================
Layer (type:depth-idx)                        Output Shape              Param #
===============================================================================================
TANDEMformer                                  [150, 50, 3, 3]           128
├─TransformerEncoder: 1-1                     [7500, 1, 128]            --
│    └─ModuleList: 2-1                        --                        --
│    │    └─TransformerEncoderLayer: 3-1      [7500, 1, 128]            74,912
├─Linear: 1-2                                 [7500, 64]                8,256
├─Dropout: 1-3                                [7500, 64]                --
├─LayerNorm: 1-4                              [7500, 64]                128
├─GELU: 1-5                                   [7500, 64]                --
├─Linear: 1-6                                 [7500, 3]                 195
===============================================================================================
Total params: 83,619
Trainable params: 83,619
Non-trainable params: 0
Total mult-adds (M): 64.34
===============================================================================================
Input size (MB): 3.84
Forward/backward pass size (MB): 7.86
Params size (MB): 0.03
Estimated Total Size (MB): 11.73
===============================================================================================
2023-04-29 02:20:24.390 | INFO     | models.temporal_integrators:summarize:594 - Example input shape: torch.Size([150, 50, 128])
2023-04-29 02:20:24.390 | INFO     | models.temporal_integrators:summarize:595 - Example output shape: torch.Size([150, 50, 3, 3])
2023-04-29 02:20:24.392 | INFO     | models.temporal_integrators:import_model:58 - model moved onto: [33mcuda.[0m
2023-04-29 02:20:24.393 | INFO     | models.optimizers:initialize_optimizer:44 - Optimizer:
RMSprop (
Parameter Group 0
    alpha: 0.99
    centered: False
    differentiable: False
    eps: 1e-08
    foreach: None
    lr: 4.3081192723771894e-05
    maximize: False
    momentum: 0
    weight_decay: 0.0009000000000000001
)
2023-04-29 02:20:24.394 | INFO     | datasets.data_processing:lmdb_dataloaders:293 - loading data... 
2023-04-29 02:20:24.395 | INFO     | datasets.data_processing:lmdb_dataloaders:295 - If this process takes long, consider setting is_load_onto_memory=False or use LMDBIterableDataset.
2023-04-29 02:20:27.320 | INFO     | __main__:objective:356 - Starting epoch #0.
2023-04-29 02:20:35.715 | INFO     | utils.logging:log_training_results:280 - 
2023-04-29 02:20:35.716 | INFO     | utils.logging:log_training_results:281 - Global Step =      0
2023-04-29 02:20:35.716 | INFO     | utils.logging:log_training_results:282 - val mean(MacRec)_t: 0.21379001438617706
2023-04-29 02:20:35.717 | INFO     | utils.logging:log_training_results:287 - val mean ABSerr: 4.335758686065674
2023-04-29 02:20:35.717 | INFO     | utils.logging:log_training_results:290 - val ausat from confmx: 0.16853228211402893
2023-04-29 02:20:35.717 | INFO     | utils.logging:log_training_results:326 - val MCE loss:1.18076 * 0.5
2023-04-29 02:20:35.718 | INFO     | utils.logging:log_training_results:333 - val LLLR :2.94858 * 0.4
2023-04-29 02:20:35.718 | INFO     | utils.logging:log_training_results:340 - val weight decay:774.88263 * 0.0009000000000000001
2023-04-29 02:20:36.703 | INFO     | utils.logging:save_sdre_imgs:710 - Figures saved.
2023-04-29 02:20:37.205 | INFO     | utils.logging:log_training_results:280 - 
2023-04-29 02:20:37.205 | INFO     | utils.logging:log_training_results:281 - Global Step =      0
2023-04-29 02:20:37.206 | INFO     | utils.logging:log_training_results:282 - train mean(MacRec)_t: 0.2606865465641022
2023-04-29 02:20:37.206 | INFO     | utils.logging:log_training_results:287 - train mean ABSerr: 4.034578323364258
2023-04-29 02:20:37.206 | INFO     | utils.logging:log_training_results:290 - train ausat from confmx: 0.21364913880825043
2023-04-29 02:20:37.207 | INFO     | utils.logging:log_training_results:326 - train MCE loss:1.17392 * 0.5
2023-04-29 02:20:37.207 | INFO     | utils.logging:log_training_results:333 - train LLLR :2.55052 * 0.4
2023-04-29 02:20:37.207 | INFO     | utils.logging:log_training_results:340 - train weight decay:774.88263 * 0.0009000000000000001
2023-04-29 02:21:36.640 | INFO     | utils.logging:log_training_results:280 - 
2023-04-29 02:21:36.640 | INFO     | utils.logging:log_training_results:281 - Global Step =    250
2023-04-29 02:21:36.641 | INFO     | utils.logging:log_training_results:282 - val mean(MacRec)_t: 0.7204467058181763
2023-04-29 02:21:36.641 | INFO     | utils.logging:log_training_results:287 - val mean ABSerr: 2.28654408454895
2023-04-29 02:21:36.641 | INFO     | utils.logging:log_training_results:290 - val ausat from confmx: 0.8605809211730957
2023-04-29 02:21:36.642 | INFO     | utils.logging:log_training_results:326 - val MCE loss:1.07274 * 0.5
2023-04-29 02:21:36.642 | INFO     | utils.logging:log_training_results:333 - val LLLR :0.64221 * 0.4
2023-04-29 02:21:36.642 | INFO     | utils.logging:log_training_results:340 - val weight decay:716.79120 * 0.0009000000000000001
2023-04-29 02:21:36.736 | INFO     | utils.checkpoint:update_and_save_result:168 - [36mBest value updated![0m
2023-04-29 02:21:36.752 | INFO     | utils.checkpoint:save_checkpoint:83 - [36mSaved checkpoint[0m at step 250.
2023-04-29 02:21:37.993 | INFO     | utils.logging:save_sdre_imgs:710 - Figures saved.
2023-04-29 02:21:38.475 | INFO     | utils.logging:log_training_results:280 - 
2023-04-29 02:21:38.476 | INFO     | utils.logging:log_training_results:281 - Global Step =    250
2023-04-29 02:21:38.476 | INFO     | utils.logging:log_training_results:282 - train mean(MacRec)_t: 0.5583161115646362
2023-04-29 02:21:38.477 | INFO     | utils.logging:log_training_results:287 - train mean ABSerr: 2.963012456893921
2023-04-29 02:21:38.477 | INFO     | utils.logging:log_training_results:290 - train ausat from confmx: 0.5993413329124451
2023-04-29 02:21:38.477 | INFO     | utils.logging:log_training_results:326 - train MCE loss:1.10532 * 0.5
2023-04-29 02:21:38.478 | INFO     | utils.logging:log_training_results:333 - train LLLR :1.09225 * 0.4
2023-04-29 02:21:38.478 | INFO     | utils.logging:log_training_results:340 - train weight decay:716.79120 * 0.0009000000000000001
2023-04-29 02:22:09.667 | INFO     | __main__:objective:356 - Starting epoch #1.
2023-04-29 02:22:38.752 | INFO     | utils.logging:log_training_results:280 - 
2023-04-29 02:22:38.753 | INFO     | utils.logging:log_training_results:281 - Global Step =    500
2023-04-29 02:22:38.753 | INFO     | utils.logging:log_training_results:282 - val mean(MacRec)_t: 0.8278199434280396
2023-04-29 02:22:38.754 | INFO     | utils.logging:log_training_results:287 - val mean ABSerr: 1.356377363204956
2023-04-29 02:22:38.754 | INFO     | utils.logging:log_training_results:290 - val ausat from confmx: 0.9595403671264648
2023-04-29 02:22:38.754 | INFO     | utils.logging:log_training_results:326 - val MCE loss:1.04501 * 0.5
2023-04-29 02:22:38.755 | INFO     | utils.logging:log_training_results:333 - val LLLR :0.40817 * 0.4
2023-04-29 02:22:38.755 | INFO     | utils.logging:log_training_results:340 - val weight decay:682.36426 * 0.0009000000000000001
2023-04-29 02:22:38.850 | INFO     | utils.checkpoint:update_and_save_result:168 - [36mBest value updated![0m
2023-04-29 02:22:38.863 | INFO     | utils.checkpoint:save_checkpoint:83 - [36mSaved checkpoint[0m at step 500.
2023-04-29 02:22:38.866 | INFO     | utils.checkpoint:keep_max_num_saved_models:101 - Removed the oldest model for max_to_keep=1
2023-04-29 02:22:39.627 | INFO     | utils.logging:save_sdre_imgs:710 - Figures saved.
2023-04-29 02:22:40.078 | INFO     | utils.logging:log_training_results:280 - 
2023-04-29 02:22:40.079 | INFO     | utils.logging:log_training_results:281 - Global Step =    500
2023-04-29 02:22:40.080 | INFO     | utils.logging:log_training_results:282 - train mean(MacRec)_t: 0.665188729763031
2023-04-29 02:22:40.080 | INFO     | utils.logging:log_training_results:287 - train mean ABSerr: 2.3104989528656006
2023-04-29 02:22:40.080 | INFO     | utils.logging:log_training_results:290 - train ausat from confmx: 0.8071584105491638
2023-04-29 02:22:40.081 | INFO     | utils.logging:log_training_results:326 - train MCE loss:1.08445 * 0.5
2023-04-29 02:22:40.081 | INFO     | utils.logging:log_training_results:333 - train LLLR :0.80831 * 0.4
2023-04-29 02:22:40.081 | INFO     | utils.logging:log_training_results:340 - train weight decay:682.36426 * 0.0009000000000000001
2023-04-29 02:23:38.916 | INFO     | utils.logging:log_training_results:280 - 
2023-04-29 02:23:38.917 | INFO     | utils.logging:log_training_results:281 - Global Step =    750
2023-04-29 02:23:38.917 | INFO     | utils.logging:log_training_results:282 - val mean(MacRec)_t: 0.8575633764266968
2023-04-29 02:23:38.918 | INFO     | utils.logging:log_training_results:287 - val mean ABSerr: 0.7960366606712341
2023-04-29 02:23:38.918 | INFO     | utils.logging:log_training_results:290 - val ausat from confmx: 0.9732654094696045
2023-04-29 02:23:38.918 | INFO     | utils.logging:log_training_results:326 - val MCE loss:1.03265 * 0.5
2023-04-29 02:23:38.919 | INFO     | utils.logging:log_training_results:333 - val LLLR :0.34076 * 0.4
2023-04-29 02:23:38.919 | INFO     | utils.logging:log_training_results:340 - val weight decay:652.13098 * 0.0009000000000000001
2023-04-29 02:23:39.013 | INFO     | utils.checkpoint:update_and_save_result:168 - [36mBest value updated![0m
2023-04-29 02:23:39.023 | INFO     | utils.checkpoint:save_checkpoint:83 - [36mSaved checkpoint[0m at step 750.
2023-04-29 02:23:39.026 | INFO     | utils.checkpoint:keep_max_num_saved_models:101 - Removed the oldest model for max_to_keep=1
2023-04-29 02:23:39.814 | INFO     | utils.logging:save_sdre_imgs:710 - Figures saved.
2023-04-29 02:23:40.255 | INFO     | utils.logging:log_training_results:280 - 
2023-04-29 02:23:40.257 | INFO     | utils.logging:log_training_results:281 - Global Step =    750
2023-04-29 02:23:40.257 | INFO     | utils.logging:log_training_results:282 - train mean(MacRec)_t: 0.7105109095573425
2023-04-29 02:23:40.257 | INFO     | utils.logging:log_training_results:287 - train mean ABSerr: 1.9566490650177002
2023-04-29 02:23:40.258 | INFO     | utils.logging:log_training_results:290 - train ausat from confmx: 0.8455911874771118
2023-04-29 02:23:40.258 | INFO     | utils.logging:log_training_results:326 - train MCE loss:1.07126 * 0.5
2023-04-29 02:23:40.258 | INFO     | utils.logging:log_training_results:333 - train LLLR :0.61950 * 0.4
2023-04-29 02:23:40.259 | INFO     | utils.logging:log_training_results:340 - train weight decay:652.13092 * 0.0009000000000000001
2023-04-29 02:23:49.947 | INFO     | __main__:objective:356 - Starting epoch #2.
2023-04-29 02:24:36.757 | INFO     | utils.logging:log_training_results:280 - 
2023-04-29 02:24:36.757 | INFO     | utils.logging:log_training_results:281 - Global Step =   1000
2023-04-29 02:24:36.758 | INFO     | utils.logging:log_training_results:282 - val mean(MacRec)_t: 0.8682532906532288
2023-04-29 02:24:36.758 | INFO     | utils.logging:log_training_results:287 - val mean ABSerr: 0.8069788217544556
2023-04-29 02:24:36.758 | INFO     | utils.logging:log_training_results:290 - val ausat from confmx: 0.979209303855896
2023-04-29 02:24:36.759 | INFO     | utils.logging:log_training_results:326 - val MCE loss:1.02929 * 0.5
2023-04-29 02:24:36.759 | INFO     | utils.logging:log_training_results:333 - val LLLR :0.31996 * 0.4
2023-04-29 02:24:36.760 | INFO     | utils.logging:log_training_results:340 - val weight decay:625.24554 * 0.0009000000000000001
2023-04-29 02:24:37.817 | INFO     | utils.logging:save_sdre_imgs:710 - Figures saved.
2023-04-29 02:24:38.267 | INFO     | utils.logging:log_training_results:280 - 
2023-04-29 02:24:38.268 | INFO     | utils.logging:log_training_results:281 - Global Step =   1000
2023-04-29 02:24:38.268 | INFO     | utils.logging:log_training_results:282 - train mean(MacRec)_t: 0.7675831317901611
2023-04-29 02:24:38.269 | INFO     | utils.logging:log_training_results:287 - train mean ABSerr: 1.698672890663147
2023-04-29 02:24:38.269 | INFO     | utils.logging:log_training_results:290 - train ausat from confmx: 0.9408061504364014
2023-04-29 02:24:38.270 | INFO     | utils.logging:log_training_results:326 - train MCE loss:1.05859 * 0.5
2023-04-29 02:24:38.270 | INFO     | utils.logging:log_training_results:333 - train LLLR :0.55491 * 0.4
2023-04-29 02:24:38.270 | INFO     | utils.logging:log_training_results:340 - train weight decay:625.24548 * 0.0009000000000000001
2023-04-29 02:25:17.640 | INFO     | __main__:objective:356 - Starting epoch #3.
2023-04-29 02:25:35.233 | INFO     | utils.logging:log_training_results:280 - 
2023-04-29 02:25:35.233 | INFO     | utils.logging:log_training_results:281 - Global Step =   1250
2023-04-29 02:25:35.234 | INFO     | utils.logging:log_training_results:282 - val mean(MacRec)_t: 0.8713533878326416
2023-04-29 02:25:35.234 | INFO     | utils.logging:log_training_results:287 - val mean ABSerr: 1.0356831550598145
2023-04-29 02:25:35.234 | INFO     | utils.logging:log_training_results:290 - val ausat from confmx: 0.9796295166015625
2023-04-29 02:25:35.235 | INFO     | utils.logging:log_training_results:326 - val MCE loss:1.03006 * 0.5
2023-04-29 02:25:35.235 | INFO     | utils.logging:log_training_results:333 - val LLLR :0.31631 * 0.4
2023-04-29 02:25:35.236 | INFO     | utils.logging:log_training_results:340 - val weight decay:601.26166 * 0.0009000000000000001
2023-04-29 02:25:36.130 | INFO     | utils.logging:save_sdre_imgs:710 - Figures saved.
2023-04-29 02:25:36.577 | INFO     | utils.logging:log_training_results:280 - 
2023-04-29 02:25:36.578 | INFO     | utils.logging:log_training_results:281 - Global Step =   1250
2023-04-29 02:25:36.578 | INFO     | utils.logging:log_training_results:282 - train mean(MacRec)_t: 0.7782447934150696
2023-04-29 02:25:36.579 | INFO     | utils.logging:log_training_results:287 - train mean ABSerr: 1.4449819326400757
2023-04-29 02:25:36.579 | INFO     | utils.logging:log_training_results:290 - train ausat from confmx: 0.9523417949676514
2023-04-29 02:25:36.579 | INFO     | utils.logging:log_training_results:326 - train MCE loss:1.05689 * 0.5
2023-04-29 02:25:36.580 | INFO     | utils.logging:log_training_results:333 - train LLLR :0.50228 * 0.4
2023-04-29 02:25:36.580 | INFO     | utils.logging:log_training_results:340 - train weight decay:601.26160 * 0.0009000000000000001
2023-04-29 02:26:33.565 | INFO     | utils.logging:log_training_results:280 - 
2023-04-29 02:26:33.566 | INFO     | utils.logging:log_training_results:281 - Global Step =   1500
2023-04-29 02:26:33.566 | INFO     | utils.logging:log_training_results:282 - val mean(MacRec)_t: 0.8723933100700378
2023-04-29 02:26:33.567 | INFO     | utils.logging:log_training_results:287 - val mean ABSerr: 1.183814525604248
2023-04-29 02:26:33.567 | INFO     | utils.logging:log_training_results:290 - val ausat from confmx: 0.980525016784668
2023-04-29 02:26:33.567 | INFO     | utils.logging:log_training_results:326 - val MCE loss:1.03142 * 0.5
2023-04-29 02:26:33.568 | INFO     | utils.logging:log_training_results:333 - val LLLR :0.31610 * 0.4
2023-04-29 02:26:33.568 | INFO     | utils.logging:log_training_results:340 - val weight decay:579.79755 * 0.0009000000000000001
2023-04-29 02:26:35.982 | INFO     | utils.logging:save_sdre_imgs:710 - Figures saved.
2023-04-29 02:26:36.432 | INFO     | utils.logging:log_training_results:280 - 
2023-04-29 02:26:36.433 | INFO     | utils.logging:log_training_results:281 - Global Step =   1500
2023-04-29 02:26:36.433 | INFO     | utils.logging:log_training_results:282 - train mean(MacRec)_t: 0.8336167931556702
2023-04-29 02:26:36.434 | INFO     | utils.logging:log_training_results:287 - train mean ABSerr: 1.2918028831481934
2023-04-29 02:26:36.434 | INFO     | utils.logging:log_training_results:290 - train ausat from confmx: 0.9618912935256958
2023-04-29 02:26:36.435 | INFO     | utils.logging:log_training_results:326 - train MCE loss:1.04872 * 0.5
2023-04-29 02:26:36.435 | INFO     | utils.logging:log_training_results:333 - train LLLR :0.40357 * 0.4
2023-04-29 02:26:36.436 | INFO     | utils.logging:log_training_results:340 - train weight decay:579.79755 * 0.0009000000000000001
2023-04-29 02:26:56.090 | INFO     | __main__:objective:356 - Starting epoch #4.
2023-04-29 02:27:35.315 | INFO     | utils.logging:log_training_results:280 - 
2023-04-29 02:27:35.316 | INFO     | utils.logging:log_training_results:281 - Global Step =   1750
2023-04-29 02:27:35.316 | INFO     | utils.logging:log_training_results:282 - val mean(MacRec)_t: 0.8727433681488037
2023-04-29 02:27:35.317 | INFO     | utils.logging:log_training_results:287 - val mean ABSerr: 1.2268227338790894
2023-04-29 02:27:35.317 | INFO     | utils.logging:log_training_results:290 - val ausat from confmx: 0.9803382754325867
2023-04-29 02:27:35.317 | INFO     | utils.logging:log_training_results:326 - val MCE loss:1.03181 * 0.5
2023-04-29 02:27:35.318 | INFO     | utils.logging:log_training_results:333 - val LLLR :0.31611 * 0.4
2023-04-29 02:27:35.318 | INFO     | utils.logging:log_training_results:340 - val weight decay:560.38843 * 0.0009000000000000001
2023-04-29 02:27:36.234 | INFO     | utils.logging:save_sdre_imgs:710 - Figures saved.
2023-04-29 02:27:36.688 | INFO     | utils.logging:log_training_results:280 - 
2023-04-29 02:27:36.689 | INFO     | utils.logging:log_training_results:281 - Global Step =   1750
2023-04-29 02:27:36.689 | INFO     | utils.logging:log_training_results:282 - train mean(MacRec)_t: 0.8308422565460205
2023-04-29 02:27:36.690 | INFO     | utils.logging:log_training_results:287 - train mean ABSerr: 1.1570314168930054
2023-04-29 02:27:36.690 | INFO     | utils.logging:log_training_results:290 - train ausat from confmx: 0.9738547205924988
2023-04-29 02:27:36.690 | INFO     | utils.logging:log_training_results:326 - train MCE loss:1.04873 * 0.5
2023-04-29 02:27:36.691 | INFO     | utils.logging:log_training_results:333 - train LLLR :0.40721 * 0.4
2023-04-29 02:27:36.691 | INFO     | utils.logging:log_training_results:340 - train weight decay:560.38843 * 0.0009000000000000001
2023-04-29 02:28:25.355 | INFO     | __main__:objective:356 - Starting epoch #5.
2023-04-29 02:28:33.095 | INFO     | utils.logging:log_training_results:280 - 
2023-04-29 02:28:33.098 | INFO     | utils.logging:log_training_results:281 - Global Step =   2000
2023-04-29 02:28:33.098 | INFO     | utils.logging:log_training_results:282 - val mean(MacRec)_t: 0.8726766705513
2023-04-29 02:28:33.099 | INFO     | utils.logging:log_training_results:287 - val mean ABSerr: 1.241540789604187
2023-04-29 02:28:33.099 | INFO     | utils.logging:log_training_results:290 - val ausat from confmx: 0.9805213212966919
2023-04-29 02:28:33.100 | INFO     | utils.logging:log_training_results:326 - val MCE loss:1.03213 * 0.5
2023-04-29 02:28:33.100 | INFO     | utils.logging:log_training_results:333 - val LLLR :0.31685 * 0.4
2023-04-29 02:28:33.100 | INFO     | utils.logging:log_training_results:340 - val weight decay:542.57758 * 0.0009000000000000001
2023-04-29 02:28:34.149 | INFO     | utils.logging:save_sdre_imgs:710 - Figures saved.
2023-04-29 02:28:34.606 | INFO     | utils.logging:log_training_results:280 - 
2023-04-29 02:28:34.607 | INFO     | utils.logging:log_training_results:281 - Global Step =   2000
2023-04-29 02:28:34.607 | INFO     | utils.logging:log_training_results:282 - train mean(MacRec)_t: 0.854418933391571
2023-04-29 02:28:34.607 | INFO     | utils.logging:log_training_results:287 - train mean ABSerr: 1.123861312866211
2023-04-29 02:28:34.608 | INFO     | utils.logging:log_training_results:290 - train ausat from confmx: 0.9614558219909668
2023-04-29 02:28:34.608 | INFO     | utils.logging:log_training_results:326 - train MCE loss:1.03665 * 0.5
2023-04-29 02:28:34.608 | INFO     | utils.logging:log_training_results:333 - train LLLR :0.34110 * 0.4
2023-04-29 02:28:34.609 | INFO     | utils.logging:log_training_results:340 - train weight decay:542.57751 * 0.0009000000000000001
2023-04-29 02:29:31.258 | INFO     | utils.logging:log_training_results:280 - 
2023-04-29 02:29:31.258 | INFO     | utils.logging:log_training_results:281 - Global Step =   2250
2023-04-29 02:29:31.259 | INFO     | utils.logging:log_training_results:282 - val mean(MacRec)_t: 0.872553288936615
2023-04-29 02:29:31.259 | INFO     | utils.logging:log_training_results:287 - val mean ABSerr: 1.2256126403808594
2023-04-29 02:29:31.259 | INFO     | utils.logging:log_training_results:290 - val ausat from confmx: 0.979855477809906
2023-04-29 02:29:31.260 | INFO     | utils.logging:log_training_results:326 - val MCE loss:1.03205 * 0.5
2023-04-29 02:29:31.260 | INFO     | utils.logging:log_training_results:333 - val LLLR :0.31719 * 0.4
2023-04-29 02:29:31.260 | INFO     | utils.logging:log_training_results:340 - val weight decay:525.89758 * 0.0009000000000000001
2023-04-29 02:29:32.135 | INFO     | utils.logging:save_sdre_imgs:710 - Figures saved.
2023-04-29 02:29:32.579 | INFO     | utils.logging:log_training_results:280 - 
2023-04-29 02:29:32.579 | INFO     | utils.logging:log_training_results:281 - Global Step =   2250
2023-04-29 02:29:32.580 | INFO     | utils.logging:log_training_results:282 - train mean(MacRec)_t: 0.8519150614738464
2023-04-29 02:29:32.580 | INFO     | utils.logging:log_training_results:287 - train mean ABSerr: 1.0336092710494995
2023-04-29 02:29:32.581 | INFO     | utils.logging:log_training_results:290 - train ausat from confmx: 0.9701946377754211
2023-04-29 02:29:32.581 | INFO     | utils.logging:log_training_results:326 - train MCE loss:1.04070 * 0.5
2023-04-29 02:29:32.581 | INFO     | utils.logging:log_training_results:333 - train LLLR :0.36082 * 0.4
2023-04-29 02:29:32.582 | INFO     | utils.logging:log_training_results:340 - train weight decay:525.89752 * 0.0009000000000000001
2023-04-29 02:30:01.281 | INFO     | __main__:objective:356 - Starting epoch #6.
2023-04-29 02:30:27.637 | INFO     | utils.logging:log_training_results:280 - 
2023-04-29 02:30:27.638 | INFO     | utils.logging:log_training_results:281 - Global Step =   2500
2023-04-29 02:30:27.638 | INFO     | utils.logging:log_training_results:282 - val mean(MacRec)_t: 0.8725267052650452
2023-04-29 02:30:27.638 | INFO     | utils.logging:log_training_results:287 - val mean ABSerr: 1.1847385168075562
2023-04-29 02:30:27.639 | INFO     | utils.logging:log_training_results:290 - val ausat from confmx: 0.9806252717971802
2023-04-29 02:30:27.639 | INFO     | utils.logging:log_training_results:326 - val MCE loss:1.03153 * 0.5
2023-04-29 02:30:27.639 | INFO     | utils.logging:log_training_results:333 - val LLLR :0.31696 * 0.4
2023-04-29 02:30:27.640 | INFO     | utils.logging:log_training_results:340 - val weight decay:509.89365 * 0.0009000000000000001
2023-04-29 02:30:28.489 | INFO     | utils.logging:save_sdre_imgs:710 - Figures saved.
2023-04-29 02:30:28.914 | INFO     | utils.logging:log_training_results:280 - 
2023-04-29 02:30:28.915 | INFO     | utils.logging:log_training_results:281 - Global Step =   2500
2023-04-29 02:30:28.915 | INFO     | utils.logging:log_training_results:282 - train mean(MacRec)_t: 0.8673507571220398
2023-04-29 02:30:28.916 | INFO     | utils.logging:log_training_results:287 - train mean ABSerr: 1.000925898551941
2023-04-29 02:30:28.916 | INFO     | utils.logging:log_training_results:290 - train ausat from confmx: 0.9746579527854919
2023-04-29 02:30:28.916 | INFO     | utils.logging:log_training_results:326 - train MCE loss:1.03360 * 0.5
2023-04-29 02:30:28.917 | INFO     | utils.logging:log_training_results:333 - train LLLR :0.31301 * 0.4
2023-04-29 02:30:28.917 | INFO     | utils.logging:log_training_results:340 - train weight decay:509.89362 * 0.0009000000000000001
2023-04-29 02:31:23.316 | INFO     | utils.logging:log_training_results:280 - 
2023-04-29 02:31:23.317 | INFO     | utils.logging:log_training_results:281 - Global Step =   2750
2023-04-29 02:31:23.318 | INFO     | utils.logging:log_training_results:282 - val mean(MacRec)_t: 0.8720433712005615
2023-04-29 02:31:23.318 | INFO     | utils.logging:log_training_results:287 - val mean ABSerr: 1.172430396080017
2023-04-29 02:31:23.319 | INFO     | utils.logging:log_training_results:290 - val ausat from confmx: 0.9801449179649353
2023-04-29 02:31:23.319 | INFO     | utils.logging:log_training_results:326 - val MCE loss:1.03160 * 0.5
2023-04-29 02:31:23.319 | INFO     | utils.logging:log_training_results:333 - val LLLR :0.31789 * 0.4
2023-04-29 02:31:23.320 | INFO     | utils.logging:log_training_results:340 - val weight decay:494.32990 * 0.0009000000000000001
2023-04-29 02:31:24.185 | INFO     | utils.logging:save_sdre_imgs:710 - Figures saved.
2023-04-29 02:31:24.624 | INFO     | utils.logging:log_training_results:280 - 
2023-04-29 02:31:24.625 | INFO     | utils.logging:log_training_results:281 - Global Step =   2750
2023-04-29 02:31:24.626 | INFO     | utils.logging:log_training_results:282 - train mean(MacRec)_t: 0.857367753982544
2023-04-29 02:31:24.626 | INFO     | utils.logging:log_training_results:287 - train mean ABSerr: 0.9786115884780884
2023-04-29 02:31:24.627 | INFO     | utils.logging:log_training_results:290 - train ausat from confmx: 0.9750366806983948
2023-04-29 02:31:24.627 | INFO     | utils.logging:log_training_results:326 - train MCE loss:1.03298 * 0.5
2023-04-29 02:31:24.627 | INFO     | utils.logging:log_training_results:333 - train LLLR :0.36374 * 0.4
2023-04-29 02:31:24.628 | INFO     | utils.logging:log_training_results:340 - train weight decay:494.32986 * 0.0009000000000000001
2023-04-29 02:31:33.961 | INFO     | __main__:objective:356 - Starting epoch #7.
2023-04-29 02:32:19.754 | INFO     | utils.logging:log_training_results:280 - 
2023-04-29 02:32:19.755 | INFO     | utils.logging:log_training_results:281 - Global Step =   3000
2023-04-29 02:32:19.756 | INFO     | utils.logging:log_training_results:282 - val mean(MacRec)_t: 0.8718666434288025
2023-04-29 02:32:19.756 | INFO     | utils.logging:log_training_results:287 - val mean ABSerr: 1.1397194862365723
2023-04-29 02:32:19.756 | INFO     | utils.logging:log_training_results:290 - val ausat from confmx: 0.9794967770576477
2023-04-29 02:32:19.757 | INFO     | utils.logging:log_training_results:326 - val MCE loss:1.03132 * 0.5
2023-04-29 02:32:19.757 | INFO     | utils.logging:log_training_results:333 - val LLLR :0.31803 * 0.4
2023-04-29 02:32:19.757 | INFO     | utils.logging:log_training_results:340 - val weight decay:478.99814 * 0.0009000000000000001
2023-04-29 02:32:20.653 | INFO     | utils.logging:save_sdre_imgs:710 - Figures saved.
2023-04-29 02:32:21.096 | INFO     | utils.logging:log_training_results:280 - 
2023-04-29 02:32:21.096 | INFO     | utils.logging:log_training_results:281 - Global Step =   3000
2023-04-29 02:32:21.097 | INFO     | utils.logging:log_training_results:282 - train mean(MacRec)_t: 0.8413970470428467
2023-04-29 02:32:21.097 | INFO     | utils.logging:log_training_results:287 - train mean ABSerr: 1.0232423543930054
2023-04-29 02:32:21.097 | INFO     | utils.logging:log_training_results:290 - train ausat from confmx: 0.9757904410362244
2023-04-29 02:32:21.098 | INFO     | utils.logging:log_training_results:326 - train MCE loss:1.03824 * 0.5
2023-04-29 02:32:21.098 | INFO     | utils.logging:log_training_results:333 - train LLLR :0.38079 * 0.4
2023-04-29 02:32:21.098 | INFO     | utils.logging:log_training_results:340 - train weight decay:478.99811 * 0.0009000000000000001
2023-04-29 02:32:59.806 | INFO     | __main__:objective:356 - Starting epoch #8.
2023-04-29 02:33:17.141 | INFO     | utils.logging:log_training_results:280 - 
2023-04-29 02:33:17.142 | INFO     | utils.logging:log_training_results:281 - Global Step =   3250
2023-04-29 02:33:17.142 | INFO     | utils.logging:log_training_results:282 - val mean(MacRec)_t: 0.8716533184051514
2023-04-29 02:33:17.143 | INFO     | utils.logging:log_training_results:287 - val mean ABSerr: 1.115641713142395
2023-04-29 02:33:17.143 | INFO     | utils.logging:log_training_results:290 - val ausat from confmx: 0.9803531765937805
2023-04-29 02:33:17.144 | INFO     | utils.logging:log_training_results:326 - val MCE loss:1.03104 * 0.5
2023-04-29 02:33:17.144 | INFO     | utils.logging:log_training_results:333 - val LLLR :0.31813 * 0.4
2023-04-29 02:33:17.145 | INFO     | utils.logging:log_training_results:340 - val weight decay:463.95554 * 0.0009000000000000001
2023-04-29 02:33:18.018 | INFO     | utils.logging:save_sdre_imgs:710 - Figures saved.
2023-04-29 02:33:18.459 | INFO     | utils.logging:log_training_results:280 - 
2023-04-29 02:33:18.460 | INFO     | utils.logging:log_training_results:281 - Global Step =   3250
2023-04-29 02:33:18.460 | INFO     | utils.logging:log_training_results:282 - train mean(MacRec)_t: 0.8619282245635986
2023-04-29 02:33:18.461 | INFO     | utils.logging:log_training_results:287 - train mean ABSerr: 0.9343389272689819
2023-04-29 02:33:18.461 | INFO     | utils.logging:log_training_results:290 - train ausat from confmx: 0.9749893546104431
2023-04-29 02:33:18.461 | INFO     | utils.logging:log_training_results:326 - train MCE loss:1.03163 * 0.5
2023-04-29 02:33:18.462 | INFO     | utils.logging:log_training_results:333 - train LLLR :0.33326 * 0.4
2023-04-29 02:33:18.462 | INFO     | utils.logging:log_training_results:340 - train weight decay:463.95554 * 0.0009000000000000001
2023-04-29 02:34:13.441 | INFO     | utils.logging:log_training_results:280 - 
2023-04-29 02:34:13.442 | INFO     | utils.logging:log_training_results:281 - Global Step =   3500
2023-04-29 02:34:13.442 | INFO     | utils.logging:log_training_results:282 - val mean(MacRec)_t: 0.8714466691017151
2023-04-29 02:34:13.443 | INFO     | utils.logging:log_training_results:287 - val mean ABSerr: 1.0828309059143066
2023-04-29 02:34:13.443 | INFO     | utils.logging:log_training_results:290 - val ausat from confmx: 0.9798996448516846
2023-04-29 02:34:13.444 | INFO     | utils.logging:log_training_results:326 - val MCE loss:1.03076 * 0.5
2023-04-29 02:34:13.444 | INFO     | utils.logging:log_training_results:333 - val LLLR :0.31815 * 0.4
2023-04-29 02:34:13.444 | INFO     | utils.logging:log_training_results:340 - val weight decay:449.27682 * 0.0009000000000000001
2023-04-29 02:34:14.513 | INFO     | utils.logging:save_sdre_imgs:710 - Figures saved.
2023-04-29 02:34:14.947 | INFO     | utils.logging:log_training_results:280 - 
2023-04-29 02:34:14.947 | INFO     | utils.logging:log_training_results:281 - Global Step =   3500
2023-04-29 02:34:14.948 | INFO     | utils.logging:log_training_results:282 - train mean(MacRec)_t: 0.8472735285758972
2023-04-29 02:34:14.948 | INFO     | utils.logging:log_training_results:287 - train mean ABSerr: 0.8963693380355835
2023-04-29 02:34:14.948 | INFO     | utils.logging:log_training_results:290 - train ausat from confmx: 0.9811077117919922
2023-04-29 02:34:14.949 | INFO     | utils.logging:log_training_results:326 - train MCE loss:1.03501 * 0.5
2023-04-29 02:34:14.949 | INFO     | utils.logging:log_training_results:333 - train LLLR :0.35839 * 0.4
2023-04-29 02:34:14.949 | INFO     | utils.logging:log_training_results:340 - train weight decay:449.27682 * 0.0009000000000000001
2023-04-29 02:34:33.743 | INFO     | __main__:objective:356 - Starting epoch #9.
2023-04-29 02:35:09.797 | INFO     | utils.logging:log_training_results:280 - 
2023-04-29 02:35:09.798 | INFO     | utils.logging:log_training_results:281 - Global Step =   3750
2023-04-29 02:35:09.798 | INFO     | utils.logging:log_training_results:282 - val mean(MacRec)_t: 0.8712666034698486
2023-04-29 02:35:09.799 | INFO     | utils.logging:log_training_results:287 - val mean ABSerr: 1.06973397731781
2023-04-29 02:35:09.799 | INFO     | utils.logging:log_training_results:290 - val ausat from confmx: 0.9795591235160828
2023-04-29 02:35:09.799 | INFO     | utils.logging:log_training_results:326 - val MCE loss:1.03074 * 0.5
2023-04-29 02:35:09.800 | INFO     | utils.logging:log_training_results:333 - val LLLR :0.31860 * 0.4
2023-04-29 02:35:09.800 | INFO     | utils.logging:log_training_results:340 - val weight decay:435.05313 * 0.0009000000000000001
2023-04-29 02:35:10.670 | INFO     | utils.logging:save_sdre_imgs:710 - Figures saved.
2023-04-29 02:35:11.108 | INFO     | utils.logging:log_training_results:280 - 
2023-04-29 02:35:11.108 | INFO     | utils.logging:log_training_results:281 - Global Step =   3750
2023-04-29 02:35:11.109 | INFO     | utils.logging:log_training_results:282 - train mean(MacRec)_t: 0.8611325025558472
2023-04-29 02:35:11.109 | INFO     | utils.logging:log_training_results:287 - train mean ABSerr: 0.8716702461242676
2023-04-29 02:35:11.109 | INFO     | utils.logging:log_training_results:290 - train ausat from confmx: 0.9686805009841919
2023-04-29 02:35:11.110 | INFO     | utils.logging:log_training_results:326 - train MCE loss:1.02962 * 0.5
2023-04-29 02:35:11.110 | INFO     | utils.logging:log_training_results:333 - train LLLR :0.33372 * 0.4
2023-04-29 02:35:11.110 | INFO     | utils.logging:log_training_results:340 - train weight decay:435.05313 * 0.0009000000000000001
2023-04-29 02:35:59.727 | INFO     | utils.logging:investigate_log:155 - num_warning=0/num_error=0 in the .log file.
2023-04-29 02:35:59.920 | INFO     | optuna.study.study:_log_completed_trial:1020 - Trial 17 finished with value: 0.7960366606712341 and parameters: {'LIST_IS_POSITIONAL_ENCODING': False, 'LIST_MODEL_BACKBONE': 'Transformer', 'LIST_WEIGHT_DECAY': 0.0009000000000000001, 'LIST_LEARNING_RATE': 4.3081192723771894e-05, 'LIST_LLLR_VERSION': 'LSEL', 'LIST_ACTIVATION_FC': 'gelu', 'LIST_PARAM_MULTIPLET_LOSS': 0.5, 'LIST_PARAM_LLR_LOSS': 0.4, 'LIST_IS_ADAPTIVE_LOSS': False, 'LIST_ORDER_SPRT': 0, 'LIST_OPTIMIZER': 'rmsprop', 'LIST_IS_NORMALIZE': True, 'LIST_NUM_THRESH': 1000, 'LIST_SPARSITY': 'linspace', 'LIST_NUM_BLOCKS': 1, 'LIST_NUM_HEADS': 4, 'LIST_DROPOUT': 0.5, 'LIST_FF_DIM': 32, 'LIST_MLP_UNITS': 64}. Best is trial 16 with value: 0.17351768910884857.
2023-04-29 02:35:59.938 | INFO     | utils.hyperparameter_tuning:suggest_parameters:560 - [33mStarting a tuning phase.[0m
2023-04-29 02:36:01.557 | INFO     | utils.hyperparameter_tuning:print:394 - 
+------------------------------------------+
|   Hyperparameteres suggested by Optuna   |
+------------------------+-----------------+
|     Parameter name     | Suggested value |
+------------------------+-----------------+
|     ACTIVATION_FC      |       gelu      |
|    ACTIVATION_INPUT    |       tanh      |
|   ACTIVATION_OUTPUT    |     B2Bcbrt     |
|    IS_ADAPTIVE_LOSS    |      False      |
|      IS_NORMALIZE      |      False      |
| IS_POSITIONAL_ENCODING |       True      |
| IS_TRAINABLE_ENCODING  |       True      |
|     LEARNING_RATE      |    4.4648e-05   |
|      LLLR_VERSION      |       LLLR      |
|     MODEL_BACKBONE     |       LSTM      |
|       NUM_THRESH       |       1500      |
|       OPTIMIZER        |     rmsprop     |
|       ORDER_SPRT       |        1        |
|     PARAM_LLR_LOSS     |       0.3       |
|  PARAM_MULTIPLET_LOSS  |       0.5       |
|        SPARSITY        |     linspace    |
|      WEIGHT_DECAY      |      0.0009     |
|       WIDTH_LSTM       |        42       |
+------------------------+-----------------+
2023-04-29 02:36:01.558 | INFO     | utils.misc:create_directories_and_log:291 - [33mA new log directory was created: [0m/home/afe/Dropbox/GitHub/SPRT-TANDEM-PyTorch/logs/public_offset0_5_optimmabs_tuning/checkpoints/LSTM_20230429_023601558/configs
2023-04-29 02:36:01.559 | INFO     | utils.misc:create_directories_and_log:291 - [33mA new log directory was created: [0m/home/afe/Dropbox/GitHub/SPRT-TANDEM-PyTorch/logs/public_offset0_5_optimmabs_tuning/TensorBoard_events/LSTM_20230429_023601558
