2023-04-30 00:15:38.551 | INFO     | utils.misc:fix_random_seed:405 - Random seed is not fixed.
2023-04-30 00:15:38.584 | INFO     | models.temporal_integrators:summarize:568 - 
:'######::'########::'########::'########::::::::::::::::::::::
'##... ##: ##.... ##: ##.... ##:... ##..:::::::::::::::::::::::
 ##:::..:: ##:::: ##: ##:::: ##:::: ##:::::::::::::::::::::::::
. ######:: ########:: ########::::: ##::::'#######:::::::::::::
:..... ##: ##.....::: ##.. ##:::::: ##::::........:::::::::::::
'##::: ##: ##:::::::: ##::. ##::::: ##:::::::::::::::::::::::::
. ######:: ##:::::::: ##:::. ##:::: ##:::::::::::::::::::::::::
:......:::..:::::::::..:::::..:::::..::::::::::::::::::::::::::
'########::::'###::::'##::: ##:'########::'########:'##::::'##:
... ##..::::'## ##::: ###:: ##: ##.... ##: ##.....:: ###::'###:
::: ##:::::'##:. ##:: ####: ##: ##:::: ##: ##::::::: ####'####:
::: ##::::'##:::. ##: ## ## ##: ##:::: ##: ######::: ## ### ##:
::: ##:::: #########: ##. ####: ##:::: ##: ##...:::: ##. #: ##:
::: ##:::: ##.... ##: ##:. ###: ##:::: ##: ##::::::: ##:.:: ##:
::: ##:::: ##:::: ##: ##::. ##: ########:: ########: ##:::: ##:
:::..:::::..:::::..::..::::..::........:::........::..:::::..::

2023-04-30 00:15:38.585 | INFO     | models.temporal_integrators:summarize:571 - [34mofficial PyTorch implementation.[0m
2023-04-30 00:15:38.686 | INFO     | models.temporal_integrators:summarize:593 - Network summary:
===============================================================================================
Layer (type:depth-idx)                        Output Shape              Param #
===============================================================================================
TANDEMformer                                  [150, 50, 3, 3]           771
├─TransformerEncoder: 1-1                     [6750, 1, 128]            --
│    └─ModuleList: 2-6                        --                        (recursive)
│    │    └─TransformerEncoderLayer: 3-1      [6750, 1, 128]            74,912
├─Linear: 1-2                                 [6750, 64]                8,256
├─Dropout: 1-3                                [6750, 64]                --
├─TransformerEncoder: 1-4                     [6750, 2, 128]            (recursive)
│    └─ModuleList: 2-6                        --                        (recursive)
│    │    └─TransformerEncoderLayer: 3-2      [6750, 2, 128]            (recursive)
├─Linear: 1-5                                 [6750, 64]                (recursive)
├─Dropout: 1-6                                [6750, 64]                --
├─TransformerEncoder: 1-7                     [6750, 3, 128]            (recursive)
│    └─ModuleList: 2-6                        --                        (recursive)
│    │    └─TransformerEncoderLayer: 3-3      [6750, 3, 128]            (recursive)
├─Linear: 1-8                                 [6750, 64]                (recursive)
├─Dropout: 1-9                                [6750, 64]                --
├─TransformerEncoder: 1-10                    [6750, 4, 128]            (recursive)
│    └─ModuleList: 2-6                        --                        (recursive)
│    │    └─TransformerEncoderLayer: 3-4      [6750, 4, 128]            (recursive)
├─Linear: 1-11                                [6750, 64]                (recursive)
├─Dropout: 1-12                               [6750, 64]                --
├─TransformerEncoder: 1-13                    [6750, 5, 128]            (recursive)
│    └─ModuleList: 2-6                        --                        (recursive)
│    │    └─TransformerEncoderLayer: 3-5      [6750, 5, 128]            (recursive)
├─Linear: 1-14                                [6750, 64]                (recursive)
├─Dropout: 1-15                               [6750, 64]                --
├─TransformerEncoder: 1-16                    [6750, 6, 128]            (recursive)
│    └─ModuleList: 2-6                        --                        (recursive)
│    │    └─TransformerEncoderLayer: 3-6      [6750, 6, 128]            (recursive)
├─Linear: 1-17                                [6750, 64]                (recursive)
├─Dropout: 1-18                               [6750, 64]                --
├─GELU: 1-19                                  [6750, 64]                --
├─Linear: 1-20                                [6750, 3]                 195
├─GELU: 1-21                                  [6750, 64]                --
├─Linear: 1-22                                [6750, 3]                 (recursive)
├─GELU: 1-23                                  [6750, 64]                --
├─Linear: 1-24                                [6750, 3]                 (recursive)
├─GELU: 1-25                                  [6750, 64]                --
├─Linear: 1-26                                [6750, 3]                 (recursive)
├─GELU: 1-27                                  [6750, 64]                --
├─Linear: 1-28                                [6750, 3]                 (recursive)
├─GELU: 1-29                                  [6750, 64]                --
├─Linear: 1-30                                [6750, 3]                 (recursive)
===============================================================================================
Total params: 84,134
Trainable params: 84,134
Non-trainable params: 0
Total mult-adds (M): 342.27
===============================================================================================
Input size (MB): 3.84
Forward/backward pass size (MB): 21.71
Params size (MB): 0.03
Estimated Total Size (MB): 25.58
===============================================================================================
2023-04-30 00:15:38.689 | INFO     | models.temporal_integrators:summarize:594 - Example input shape: torch.Size([150, 50, 128])
2023-04-30 00:15:38.690 | INFO     | models.temporal_integrators:summarize:595 - Example output shape: torch.Size([150, 50, 3, 3])
2023-04-30 00:15:38.692 | INFO     | models.temporal_integrators:import_model:58 - model moved onto: [33mcuda.[0m
2023-04-30 00:15:38.693 | INFO     | models.optimizers:initialize_optimizer:44 - Optimizer:
AdamW (
Parameter Group 0
    amsgrad: False
    betas: (0.9, 0.999)
    capturable: False
    differentiable: False
    eps: 1e-08
    foreach: None
    fused: None
    lr: 0.00012946075699988663
    maximize: False
    weight_decay: 0.0008
)
2023-04-30 00:15:38.693 | INFO     | datasets.data_processing:lmdb_dataloaders:293 - loading data... 
2023-04-30 00:15:38.693 | INFO     | datasets.data_processing:lmdb_dataloaders:295 - If this process takes long, consider setting is_load_onto_memory=False or use LMDBIterableDataset.
2023-04-30 00:15:41.598 | INFO     | __main__:objective:356 - Starting epoch #0.
2023-04-30 00:15:44.547 | INFO     | utils.logging:log_training_results:280 - 
2023-04-30 00:15:44.548 | INFO     | utils.logging:log_training_results:281 - Global Step =      0
2023-04-30 00:15:44.548 | INFO     | utils.logging:log_training_results:282 - val mean(MacRec)_t: 0.28133001923561096
2023-04-30 00:15:44.548 | INFO     | utils.logging:log_training_results:287 - val mean ABSerr: 3.5220110416412354
2023-04-30 00:15:44.549 | INFO     | utils.logging:log_training_results:290 - val ausat from confmx: 0.2630288600921631
2023-04-30 00:15:44.549 | INFO     | utils.logging:log_training_results:301 - val MCE loss:1.10600 * 0.4 * -0.22146
2023-04-30 00:15:44.550 | INFO     | utils.logging:log_training_results:309 - val LLLR :1.16316 * 0.0 * -0.79316
2023-04-30 00:15:44.550 | INFO     | utils.logging:log_training_results:317 - val weight decay:1394.33911 * 0.0008 * 0.48348
2023-04-30 00:15:45.509 | INFO     | utils.logging:save_sdre_imgs:710 - Figures saved.
2023-04-30 00:15:45.870 | INFO     | utils.logging:log_training_results:280 - 
2023-04-30 00:15:45.871 | INFO     | utils.logging:log_training_results:281 - Global Step =      0
2023-04-30 00:15:45.871 | INFO     | utils.logging:log_training_results:282 - train mean(MacRec)_t: 0.28553006052970886
2023-04-30 00:15:45.871 | INFO     | utils.logging:log_training_results:287 - train mean ABSerr: 3.5381357669830322
2023-04-30 00:15:45.872 | INFO     | utils.logging:log_training_results:290 - train ausat from confmx: 0.2704799771308899
2023-04-30 00:15:45.872 | INFO     | utils.logging:log_training_results:301 - train MCE loss:1.10789 * 0.4 * -0.22159
2023-04-30 00:15:45.873 | INFO     | utils.logging:log_training_results:309 - train LLLR :1.26426 * 0.0 * -0.79303
2023-04-30 00:15:45.873 | INFO     | utils.logging:log_training_results:317 - train weight decay:1394.33899 * 0.0008 * 0.48361
2023-04-30 00:16:16.071 | INFO     | utils.logging:log_training_results:280 - 
2023-04-30 00:16:16.072 | INFO     | utils.logging:log_training_results:281 - Global Step =    250
2023-04-30 00:16:16.073 | INFO     | utils.logging:log_training_results:282 - val mean(MacRec)_t: 0.871470034122467
2023-04-30 00:16:16.073 | INFO     | utils.logging:log_training_results:287 - val mean ABSerr: 0.3592354655265808
2023-04-30 00:16:16.073 | INFO     | utils.logging:log_training_results:290 - val ausat from confmx: 0.9788202047348022
2023-04-30 00:16:16.074 | INFO     | utils.logging:log_training_results:301 - val MCE loss:0.85887 * 0.4 * -0.24816
2023-04-30 00:16:16.074 | INFO     | utils.logging:log_training_results:309 - val LLLR :0.30322 * 0.0 * -0.76048
2023-04-30 00:16:16.075 | INFO     | utils.logging:log_training_results:317 - val weight decay:1247.68347 * 0.0008 * 0.51253
2023-04-30 00:16:16.207 | INFO     | utils.checkpoint:update_and_save_result:168 - [36mBest value updated![0m
2023-04-30 00:16:16.221 | INFO     | utils.checkpoint:save_checkpoint:83 - [36mSaved checkpoint[0m at step 250.
2023-04-30 00:16:17.057 | INFO     | utils.logging:save_sdre_imgs:710 - Figures saved.
2023-04-30 00:16:17.421 | INFO     | utils.logging:log_training_results:280 - 
2023-04-30 00:16:17.421 | INFO     | utils.logging:log_training_results:281 - Global Step =    250
2023-04-30 00:16:17.421 | INFO     | utils.logging:log_training_results:282 - train mean(MacRec)_t: 0.8424517512321472
2023-04-30 00:16:17.422 | INFO     | utils.logging:log_training_results:287 - train mean ABSerr: 1.0880885124206543
2023-04-30 00:16:17.422 | INFO     | utils.logging:log_training_results:290 - train ausat from confmx: 0.9702856540679932
2023-04-30 00:16:17.423 | INFO     | utils.logging:log_training_results:301 - train MCE loss:0.88582 * 0.4 * -0.24824
2023-04-30 00:16:17.423 | INFO     | utils.logging:log_training_results:309 - train LLLR :0.37010 * 0.0 * -0.76035
2023-04-30 00:16:17.423 | INFO     | utils.logging:log_training_results:317 - train weight decay:1247.68335 * 0.0008 * 0.51263
2023-04-30 00:16:33.900 | INFO     | __main__:objective:356 - Starting epoch #1.
2023-04-30 00:16:47.831 | INFO     | utils.logging:log_training_results:280 - 
2023-04-30 00:16:47.831 | INFO     | utils.logging:log_training_results:281 - Global Step =    500
2023-04-30 00:16:47.832 | INFO     | utils.logging:log_training_results:282 - val mean(MacRec)_t: 0.8756433129310608
2023-04-30 00:16:47.832 | INFO     | utils.logging:log_training_results:287 - val mean ABSerr: 0.24267041683197021
2023-04-30 00:16:47.833 | INFO     | utils.logging:log_training_results:290 - val ausat from confmx: 0.9835869073867798
2023-04-30 00:16:47.833 | INFO     | utils.logging:log_training_results:301 - val MCE loss:0.85625 * 0.4 * -0.26898
2023-04-30 00:16:47.834 | INFO     | utils.logging:log_training_results:309 - val LLLR :0.29479 * 0.0 * -0.72716
2023-04-30 00:16:47.834 | INFO     | utils.logging:log_training_results:317 - val weight decay:1150.82153 * 0.0008 * 0.53556
2023-04-30 00:16:47.964 | INFO     | utils.checkpoint:update_and_save_result:168 - [36mBest value updated![0m
2023-04-30 00:16:47.978 | INFO     | utils.checkpoint:save_checkpoint:83 - [36mSaved checkpoint[0m at step 500.
2023-04-30 00:16:47.981 | INFO     | utils.checkpoint:keep_max_num_saved_models:101 - Removed the oldest model for max_to_keep=1
2023-04-30 00:16:48.813 | INFO     | utils.logging:save_sdre_imgs:710 - Figures saved.
2023-04-30 00:16:49.161 | INFO     | utils.logging:log_training_results:280 - 
2023-04-30 00:16:49.163 | INFO     | utils.logging:log_training_results:281 - Global Step =    500
2023-04-30 00:16:49.164 | INFO     | utils.logging:log_training_results:282 - train mean(MacRec)_t: 0.8316267132759094
2023-04-30 00:16:49.164 | INFO     | utils.logging:log_training_results:287 - train mean ABSerr: 0.8991800546646118
2023-04-30 00:16:49.164 | INFO     | utils.logging:log_training_results:290 - train ausat from confmx: 0.9832200407981873
2023-04-30 00:16:49.165 | INFO     | utils.logging:log_training_results:301 - train MCE loss:0.86881 * 0.4 * -0.26906
2023-04-30 00:16:49.165 | INFO     | utils.logging:log_training_results:309 - train LLLR :0.40136 * 0.0 * -0.72703
2023-04-30 00:16:49.165 | INFO     | utils.logging:log_training_results:317 - train weight decay:1150.82141 * 0.0008 * 0.53564
2023-04-30 00:17:19.634 | INFO     | utils.logging:log_training_results:280 - 
2023-04-30 00:17:19.635 | INFO     | utils.logging:log_training_results:281 - Global Step =    750
2023-04-30 00:17:19.635 | INFO     | utils.logging:log_training_results:282 - val mean(MacRec)_t: 0.8759933114051819
2023-04-30 00:17:19.636 | INFO     | utils.logging:log_training_results:287 - val mean ABSerr: 0.18283824622631073
2023-04-30 00:17:19.636 | INFO     | utils.logging:log_training_results:290 - val ausat from confmx: 0.983697235584259
2023-04-30 00:17:19.636 | INFO     | utils.logging:log_training_results:301 - val MCE loss:0.85575 * 0.4 * -0.28745
2023-04-30 00:17:19.637 | INFO     | utils.logging:log_training_results:309 - val LLLR :0.29344 * 0.0 * -0.69319
2023-04-30 00:17:19.637 | INFO     | utils.logging:log_training_results:317 - val weight decay:1073.29578 * 0.0008 * 0.55361
2023-04-30 00:17:19.766 | INFO     | utils.checkpoint:update_and_save_result:168 - [36mBest value updated![0m
2023-04-30 00:17:19.781 | INFO     | utils.checkpoint:save_checkpoint:83 - [36mSaved checkpoint[0m at step 750.
2023-04-30 00:17:19.783 | INFO     | utils.checkpoint:keep_max_num_saved_models:101 - Removed the oldest model for max_to_keep=1
2023-04-30 00:17:20.616 | INFO     | utils.logging:save_sdre_imgs:710 - Figures saved.
2023-04-30 00:17:20.977 | INFO     | utils.logging:log_training_results:280 - 
2023-04-30 00:17:20.977 | INFO     | utils.logging:log_training_results:281 - Global Step =    750
2023-04-30 00:17:20.978 | INFO     | utils.logging:log_training_results:282 - train mean(MacRec)_t: 0.8464314341545105
2023-04-30 00:17:20.978 | INFO     | utils.logging:log_training_results:287 - train mean ABSerr: 0.9786835312843323
2023-04-30 00:17:20.978 | INFO     | utils.logging:log_training_results:290 - train ausat from confmx: 0.9697871208190918
2023-04-30 00:17:20.979 | INFO     | utils.logging:log_training_results:301 - train MCE loss:0.85306 * 0.4 * -0.28752
2023-04-30 00:17:20.979 | INFO     | utils.logging:log_training_results:309 - train LLLR :0.36112 * 0.0 * -0.69305
2023-04-30 00:17:20.980 | INFO     | utils.logging:log_training_results:317 - train weight decay:1073.29578 * 0.0008 * 0.55368
2023-04-30 00:17:26.457 | INFO     | __main__:objective:356 - Starting epoch #2.
2023-04-30 00:17:51.457 | INFO     | utils.logging:log_training_results:280 - 
2023-04-30 00:17:51.458 | INFO     | utils.logging:log_training_results:281 - Global Step =   1000
2023-04-30 00:17:51.458 | INFO     | utils.logging:log_training_results:282 - val mean(MacRec)_t: 0.8757033348083496
2023-04-30 00:17:51.458 | INFO     | utils.logging:log_training_results:287 - val mean ABSerr: 0.15958262979984283
2023-04-30 00:17:51.459 | INFO     | utils.logging:log_training_results:290 - val ausat from confmx: 0.9839216470718384
2023-04-30 00:17:51.459 | INFO     | utils.logging:log_training_results:301 - val MCE loss:0.85557 * 0.4 * -0.30373
2023-04-30 00:17:51.460 | INFO     | utils.logging:log_training_results:309 - val LLLR :0.29375 * 0.0 * -0.65856
2023-04-30 00:17:51.460 | INFO     | utils.logging:log_training_results:317 - val weight decay:1007.32129 * 0.0008 * 0.56729
2023-04-30 00:17:51.583 | INFO     | utils.checkpoint:update_and_save_result:168 - [36mBest value updated![0m
2023-04-30 00:17:51.598 | INFO     | utils.checkpoint:save_checkpoint:83 - [36mSaved checkpoint[0m at step 1000.
2023-04-30 00:17:51.601 | INFO     | utils.checkpoint:keep_max_num_saved_models:101 - Removed the oldest model for max_to_keep=1
2023-04-30 00:17:52.426 | INFO     | utils.logging:save_sdre_imgs:710 - Figures saved.
2023-04-30 00:17:52.807 | INFO     | utils.logging:log_training_results:280 - 
2023-04-30 00:17:52.808 | INFO     | utils.logging:log_training_results:281 - Global Step =   1000
2023-04-30 00:17:52.809 | INFO     | utils.logging:log_training_results:282 - train mean(MacRec)_t: 0.8773848414421082
2023-04-30 00:17:52.809 | INFO     | utils.logging:log_training_results:287 - train mean ABSerr: 0.9008845686912537
2023-04-30 00:17:52.810 | INFO     | utils.logging:log_training_results:290 - train ausat from confmx: 0.9847851395606995
2023-04-30 00:17:52.810 | INFO     | utils.logging:log_training_results:301 - train MCE loss:0.85043 * 0.4 * -0.30379
2023-04-30 00:17:52.811 | INFO     | utils.logging:log_training_results:309 - train LLLR :0.29578 * 0.0 * -0.65842
2023-04-30 00:17:52.811 | INFO     | utils.logging:log_training_results:317 - train weight decay:1007.32129 * 0.0008 * 0.56734
2023-04-30 00:18:14.809 | INFO     | __main__:objective:356 - Starting epoch #3.
2023-04-30 00:18:23.225 | INFO     | utils.logging:log_training_results:280 - 
2023-04-30 00:18:23.225 | INFO     | utils.logging:log_training_results:281 - Global Step =   1250
2023-04-30 00:18:23.226 | INFO     | utils.logging:log_training_results:282 - val mean(MacRec)_t: 0.875789999961853
2023-04-30 00:18:23.226 | INFO     | utils.logging:log_training_results:287 - val mean ABSerr: 0.17159569263458252
2023-04-30 00:18:23.226 | INFO     | utils.logging:log_training_results:290 - val ausat from confmx: 0.9836628437042236
2023-04-30 00:18:23.227 | INFO     | utils.logging:log_training_results:301 - val MCE loss:0.85552 * 0.4 * -0.31823
2023-04-30 00:18:23.227 | INFO     | utils.logging:log_training_results:309 - val LLLR :0.29432 * 0.0 * -0.62326
2023-04-30 00:18:23.228 | INFO     | utils.logging:log_training_results:317 - val weight decay:948.84100 * 0.0008 * 0.57686
2023-04-30 00:18:24.143 | INFO     | utils.logging:save_sdre_imgs:710 - Figures saved.
2023-04-30 00:18:24.505 | INFO     | utils.logging:log_training_results:280 - 
2023-04-30 00:18:24.506 | INFO     | utils.logging:log_training_results:281 - Global Step =   1250
2023-04-30 00:18:24.506 | INFO     | utils.logging:log_training_results:282 - train mean(MacRec)_t: 0.8826423287391663
2023-04-30 00:18:24.506 | INFO     | utils.logging:log_training_results:287 - train mean ABSerr: 0.8999530076980591
2023-04-30 00:18:24.507 | INFO     | utils.logging:log_training_results:290 - train ausat from confmx: 0.9900451302528381
2023-04-30 00:18:24.507 | INFO     | utils.logging:log_training_results:301 - train MCE loss:0.85984 * 0.4 * -0.31828
2023-04-30 00:18:24.508 | INFO     | utils.logging:log_training_results:309 - train LLLR :0.27584 * 0.0 * -0.62311
2023-04-30 00:18:24.508 | INFO     | utils.logging:log_training_results:317 - train weight decay:948.84106 * 0.0008 * 0.57689
2023-04-30 00:18:54.644 | INFO     | utils.logging:log_training_results:280 - 
2023-04-30 00:18:54.645 | INFO     | utils.logging:log_training_results:281 - Global Step =   1500
2023-04-30 00:18:54.645 | INFO     | utils.logging:log_training_results:282 - val mean(MacRec)_t: 0.8760733604431152
2023-04-30 00:18:54.646 | INFO     | utils.logging:log_training_results:287 - val mean ABSerr: 0.1557716727256775
2023-04-30 00:18:54.646 | INFO     | utils.logging:log_training_results:290 - val ausat from confmx: 0.983318567276001
2023-04-30 00:18:54.646 | INFO     | utils.logging:log_training_results:301 - val MCE loss:0.85527 * 0.4 * -0.33121
2023-04-30 00:18:54.647 | INFO     | utils.logging:log_training_results:309 - val LLLR :0.29302 * 0.0 * -0.58728
2023-04-30 00:18:54.647 | INFO     | utils.logging:log_training_results:317 - val weight decay:895.75018 * 0.0008 * 0.58244
2023-04-30 00:18:54.772 | INFO     | utils.checkpoint:update_and_save_result:168 - [36mBest value updated![0m
2023-04-30 00:18:54.786 | INFO     | utils.checkpoint:save_checkpoint:83 - [36mSaved checkpoint[0m at step 1500.
2023-04-30 00:18:54.790 | INFO     | utils.checkpoint:keep_max_num_saved_models:101 - Removed the oldest model for max_to_keep=1
2023-04-30 00:18:55.610 | INFO     | utils.logging:save_sdre_imgs:710 - Figures saved.
2023-04-30 00:18:55.963 | INFO     | utils.logging:log_training_results:280 - 
2023-04-30 00:18:55.964 | INFO     | utils.logging:log_training_results:281 - Global Step =   1500
2023-04-30 00:18:55.964 | INFO     | utils.logging:log_training_results:282 - train mean(MacRec)_t: 0.8662415742874146
2023-04-30 00:18:55.965 | INFO     | utils.logging:log_training_results:287 - train mean ABSerr: 0.8145502805709839
2023-04-30 00:18:55.965 | INFO     | utils.logging:log_training_results:290 - train ausat from confmx: 0.9568716287612915
2023-04-30 00:18:55.966 | INFO     | utils.logging:log_training_results:301 - train MCE loss:0.85873 * 0.4 * -0.33126
2023-04-30 00:18:55.966 | INFO     | utils.logging:log_training_results:309 - train LLLR :0.32436 * 0.0 * -0.58713
2023-04-30 00:18:55.966 | INFO     | utils.logging:log_training_results:317 - train weight decay:895.75012 * 0.0008 * 0.58245
2023-04-30 00:19:06.792 | INFO     | __main__:objective:356 - Starting epoch #4.
2023-04-30 00:19:26.029 | INFO     | utils.logging:log_training_results:280 - 
2023-04-30 00:19:26.030 | INFO     | utils.logging:log_training_results:281 - Global Step =   1750
2023-04-30 00:19:26.030 | INFO     | utils.logging:log_training_results:282 - val mean(MacRec)_t: 0.8751433491706848
2023-04-30 00:19:26.031 | INFO     | utils.logging:log_training_results:287 - val mean ABSerr: 0.26457157731056213
2023-04-30 00:19:26.031 | INFO     | utils.logging:log_training_results:290 - val ausat from confmx: 0.9835981130599976
2023-04-30 00:19:26.031 | INFO     | utils.logging:log_training_results:301 - val MCE loss:0.85560 * 0.4 * -0.34290
2023-04-30 00:19:26.032 | INFO     | utils.logging:log_training_results:309 - val LLLR :0.29602 * 0.0 * -0.55061
2023-04-30 00:19:26.032 | INFO     | utils.logging:log_training_results:317 - val weight decay:846.45471 * 0.0008 * 0.58402
2023-04-30 00:19:27.154 | INFO     | utils.logging:save_sdre_imgs:710 - Figures saved.
2023-04-30 00:19:27.514 | INFO     | utils.logging:log_training_results:280 - 
2023-04-30 00:19:27.515 | INFO     | utils.logging:log_training_results:281 - Global Step =   1750
2023-04-30 00:19:27.515 | INFO     | utils.logging:log_training_results:282 - train mean(MacRec)_t: 0.8562355041503906
2023-04-30 00:19:27.516 | INFO     | utils.logging:log_training_results:287 - train mean ABSerr: 0.895943284034729
2023-04-30 00:19:27.516 | INFO     | utils.logging:log_training_results:290 - train ausat from confmx: 0.977082371711731
2023-04-30 00:19:27.516 | INFO     | utils.logging:log_training_results:301 - train MCE loss:0.86228 * 0.4 * -0.34295
2023-04-30 00:19:27.517 | INFO     | utils.logging:log_training_results:309 - train LLLR :0.36530 * 0.0 * -0.55046
2023-04-30 00:19:27.517 | INFO     | utils.logging:log_training_results:317 - train weight decay:846.45471 * 0.0008 * 0.58402
2023-04-30 00:19:55.286 | INFO     | __main__:objective:356 - Starting epoch #5.
2023-04-30 00:19:58.230 | INFO     | utils.logging:log_training_results:280 - 
2023-04-30 00:19:58.230 | INFO     | utils.logging:log_training_results:281 - Global Step =   2000
2023-04-30 00:19:58.231 | INFO     | utils.logging:log_training_results:282 - val mean(MacRec)_t: 0.8759800791740417
2023-04-30 00:19:58.231 | INFO     | utils.logging:log_training_results:287 - val mean ABSerr: 0.19007810950279236
2023-04-30 00:19:58.232 | INFO     | utils.logging:log_training_results:290 - val ausat from confmx: 0.9832509756088257
2023-04-30 00:19:58.232 | INFO     | utils.logging:log_training_results:301 - val MCE loss:0.85522 * 0.4 * -0.35341
2023-04-30 00:19:58.232 | INFO     | utils.logging:log_training_results:309 - val LLLR :0.29389 * 0.0 * -0.51322
2023-04-30 00:19:58.233 | INFO     | utils.logging:log_training_results:317 - val weight decay:799.91418 * 0.0008 * 0.58160
2023-04-30 00:19:59.179 | INFO     | utils.logging:save_sdre_imgs:710 - Figures saved.
2023-04-30 00:19:59.527 | INFO     | utils.logging:log_training_results:280 - 
2023-04-30 00:19:59.528 | INFO     | utils.logging:log_training_results:281 - Global Step =   2000
2023-04-30 00:19:59.528 | INFO     | utils.logging:log_training_results:282 - train mean(MacRec)_t: 0.8309019207954407
2023-04-30 00:19:59.529 | INFO     | utils.logging:log_training_results:287 - train mean ABSerr: 0.8566266894340515
2023-04-30 00:19:59.529 | INFO     | utils.logging:log_training_results:290 - train ausat from confmx: 0.9693944454193115
2023-04-30 00:19:59.529 | INFO     | utils.logging:log_training_results:301 - train MCE loss:0.87023 * 0.4 * -0.35345
2023-04-30 00:19:59.530 | INFO     | utils.logging:log_training_results:309 - train LLLR :0.39072 * 0.0 * -0.51306
2023-04-30 00:19:59.530 | INFO     | utils.logging:log_training_results:317 - train weight decay:799.91412 * 0.0008 * 0.58158
2023-04-30 00:20:31.487 | INFO     | utils.logging:log_training_results:280 - 
2023-04-30 00:20:31.488 | INFO     | utils.logging:log_training_results:281 - Global Step =   2250
2023-04-30 00:20:31.488 | INFO     | utils.logging:log_training_results:282 - val mean(MacRec)_t: 0.8762466907501221
2023-04-30 00:20:31.489 | INFO     | utils.logging:log_training_results:287 - val mean ABSerr: 0.15235468745231628
2023-04-30 00:20:31.489 | INFO     | utils.logging:log_training_results:290 - val ausat from confmx: 0.9832701683044434
2023-04-30 00:20:31.490 | INFO     | utils.logging:log_training_results:301 - val MCE loss:0.85515 * 0.4 * -0.36287
2023-04-30 00:20:31.490 | INFO     | utils.logging:log_training_results:309 - val LLLR :0.29304 * 0.0 * -0.47506
2023-04-30 00:20:31.491 | INFO     | utils.logging:log_training_results:317 - val weight decay:754.85956 * 0.0008 * 0.57519
2023-04-30 00:20:31.619 | INFO     | utils.checkpoint:update_and_save_result:168 - [36mBest value updated![0m
2023-04-30 00:20:31.634 | INFO     | utils.checkpoint:save_checkpoint:83 - [36mSaved checkpoint[0m at step 2250.
2023-04-30 00:20:31.636 | INFO     | utils.checkpoint:keep_max_num_saved_models:101 - Removed the oldest model for max_to_keep=1
2023-04-30 00:20:32.445 | INFO     | utils.logging:save_sdre_imgs:710 - Figures saved.
2023-04-30 00:20:32.806 | INFO     | utils.logging:log_training_results:280 - 
2023-04-30 00:20:32.807 | INFO     | utils.logging:log_training_results:281 - Global Step =   2250
2023-04-30 00:20:32.808 | INFO     | utils.logging:log_training_results:282 - train mean(MacRec)_t: 0.8579504489898682
2023-04-30 00:20:32.808 | INFO     | utils.logging:log_training_results:287 - train mean ABSerr: 0.7744092345237732
2023-04-30 00:20:32.809 | INFO     | utils.logging:log_training_results:290 - train ausat from confmx: 0.9691011309623718
2023-04-30 00:20:32.809 | INFO     | utils.logging:log_training_results:301 - train MCE loss:0.85476 * 0.4 * -0.36290
2023-04-30 00:20:32.810 | INFO     | utils.logging:log_training_results:309 - train LLLR :0.33501 * 0.0 * -0.47491
2023-04-30 00:20:32.810 | INFO     | utils.logging:log_training_results:317 - train weight decay:754.85950 * 0.0008 * 0.57515
2023-04-30 00:20:49.422 | INFO     | __main__:objective:356 - Starting epoch #6.
2023-04-30 00:21:03.549 | INFO     | utils.logging:log_training_results:280 - 
2023-04-30 00:21:03.550 | INFO     | utils.logging:log_training_results:281 - Global Step =   2500
2023-04-30 00:21:03.550 | INFO     | utils.logging:log_training_results:282 - val mean(MacRec)_t: 0.8755099773406982
2023-04-30 00:21:03.550 | INFO     | utils.logging:log_training_results:287 - val mean ABSerr: 0.22418245673179626
2023-04-30 00:21:03.551 | INFO     | utils.logging:log_training_results:290 - val ausat from confmx: 0.9828609824180603
2023-04-30 00:21:03.551 | INFO     | utils.logging:log_training_results:301 - val MCE loss:0.85527 * 0.4 * -0.37137
2023-04-30 00:21:03.552 | INFO     | utils.logging:log_training_results:309 - val LLLR :0.29443 * 0.0 * -0.43609
2023-04-30 00:21:03.552 | INFO     | utils.logging:log_training_results:317 - val weight decay:711.30518 * 0.0008 * 0.56495
2023-04-30 00:21:04.521 | INFO     | utils.logging:save_sdre_imgs:710 - Figures saved.
2023-04-30 00:21:04.888 | INFO     | utils.logging:log_training_results:280 - 
2023-04-30 00:21:04.889 | INFO     | utils.logging:log_training_results:281 - Global Step =   2500
2023-04-30 00:21:04.890 | INFO     | utils.logging:log_training_results:282 - train mean(MacRec)_t: 0.8363380432128906
2023-04-30 00:21:04.890 | INFO     | utils.logging:log_training_results:287 - train mean ABSerr: 0.8309572339057922
2023-04-30 00:21:04.891 | INFO     | utils.logging:log_training_results:290 - train ausat from confmx: 0.9830330014228821
2023-04-30 00:21:04.891 | INFO     | utils.logging:log_training_results:301 - train MCE loss:0.87582 * 0.4 * -0.37141
2023-04-30 00:21:04.892 | INFO     | utils.logging:log_training_results:309 - train LLLR :0.36674 * 0.0 * -0.43594
2023-04-30 00:21:04.892 | INFO     | utils.logging:log_training_results:317 - train weight decay:711.30518 * 0.0008 * 0.56491
2023-04-30 00:21:35.690 | INFO     | utils.logging:log_training_results:280 - 
2023-04-30 00:21:35.691 | INFO     | utils.logging:log_training_results:281 - Global Step =   2750
2023-04-30 00:21:35.691 | INFO     | utils.logging:log_training_results:282 - val mean(MacRec)_t: 0.875956654548645
2023-04-30 00:21:35.691 | INFO     | utils.logging:log_training_results:287 - val mean ABSerr: 0.15621282160282135
2023-04-30 00:21:35.692 | INFO     | utils.logging:log_training_results:290 - val ausat from confmx: 0.9839733839035034
2023-04-30 00:21:35.692 | INFO     | utils.logging:log_training_results:301 - val MCE loss:0.85502 * 0.4 * -0.37894
2023-04-30 00:21:35.693 | INFO     | utils.logging:log_training_results:309 - val LLLR :0.29312 * 0.0 * -0.39621
2023-04-30 00:21:35.693 | INFO     | utils.logging:log_training_results:317 - val weight decay:668.63037 * 0.0008 * 0.55126
2023-04-30 00:21:37.149 | INFO     | utils.logging:save_sdre_imgs:710 - Figures saved.
2023-04-30 00:21:37.584 | INFO     | utils.logging:log_training_results:280 - 
2023-04-30 00:21:37.585 | INFO     | utils.logging:log_training_results:281 - Global Step =   2750
2023-04-30 00:21:37.585 | INFO     | utils.logging:log_training_results:282 - train mean(MacRec)_t: 0.8452332615852356
2023-04-30 00:21:37.585 | INFO     | utils.logging:log_training_results:287 - train mean ABSerr: 0.8027063608169556
2023-04-30 00:21:37.586 | INFO     | utils.logging:log_training_results:290 - train ausat from confmx: 0.9630274176597595
2023-04-30 00:21:37.586 | INFO     | utils.logging:log_training_results:301 - train MCE loss:0.85923 * 0.4 * -0.37897
2023-04-30 00:21:37.587 | INFO     | utils.logging:log_training_results:309 - train LLLR :0.33209 * 0.0 * -0.39605
2023-04-30 00:21:37.587 | INFO     | utils.logging:log_training_results:317 - train weight decay:668.63037 * 0.0008 * 0.55120
2023-04-30 00:21:43.115 | INFO     | __main__:objective:356 - Starting epoch #7.
2023-04-30 00:22:08.625 | INFO     | utils.logging:log_training_results:280 - 
2023-04-30 00:22:08.626 | INFO     | utils.logging:log_training_results:281 - Global Step =   3000
2023-04-30 00:22:08.626 | INFO     | utils.logging:log_training_results:282 - val mean(MacRec)_t: 0.8763200044631958
2023-04-30 00:22:08.626 | INFO     | utils.logging:log_training_results:287 - val mean ABSerr: 0.1922658234834671
2023-04-30 00:22:08.627 | INFO     | utils.logging:log_training_results:290 - val ausat from confmx: 0.982948899269104
2023-04-30 00:22:08.627 | INFO     | utils.logging:log_training_results:301 - val MCE loss:0.85503 * 0.4 * -0.38562
2023-04-30 00:22:08.628 | INFO     | utils.logging:log_training_results:309 - val LLLR :0.29331 * 0.0 * -0.35530
2023-04-30 00:22:08.628 | INFO     | utils.logging:log_training_results:317 - val weight decay:626.69360 * 0.0008 * 0.53466
2023-04-30 00:22:09.587 | INFO     | utils.logging:save_sdre_imgs:710 - Figures saved.
2023-04-30 00:22:09.954 | INFO     | utils.logging:log_training_results:280 - 
2023-04-30 00:22:09.955 | INFO     | utils.logging:log_training_results:281 - Global Step =   3000
2023-04-30 00:22:09.955 | INFO     | utils.logging:log_training_results:282 - train mean(MacRec)_t: 0.8331435918807983
2023-04-30 00:22:09.956 | INFO     | utils.logging:log_training_results:287 - train mean ABSerr: 0.738778829574585
2023-04-30 00:22:09.956 | INFO     | utils.logging:log_training_results:290 - train ausat from confmx: 0.9822350144386292
2023-04-30 00:22:09.957 | INFO     | utils.logging:log_training_results:301 - train MCE loss:0.86824 * 0.4 * -0.38565
2023-04-30 00:22:09.957 | INFO     | utils.logging:log_training_results:309 - train LLLR :0.36798 * 0.0 * -0.35513
2023-04-30 00:22:09.957 | INFO     | utils.logging:log_training_results:317 - train weight decay:626.69360 * 0.0008 * 0.53459
2023-04-30 00:22:33.052 | INFO     | __main__:objective:356 - Starting epoch #8.
2023-04-30 00:22:41.602 | INFO     | utils.logging:log_training_results:280 - 
2023-04-30 00:22:41.602 | INFO     | utils.logging:log_training_results:281 - Global Step =   3250
2023-04-30 00:22:41.603 | INFO     | utils.logging:log_training_results:282 - val mean(MacRec)_t: 0.8754966259002686
2023-04-30 00:22:41.603 | INFO     | utils.logging:log_training_results:287 - val mean ABSerr: 0.2178366631269455
2023-04-30 00:22:41.604 | INFO     | utils.logging:log_training_results:290 - val ausat from confmx: 0.9834436178207397
2023-04-30 00:22:41.604 | INFO     | utils.logging:log_training_results:301 - val MCE loss:0.85546 * 0.4 * -0.39146
2023-04-30 00:22:41.604 | INFO     | utils.logging:log_training_results:309 - val LLLR :0.29483 * 0.0 * -0.31315
2023-04-30 00:22:41.605 | INFO     | utils.logging:log_training_results:317 - val weight decay:585.46820 * 0.0008 * 0.51586
2023-04-30 00:22:42.559 | INFO     | utils.logging:save_sdre_imgs:710 - Figures saved.
2023-04-30 00:22:42.918 | INFO     | utils.logging:log_training_results:280 - 
2023-04-30 00:22:42.919 | INFO     | utils.logging:log_training_results:281 - Global Step =   3250
2023-04-30 00:22:42.919 | INFO     | utils.logging:log_training_results:282 - train mean(MacRec)_t: 0.8898568749427795
2023-04-30 00:22:42.919 | INFO     | utils.logging:log_training_results:287 - train mean ABSerr: 0.7365249395370483
2023-04-30 00:22:42.920 | INFO     | utils.logging:log_training_results:290 - train ausat from confmx: 0.9842883348464966
2023-04-30 00:22:42.923 | INFO     | utils.logging:log_training_results:301 - train MCE loss:0.87112 * 0.4 * -0.39148
2023-04-30 00:22:42.923 | INFO     | utils.logging:log_training_results:309 - train LLLR :0.27314 * 0.0 * -0.31298
2023-04-30 00:22:42.924 | INFO     | utils.logging:log_training_results:317 - train weight decay:585.46820 * 0.0008 * 0.51578
2023-04-30 00:23:13.528 | INFO     | utils.logging:log_training_results:280 - 
2023-04-30 00:23:13.529 | INFO     | utils.logging:log_training_results:281 - Global Step =   3500
2023-04-30 00:23:13.529 | INFO     | utils.logging:log_training_results:282 - val mean(MacRec)_t: 0.875760018825531
2023-04-30 00:23:13.530 | INFO     | utils.logging:log_training_results:287 - val mean ABSerr: 0.18191124498844147
2023-04-30 00:23:13.530 | INFO     | utils.logging:log_training_results:290 - val ausat from confmx: 0.9830566048622131
2023-04-30 00:23:13.531 | INFO     | utils.logging:log_training_results:301 - val MCE loss:0.85525 * 0.4 * -0.39649
2023-04-30 00:23:13.531 | INFO     | utils.logging:log_training_results:309 - val LLLR :0.29377 * 0.0 * -0.26946
2023-04-30 00:23:13.532 | INFO     | utils.logging:log_training_results:317 - val weight decay:545.09174 * 0.0008 * 0.49559
2023-04-30 00:23:14.682 | INFO     | utils.logging:save_sdre_imgs:710 - Figures saved.
2023-04-30 00:23:15.058 | INFO     | utils.logging:log_training_results:280 - 
2023-04-30 00:23:15.058 | INFO     | utils.logging:log_training_results:281 - Global Step =   3500
2023-04-30 00:23:15.059 | INFO     | utils.logging:log_training_results:282 - train mean(MacRec)_t: 0.8902013897895813
2023-04-30 00:23:15.059 | INFO     | utils.logging:log_training_results:287 - train mean ABSerr: 0.7286103367805481
2023-04-30 00:23:15.060 | INFO     | utils.logging:log_training_results:290 - train ausat from confmx: 0.9901257157325745
2023-04-30 00:23:15.060 | INFO     | utils.logging:log_training_results:301 - train MCE loss:0.85761 * 0.4 * -0.39651
2023-04-30 00:23:15.060 | INFO     | utils.logging:log_training_results:309 - train LLLR :0.26629 * 0.0 * -0.26928
2023-04-30 00:23:15.061 | INFO     | utils.logging:log_training_results:317 - train weight decay:545.09174 * 0.0008 * 0.49551
2023-04-30 00:23:26.323 | INFO     | __main__:objective:356 - Starting epoch #9.
2023-04-30 00:23:46.030 | INFO     | utils.logging:log_training_results:280 - 
2023-04-30 00:23:46.031 | INFO     | utils.logging:log_training_results:281 - Global Step =   3750
2023-04-30 00:23:46.032 | INFO     | utils.logging:log_training_results:282 - val mean(MacRec)_t: 0.8751433491706848
2023-04-30 00:23:46.032 | INFO     | utils.logging:log_training_results:287 - val mean ABSerr: 0.19746069610118866
2023-04-30 00:23:46.032 | INFO     | utils.logging:log_training_results:290 - val ausat from confmx: 0.9831895232200623
2023-04-30 00:23:46.033 | INFO     | utils.logging:log_training_results:301 - val MCE loss:0.85522 * 0.4 * -0.40076
2023-04-30 00:23:46.033 | INFO     | utils.logging:log_training_results:309 - val LLLR :0.29469 * 0.0 * -0.22372
2023-04-30 00:23:46.034 | INFO     | utils.logging:log_training_results:317 - val weight decay:505.71115 * 0.0008 * 0.47454
2023-04-30 00:23:46.987 | INFO     | utils.logging:save_sdre_imgs:710 - Figures saved.
2023-04-30 00:23:47.347 | INFO     | utils.logging:log_training_results:280 - 
2023-04-30 00:23:47.347 | INFO     | utils.logging:log_training_results:281 - Global Step =   3750
2023-04-30 00:23:47.348 | INFO     | utils.logging:log_training_results:282 - train mean(MacRec)_t: 0.8308619260787964
2023-04-30 00:23:47.348 | INFO     | utils.logging:log_training_results:287 - train mean ABSerr: 0.7721593379974365
2023-04-30 00:23:47.349 | INFO     | utils.logging:log_training_results:290 - train ausat from confmx: 0.9634811282157898
2023-04-30 00:23:47.349 | INFO     | utils.logging:log_training_results:301 - train MCE loss:0.86318 * 0.4 * -0.40078
2023-04-30 00:23:47.349 | INFO     | utils.logging:log_training_results:309 - train LLLR :0.40018 * 0.0 * -0.22353
2023-04-30 00:23:47.350 | INFO     | utils.logging:log_training_results:317 - train weight decay:505.71112 * 0.0008 * 0.47446
2023-04-30 00:24:15.131 | INFO     | utils.logging:investigate_log:155 - num_warning=0/num_error=0 in the .log file.
2023-04-30 00:24:15.319 | INFO     | optuna.study.study:_log_completed_trial:1020 - Trial 79 finished with value: 0.15235468745231628 and parameters: {'LIST_IS_POSITIONAL_ENCODING': False, 'LIST_MODEL_BACKBONE': 'Transformer', 'LIST_WEIGHT_DECAY': 0.0008, 'LIST_LEARNING_RATE': 0.00012946075699988663, 'LIST_LLLR_VERSION': 'LSEL', 'LIST_ACTIVATION_FC': 'gelu', 'LIST_PARAM_MULTIPLET_LOSS': 0.4, 'LIST_PARAM_LLR_LOSS': 0.0, 'LIST_IS_ADAPTIVE_LOSS': True, 'LIST_ORDER_SPRT': 5, 'LIST_OPTIMIZER': 'adam', 'LIST_IS_NORMALIZE': False, 'LIST_NUM_THRESH': 1500, 'LIST_SPARSITY': 'unirandom', 'LIST_NUM_BLOCKS': 1, 'LIST_NUM_HEADS': 4, 'LIST_DROPOUT': 0.2, 'LIST_FF_DIM': 32, 'LIST_MLP_UNITS': 64}. Best is trial 77 with value: 0.14105641841888428.
2023-04-30 00:24:15.344 | INFO     | utils.hyperparameter_tuning:suggest_parameters:560 - [33mStarting a tuning phase.[0m
2023-04-30 00:24:15.871 | INFO     | utils.hyperparameter_tuning:print:394 - 
+------------------------------------------+
|   Hyperparameteres suggested by Optuna   |
+------------------------+-----------------+
|     Parameter name     | Suggested value |
+------------------------+-----------------+
|     ACTIVATION_FC      |       gelu      |
|        DROPOUT         |       0.2       |
|         FF_DIM         |        32       |
|    IS_ADAPTIVE_LOSS    |       True      |
|      IS_NORMALIZE      |      False      |
| IS_POSITIONAL_ENCODING |       True      |
| IS_TRAINABLE_ENCODING  |       True      |
|     LEARNING_RATE      |    0.00017262   |
|      LLLR_VERSION      |       LSEL      |
|       MLP_UNITS        |        64       |
|     MODEL_BACKBONE     |   Transformer   |
|       NUM_BLOCKS       |        1        |
|       NUM_HEADS        |        4        |
|       NUM_THRESH       |       1000      |
|       OPTIMIZER        |       adam      |
|       ORDER_SPRT       |        5        |
|     PARAM_LLR_LOSS     |       0.0       |
|  PARAM_MULTIPLET_LOSS  |       0.3       |
|        SPARSITY        |    unirandom    |
|      WEIGHT_DECAY      |      0.0008     |
+------------------------+-----------------+
2023-04-30 00:24:15.872 | INFO     | utils.misc:create_directories_and_log:291 - [33mA new log directory was created: [0m/home/afe/Dropbox/GitHub/SPRT-TANDEM-PyTorch/logs/public_offset0_5_optimmabs_tuning/checkpoints/Transformer_20230430_002415872/configs
2023-04-30 00:24:15.873 | INFO     | utils.misc:create_directories_and_log:291 - [33mA new log directory was created: [0m/home/afe/Dropbox/GitHub/SPRT-TANDEM-PyTorch/logs/public_offset0_5_optimmabs_tuning/TensorBoard_events/Transformer_20230430_002415872
