2023-04-29 23:26:06.354 | INFO     | utils.misc:fix_random_seed:405 - Random seed is not fixed.
2023-04-29 23:26:06.377 | INFO     | models.temporal_integrators:summarize:568 - 
:'######::'########::'########::'########::::::::::::::::::::::
'##... ##: ##.... ##: ##.... ##:... ##..:::::::::::::::::::::::
 ##:::..:: ##:::: ##: ##:::: ##:::: ##:::::::::::::::::::::::::
. ######:: ########:: ########::::: ##::::'#######:::::::::::::
:..... ##: ##.....::: ##.. ##:::::: ##::::........:::::::::::::
'##::: ##: ##:::::::: ##::. ##::::: ##:::::::::::::::::::::::::
. ######:: ##:::::::: ##:::. ##:::: ##:::::::::::::::::::::::::
:......:::..:::::::::..:::::..:::::..::::::::::::::::::::::::::
'########::::'###::::'##::: ##:'########::'########:'##::::'##:
... ##..::::'## ##::: ###:: ##: ##.... ##: ##.....:: ###::'###:
::: ##:::::'##:. ##:: ####: ##: ##:::: ##: ##::::::: ####'####:
::: ##::::'##:::. ##: ## ## ##: ##:::: ##: ######::: ## ### ##:
::: ##:::: #########: ##. ####: ##:::: ##: ##...:::: ##. #: ##:
::: ##:::: ##.... ##: ##:. ###: ##:::: ##: ##::::::: ##:.:: ##:
::: ##:::: ##:::: ##: ##::. ##: ########:: ########: ##:::: ##:
:::..:::::..:::::..::..::::..::........:::........::..:::::..::

2023-04-29 23:26:06.378 | INFO     | models.temporal_integrators:summarize:571 - [34mofficial PyTorch implementation.[0m
2023-04-29 23:26:06.891 | INFO     | models.temporal_integrators:summarize:593 - Network summary:
===============================================================================================
Layer (type:depth-idx)                        Output Shape              Param #
===============================================================================================
TANDEMformer                                  [150, 50, 3, 3]           771
├─TransformerEncoder: 1-1                     [6750, 1, 128]            --
│    └─ModuleList: 2-6                        --                        (recursive)
│    │    └─TransformerEncoderLayer: 3-1      [6750, 1, 128]            83,136
├─Linear: 1-2                                 [6750, 64]                8,256
├─Dropout: 1-3                                [6750, 64]                --
├─TransformerEncoder: 1-4                     [6750, 2, 128]            (recursive)
│    └─ModuleList: 2-6                        --                        (recursive)
│    │    └─TransformerEncoderLayer: 3-2      [6750, 2, 128]            (recursive)
├─Linear: 1-5                                 [6750, 64]                (recursive)
├─Dropout: 1-6                                [6750, 64]                --
├─TransformerEncoder: 1-7                     [6750, 3, 128]            (recursive)
│    └─ModuleList: 2-6                        --                        (recursive)
│    │    └─TransformerEncoderLayer: 3-3      [6750, 3, 128]            (recursive)
├─Linear: 1-8                                 [6750, 64]                (recursive)
├─Dropout: 1-9                                [6750, 64]                --
├─TransformerEncoder: 1-10                    [6750, 4, 128]            (recursive)
│    └─ModuleList: 2-6                        --                        (recursive)
│    │    └─TransformerEncoderLayer: 3-4      [6750, 4, 128]            (recursive)
├─Linear: 1-11                                [6750, 64]                (recursive)
├─Dropout: 1-12                               [6750, 64]                --
├─TransformerEncoder: 1-13                    [6750, 5, 128]            (recursive)
│    └─ModuleList: 2-6                        --                        (recursive)
│    │    └─TransformerEncoderLayer: 3-5      [6750, 5, 128]            (recursive)
├─Linear: 1-14                                [6750, 64]                (recursive)
├─Dropout: 1-15                               [6750, 64]                --
├─TransformerEncoder: 1-16                    [6750, 6, 128]            (recursive)
│    └─ModuleList: 2-6                        --                        (recursive)
│    │    └─TransformerEncoderLayer: 3-6      [6750, 6, 128]            (recursive)
├─Linear: 1-17                                [6750, 64]                (recursive)
├─Dropout: 1-18                               [6750, 64]                --
├─GELU: 1-19                                  [6750, 64]                --
├─Linear: 1-20                                [6750, 3]                 195
├─GELU: 1-21                                  [6750, 64]                --
├─Linear: 1-22                                [6750, 3]                 (recursive)
├─GELU: 1-23                                  [6750, 64]                --
├─Linear: 1-24                                [6750, 3]                 (recursive)
├─GELU: 1-25                                  [6750, 64]                --
├─Linear: 1-26                                [6750, 3]                 (recursive)
├─GELU: 1-27                                  [6750, 64]                --
├─Linear: 1-28                                [6750, 3]                 (recursive)
├─GELU: 1-29                                  [6750, 64]                --
├─Linear: 1-30                                [6750, 3]                 (recursive)
===============================================================================================
Total params: 92,358
Trainable params: 92,358
Non-trainable params: 0
Total mult-adds (M): 342.27
===============================================================================================
Input size (MB): 3.84
Forward/backward pass size (MB): 21.71
Params size (MB): 0.03
Estimated Total Size (MB): 25.58
===============================================================================================
2023-04-29 23:26:06.899 | INFO     | models.temporal_integrators:summarize:594 - Example input shape: torch.Size([150, 50, 128])
2023-04-29 23:26:06.900 | INFO     | models.temporal_integrators:summarize:595 - Example output shape: torch.Size([150, 50, 3, 3])
2023-04-29 23:26:06.902 | INFO     | models.temporal_integrators:import_model:58 - model moved onto: [33mcuda.[0m
2023-04-29 23:26:06.902 | INFO     | models.optimizers:initialize_optimizer:44 - Optimizer:
RMSprop (
Parameter Group 0
    alpha: 0.99
    centered: False
    differentiable: False
    eps: 1e-08
    foreach: None
    lr: 0.00012944253078688036
    maximize: False
    momentum: 0
    weight_decay: 0.0009000000000000001
)
2023-04-29 23:26:06.903 | INFO     | datasets.data_processing:lmdb_dataloaders:293 - loading data... 
2023-04-29 23:26:06.904 | INFO     | datasets.data_processing:lmdb_dataloaders:295 - If this process takes long, consider setting is_load_onto_memory=False or use LMDBIterableDataset.
2023-04-29 23:26:09.528 | INFO     | __main__:objective:356 - Starting epoch #0.
2023-04-29 23:26:20.513 | INFO     | utils.logging:log_training_results:280 - 
2023-04-29 23:26:20.513 | INFO     | utils.logging:log_training_results:281 - Global Step =      0
2023-04-29 23:26:20.514 | INFO     | utils.logging:log_training_results:282 - val mean(MacRec)_t: 0.36321333050727844
2023-04-29 23:26:20.514 | INFO     | utils.logging:log_training_results:287 - val mean ABSerr: 3.484733819961548
2023-04-29 23:26:20.515 | INFO     | utils.logging:log_training_results:290 - val ausat from confmx: 0.3826976418495178
2023-04-29 23:26:20.515 | INFO     | utils.logging:log_training_results:301 - val MCE loss:1.10031 * 0.4 * 0.56812
2023-04-29 23:26:20.516 | INFO     | utils.logging:log_training_results:309 - val LLLR :1.11272 * 0.0 * 1.09462
2023-04-29 23:26:20.516 | INFO     | utils.logging:log_training_results:317 - val weight decay:1380.03516 * 0.0009000000000000001 * 1.16252
2023-04-29 23:26:21.514 | INFO     | utils.logging:save_sdre_imgs:710 - Figures saved.
2023-04-29 23:26:22.109 | INFO     | utils.logging:log_training_results:280 - 
2023-04-29 23:26:22.110 | INFO     | utils.logging:log_training_results:281 - Global Step =      0
2023-04-29 23:26:22.110 | INFO     | utils.logging:log_training_results:282 - train mean(MacRec)_t: 0.30883461236953735
2023-04-29 23:26:22.110 | INFO     | utils.logging:log_training_results:287 - train mean ABSerr: 3.4411425590515137
2023-04-29 23:26:22.111 | INFO     | utils.logging:log_training_results:290 - train ausat from confmx: 0.37055960297584534
2023-04-29 23:26:22.111 | INFO     | utils.logging:log_training_results:301 - train MCE loss:1.09871 * 0.4 * 0.56682
2023-04-29 23:26:22.112 | INFO     | utils.logging:log_training_results:309 - train LLLR :1.21333 * 0.0 * 1.09332
2023-04-29 23:26:22.112 | INFO     | utils.logging:log_training_results:317 - train weight decay:1380.03516 * 0.0009000000000000001 * 1.16122
2023-04-29 23:27:51.423 | INFO     | utils.logging:log_training_results:280 - 
2023-04-29 23:27:51.424 | INFO     | utils.logging:log_training_results:281 - Global Step =    250
2023-04-29 23:27:51.424 | INFO     | utils.logging:log_training_results:282 - val mean(MacRec)_t: 0.8757633566856384
2023-04-29 23:27:51.425 | INFO     | utils.logging:log_training_results:287 - val mean ABSerr: 0.23283463716506958
2023-04-29 23:27:51.425 | INFO     | utils.logging:log_training_results:290 - val ausat from confmx: 0.982304036617279
2023-04-29 23:27:51.425 | INFO     | utils.logging:log_training_results:301 - val MCE loss:0.85635 * 0.4 * 0.51843
2023-04-29 23:27:51.426 | INFO     | utils.logging:log_training_results:309 - val LLLR :0.29469 * 0.0 * 1.04645
2023-04-29 23:27:51.426 | INFO     | utils.logging:log_training_results:317 - val weight decay:1119.01172 * 0.0009000000000000001 * 1.11376
2023-04-29 23:27:51.563 | INFO     | utils.checkpoint:update_and_save_result:168 - [36mBest value updated![0m
2023-04-29 23:27:51.583 | INFO     | utils.checkpoint:save_checkpoint:83 - [36mSaved checkpoint[0m at step 250.
2023-04-29 23:27:52.408 | INFO     | utils.logging:save_sdre_imgs:710 - Figures saved.
2023-04-29 23:27:52.977 | INFO     | utils.logging:log_training_results:280 - 
2023-04-29 23:27:52.978 | INFO     | utils.logging:log_training_results:281 - Global Step =    250
2023-04-29 23:27:52.978 | INFO     | utils.logging:log_training_results:282 - train mean(MacRec)_t: 0.8362022042274475
2023-04-29 23:27:52.979 | INFO     | utils.logging:log_training_results:287 - train mean ABSerr: 0.9231221079826355
2023-04-29 23:27:52.979 | INFO     | utils.logging:log_training_results:290 - train ausat from confmx: 0.9706848859786987
2023-04-29 23:27:52.980 | INFO     | utils.logging:log_training_results:301 - train MCE loss:0.87148 * 0.4 * 0.51830
2023-04-29 23:27:52.980 | INFO     | utils.logging:log_training_results:309 - train LLLR :0.38498 * 0.0 * 1.04631
2023-04-29 23:27:52.980 | INFO     | utils.logging:log_training_results:317 - train weight decay:1119.01172 * 0.0009000000000000001 * 1.11362
2023-04-29 23:28:40.378 | INFO     | __main__:objective:356 - Starting epoch #1.
2023-04-29 23:29:23.741 | INFO     | utils.logging:log_training_results:280 - 
2023-04-29 23:29:23.742 | INFO     | utils.logging:log_training_results:281 - Global Step =    500
2023-04-29 23:29:23.742 | INFO     | utils.logging:log_training_results:282 - val mean(MacRec)_t: 0.8758699893951416
2023-04-29 23:29:23.742 | INFO     | utils.logging:log_training_results:287 - val mean ABSerr: 0.1789972186088562
2023-04-29 23:29:23.743 | INFO     | utils.logging:log_training_results:290 - val ausat from confmx: 0.9831272959709167
2023-04-29 23:29:23.743 | INFO     | utils.logging:log_training_results:301 - val MCE loss:0.85558 * 0.4 * 0.48747
2023-04-29 23:29:23.744 | INFO     | utils.logging:log_training_results:309 - val LLLR :0.29359 * 0.0 * 1.01321
2023-04-29 23:29:23.744 | INFO     | utils.logging:log_training_results:317 - val weight decay:1012.65051 * 0.0009000000000000001 * 1.08015
2023-04-29 23:29:23.877 | INFO     | utils.checkpoint:update_and_save_result:168 - [36mBest value updated![0m
2023-04-29 23:29:23.889 | INFO     | utils.checkpoint:save_checkpoint:83 - [36mSaved checkpoint[0m at step 500.
2023-04-29 23:29:23.891 | INFO     | utils.checkpoint:keep_max_num_saved_models:101 - Removed the oldest model for max_to_keep=1
2023-04-29 23:29:24.719 | INFO     | utils.logging:save_sdre_imgs:710 - Figures saved.
2023-04-29 23:29:25.299 | INFO     | utils.logging:log_training_results:280 - 
2023-04-29 23:29:25.300 | INFO     | utils.logging:log_training_results:281 - Global Step =    500
2023-04-29 23:29:25.301 | INFO     | utils.logging:log_training_results:282 - train mean(MacRec)_t: 0.8763771057128906
2023-04-29 23:29:25.301 | INFO     | utils.logging:log_training_results:287 - train mean ABSerr: 0.8604044914245605
2023-04-29 23:29:25.302 | INFO     | utils.logging:log_training_results:290 - train ausat from confmx: 0.9830873012542725
2023-04-29 23:29:25.302 | INFO     | utils.logging:log_training_results:301 - train MCE loss:0.84335 * 0.4 * 0.48734
2023-04-29 23:29:25.303 | INFO     | utils.logging:log_training_results:309 - train LLLR :0.29296 * 0.0 * 1.01308
2023-04-29 23:29:25.304 | INFO     | utils.logging:log_training_results:317 - train weight decay:1012.65045 * 0.0009000000000000001 * 1.08002
2023-04-29 23:30:55.834 | INFO     | utils.logging:log_training_results:280 - 
2023-04-29 23:30:55.835 | INFO     | utils.logging:log_training_results:281 - Global Step =    750
2023-04-29 23:30:55.835 | INFO     | utils.logging:log_training_results:282 - val mean(MacRec)_t: 0.8757066130638123
2023-04-29 23:30:55.836 | INFO     | utils.logging:log_training_results:287 - val mean ABSerr: 0.1792837232351303
2023-04-29 23:30:55.836 | INFO     | utils.logging:log_training_results:290 - val ausat from confmx: 0.9830190539360046
2023-04-29 23:30:55.839 | INFO     | utils.logging:log_training_results:301 - val MCE loss:0.85544 * 0.4 * 0.45871
2023-04-29 23:30:55.839 | INFO     | utils.logging:log_training_results:309 - val LLLR :0.29374 * 0.0 * 0.98040
2023-04-29 23:30:55.840 | INFO     | utils.logging:log_training_results:317 - val weight decay:935.32758 * 0.0009000000000000001 * 1.04717
2023-04-29 23:30:56.773 | INFO     | utils.logging:save_sdre_imgs:710 - Figures saved.
2023-04-29 23:30:57.352 | INFO     | utils.logging:log_training_results:280 - 
2023-04-29 23:30:57.354 | INFO     | utils.logging:log_training_results:281 - Global Step =    750
2023-04-29 23:30:57.355 | INFO     | utils.logging:log_training_results:282 - train mean(MacRec)_t: 0.8504467606544495
2023-04-29 23:30:57.355 | INFO     | utils.logging:log_training_results:287 - train mean ABSerr: 0.8279581665992737
2023-04-29 23:30:57.356 | INFO     | utils.logging:log_training_results:290 - train ausat from confmx: 0.9566909670829773
2023-04-29 23:30:57.356 | INFO     | utils.logging:log_training_results:301 - train MCE loss:0.89067 * 0.4 * 0.45861
2023-04-29 23:30:57.357 | INFO     | utils.logging:log_training_results:309 - train LLLR :0.37832 * 0.0 * 0.98027
2023-04-29 23:30:57.357 | INFO     | utils.logging:log_training_results:317 - train weight decay:935.32758 * 0.0009000000000000001 * 1.04704
2023-04-29 23:31:12.864 | INFO     | __main__:objective:356 - Starting epoch #2.
2023-04-29 23:32:28.146 | INFO     | utils.logging:log_training_results:280 - 
2023-04-29 23:32:28.147 | INFO     | utils.logging:log_training_results:281 - Global Step =   1000
2023-04-29 23:32:28.147 | INFO     | utils.logging:log_training_results:282 - val mean(MacRec)_t: 0.8755332827568054
2023-04-29 23:32:28.148 | INFO     | utils.logging:log_training_results:287 - val mean ABSerr: 0.17735035717487335
2023-04-29 23:32:28.148 | INFO     | utils.logging:log_training_results:290 - val ausat from confmx: 0.9830200672149658
2023-04-29 23:32:28.149 | INFO     | utils.logging:log_training_results:301 - val MCE loss:0.85543 * 0.4 * 0.43359
2023-04-29 23:32:28.149 | INFO     | utils.logging:log_training_results:309 - val LLLR :0.29361 * 0.0 * 0.94761
2023-04-29 23:32:28.149 | INFO     | utils.logging:log_training_results:317 - val weight decay:874.21967 * 0.0009000000000000001 * 1.01433
2023-04-29 23:32:28.281 | INFO     | utils.checkpoint:update_and_save_result:168 - [36mBest value updated![0m
2023-04-29 23:32:28.291 | INFO     | utils.checkpoint:save_checkpoint:83 - [36mSaved checkpoint[0m at step 1000.
2023-04-29 23:32:28.294 | INFO     | utils.checkpoint:keep_max_num_saved_models:101 - Removed the oldest model for max_to_keep=1
2023-04-29 23:32:29.102 | INFO     | utils.logging:save_sdre_imgs:710 - Figures saved.
2023-04-29 23:32:29.676 | INFO     | utils.logging:log_training_results:280 - 
2023-04-29 23:32:29.677 | INFO     | utils.logging:log_training_results:281 - Global Step =   1000
2023-04-29 23:32:29.677 | INFO     | utils.logging:log_training_results:282 - train mean(MacRec)_t: 0.8395524621009827
2023-04-29 23:32:29.678 | INFO     | utils.logging:log_training_results:287 - train mean ABSerr: 0.7828386425971985
2023-04-29 23:32:29.678 | INFO     | utils.logging:log_training_results:290 - train ausat from confmx: 0.9775526523590088
2023-04-29 23:32:29.678 | INFO     | utils.logging:log_training_results:301 - train MCE loss:0.85682 * 0.4 * 0.43350
2023-04-29 23:32:29.679 | INFO     | utils.logging:log_training_results:309 - train LLLR :0.37957 * 0.0 * 0.94748
2023-04-29 23:32:29.679 | INFO     | utils.logging:log_training_results:317 - train weight decay:874.21967 * 0.0009000000000000001 * 1.01420
2023-04-29 23:33:36.674 | INFO     | __main__:objective:356 - Starting epoch #3.
2023-04-29 23:34:04.743 | INFO     | utils.logging:log_training_results:280 - 
2023-04-29 23:34:04.744 | INFO     | utils.logging:log_training_results:281 - Global Step =   1250
2023-04-29 23:34:04.744 | INFO     | utils.logging:log_training_results:282 - val mean(MacRec)_t: 0.8749867081642151
2023-04-29 23:34:04.745 | INFO     | utils.logging:log_training_results:287 - val mean ABSerr: 0.1976213902235031
2023-04-29 23:34:04.745 | INFO     | utils.logging:log_training_results:290 - val ausat from confmx: 0.9828497767448425
2023-04-29 23:34:04.745 | INFO     | utils.logging:log_training_results:301 - val MCE loss:0.85539 * 0.4 * 0.41724
2023-04-29 23:34:04.746 | INFO     | utils.logging:log_training_results:309 - val LLLR :0.29447 * 0.0 * 0.91481
2023-04-29 23:34:04.746 | INFO     | utils.logging:log_training_results:317 - val weight decay:820.22736 * 0.0009000000000000001 * 0.98156
2023-04-29 23:34:06.393 | INFO     | utils.logging:save_sdre_imgs:710 - Figures saved.
2023-04-29 23:34:06.976 | INFO     | utils.logging:log_training_results:280 - 
2023-04-29 23:34:06.976 | INFO     | utils.logging:log_training_results:281 - Global Step =   1250
2023-04-29 23:34:06.977 | INFO     | utils.logging:log_training_results:282 - train mean(MacRec)_t: 0.883258581161499
2023-04-29 23:34:06.977 | INFO     | utils.logging:log_training_results:287 - train mean ABSerr: 0.8025117516517639
2023-04-29 23:34:06.978 | INFO     | utils.logging:log_training_results:290 - train ausat from confmx: 0.9972993731498718
2023-04-29 23:34:06.978 | INFO     | utils.logging:log_training_results:301 - train MCE loss:0.84837 * 0.4 * 0.41717
2023-04-29 23:34:06.978 | INFO     | utils.logging:log_training_results:309 - train LLLR :0.28198 * 0.0 * 0.91468
2023-04-29 23:34:06.979 | INFO     | utils.logging:log_training_results:317 - train weight decay:820.22736 * 0.0009000000000000001 * 0.98143
2023-04-29 23:35:40.226 | INFO     | utils.logging:log_training_results:280 - 
2023-04-29 23:35:40.227 | INFO     | utils.logging:log_training_results:281 - Global Step =   1500
2023-04-29 23:35:40.227 | INFO     | utils.logging:log_training_results:282 - val mean(MacRec)_t: 0.8755599856376648
2023-04-29 23:35:40.227 | INFO     | utils.logging:log_training_results:287 - val mean ABSerr: 0.20798391103744507
2023-04-29 23:35:40.228 | INFO     | utils.logging:log_training_results:290 - val ausat from confmx: 0.9828165769577026
2023-04-29 23:35:40.228 | INFO     | utils.logging:log_training_results:301 - val MCE loss:0.85542 * 0.4 * 0.41403
2023-04-29 23:35:40.229 | INFO     | utils.logging:log_training_results:309 - val LLLR :0.29479 * 0.0 * 0.88199
2023-04-29 23:35:40.229 | INFO     | utils.logging:log_training_results:317 - val weight decay:770.55432 * 0.0009000000000000001 * 0.94881
2023-04-29 23:35:41.354 | INFO     | utils.logging:save_sdre_imgs:710 - Figures saved.
2023-04-29 23:35:41.941 | INFO     | utils.logging:log_training_results:280 - 
2023-04-29 23:35:41.942 | INFO     | utils.logging:log_training_results:281 - Global Step =   1500
2023-04-29 23:35:41.942 | INFO     | utils.logging:log_training_results:282 - train mean(MacRec)_t: 0.8611805438995361
2023-04-29 23:35:41.943 | INFO     | utils.logging:log_training_results:287 - train mean ABSerr: 0.7739297151565552
2023-04-29 23:35:41.943 | INFO     | utils.logging:log_training_results:290 - train ausat from confmx: 0.9701507687568665
2023-04-29 23:35:41.944 | INFO     | utils.logging:log_training_results:301 - train MCE loss:0.85650 * 0.4 * 0.41402
2023-04-29 23:35:41.944 | INFO     | utils.logging:log_training_results:309 - train LLLR :0.33362 * 0.0 * 0.88186
2023-04-29 23:35:41.944 | INFO     | utils.logging:log_training_results:317 - train weight decay:770.55426 * 0.0009000000000000001 * 0.94867
2023-04-29 23:36:14.474 | INFO     | __main__:objective:356 - Starting epoch #4.
2023-04-29 23:37:12.726 | INFO     | utils.logging:log_training_results:280 - 
2023-04-29 23:37:12.726 | INFO     | utils.logging:log_training_results:281 - Global Step =   1750
2023-04-29 23:37:12.727 | INFO     | utils.logging:log_training_results:282 - val mean(MacRec)_t: 0.8756600022315979
2023-04-29 23:37:12.727 | INFO     | utils.logging:log_training_results:287 - val mean ABSerr: 0.17019964754581451
2023-04-29 23:37:12.728 | INFO     | utils.logging:log_training_results:290 - val ausat from confmx: 0.9826784729957581
2023-04-29 23:37:12.728 | INFO     | utils.logging:log_training_results:301 - val MCE loss:0.85533 * 0.4 * 0.41449
2023-04-29 23:37:12.728 | INFO     | utils.logging:log_training_results:309 - val LLLR :0.29371 * 0.0 * 0.84916
2023-04-29 23:37:12.729 | INFO     | utils.logging:log_training_results:317 - val weight decay:723.74756 * 0.0009000000000000001 * 0.91605
2023-04-29 23:37:12.855 | INFO     | utils.checkpoint:update_and_save_result:168 - [36mBest value updated![0m
2023-04-29 23:37:12.866 | INFO     | utils.checkpoint:save_checkpoint:83 - [36mSaved checkpoint[0m at step 1750.
2023-04-29 23:37:12.870 | INFO     | utils.checkpoint:keep_max_num_saved_models:101 - Removed the oldest model for max_to_keep=1
2023-04-29 23:37:13.675 | INFO     | utils.logging:save_sdre_imgs:710 - Figures saved.
2023-04-29 23:37:14.228 | INFO     | utils.logging:log_training_results:280 - 
2023-04-29 23:37:14.228 | INFO     | utils.logging:log_training_results:281 - Global Step =   1750
2023-04-29 23:37:14.229 | INFO     | utils.logging:log_training_results:282 - train mean(MacRec)_t: 0.8602624535560608
2023-04-29 23:37:14.229 | INFO     | utils.logging:log_training_results:287 - train mean ABSerr: 0.7163930535316467
2023-04-29 23:37:14.229 | INFO     | utils.logging:log_training_results:290 - train ausat from confmx: 0.9896635413169861
2023-04-29 23:37:14.230 | INFO     | utils.logging:log_training_results:301 - train MCE loss:0.85397 * 0.4 * 0.41443
2023-04-29 23:37:14.230 | INFO     | utils.logging:log_training_results:309 - train LLLR :0.32847 * 0.0 * 0.84903
2023-04-29 23:37:14.230 | INFO     | utils.logging:log_training_results:317 - train weight decay:723.74756 * 0.0009000000000000001 * 0.91592
2023-04-29 23:38:31.812 | INFO     | __main__:objective:356 - Starting epoch #5.
2023-04-29 23:38:42.950 | INFO     | utils.logging:log_training_results:280 - 
2023-04-29 23:38:42.951 | INFO     | utils.logging:log_training_results:281 - Global Step =   2000
2023-04-29 23:38:42.951 | INFO     | utils.logging:log_training_results:282 - val mean(MacRec)_t: 0.8760700225830078
2023-04-29 23:38:42.952 | INFO     | utils.logging:log_training_results:287 - val mean ABSerr: 0.14105641841888428
2023-04-29 23:38:42.952 | INFO     | utils.logging:log_training_results:290 - val ausat from confmx: 0.9833013415336609
2023-04-29 23:38:42.952 | INFO     | utils.logging:log_training_results:301 - val MCE loss:0.85501 * 0.4 * 0.41357
2023-04-29 23:38:42.953 | INFO     | utils.logging:log_training_results:309 - val LLLR :0.29299 * 0.0 * 0.81630
2023-04-29 23:38:42.953 | INFO     | utils.logging:log_training_results:317 - val weight decay:679.62238 * 0.0009000000000000001 * 0.88331
2023-04-29 23:38:43.085 | INFO     | utils.checkpoint:update_and_save_result:168 - [36mBest value updated![0m
2023-04-29 23:38:43.098 | INFO     | utils.checkpoint:save_checkpoint:83 - [36mSaved checkpoint[0m at step 2000.
2023-04-29 23:38:43.101 | INFO     | utils.checkpoint:keep_max_num_saved_models:101 - Removed the oldest model for max_to_keep=1
2023-04-29 23:38:43.908 | INFO     | utils.logging:save_sdre_imgs:710 - Figures saved.
2023-04-29 23:38:44.472 | INFO     | utils.logging:log_training_results:280 - 
2023-04-29 23:38:44.473 | INFO     | utils.logging:log_training_results:281 - Global Step =   2000
2023-04-29 23:38:44.473 | INFO     | utils.logging:log_training_results:282 - train mean(MacRec)_t: 0.8541263341903687
2023-04-29 23:38:44.474 | INFO     | utils.logging:log_training_results:287 - train mean ABSerr: 0.7626575231552124
2023-04-29 23:38:44.474 | INFO     | utils.logging:log_training_results:290 - train ausat from confmx: 0.9478018879890442
2023-04-29 23:38:44.474 | INFO     | utils.logging:log_training_results:301 - train MCE loss:0.86717 * 0.4 * 0.41369
2023-04-29 23:38:44.475 | INFO     | utils.logging:log_training_results:309 - train LLLR :0.34073 * 0.0 * 0.81617
2023-04-29 23:38:44.475 | INFO     | utils.logging:log_training_results:317 - train weight decay:679.62238 * 0.0009000000000000001 * 0.88318
2023-04-29 23:40:14.869 | INFO     | utils.logging:log_training_results:280 - 
2023-04-29 23:40:14.869 | INFO     | utils.logging:log_training_results:281 - Global Step =   2250
2023-04-29 23:40:14.870 | INFO     | utils.logging:log_training_results:282 - val mean(MacRec)_t: 0.8758766651153564
2023-04-29 23:40:14.870 | INFO     | utils.logging:log_training_results:287 - val mean ABSerr: 0.1705114096403122
2023-04-29 23:40:14.871 | INFO     | utils.logging:log_training_results:290 - val ausat from confmx: 0.9830777645111084
2023-04-29 23:40:14.871 | INFO     | utils.logging:log_training_results:301 - val MCE loss:0.85509 * 0.4 * 0.41332
2023-04-29 23:40:14.872 | INFO     | utils.logging:log_training_results:309 - val LLLR :0.29323 * 0.0 * 0.78343
2023-04-29 23:40:14.872 | INFO     | utils.logging:log_training_results:317 - val weight decay:637.66321 * 0.0009000000000000001 * 0.85057
2023-04-29 23:40:15.838 | INFO     | utils.logging:save_sdre_imgs:710 - Figures saved.
2023-04-29 23:40:16.424 | INFO     | utils.logging:log_training_results:280 - 
2023-04-29 23:40:16.425 | INFO     | utils.logging:log_training_results:281 - Global Step =   2250
2023-04-29 23:40:16.425 | INFO     | utils.logging:log_training_results:282 - train mean(MacRec)_t: 0.8532606363296509
2023-04-29 23:40:16.426 | INFO     | utils.logging:log_training_results:287 - train mean ABSerr: 0.6942912936210632
2023-04-29 23:40:16.426 | INFO     | utils.logging:log_training_results:290 - train ausat from confmx: 0.9690960049629211
2023-04-29 23:40:16.430 | INFO     | utils.logging:log_training_results:301 - train MCE loss:0.87104 * 0.4 * 0.41351
2023-04-29 23:40:16.430 | INFO     | utils.logging:log_training_results:309 - train LLLR :0.33821 * 0.0 * 0.78330
2023-04-29 23:40:16.431 | INFO     | utils.logging:log_training_results:317 - train weight decay:637.66315 * 0.0009000000000000001 * 0.85044
2023-04-29 23:41:04.464 | INFO     | __main__:objective:356 - Starting epoch #6.
2023-04-29 23:41:48.446 | INFO     | utils.logging:log_training_results:280 - 
2023-04-29 23:41:48.449 | INFO     | utils.logging:log_training_results:281 - Global Step =   2500
2023-04-29 23:41:48.450 | INFO     | utils.logging:log_training_results:282 - val mean(MacRec)_t: 0.8753066658973694
2023-04-29 23:41:48.450 | INFO     | utils.logging:log_training_results:287 - val mean ABSerr: 0.2117004692554474
2023-04-29 23:41:48.451 | INFO     | utils.logging:log_training_results:290 - val ausat from confmx: 0.9822909832000732
2023-04-29 23:41:48.451 | INFO     | utils.logging:log_training_results:301 - val MCE loss:0.85554 * 0.4 * 0.41459
2023-04-29 23:41:48.452 | INFO     | utils.logging:log_training_results:309 - val LLLR :0.29455 * 0.0 * 0.75053
2023-04-29 23:41:48.452 | INFO     | utils.logging:log_training_results:317 - val weight decay:597.64612 * 0.0009000000000000001 * 0.81783
2023-04-29 23:41:49.389 | INFO     | utils.logging:save_sdre_imgs:710 - Figures saved.
2023-04-29 23:41:49.966 | INFO     | utils.logging:log_training_results:280 - 
2023-04-29 23:41:49.966 | INFO     | utils.logging:log_training_results:281 - Global Step =   2500
2023-04-29 23:41:49.967 | INFO     | utils.logging:log_training_results:282 - train mean(MacRec)_t: 0.8595432043075562
2023-04-29 23:41:49.967 | INFO     | utils.logging:log_training_results:287 - train mean ABSerr: 0.7415021657943726
2023-04-29 23:41:49.967 | INFO     | utils.logging:log_training_results:290 - train ausat from confmx: 0.9733269214630127
2023-04-29 23:41:49.968 | INFO     | utils.logging:log_training_results:301 - train MCE loss:0.88592 * 0.4 * 0.41486
2023-04-29 23:41:49.968 | INFO     | utils.logging:log_training_results:309 - train LLLR :0.35546 * 0.0 * 0.75040
2023-04-29 23:41:49.968 | INFO     | utils.logging:log_training_results:317 - train weight decay:597.64612 * 0.0009000000000000001 * 0.81770
2023-04-29 23:43:22.846 | INFO     | utils.logging:log_training_results:280 - 
2023-04-29 23:43:22.847 | INFO     | utils.logging:log_training_results:281 - Global Step =   2750
2023-04-29 23:43:22.848 | INFO     | utils.logging:log_training_results:282 - val mean(MacRec)_t: 0.8758533000946045
2023-04-29 23:43:22.848 | INFO     | utils.logging:log_training_results:287 - val mean ABSerr: 0.1753680408000946
2023-04-29 23:43:22.848 | INFO     | utils.logging:log_training_results:290 - val ausat from confmx: 0.983098566532135
2023-04-29 23:43:22.849 | INFO     | utils.logging:log_training_results:301 - val MCE loss:0.85502 * 0.4 * 0.41378
2023-04-29 23:43:22.849 | INFO     | utils.logging:log_training_results:309 - val LLLR :0.29344 * 0.0 * 0.71761
2023-04-29 23:43:22.850 | INFO     | utils.logging:log_training_results:317 - val weight decay:559.63422 * 0.0009000000000000001 * 0.78509
2023-04-29 23:43:23.760 | INFO     | utils.logging:save_sdre_imgs:710 - Figures saved.
2023-04-29 23:43:24.339 | INFO     | utils.logging:log_training_results:280 - 
2023-04-29 23:43:24.339 | INFO     | utils.logging:log_training_results:281 - Global Step =   2750
2023-04-29 23:43:24.340 | INFO     | utils.logging:log_training_results:282 - train mean(MacRec)_t: 0.8821607828140259
2023-04-29 23:43:24.340 | INFO     | utils.logging:log_training_results:287 - train mean ABSerr: 0.7329121828079224
2023-04-29 23:43:24.340 | INFO     | utils.logging:log_training_results:290 - train ausat from confmx: 0.9911269545555115
2023-04-29 23:43:24.341 | INFO     | utils.logging:log_training_results:301 - train MCE loss:0.83849 * 0.4 * 0.41359
2023-04-29 23:43:24.342 | INFO     | utils.logging:log_training_results:309 - train LLLR :0.27483 * 0.0 * 0.71748
2023-04-29 23:43:24.342 | INFO     | utils.logging:log_training_results:317 - train weight decay:559.63422 * 0.0009000000000000001 * 0.78496
2023-04-29 23:43:40.621 | INFO     | __main__:objective:356 - Starting epoch #7.
2023-04-29 23:44:58.038 | INFO     | utils.logging:log_training_results:280 - 
2023-04-29 23:44:58.039 | INFO     | utils.logging:log_training_results:281 - Global Step =   3000
2023-04-29 23:44:58.039 | INFO     | utils.logging:log_training_results:282 - val mean(MacRec)_t: 0.8752433657646179
2023-04-29 23:44:58.039 | INFO     | utils.logging:log_training_results:287 - val mean ABSerr: 0.19551795721054077
2023-04-29 23:44:58.040 | INFO     | utils.logging:log_training_results:290 - val ausat from confmx: 0.982473611831665
2023-04-29 23:44:58.041 | INFO     | utils.logging:log_training_results:301 - val MCE loss:0.85513 * 0.4 * 0.41368
2023-04-29 23:44:58.041 | INFO     | utils.logging:log_training_results:309 - val LLLR :0.29421 * 0.0 * 0.68466
2023-04-29 23:44:58.041 | INFO     | utils.logging:log_training_results:317 - val weight decay:523.38861 * 0.0009000000000000001 * 0.75235
2023-04-29 23:45:00.616 | INFO     | utils.logging:save_sdre_imgs:710 - Figures saved.
2023-04-29 23:45:01.226 | INFO     | utils.logging:log_training_results:280 - 
2023-04-29 23:45:01.226 | INFO     | utils.logging:log_training_results:281 - Global Step =   3000
2023-04-29 23:45:01.227 | INFO     | utils.logging:log_training_results:282 - train mean(MacRec)_t: 0.876544177532196
2023-04-29 23:45:01.227 | INFO     | utils.logging:log_training_results:287 - train mean ABSerr: 0.7378288507461548
2023-04-29 23:45:01.227 | INFO     | utils.logging:log_training_results:290 - train ausat from confmx: 0.9903495907783508
2023-04-29 23:45:01.228 | INFO     | utils.logging:log_training_results:301 - train MCE loss:0.86098 * 0.4 * 0.41374
2023-04-29 23:45:01.228 | INFO     | utils.logging:log_training_results:309 - train LLLR :0.31870 * 0.0 * 0.68453
2023-04-29 23:45:01.229 | INFO     | utils.logging:log_training_results:317 - train weight decay:523.38855 * 0.0009000000000000001 * 0.75222
2023-04-29 23:46:06.419 | INFO     | __main__:objective:356 - Starting epoch #8.
2023-04-29 23:46:34.070 | INFO     | utils.logging:log_training_results:280 - 
2023-04-29 23:46:34.070 | INFO     | utils.logging:log_training_results:281 - Global Step =   3250
2023-04-29 23:46:34.071 | INFO     | utils.logging:log_training_results:282 - val mean(MacRec)_t: 0.8742367625236511
2023-04-29 23:46:34.071 | INFO     | utils.logging:log_training_results:287 - val mean ABSerr: 0.2582864761352539
2023-04-29 23:46:34.072 | INFO     | utils.logging:log_training_results:290 - val ausat from confmx: 0.9821969270706177
2023-04-29 23:46:34.072 | INFO     | utils.logging:log_training_results:301 - val MCE loss:0.85566 * 0.4 * 0.41360
2023-04-29 23:46:34.073 | INFO     | utils.logging:log_training_results:309 - val LLLR :0.29656 * 0.0 * 0.65169
2023-04-29 23:46:34.073 | INFO     | utils.logging:log_training_results:317 - val weight decay:488.85391 * 0.0009000000000000001 * 0.71961
2023-04-29 23:46:35.504 | INFO     | utils.logging:save_sdre_imgs:710 - Figures saved.
2023-04-29 23:46:36.076 | INFO     | utils.logging:log_training_results:280 - 
2023-04-29 23:46:36.076 | INFO     | utils.logging:log_training_results:281 - Global Step =   3250
2023-04-29 23:46:36.077 | INFO     | utils.logging:log_training_results:282 - train mean(MacRec)_t: 0.8711164593696594
2023-04-29 23:46:36.077 | INFO     | utils.logging:log_training_results:287 - train mean ABSerr: 0.7272289395332336
2023-04-29 23:46:36.077 | INFO     | utils.logging:log_training_results:290 - train ausat from confmx: 0.9815611839294434
2023-04-29 23:46:36.078 | INFO     | utils.logging:log_training_results:301 - train MCE loss:0.83872 * 0.4 * 0.41343
2023-04-29 23:46:36.078 | INFO     | utils.logging:log_training_results:309 - train LLLR :0.29367 * 0.0 * 0.65156
2023-04-29 23:46:36.079 | INFO     | utils.logging:log_training_results:317 - train weight decay:488.85391 * 0.0009000000000000001 * 0.71948
2023-04-29 23:48:08.303 | INFO     | utils.logging:log_training_results:280 - 
2023-04-29 23:48:08.303 | INFO     | utils.logging:log_training_results:281 - Global Step =   3500
2023-04-29 23:48:08.304 | INFO     | utils.logging:log_training_results:282 - val mean(MacRec)_t: 0.8756933212280273
2023-04-29 23:48:08.304 | INFO     | utils.logging:log_training_results:287 - val mean ABSerr: 0.19605706632137299
2023-04-29 23:48:08.304 | INFO     | utils.logging:log_training_results:290 - val ausat from confmx: 0.9837415814399719
2023-04-29 23:48:08.305 | INFO     | utils.logging:log_training_results:301 - val MCE loss:0.85521 * 0.4 * 0.41406
2023-04-29 23:48:08.305 | INFO     | utils.logging:log_training_results:309 - val LLLR :0.29390 * 0.0 * 0.61868
2023-04-29 23:48:08.306 | INFO     | utils.logging:log_training_results:317 - val weight decay:456.03427 * 0.0009000000000000001 * 0.68688
2023-04-29 23:48:09.240 | INFO     | utils.logging:save_sdre_imgs:710 - Figures saved.
2023-04-29 23:48:09.801 | INFO     | utils.logging:log_training_results:280 - 
2023-04-29 23:48:09.801 | INFO     | utils.logging:log_training_results:281 - Global Step =   3500
2023-04-29 23:48:09.802 | INFO     | utils.logging:log_training_results:282 - train mean(MacRec)_t: 0.8629278540611267
2023-04-29 23:48:09.802 | INFO     | utils.logging:log_training_results:287 - train mean ABSerr: 0.6647126078605652
2023-04-29 23:48:09.802 | INFO     | utils.logging:log_training_results:290 - train ausat from confmx: 0.9644641876220703
2023-04-29 23:48:09.803 | INFO     | utils.logging:log_training_results:301 - train MCE loss:0.87295 * 0.4 * 0.41423
2023-04-29 23:48:09.803 | INFO     | utils.logging:log_training_results:309 - train LLLR :0.35657 * 0.0 * 0.61855
2023-04-29 23:48:09.804 | INFO     | utils.logging:log_training_results:317 - train weight decay:456.03430 * 0.0009000000000000001 * 0.68675
2023-04-29 23:48:41.594 | INFO     | __main__:objective:356 - Starting epoch #9.
2023-04-29 23:49:39.797 | INFO     | utils.logging:log_training_results:280 - 
2023-04-29 23:49:39.797 | INFO     | utils.logging:log_training_results:281 - Global Step =   3750
2023-04-29 23:49:39.798 | INFO     | utils.logging:log_training_results:282 - val mean(MacRec)_t: 0.8756433129310608
2023-04-29 23:49:39.798 | INFO     | utils.logging:log_training_results:287 - val mean ABSerr: 0.17547370493412018
2023-04-29 23:49:39.799 | INFO     | utils.logging:log_training_results:290 - val ausat from confmx: 0.9824274182319641
2023-04-29 23:49:39.799 | INFO     | utils.logging:log_training_results:301 - val MCE loss:0.85504 * 0.4 * 0.41404
2023-04-29 23:49:39.800 | INFO     | utils.logging:log_training_results:309 - val LLLR :0.29380 * 0.0 * 0.58564
2023-04-29 23:49:39.800 | INFO     | utils.logging:log_training_results:317 - val weight decay:424.99081 * 0.0009000000000000001 * 0.65417
2023-04-29 23:49:40.770 | INFO     | utils.logging:save_sdre_imgs:710 - Figures saved.
2023-04-29 23:49:41.336 | INFO     | utils.logging:log_training_results:280 - 
2023-04-29 23:49:41.336 | INFO     | utils.logging:log_training_results:281 - Global Step =   3750
2023-04-29 23:49:41.336 | INFO     | utils.logging:log_training_results:282 - train mean(MacRec)_t: 0.8725749254226685
2023-04-29 23:49:41.337 | INFO     | utils.logging:log_training_results:287 - train mean ABSerr: 0.6052417755126953
2023-04-29 23:49:41.337 | INFO     | utils.logging:log_training_results:290 - train ausat from confmx: 0.9766553640365601
2023-04-29 23:49:41.338 | INFO     | utils.logging:log_training_results:301 - train MCE loss:0.86753 * 0.4 * 0.41414
2023-04-29 23:49:41.338 | INFO     | utils.logging:log_training_results:309 - train LLLR :0.31778 * 0.0 * 0.58551
2023-04-29 23:49:41.338 | INFO     | utils.logging:log_training_results:317 - train weight decay:424.99081 * 0.0009000000000000001 * 0.65404
2023-04-29 23:51:00.178 | INFO     | utils.logging:investigate_log:155 - num_warning=0/num_error=0 in the .log file.
2023-04-29 23:51:00.381 | INFO     | optuna.study.study:_log_completed_trial:1020 - Trial 77 finished with value: 0.14105641841888428 and parameters: {'LIST_IS_POSITIONAL_ENCODING': False, 'LIST_MODEL_BACKBONE': 'Transformer', 'LIST_WEIGHT_DECAY': 0.0009000000000000001, 'LIST_LEARNING_RATE': 0.00012944253078688036, 'LIST_LLLR_VERSION': 'LSEL', 'LIST_ACTIVATION_FC': 'gelu', 'LIST_PARAM_MULTIPLET_LOSS': 0.4, 'LIST_PARAM_LLR_LOSS': 0.0, 'LIST_IS_ADAPTIVE_LOSS': True, 'LIST_ORDER_SPRT': 5, 'LIST_OPTIMIZER': 'rmsprop', 'LIST_IS_NORMALIZE': False, 'LIST_NUM_THRESH': 1500, 'LIST_SPARSITY': 'logspace', 'LIST_NUM_BLOCKS': 1, 'LIST_NUM_HEADS': 4, 'LIST_DROPOUT': 0.2, 'LIST_FF_DIM': 64, 'LIST_MLP_UNITS': 64}. Best is trial 77 with value: 0.14105641841888428.
2023-04-29 23:51:00.404 | INFO     | utils.hyperparameter_tuning:suggest_parameters:560 - [33mStarting a tuning phase.[0m
2023-04-29 23:51:00.902 | INFO     | utils.hyperparameter_tuning:print:394 - 
+------------------------------------------+
|   Hyperparameteres suggested by Optuna   |
+------------------------+-----------------+
|     Parameter name     | Suggested value |
+------------------------+-----------------+
|     ACTIVATION_FC      |       gelu      |
|        DROPOUT         |       0.2       |
|         FF_DIM         |        32       |
|    IS_ADAPTIVE_LOSS    |       True      |
|      IS_NORMALIZE      |      False      |
| IS_POSITIONAL_ENCODING |      False      |
|     LEARNING_RATE      |    0.00012642   |
|      LLLR_VERSION      |       LSEL      |
|       MLP_UNITS        |        64       |
|     MODEL_BACKBONE     |   Transformer   |
|       NUM_BLOCKS       |        1        |
|       NUM_HEADS        |        4        |
|       NUM_THRESH       |       1500      |
|       OPTIMIZER        |       adam      |
|       ORDER_SPRT       |        5        |
|     PARAM_LLR_LOSS     |       0.0       |
|  PARAM_MULTIPLET_LOSS  |       0.4       |
|        SPARSITY        |     linspace    |
|      WEIGHT_DECAY      |      0.0008     |
+------------------------+-----------------+
2023-04-29 23:51:00.904 | INFO     | utils.misc:create_directories_and_log:291 - [33mA new log directory was created: [0m/home/afe/Dropbox/GitHub/SPRT-TANDEM-PyTorch/logs/public_offset0_5_optimmabs_tuning/checkpoints/Transformer_20230429_235100903/configs
2023-04-29 23:51:00.905 | INFO     | utils.misc:create_directories_and_log:291 - [33mA new log directory was created: [0m/home/afe/Dropbox/GitHub/SPRT-TANDEM-PyTorch/logs/public_offset0_5_optimmabs_tuning/TensorBoard_events/Transformer_20230429_235100903
