2023-04-28 14:48:28.453 | INFO     | utils.misc:fix_random_seed:405 - Random seed is not fixed.
2023-04-28 14:48:28.469 | INFO     | models.temporal_integrators:summarize:568 - 
:'######::'########::'########::'########::::::::::::::::::::::
'##... ##: ##.... ##: ##.... ##:... ##..:::::::::::::::::::::::
 ##:::..:: ##:::: ##: ##:::: ##:::: ##:::::::::::::::::::::::::
. ######:: ########:: ########::::: ##::::'#######:::::::::::::
:..... ##: ##.....::: ##.. ##:::::: ##::::........:::::::::::::
'##::: ##: ##:::::::: ##::. ##::::: ##:::::::::::::::::::::::::
. ######:: ##:::::::: ##:::. ##:::: ##:::::::::::::::::::::::::
:......:::..:::::::::..:::::..:::::..::::::::::::::::::::::::::
'########::::'###::::'##::: ##:'########::'########:'##::::'##:
... ##..::::'## ##::: ###:: ##: ##.... ##: ##.....:: ###::'###:
::: ##:::::'##:. ##:: ####: ##: ##:::: ##: ##::::::: ####'####:
::: ##::::'##:::. ##: ## ## ##: ##:::: ##: ######::: ## ### ##:
::: ##:::: #########: ##. ####: ##:::: ##: ##...:::: ##. #: ##:
::: ##:::: ##.... ##: ##:. ###: ##:::: ##: ##::::::: ##:.:: ##:
::: ##:::: ##:::: ##: ##::. ##: ########:: ########: ##:::: ##:
:::..:::::..:::::..::..::::..::........:::........::..:::::..::

2023-04-28 14:48:28.470 | INFO     | models.temporal_integrators:summarize:571 - [34mofficial PyTorch implementation.[0m
2023-04-28 14:48:28.800 | INFO     | models.temporal_integrators:summarize:593 - Network summary:
==========================================================================================
Layer (type:depth-idx)                   Output Shape              Param #
==========================================================================================
B2BsqrtTANDEM                            [150, 50, 3, 3]           3
├─PositionalEncoding: 1-1                [7500, 1, 128]            --
│    └─Dropout: 2-1                      [1, 7500, 128]            --
├─LSTM: 1-2                              [7500, 1, 53]             38,584
│    └─Tanh: 2-2                         [7500, 53]                --
│    └─Tanh: 2-3                         [7500, 53]                --
│    └─Tanh: 2-4                         [7500, 53]                --
│    └─Sigmoid: 2-5                      [7500, 53]                --
│    └─Sigmoid: 2-6                      [7500, 53]                --
├─LayerNorm: 1-3                         [7500, 53]                106
├─ReLU: 1-4                              [7500, 53]                --
├─Linear: 1-5                            [7500, 3]                 162
==========================================================================================
Total params: 38,855
Trainable params: 38,855
Non-trainable params: 0
Total mult-adds (M): 2.01
==========================================================================================
Input size (MB): 3.84
Forward/backward pass size (MB): 3.36
Params size (MB): 0.00
Estimated Total Size (MB): 7.20
==========================================================================================
2023-04-28 14:48:28.801 | INFO     | models.temporal_integrators:summarize:594 - Example input shape: torch.Size([150, 50, 128])
2023-04-28 14:48:28.802 | INFO     | models.temporal_integrators:summarize:595 - Example output shape: torch.Size([150, 50, 3, 3])
2023-04-28 14:48:28.803 | INFO     | models.temporal_integrators:import_model:58 - model moved onto: [33mcuda.[0m
2023-04-28 14:48:28.804 | INFO     | models.optimizers:initialize_optimizer:44 - Optimizer:
AdamW (
Parameter Group 0
    amsgrad: False
    betas: (0.9, 0.999)
    capturable: False
    differentiable: False
    eps: 1e-08
    foreach: None
    fused: None
    lr: 0.00010873664721105891
    maximize: False
    weight_decay: 0.0001
)
2023-04-28 14:48:28.804 | INFO     | datasets.data_processing:lmdb_dataloaders:293 - loading data... 
2023-04-28 14:48:28.804 | INFO     | datasets.data_processing:lmdb_dataloaders:295 - If this process takes long, consider setting is_load_onto_memory=False or use LMDBIterableDataset.
2023-04-28 14:48:31.063 | INFO     | __main__:objective:356 - Starting epoch #0.
2023-04-28 14:48:38.247 | INFO     | utils.logging:log_training_results:280 - 
2023-04-28 14:48:38.248 | INFO     | utils.logging:log_training_results:281 - Global Step =      0
2023-04-28 14:48:38.248 | INFO     | utils.logging:log_training_results:282 - val mean(MacRec)_t: 0.3334999680519104
2023-04-28 14:48:38.249 | INFO     | utils.logging:log_training_results:287 - val mean ABSerr: 8.948301315307617
2023-04-28 14:48:38.249 | INFO     | utils.logging:log_training_results:290 - val ausat from confmx: 0.33299607038497925
2023-04-28 14:48:38.249 | INFO     | utils.logging:log_training_results:301 - val MCE loss:1.22369 * 0.5 * 0.57357
2023-04-28 14:48:38.250 | INFO     | utils.logging:log_training_results:309 - val LLLR :11.34568 * 0.30000000000000004 * -2.22562
2023-04-28 14:48:38.250 | INFO     | utils.logging:log_training_results:317 - val weight decay:567.48627 * 0.0001 * -0.02296
2023-04-28 14:48:39.105 | INFO     | utils.logging:save_sdre_imgs:710 - Figures saved.
2023-04-28 14:48:39.511 | INFO     | utils.logging:log_training_results:280 - 
2023-04-28 14:48:39.512 | INFO     | utils.logging:log_training_results:281 - Global Step =      0
2023-04-28 14:48:39.512 | INFO     | utils.logging:log_training_results:282 - train mean(MacRec)_t: 0.33244916796684265
2023-04-28 14:48:39.513 | INFO     | utils.logging:log_training_results:287 - train mean ABSerr: 8.423323631286621
2023-04-28 14:48:39.513 | INFO     | utils.logging:log_training_results:290 - train ausat from confmx: 0.3329969048500061
2023-04-28 14:48:39.513 | INFO     | utils.logging:log_training_results:301 - train MCE loss:1.22480 * 0.5 * 0.57347
2023-04-28 14:48:39.514 | INFO     | utils.logging:log_training_results:309 - train LLLR :10.76300 * 0.30000000000000004 * -2.22551
2023-04-28 14:48:39.514 | INFO     | utils.logging:log_training_results:317 - train weight decay:567.48627 * 0.0001 * -0.02307
2023-04-28 14:49:31.808 | INFO     | utils.logging:log_training_results:280 - 
2023-04-28 14:49:31.809 | INFO     | utils.logging:log_training_results:281 - Global Step =    250
2023-04-28 14:49:31.809 | INFO     | utils.logging:log_training_results:282 - val mean(MacRec)_t: 0.4817799925804138
2023-04-28 14:49:31.810 | INFO     | utils.logging:log_training_results:287 - val mean ABSerr: 3.2020881175994873
2023-04-28 14:49:31.810 | INFO     | utils.logging:log_training_results:290 - val ausat from confmx: 0.5492547750473022
2023-04-28 14:49:31.810 | INFO     | utils.logging:log_training_results:301 - val MCE loss:1.12192 * 0.5 * 0.54892
2023-04-28 14:49:31.811 | INFO     | utils.logging:log_training_results:309 - val LLLR :1.35241 * 0.30000000000000004 * -2.19913
2023-04-28 14:49:31.811 | INFO     | utils.logging:log_training_results:317 - val weight decay:431.87595 * 0.0001 * -0.03931
2023-04-28 14:49:31.902 | INFO     | utils.checkpoint:update_and_save_result:168 - [36mBest value updated![0m
2023-04-28 14:49:31.914 | INFO     | utils.checkpoint:save_checkpoint:83 - [36mSaved checkpoint[0m at step 250.
2023-04-28 14:49:32.705 | INFO     | utils.logging:save_sdre_imgs:710 - Figures saved.
2023-04-28 14:49:33.149 | INFO     | utils.logging:log_training_results:280 - 
2023-04-28 14:49:33.150 | INFO     | utils.logging:log_training_results:281 - Global Step =    250
2023-04-28 14:49:33.150 | INFO     | utils.logging:log_training_results:282 - train mean(MacRec)_t: 0.4637756943702698
2023-04-28 14:49:33.151 | INFO     | utils.logging:log_training_results:287 - train mean ABSerr: 3.3379504680633545
2023-04-28 14:49:33.151 | INFO     | utils.logging:log_training_results:290 - train ausat from confmx: 0.5331103205680847
2023-04-28 14:49:33.152 | INFO     | utils.logging:log_training_results:301 - train MCE loss:1.12867 * 0.5 * 0.54884
2023-04-28 14:49:33.152 | INFO     | utils.logging:log_training_results:309 - train LLLR :1.39938 * 0.30000000000000004 * -2.19903
2023-04-28 14:49:33.152 | INFO     | utils.logging:log_training_results:317 - train weight decay:431.87595 * 0.0001 * -0.03936
2023-04-28 14:50:01.915 | INFO     | __main__:objective:356 - Starting epoch #1.
2023-04-28 14:50:27.960 | INFO     | utils.logging:log_training_results:280 - 
2023-04-28 14:50:27.960 | INFO     | utils.logging:log_training_results:281 - Global Step =    500
2023-04-28 14:50:27.961 | INFO     | utils.logging:log_training_results:282 - val mean(MacRec)_t: 0.6469699740409851
2023-04-28 14:50:27.961 | INFO     | utils.logging:log_training_results:287 - val mean ABSerr: 2.6591382026672363
2023-04-28 14:50:27.961 | INFO     | utils.logging:log_training_results:290 - val ausat from confmx: 0.7703073024749756
2023-04-28 14:50:27.962 | INFO     | utils.logging:log_training_results:301 - val MCE loss:1.08540 * 0.5 * 0.53071
2023-04-28 14:50:27.962 | INFO     | utils.logging:log_training_results:309 - val LLLR :0.80667 * 0.30000000000000004 * -2.17306
2023-04-28 14:50:27.963 | INFO     | utils.logging:log_training_results:317 - val weight decay:351.83041 * 0.0001 * -0.04734
2023-04-28 14:50:28.053 | INFO     | utils.checkpoint:update_and_save_result:168 - [36mBest value updated![0m
2023-04-28 14:50:28.067 | INFO     | utils.checkpoint:save_checkpoint:83 - [36mSaved checkpoint[0m at step 500.
2023-04-28 14:50:28.070 | INFO     | utils.checkpoint:keep_max_num_saved_models:101 - Removed the oldest model for max_to_keep=1
2023-04-28 14:50:29.021 | INFO     | utils.logging:save_sdre_imgs:710 - Figures saved.
2023-04-28 14:50:29.503 | INFO     | utils.logging:log_training_results:280 - 
2023-04-28 14:50:29.504 | INFO     | utils.logging:log_training_results:281 - Global Step =    500
2023-04-28 14:50:29.504 | INFO     | utils.logging:log_training_results:282 - train mean(MacRec)_t: 0.550394594669342
2023-04-28 14:50:29.505 | INFO     | utils.logging:log_training_results:287 - train mean ABSerr: 2.597456455230713
2023-04-28 14:50:29.505 | INFO     | utils.logging:log_training_results:290 - train ausat from confmx: 0.6360927820205688
2023-04-28 14:50:29.505 | INFO     | utils.logging:log_training_results:301 - train MCE loss:1.09508 * 0.5 * 0.53065
2023-04-28 14:50:29.506 | INFO     | utils.logging:log_training_results:309 - train LLLR :1.02718 * 0.30000000000000004 * -2.17295
2023-04-28 14:50:29.506 | INFO     | utils.logging:log_training_results:317 - train weight decay:351.83038 * 0.0001 * -0.04736
2023-04-28 14:51:22.922 | INFO     | utils.logging:log_training_results:280 - 
2023-04-28 14:51:22.922 | INFO     | utils.logging:log_training_results:281 - Global Step =    750
2023-04-28 14:51:22.923 | INFO     | utils.logging:log_training_results:282 - val mean(MacRec)_t: 0.7633733153343201
2023-04-28 14:51:22.923 | INFO     | utils.logging:log_training_results:287 - val mean ABSerr: 2.2190170288085938
2023-04-28 14:51:22.924 | INFO     | utils.logging:log_training_results:290 - val ausat from confmx: 0.9061691164970398
2023-04-28 14:51:22.924 | INFO     | utils.logging:log_training_results:301 - val MCE loss:1.06343 * 0.5 * 0.51989
2023-04-28 14:51:22.925 | INFO     | utils.logging:log_training_results:309 - val LLLR :0.54563 * 0.30000000000000004 * -2.14661
2023-04-28 14:51:22.925 | INFO     | utils.logging:log_training_results:317 - val weight decay:292.22629 * 0.0001 * -0.05277
2023-04-28 14:51:23.020 | INFO     | utils.checkpoint:update_and_save_result:168 - [36mBest value updated![0m
2023-04-28 14:51:23.033 | INFO     | utils.checkpoint:save_checkpoint:83 - [36mSaved checkpoint[0m at step 750.
2023-04-28 14:51:23.036 | INFO     | utils.checkpoint:keep_max_num_saved_models:101 - Removed the oldest model for max_to_keep=1
2023-04-28 14:51:23.799 | INFO     | utils.logging:save_sdre_imgs:710 - Figures saved.
2023-04-28 14:51:24.233 | INFO     | utils.logging:log_training_results:280 - 
2023-04-28 14:51:24.233 | INFO     | utils.logging:log_training_results:281 - Global Step =    750
2023-04-28 14:51:24.234 | INFO     | utils.logging:log_training_results:282 - train mean(MacRec)_t: 0.7696373462677002
2023-04-28 14:51:24.234 | INFO     | utils.logging:log_training_results:287 - train mean ABSerr: 2.372744560241699
2023-04-28 14:51:24.234 | INFO     | utils.logging:log_training_results:290 - train ausat from confmx: 0.8890214562416077
2023-04-28 14:51:24.235 | INFO     | utils.logging:log_training_results:301 - train MCE loss:1.07149 * 0.5 * 0.51986
2023-04-28 14:51:24.235 | INFO     | utils.logging:log_training_results:309 - train LLLR :0.53013 * 0.30000000000000004 * -2.14651
2023-04-28 14:51:24.235 | INFO     | utils.logging:log_training_results:317 - train weight decay:292.22626 * 0.0001 * -0.05279
2023-04-28 14:51:33.414 | INFO     | __main__:objective:356 - Starting epoch #2.
2023-04-28 14:52:17.901 | INFO     | utils.logging:log_training_results:280 - 
2023-04-28 14:52:17.902 | INFO     | utils.logging:log_training_results:281 - Global Step =   1000
2023-04-28 14:52:17.902 | INFO     | utils.logging:log_training_results:282 - val mean(MacRec)_t: 0.8225866556167603
2023-04-28 14:52:17.902 | INFO     | utils.logging:log_training_results:287 - val mean ABSerr: 1.7808736562728882
2023-04-28 14:52:17.903 | INFO     | utils.logging:log_training_results:290 - val ausat from confmx: 0.9520224928855896
2023-04-28 14:52:17.903 | INFO     | utils.logging:log_training_results:301 - val MCE loss:1.04796 * 0.5 * 0.51421
2023-04-28 14:52:17.904 | INFO     | utils.logging:log_training_results:309 - val LLLR :0.42185 * 0.30000000000000004 * -2.11985
2023-04-28 14:52:17.904 | INFO     | utils.logging:log_training_results:317 - val weight decay:244.69356 * 0.0001 * -0.05677
2023-04-28 14:52:17.995 | INFO     | utils.checkpoint:update_and_save_result:168 - [36mBest value updated![0m
2023-04-28 14:52:18.008 | INFO     | utils.checkpoint:save_checkpoint:83 - [36mSaved checkpoint[0m at step 1000.
2023-04-28 14:52:18.010 | INFO     | utils.checkpoint:keep_max_num_saved_models:101 - Removed the oldest model for max_to_keep=1
2023-04-28 14:52:18.745 | INFO     | utils.logging:save_sdre_imgs:710 - Figures saved.
2023-04-28 14:52:19.170 | INFO     | utils.logging:log_training_results:280 - 
2023-04-28 14:52:19.171 | INFO     | utils.logging:log_training_results:281 - Global Step =   1000
2023-04-28 14:52:19.171 | INFO     | utils.logging:log_training_results:282 - train mean(MacRec)_t: 0.8045141696929932
2023-04-28 14:52:19.171 | INFO     | utils.logging:log_training_results:287 - train mean ABSerr: 1.8458056449890137
2023-04-28 14:52:19.172 | INFO     | utils.logging:log_training_results:290 - train ausat from confmx: 0.9269573092460632
2023-04-28 14:52:19.172 | INFO     | utils.logging:log_training_results:301 - train MCE loss:1.05380 * 0.5 * 0.51419
2023-04-28 14:52:19.172 | INFO     | utils.logging:log_training_results:309 - train LLLR :0.45535 * 0.30000000000000004 * -2.11974
2023-04-28 14:52:19.173 | INFO     | utils.logging:log_training_results:317 - train weight decay:244.69356 * 0.0001 * -0.05679
2023-04-28 14:52:56.862 | INFO     | __main__:objective:356 - Starting epoch #3.
2023-04-28 14:53:13.423 | INFO     | utils.logging:log_training_results:280 - 
2023-04-28 14:53:13.423 | INFO     | utils.logging:log_training_results:281 - Global Step =   1250
2023-04-28 14:53:13.424 | INFO     | utils.logging:log_training_results:282 - val mean(MacRec)_t: 0.8479266166687012
2023-04-28 14:53:13.424 | INFO     | utils.logging:log_training_results:287 - val mean ABSerr: 1.4113904237747192
2023-04-28 14:53:13.424 | INFO     | utils.logging:log_training_results:290 - val ausat from confmx: 0.9655328989028931
2023-04-28 14:53:13.425 | INFO     | utils.logging:log_training_results:301 - val MCE loss:1.03695 * 0.5 * 0.51096
2023-04-28 14:53:13.425 | INFO     | utils.logging:log_training_results:309 - val LLLR :0.36572 * 0.30000000000000004 * -2.09283
2023-04-28 14:53:13.426 | INFO     | utils.logging:log_training_results:317 - val weight decay:205.58423 * 0.0001 * -0.05982
2023-04-28 14:53:13.515 | INFO     | utils.checkpoint:update_and_save_result:168 - [36mBest value updated![0m
2023-04-28 14:53:13.528 | INFO     | utils.checkpoint:save_checkpoint:83 - [36mSaved checkpoint[0m at step 1250.
2023-04-28 14:53:13.531 | INFO     | utils.checkpoint:keep_max_num_saved_models:101 - Removed the oldest model for max_to_keep=1
2023-04-28 14:53:14.247 | INFO     | utils.logging:save_sdre_imgs:710 - Figures saved.
2023-04-28 14:53:14.665 | INFO     | utils.logging:log_training_results:280 - 
2023-04-28 14:53:14.666 | INFO     | utils.logging:log_training_results:281 - Global Step =   1250
2023-04-28 14:53:14.666 | INFO     | utils.logging:log_training_results:282 - train mean(MacRec)_t: 0.8425309658050537
2023-04-28 14:53:14.667 | INFO     | utils.logging:log_training_results:287 - train mean ABSerr: 1.5660051107406616
2023-04-28 14:53:14.667 | INFO     | utils.logging:log_training_results:290 - train ausat from confmx: 0.9598860740661621
2023-04-28 14:53:14.668 | INFO     | utils.logging:log_training_results:301 - train MCE loss:1.04574 * 0.5 * 0.51095
2023-04-28 14:53:14.668 | INFO     | utils.logging:log_training_results:309 - train LLLR :0.37737 * 0.30000000000000004 * -2.09272
2023-04-28 14:53:14.668 | INFO     | utils.logging:log_training_results:317 - train weight decay:205.58423 * 0.0001 * -0.05983
2023-04-28 14:54:08.188 | INFO     | utils.logging:log_training_results:280 - 
2023-04-28 14:54:08.188 | INFO     | utils.logging:log_training_results:281 - Global Step =   1500
2023-04-28 14:54:08.189 | INFO     | utils.logging:log_training_results:282 - val mean(MacRec)_t: 0.84906005859375
2023-04-28 14:54:08.189 | INFO     | utils.logging:log_training_results:287 - val mean ABSerr: 1.134155035018921
2023-04-28 14:54:08.189 | INFO     | utils.logging:log_training_results:290 - val ausat from confmx: 0.9639411568641663
2023-04-28 14:54:08.190 | INFO     | utils.logging:log_training_results:301 - val MCE loss:1.03003 * 0.5 * 0.50913
2023-04-28 14:54:08.190 | INFO     | utils.logging:log_training_results:309 - val LLLR :0.35772 * 0.30000000000000004 * -2.06560
2023-04-28 14:54:08.191 | INFO     | utils.logging:log_training_results:317 - val weight decay:172.88243 * 0.0001 * -0.06213
2023-04-28 14:54:09.040 | INFO     | utils.logging:save_sdre_imgs:710 - Figures saved.
2023-04-28 14:54:09.462 | INFO     | utils.logging:log_training_results:280 - 
2023-04-28 14:54:09.462 | INFO     | utils.logging:log_training_results:281 - Global Step =   1500
2023-04-28 14:54:09.463 | INFO     | utils.logging:log_training_results:282 - train mean(MacRec)_t: 0.8008415102958679
2023-04-28 14:54:09.463 | INFO     | utils.logging:log_training_results:287 - train mean ABSerr: 1.4031805992126465
2023-04-28 14:54:09.464 | INFO     | utils.logging:log_training_results:290 - train ausat from confmx: 0.9523919224739075
2023-04-28 14:54:09.464 | INFO     | utils.logging:log_training_results:301 - train MCE loss:1.04104 * 0.5 * 0.50913
2023-04-28 14:54:09.464 | INFO     | utils.logging:log_training_results:309 - train LLLR :0.42611 * 0.30000000000000004 * -2.06549
2023-04-28 14:54:09.465 | INFO     | utils.logging:log_training_results:317 - train weight decay:172.88243 * 0.0001 * -0.06214
2023-04-28 14:54:27.946 | INFO     | __main__:objective:356 - Starting epoch #4.
2023-04-28 14:55:02.755 | INFO     | utils.logging:log_training_results:280 - 
2023-04-28 14:55:02.756 | INFO     | utils.logging:log_training_results:281 - Global Step =   1750
2023-04-28 14:55:02.757 | INFO     | utils.logging:log_training_results:282 - val mean(MacRec)_t: 0.8686000108718872
2023-04-28 14:55:02.757 | INFO     | utils.logging:log_training_results:287 - val mean ABSerr: 0.8257911205291748
2023-04-28 14:55:02.757 | INFO     | utils.logging:log_training_results:290 - val ausat from confmx: 0.9788833856582642
2023-04-28 14:55:02.758 | INFO     | utils.logging:log_training_results:301 - val MCE loss:1.02604 * 0.5 * 0.50817
2023-04-28 14:55:02.758 | INFO     | utils.logging:log_training_results:309 - val LLLR :0.31298 * 0.30000000000000004 * -2.03818
2023-04-28 14:55:02.759 | INFO     | utils.logging:log_training_results:317 - val weight decay:145.38789 * 0.0001 * -0.06384
2023-04-28 14:55:02.848 | INFO     | utils.checkpoint:update_and_save_result:168 - [36mBest value updated![0m
2023-04-28 14:55:02.860 | INFO     | utils.checkpoint:save_checkpoint:83 - [36mSaved checkpoint[0m at step 1750.
2023-04-28 14:55:02.863 | INFO     | utils.checkpoint:keep_max_num_saved_models:101 - Removed the oldest model for max_to_keep=1
2023-04-28 14:55:03.608 | INFO     | utils.logging:save_sdre_imgs:710 - Figures saved.
2023-04-28 14:55:04.018 | INFO     | utils.logging:log_training_results:280 - 
2023-04-28 14:55:04.019 | INFO     | utils.logging:log_training_results:281 - Global Step =   1750
2023-04-28 14:55:04.019 | INFO     | utils.logging:log_training_results:282 - train mean(MacRec)_t: 0.8677344918251038
2023-04-28 14:55:04.020 | INFO     | utils.logging:log_training_results:287 - train mean ABSerr: 1.100400686264038
2023-04-28 14:55:04.020 | INFO     | utils.logging:log_training_results:290 - train ausat from confmx: 0.976107120513916
2023-04-28 14:55:04.021 | INFO     | utils.logging:log_training_results:301 - train MCE loss:1.03184 * 0.5 * 0.50817
2023-04-28 14:55:04.021 | INFO     | utils.logging:log_training_results:309 - train LLLR :0.30956 * 0.30000000000000004 * -2.03807
2023-04-28 14:55:04.021 | INFO     | utils.logging:log_training_results:317 - train weight decay:145.38789 * 0.0001 * -0.06385
2023-04-28 14:55:49.617 | INFO     | __main__:objective:356 - Starting epoch #5.
2023-04-28 14:55:57.130 | INFO     | utils.logging:log_training_results:280 - 
2023-04-28 14:55:57.130 | INFO     | utils.logging:log_training_results:281 - Global Step =   2000
2023-04-28 14:55:57.131 | INFO     | utils.logging:log_training_results:282 - val mean(MacRec)_t: 0.8672900199890137
2023-04-28 14:55:57.131 | INFO     | utils.logging:log_training_results:287 - val mean ABSerr: 0.8197871446609497
2023-04-28 14:55:57.131 | INFO     | utils.logging:log_training_results:290 - val ausat from confmx: 0.9764629006385803
2023-04-28 14:55:57.132 | INFO     | utils.logging:log_training_results:301 - val MCE loss:1.02428 * 0.5 * 0.50769
2023-04-28 14:55:57.132 | INFO     | utils.logging:log_training_results:309 - val LLLR :0.31693 * 0.30000000000000004 * -2.01059
2023-04-28 14:55:57.133 | INFO     | utils.logging:log_training_results:317 - val weight decay:122.22843 * 0.0001 * -0.06502
2023-04-28 14:55:57.964 | INFO     | utils.logging:save_sdre_imgs:710 - Figures saved.
2023-04-28 14:55:58.403 | INFO     | utils.logging:log_training_results:280 - 
2023-04-28 14:55:58.403 | INFO     | utils.logging:log_training_results:281 - Global Step =   2000
2023-04-28 14:55:58.404 | INFO     | utils.logging:log_training_results:282 - train mean(MacRec)_t: 0.8495814204216003
2023-04-28 14:55:58.404 | INFO     | utils.logging:log_training_results:287 - train mean ABSerr: 1.0160467624664307
2023-04-28 14:55:58.404 | INFO     | utils.logging:log_training_results:290 - train ausat from confmx: 0.9945287108421326
2023-04-28 14:55:58.405 | INFO     | utils.logging:log_training_results:301 - train MCE loss:1.03477 * 0.5 * 0.50769
2023-04-28 14:55:58.405 | INFO     | utils.logging:log_training_results:309 - train LLLR :0.33515 * 0.30000000000000004 * -2.01048
2023-04-28 14:55:58.406 | INFO     | utils.logging:log_training_results:317 - train weight decay:122.22843 * 0.0001 * -0.06503
2023-04-28 14:56:51.411 | INFO     | utils.logging:log_training_results:280 - 
2023-04-28 14:56:51.412 | INFO     | utils.logging:log_training_results:281 - Global Step =   2250
2023-04-28 14:56:51.412 | INFO     | utils.logging:log_training_results:282 - val mean(MacRec)_t: 0.8614300489425659
2023-04-28 14:56:51.413 | INFO     | utils.logging:log_training_results:287 - val mean ABSerr: 0.88788241147995
2023-04-28 14:56:51.413 | INFO     | utils.logging:log_training_results:290 - val ausat from confmx: 0.9690414667129517
2023-04-28 14:56:51.414 | INFO     | utils.logging:log_training_results:301 - val MCE loss:1.02337 * 0.5 * 0.50749
2023-04-28 14:56:51.415 | INFO     | utils.logging:log_training_results:309 - val LLLR :0.32997 * 0.30000000000000004 * -1.98284
2023-04-28 14:56:51.416 | INFO     | utils.logging:log_training_results:317 - val weight decay:102.79913 * 0.0001 * -0.06572
2023-04-28 14:56:52.436 | INFO     | utils.logging:save_sdre_imgs:710 - Figures saved.
2023-04-28 14:56:52.862 | INFO     | utils.logging:log_training_results:280 - 
2023-04-28 14:56:52.862 | INFO     | utils.logging:log_training_results:281 - Global Step =   2250
2023-04-28 14:56:52.863 | INFO     | utils.logging:log_training_results:282 - train mean(MacRec)_t: 0.8371473550796509
2023-04-28 14:56:52.863 | INFO     | utils.logging:log_training_results:287 - train mean ABSerr: 1.083835244178772
2023-04-28 14:56:52.864 | INFO     | utils.logging:log_training_results:290 - train ausat from confmx: 0.9605504870414734
2023-04-28 14:56:52.864 | INFO     | utils.logging:log_training_results:301 - train MCE loss:1.03610 * 0.5 * 0.50750
2023-04-28 14:56:52.864 | INFO     | utils.logging:log_training_results:309 - train LLLR :0.38074 * 0.30000000000000004 * -1.98273
2023-04-28 14:56:52.865 | INFO     | utils.logging:log_training_results:317 - train weight decay:102.79912 * 0.0001 * -0.06572
2023-04-28 14:57:20.639 | INFO     | __main__:objective:356 - Starting epoch #6.
2023-04-28 14:57:46.483 | INFO     | utils.logging:log_training_results:280 - 
2023-04-28 14:57:46.483 | INFO     | utils.logging:log_training_results:281 - Global Step =   2500
2023-04-28 14:57:46.484 | INFO     | utils.logging:log_training_results:282 - val mean(MacRec)_t: 0.856493353843689
2023-04-28 14:57:46.484 | INFO     | utils.logging:log_training_results:287 - val mean ABSerr: 0.9953882694244385
2023-04-28 14:57:46.485 | INFO     | utils.logging:log_training_results:290 - val ausat from confmx: 0.9623839855194092
2023-04-28 14:57:46.485 | INFO     | utils.logging:log_training_results:301 - val MCE loss:1.02297 * 0.5 * 0.50719
2023-04-28 14:57:46.486 | INFO     | utils.logging:log_training_results:309 - val LLLR :0.34265 * 0.30000000000000004 * -1.95495
2023-04-28 14:57:46.486 | INFO     | utils.logging:log_training_results:317 - val weight decay:86.59648 * 0.0001 * -0.06595
2023-04-28 14:57:47.321 | INFO     | utils.logging:save_sdre_imgs:710 - Figures saved.
2023-04-28 14:57:47.741 | INFO     | utils.logging:log_training_results:280 - 
2023-04-28 14:57:47.741 | INFO     | utils.logging:log_training_results:281 - Global Step =   2500
2023-04-28 14:57:47.742 | INFO     | utils.logging:log_training_results:282 - train mean(MacRec)_t: 0.8467680215835571
2023-04-28 14:57:47.742 | INFO     | utils.logging:log_training_results:287 - train mean ABSerr: 1.1528629064559937
2023-04-28 14:57:47.742 | INFO     | utils.logging:log_training_results:290 - train ausat from confmx: 0.9827830791473389
2023-04-28 14:57:47.743 | INFO     | utils.logging:log_training_results:301 - train MCE loss:1.03874 * 0.5 * 0.50718
2023-04-28 14:57:47.743 | INFO     | utils.logging:log_training_results:309 - train LLLR :0.36918 * 0.30000000000000004 * -1.95484
2023-04-28 14:57:47.743 | INFO     | utils.logging:log_training_results:317 - train weight decay:86.59648 * 0.0001 * -0.06595
2023-04-28 14:58:39.998 | INFO     | utils.logging:log_training_results:280 - 
2023-04-28 14:58:39.998 | INFO     | utils.logging:log_training_results:281 - Global Step =   2750
2023-04-28 14:58:39.999 | INFO     | utils.logging:log_training_results:282 - val mean(MacRec)_t: 0.8686333298683167
2023-04-28 14:58:39.999 | INFO     | utils.logging:log_training_results:287 - val mean ABSerr: 0.6274320483207703
2023-04-28 14:58:40.000 | INFO     | utils.logging:log_training_results:290 - val ausat from confmx: 0.976179301738739
2023-04-28 14:58:40.000 | INFO     | utils.logging:log_training_results:301 - val MCE loss:1.02239 * 0.5 * 0.50740
2023-04-28 14:58:40.001 | INFO     | utils.logging:log_training_results:309 - val LLLR :0.31042 * 0.30000000000000004 * -1.92693
2023-04-28 14:58:40.001 | INFO     | utils.logging:log_training_results:317 - val weight decay:73.19064 * 0.0001 * -0.06573
2023-04-28 14:58:40.847 | INFO     | utils.logging:save_sdre_imgs:710 - Figures saved.
2023-04-28 14:58:41.275 | INFO     | utils.logging:log_training_results:280 - 
2023-04-28 14:58:41.276 | INFO     | utils.logging:log_training_results:281 - Global Step =   2750
2023-04-28 14:58:41.276 | INFO     | utils.logging:log_training_results:282 - train mean(MacRec)_t: 0.8212096691131592
2023-04-28 14:58:41.277 | INFO     | utils.logging:log_training_results:287 - train mean ABSerr: 1.0124307870864868
2023-04-28 14:58:41.277 | INFO     | utils.logging:log_training_results:290 - train ausat from confmx: 0.9517458081245422
2023-04-28 14:58:41.278 | INFO     | utils.logging:log_training_results:301 - train MCE loss:1.03688 * 0.5 * 0.50740
2023-04-28 14:58:41.278 | INFO     | utils.logging:log_training_results:309 - train LLLR :0.41999 * 0.30000000000000004 * -1.92682
2023-04-28 14:58:41.278 | INFO     | utils.logging:log_training_results:317 - train weight decay:73.19064 * 0.0001 * -0.06573
2023-04-28 14:58:50.225 | INFO     | __main__:objective:356 - Starting epoch #7.
2023-04-28 14:59:35.091 | INFO     | utils.logging:log_training_results:280 - 
2023-04-28 14:59:35.092 | INFO     | utils.logging:log_training_results:281 - Global Step =   3000
2023-04-28 14:59:35.092 | INFO     | utils.logging:log_training_results:282 - val mean(MacRec)_t: 0.8732866644859314
2023-04-28 14:59:35.093 | INFO     | utils.logging:log_training_results:287 - val mean ABSerr: 0.5891968607902527
2023-04-28 14:59:35.093 | INFO     | utils.logging:log_training_results:290 - val ausat from confmx: 0.9796759486198425
2023-04-28 14:59:35.094 | INFO     | utils.logging:log_training_results:301 - val MCE loss:1.02197 * 0.5 * 0.50729
2023-04-28 14:59:35.094 | INFO     | utils.logging:log_training_results:309 - val LLLR :0.30096 * 0.30000000000000004 * -1.89880
2023-04-28 14:59:35.095 | INFO     | utils.logging:log_training_results:317 - val weight decay:62.22824 * 0.0001 * -0.06504
2023-04-28 14:59:35.185 | INFO     | utils.checkpoint:update_and_save_result:168 - [36mBest value updated![0m
2023-04-28 14:59:35.198 | INFO     | utils.checkpoint:save_checkpoint:83 - [36mSaved checkpoint[0m at step 3000.
2023-04-28 14:59:35.201 | INFO     | utils.checkpoint:keep_max_num_saved_models:101 - Removed the oldest model for max_to_keep=1
2023-04-28 14:59:35.961 | INFO     | utils.logging:save_sdre_imgs:710 - Figures saved.
2023-04-28 14:59:36.402 | INFO     | utils.logging:log_training_results:280 - 
2023-04-28 14:59:36.402 | INFO     | utils.logging:log_training_results:281 - Global Step =   3000
2023-04-28 14:59:36.403 | INFO     | utils.logging:log_training_results:282 - train mean(MacRec)_t: 0.8448077440261841
2023-04-28 14:59:36.403 | INFO     | utils.logging:log_training_results:287 - train mean ABSerr: 0.935806155204773
2023-04-28 14:59:36.404 | INFO     | utils.logging:log_training_results:290 - train ausat from confmx: 0.9757407903671265
2023-04-28 14:59:36.404 | INFO     | utils.logging:log_training_results:301 - train MCE loss:1.03787 * 0.5 * 0.50729
2023-04-28 14:59:36.404 | INFO     | utils.logging:log_training_results:309 - train LLLR :0.36750 * 0.30000000000000004 * -1.89868
2023-04-28 14:59:36.405 | INFO     | utils.logging:log_training_results:317 - train weight decay:62.22824 * 0.0001 * -0.06504
2023-04-28 15:00:13.698 | INFO     | __main__:objective:356 - Starting epoch #8.
2023-04-28 15:00:30.034 | INFO     | utils.logging:log_training_results:280 - 
2023-04-28 15:00:30.035 | INFO     | utils.logging:log_training_results:281 - Global Step =   3250
2023-04-28 15:00:30.036 | INFO     | utils.logging:log_training_results:282 - val mean(MacRec)_t: 0.8739233016967773
2023-04-28 15:00:30.036 | INFO     | utils.logging:log_training_results:287 - val mean ABSerr: 0.5548253059387207
2023-04-28 15:00:30.037 | INFO     | utils.logging:log_training_results:290 - val ausat from confmx: 0.9814203381538391
2023-04-28 15:00:30.037 | INFO     | utils.logging:log_training_results:301 - val MCE loss:1.02195 * 0.5 * 0.50730
2023-04-28 15:00:30.038 | INFO     | utils.logging:log_training_results:309 - val LLLR :0.29980 * 0.30000000000000004 * -1.87053
2023-04-28 15:00:30.038 | INFO     | utils.logging:log_training_results:317 - val weight decay:53.34920 * 0.0001 * -0.06388
2023-04-28 15:00:30.130 | INFO     | utils.checkpoint:update_and_save_result:168 - [36mBest value updated![0m
2023-04-28 15:00:30.143 | INFO     | utils.checkpoint:save_checkpoint:83 - [36mSaved checkpoint[0m at step 3250.
2023-04-28 15:00:30.145 | INFO     | utils.checkpoint:keep_max_num_saved_models:101 - Removed the oldest model for max_to_keep=1
2023-04-28 15:00:30.921 | INFO     | utils.logging:save_sdre_imgs:710 - Figures saved.
2023-04-28 15:00:31.343 | INFO     | utils.logging:log_training_results:280 - 
2023-04-28 15:00:31.343 | INFO     | utils.logging:log_training_results:281 - Global Step =   3250
2023-04-28 15:00:31.344 | INFO     | utils.logging:log_training_results:282 - train mean(MacRec)_t: 0.8654180765151978
2023-04-28 15:00:31.344 | INFO     | utils.logging:log_training_results:287 - train mean ABSerr: 0.9643231630325317
2023-04-28 15:00:31.345 | INFO     | utils.logging:log_training_results:290 - train ausat from confmx: 0.968860924243927
2023-04-28 15:00:31.345 | INFO     | utils.logging:log_training_results:301 - train MCE loss:1.03195 * 0.5 * 0.50730
2023-04-28 15:00:31.345 | INFO     | utils.logging:log_training_results:309 - train LLLR :0.33446 * 0.30000000000000004 * -1.87042
2023-04-28 15:00:31.346 | INFO     | utils.logging:log_training_results:317 - train weight decay:53.34920 * 0.0001 * -0.06387
2023-04-28 15:01:23.991 | INFO     | utils.logging:log_training_results:280 - 
2023-04-28 15:01:23.992 | INFO     | utils.logging:log_training_results:281 - Global Step =   3500
2023-04-28 15:01:23.992 | INFO     | utils.logging:log_training_results:282 - val mean(MacRec)_t: 0.8708932995796204
2023-04-28 15:01:23.993 | INFO     | utils.logging:log_training_results:287 - val mean ABSerr: 0.6833846569061279
2023-04-28 15:01:23.993 | INFO     | utils.logging:log_training_results:290 - val ausat from confmx: 0.9779044389724731
2023-04-28 15:01:23.994 | INFO     | utils.logging:log_training_results:301 - val MCE loss:1.02180 * 0.5 * 0.50703
2023-04-28 15:01:23.994 | INFO     | utils.logging:log_training_results:309 - val LLLR :0.30790 * 0.30000000000000004 * -1.84216
2023-04-28 15:01:23.995 | INFO     | utils.logging:log_training_results:317 - val weight decay:46.21986 * 0.0001 * -0.06222
2023-04-28 15:01:24.835 | INFO     | utils.logging:save_sdre_imgs:710 - Figures saved.
2023-04-28 15:01:25.255 | INFO     | utils.logging:log_training_results:280 - 
2023-04-28 15:01:25.256 | INFO     | utils.logging:log_training_results:281 - Global Step =   3500
2023-04-28 15:01:25.256 | INFO     | utils.logging:log_training_results:282 - train mean(MacRec)_t: 0.8736706376075745
2023-04-28 15:01:25.256 | INFO     | utils.logging:log_training_results:287 - train mean ABSerr: 1.0447531938552856
2023-04-28 15:01:25.257 | INFO     | utils.logging:log_training_results:290 - train ausat from confmx: 0.9830033779144287
2023-04-28 15:01:25.257 | INFO     | utils.logging:log_training_results:301 - train MCE loss:1.03017 * 0.5 * 0.50703
2023-04-28 15:01:25.258 | INFO     | utils.logging:log_training_results:309 - train LLLR :0.31128 * 0.30000000000000004 * -1.84205
2023-04-28 15:01:25.258 | INFO     | utils.logging:log_training_results:317 - train weight decay:46.21985 * 0.0001 * -0.06221
2023-04-28 15:01:43.314 | INFO     | __main__:objective:356 - Starting epoch #9.
2023-04-28 15:02:18.846 | INFO     | utils.logging:log_training_results:280 - 
2023-04-28 15:02:18.847 | INFO     | utils.logging:log_training_results:281 - Global Step =   3750
2023-04-28 15:02:18.848 | INFO     | utils.logging:log_training_results:282 - val mean(MacRec)_t: 0.8626533150672913
2023-04-28 15:02:18.848 | INFO     | utils.logging:log_training_results:287 - val mean ABSerr: 0.8615410923957825
2023-04-28 15:02:18.848 | INFO     | utils.logging:log_training_results:290 - val ausat from confmx: 0.9694663882255554
2023-04-28 15:02:18.849 | INFO     | utils.logging:log_training_results:301 - val MCE loss:1.02203 * 0.5 * 0.50694
2023-04-28 15:02:18.849 | INFO     | utils.logging:log_training_results:309 - val LLLR :0.32724 * 0.30000000000000004 * -1.81367
2023-04-28 15:02:18.850 | INFO     | utils.logging:log_training_results:317 - val weight decay:40.52158 * 0.0001 * -0.06003
2023-04-28 15:02:19.699 | INFO     | utils.logging:save_sdre_imgs:710 - Figures saved.
2023-04-28 15:02:20.121 | INFO     | utils.logging:log_training_results:280 - 
2023-04-28 15:02:20.122 | INFO     | utils.logging:log_training_results:281 - Global Step =   3750
2023-04-28 15:02:20.122 | INFO     | utils.logging:log_training_results:282 - train mean(MacRec)_t: 0.8486465215682983
2023-04-28 15:02:20.123 | INFO     | utils.logging:log_training_results:287 - train mean ABSerr: 1.0968235731124878
2023-04-28 15:02:20.123 | INFO     | utils.logging:log_training_results:290 - train ausat from confmx: 0.9611244797706604
2023-04-28 15:02:20.123 | INFO     | utils.logging:log_training_results:301 - train MCE loss:1.02980 * 0.5 * 0.50694
2023-04-28 15:02:20.124 | INFO     | utils.logging:log_training_results:309 - train LLLR :0.37647 * 0.30000000000000004 * -1.81356
2023-04-28 15:02:20.124 | INFO     | utils.logging:log_training_results:317 - train weight decay:40.52158 * 0.0001 * -0.06002
2023-04-28 15:03:07.453 | INFO     | utils.logging:investigate_log:155 - num_warning=0/num_error=0 in the .log file.
2023-04-28 15:03:07.629 | INFO     | optuna.study.study:_log_completed_trial:1020 - Trial 36 finished with value: 0.01857966184616089 and parameters: {'LIST_IS_POSITIONAL_ENCODING': True, 'LIST_IS_TRAINABLE_ENCODING': False, 'LIST_MODEL_BACKBONE': 'LSTM', 'LIST_WEIGHT_DECAY': 0.0001, 'LIST_LEARNING_RATE': 0.00010873664721105891, 'LIST_LLLR_VERSION': 'LSEL', 'LIST_ACTIVATION_FC': 'relu', 'LIST_PARAM_MULTIPLET_LOSS': 0.5, 'LIST_PARAM_LLR_LOSS': 0.30000000000000004, 'LIST_IS_ADAPTIVE_LOSS': True, 'LIST_ORDER_SPRT': 0, 'LIST_OPTIMIZER': 'adam', 'LIST_IS_NORMALIZE': True, 'LIST_NUM_THRESH': 1000, 'LIST_SPARSITY': 'logspace', 'LIST_ACTIVATION_OUTPUT': 'sigmoid', 'LIST_ACTIVATION_INPUT': 'tanh', 'LIST_WIDTH_LSTM': 53}. Best is trial 31 with value: 0.017410576343536377.
2023-04-28 15:03:07.646 | INFO     | utils.hyperparameter_tuning:suggest_parameters:560 - [33mStarting a tuning phase.[0m
2023-04-28 15:03:08.112 | INFO     | utils.hyperparameter_tuning:print:394 - 
+------------------------------------------+
|   Hyperparameteres suggested by Optuna   |
+------------------------+-----------------+
|     Parameter name     | Suggested value |
+------------------------+-----------------+
|     ACTIVATION_FC      |       relu      |
|        DROPOUT         |       0.1       |
|         FF_DIM         |        32       |
|    IS_ADAPTIVE_LOSS    |       True      |
|      IS_NORMALIZE      |      False      |
| IS_POSITIONAL_ENCODING |      False      |
|     LEARNING_RATE      |    0.0002028    |
|      LLLR_VERSION      |       LSEL      |
|       MLP_UNITS        |        64       |
|     MODEL_BACKBONE     |   Transformer   |
|       NUM_BLOCKS       |        2        |
|       NUM_HEADS        |        2        |
|       NUM_THRESH       |       1500      |
|       OPTIMIZER        |     rmsprop     |
|       ORDER_SPRT       |        1        |
|     PARAM_LLR_LOSS     |       0.6       |
|  PARAM_MULTIPLET_LOSS  |       0.8       |
|        SPARSITY        |    unirandom    |
|      WEIGHT_DECAY      |      0.0003     |
+------------------------+-----------------+
2023-04-28 15:03:08.113 | INFO     | utils.misc:create_directories_and_log:291 - [33mA new log directory was created: [0m/home/afe/Dropbox/GitHub/SPRT-TANDEM-PyTorch/logs/public_offset0_5_optimausat_confmx_tuning/checkpoints/Transformer_20230428_150308112/configs
2023-04-28 15:03:08.114 | INFO     | utils.misc:create_directories_and_log:291 - [33mA new log directory was created: [0m/home/afe/Dropbox/GitHub/SPRT-TANDEM-PyTorch/logs/public_offset0_5_optimausat_confmx_tuning/TensorBoard_events/Transformer_20230428_150308112
