2023-04-27 05:04:36.051 | INFO     | utils.misc:fix_random_seed:405 - Random seed is not fixed.
2023-04-27 05:04:36.077 | INFO     | models.temporal_integrators:summarize:568 - 
:'######::'########::'########::'########::::::::::::::::::::::
'##... ##: ##.... ##: ##.... ##:... ##..:::::::::::::::::::::::
 ##:::..:: ##:::: ##: ##:::: ##:::: ##:::::::::::::::::::::::::
. ######:: ########:: ########::::: ##::::'#######:::::::::::::
:..... ##: ##.....::: ##.. ##:::::: ##::::........:::::::::::::
'##::: ##: ##:::::::: ##::. ##::::: ##:::::::::::::::::::::::::
. ######:: ##:::::::: ##:::. ##:::: ##:::::::::::::::::::::::::
:......:::..:::::::::..:::::..:::::..::::::::::::::::::::::::::
'########::::'###::::'##::: ##:'########::'########:'##::::'##:
... ##..::::'## ##::: ###:: ##: ##.... ##: ##.....:: ###::'###:
::: ##:::::'##:. ##:: ####: ##: ##:::: ##: ##::::::: ####'####:
::: ##::::'##:::. ##: ## ## ##: ##:::: ##: ######::: ## ### ##:
::: ##:::: #########: ##. ####: ##:::: ##: ##...:::: ##. #: ##:
::: ##:::: ##.... ##: ##:. ###: ##:::: ##: ##::::::: ##:.:: ##:
::: ##:::: ##:::: ##: ##::. ##: ########:: ########: ##:::: ##:
:::..:::::..:::::..::..::::..::........:::........::..:::::..::

2023-04-27 05:04:36.078 | INFO     | models.temporal_integrators:summarize:571 - [34mofficial PyTorch implementation.[0m
2023-04-27 05:04:37.481 | INFO     | models.temporal_integrators:summarize:593 - Network summary:
==========================================================================================
Layer (type:depth-idx)                   Output Shape              Param #
==========================================================================================
B2BsqrtTANDEM                            [150, 50, 3, 3]           259
├─LSTM: 1-1                              [7350, 2, 96]             86,400
│    └─Sigmoid: 2-1                      [7350, 96]                --
│    └─Sigmoid: 2-2                      [7350, 96]                --
│    └─Sigmoid: 2-3                      [7350, 96]                --
│    └─Tanh: 2-4                         [7350, 96]                --
│    └─Tanh: 2-5                         [7350, 96]                --
│    └─Sigmoid: 2-6                      [7350, 96]                --
│    └─Sigmoid: 2-7                      [7350, 96]                --
│    └─Sigmoid: 2-8                      [7350, 96]                --
│    └─Tanh: 2-9                         [7350, 96]                --
│    └─Tanh: 2-10                        [7350, 96]                --
│    └─Tanh: 2-11                        [7350, 96]                --
├─Linear: 1-2                            [7350, 3]                 291
├─LSTM: 1-3                              --                        (recursive)
│    └─Tanh: 2-12                        [7350, 96]                --
├─Linear: 1-4                            [7350, 3]                 (recursive)
==========================================================================================
Total params: 86,950
Trainable params: 86,950
Non-trainable params: 0
Total mult-adds (M): 4.28
==========================================================================================
Input size (MB): 3.84
Forward/backward pass size (MB): 0.35
Params size (MB): 0.00
Estimated Total Size (MB): 4.19
==========================================================================================
2023-04-27 05:04:37.481 | INFO     | models.temporal_integrators:summarize:594 - Example input shape: torch.Size([150, 50, 128])
2023-04-27 05:04:37.482 | INFO     | models.temporal_integrators:summarize:595 - Example output shape: torch.Size([150, 50, 3, 3])
2023-04-27 05:04:37.483 | INFO     | models.temporal_integrators:import_model:58 - model moved onto: [33mcuda.[0m
2023-04-27 05:04:37.484 | INFO     | models.optimizers:initialize_optimizer:44 - Optimizer:
RMSprop (
Parameter Group 0
    alpha: 0.99
    centered: False
    differentiable: False
    eps: 1e-08
    foreach: None
    lr: 0.00010891331877212151
    maximize: False
    momentum: 0
    weight_decay: 0.0001
)
2023-04-27 05:04:37.485 | INFO     | datasets.data_processing:lmdb_dataloaders:293 - loading data... 
2023-04-27 05:04:37.489 | INFO     | __main__:objective:356 - Starting epoch #0.
2023-04-27 05:04:37.650 | ERROR    | __main__:run_one_epoch:281 - An error has been caught in function 'run_one_epoch', process 'MainProcess' (146704), thread 'MainThread' (139878840369152):
Traceback (most recent call last):

  File "/usr/lib/python3.10/runpy.py", line 196, in _run_module_as_main
    return _run_code(code, main_globals, None,
           │         │     └ {'__name__': '__main__', '__doc__': None, '__package__': '', '__loader__': <_frozen_importlib_external.SourceFileLoader objec...
           │         └ <code object <module> at 0x7f381475eb80, file "/home/afe/.vscode-server/extensions/ms-python.python-2023.6.1/pythonFiles/lib/...
           └ <function _run_code at 0x7f38147a7ac0>
  File "/usr/lib/python3.10/runpy.py", line 86, in _run_code
    exec(code, run_globals)
         │     └ {'__name__': '__main__', '__doc__': None, '__package__': '', '__loader__': <_frozen_importlib_external.SourceFileLoader objec...
         └ <code object <module> at 0x7f381475eb80, file "/home/afe/.vscode-server/extensions/ms-python.python-2023.6.1/pythonFiles/lib/...

  File "/home/afe/.vscode-server/extensions/ms-python.python-2023.6.1/pythonFiles/lib/python/debugpy/adapter/../../debugpy/launcher/../../debugpy/__main__.py", line 39, in <module>
    cli.main()
    │   └ <function main at 0x7f3813392b90>
    └ <module 'debugpy.server.cli' from '/home/afe/.vscode-server/extensions/ms-python.python-2023.6.1/pythonFiles/lib/python/debug...

  File "/home/afe/.vscode-server/extensions/ms-python.python-2023.6.1/pythonFiles/lib/python/debugpy/adapter/../../debugpy/launcher/../../debugpy/../debugpy/server/cli.py", line 430, in main
    run()
    └ <function run_file at 0x7f3813392950>

  File "/home/afe/.vscode-server/extensions/ms-python.python-2023.6.1/pythonFiles/lib/python/debugpy/adapter/../../debugpy/launcher/../../debugpy/../debugpy/server/cli.py", line 284, in run_file
    runpy.run_path(target, run_name="__main__")
    │     │        └ '/home/afe/Dropbox/GitHub/TANDEMAUS/tandemaus_main.py'
    │     └ <function run_path at 0x7f38137691b0>
    └ <module '_pydevd_bundle.pydevd_runpy' from '/home/afe/.vscode-server/extensions/ms-python.python-2023.6.1/pythonFiles/lib/pyt...

  File "/home/afe/.vscode-server/extensions/ms-python.python-2023.6.1/pythonFiles/lib/python/debugpy/_vendored/pydevd/_pydevd_bundle/pydevd_runpy.py", line 321, in run_path
    return _run_module_code(code, init_globals, run_name,
           │                │     │             └ '__main__'
           │                │     └ None
           │                └ <code object <module> at 0x7f38133bb680, file "/home/afe/Dropbox/GitHub/TANDEMAUS/tandemaus_main.py", line 1>
           └ <function _run_module_code at 0x7f3813768e50>

  File "/home/afe/.vscode-server/extensions/ms-python.python-2023.6.1/pythonFiles/lib/python/debugpy/_vendored/pydevd/_pydevd_bundle/pydevd_runpy.py", line 135, in _run_module_code
    _run_code(code, mod_globals, init_globals,
    │         │     │            └ None
    │         │     └ {'__name__': '__main__', '__doc__': None, '__package__': '', '__loader__': None, '__spec__': None, '__file__': '/home/afe/Dro...
    │         └ <code object <module> at 0x7f38133bb680, file "/home/afe/Dropbox/GitHub/TANDEMAUS/tandemaus_main.py", line 1>
    └ <function _run_code at 0x7f3813768a60>

  File "/home/afe/.vscode-server/extensions/ms-python.python-2023.6.1/pythonFiles/lib/python/debugpy/_vendored/pydevd/_pydevd_bundle/pydevd_runpy.py", line 124, in _run_code
    exec(code, run_globals)
         │     └ {'__name__': '__main__', '__doc__': None, '__package__': '', '__loader__': None, '__spec__': None, '__file__': '/home/afe/Dro...
         └ <code object <module> at 0x7f38133bb680, file "/home/afe/Dropbox/GitHub/TANDEMAUS/tandemaus_main.py", line 1>

  File "/home/afe/Dropbox/GitHub/TANDEMAUS/tandemaus_main.py", line 390, in <module>
    main()
    └ <function main at 0x7f3645d3beb0>

  File "/home/afe/Dropbox/GitHub/TANDEMAUS/tandemaus_main.py", line 384, in main
    run_optuna(objective, device, config_orig)
    │          │          │       └ {'VERBOSE': True, 'CONFIG_PATH': '/home/afe/Dropbox/GitHub/TANDEMAUS/config/config_definition.py', 'IS_SEED': False, 'SEED': ...
    │          │          └ device(type='cuda')
    │          └ <function objective at 0x7f3645d3be20>
    └ <function run_optuna at 0x7f36461d0e50>

  File "/home/afe/Dropbox/GitHub/TANDEMAUS/utils/hyperparameter_tuning.py", line 334, in run_optuna
    else start_optimization(objective, conf)
         │                  │          └ <utils.misc.ConfigSubset object at 0x7f3645d2fbb0>
         │                  └ <function objective at 0x7f3645d3be20>
         └ <function run_optuna.<locals>.start_optimization at 0x7f3645d580d0>

  File "/home/afe/Dropbox/GitHub/TANDEMAUS/utils/hyperparameter_tuning.py", line 208, in start_optimization
    study.optimize(
    │     └ <function Study.optimize at 0x7f364a99cb80>
    └ <optuna.study.study.Study object at 0x7f363e879d80>

  File "/usr/local/lib/python3.10/dist-packages/optuna/study/study.py", line 425, in optimize
    _optimize(
    └ <function _optimize at 0x7f364a96af80>
  File "/usr/local/lib/python3.10/dist-packages/optuna/study/_optimize.py", line 66, in _optimize
    _optimize_sequential(
    └ <function _optimize_sequential at 0x7f364a99c310>
  File "/usr/local/lib/python3.10/dist-packages/optuna/study/_optimize.py", line 163, in _optimize_sequential
    frozen_trial = _run_trial(study, func, catch)
                   │          │      │     └ ()
                   │          │      └ <function run_optuna.<locals>.start_optimization.<locals>.<lambda> at 0x7f363f103760>
                   │          └ <optuna.study.study.Study object at 0x7f363e879d80>
                   └ <function _run_trial at 0x7f364a99c3a0>
  File "/usr/local/lib/python3.10/dist-packages/optuna/study/_optimize.py", line 200, in _run_trial
    value_or_values = func(trial)
                      │    └ <optuna.trial._trial.Trial object at 0x7f363e902560>
                      └ <function run_optuna.<locals>.start_optimization.<locals>.<lambda> at 0x7f363f103760>

  File "/home/afe/Dropbox/GitHub/TANDEMAUS/utils/hyperparameter_tuning.py", line 209, in <lambda>
    lambda trial: objective(trial, device, config),
           │      │         │      │       └ {'VERBOSE': True, 'CONFIG_PATH': '/home/afe/Dropbox/GitHub/TANDEMAUS/config/config_definition.py', 'IS_SEED': False, 'SEED': ...
           │      │         │      └ device(type='cuda')
           │      │         └ <optuna.trial._trial.Trial object at 0x7f363e902560>
           │      └ <function objective at 0x7f3645d3be20>
           └ <optuna.trial._trial.Trial object at 0x7f363e902560>

  File "/home/afe/Dropbox/GitHub/TANDEMAUS/tandemaus_main.py", line 357, in objective
    best, global_step = run_one_epoch(
    │                   └ <function run_one_epoch at 0x7f3645d3bd90>
    └ (inf,)

  File "/home/afe/Dropbox/GitHub/TANDEMAUS/tandemaus_main.py", line 281, in run_one_epoch
    ) = iterating_over_dataset(
        └ <function iterating_over_dataset at 0x7f3645d3b760>

  File "/home/afe/Dropbox/GitHub/TANDEMAUS/tandemaus_main.py", line 139, in iterating_over_dataset
    best, global_step = run_one_epoch(
    │                   └ <function run_one_epoch at 0x7f3645d3bd90>
    └ (inf,)

> File "/home/afe/Dropbox/GitHub/TANDEMAUS/tandemaus_main.py", line 281, in run_one_epoch
    ) = iterating_over_dataset(
        └ <function iterating_over_dataset at 0x7f3645d3b760>

  File "/home/afe/Dropbox/GitHub/TANDEMAUS/tandemaus_main.py", line 162, in iterating_over_dataset
    monitored_values = p.call_loss()
                       │ └ <function PyTorchPhaseManager.call_loss at 0x7f36494f76d0>
                       └ <utils.misc.PyTorchPhaseManager object at 0x7f363e7a7e50>

  File "/home/afe/Dropbox/GitHub/TANDEMAUS/utils/misc.py", line 158, in call_loss
    monitored_values = self.loss_func(
                       │    └ <function compute_loss_and_metrics at 0x7f3645d3a050>
                       └ <utils.misc.PyTorchPhaseManager object at 0x7f363e7a7e50>

  File "/home/afe/Dropbox/GitHub/TANDEMAUS/models/losses.py", line 432, in compute_loss_and_metrics
    conf.param_ausat_loss,
    └ <utils.misc.ConfigSubset object at 0x7f363e7a7f10>

AttributeError: 'ConfigSubset' object has no attribute 'param_ausat_loss'
2023-04-27 05:04:37.673 | ERROR    | __main__:run_one_epoch:281 - An error has been caught in function 'run_one_epoch', process 'MainProcess' (146704), thread 'MainThread' (139878840369152):
Traceback (most recent call last):

  File "/usr/lib/python3.10/runpy.py", line 196, in _run_module_as_main
    return _run_code(code, main_globals, None,
           │         │     └ {'__name__': '__main__', '__doc__': None, '__package__': '', '__loader__': <_frozen_importlib_external.SourceFileLoader objec...
           │         └ <code object <module> at 0x7f381475eb80, file "/home/afe/.vscode-server/extensions/ms-python.python-2023.6.1/pythonFiles/lib/...
           └ <function _run_code at 0x7f38147a7ac0>
  File "/usr/lib/python3.10/runpy.py", line 86, in _run_code
    exec(code, run_globals)
         │     └ {'__name__': '__main__', '__doc__': None, '__package__': '', '__loader__': <_frozen_importlib_external.SourceFileLoader objec...
         └ <code object <module> at 0x7f381475eb80, file "/home/afe/.vscode-server/extensions/ms-python.python-2023.6.1/pythonFiles/lib/...

  File "/home/afe/.vscode-server/extensions/ms-python.python-2023.6.1/pythonFiles/lib/python/debugpy/adapter/../../debugpy/launcher/../../debugpy/__main__.py", line 39, in <module>
    cli.main()
    │   └ <function main at 0x7f3813392b90>
    └ <module 'debugpy.server.cli' from '/home/afe/.vscode-server/extensions/ms-python.python-2023.6.1/pythonFiles/lib/python/debug...

  File "/home/afe/.vscode-server/extensions/ms-python.python-2023.6.1/pythonFiles/lib/python/debugpy/adapter/../../debugpy/launcher/../../debugpy/../debugpy/server/cli.py", line 430, in main
    run()
    └ <function run_file at 0x7f3813392950>

  File "/home/afe/.vscode-server/extensions/ms-python.python-2023.6.1/pythonFiles/lib/python/debugpy/adapter/../../debugpy/launcher/../../debugpy/../debugpy/server/cli.py", line 284, in run_file
    runpy.run_path(target, run_name="__main__")
    │     │        └ '/home/afe/Dropbox/GitHub/TANDEMAUS/tandemaus_main.py'
    │     └ <function run_path at 0x7f38137691b0>
    └ <module '_pydevd_bundle.pydevd_runpy' from '/home/afe/.vscode-server/extensions/ms-python.python-2023.6.1/pythonFiles/lib/pyt...

  File "/home/afe/.vscode-server/extensions/ms-python.python-2023.6.1/pythonFiles/lib/python/debugpy/_vendored/pydevd/_pydevd_bundle/pydevd_runpy.py", line 321, in run_path
    return _run_module_code(code, init_globals, run_name,
           │                │     │             └ '__main__'
           │                │     └ None
           │                └ <code object <module> at 0x7f38133bb680, file "/home/afe/Dropbox/GitHub/TANDEMAUS/tandemaus_main.py", line 1>
           └ <function _run_module_code at 0x7f3813768e50>

  File "/home/afe/.vscode-server/extensions/ms-python.python-2023.6.1/pythonFiles/lib/python/debugpy/_vendored/pydevd/_pydevd_bundle/pydevd_runpy.py", line 135, in _run_module_code
    _run_code(code, mod_globals, init_globals,
    │         │     │            └ None
    │         │     └ {'__name__': '__main__', '__doc__': None, '__package__': '', '__loader__': None, '__spec__': None, '__file__': '/home/afe/Dro...
    │         └ <code object <module> at 0x7f38133bb680, file "/home/afe/Dropbox/GitHub/TANDEMAUS/tandemaus_main.py", line 1>
    └ <function _run_code at 0x7f3813768a60>

  File "/home/afe/.vscode-server/extensions/ms-python.python-2023.6.1/pythonFiles/lib/python/debugpy/_vendored/pydevd/_pydevd_bundle/pydevd_runpy.py", line 124, in _run_code
    exec(code, run_globals)
         │     └ {'__name__': '__main__', '__doc__': None, '__package__': '', '__loader__': None, '__spec__': None, '__file__': '/home/afe/Dro...
         └ <code object <module> at 0x7f38133bb680, file "/home/afe/Dropbox/GitHub/TANDEMAUS/tandemaus_main.py", line 1>

  File "/home/afe/Dropbox/GitHub/TANDEMAUS/tandemaus_main.py", line 390, in <module>
    main()
    └ <function main at 0x7f3645d3beb0>

  File "/home/afe/Dropbox/GitHub/TANDEMAUS/tandemaus_main.py", line 384, in main
    run_optuna(objective, device, config_orig)
    │          │          │       └ {'VERBOSE': True, 'CONFIG_PATH': '/home/afe/Dropbox/GitHub/TANDEMAUS/config/config_definition.py', 'IS_SEED': False, 'SEED': ...
    │          │          └ device(type='cuda')
    │          └ <function objective at 0x7f3645d3be20>
    └ <function run_optuna at 0x7f36461d0e50>

  File "/home/afe/Dropbox/GitHub/TANDEMAUS/utils/hyperparameter_tuning.py", line 334, in run_optuna
    else start_optimization(objective, conf)
         │                  │          └ <utils.misc.ConfigSubset object at 0x7f3645d2fbb0>
         │                  └ <function objective at 0x7f3645d3be20>
         └ <function run_optuna.<locals>.start_optimization at 0x7f3645d580d0>

  File "/home/afe/Dropbox/GitHub/TANDEMAUS/utils/hyperparameter_tuning.py", line 208, in start_optimization
    study.optimize(
    │     └ <function Study.optimize at 0x7f364a99cb80>
    └ <optuna.study.study.Study object at 0x7f363e879d80>

  File "/usr/local/lib/python3.10/dist-packages/optuna/study/study.py", line 425, in optimize
    _optimize(
    └ <function _optimize at 0x7f364a96af80>
  File "/usr/local/lib/python3.10/dist-packages/optuna/study/_optimize.py", line 66, in _optimize
    _optimize_sequential(
    └ <function _optimize_sequential at 0x7f364a99c310>
  File "/usr/local/lib/python3.10/dist-packages/optuna/study/_optimize.py", line 163, in _optimize_sequential
    frozen_trial = _run_trial(study, func, catch)
                   │          │      │     └ ()
                   │          │      └ <function run_optuna.<locals>.start_optimization.<locals>.<lambda> at 0x7f363f103760>
                   │          └ <optuna.study.study.Study object at 0x7f363e879d80>
                   └ <function _run_trial at 0x7f364a99c3a0>
  File "/usr/local/lib/python3.10/dist-packages/optuna/study/_optimize.py", line 200, in _run_trial
    value_or_values = func(trial)
                      │    └ <optuna.trial._trial.Trial object at 0x7f363e902560>
                      └ <function run_optuna.<locals>.start_optimization.<locals>.<lambda> at 0x7f363f103760>

  File "/home/afe/Dropbox/GitHub/TANDEMAUS/utils/hyperparameter_tuning.py", line 209, in <lambda>
    lambda trial: objective(trial, device, config),
           │      │         │      │       └ {'VERBOSE': True, 'CONFIG_PATH': '/home/afe/Dropbox/GitHub/TANDEMAUS/config/config_definition.py', 'IS_SEED': False, 'SEED': ...
           │      │         │      └ device(type='cuda')
           │      │         └ <optuna.trial._trial.Trial object at 0x7f363e902560>
           │      └ <function objective at 0x7f3645d3be20>
           └ <optuna.trial._trial.Trial object at 0x7f363e902560>

  File "/home/afe/Dropbox/GitHub/TANDEMAUS/tandemaus_main.py", line 357, in objective
    best, global_step = run_one_epoch(
    │                   └ <function run_one_epoch at 0x7f3645d3bd90>
    └ (inf,)

> File "/home/afe/Dropbox/GitHub/TANDEMAUS/tandemaus_main.py", line 281, in run_one_epoch
    ) = iterating_over_dataset(
        └ <function iterating_over_dataset at 0x7f3645d3b760>

  File "/home/afe/Dropbox/GitHub/TANDEMAUS/tandemaus_main.py", line 139, in iterating_over_dataset
    best, global_step = run_one_epoch(
    │                   └ <function run_one_epoch at 0x7f3645d3bd90>
    └ (inf,)

  File "/home/afe/Dropbox/GitHub/TANDEMAUS/tandemaus_main.py", line 276, in run_one_epoch
    (

TypeError: cannot unpack non-iterable NoneType object
2023-04-27 05:04:37.689 | INFO     | utils.logging:investigate_log:155 - num_warning=0/num_error=2 in the .log file.
2023-04-27 05:04:37.689 | WARNING  | utils.logging:investigate_log:161 - Found ERROR! check the .log file for debug!
2023-04-27 05:04:37.731 | WARNING  | optuna.study._optimize:_log_failed_trial:261 - Trial 0 failed with parameters: {'LIST_IS_POSITIONAL_ENCODING': False, 'LIST_MODEL_BACKBONE': 'LSTM', 'LIST_WEIGHT_DECAY': 0.0001, 'LIST_LEARNING_RATE': 0.00010891331877212151, 'LIST_LLLR_VERSION': 'E', 'LIST_ACTIVATION_FC': 'tanh', 'LIST_PARAM_MULTIPLET_LOSS': 0.6000000000000001, 'LIST_PARAM_LLR_LOSS': 0.9, 'LIST_IS_ADAPTIVE_LOSS': True, 'LIST_ORDER_SPRT': 1, 'LIST_OPTIMIZER': 'rmsprop', 'LIST_IS_NORMALIZE': False, 'LIST_NUM_THRESH': 500, 'LIST_SPARSITY': 'logspace', 'LIST_ACTIVATION_OUTPUT': 'tanh', 'LIST_ACTIVATION_INPUT': 'sigmoid', 'LIST_WIDTH_LSTM': 96} because of the following error: TypeError('cannot unpack non-iterable NoneType object').
Traceback (most recent call last):

  File "/usr/lib/python3.10/runpy.py", line 196, in _run_module_as_main
    return _run_code(code, main_globals, None,
           │         │     └ {'__name__': '__main__', '__doc__': None, '__package__': '', '__loader__': <_frozen_importlib_external.SourceFileLoader objec...
           │         └ <code object <module> at 0x7f381475eb80, file "/home/afe/.vscode-server/extensions/ms-python.python-2023.6.1/pythonFiles/lib/...
           └ <function _run_code at 0x7f38147a7ac0>
  File "/usr/lib/python3.10/runpy.py", line 86, in _run_code
    exec(code, run_globals)
         │     └ {'__name__': '__main__', '__doc__': None, '__package__': '', '__loader__': <_frozen_importlib_external.SourceFileLoader objec...
         └ <code object <module> at 0x7f381475eb80, file "/home/afe/.vscode-server/extensions/ms-python.python-2023.6.1/pythonFiles/lib/...

  File "/home/afe/.vscode-server/extensions/ms-python.python-2023.6.1/pythonFiles/lib/python/debugpy/adapter/../../debugpy/launcher/../../debugpy/__main__.py", line 39, in <module>
    cli.main()
    │   └ <function main at 0x7f3813392b90>
    └ <module 'debugpy.server.cli' from '/home/afe/.vscode-server/extensions/ms-python.python-2023.6.1/pythonFiles/lib/python/debug...

  File "/home/afe/.vscode-server/extensions/ms-python.python-2023.6.1/pythonFiles/lib/python/debugpy/adapter/../../debugpy/launcher/../../debugpy/../debugpy/server/cli.py", line 430, in main
    run()
    └ <function run_file at 0x7f3813392950>

  File "/home/afe/.vscode-server/extensions/ms-python.python-2023.6.1/pythonFiles/lib/python/debugpy/adapter/../../debugpy/launcher/../../debugpy/../debugpy/server/cli.py", line 284, in run_file
    runpy.run_path(target, run_name="__main__")
    │     │        └ '/home/afe/Dropbox/GitHub/TANDEMAUS/tandemaus_main.py'
    │     └ <function run_path at 0x7f38137691b0>
    └ <module '_pydevd_bundle.pydevd_runpy' from '/home/afe/.vscode-server/extensions/ms-python.python-2023.6.1/pythonFiles/lib/pyt...

  File "/home/afe/.vscode-server/extensions/ms-python.python-2023.6.1/pythonFiles/lib/python/debugpy/_vendored/pydevd/_pydevd_bundle/pydevd_runpy.py", line 321, in run_path
    return _run_module_code(code, init_globals, run_name,
           │                │     │             └ '__main__'
           │                │     └ None
           │                └ <code object <module> at 0x7f38133bb680, file "/home/afe/Dropbox/GitHub/TANDEMAUS/tandemaus_main.py", line 1>
           └ <function _run_module_code at 0x7f3813768e50>

  File "/home/afe/.vscode-server/extensions/ms-python.python-2023.6.1/pythonFiles/lib/python/debugpy/_vendored/pydevd/_pydevd_bundle/pydevd_runpy.py", line 135, in _run_module_code
    _run_code(code, mod_globals, init_globals,
    │         │     │            └ None
    │         │     └ {'__name__': '__main__', '__doc__': None, '__package__': '', '__loader__': None, '__spec__': None, '__file__': '/home/afe/Dro...
    │         └ <code object <module> at 0x7f38133bb680, file "/home/afe/Dropbox/GitHub/TANDEMAUS/tandemaus_main.py", line 1>
    └ <function _run_code at 0x7f3813768a60>

  File "/home/afe/.vscode-server/extensions/ms-python.python-2023.6.1/pythonFiles/lib/python/debugpy/_vendored/pydevd/_pydevd_bundle/pydevd_runpy.py", line 124, in _run_code
    exec(code, run_globals)
         │     └ {'__name__': '__main__', '__doc__': None, '__package__': '', '__loader__': None, '__spec__': None, '__file__': '/home/afe/Dro...
         └ <code object <module> at 0x7f38133bb680, file "/home/afe/Dropbox/GitHub/TANDEMAUS/tandemaus_main.py", line 1>

  File "/home/afe/Dropbox/GitHub/TANDEMAUS/tandemaus_main.py", line 390, in <module>
    main()
    └ <function main at 0x7f3645d3beb0>

  File "/home/afe/Dropbox/GitHub/TANDEMAUS/tandemaus_main.py", line 384, in main
    run_optuna(objective, device, config_orig)
    │          │          │       └ {'VERBOSE': True, 'CONFIG_PATH': '/home/afe/Dropbox/GitHub/TANDEMAUS/config/config_definition.py', 'IS_SEED': False, 'SEED': ...
    │          │          └ device(type='cuda')
    │          └ <function objective at 0x7f3645d3be20>
    └ <function run_optuna at 0x7f36461d0e50>

  File "/home/afe/Dropbox/GitHub/TANDEMAUS/utils/hyperparameter_tuning.py", line 334, in run_optuna
    else start_optimization(objective, conf)
         │                  │          └ <utils.misc.ConfigSubset object at 0x7f3645d2fbb0>
         │                  └ <function objective at 0x7f3645d3be20>
         └ <function run_optuna.<locals>.start_optimization at 0x7f3645d580d0>

  File "/home/afe/Dropbox/GitHub/TANDEMAUS/utils/hyperparameter_tuning.py", line 208, in start_optimization
    study.optimize(
    │     └ <function Study.optimize at 0x7f364a99cb80>
    └ <optuna.study.study.Study object at 0x7f363e879d80>

  File "/usr/local/lib/python3.10/dist-packages/optuna/study/study.py", line 425, in optimize
    _optimize(
    └ <function _optimize at 0x7f364a96af80>
  File "/usr/local/lib/python3.10/dist-packages/optuna/study/_optimize.py", line 66, in _optimize
    _optimize_sequential(
    └ <function _optimize_sequential at 0x7f364a99c310>
  File "/usr/local/lib/python3.10/dist-packages/optuna/study/_optimize.py", line 163, in _optimize_sequential
    frozen_trial = _run_trial(study, func, catch)
                   │          │      │     └ ()
                   │          │      └ <function run_optuna.<locals>.start_optimization.<locals>.<lambda> at 0x7f363f103760>
                   │          └ <optuna.study.study.Study object at 0x7f363e879d80>
                   └ <function _run_trial at 0x7f364a99c3a0>
> File "/usr/local/lib/python3.10/dist-packages/optuna/study/_optimize.py", line 200, in _run_trial
    value_or_values = func(trial)
                      │    └ <optuna.trial._trial.Trial object at 0x7f363e902560>
                      └ <function run_optuna.<locals>.start_optimization.<locals>.<lambda> at 0x7f363f103760>

  File "/home/afe/Dropbox/GitHub/TANDEMAUS/utils/hyperparameter_tuning.py", line 209, in <lambda>
    lambda trial: objective(trial, device, config),
           │      │         │      │       └ {'VERBOSE': True, 'CONFIG_PATH': '/home/afe/Dropbox/GitHub/TANDEMAUS/config/config_definition.py', 'IS_SEED': False, 'SEED': ...
           │      │         │      └ device(type='cuda')
           │      │         └ <optuna.trial._trial.Trial object at 0x7f363e902560>
           │      └ <function objective at 0x7f3645d3be20>
           └ <optuna.trial._trial.Trial object at 0x7f363e902560>

  File "/home/afe/Dropbox/GitHub/TANDEMAUS/tandemaus_main.py", line 357, in objective
    best, global_step = run_one_epoch(
    │                   └ <function run_one_epoch at 0x7f3645d3bd90>
    └ (inf,)

  File "/home/afe/Dropbox/GitHub/TANDEMAUS/tandemaus_main.py", line 276, in run_one_epoch
    (

TypeError: cannot unpack non-iterable NoneType object
2023-04-27 05:04:37.744 | WARNING  | optuna.study._optimize:_log_failed_trial:268 - Trial 0 failed with value None.
2023-04-27 05:04:37.761 | INFO     | utils.misc:__exit__:207 - elapsed time:  0.000734 hours. ()
2023-04-27 05:04:37.762 | INFO     | utils.misc:__exit__:208 - Memory usage: 19.26 megabytes
