2023-04-27 05:42:34.553 | INFO     | utils.misc:fix_random_seed:405 - Random seed is not fixed.
2023-04-27 05:42:34.569 | INFO     | models.temporal_integrators:summarize:568 - 
:'######::'########::'########::'########::::::::::::::::::::::
'##... ##: ##.... ##: ##.... ##:... ##..:::::::::::::::::::::::
 ##:::..:: ##:::: ##: ##:::: ##:::: ##:::::::::::::::::::::::::
. ######:: ########:: ########::::: ##::::'#######:::::::::::::
:..... ##: ##.....::: ##.. ##:::::: ##::::........:::::::::::::
'##::: ##: ##:::::::: ##::. ##::::: ##:::::::::::::::::::::::::
. ######:: ##:::::::: ##:::. ##:::: ##:::::::::::::::::::::::::
:......:::..:::::::::..:::::..:::::..::::::::::::::::::::::::::
'########::::'###::::'##::: ##:'########::'########:'##::::'##:
... ##..::::'## ##::: ###:: ##: ##.... ##: ##.....:: ###::'###:
::: ##:::::'##:. ##:: ####: ##: ##:::: ##: ##::::::: ####'####:
::: ##::::'##:::. ##: ## ## ##: ##:::: ##: ######::: ## ### ##:
::: ##:::: #########: ##. ####: ##:::: ##: ##...:::: ##. #: ##:
::: ##:::: ##.... ##: ##:. ###: ##:::: ##: ##::::::: ##:.:: ##:
::: ##:::: ##:::: ##: ##::. ##: ########:: ########: ##:::: ##:
:::..:::::..:::::..::..::::..::........:::........::..:::::..::

2023-04-27 05:42:34.570 | INFO     | models.temporal_integrators:summarize:571 - [34mofficial PyTorch implementation.[0m
2023-04-27 05:42:35.119 | INFO     | models.temporal_integrators:summarize:593 - Network summary:
==========================================================================================
Layer (type:depth-idx)                   Output Shape              Param #
==========================================================================================
B2BsqrtTANDEM                            [150, 50, 3, 3]           --
├─PositionalEncoding: 1-1                [6750, 6, 128]            --
│    └─Dropout: 2-1                      [6, 6750, 128]            --
├─LSTM: 1-2                              [6750, 6, 34]             22,168
│    └─Sigmoid: 2-2                      [6750, 34]                --
│    └─Sigmoid: 2-3                      [6750, 34]                --
│    └─Sigmoid: 2-4                      [6750, 34]                --
│    └─Sigmoid: 2-5                      [6750, 34]                --
│    └─Sigmoid: 2-6                      [6750, 34]                --
│    └─Sigmoid: 2-7                      [6750, 34]                --
│    └─Sigmoid: 2-8                      [6750, 34]                --
│    └─Sigmoid: 2-9                      [6750, 34]                --
│    └─Sigmoid: 2-10                     [6750, 34]                --
│    └─Sigmoid: 2-11                     [6750, 34]                --
│    └─Sigmoid: 2-12                     [6750, 34]                --
│    └─Sigmoid: 2-13                     [6750, 34]                --
│    └─Sigmoid: 2-14                     [6750, 34]                --
│    └─Sigmoid: 2-15                     [6750, 34]                --
│    └─Sigmoid: 2-16                     [6750, 34]                --
│    └─Sigmoid: 2-17                     [6750, 34]                --
│    └─Sigmoid: 2-18                     [6750, 34]                --
│    └─Sigmoid: 2-19                     [6750, 34]                --
├─LayerNorm: 1-3                         [6750, 34]                68
├─Linear: 1-4                            [6750, 3]                 105
├─LayerNorm: 1-5                         [6750, 34]                (recursive)
├─Linear: 1-6                            [6750, 3]                 (recursive)
├─LayerNorm: 1-7                         [6750, 34]                (recursive)
├─Linear: 1-8                            [6750, 3]                 (recursive)
├─LayerNorm: 1-9                         [6750, 34]                (recursive)
├─Linear: 1-10                           [6750, 3]                 (recursive)
├─LayerNorm: 1-11                        [6750, 34]                (recursive)
├─Linear: 1-12                           [6750, 3]                 (recursive)
├─LayerNorm: 1-13                        [6750, 34]                (recursive)
├─Linear: 1-14                           [6750, 3]                 (recursive)
==========================================================================================
Total params: 22,341
Trainable params: 22,341
Non-trainable params: 0
Total mult-adds (M): 7.01
==========================================================================================
Input size (MB): 3.84
Forward/backward pass size (MB): 11.99
Params size (MB): 0.00
Estimated Total Size (MB): 15.83
==========================================================================================
2023-04-27 05:42:35.119 | INFO     | models.temporal_integrators:summarize:594 - Example input shape: torch.Size([150, 50, 128])
2023-04-27 05:42:35.120 | INFO     | models.temporal_integrators:summarize:595 - Example output shape: torch.Size([150, 50, 3, 3])
2023-04-27 05:42:35.122 | INFO     | models.temporal_integrators:import_model:58 - model moved onto: [33mcuda.[0m
2023-04-27 05:42:35.123 | INFO     | models.optimizers:initialize_optimizer:44 - Optimizer:
RMSprop (
Parameter Group 0
    alpha: 0.99
    centered: False
    differentiable: False
    eps: 1e-08
    foreach: None
    lr: 0.00025055072294860955
    maximize: False
    momentum: 0
    weight_decay: 0.0005
)
2023-04-27 05:42:35.123 | INFO     | datasets.data_processing:lmdb_dataloaders:293 - loading data... 
2023-04-27 05:42:35.126 | INFO     | __main__:objective:356 - Starting epoch #0.
2023-04-27 05:42:46.299 | INFO     | utils.logging:log_training_results:280 - 
2023-04-27 05:42:46.300 | INFO     | utils.logging:log_training_results:281 - Global Step =      0
2023-04-27 05:42:46.300 | INFO     | utils.logging:log_training_results:282 - val mean(MacRec)_t: 0.3261699974536896
2023-04-27 05:42:46.301 | INFO     | utils.logging:log_training_results:287 - val mean ABSerr: 3.769300699234009
2023-04-27 05:42:46.301 | INFO     | utils.logging:log_training_results:290 - val ausat from confmx: 0.3328504264354706
2023-04-27 05:42:46.302 | INFO     | utils.logging:log_training_results:326 - val MCE loss:1.20700 * 0.0
2023-04-27 05:42:46.302 | INFO     | utils.logging:log_training_results:333 - val LLLR :2.27082 * 0.2
2023-04-27 05:42:46.302 | INFO     | utils.logging:log_training_results:340 - val weight decay:384.61340 * 0.0005
2023-04-27 05:42:47.301 | INFO     | utils.logging:save_sdre_imgs:710 - Figures saved.
2023-04-27 05:42:47.996 | INFO     | utils.logging:log_training_results:280 - 
2023-04-27 05:42:47.997 | INFO     | utils.logging:log_training_results:281 - Global Step =      0
2023-04-27 05:42:47.997 | INFO     | utils.logging:log_training_results:282 - train mean(MacRec)_t: 0.327300488948822
2023-04-27 05:42:47.997 | INFO     | utils.logging:log_training_results:287 - train mean ABSerr: 3.9774415493011475
2023-04-27 05:42:47.998 | INFO     | utils.logging:log_training_results:290 - train ausat from confmx: 0.36181604862213135
2023-04-27 05:42:47.998 | INFO     | utils.logging:log_training_results:326 - train MCE loss:1.21218 * 0.0
2023-04-27 05:42:47.998 | INFO     | utils.logging:log_training_results:333 - train LLLR :2.39320 * 0.2
2023-04-27 05:42:47.999 | INFO     | utils.logging:log_training_results:340 - train weight decay:384.61340 * 0.0005
2023-04-27 05:44:19.249 | INFO     | utils.logging:log_training_results:280 - 
2023-04-27 05:44:19.250 | INFO     | utils.logging:log_training_results:281 - Global Step =    250
2023-04-27 05:44:19.250 | INFO     | utils.logging:log_training_results:282 - val mean(MacRec)_t: 0.6616233587265015
2023-04-27 05:44:19.250 | INFO     | utils.logging:log_training_results:287 - val mean ABSerr: 3.0851223468780518
2023-04-27 05:44:19.251 | INFO     | utils.logging:log_training_results:290 - val ausat from confmx: 0.8272645473480225
2023-04-27 05:44:19.252 | INFO     | utils.logging:log_training_results:326 - val MCE loss:1.11292 * 0.0
2023-04-27 05:44:19.253 | INFO     | utils.logging:log_training_results:333 - val LLLR :0.78723 * 0.2
2023-04-27 05:44:19.253 | INFO     | utils.logging:log_training_results:340 - val weight decay:256.56119 * 0.0005
2023-04-27 05:44:19.396 | INFO     | utils.checkpoint:update_and_save_result:168 - [36mBest value updated![0m
2023-04-27 05:44:19.408 | INFO     | utils.checkpoint:save_checkpoint:83 - [36mSaved checkpoint[0m at step 250.
2023-04-27 05:44:20.240 | INFO     | utils.logging:save_sdre_imgs:710 - Figures saved.
2023-04-27 05:44:20.979 | INFO     | utils.logging:log_training_results:280 - 
2023-04-27 05:44:20.980 | INFO     | utils.logging:log_training_results:281 - Global Step =    250
2023-04-27 05:44:20.980 | INFO     | utils.logging:log_training_results:282 - train mean(MacRec)_t: 0.5991829037666321
2023-04-27 05:44:20.980 | INFO     | utils.logging:log_training_results:287 - train mean ABSerr: 3.2250986099243164
2023-04-27 05:44:20.981 | INFO     | utils.logging:log_training_results:290 - train ausat from confmx: 0.7333602905273438
2023-04-27 05:44:20.981 | INFO     | utils.logging:log_training_results:326 - train MCE loss:1.12938 * 0.0
2023-04-27 05:44:20.981 | INFO     | utils.logging:log_training_results:333 - train LLLR :0.86707 * 0.2
2023-04-27 05:44:20.982 | INFO     | utils.logging:log_training_results:340 - train weight decay:256.56119 * 0.0005
2023-04-27 05:45:09.052 | INFO     | __main__:objective:356 - Starting epoch #1.
2023-04-27 05:45:54.163 | INFO     | utils.logging:log_training_results:280 - 
2023-04-27 05:45:54.163 | INFO     | utils.logging:log_training_results:281 - Global Step =    500
2023-04-27 05:45:54.164 | INFO     | utils.logging:log_training_results:282 - val mean(MacRec)_t: 0.7665632963180542
2023-04-27 05:45:54.164 | INFO     | utils.logging:log_training_results:287 - val mean ABSerr: 2.291619300842285
2023-04-27 05:45:54.165 | INFO     | utils.logging:log_training_results:290 - val ausat from confmx: 0.9236880540847778
2023-04-27 05:45:54.165 | INFO     | utils.logging:log_training_results:326 - val MCE loss:1.08639 * 0.0
2023-04-27 05:45:54.165 | INFO     | utils.logging:log_training_results:333 - val LLLR :0.53439 * 0.2
2023-04-27 05:45:54.166 | INFO     | utils.logging:log_training_results:340 - val weight decay:191.93449 * 0.0005
2023-04-27 05:45:54.292 | INFO     | utils.checkpoint:update_and_save_result:168 - [36mBest value updated![0m
2023-04-27 05:45:54.300 | INFO     | utils.checkpoint:save_checkpoint:83 - [36mSaved checkpoint[0m at step 500.
2023-04-27 05:45:54.304 | INFO     | utils.checkpoint:keep_max_num_saved_models:101 - Removed the oldest model for max_to_keep=1
2023-04-27 05:45:55.156 | INFO     | utils.logging:save_sdre_imgs:710 - Figures saved.
2023-04-27 05:45:55.792 | INFO     | utils.logging:log_training_results:280 - 
2023-04-27 05:45:55.793 | INFO     | utils.logging:log_training_results:281 - Global Step =    500
2023-04-27 05:45:55.793 | INFO     | utils.logging:log_training_results:282 - train mean(MacRec)_t: 0.7571215033531189
2023-04-27 05:45:55.794 | INFO     | utils.logging:log_training_results:287 - train mean ABSerr: 2.3846957683563232
2023-04-27 05:45:55.794 | INFO     | utils.logging:log_training_results:290 - train ausat from confmx: 0.9127213358879089
2023-04-27 05:45:55.794 | INFO     | utils.logging:log_training_results:326 - train MCE loss:1.09527 * 0.0
2023-04-27 05:45:55.795 | INFO     | utils.logging:log_training_results:333 - train LLLR :0.58101 * 0.2
2023-04-27 05:45:55.795 | INFO     | utils.logging:log_training_results:340 - train weight decay:191.93449 * 0.0005
2023-04-27 05:47:26.512 | INFO     | utils.logging:log_training_results:280 - 
2023-04-27 05:47:26.512 | INFO     | utils.logging:log_training_results:281 - Global Step =    750
2023-04-27 05:47:26.513 | INFO     | utils.logging:log_training_results:282 - val mean(MacRec)_t: 0.8130866885185242
2023-04-27 05:47:26.513 | INFO     | utils.logging:log_training_results:287 - val mean ABSerr: 1.6879514455795288
2023-04-27 05:47:26.514 | INFO     | utils.logging:log_training_results:290 - val ausat from confmx: 0.9598458409309387
2023-04-27 05:47:26.514 | INFO     | utils.logging:log_training_results:326 - val MCE loss:1.05088 * 0.0
2023-04-27 05:47:26.514 | INFO     | utils.logging:log_training_results:333 - val LLLR :0.42823 * 0.2
2023-04-27 05:47:26.514 | INFO     | utils.logging:log_training_results:340 - val weight decay:151.02859 * 0.0005
2023-04-27 05:47:26.647 | INFO     | utils.checkpoint:update_and_save_result:168 - [36mBest value updated![0m
2023-04-27 05:47:26.655 | INFO     | utils.checkpoint:save_checkpoint:83 - [36mSaved checkpoint[0m at step 750.
2023-04-27 05:47:26.659 | INFO     | utils.checkpoint:keep_max_num_saved_models:101 - Removed the oldest model for max_to_keep=1
2023-04-27 05:47:27.492 | INFO     | utils.logging:save_sdre_imgs:710 - Figures saved.
2023-04-27 05:47:28.185 | INFO     | utils.logging:log_training_results:280 - 
2023-04-27 05:47:28.185 | INFO     | utils.logging:log_training_results:281 - Global Step =    750
2023-04-27 05:47:28.185 | INFO     | utils.logging:log_training_results:282 - train mean(MacRec)_t: 0.7970834970474243
2023-04-27 05:47:28.186 | INFO     | utils.logging:log_training_results:287 - train mean ABSerr: 1.8679571151733398
2023-04-27 05:47:28.186 | INFO     | utils.logging:log_training_results:290 - train ausat from confmx: 0.9669472575187683
2023-04-27 05:47:28.186 | INFO     | utils.logging:log_training_results:326 - train MCE loss:1.05994 * 0.0
2023-04-27 05:47:28.187 | INFO     | utils.logging:log_training_results:333 - train LLLR :0.44826 * 0.2
2023-04-27 05:47:28.187 | INFO     | utils.logging:log_training_results:340 - train weight decay:151.02859 * 0.0005
2023-04-27 05:47:44.572 | INFO     | __main__:objective:356 - Starting epoch #2.
2023-04-27 05:49:09.170 | INFO     | utils.logging:log_training_results:280 - 
2023-04-27 05:49:09.171 | INFO     | utils.logging:log_training_results:281 - Global Step =   1000
2023-04-27 05:49:09.171 | INFO     | utils.logging:log_training_results:282 - val mean(MacRec)_t: 0.8354367017745972
2023-04-27 05:49:09.172 | INFO     | utils.logging:log_training_results:287 - val mean ABSerr: 1.312662959098816
2023-04-27 05:49:09.172 | INFO     | utils.logging:log_training_results:290 - val ausat from confmx: 0.9719565510749817
2023-04-27 05:49:09.173 | INFO     | utils.logging:log_training_results:326 - val MCE loss:1.01488 * 0.0
2023-04-27 05:49:09.173 | INFO     | utils.logging:log_training_results:333 - val LLLR :0.38011 * 0.2
2023-04-27 05:49:09.173 | INFO     | utils.logging:log_training_results:340 - val weight decay:123.40279 * 0.0005
2023-04-27 05:49:09.323 | INFO     | utils.checkpoint:update_and_save_result:168 - [36mBest value updated![0m
2023-04-27 05:49:09.333 | INFO     | utils.checkpoint:save_checkpoint:83 - [36mSaved checkpoint[0m at step 1000.
2023-04-27 05:49:09.336 | INFO     | utils.checkpoint:keep_max_num_saved_models:101 - Removed the oldest model for max_to_keep=1
2023-04-27 05:49:10.540 | INFO     | utils.logging:save_sdre_imgs:710 - Figures saved.
2023-04-27 05:49:11.268 | INFO     | utils.logging:log_training_results:280 - 
2023-04-27 05:49:11.269 | INFO     | utils.logging:log_training_results:281 - Global Step =   1000
2023-04-27 05:49:11.269 | INFO     | utils.logging:log_training_results:282 - train mean(MacRec)_t: 0.8052036166191101
2023-04-27 05:49:11.270 | INFO     | utils.logging:log_training_results:287 - train mean ABSerr: 1.5029973983764648
2023-04-27 05:49:11.270 | INFO     | utils.logging:log_training_results:290 - train ausat from confmx: 0.9683448672294617
2023-04-27 05:49:11.270 | INFO     | utils.logging:log_training_results:326 - train MCE loss:1.02296 * 0.0
2023-04-27 05:49:11.271 | INFO     | utils.logging:log_training_results:333 - train LLLR :0.42622 * 0.2
2023-04-27 05:49:11.271 | INFO     | utils.logging:log_training_results:340 - train weight decay:123.40279 * 0.0005
2023-04-27 05:50:22.609 | INFO     | __main__:objective:356 - Starting epoch #3.
2023-04-27 05:50:54.553 | INFO     | utils.logging:log_training_results:280 - 
2023-04-27 05:50:54.554 | INFO     | utils.logging:log_training_results:281 - Global Step =   1250
2023-04-27 05:50:54.554 | INFO     | utils.logging:log_training_results:282 - val mean(MacRec)_t: 0.8462733030319214
2023-04-27 05:50:54.554 | INFO     | utils.logging:log_training_results:287 - val mean ABSerr: 1.1317275762557983
2023-04-27 05:50:54.555 | INFO     | utils.logging:log_training_results:290 - val ausat from confmx: 0.9756153225898743
2023-04-27 05:50:54.555 | INFO     | utils.logging:log_training_results:326 - val MCE loss:0.98791 * 0.0
2023-04-27 05:50:54.556 | INFO     | utils.logging:log_training_results:333 - val LLLR :0.35899 * 0.2
2023-04-27 05:50:54.556 | INFO     | utils.logging:log_training_results:340 - val weight decay:104.99639 * 0.0005
2023-04-27 05:50:54.703 | INFO     | utils.checkpoint:update_and_save_result:168 - [36mBest value updated![0m
2023-04-27 05:50:54.712 | INFO     | utils.checkpoint:save_checkpoint:83 - [36mSaved checkpoint[0m at step 1250.
2023-04-27 05:50:54.716 | INFO     | utils.checkpoint:keep_max_num_saved_models:101 - Removed the oldest model for max_to_keep=1
2023-04-27 05:50:55.623 | INFO     | utils.logging:save_sdre_imgs:710 - Figures saved.
2023-04-27 05:50:56.321 | INFO     | utils.logging:log_training_results:280 - 
2023-04-27 05:50:56.322 | INFO     | utils.logging:log_training_results:281 - Global Step =   1250
2023-04-27 05:50:56.322 | INFO     | utils.logging:log_training_results:282 - train mean(MacRec)_t: 0.8475034832954407
2023-04-27 05:50:56.323 | INFO     | utils.logging:log_training_results:287 - train mean ABSerr: 1.276968002319336
2023-04-27 05:50:56.323 | INFO     | utils.logging:log_training_results:290 - train ausat from confmx: 0.9564366936683655
2023-04-27 05:50:56.323 | INFO     | utils.logging:log_training_results:326 - train MCE loss:0.99993 * 0.0
2023-04-27 05:50:56.324 | INFO     | utils.logging:log_training_results:333 - train LLLR :0.34549 * 0.2
2023-04-27 05:50:56.325 | INFO     | utils.logging:log_training_results:340 - train weight decay:104.99639 * 0.0005
2023-04-27 05:52:39.120 | INFO     | utils.logging:log_training_results:280 - 
2023-04-27 05:52:39.121 | INFO     | utils.logging:log_training_results:281 - Global Step =   1500
2023-04-27 05:52:39.121 | INFO     | utils.logging:log_training_results:282 - val mean(MacRec)_t: 0.8534232974052429
2023-04-27 05:52:39.122 | INFO     | utils.logging:log_training_results:287 - val mean ABSerr: 1.0029137134552002
2023-04-27 05:52:39.122 | INFO     | utils.logging:log_training_results:290 - val ausat from confmx: 0.9747821092605591
2023-04-27 05:52:39.122 | INFO     | utils.logging:log_training_results:326 - val MCE loss:0.96598 * 0.0
2023-04-27 05:52:39.123 | INFO     | utils.logging:log_training_results:333 - val LLLR :0.34673 * 0.2
2023-04-27 05:52:39.123 | INFO     | utils.logging:log_training_results:340 - val weight decay:91.74393 * 0.0005
2023-04-27 05:52:40.645 | INFO     | utils.logging:save_sdre_imgs:710 - Figures saved.
2023-04-27 05:52:41.456 | INFO     | utils.logging:log_training_results:280 - 
2023-04-27 05:52:41.456 | INFO     | utils.logging:log_training_results:281 - Global Step =   1500
2023-04-27 05:52:41.457 | INFO     | utils.logging:log_training_results:282 - train mean(MacRec)_t: 0.8398587703704834
2023-04-27 05:52:41.457 | INFO     | utils.logging:log_training_results:287 - train mean ABSerr: 1.1347870826721191
2023-04-27 05:52:41.458 | INFO     | utils.logging:log_training_results:290 - train ausat from confmx: 0.9767583608627319
2023-04-27 05:52:41.458 | INFO     | utils.logging:log_training_results:326 - train MCE loss:0.97963 * 0.0
2023-04-27 05:52:41.458 | INFO     | utils.logging:log_training_results:333 - train LLLR :0.37141 * 0.2
2023-04-27 05:52:41.459 | INFO     | utils.logging:log_training_results:340 - train weight decay:91.74393 * 0.0005
2023-04-27 05:53:16.837 | INFO     | __main__:objective:356 - Starting epoch #4.
2023-04-27 05:54:23.742 | INFO     | utils.logging:log_training_results:280 - 
2023-04-27 05:54:23.743 | INFO     | utils.logging:log_training_results:281 - Global Step =   1750
2023-04-27 05:54:23.743 | INFO     | utils.logging:log_training_results:282 - val mean(MacRec)_t: 0.8572067022323608
2023-04-27 05:54:23.744 | INFO     | utils.logging:log_training_results:287 - val mean ABSerr: 0.872645914554596
2023-04-27 05:54:23.744 | INFO     | utils.logging:log_training_results:290 - val ausat from confmx: 0.9785116910934448
2023-04-27 05:54:23.745 | INFO     | utils.logging:log_training_results:326 - val MCE loss:0.95231 * 0.0
2023-04-27 05:54:23.745 | INFO     | utils.logging:log_training_results:333 - val LLLR :0.33813 * 0.2
2023-04-27 05:54:23.746 | INFO     | utils.logging:log_training_results:340 - val weight decay:81.72070 * 0.0005
2023-04-27 05:54:23.886 | INFO     | utils.checkpoint:update_and_save_result:168 - [36mBest value updated![0m
2023-04-27 05:54:23.895 | INFO     | utils.checkpoint:save_checkpoint:83 - [36mSaved checkpoint[0m at step 1750.
2023-04-27 05:54:23.898 | INFO     | utils.checkpoint:keep_max_num_saved_models:101 - Removed the oldest model for max_to_keep=1
2023-04-27 05:54:24.775 | INFO     | utils.logging:save_sdre_imgs:710 - Figures saved.
2023-04-27 05:54:25.474 | INFO     | utils.logging:log_training_results:280 - 
2023-04-27 05:54:25.475 | INFO     | utils.logging:log_training_results:281 - Global Step =   1750
2023-04-27 05:54:25.476 | INFO     | utils.logging:log_training_results:282 - train mean(MacRec)_t: 0.8237234354019165
2023-04-27 05:54:25.476 | INFO     | utils.logging:log_training_results:287 - train mean ABSerr: 1.0759109258651733
2023-04-27 05:54:25.477 | INFO     | utils.logging:log_training_results:290 - train ausat from confmx: 0.9631507992744446
2023-04-27 05:54:25.477 | INFO     | utils.logging:log_training_results:326 - train MCE loss:0.96787 * 0.0
2023-04-27 05:54:25.477 | INFO     | utils.logging:log_training_results:333 - train LLLR :0.39607 * 0.2
2023-04-27 05:54:25.478 | INFO     | utils.logging:log_training_results:340 - train weight decay:81.72070 * 0.0005
2023-04-27 05:55:54.039 | INFO     | __main__:objective:356 - Starting epoch #5.
2023-04-27 05:56:07.577 | INFO     | utils.logging:log_training_results:280 - 
2023-04-27 05:56:07.577 | INFO     | utils.logging:log_training_results:281 - Global Step =   2000
2023-04-27 05:56:07.578 | INFO     | utils.logging:log_training_results:282 - val mean(MacRec)_t: 0.8590633273124695
2023-04-27 05:56:07.578 | INFO     | utils.logging:log_training_results:287 - val mean ABSerr: 0.8668060898780823
2023-04-27 05:56:07.579 | INFO     | utils.logging:log_training_results:290 - val ausat from confmx: 0.973393440246582
2023-04-27 05:56:07.579 | INFO     | utils.logging:log_training_results:326 - val MCE loss:0.94167 * 0.0
2023-04-27 05:56:07.580 | INFO     | utils.logging:log_training_results:333 - val LLLR :0.33676 * 0.2
2023-04-27 05:56:07.580 | INFO     | utils.logging:log_training_results:340 - val weight decay:73.67563 * 0.0005
2023-04-27 05:56:08.647 | INFO     | utils.logging:save_sdre_imgs:710 - Figures saved.
2023-04-27 05:56:09.376 | INFO     | utils.logging:log_training_results:280 - 
2023-04-27 05:56:09.377 | INFO     | utils.logging:log_training_results:281 - Global Step =   2000
2023-04-27 05:56:09.378 | INFO     | utils.logging:log_training_results:282 - train mean(MacRec)_t: 0.8693487644195557
2023-04-27 05:56:09.378 | INFO     | utils.logging:log_training_results:287 - train mean ABSerr: 1.0182766914367676
2023-04-27 05:56:09.379 | INFO     | utils.logging:log_training_results:290 - train ausat from confmx: 0.9899179339408875
2023-04-27 05:56:09.380 | INFO     | utils.logging:log_training_results:326 - train MCE loss:0.95383 * 0.0
2023-04-27 05:56:09.380 | INFO     | utils.logging:log_training_results:333 - train LLLR :0.30928 * 0.2
2023-04-27 05:56:09.381 | INFO     | utils.logging:log_training_results:340 - train weight decay:73.67563 * 0.0005
2023-04-27 05:57:52.046 | INFO     | utils.logging:log_training_results:280 - 
2023-04-27 05:57:52.047 | INFO     | utils.logging:log_training_results:281 - Global Step =   2250
2023-04-27 05:57:52.047 | INFO     | utils.logging:log_training_results:282 - val mean(MacRec)_t: 0.8627200126647949
2023-04-27 05:57:52.048 | INFO     | utils.logging:log_training_results:287 - val mean ABSerr: 0.8110998272895813
2023-04-27 05:57:52.048 | INFO     | utils.logging:log_training_results:290 - val ausat from confmx: 0.9793269634246826
2023-04-27 05:57:52.048 | INFO     | utils.logging:log_training_results:326 - val MCE loss:0.93510 * 0.0
2023-04-27 05:57:52.049 | INFO     | utils.logging:log_training_results:333 - val LLLR :0.32811 * 0.2
2023-04-27 05:57:52.049 | INFO     | utils.logging:log_training_results:340 - val weight decay:66.86751 * 0.0005
2023-04-27 05:57:52.192 | INFO     | utils.checkpoint:update_and_save_result:168 - [36mBest value updated![0m
2023-04-27 05:57:52.201 | INFO     | utils.checkpoint:save_checkpoint:83 - [36mSaved checkpoint[0m at step 2250.
2023-04-27 05:57:52.205 | INFO     | utils.checkpoint:keep_max_num_saved_models:101 - Removed the oldest model for max_to_keep=1
2023-04-27 05:57:53.161 | INFO     | utils.logging:save_sdre_imgs:710 - Figures saved.
2023-04-27 05:57:53.875 | INFO     | utils.logging:log_training_results:280 - 
2023-04-27 05:57:53.875 | INFO     | utils.logging:log_training_results:281 - Global Step =   2250
2023-04-27 05:57:53.876 | INFO     | utils.logging:log_training_results:282 - train mean(MacRec)_t: 0.865530252456665
2023-04-27 05:57:53.876 | INFO     | utils.logging:log_training_results:287 - train mean ABSerr: 1.011000633239746
2023-04-27 05:57:53.877 | INFO     | utils.logging:log_training_results:290 - train ausat from confmx: 0.9915159344673157
2023-04-27 05:57:53.877 | INFO     | utils.logging:log_training_results:326 - train MCE loss:0.96063 * 0.0
2023-04-27 05:57:53.877 | INFO     | utils.logging:log_training_results:333 - train LLLR :0.32324 * 0.2
2023-04-27 05:57:53.878 | INFO     | utils.logging:log_training_results:340 - train weight decay:66.86750 * 0.0005
2023-04-27 05:58:40.675 | INFO     | __main__:objective:356 - Starting epoch #6.
2023-04-27 05:59:23.216 | INFO     | utils.logging:log_training_results:280 - 
2023-04-27 05:59:23.217 | INFO     | utils.logging:log_training_results:281 - Global Step =   2500
2023-04-27 05:59:23.217 | INFO     | utils.logging:log_training_results:282 - val mean(MacRec)_t: 0.8630567193031311
2023-04-27 05:59:23.218 | INFO     | utils.logging:log_training_results:287 - val mean ABSerr: 0.7529252171516418
2023-04-27 05:59:23.218 | INFO     | utils.logging:log_training_results:290 - val ausat from confmx: 0.9803906679153442
2023-04-27 05:59:23.218 | INFO     | utils.logging:log_training_results:326 - val MCE loss:0.92996 * 0.0
2023-04-27 05:59:23.219 | INFO     | utils.logging:log_training_results:333 - val LLLR :0.32671 * 0.2
2023-04-27 05:59:23.219 | INFO     | utils.logging:log_training_results:340 - val weight decay:61.25194 * 0.0005
2023-04-27 05:59:23.348 | INFO     | utils.checkpoint:update_and_save_result:168 - [36mBest value updated![0m
2023-04-27 05:59:23.356 | INFO     | utils.checkpoint:save_checkpoint:83 - [36mSaved checkpoint[0m at step 2500.
2023-04-27 05:59:23.358 | INFO     | utils.checkpoint:keep_max_num_saved_models:101 - Removed the oldest model for max_to_keep=1
2023-04-27 05:59:24.306 | INFO     | utils.logging:save_sdre_imgs:710 - Figures saved.
2023-04-27 05:59:24.920 | INFO     | utils.logging:log_training_results:280 - 
2023-04-27 05:59:24.920 | INFO     | utils.logging:log_training_results:281 - Global Step =   2500
2023-04-27 05:59:24.921 | INFO     | utils.logging:log_training_results:282 - train mean(MacRec)_t: 0.8689121603965759
2023-04-27 05:59:24.921 | INFO     | utils.logging:log_training_results:287 - train mean ABSerr: 0.8983514904975891
2023-04-27 05:59:24.922 | INFO     | utils.logging:log_training_results:290 - train ausat from confmx: 0.9851849675178528
2023-04-27 05:59:24.922 | INFO     | utils.logging:log_training_results:326 - train MCE loss:0.95544 * 0.0
2023-04-27 05:59:24.922 | INFO     | utils.logging:log_training_results:333 - train LLLR :0.31845 * 0.2
2023-04-27 05:59:24.923 | INFO     | utils.logging:log_training_results:340 - train weight decay:61.25194 * 0.0005
2023-04-27 06:00:52.040 | INFO     | utils.logging:log_training_results:280 - 
2023-04-27 06:00:52.040 | INFO     | utils.logging:log_training_results:281 - Global Step =   2750
2023-04-27 06:00:52.041 | INFO     | utils.logging:log_training_results:282 - val mean(MacRec)_t: 0.8558467030525208
2023-04-27 06:00:52.041 | INFO     | utils.logging:log_training_results:287 - val mean ABSerr: 0.8417751789093018
2023-04-27 06:00:52.042 | INFO     | utils.logging:log_training_results:290 - val ausat from confmx: 0.9727485775947571
2023-04-27 06:00:52.042 | INFO     | utils.logging:log_training_results:326 - val MCE loss:0.92603 * 0.0
2023-04-27 06:00:52.042 | INFO     | utils.logging:log_training_results:333 - val LLLR :0.34330 * 0.2
2023-04-27 06:00:52.043 | INFO     | utils.logging:log_training_results:340 - val weight decay:56.51045 * 0.0005
2023-04-27 06:00:52.991 | INFO     | utils.logging:save_sdre_imgs:710 - Figures saved.
2023-04-27 06:00:53.608 | INFO     | utils.logging:log_training_results:280 - 
2023-04-27 06:00:53.608 | INFO     | utils.logging:log_training_results:281 - Global Step =   2750
2023-04-27 06:00:53.609 | INFO     | utils.logging:log_training_results:282 - train mean(MacRec)_t: 0.8462080359458923
2023-04-27 06:00:53.609 | INFO     | utils.logging:log_training_results:287 - train mean ABSerr: 0.9112036228179932
2023-04-27 06:00:53.609 | INFO     | utils.logging:log_training_results:290 - train ausat from confmx: 0.9558448791503906
2023-04-27 06:00:53.610 | INFO     | utils.logging:log_training_results:326 - train MCE loss:0.93830 * 0.0
2023-04-27 06:00:53.610 | INFO     | utils.logging:log_training_results:333 - train LLLR :0.35821 * 0.2
2023-04-27 06:00:53.610 | INFO     | utils.logging:log_training_results:340 - train weight decay:56.51045 * 0.0005
2023-04-27 06:01:08.850 | INFO     | __main__:objective:356 - Starting epoch #7.
2023-04-27 06:02:20.817 | INFO     | utils.logging:log_training_results:280 - 
2023-04-27 06:02:20.817 | INFO     | utils.logging:log_training_results:281 - Global Step =   3000
2023-04-27 06:02:20.818 | INFO     | utils.logging:log_training_results:282 - val mean(MacRec)_t: 0.8532000780105591
2023-04-27 06:02:20.818 | INFO     | utils.logging:log_training_results:287 - val mean ABSerr: 1.03031325340271
2023-04-27 06:02:20.818 | INFO     | utils.logging:log_training_results:290 - val ausat from confmx: 0.9666199684143066
2023-04-27 06:02:20.819 | INFO     | utils.logging:log_training_results:326 - val MCE loss:0.92252 * 0.0
2023-04-27 06:02:20.819 | INFO     | utils.logging:log_training_results:333 - val LLLR :0.35198 * 0.2
2023-04-27 06:02:20.819 | INFO     | utils.logging:log_training_results:340 - val weight decay:52.23112 * 0.0005
2023-04-27 06:02:21.704 | INFO     | utils.logging:save_sdre_imgs:710 - Figures saved.
2023-04-27 06:02:22.318 | INFO     | utils.logging:log_training_results:280 - 
2023-04-27 06:02:22.319 | INFO     | utils.logging:log_training_results:281 - Global Step =   3000
2023-04-27 06:02:22.319 | INFO     | utils.logging:log_training_results:282 - train mean(MacRec)_t: 0.8889797925949097
2023-04-27 06:02:22.319 | INFO     | utils.logging:log_training_results:287 - train mean ABSerr: 1.1940735578536987
2023-04-27 06:02:22.320 | INFO     | utils.logging:log_training_results:290 - train ausat from confmx: 0.9783530235290527
2023-04-27 06:02:22.320 | INFO     | utils.logging:log_training_results:326 - train MCE loss:0.93469 * 0.0
2023-04-27 06:02:22.320 | INFO     | utils.logging:log_training_results:333 - train LLLR :0.30993 * 0.2
2023-04-27 06:02:22.321 | INFO     | utils.logging:log_training_results:340 - train weight decay:52.23112 * 0.0005
2023-04-27 06:03:23.138 | INFO     | __main__:objective:356 - Starting epoch #8.
2023-04-27 06:03:51.648 | INFO     | utils.logging:log_training_results:280 - 
2023-04-27 06:03:51.649 | INFO     | utils.logging:log_training_results:281 - Global Step =   3250
2023-04-27 06:03:51.649 | INFO     | utils.logging:log_training_results:282 - val mean(MacRec)_t: 0.8589767217636108
2023-04-27 06:03:51.650 | INFO     | utils.logging:log_training_results:287 - val mean ABSerr: 0.8040284514427185
2023-04-27 06:03:51.650 | INFO     | utils.logging:log_training_results:290 - val ausat from confmx: 0.9744297862052917
2023-04-27 06:03:51.650 | INFO     | utils.logging:log_training_results:326 - val MCE loss:0.91949 * 0.0
2023-04-27 06:03:51.651 | INFO     | utils.logging:log_training_results:333 - val LLLR :0.33653 * 0.2
2023-04-27 06:03:51.651 | INFO     | utils.logging:log_training_results:340 - val weight decay:48.62107 * 0.0005
2023-04-27 06:03:52.730 | INFO     | utils.logging:save_sdre_imgs:710 - Figures saved.
2023-04-27 06:03:53.447 | INFO     | utils.logging:log_training_results:280 - 
2023-04-27 06:03:53.448 | INFO     | utils.logging:log_training_results:281 - Global Step =   3250
2023-04-27 06:03:53.448 | INFO     | utils.logging:log_training_results:282 - train mean(MacRec)_t: 0.8450472354888916
2023-04-27 06:03:53.449 | INFO     | utils.logging:log_training_results:287 - train mean ABSerr: 0.9378348588943481
2023-04-27 06:03:53.449 | INFO     | utils.logging:log_training_results:290 - train ausat from confmx: 0.9640746116638184
2023-04-27 06:03:53.450 | INFO     | utils.logging:log_training_results:326 - train MCE loss:0.93779 * 0.0
2023-04-27 06:03:53.450 | INFO     | utils.logging:log_training_results:333 - train LLLR :0.37972 * 0.2
2023-04-27 06:03:53.451 | INFO     | utils.logging:log_training_results:340 - train weight decay:48.62107 * 0.0005
