2023-04-28 15:09:22.938 | INFO     | utils.misc:fix_random_seed:405 - Random seed is not fixed.
2023-04-28 15:09:22.955 | INFO     | models.temporal_integrators:summarize:568 - 
:'######::'########::'########::'########::::::::::::::::::::::
'##... ##: ##.... ##: ##.... ##:... ##..:::::::::::::::::::::::
 ##:::..:: ##:::: ##: ##:::: ##:::: ##:::::::::::::::::::::::::
. ######:: ########:: ########::::: ##::::'#######:::::::::::::
:..... ##: ##.....::: ##.. ##:::::: ##::::........:::::::::::::
'##::: ##: ##:::::::: ##::. ##::::: ##:::::::::::::::::::::::::
. ######:: ##:::::::: ##:::. ##:::: ##:::::::::::::::::::::::::
:......:::..:::::::::..:::::..:::::..::::::::::::::::::::::::::
'########::::'###::::'##::: ##:'########::'########:'##::::'##:
... ##..::::'## ##::: ###:: ##: ##.... ##: ##.....:: ###::'###:
::: ##:::::'##:. ##:: ####: ##: ##:::: ##: ##::::::: ####'####:
::: ##::::'##:::. ##: ## ## ##: ##:::: ##: ######::: ## ### ##:
::: ##:::: #########: ##. ####: ##:::: ##: ##...:::: ##. #: ##:
::: ##:::: ##.... ##: ##:. ###: ##:::: ##: ##::::::: ##:.:: ##:
::: ##:::: ##:::: ##: ##::. ##: ########:: ########: ##:::: ##:
:::..:::::..:::::..::..::::..::........:::........::..:::::..::

2023-04-28 15:09:22.956 | INFO     | models.temporal_integrators:summarize:571 - [34mofficial PyTorch implementation.[0m
2023-04-28 15:09:23.015 | INFO     | models.temporal_integrators:summarize:593 - Network summary:
==========================================================================================
Layer (type:depth-idx)                   Output Shape              Param #
==========================================================================================
B2BsqrtTANDEM                            [150, 50, 3, 3]           259
├─LSTM: 1-1                              [7350, 2, 123]            123,984
│    └─Tanh: 2-1                         [7350, 123]               --
│    └─Tanh: 2-2                         [7350, 123]               --
│    └─Tanh: 2-3                         [7350, 123]               --
│    └─Tanh: 2-4                         [7350, 123]               --
│    └─Tanh: 2-5                         [7350, 123]               --
│    └─Tanh: 2-6                         [7350, 123]               --
├─Linear: 1-2                            [7350, 3]                 372
├─Linear: 1-3                            [7350, 3]                 (recursive)
==========================================================================================
Total params: 124,615
Trainable params: 124,615
Non-trainable params: 0
Total mult-adds (M): 5.47
==========================================================================================
Input size (MB): 3.84
Forward/backward pass size (MB): 0.35
Params size (MB): 0.00
Estimated Total Size (MB): 4.19
==========================================================================================
2023-04-28 15:09:23.016 | INFO     | models.temporal_integrators:summarize:594 - Example input shape: torch.Size([150, 50, 128])
2023-04-28 15:09:23.017 | INFO     | models.temporal_integrators:summarize:595 - Example output shape: torch.Size([150, 50, 3, 3])
2023-04-28 15:09:23.019 | INFO     | models.temporal_integrators:import_model:58 - model moved onto: [33mcuda.[0m
2023-04-28 15:09:23.020 | INFO     | models.optimizers:initialize_optimizer:44 - Optimizer:
AdamW (
Parameter Group 0
    amsgrad: False
    betas: (0.9, 0.999)
    capturable: False
    differentiable: False
    eps: 1e-08
    foreach: None
    fused: None
    lr: 0.00020988653811687536
    maximize: False
    weight_decay: 0.00030000000000000003
)
2023-04-28 15:09:23.020 | INFO     | datasets.data_processing:lmdb_dataloaders:293 - loading data... 
2023-04-28 15:09:23.021 | INFO     | datasets.data_processing:lmdb_dataloaders:295 - If this process takes long, consider setting is_load_onto_memory=False or use LMDBIterableDataset.
2023-04-28 15:09:25.371 | INFO     | __main__:objective:356 - Starting epoch #0.
2023-04-28 15:09:27.522 | INFO     | utils.logging:log_training_results:280 - 
2023-04-28 15:09:27.523 | INFO     | utils.logging:log_training_results:281 - Global Step =      0
2023-04-28 15:09:27.523 | INFO     | utils.logging:log_training_results:282 - val mean(MacRec)_t: 0.32830333709716797
2023-04-28 15:09:27.523 | INFO     | utils.logging:log_training_results:287 - val mean ABSerr: 3.4956984519958496
2023-04-28 15:09:27.524 | INFO     | utils.logging:log_training_results:290 - val ausat from confmx: 0.32713884115219116
2023-04-28 15:09:27.524 | INFO     | utils.logging:log_training_results:301 - val MCE loss:1.10007 * 0.8 * -0.67215
2023-04-28 15:09:27.525 | INFO     | utils.logging:log_training_results:309 - val LLLR :1.10775 * 0.6000000000000001 * -0.36260
2023-04-28 15:09:27.525 | INFO     | utils.logging:log_training_results:317 - val weight decay:1213.62915 * 0.00030000000000000003 * 0.45701
2023-04-28 15:09:28.485 | INFO     | utils.logging:save_sdre_imgs:710 - Figures saved.
2023-04-28 15:09:28.848 | INFO     | utils.logging:log_training_results:280 - 
2023-04-28 15:09:28.848 | INFO     | utils.logging:log_training_results:281 - Global Step =      0
2023-04-28 15:09:28.849 | INFO     | utils.logging:log_training_results:282 - train mean(MacRec)_t: 0.3209918141365051
2023-04-28 15:09:28.849 | INFO     | utils.logging:log_training_results:287 - train mean ABSerr: 3.5252318382263184
2023-04-28 15:09:28.849 | INFO     | utils.logging:log_training_results:290 - train ausat from confmx: 0.25603750348091125
2023-04-28 15:09:28.850 | INFO     | utils.logging:log_training_results:301 - train MCE loss:1.10354 * 0.8 * -0.67194
2023-04-28 15:09:28.850 | INFO     | utils.logging:log_training_results:309 - train LLLR :1.10953 * 0.6000000000000001 * -0.36281
2023-04-28 15:09:28.851 | INFO     | utils.logging:log_training_results:317 - train weight decay:1213.62903 * 0.00030000000000000003 * 0.45680
2023-04-28 15:09:48.424 | INFO     | utils.logging:log_training_results:280 - 
2023-04-28 15:09:48.424 | INFO     | utils.logging:log_training_results:281 - Global Step =    250
2023-04-28 15:09:48.425 | INFO     | utils.logging:log_training_results:282 - val mean(MacRec)_t: 0.3299599885940552
2023-04-28 15:09:48.425 | INFO     | utils.logging:log_training_results:287 - val mean ABSerr: 3.494279384613037
2023-04-28 15:09:48.426 | INFO     | utils.logging:log_training_results:290 - val ausat from confmx: 0.328853040933609
2023-04-28 15:09:48.426 | INFO     | utils.logging:log_training_results:301 - val MCE loss:1.09917 * 0.8 * -0.66280
2023-04-28 15:09:48.426 | INFO     | utils.logging:log_training_results:309 - val LLLR :1.10393 * 0.6000000000000001 * -0.40888
2023-04-28 15:09:48.427 | INFO     | utils.logging:log_training_results:317 - val weight decay:848.47052 * 0.00030000000000000003 * 0.39819
2023-04-28 15:09:48.553 | INFO     | utils.checkpoint:update_and_save_result:168 - [36mBest value updated![0m
2023-04-28 15:09:48.571 | INFO     | utils.checkpoint:save_checkpoint:83 - [36mSaved checkpoint[0m at step 250.
2023-04-28 15:09:49.374 | INFO     | utils.logging:save_sdre_imgs:710 - Figures saved.
2023-04-28 15:09:49.744 | INFO     | utils.logging:log_training_results:280 - 
2023-04-28 15:09:49.745 | INFO     | utils.logging:log_training_results:281 - Global Step =    250
2023-04-28 15:09:49.746 | INFO     | utils.logging:log_training_results:282 - train mean(MacRec)_t: 0.31670019030570984
2023-04-28 15:09:49.746 | INFO     | utils.logging:log_training_results:287 - train mean ABSerr: 3.551574945449829
2023-04-28 15:09:49.746 | INFO     | utils.logging:log_training_results:290 - train ausat from confmx: 0.3200855553150177
2023-04-28 15:09:49.747 | INFO     | utils.logging:log_training_results:301 - train MCE loss:1.09411 * 0.8 * -0.66279
2023-04-28 15:09:49.747 | INFO     | utils.logging:log_training_results:309 - train LLLR :1.09820 * 0.6000000000000001 * -0.40904
2023-04-28 15:09:49.748 | INFO     | utils.logging:log_training_results:317 - train weight decay:848.47052 * 0.00030000000000000003 * 0.39794
2023-04-28 15:10:00.260 | INFO     | __main__:objective:356 - Starting epoch #1.
2023-04-28 15:10:09.378 | INFO     | utils.logging:log_training_results:280 - 
2023-04-28 15:10:09.379 | INFO     | utils.logging:log_training_results:281 - Global Step =    500
2023-04-28 15:10:09.380 | INFO     | utils.logging:log_training_results:282 - val mean(MacRec)_t: 0.33185333013534546
2023-04-28 15:10:09.380 | INFO     | utils.logging:log_training_results:287 - val mean ABSerr: 3.4933621883392334
2023-04-28 15:10:09.380 | INFO     | utils.logging:log_training_results:290 - val ausat from confmx: 0.32687509059906006
2023-04-28 15:10:09.381 | INFO     | utils.logging:log_training_results:301 - val MCE loss:1.09859 * 0.8 * -0.66251
2023-04-28 15:10:09.381 | INFO     | utils.logging:log_training_results:309 - val LLLR :1.10160 * 0.6000000000000001 * -0.44440
2023-04-28 15:10:09.382 | INFO     | utils.logging:log_training_results:317 - val weight decay:581.58392 * 0.00030000000000000003 * 0.33297
2023-04-28 15:10:10.338 | INFO     | utils.logging:save_sdre_imgs:710 - Figures saved.
2023-04-28 15:10:10.700 | INFO     | utils.logging:log_training_results:280 - 
2023-04-28 15:10:10.701 | INFO     | utils.logging:log_training_results:281 - Global Step =    500
2023-04-28 15:10:10.701 | INFO     | utils.logging:log_training_results:282 - train mean(MacRec)_t: 0.37979936599731445
2023-04-28 15:10:10.701 | INFO     | utils.logging:log_training_results:287 - train mean ABSerr: 3.3943822383880615
2023-04-28 15:10:10.702 | INFO     | utils.logging:log_training_results:290 - train ausat from confmx: 0.4050047695636749
2023-04-28 15:10:10.702 | INFO     | utils.logging:log_training_results:301 - train MCE loss:1.09926 * 0.8 * -0.66249
2023-04-28 15:10:10.703 | INFO     | utils.logging:log_training_results:309 - train LLLR :1.09488 * 0.6000000000000001 * -0.44453
2023-04-28 15:10:10.703 | INFO     | utils.logging:log_training_results:317 - train weight decay:581.58392 * 0.00030000000000000003 * 0.33271
2023-04-28 15:10:30.078 | INFO     | utils.logging:log_training_results:280 - 
2023-04-28 15:10:30.078 | INFO     | utils.logging:log_training_results:281 - Global Step =    750
2023-04-28 15:10:30.079 | INFO     | utils.logging:log_training_results:282 - val mean(MacRec)_t: 0.3362133204936981
2023-04-28 15:10:30.079 | INFO     | utils.logging:log_training_results:287 - val mean ABSerr: 3.4925451278686523
2023-04-28 15:10:30.080 | INFO     | utils.logging:log_training_results:290 - val ausat from confmx: 0.3274964690208435
2023-04-28 15:10:30.080 | INFO     | utils.logging:log_training_results:301 - val MCE loss:1.09813 * 0.8 * -0.66253
2023-04-28 15:10:30.081 | INFO     | utils.logging:log_training_results:309 - val LLLR :1.09972 * 0.6000000000000001 * -0.47262
2023-04-28 15:10:30.081 | INFO     | utils.logging:log_training_results:317 - val weight decay:395.40445 * 0.00030000000000000003 * 0.26930
2023-04-28 15:10:31.059 | INFO     | utils.logging:save_sdre_imgs:710 - Figures saved.
2023-04-28 15:10:31.425 | INFO     | utils.logging:log_training_results:280 - 
2023-04-28 15:10:31.426 | INFO     | utils.logging:log_training_results:281 - Global Step =    750
2023-04-28 15:10:31.426 | INFO     | utils.logging:log_training_results:282 - train mean(MacRec)_t: 0.37372124195098877
2023-04-28 15:10:31.426 | INFO     | utils.logging:log_training_results:287 - train mean ABSerr: 3.509101629257202
2023-04-28 15:10:31.427 | INFO     | utils.logging:log_training_results:290 - train ausat from confmx: 0.39264020323753357
2023-04-28 15:10:31.427 | INFO     | utils.logging:log_training_results:301 - train MCE loss:1.09727 * 0.8 * -0.66251
2023-04-28 15:10:31.427 | INFO     | utils.logging:log_training_results:309 - train LLLR :1.09281 * 0.6000000000000001 * -0.47272
2023-04-28 15:10:31.428 | INFO     | utils.logging:log_training_results:317 - train weight decay:395.40445 * 0.00030000000000000003 * 0.26905
2023-04-28 15:10:34.835 | INFO     | __main__:objective:356 - Starting epoch #2.
2023-04-28 15:10:50.746 | INFO     | utils.logging:log_training_results:280 - 
2023-04-28 15:10:50.746 | INFO     | utils.logging:log_training_results:281 - Global Step =   1000
2023-04-28 15:10:50.747 | INFO     | utils.logging:log_training_results:282 - val mean(MacRec)_t: 0.34593665599823
2023-04-28 15:10:50.747 | INFO     | utils.logging:log_training_results:287 - val mean ABSerr: 3.4917116165161133
2023-04-28 15:10:50.748 | INFO     | utils.logging:log_training_results:290 - val ausat from confmx: 0.34227144718170166
2023-04-28 15:10:50.748 | INFO     | utils.logging:log_training_results:301 - val MCE loss:1.09791 * 0.8 * -0.66215
2023-04-28 15:10:50.749 | INFO     | utils.logging:log_training_results:309 - val LLLR :1.09803 * 0.6000000000000001 * -0.49547
2023-04-28 15:10:50.749 | INFO     | utils.logging:log_training_results:317 - val weight decay:258.22363 * 0.00030000000000000003 * 0.21147
2023-04-28 15:10:50.879 | INFO     | utils.checkpoint:update_and_save_result:168 - [36mBest value updated![0m
2023-04-28 15:10:50.892 | INFO     | utils.checkpoint:save_checkpoint:83 - [36mSaved checkpoint[0m at step 1000.
2023-04-28 15:10:50.895 | INFO     | utils.checkpoint:keep_max_num_saved_models:101 - Removed the oldest model for max_to_keep=1
2023-04-28 15:10:51.926 | INFO     | utils.logging:save_sdre_imgs:710 - Figures saved.
2023-04-28 15:10:52.306 | INFO     | utils.logging:log_training_results:280 - 
2023-04-28 15:10:52.307 | INFO     | utils.logging:log_training_results:281 - Global Step =   1000
2023-04-28 15:10:52.307 | INFO     | utils.logging:log_training_results:282 - train mean(MacRec)_t: 0.3728239834308624
2023-04-28 15:10:52.307 | INFO     | utils.logging:log_training_results:287 - train mean ABSerr: 3.2990012168884277
2023-04-28 15:10:52.308 | INFO     | utils.logging:log_training_results:290 - train ausat from confmx: 0.4212011694908142
2023-04-28 15:10:52.308 | INFO     | utils.logging:log_training_results:301 - train MCE loss:1.09884 * 0.8 * -0.66218
2023-04-28 15:10:52.309 | INFO     | utils.logging:log_training_results:309 - train LLLR :1.09447 * 0.6000000000000001 * -0.49556
2023-04-28 15:10:52.309 | INFO     | utils.logging:log_training_results:317 - train weight decay:258.22363 * 0.00030000000000000003 * 0.21125
2023-04-28 15:11:06.863 | INFO     | __main__:objective:356 - Starting epoch #3.
2023-04-28 15:11:12.557 | INFO     | utils.logging:log_training_results:280 - 
2023-04-28 15:11:12.558 | INFO     | utils.logging:log_training_results:281 - Global Step =   1250
2023-04-28 15:11:12.559 | INFO     | utils.logging:log_training_results:282 - val mean(MacRec)_t: 0.4017433524131775
2023-04-28 15:11:12.559 | INFO     | utils.logging:log_training_results:287 - val mean ABSerr: 3.4905285835266113
2023-04-28 15:11:12.560 | INFO     | utils.logging:log_training_results:290 - val ausat from confmx: 0.43590521812438965
2023-04-28 15:11:12.560 | INFO     | utils.logging:log_training_results:301 - val MCE loss:1.09789 * 0.8 * -0.66181
2023-04-28 15:11:12.561 | INFO     | utils.logging:log_training_results:309 - val LLLR :1.09624 * 0.6000000000000001 * -0.51410
2023-04-28 15:11:12.561 | INFO     | utils.logging:log_training_results:317 - val weight decay:158.34102 * 0.00030000000000000003 * 0.16075
2023-04-28 15:11:12.687 | INFO     | utils.checkpoint:update_and_save_result:168 - [36mBest value updated![0m
2023-04-28 15:11:12.699 | INFO     | utils.checkpoint:save_checkpoint:83 - [36mSaved checkpoint[0m at step 1250.
2023-04-28 15:11:12.701 | INFO     | utils.checkpoint:keep_max_num_saved_models:101 - Removed the oldest model for max_to_keep=1
2023-04-28 15:11:13.552 | INFO     | utils.logging:save_sdre_imgs:710 - Figures saved.
2023-04-28 15:11:13.913 | INFO     | utils.logging:log_training_results:280 - 
2023-04-28 15:11:13.913 | INFO     | utils.logging:log_training_results:281 - Global Step =   1250
2023-04-28 15:11:13.914 | INFO     | utils.logging:log_training_results:282 - train mean(MacRec)_t: 0.4553440809249878
2023-04-28 15:11:13.914 | INFO     | utils.logging:log_training_results:287 - train mean ABSerr: 3.4815757274627686
2023-04-28 15:11:13.914 | INFO     | utils.logging:log_training_results:290 - train ausat from confmx: 0.48969534039497375
2023-04-28 15:11:13.915 | INFO     | utils.logging:log_training_results:301 - train MCE loss:1.09916 * 0.8 * -0.66181
2023-04-28 15:11:13.915 | INFO     | utils.logging:log_training_results:309 - train LLLR :1.09522 * 0.6000000000000001 * -0.51416
2023-04-28 15:11:13.916 | INFO     | utils.logging:log_training_results:317 - train weight decay:158.34102 * 0.00030000000000000003 * 0.16057
2023-04-28 15:11:33.576 | INFO     | utils.logging:log_training_results:280 - 
2023-04-28 15:11:33.577 | INFO     | utils.logging:log_training_results:281 - Global Step =   1500
2023-04-28 15:11:33.577 | INFO     | utils.logging:log_training_results:282 - val mean(MacRec)_t: 0.42214998602867126
2023-04-28 15:11:33.577 | INFO     | utils.logging:log_training_results:287 - val mean ABSerr: 3.479503631591797
2023-04-28 15:11:33.578 | INFO     | utils.logging:log_training_results:290 - val ausat from confmx: 0.3538464605808258
2023-04-28 15:11:33.578 | INFO     | utils.logging:log_training_results:301 - val MCE loss:1.09640 * 0.8 * -0.66092
2023-04-28 15:11:33.579 | INFO     | utils.logging:log_training_results:309 - val LLLR :1.08266 * 0.6000000000000001 * -0.52887
2023-04-28 15:11:33.579 | INFO     | utils.logging:log_training_results:317 - val weight decay:104.82180 * 0.00030000000000000003 * 0.12715
2023-04-28 15:11:34.507 | INFO     | utils.logging:save_sdre_imgs:710 - Figures saved.
2023-04-28 15:11:34.833 | INFO     | utils.logging:log_training_results:280 - 
2023-04-28 15:11:34.834 | INFO     | utils.logging:log_training_results:281 - Global Step =   1500
2023-04-28 15:11:34.835 | INFO     | utils.logging:log_training_results:282 - train mean(MacRec)_t: 0.44280803203582764
2023-04-28 15:11:34.835 | INFO     | utils.logging:log_training_results:287 - train mean ABSerr: 3.597184181213379
2023-04-28 15:11:34.836 | INFO     | utils.logging:log_training_results:290 - train ausat from confmx: 0.34723153710365295
2023-04-28 15:11:34.836 | INFO     | utils.logging:log_training_results:301 - train MCE loss:1.09646 * 0.8 * -0.66091
2023-04-28 15:11:34.836 | INFO     | utils.logging:log_training_results:309 - train LLLR :1.08081 * 0.6000000000000001 * -0.52892
2023-04-28 15:11:34.837 | INFO     | utils.logging:log_training_results:317 - train weight decay:104.82181 * 0.00030000000000000003 * 0.12706
2023-04-28 15:11:41.898 | INFO     | __main__:objective:356 - Starting epoch #4.
2023-04-28 15:11:54.539 | INFO     | utils.logging:log_training_results:280 - 
2023-04-28 15:11:54.539 | INFO     | utils.logging:log_training_results:281 - Global Step =   1750
2023-04-28 15:11:54.540 | INFO     | utils.logging:log_training_results:282 - val mean(MacRec)_t: 0.42839330434799194
2023-04-28 15:11:54.540 | INFO     | utils.logging:log_training_results:287 - val mean ABSerr: 3.442379951477051
2023-04-28 15:11:54.540 | INFO     | utils.logging:log_training_results:290 - val ausat from confmx: 0.36542409658432007
2023-04-28 15:11:54.541 | INFO     | utils.logging:log_training_results:301 - val MCE loss:1.09210 * 0.8 * -0.65927
2023-04-28 15:11:54.541 | INFO     | utils.logging:log_training_results:309 - val LLLR :1.04323 * 0.6000000000000001 * -0.53859
2023-04-28 15:11:54.542 | INFO     | utils.logging:log_training_results:317 - val weight decay:83.91768 * 0.00030000000000000003 * 0.11273
2023-04-28 15:11:55.457 | INFO     | utils.logging:save_sdre_imgs:710 - Figures saved.
2023-04-28 15:11:55.769 | INFO     | utils.logging:log_training_results:280 - 
2023-04-28 15:11:55.770 | INFO     | utils.logging:log_training_results:281 - Global Step =   1750
2023-04-28 15:11:55.770 | INFO     | utils.logging:log_training_results:282 - train mean(MacRec)_t: 0.41116857528686523
2023-04-28 15:11:55.770 | INFO     | utils.logging:log_training_results:287 - train mean ABSerr: 3.4705376625061035
2023-04-28 15:11:55.771 | INFO     | utils.logging:log_training_results:290 - train ausat from confmx: 0.344801664352417
2023-04-28 15:11:55.771 | INFO     | utils.logging:log_training_results:301 - train MCE loss:1.09149 * 0.8 * -0.65924
2023-04-28 15:11:55.772 | INFO     | utils.logging:log_training_results:309 - train LLLR :1.04829 * 0.6000000000000001 * -0.53862
2023-04-28 15:11:55.772 | INFO     | utils.logging:log_training_results:317 - train weight decay:83.91767 * 0.00030000000000000003 * 0.11269
2023-04-28 15:12:13.192 | INFO     | __main__:objective:356 - Starting epoch #5.
2023-04-28 15:12:15.366 | INFO     | utils.logging:log_training_results:280 - 
2023-04-28 15:12:15.367 | INFO     | utils.logging:log_training_results:281 - Global Step =   2000
2023-04-28 15:12:15.367 | INFO     | utils.logging:log_training_results:282 - val mean(MacRec)_t: 0.4918533265590668
2023-04-28 15:12:15.368 | INFO     | utils.logging:log_training_results:287 - val mean ABSerr: 3.394791841506958
2023-04-28 15:12:15.368 | INFO     | utils.logging:log_training_results:290 - val ausat from confmx: 0.46983182430267334
2023-04-28 15:12:15.369 | INFO     | utils.logging:log_training_results:301 - val MCE loss:1.08745 * 0.8 * -0.65756
2023-04-28 15:12:15.369 | INFO     | utils.logging:log_training_results:309 - val LLLR :0.99836 * 0.6000000000000001 * -0.54262
2023-04-28 15:12:15.369 | INFO     | utils.logging:log_training_results:317 - val weight decay:72.52095 * 0.00030000000000000003 * 0.10459
2023-04-28 15:12:15.494 | INFO     | utils.checkpoint:update_and_save_result:168 - [36mBest value updated![0m
2023-04-28 15:12:15.509 | INFO     | utils.checkpoint:save_checkpoint:83 - [36mSaved checkpoint[0m at step 2000.
2023-04-28 15:12:15.512 | INFO     | utils.checkpoint:keep_max_num_saved_models:101 - Removed the oldest model for max_to_keep=1
2023-04-28 15:12:16.293 | INFO     | utils.logging:save_sdre_imgs:710 - Figures saved.
2023-04-28 15:12:16.638 | INFO     | utils.logging:log_training_results:280 - 
2023-04-28 15:12:16.638 | INFO     | utils.logging:log_training_results:281 - Global Step =   2000
2023-04-28 15:12:16.639 | INFO     | utils.logging:log_training_results:282 - train mean(MacRec)_t: 0.4854029417037964
2023-04-28 15:12:16.639 | INFO     | utils.logging:log_training_results:287 - train mean ABSerr: 3.464238405227661
2023-04-28 15:12:16.639 | INFO     | utils.logging:log_training_results:290 - train ausat from confmx: 0.48244017362594604
2023-04-28 15:12:16.640 | INFO     | utils.logging:log_training_results:301 - train MCE loss:1.08819 * 0.8 * -0.65753
2023-04-28 15:12:16.640 | INFO     | utils.logging:log_training_results:309 - train LLLR :0.99837 * 0.6000000000000001 * -0.54263
2023-04-28 15:12:16.641 | INFO     | utils.logging:log_training_results:317 - train weight decay:72.52094 * 0.00030000000000000003 * 0.10456
2023-04-28 15:12:35.999 | INFO     | utils.logging:log_training_results:280 - 
2023-04-28 15:12:36.000 | INFO     | utils.logging:log_training_results:281 - Global Step =   2250
2023-04-28 15:12:36.000 | INFO     | utils.logging:log_training_results:282 - val mean(MacRec)_t: 0.5428733825683594
2023-04-28 15:12:36.000 | INFO     | utils.logging:log_training_results:287 - val mean ABSerr: 3.3407540321350098
2023-04-28 15:12:36.001 | INFO     | utils.logging:log_training_results:290 - val ausat from confmx: 0.5677343010902405
2023-04-28 15:12:36.001 | INFO     | utils.logging:log_training_results:301 - val MCE loss:1.08303 * 0.8 * -0.65622
2023-04-28 15:12:36.002 | INFO     | utils.logging:log_training_results:309 - val LLLR :0.95057 * 0.6000000000000001 * -0.54132
2023-04-28 15:12:36.002 | INFO     | utils.logging:log_training_results:317 - val weight decay:63.96592 * 0.00030000000000000003 * 0.09813
2023-04-28 15:12:36.124 | INFO     | utils.checkpoint:update_and_save_result:168 - [36mBest value updated![0m
2023-04-28 15:12:36.137 | INFO     | utils.checkpoint:save_checkpoint:83 - [36mSaved checkpoint[0m at step 2250.
2023-04-28 15:12:36.140 | INFO     | utils.checkpoint:keep_max_num_saved_models:101 - Removed the oldest model for max_to_keep=1
2023-04-28 15:12:36.921 | INFO     | utils.logging:save_sdre_imgs:710 - Figures saved.
2023-04-28 15:12:37.287 | INFO     | utils.logging:log_training_results:280 - 
2023-04-28 15:12:37.287 | INFO     | utils.logging:log_training_results:281 - Global Step =   2250
2023-04-28 15:12:37.288 | INFO     | utils.logging:log_training_results:282 - train mean(MacRec)_t: 0.5420571565628052
2023-04-28 15:12:37.288 | INFO     | utils.logging:log_training_results:287 - train mean ABSerr: 3.4201276302337646
2023-04-28 15:12:37.289 | INFO     | utils.logging:log_training_results:290 - train ausat from confmx: 0.5433534383773804
2023-04-28 15:12:37.290 | INFO     | utils.logging:log_training_results:301 - train MCE loss:1.07798 * 0.8 * -0.65623
2023-04-28 15:12:37.291 | INFO     | utils.logging:log_training_results:309 - train LLLR :0.96385 * 0.6000000000000001 * -0.54130
2023-04-28 15:12:37.291 | INFO     | utils.logging:log_training_results:317 - train weight decay:63.96592 * 0.00030000000000000003 * 0.09811
2023-04-28 15:12:48.030 | INFO     | __main__:objective:356 - Starting epoch #6.
2023-04-28 15:12:57.203 | INFO     | utils.logging:log_training_results:280 - 
2023-04-28 15:12:57.204 | INFO     | utils.logging:log_training_results:281 - Global Step =   2500
2023-04-28 15:12:57.204 | INFO     | utils.logging:log_training_results:282 - val mean(MacRec)_t: 0.563593327999115
2023-04-28 15:12:57.204 | INFO     | utils.logging:log_training_results:287 - val mean ABSerr: 3.2838101387023926
2023-04-28 15:12:57.205 | INFO     | utils.logging:log_training_results:290 - val ausat from confmx: 0.6114121675491333
2023-04-28 15:12:57.205 | INFO     | utils.logging:log_training_results:301 - val MCE loss:1.07906 * 0.8 * -0.65463
2023-04-28 15:12:57.206 | INFO     | utils.logging:log_training_results:309 - val LLLR :0.90731 * 0.6000000000000001 * -0.53536
2023-04-28 15:12:57.206 | INFO     | utils.logging:log_training_results:317 - val weight decay:56.94098 * 0.00030000000000000003 * 0.09254
2023-04-28 15:12:57.331 | INFO     | utils.checkpoint:update_and_save_result:168 - [36mBest value updated![0m
2023-04-28 15:12:57.344 | INFO     | utils.checkpoint:save_checkpoint:83 - [36mSaved checkpoint[0m at step 2500.
2023-04-28 15:12:57.347 | INFO     | utils.checkpoint:keep_max_num_saved_models:101 - Removed the oldest model for max_to_keep=1
2023-04-28 15:12:58.110 | INFO     | utils.logging:save_sdre_imgs:710 - Figures saved.
2023-04-28 15:12:58.440 | INFO     | utils.logging:log_training_results:280 - 
2023-04-28 15:12:58.440 | INFO     | utils.logging:log_training_results:281 - Global Step =   2500
2023-04-28 15:12:58.441 | INFO     | utils.logging:log_training_results:282 - train mean(MacRec)_t: 0.5578359961509705
2023-04-28 15:12:58.441 | INFO     | utils.logging:log_training_results:287 - train mean ABSerr: 3.4113922119140625
2023-04-28 15:12:58.441 | INFO     | utils.logging:log_training_results:290 - train ausat from confmx: 0.6273415684700012
2023-04-28 15:12:58.442 | INFO     | utils.logging:log_training_results:301 - train MCE loss:1.08063 * 0.8 * -0.65467
2023-04-28 15:12:58.442 | INFO     | utils.logging:log_training_results:309 - train LLLR :0.89404 * 0.6000000000000001 * -0.53532
2023-04-28 15:12:58.443 | INFO     | utils.logging:log_training_results:317 - train weight decay:56.94098 * 0.00030000000000000003 * 0.09252
2023-04-28 15:13:17.982 | INFO     | utils.logging:log_training_results:280 - 
2023-04-28 15:13:17.982 | INFO     | utils.logging:log_training_results:281 - Global Step =   2750
2023-04-28 15:13:17.983 | INFO     | utils.logging:log_training_results:282 - val mean(MacRec)_t: 0.575760006904602
2023-04-28 15:13:17.983 | INFO     | utils.logging:log_training_results:287 - val mean ABSerr: 3.2308666706085205
2023-04-28 15:13:17.984 | INFO     | utils.logging:log_training_results:290 - val ausat from confmx: 0.6342403292655945
2023-04-28 15:13:17.984 | INFO     | utils.logging:log_training_results:301 - val MCE loss:1.07581 * 0.8 * -0.65291
2023-04-28 15:13:17.984 | INFO     | utils.logging:log_training_results:309 - val LLLR :0.87315 * 0.6000000000000001 * -0.52628
2023-04-28 15:13:17.985 | INFO     | utils.logging:log_training_results:317 - val weight decay:50.88985 * 0.00030000000000000003 * 0.08746
2023-04-28 15:13:18.109 | INFO     | utils.checkpoint:update_and_save_result:168 - [36mBest value updated![0m
2023-04-28 15:13:18.122 | INFO     | utils.checkpoint:save_checkpoint:83 - [36mSaved checkpoint[0m at step 2750.
2023-04-28 15:13:18.125 | INFO     | utils.checkpoint:keep_max_num_saved_models:101 - Removed the oldest model for max_to_keep=1
2023-04-28 15:13:19.123 | INFO     | utils.logging:save_sdre_imgs:710 - Figures saved.
2023-04-28 15:13:19.468 | INFO     | utils.logging:log_training_results:280 - 
2023-04-28 15:13:19.469 | INFO     | utils.logging:log_training_results:281 - Global Step =   2750
2023-04-28 15:13:19.469 | INFO     | utils.logging:log_training_results:282 - train mean(MacRec)_t: 0.5771772861480713
2023-04-28 15:13:19.469 | INFO     | utils.logging:log_training_results:287 - train mean ABSerr: 3.072604179382324
2023-04-28 15:13:19.470 | INFO     | utils.logging:log_training_results:290 - train ausat from confmx: 0.625090479850769
2023-04-28 15:13:19.470 | INFO     | utils.logging:log_training_results:301 - train MCE loss:1.08051 * 0.8 * -0.65287
2023-04-28 15:13:19.470 | INFO     | utils.logging:log_training_results:309 - train LLLR :0.86374 * 0.6000000000000001 * -0.52624
2023-04-28 15:13:19.471 | INFO     | utils.logging:log_training_results:317 - train weight decay:50.88985 * 0.00030000000000000003 * 0.08744
2023-04-28 15:13:22.984 | INFO     | __main__:objective:356 - Starting epoch #7.
2023-04-28 15:13:39.134 | INFO     | utils.logging:log_training_results:280 - 
2023-04-28 15:13:39.134 | INFO     | utils.logging:log_training_results:281 - Global Step =   3000
2023-04-28 15:13:39.135 | INFO     | utils.logging:log_training_results:282 - val mean(MacRec)_t: 0.5817833542823792
2023-04-28 15:13:39.135 | INFO     | utils.logging:log_training_results:287 - val mean ABSerr: 3.185412883758545
2023-04-28 15:13:39.135 | INFO     | utils.logging:log_training_results:290 - val ausat from confmx: 0.6410516500473022
2023-04-28 15:13:39.136 | INFO     | utils.logging:log_training_results:301 - val MCE loss:1.07330 * 0.8 * -0.65246
2023-04-28 15:13:39.136 | INFO     | utils.logging:log_training_results:309 - val LLLR :0.84757 * 0.6000000000000001 * -0.51613
2023-04-28 15:13:39.136 | INFO     | utils.logging:log_training_results:317 - val weight decay:45.53891 * 0.00030000000000000003 * 0.08271
2023-04-28 15:13:39.263 | INFO     | utils.checkpoint:update_and_save_result:168 - [36mBest value updated![0m
2023-04-28 15:13:39.275 | INFO     | utils.checkpoint:save_checkpoint:83 - [36mSaved checkpoint[0m at step 3000.
2023-04-28 15:13:39.278 | INFO     | utils.checkpoint:keep_max_num_saved_models:101 - Removed the oldest model for max_to_keep=1
2023-04-28 15:13:40.046 | INFO     | utils.logging:save_sdre_imgs:710 - Figures saved.
2023-04-28 15:13:40.362 | INFO     | utils.logging:log_training_results:280 - 
2023-04-28 15:13:40.362 | INFO     | utils.logging:log_training_results:281 - Global Step =   3000
2023-04-28 15:13:40.363 | INFO     | utils.logging:log_training_results:282 - train mean(MacRec)_t: 0.5951009392738342
2023-04-28 15:13:40.363 | INFO     | utils.logging:log_training_results:287 - train mean ABSerr: 3.1239631175994873
2023-04-28 15:13:40.363 | INFO     | utils.logging:log_training_results:290 - train ausat from confmx: 0.6607988476753235
2023-04-28 15:13:40.364 | INFO     | utils.logging:log_training_results:301 - train MCE loss:1.07252 * 0.8 * -0.65243
2023-04-28 15:13:40.364 | INFO     | utils.logging:log_training_results:309 - train LLLR :0.84446 * 0.6000000000000001 * -0.51608
2023-04-28 15:13:40.365 | INFO     | utils.logging:log_training_results:317 - train weight decay:45.53891 * 0.00030000000000000003 * 0.08269
2023-04-28 15:13:54.415 | INFO     | __main__:objective:356 - Starting epoch #8.
2023-04-28 15:14:00.182 | INFO     | utils.logging:log_training_results:280 - 
2023-04-28 15:14:00.182 | INFO     | utils.logging:log_training_results:281 - Global Step =   3250
2023-04-28 15:14:00.183 | INFO     | utils.logging:log_training_results:282 - val mean(MacRec)_t: 0.5866566300392151
2023-04-28 15:14:00.183 | INFO     | utils.logging:log_training_results:287 - val mean ABSerr: 3.1457252502441406
2023-04-28 15:14:00.183 | INFO     | utils.logging:log_training_results:290 - val ausat from confmx: 0.6484636068344116
2023-04-28 15:14:00.184 | INFO     | utils.logging:log_training_results:301 - val MCE loss:1.07125 * 0.8 * -0.65138
2023-04-28 15:14:00.184 | INFO     | utils.logging:log_training_results:309 - val LLLR :0.82850 * 0.6000000000000001 * -0.50638
2023-04-28 15:14:00.185 | INFO     | utils.logging:log_training_results:317 - val weight decay:40.76284 * 0.00030000000000000003 * 0.07824
2023-04-28 15:14:00.306 | INFO     | utils.checkpoint:update_and_save_result:168 - [36mBest value updated![0m
2023-04-28 15:14:00.323 | INFO     | utils.checkpoint:save_checkpoint:83 - [36mSaved checkpoint[0m at step 3250.
2023-04-28 15:14:00.328 | INFO     | utils.checkpoint:keep_max_num_saved_models:101 - Removed the oldest model for max_to_keep=1
2023-04-28 15:14:01.120 | INFO     | utils.logging:save_sdre_imgs:710 - Figures saved.
2023-04-28 15:14:01.442 | INFO     | utils.logging:log_training_results:280 - 
2023-04-28 15:14:01.443 | INFO     | utils.logging:log_training_results:281 - Global Step =   3250
2023-04-28 15:14:01.443 | INFO     | utils.logging:log_training_results:282 - train mean(MacRec)_t: 0.5765613317489624
2023-04-28 15:14:01.443 | INFO     | utils.logging:log_training_results:287 - train mean ABSerr: 3.231457233428955
2023-04-28 15:14:01.444 | INFO     | utils.logging:log_training_results:290 - train ausat from confmx: 0.6319476366043091
2023-04-28 15:14:01.444 | INFO     | utils.logging:log_training_results:301 - train MCE loss:1.06621 * 0.8 * -0.65126
2023-04-28 15:14:01.445 | INFO     | utils.logging:log_training_results:309 - train LLLR :0.87092 * 0.6000000000000001 * -0.50635
2023-04-28 15:14:01.445 | INFO     | utils.logging:log_training_results:317 - train weight decay:40.76284 * 0.00030000000000000003 * 0.07822
2023-04-28 15:14:21.646 | INFO     | utils.logging:log_training_results:280 - 
2023-04-28 15:14:21.647 | INFO     | utils.logging:log_training_results:281 - Global Step =   3500
2023-04-28 15:14:21.647 | INFO     | utils.logging:log_training_results:282 - val mean(MacRec)_t: 0.5901166200637817
2023-04-28 15:14:21.648 | INFO     | utils.logging:log_training_results:287 - val mean ABSerr: 3.1198954582214355
2023-04-28 15:14:21.648 | INFO     | utils.logging:log_training_results:290 - val ausat from confmx: 0.6510186195373535
2023-04-28 15:14:21.649 | INFO     | utils.logging:log_training_results:301 - val MCE loss:1.06992 * 0.8 * -0.64993
2023-04-28 15:14:21.649 | INFO     | utils.logging:log_training_results:309 - val LLLR :0.81582 * 0.6000000000000001 * -0.49864
2023-04-28 15:14:21.650 | INFO     | utils.logging:log_training_results:317 - val weight decay:36.41372 * 0.00030000000000000003 * 0.07394
2023-04-28 15:14:21.785 | INFO     | utils.checkpoint:update_and_save_result:168 - [36mBest value updated![0m
2023-04-28 15:14:21.798 | INFO     | utils.checkpoint:save_checkpoint:83 - [36mSaved checkpoint[0m at step 3500.
2023-04-28 15:14:21.802 | INFO     | utils.checkpoint:keep_max_num_saved_models:101 - Removed the oldest model for max_to_keep=1
2023-04-28 15:14:22.600 | INFO     | utils.logging:save_sdre_imgs:710 - Figures saved.
2023-04-28 15:14:22.932 | INFO     | utils.logging:log_training_results:280 - 
2023-04-28 15:14:22.932 | INFO     | utils.logging:log_training_results:281 - Global Step =   3500
2023-04-28 15:14:22.933 | INFO     | utils.logging:log_training_results:282 - train mean(MacRec)_t: 0.6073992848396301
2023-04-28 15:14:22.933 | INFO     | utils.logging:log_training_results:287 - train mean ABSerr: 3.0456206798553467
2023-04-28 15:14:22.933 | INFO     | utils.logging:log_training_results:290 - train ausat from confmx: 0.6566082239151001
2023-04-28 15:14:22.934 | INFO     | utils.logging:log_training_results:301 - train MCE loss:1.06960 * 0.8 * -0.64992
2023-04-28 15:14:22.934 | INFO     | utils.logging:log_training_results:309 - train LLLR :0.80379 * 0.6000000000000001 * -0.49862
2023-04-28 15:14:22.935 | INFO     | utils.logging:log_training_results:317 - train weight decay:36.41372 * 0.00030000000000000003 * 0.07392
2023-04-28 15:14:30.143 | INFO     | __main__:objective:356 - Starting epoch #9.
2023-04-28 15:14:43.171 | INFO     | utils.logging:log_training_results:280 - 
2023-04-28 15:14:43.172 | INFO     | utils.logging:log_training_results:281 - Global Step =   3750
2023-04-28 15:14:43.172 | INFO     | utils.logging:log_training_results:282 - val mean(MacRec)_t: 0.5932300686836243
2023-04-28 15:14:43.173 | INFO     | utils.logging:log_training_results:287 - val mean ABSerr: 3.1004514694213867
2023-04-28 15:14:43.173 | INFO     | utils.logging:log_training_results:290 - val ausat from confmx: 0.65221107006073
2023-04-28 15:14:43.174 | INFO     | utils.logging:log_training_results:301 - val MCE loss:1.06886 * 0.8 * -0.65005
2023-04-28 15:14:43.174 | INFO     | utils.logging:log_training_results:309 - val LLLR :0.80773 * 0.6000000000000001 * -0.49289
2023-04-28 15:14:43.175 | INFO     | utils.logging:log_training_results:317 - val weight decay:32.49069 * 0.00030000000000000003 * 0.06984
2023-04-28 15:14:43.301 | INFO     | utils.checkpoint:update_and_save_result:168 - [36mBest value updated![0m
2023-04-28 15:14:43.314 | INFO     | utils.checkpoint:save_checkpoint:83 - [36mSaved checkpoint[0m at step 3750.
2023-04-28 15:14:43.318 | INFO     | utils.checkpoint:keep_max_num_saved_models:101 - Removed the oldest model for max_to_keep=1
2023-04-28 15:14:44.094 | INFO     | utils.logging:save_sdre_imgs:710 - Figures saved.
2023-04-28 15:14:44.426 | INFO     | utils.logging:log_training_results:280 - 
2023-04-28 15:14:44.427 | INFO     | utils.logging:log_training_results:281 - Global Step =   3750
2023-04-28 15:14:44.427 | INFO     | utils.logging:log_training_results:282 - train mean(MacRec)_t: 0.5938130021095276
2023-04-28 15:14:44.428 | INFO     | utils.logging:log_training_results:287 - train mean ABSerr: 3.143759250640869
2023-04-28 15:14:44.428 | INFO     | utils.logging:log_training_results:290 - train ausat from confmx: 0.6598075032234192
2023-04-28 15:14:44.428 | INFO     | utils.logging:log_training_results:301 - train MCE loss:1.06258 * 0.8 * -0.65003
2023-04-28 15:14:44.429 | INFO     | utils.logging:log_training_results:309 - train LLLR :0.82395 * 0.6000000000000001 * -0.49287
2023-04-28 15:14:44.429 | INFO     | utils.logging:log_training_results:317 - train weight decay:32.49069 * 0.00030000000000000003 * 0.06982
2023-04-28 15:15:02.006 | INFO     | utils.logging:investigate_log:155 - num_warning=0/num_error=0 in the .log file.
2023-04-28 15:15:02.199 | INFO     | optuna.study.study:_log_completed_trial:1020 - Trial 38 finished with value: 0.34778892993927 and parameters: {'LIST_IS_POSITIONAL_ENCODING': False, 'LIST_MODEL_BACKBONE': 'LSTM', 'LIST_WEIGHT_DECAY': 0.00030000000000000003, 'LIST_LEARNING_RATE': 0.00020988653811687536, 'LIST_LLLR_VERSION': 'LSEL', 'LIST_ACTIVATION_FC': 'B2BsqrtV2', 'LIST_PARAM_MULTIPLET_LOSS': 0.8, 'LIST_PARAM_LLR_LOSS': 0.6000000000000001, 'LIST_IS_ADAPTIVE_LOSS': True, 'LIST_ORDER_SPRT': 1, 'LIST_OPTIMIZER': 'adam', 'LIST_IS_NORMALIZE': False, 'LIST_NUM_THRESH': 1500, 'LIST_SPARSITY': 'unirandom', 'LIST_ACTIVATION_OUTPUT': 'B2BsqrtV2', 'LIST_ACTIVATION_INPUT': 'tanh', 'LIST_WIDTH_LSTM': 123}. Best is trial 37 with value: 0.016635537147521973.
2023-04-28 15:15:02.217 | INFO     | utils.hyperparameter_tuning:suggest_parameters:560 - [33mStarting a tuning phase.[0m
2023-04-28 15:15:02.716 | INFO     | utils.hyperparameter_tuning:print:394 - 
+------------------------------------------+
|   Hyperparameteres suggested by Optuna   |
+------------------------+-----------------+
|     Parameter name     | Suggested value |
+------------------------+-----------------+
|     ACTIVATION_FC      |       relu      |
|        DROPOUT         |       0.0       |
|         FF_DIM         |        32       |
|    IS_ADAPTIVE_LOSS    |       True      |
|      IS_NORMALIZE      |      False      |
| IS_POSITIONAL_ENCODING |       True      |
| IS_TRAINABLE_ENCODING  |      False      |
|     LEARNING_RATE      |    0.00034362   |
|      LLLR_VERSION      |       LSEL      |
|       MLP_UNITS        |        32       |
|     MODEL_BACKBONE     |   Transformer   |
|       NUM_BLOCKS       |        1        |
|       NUM_HEADS        |        4        |
|       NUM_THRESH       |       1500      |
|       OPTIMIZER        |     rmsprop     |
|       ORDER_SPRT       |        1        |
|     PARAM_LLR_LOSS     |       0.7       |
|  PARAM_MULTIPLET_LOSS  |       1.0       |
|        SPARSITY        |    unirandom    |
|      WEIGHT_DECAY      |      0.0001     |
+------------------------+-----------------+
2023-04-28 15:15:02.717 | INFO     | utils.misc:create_directories_and_log:291 - [33mA new log directory was created: [0m/home/afe/Dropbox/GitHub/SPRT-TANDEM-PyTorch/logs/public_offset0_5_optimausat_confmx_tuning/checkpoints/Transformer_20230428_151502717/configs
2023-04-28 15:15:02.718 | INFO     | utils.misc:create_directories_and_log:291 - [33mA new log directory was created: [0m/home/afe/Dropbox/GitHub/SPRT-TANDEM-PyTorch/logs/public_offset0_5_optimausat_confmx_tuning/TensorBoard_events/Transformer_20230428_151502717
