2023-04-28 08:20:12.218 | INFO     | utils.misc:fix_random_seed:405 - Random seed is not fixed.
2023-04-28 08:20:12.241 | INFO     | models.temporal_integrators:summarize:568 - 
:'######::'########::'########::'########::::::::::::::::::::::
'##... ##: ##.... ##: ##.... ##:... ##..:::::::::::::::::::::::
 ##:::..:: ##:::: ##: ##:::: ##:::: ##:::::::::::::::::::::::::
. ######:: ########:: ########::::: ##::::'#######:::::::::::::
:..... ##: ##.....::: ##.. ##:::::: ##::::........:::::::::::::
'##::: ##: ##:::::::: ##::. ##::::: ##:::::::::::::::::::::::::
. ######:: ##:::::::: ##:::. ##:::: ##:::::::::::::::::::::::::
:......:::..:::::::::..:::::..:::::..::::::::::::::::::::::::::
'########::::'###::::'##::: ##:'########::'########:'##::::'##:
... ##..::::'## ##::: ###:: ##: ##.... ##: ##.....:: ###::'###:
::: ##:::::'##:. ##:: ####: ##: ##:::: ##: ##::::::: ####'####:
::: ##::::'##:::. ##: ## ## ##: ##:::: ##: ######::: ## ### ##:
::: ##:::: #########: ##. ####: ##:::: ##: ##...:::: ##. #: ##:
::: ##:::: ##.... ##: ##:. ###: ##:::: ##: ##::::::: ##:.:: ##:
::: ##:::: ##:::: ##: ##::. ##: ########:: ########: ##:::: ##:
:::..:::::..:::::..::..::::..::........:::........::..:::::..::

2023-04-28 08:20:12.243 | INFO     | models.temporal_integrators:summarize:571 - [34mofficial PyTorch implementation.[0m
2023-04-28 08:20:12.811 | INFO     | models.temporal_integrators:summarize:593 - Network summary:
===============================================================================================
Layer (type:depth-idx)                        Output Shape              Param #
===============================================================================================
TANDEMformer                                  [150, 50, 3, 3]           640
├─TransformerEncoder: 1-1                     [6900, 1, 128]            --
│    └─ModuleList: 2-5                        --                        (recursive)
│    │    └─TransformerEncoderLayer: 3-1      [6900, 1, 128]            83,136
├─Linear: 1-2                                 [6900, 32]                4,128
├─Dropout: 1-3                                [6900, 32]                --
├─TransformerEncoder: 1-4                     [6900, 2, 128]            (recursive)
│    └─ModuleList: 2-5                        --                        (recursive)
│    │    └─TransformerEncoderLayer: 3-2      [6900, 2, 128]            (recursive)
├─Linear: 1-5                                 [6900, 32]                (recursive)
├─Dropout: 1-6                                [6900, 32]                --
├─TransformerEncoder: 1-7                     [6900, 3, 128]            (recursive)
│    └─ModuleList: 2-5                        --                        (recursive)
│    │    └─TransformerEncoderLayer: 3-3      [6900, 3, 128]            (recursive)
├─Linear: 1-8                                 [6900, 32]                (recursive)
├─Dropout: 1-9                                [6900, 32]                --
├─TransformerEncoder: 1-10                    [6900, 4, 128]            (recursive)
│    └─ModuleList: 2-5                        --                        (recursive)
│    │    └─TransformerEncoderLayer: 3-4      [6900, 4, 128]            (recursive)
├─Linear: 1-11                                [6900, 32]                (recursive)
├─Dropout: 1-12                               [6900, 32]                --
├─TransformerEncoder: 1-13                    [6900, 5, 128]            (recursive)
│    └─ModuleList: 2-5                        --                        (recursive)
│    │    └─TransformerEncoderLayer: 3-5      [6900, 5, 128]            (recursive)
├─Linear: 1-14                                [6900, 32]                (recursive)
├─Dropout: 1-15                               [6900, 32]                --
├─LayerNorm: 1-16                             [6900, 32]                64
├─Tanh: 1-17                                  [6900, 32]                --
├─Linear: 1-18                                [6900, 3]                 99
├─LayerNorm: 1-19                             [6900, 32]                (recursive)
├─Tanh: 1-20                                  [6900, 32]                --
├─Linear: 1-21                                [6900, 3]                 (recursive)
├─LayerNorm: 1-22                             [6900, 32]                (recursive)
├─Tanh: 1-23                                  [6900, 32]                --
├─Linear: 1-24                                [6900, 3]                 (recursive)
├─LayerNorm: 1-25                             [6900, 32]                (recursive)
├─Tanh: 1-26                                  [6900, 32]                --
├─Linear: 1-27                                [6900, 3]                 (recursive)
├─LayerNorm: 1-28                             [6900, 32]                (recursive)
├─Tanh: 1-29                                  [6900, 32]                --
├─Linear: 1-30                                [6900, 3]                 (recursive)
===============================================================================================
Total params: 88,067
Trainable params: 88,067
Non-trainable params: 0
Total mult-adds (M): 737.58
===============================================================================================
Input size (MB): 3.84
Forward/backward pass size (MB): 389.44
Params size (MB): 0.09
Estimated Total Size (MB): 393.36
===============================================================================================
2023-04-28 08:20:12.812 | INFO     | models.temporal_integrators:summarize:594 - Example input shape: torch.Size([150, 50, 128])
2023-04-28 08:20:12.813 | INFO     | models.temporal_integrators:summarize:595 - Example output shape: torch.Size([150, 50, 3, 3])
2023-04-28 08:20:12.814 | INFO     | models.temporal_integrators:import_model:58 - model moved onto: [33mcuda.[0m
2023-04-28 08:20:12.815 | INFO     | models.optimizers:initialize_optimizer:44 - Optimizer:
RMSprop (
Parameter Group 0
    alpha: 0.99
    centered: False
    differentiable: False
    eps: 1e-08
    foreach: None
    lr: 0.00037714936435943993
    maximize: False
    momentum: 0
    weight_decay: 0.0008
)
2023-04-28 08:20:12.815 | INFO     | datasets.data_processing:lmdb_dataloaders:293 - loading data... 
2023-04-28 08:20:12.816 | INFO     | datasets.data_processing:lmdb_dataloaders:295 - If this process takes long, consider setting is_load_onto_memory=False or use LMDBIterableDataset.
2023-04-28 08:20:15.350 | INFO     | __main__:objective:356 - Starting epoch #0.
2023-04-28 08:20:27.133 | INFO     | utils.logging:log_training_results:280 - 
2023-04-28 08:20:27.133 | INFO     | utils.logging:log_training_results:281 - Global Step =      0
2023-04-28 08:20:27.134 | INFO     | utils.logging:log_training_results:282 - val mean(MacRec)_t: 0.3888433277606964
2023-04-28 08:20:27.134 | INFO     | utils.logging:log_training_results:287 - val mean ABSerr: 3.4618489742279053
2023-04-28 08:20:27.134 | INFO     | utils.logging:log_training_results:290 - val ausat from confmx: 0.4176276922225952
2023-04-28 08:20:27.135 | INFO     | utils.logging:log_training_results:326 - val MCE loss:1.11783 * 0.8
2023-04-28 08:20:27.135 | INFO     | utils.logging:log_training_results:333 - val LLLR :0.36851 * 0.30000000000000004
2023-04-28 08:20:27.136 | INFO     | utils.logging:log_training_results:340 - val weight decay:1276.49829 * 0.0008
2023-04-28 08:20:28.162 | INFO     | utils.logging:save_sdre_imgs:710 - Figures saved.
2023-04-28 08:20:28.763 | INFO     | utils.logging:log_training_results:280 - 
2023-04-28 08:20:28.764 | INFO     | utils.logging:log_training_results:281 - Global Step =      0
2023-04-28 08:20:28.764 | INFO     | utils.logging:log_training_results:282 - train mean(MacRec)_t: 0.31486162543296814
2023-04-28 08:20:28.765 | INFO     | utils.logging:log_training_results:287 - train mean ABSerr: 3.696385622024536
2023-04-28 08:20:28.765 | INFO     | utils.logging:log_training_results:290 - train ausat from confmx: 0.29658830165863037
2023-04-28 08:20:28.765 | INFO     | utils.logging:log_training_results:326 - train MCE loss:1.12899 * 0.8
2023-04-28 08:20:28.766 | INFO     | utils.logging:log_training_results:333 - train LLLR :0.37493 * 0.30000000000000004
2023-04-28 08:20:28.766 | INFO     | utils.logging:log_training_results:340 - train weight decay:1276.49817 * 0.0008
2023-04-28 08:22:01.624 | INFO     | utils.logging:log_training_results:280 - 
2023-04-28 08:22:01.625 | INFO     | utils.logging:log_training_results:281 - Global Step =    250
2023-04-28 08:22:01.625 | INFO     | utils.logging:log_training_results:282 - val mean(MacRec)_t: 0.8533933162689209
2023-04-28 08:22:01.625 | INFO     | utils.logging:log_training_results:287 - val mean ABSerr: 2.045783042907715
2023-04-28 08:22:01.626 | INFO     | utils.logging:log_training_results:290 - val ausat from confmx: 0.9695713520050049
2023-04-28 08:22:01.626 | INFO     | utils.logging:log_training_results:326 - val MCE loss:0.90580 * 0.8
2023-04-28 08:22:01.626 | INFO     | utils.logging:log_training_results:333 - val LLLR :0.26175 * 0.30000000000000004
2023-04-28 08:22:01.627 | INFO     | utils.logging:log_training_results:340 - val weight decay:804.23535 * 0.0008
2023-04-28 08:22:01.774 | INFO     | utils.checkpoint:update_and_save_result:168 - [36mBest value updated![0m
2023-04-28 08:22:01.784 | INFO     | utils.checkpoint:save_checkpoint:83 - [36mSaved checkpoint[0m at step 250.
2023-04-28 08:22:02.626 | INFO     | utils.logging:save_sdre_imgs:710 - Figures saved.
2023-04-28 08:22:03.230 | INFO     | utils.logging:log_training_results:280 - 
2023-04-28 08:22:03.230 | INFO     | utils.logging:log_training_results:281 - Global Step =    250
2023-04-28 08:22:03.230 | INFO     | utils.logging:log_training_results:282 - train mean(MacRec)_t: 0.8098212480545044
2023-04-28 08:22:03.231 | INFO     | utils.logging:log_training_results:287 - train mean ABSerr: 2.3158559799194336
2023-04-28 08:22:03.231 | INFO     | utils.logging:log_training_results:290 - train ausat from confmx: 0.9245877265930176
2023-04-28 08:22:03.232 | INFO     | utils.logging:log_training_results:326 - train MCE loss:0.91087 * 0.8
2023-04-28 08:22:03.232 | INFO     | utils.logging:log_training_results:333 - train LLLR :0.27143 * 0.30000000000000004
2023-04-28 08:22:03.232 | INFO     | utils.logging:log_training_results:340 - train weight decay:804.23535 * 0.0008
2023-04-28 08:22:53.186 | INFO     | __main__:objective:356 - Starting epoch #1.
2023-04-28 08:23:36.822 | INFO     | utils.logging:log_training_results:280 - 
2023-04-28 08:23:36.823 | INFO     | utils.logging:log_training_results:281 - Global Step =    500
2023-04-28 08:23:36.823 | INFO     | utils.logging:log_training_results:282 - val mean(MacRec)_t: 0.8580766916275024
2023-04-28 08:23:36.824 | INFO     | utils.logging:log_training_results:287 - val mean ABSerr: 1.9595376253128052
2023-04-28 08:23:36.824 | INFO     | utils.logging:log_training_results:290 - val ausat from confmx: 0.9705053567886353
2023-04-28 08:23:36.824 | INFO     | utils.logging:log_training_results:326 - val MCE loss:0.90263 * 0.8
2023-04-28 08:23:36.825 | INFO     | utils.logging:log_training_results:333 - val LLLR :0.25945 * 0.30000000000000004
2023-04-28 08:23:36.825 | INFO     | utils.logging:log_training_results:340 - val weight decay:662.98798 * 0.0008
2023-04-28 08:23:36.954 | INFO     | utils.checkpoint:update_and_save_result:168 - [36mBest value updated![0m
2023-04-28 08:23:36.964 | INFO     | utils.checkpoint:save_checkpoint:83 - [36mSaved checkpoint[0m at step 500.
2023-04-28 08:23:36.966 | INFO     | utils.checkpoint:keep_max_num_saved_models:101 - Removed the oldest model for max_to_keep=1
2023-04-28 08:23:37.768 | INFO     | utils.logging:save_sdre_imgs:710 - Figures saved.
2023-04-28 08:23:38.364 | INFO     | utils.logging:log_training_results:280 - 
2023-04-28 08:23:38.364 | INFO     | utils.logging:log_training_results:281 - Global Step =    500
2023-04-28 08:23:38.365 | INFO     | utils.logging:log_training_results:282 - train mean(MacRec)_t: 0.8327519297599792
2023-04-28 08:23:38.365 | INFO     | utils.logging:log_training_results:287 - train mean ABSerr: 2.231950044631958
2023-04-28 08:23:38.365 | INFO     | utils.logging:log_training_results:290 - train ausat from confmx: 0.9328116178512573
2023-04-28 08:23:38.366 | INFO     | utils.logging:log_training_results:326 - train MCE loss:0.88950 * 0.8
2023-04-28 08:23:38.366 | INFO     | utils.logging:log_training_results:333 - train LLLR :0.26524 * 0.30000000000000004
2023-04-28 08:23:38.366 | INFO     | utils.logging:log_training_results:340 - train weight decay:662.98798 * 0.0008
2023-04-28 08:25:09.518 | INFO     | utils.logging:log_training_results:280 - 
2023-04-28 08:25:09.519 | INFO     | utils.logging:log_training_results:281 - Global Step =    750
2023-04-28 08:25:09.520 | INFO     | utils.logging:log_training_results:282 - val mean(MacRec)_t: 0.8605200052261353
2023-04-28 08:25:09.520 | INFO     | utils.logging:log_training_results:287 - val mean ABSerr: 1.7539349794387817
2023-04-28 08:25:09.520 | INFO     | utils.logging:log_training_results:290 - val ausat from confmx: 0.9727250337600708
2023-04-28 08:25:09.521 | INFO     | utils.logging:log_training_results:326 - val MCE loss:0.89844 * 0.8
2023-04-28 08:25:09.521 | INFO     | utils.logging:log_training_results:333 - val LLLR :0.25547 * 0.30000000000000004
2023-04-28 08:25:09.521 | INFO     | utils.logging:log_training_results:340 - val weight decay:551.26630 * 0.0008
2023-04-28 08:25:09.659 | INFO     | utils.checkpoint:update_and_save_result:168 - [36mBest value updated![0m
2023-04-28 08:25:09.670 | INFO     | utils.checkpoint:save_checkpoint:83 - [36mSaved checkpoint[0m at step 750.
2023-04-28 08:25:09.673 | INFO     | utils.checkpoint:keep_max_num_saved_models:101 - Removed the oldest model for max_to_keep=1
2023-04-28 08:25:10.505 | INFO     | utils.logging:save_sdre_imgs:710 - Figures saved.
2023-04-28 08:25:11.096 | INFO     | utils.logging:log_training_results:280 - 
2023-04-28 08:25:11.097 | INFO     | utils.logging:log_training_results:281 - Global Step =    750
2023-04-28 08:25:11.097 | INFO     | utils.logging:log_training_results:282 - train mean(MacRec)_t: 0.8328664898872375
2023-04-28 08:25:11.098 | INFO     | utils.logging:log_training_results:287 - train mean ABSerr: 2.1319429874420166
2023-04-28 08:25:11.098 | INFO     | utils.logging:log_training_results:290 - train ausat from confmx: 0.9503837823867798
2023-04-28 08:25:11.098 | INFO     | utils.logging:log_training_results:326 - train MCE loss:0.89995 * 0.8
2023-04-28 08:25:11.099 | INFO     | utils.logging:log_training_results:333 - train LLLR :0.26471 * 0.30000000000000004
2023-04-28 08:25:11.099 | INFO     | utils.logging:log_training_results:340 - train weight decay:551.26630 * 0.0008
2023-04-28 08:25:26.716 | INFO     | __main__:objective:356 - Starting epoch #2.
2023-04-28 08:26:41.119 | INFO     | utils.logging:log_training_results:280 - 
2023-04-28 08:26:41.120 | INFO     | utils.logging:log_training_results:281 - Global Step =   1000
2023-04-28 08:26:41.120 | INFO     | utils.logging:log_training_results:282 - val mean(MacRec)_t: 0.8641067147254944
2023-04-28 08:26:41.121 | INFO     | utils.logging:log_training_results:287 - val mean ABSerr: 1.489349603652954
2023-04-28 08:26:41.121 | INFO     | utils.logging:log_training_results:290 - val ausat from confmx: 0.9732035398483276
2023-04-28 08:26:41.121 | INFO     | utils.logging:log_training_results:326 - val MCE loss:0.89409 * 0.8
2023-04-28 08:26:41.122 | INFO     | utils.logging:log_training_results:333 - val LLLR :0.25172 * 0.30000000000000004
2023-04-28 08:26:41.122 | INFO     | utils.logging:log_training_results:340 - val weight decay:457.44888 * 0.0008
2023-04-28 08:26:41.257 | INFO     | utils.checkpoint:update_and_save_result:168 - [36mBest value updated![0m
2023-04-28 08:26:41.267 | INFO     | utils.checkpoint:save_checkpoint:83 - [36mSaved checkpoint[0m at step 1000.
2023-04-28 08:26:41.269 | INFO     | utils.checkpoint:keep_max_num_saved_models:101 - Removed the oldest model for max_to_keep=1
2023-04-28 08:26:42.062 | INFO     | utils.logging:save_sdre_imgs:710 - Figures saved.
2023-04-28 08:26:42.642 | INFO     | utils.logging:log_training_results:280 - 
2023-04-28 08:26:42.643 | INFO     | utils.logging:log_training_results:281 - Global Step =   1000
2023-04-28 08:26:42.643 | INFO     | utils.logging:log_training_results:282 - train mean(MacRec)_t: 0.81802898645401
2023-04-28 08:26:42.644 | INFO     | utils.logging:log_training_results:287 - train mean ABSerr: 1.7934163808822632
2023-04-28 08:26:42.644 | INFO     | utils.logging:log_training_results:290 - train ausat from confmx: 0.9491340517997742
2023-04-28 08:26:42.644 | INFO     | utils.logging:log_training_results:326 - train MCE loss:0.89285 * 0.8
2023-04-28 08:26:42.645 | INFO     | utils.logging:log_training_results:333 - train LLLR :0.26212 * 0.30000000000000004
2023-04-28 08:26:42.645 | INFO     | utils.logging:log_training_results:340 - train weight decay:457.44888 * 0.0008
2023-04-28 08:27:44.493 | INFO     | __main__:objective:356 - Starting epoch #3.
2023-04-28 08:28:11.604 | INFO     | utils.logging:log_training_results:280 - 
2023-04-28 08:28:11.604 | INFO     | utils.logging:log_training_results:281 - Global Step =   1250
2023-04-28 08:28:11.605 | INFO     | utils.logging:log_training_results:282 - val mean(MacRec)_t: 0.8643866777420044
2023-04-28 08:28:11.605 | INFO     | utils.logging:log_training_results:287 - val mean ABSerr: 1.2436572313308716
2023-04-28 08:28:11.605 | INFO     | utils.logging:log_training_results:290 - val ausat from confmx: 0.9739295244216919
2023-04-28 08:28:11.606 | INFO     | utils.logging:log_training_results:326 - val MCE loss:0.89247 * 0.8
2023-04-28 08:28:11.606 | INFO     | utils.logging:log_training_results:333 - val LLLR :0.24912 * 0.30000000000000004
2023-04-28 08:28:11.606 | INFO     | utils.logging:log_training_results:340 - val weight decay:377.82803 * 0.0008
2023-04-28 08:28:11.743 | INFO     | utils.checkpoint:update_and_save_result:168 - [36mBest value updated![0m
2023-04-28 08:28:11.753 | INFO     | utils.checkpoint:save_checkpoint:83 - [36mSaved checkpoint[0m at step 1250.
2023-04-28 08:28:11.757 | INFO     | utils.checkpoint:keep_max_num_saved_models:101 - Removed the oldest model for max_to_keep=1
2023-04-28 08:28:12.530 | INFO     | utils.logging:save_sdre_imgs:710 - Figures saved.
2023-04-28 08:28:13.109 | INFO     | utils.logging:log_training_results:280 - 
2023-04-28 08:28:13.109 | INFO     | utils.logging:log_training_results:281 - Global Step =   1250
2023-04-28 08:28:13.110 | INFO     | utils.logging:log_training_results:282 - train mean(MacRec)_t: 0.8268646001815796
2023-04-28 08:28:13.110 | INFO     | utils.logging:log_training_results:287 - train mean ABSerr: 1.4795831441879272
2023-04-28 08:28:13.111 | INFO     | utils.logging:log_training_results:290 - train ausat from confmx: 0.9520307779312134
2023-04-28 08:28:13.111 | INFO     | utils.logging:log_training_results:326 - train MCE loss:0.90579 * 0.8
2023-04-28 08:28:13.111 | INFO     | utils.logging:log_training_results:333 - train LLLR :0.25905 * 0.30000000000000004
2023-04-28 08:28:13.112 | INFO     | utils.logging:log_training_results:340 - train weight decay:377.82803 * 0.0008
2023-04-28 08:29:40.855 | INFO     | utils.logging:log_training_results:280 - 
2023-04-28 08:29:40.855 | INFO     | utils.logging:log_training_results:281 - Global Step =   1500
2023-04-28 08:29:40.856 | INFO     | utils.logging:log_training_results:282 - val mean(MacRec)_t: 0.8656733632087708
2023-04-28 08:29:40.856 | INFO     | utils.logging:log_training_results:287 - val mean ABSerr: 1.0826150178909302
2023-04-28 08:29:40.857 | INFO     | utils.logging:log_training_results:290 - val ausat from confmx: 0.9750758409500122
2023-04-28 08:29:40.857 | INFO     | utils.logging:log_training_results:326 - val MCE loss:0.89148 * 0.8
2023-04-28 08:29:40.857 | INFO     | utils.logging:log_training_results:333 - val LLLR :0.24753 * 0.30000000000000004
2023-04-28 08:29:40.858 | INFO     | utils.logging:log_training_results:340 - val weight decay:310.22275 * 0.0008
2023-04-28 08:29:40.986 | INFO     | utils.checkpoint:update_and_save_result:168 - [36mBest value updated![0m
2023-04-28 08:29:40.996 | INFO     | utils.checkpoint:save_checkpoint:83 - [36mSaved checkpoint[0m at step 1500.
2023-04-28 08:29:40.998 | INFO     | utils.checkpoint:keep_max_num_saved_models:101 - Removed the oldest model for max_to_keep=1
2023-04-28 08:29:41.965 | INFO     | utils.logging:save_sdre_imgs:710 - Figures saved.
2023-04-28 08:29:42.534 | INFO     | utils.logging:log_training_results:280 - 
2023-04-28 08:29:42.535 | INFO     | utils.logging:log_training_results:281 - Global Step =   1500
2023-04-28 08:29:42.535 | INFO     | utils.logging:log_training_results:282 - train mean(MacRec)_t: 0.8469824194908142
2023-04-28 08:29:42.536 | INFO     | utils.logging:log_training_results:287 - train mean ABSerr: 1.4472137689590454
2023-04-28 08:29:42.536 | INFO     | utils.logging:log_training_results:290 - train ausat from confmx: 0.9679875373840332
2023-04-28 08:29:42.536 | INFO     | utils.logging:log_training_results:326 - train MCE loss:0.89683 * 0.8
2023-04-28 08:29:42.537 | INFO     | utils.logging:log_training_results:333 - train LLLR :0.25305 * 0.30000000000000004
2023-04-28 08:29:42.537 | INFO     | utils.logging:log_training_results:340 - train weight decay:310.22275 * 0.0008
2023-04-28 08:30:12.872 | INFO     | __main__:objective:356 - Starting epoch #4.
2023-04-28 08:31:09.746 | INFO     | utils.logging:log_training_results:280 - 
2023-04-28 08:31:09.747 | INFO     | utils.logging:log_training_results:281 - Global Step =   1750
2023-04-28 08:31:09.747 | INFO     | utils.logging:log_training_results:282 - val mean(MacRec)_t: 0.8650033473968506
2023-04-28 08:31:09.748 | INFO     | utils.logging:log_training_results:287 - val mean ABSerr: 1.0092973709106445
2023-04-28 08:31:09.748 | INFO     | utils.logging:log_training_results:290 - val ausat from confmx: 0.973533034324646
2023-04-28 08:31:09.748 | INFO     | utils.logging:log_training_results:326 - val MCE loss:0.89159 * 0.8
2023-04-28 08:31:09.749 | INFO     | utils.logging:log_training_results:333 - val LLLR :0.24695 * 0.30000000000000004
2023-04-28 08:31:09.749 | INFO     | utils.logging:log_training_results:340 - val weight decay:253.22818 * 0.0008
2023-04-28 08:31:10.641 | INFO     | utils.logging:save_sdre_imgs:710 - Figures saved.
2023-04-28 08:31:11.207 | INFO     | utils.logging:log_training_results:280 - 
2023-04-28 08:31:11.208 | INFO     | utils.logging:log_training_results:281 - Global Step =   1750
2023-04-28 08:31:11.208 | INFO     | utils.logging:log_training_results:282 - train mean(MacRec)_t: 0.8745986819267273
2023-04-28 08:31:11.209 | INFO     | utils.logging:log_training_results:287 - train mean ABSerr: 1.4510844945907593
2023-04-28 08:31:11.209 | INFO     | utils.logging:log_training_results:290 - train ausat from confmx: 0.9747194051742554
2023-04-28 08:31:11.209 | INFO     | utils.logging:log_training_results:326 - train MCE loss:0.88584 * 0.8
2023-04-28 08:31:11.210 | INFO     | utils.logging:log_training_results:333 - train LLLR :0.24768 * 0.30000000000000004
2023-04-28 08:31:11.210 | INFO     | utils.logging:log_training_results:340 - train weight decay:253.22816 * 0.0008
2023-04-28 08:32:26.558 | INFO     | __main__:objective:356 - Starting epoch #5.
2023-04-28 08:32:37.616 | INFO     | utils.logging:log_training_results:280 - 
2023-04-28 08:32:37.616 | INFO     | utils.logging:log_training_results:281 - Global Step =   2000
2023-04-28 08:32:37.617 | INFO     | utils.logging:log_training_results:282 - val mean(MacRec)_t: 0.8661800026893616
2023-04-28 08:32:37.617 | INFO     | utils.logging:log_training_results:287 - val mean ABSerr: 0.9530614018440247
2023-04-28 08:32:37.617 | INFO     | utils.logging:log_training_results:290 - val ausat from confmx: 0.9750420451164246
2023-04-28 08:32:37.618 | INFO     | utils.logging:log_training_results:326 - val MCE loss:0.89127 * 0.8
2023-04-28 08:32:37.618 | INFO     | utils.logging:log_training_results:333 - val LLLR :0.24636 * 0.30000000000000004
2023-04-28 08:32:37.618 | INFO     | utils.logging:log_training_results:340 - val weight decay:205.91435 * 0.0008
2023-04-28 08:32:38.575 | INFO     | utils.logging:save_sdre_imgs:710 - Figures saved.
2023-04-28 08:32:39.134 | INFO     | utils.logging:log_training_results:280 - 
2023-04-28 08:32:39.135 | INFO     | utils.logging:log_training_results:281 - Global Step =   2000
2023-04-28 08:32:39.135 | INFO     | utils.logging:log_training_results:282 - train mean(MacRec)_t: 0.8489513397216797
2023-04-28 08:32:39.136 | INFO     | utils.logging:log_training_results:287 - train mean ABSerr: 1.3434946537017822
2023-04-28 08:32:39.136 | INFO     | utils.logging:log_training_results:290 - train ausat from confmx: 0.9687703251838684
2023-04-28 08:32:39.136 | INFO     | utils.logging:log_training_results:326 - train MCE loss:0.90701 * 0.8
2023-04-28 08:32:39.137 | INFO     | utils.logging:log_training_results:333 - train LLLR :0.25151 * 0.30000000000000004
2023-04-28 08:32:39.137 | INFO     | utils.logging:log_training_results:340 - train weight decay:205.91434 * 0.0008
2023-04-28 08:34:04.760 | INFO     | utils.logging:log_training_results:280 - 
2023-04-28 08:34:04.760 | INFO     | utils.logging:log_training_results:281 - Global Step =   2250
2023-04-28 08:34:04.761 | INFO     | utils.logging:log_training_results:282 - val mean(MacRec)_t: 0.8619599938392639
2023-04-28 08:34:04.761 | INFO     | utils.logging:log_training_results:287 - val mean ABSerr: 0.9930840730667114
2023-04-28 08:34:04.761 | INFO     | utils.logging:log_training_results:290 - val ausat from confmx: 0.9710988402366638
2023-04-28 08:34:04.762 | INFO     | utils.logging:log_training_results:326 - val MCE loss:0.89391 * 0.8
2023-04-28 08:34:04.762 | INFO     | utils.logging:log_training_results:333 - val LLLR :0.24673 * 0.30000000000000004
2023-04-28 08:34:04.763 | INFO     | utils.logging:log_training_results:340 - val weight decay:167.43904 * 0.0008
2023-04-28 08:34:05.661 | INFO     | utils.logging:save_sdre_imgs:710 - Figures saved.
2023-04-28 08:34:06.222 | INFO     | utils.logging:log_training_results:280 - 
2023-04-28 08:34:06.222 | INFO     | utils.logging:log_training_results:281 - Global Step =   2250
2023-04-28 08:34:06.223 | INFO     | utils.logging:log_training_results:282 - train mean(MacRec)_t: 0.8596371412277222
2023-04-28 08:34:06.223 | INFO     | utils.logging:log_training_results:287 - train mean ABSerr: 1.320891261100769
2023-04-28 08:34:06.223 | INFO     | utils.logging:log_training_results:290 - train ausat from confmx: 0.9658297300338745
2023-04-28 08:34:06.224 | INFO     | utils.logging:log_training_results:326 - train MCE loss:0.89361 * 0.8
2023-04-28 08:34:06.224 | INFO     | utils.logging:log_training_results:333 - train LLLR :0.24960 * 0.30000000000000004
2023-04-28 08:34:06.224 | INFO     | utils.logging:log_training_results:340 - train weight decay:167.43904 * 0.0008
2023-04-28 08:34:51.090 | INFO     | __main__:objective:356 - Starting epoch #6.
2023-04-28 08:35:32.000 | INFO     | utils.logging:log_training_results:280 - 
2023-04-28 08:35:32.001 | INFO     | utils.logging:log_training_results:281 - Global Step =   2500
2023-04-28 08:35:32.001 | INFO     | utils.logging:log_training_results:282 - val mean(MacRec)_t: 0.8623466491699219
2023-04-28 08:35:32.002 | INFO     | utils.logging:log_training_results:287 - val mean ABSerr: 0.9487913250923157
2023-04-28 08:35:32.002 | INFO     | utils.logging:log_training_results:290 - val ausat from confmx: 0.9717541337013245
2023-04-28 08:35:32.002 | INFO     | utils.logging:log_training_results:326 - val MCE loss:0.89570 * 0.8
2023-04-28 08:35:32.003 | INFO     | utils.logging:log_training_results:333 - val LLLR :0.24608 * 0.30000000000000004
2023-04-28 08:35:32.003 | INFO     | utils.logging:log_training_results:340 - val weight decay:136.77881 * 0.0008
2023-04-28 08:35:32.859 | INFO     | utils.logging:save_sdre_imgs:710 - Figures saved.
2023-04-28 08:35:33.420 | INFO     | utils.logging:log_training_results:280 - 
2023-04-28 08:35:33.420 | INFO     | utils.logging:log_training_results:281 - Global Step =   2500
2023-04-28 08:35:33.421 | INFO     | utils.logging:log_training_results:282 - train mean(MacRec)_t: 0.8450490236282349
2023-04-28 08:35:33.421 | INFO     | utils.logging:log_training_results:287 - train mean ABSerr: 1.2294368743896484
2023-04-28 08:35:33.421 | INFO     | utils.logging:log_training_results:290 - train ausat from confmx: 0.9634970426559448
2023-04-28 08:35:33.422 | INFO     | utils.logging:log_training_results:326 - train MCE loss:0.90575 * 0.8
2023-04-28 08:35:33.422 | INFO     | utils.logging:log_training_results:333 - train LLLR :0.25052 * 0.30000000000000004
2023-04-28 08:35:33.422 | INFO     | utils.logging:log_training_results:340 - train weight decay:136.77881 * 0.0008
2023-04-28 08:36:59.189 | INFO     | utils.logging:log_training_results:280 - 
2023-04-28 08:36:59.189 | INFO     | utils.logging:log_training_results:281 - Global Step =   2750
2023-04-28 08:36:59.190 | INFO     | utils.logging:log_training_results:282 - val mean(MacRec)_t: 0.8662432432174683
2023-04-28 08:36:59.190 | INFO     | utils.logging:log_training_results:287 - val mean ABSerr: 0.8242309093475342
2023-04-28 08:36:59.190 | INFO     | utils.logging:log_training_results:290 - val ausat from confmx: 0.9748238921165466
2023-04-28 08:36:59.191 | INFO     | utils.logging:log_training_results:326 - val MCE loss:0.89192 * 0.8
2023-04-28 08:36:59.191 | INFO     | utils.logging:log_training_results:333 - val LLLR :0.24507 * 0.30000000000000004
2023-04-28 08:36:59.192 | INFO     | utils.logging:log_training_results:340 - val weight decay:112.16951 * 0.0008
2023-04-28 08:37:00.091 | INFO     | utils.logging:save_sdre_imgs:710 - Figures saved.
2023-04-28 08:37:00.644 | INFO     | utils.logging:log_training_results:280 - 
2023-04-28 08:37:00.645 | INFO     | utils.logging:log_training_results:281 - Global Step =   2750
2023-04-28 08:37:00.645 | INFO     | utils.logging:log_training_results:282 - train mean(MacRec)_t: 0.8559499979019165
2023-04-28 08:37:00.646 | INFO     | utils.logging:log_training_results:287 - train mean ABSerr: 1.1472995281219482
2023-04-28 08:37:00.646 | INFO     | utils.logging:log_training_results:290 - train ausat from confmx: 0.9552557468414307
2023-04-28 08:37:00.646 | INFO     | utils.logging:log_training_results:326 - train MCE loss:0.90987 * 0.8
2023-04-28 08:37:00.647 | INFO     | utils.logging:log_training_results:333 - train LLLR :0.24875 * 0.30000000000000004
2023-04-28 08:37:00.647 | INFO     | utils.logging:log_training_results:340 - train weight decay:112.16950 * 0.0008
2023-04-28 08:37:15.419 | INFO     | __main__:objective:356 - Starting epoch #7.
2023-04-28 08:38:26.798 | INFO     | utils.logging:log_training_results:280 - 
2023-04-28 08:38:26.799 | INFO     | utils.logging:log_training_results:281 - Global Step =   3000
2023-04-28 08:38:26.800 | INFO     | utils.logging:log_training_results:282 - val mean(MacRec)_t: 0.8651300072669983
2023-04-28 08:38:26.800 | INFO     | utils.logging:log_training_results:287 - val mean ABSerr: 0.834549605846405
2023-04-28 08:38:26.800 | INFO     | utils.logging:log_training_results:290 - val ausat from confmx: 0.9762760400772095
2023-04-28 08:38:26.801 | INFO     | utils.logging:log_training_results:326 - val MCE loss:0.89310 * 0.8
2023-04-28 08:38:26.801 | INFO     | utils.logging:log_training_results:333 - val LLLR :0.24476 * 0.30000000000000004
2023-04-28 08:38:26.801 | INFO     | utils.logging:log_training_results:340 - val weight decay:92.01291 * 0.0008
2023-04-28 08:38:26.931 | INFO     | utils.checkpoint:update_and_save_result:168 - [36mBest value updated![0m
2023-04-28 08:38:26.941 | INFO     | utils.checkpoint:save_checkpoint:83 - [36mSaved checkpoint[0m at step 3000.
2023-04-28 08:38:26.946 | INFO     | utils.checkpoint:keep_max_num_saved_models:101 - Removed the oldest model for max_to_keep=1
2023-04-28 08:38:27.721 | INFO     | utils.logging:save_sdre_imgs:710 - Figures saved.
2023-04-28 08:38:28.277 | INFO     | utils.logging:log_training_results:280 - 
2023-04-28 08:38:28.278 | INFO     | utils.logging:log_training_results:281 - Global Step =   3000
2023-04-28 08:38:28.278 | INFO     | utils.logging:log_training_results:282 - train mean(MacRec)_t: 0.8346580266952515
2023-04-28 08:38:28.279 | INFO     | utils.logging:log_training_results:287 - train mean ABSerr: 1.1950603723526
2023-04-28 08:38:28.279 | INFO     | utils.logging:log_training_results:290 - train ausat from confmx: 0.9899340867996216
2023-04-28 08:38:28.280 | INFO     | utils.logging:log_training_results:326 - train MCE loss:0.89636 * 0.8
2023-04-28 08:38:28.280 | INFO     | utils.logging:log_training_results:333 - train LLLR :0.25154 * 0.30000000000000004
2023-04-28 08:38:28.281 | INFO     | utils.logging:log_training_results:340 - train weight decay:92.01291 * 0.0008
2023-04-28 08:39:28.501 | INFO     | __main__:objective:356 - Starting epoch #8.
2023-04-28 08:39:55.223 | INFO     | utils.logging:log_training_results:280 - 
2023-04-28 08:39:55.224 | INFO     | utils.logging:log_training_results:281 - Global Step =   3250
2023-04-28 08:39:55.224 | INFO     | utils.logging:log_training_results:282 - val mean(MacRec)_t: 0.8669033646583557
2023-04-28 08:39:55.225 | INFO     | utils.logging:log_training_results:287 - val mean ABSerr: 0.7983641624450684
2023-04-28 08:39:55.225 | INFO     | utils.logging:log_training_results:290 - val ausat from confmx: 0.9758802056312561
2023-04-28 08:39:55.225 | INFO     | utils.logging:log_training_results:326 - val MCE loss:0.89205 * 0.8
2023-04-28 08:39:55.226 | INFO     | utils.logging:log_training_results:333 - val LLLR :0.24425 * 0.30000000000000004
2023-04-28 08:39:55.226 | INFO     | utils.logging:log_training_results:340 - val weight decay:75.34238 * 0.0008
2023-04-28 08:39:56.324 | INFO     | utils.logging:save_sdre_imgs:710 - Figures saved.
2023-04-28 08:39:56.920 | INFO     | utils.logging:log_training_results:280 - 
2023-04-28 08:39:56.921 | INFO     | utils.logging:log_training_results:281 - Global Step =   3250
2023-04-28 08:39:56.921 | INFO     | utils.logging:log_training_results:282 - train mean(MacRec)_t: 0.828792154788971
2023-04-28 08:39:56.922 | INFO     | utils.logging:log_training_results:287 - train mean ABSerr: 1.1347702741622925
2023-04-28 08:39:56.922 | INFO     | utils.logging:log_training_results:290 - train ausat from confmx: 0.9634401202201843
2023-04-28 08:39:56.922 | INFO     | utils.logging:log_training_results:326 - train MCE loss:0.89903 * 0.8
2023-04-28 08:39:56.923 | INFO     | utils.logging:log_training_results:333 - train LLLR :0.25335 * 0.30000000000000004
2023-04-28 08:39:56.923 | INFO     | utils.logging:log_training_results:340 - train weight decay:75.34238 * 0.0008
2023-04-28 08:41:26.253 | INFO     | utils.logging:log_training_results:280 - 
2023-04-28 08:41:26.254 | INFO     | utils.logging:log_training_results:281 - Global Step =   3500
2023-04-28 08:41:26.254 | INFO     | utils.logging:log_training_results:282 - val mean(MacRec)_t: 0.8671066761016846
2023-04-28 08:41:26.255 | INFO     | utils.logging:log_training_results:287 - val mean ABSerr: 0.7848978042602539
2023-04-28 08:41:26.255 | INFO     | utils.logging:log_training_results:290 - val ausat from confmx: 0.9763134717941284
2023-04-28 08:41:26.256 | INFO     | utils.logging:log_training_results:326 - val MCE loss:0.89115 * 0.8
2023-04-28 08:41:26.256 | INFO     | utils.logging:log_training_results:333 - val LLLR :0.24425 * 0.30000000000000004
2023-04-28 08:41:26.256 | INFO     | utils.logging:log_training_results:340 - val weight decay:61.72245 * 0.0008
2023-04-28 08:41:26.392 | INFO     | utils.checkpoint:update_and_save_result:168 - [36mBest value updated![0m
2023-04-28 08:41:26.402 | INFO     | utils.checkpoint:save_checkpoint:83 - [36mSaved checkpoint[0m at step 3500.
2023-04-28 08:41:26.407 | INFO     | utils.checkpoint:keep_max_num_saved_models:101 - Removed the oldest model for max_to_keep=1
2023-04-28 08:41:27.173 | INFO     | utils.logging:save_sdre_imgs:710 - Figures saved.
2023-04-28 08:41:27.731 | INFO     | utils.logging:log_training_results:280 - 
2023-04-28 08:41:27.732 | INFO     | utils.logging:log_training_results:281 - Global Step =   3500
2023-04-28 08:41:27.732 | INFO     | utils.logging:log_training_results:282 - train mean(MacRec)_t: 0.8707406520843506
2023-04-28 08:41:27.733 | INFO     | utils.logging:log_training_results:287 - train mean ABSerr: 1.2344805002212524
2023-04-28 08:41:27.733 | INFO     | utils.logging:log_training_results:290 - train ausat from confmx: 0.9832013845443726
2023-04-28 08:41:27.733 | INFO     | utils.logging:log_training_results:326 - train MCE loss:0.87521 * 0.8
2023-04-28 08:41:27.734 | INFO     | utils.logging:log_training_results:333 - train LLLR :0.24693 * 0.30000000000000004
2023-04-28 08:41:27.734 | INFO     | utils.logging:log_training_results:340 - train weight decay:61.72245 * 0.0008
2023-04-28 08:41:57.823 | INFO     | __main__:objective:356 - Starting epoch #9.
2023-04-28 08:42:55.800 | INFO     | utils.logging:log_training_results:280 - 
2023-04-28 08:42:55.801 | INFO     | utils.logging:log_training_results:281 - Global Step =   3750
2023-04-28 08:42:55.801 | INFO     | utils.logging:log_training_results:282 - val mean(MacRec)_t: 0.8673133850097656
2023-04-28 08:42:55.802 | INFO     | utils.logging:log_training_results:287 - val mean ABSerr: 0.782363772392273
2023-04-28 08:42:55.802 | INFO     | utils.logging:log_training_results:290 - val ausat from confmx: 0.9755679368972778
2023-04-28 08:42:55.802 | INFO     | utils.logging:log_training_results:326 - val MCE loss:0.89081 * 0.8
2023-04-28 08:42:55.803 | INFO     | utils.logging:log_training_results:333 - val LLLR :0.24431 * 0.30000000000000004
2023-04-28 08:42:55.803 | INFO     | utils.logging:log_training_results:340 - val weight decay:50.65733 * 0.0008
2023-04-28 08:42:56.663 | INFO     | utils.logging:save_sdre_imgs:710 - Figures saved.
2023-04-28 08:42:57.238 | INFO     | utils.logging:log_training_results:280 - 
2023-04-28 08:42:57.239 | INFO     | utils.logging:log_training_results:281 - Global Step =   3750
2023-04-28 08:42:57.239 | INFO     | utils.logging:log_training_results:282 - train mean(MacRec)_t: 0.8625207543373108
2023-04-28 08:42:57.239 | INFO     | utils.logging:log_training_results:287 - train mean ABSerr: 1.0915195941925049
2023-04-28 08:42:57.240 | INFO     | utils.logging:log_training_results:290 - train ausat from confmx: 0.9907289147377014
2023-04-28 08:42:57.240 | INFO     | utils.logging:log_training_results:326 - train MCE loss:0.88691 * 0.8
2023-04-28 08:42:57.240 | INFO     | utils.logging:log_training_results:333 - train LLLR :0.24721 * 0.30000000000000004
2023-04-28 08:42:57.241 | INFO     | utils.logging:log_training_results:340 - train weight decay:50.65733 * 0.0008
2023-04-28 08:44:13.901 | INFO     | utils.logging:investigate_log:155 - num_warning=0/num_error=0 in the .log file.
2023-04-28 08:44:14.084 | INFO     | optuna.study.study:_log_completed_trial:1020 - Trial 16 finished with value: 0.023686528205871582 and parameters: {'LIST_IS_POSITIONAL_ENCODING': False, 'LIST_MODEL_BACKBONE': 'Transformer', 'LIST_WEIGHT_DECAY': 0.0008, 'LIST_LEARNING_RATE': 0.00037714936435943993, 'LIST_LLLR_VERSION': 'LLLR', 'LIST_ACTIVATION_FC': 'tanh', 'LIST_PARAM_MULTIPLET_LOSS': 0.8, 'LIST_PARAM_LLR_LOSS': 0.30000000000000004, 'LIST_IS_ADAPTIVE_LOSS': False, 'LIST_ORDER_SPRT': 4, 'LIST_OPTIMIZER': 'rmsprop', 'LIST_IS_NORMALIZE': True, 'LIST_NUM_THRESH': 1500, 'LIST_SPARSITY': 'linspace', 'LIST_NUM_BLOCKS': 1, 'LIST_NUM_HEADS': 4, 'LIST_DROPOUT': 0.2, 'LIST_FF_DIM': 64, 'LIST_MLP_UNITS': 32}. Best is trial 10 with value: 0.018257975578308105.
2023-04-28 08:44:14.101 | INFO     | utils.hyperparameter_tuning:suggest_parameters:560 - [33mStarting a tuning phase.[0m
2023-04-28 08:44:14.663 | INFO     | utils.hyperparameter_tuning:print:394 - 
+------------------------------------------+
|   Hyperparameteres suggested by Optuna   |
+------------------------+-----------------+
|     Parameter name     | Suggested value |
+------------------------+-----------------+
|     ACTIVATION_FC      |     B2Bcbrt     |
|        DROPOUT         |       0.0       |
|         FF_DIM         |        32       |
|    IS_ADAPTIVE_LOSS    |      False      |
|      IS_NORMALIZE      |       True      |
| IS_POSITIONAL_ENCODING |      False      |
|     LEARNING_RATE      |    1.203e-06    |
|      LLLR_VERSION      |       LLLR      |
|       MLP_UNITS        |        64       |
|     MODEL_BACKBONE     |   Transformer   |
|       NUM_BLOCKS       |        2        |
|       NUM_HEADS        |        2        |
|       NUM_THRESH       |       1000      |
|       OPTIMIZER        |     rmsprop     |
|       ORDER_SPRT       |        1        |
|     PARAM_LLR_LOSS     |       0.2       |
|  PARAM_MULTIPLET_LOSS  |       0.7       |
|        SPARSITY        |     logspace    |
|      WEIGHT_DECAY      |      0.0004     |
+------------------------+-----------------+
2023-04-28 08:44:14.664 | INFO     | utils.misc:create_directories_and_log:291 - [33mA new log directory was created: [0m/home/afe/Dropbox/GitHub/SPRT-TANDEM-PyTorch/logs/public_offset0_5_optimausat_confmx_tuning/checkpoints/Transformer_20230428_084414664/configs
2023-04-28 08:44:14.665 | INFO     | utils.misc:create_directories_and_log:291 - [33mA new log directory was created: [0m/home/afe/Dropbox/GitHub/SPRT-TANDEM-PyTorch/logs/public_offset0_5_optimausat_confmx_tuning/TensorBoard_events/Transformer_20230428_084414664
