2023-04-28 11:57:10.491 | INFO     | utils.misc:fix_random_seed:405 - Random seed is not fixed.
2023-04-28 11:57:10.515 | INFO     | models.temporal_integrators:summarize:568 - 
:'######::'########::'########::'########::::::::::::::::::::::
'##... ##: ##.... ##: ##.... ##:... ##..:::::::::::::::::::::::
 ##:::..:: ##:::: ##: ##:::: ##:::: ##:::::::::::::::::::::::::
. ######:: ########:: ########::::: ##::::'#######:::::::::::::
:..... ##: ##.....::: ##.. ##:::::: ##::::........:::::::::::::
'##::: ##: ##:::::::: ##::. ##::::: ##:::::::::::::::::::::::::
. ######:: ##:::::::: ##:::. ##:::: ##:::::::::::::::::::::::::
:......:::..:::::::::..:::::..:::::..::::::::::::::::::::::::::
'########::::'###::::'##::: ##:'########::'########:'##::::'##:
... ##..::::'## ##::: ###:: ##: ##.... ##: ##.....:: ###::'###:
::: ##:::::'##:. ##:: ####: ##: ##:::: ##: ##::::::: ####'####:
::: ##::::'##:::. ##: ## ## ##: ##:::: ##: ######::: ## ### ##:
::: ##:::: #########: ##. ####: ##:::: ##: ##...:::: ##. #: ##:
::: ##:::: ##.... ##: ##:. ###: ##:::: ##: ##::::::: ##:.:: ##:
::: ##:::: ##:::: ##: ##::. ##: ########:: ########: ##:::: ##:
:::..:::::..:::::..::..::::..::........:::........::..:::::..::

2023-04-28 11:57:10.516 | INFO     | models.temporal_integrators:summarize:571 - [34mofficial PyTorch implementation.[0m
2023-04-28 11:57:10.888 | INFO     | models.temporal_integrators:summarize:593 - Network summary:
===============================================================================================
Layer (type:depth-idx)                        Output Shape              Param #
===============================================================================================
TANDEMformer                                  [150, 50, 3, 3]           131
├─TransformerEncoder: 1-1                     [7500, 1, 128]            --
│    └─ModuleList: 2-1                        --                        --
│    │    └─TransformerEncoderLayer: 3-1      [7500, 1, 128]            74,912
│    │    └─TransformerEncoderLayer: 3-2      [7500, 1, 128]            74,912
├─Linear: 1-2                                 [7500, 64]                8,256
├─Dropout: 1-3                                [7500, 64]                --
├─LayerNorm: 1-4                              [7500, 64]                128
├─ReLU: 1-5                                   [7500, 64]                --
├─Linear: 1-6                                 [7500, 3]                 195
===============================================================================================
Total params: 158,534
Trainable params: 158,534
Non-trainable params: 0
Total mult-adds (M): 64.34
===============================================================================================
Input size (MB): 3.84
Forward/backward pass size (MB): 7.86
Params size (MB): 0.03
Estimated Total Size (MB): 11.73
===============================================================================================
2023-04-28 11:57:10.889 | INFO     | models.temporal_integrators:summarize:594 - Example input shape: torch.Size([150, 50, 128])
2023-04-28 11:57:10.889 | INFO     | models.temporal_integrators:summarize:595 - Example output shape: torch.Size([150, 50, 3, 3])
2023-04-28 11:57:10.891 | INFO     | models.temporal_integrators:import_model:58 - model moved onto: [33mcuda.[0m
2023-04-28 11:57:10.892 | INFO     | models.optimizers:initialize_optimizer:44 - Optimizer:
RMSprop (
Parameter Group 0
    alpha: 0.99
    centered: False
    differentiable: False
    eps: 1e-08
    foreach: None
    lr: 9.217445632495e-05
    maximize: False
    momentum: 0
    weight_decay: 0.0004
)
2023-04-28 11:57:10.893 | INFO     | datasets.data_processing:lmdb_dataloaders:293 - loading data... 
2023-04-28 11:57:10.893 | INFO     | datasets.data_processing:lmdb_dataloaders:295 - If this process takes long, consider setting is_load_onto_memory=False or use LMDBIterableDataset.
2023-04-28 11:57:13.110 | INFO     | __main__:objective:356 - Starting epoch #0.
2023-04-28 11:57:21.109 | INFO     | utils.logging:log_training_results:280 - 
2023-04-28 11:57:21.110 | INFO     | utils.logging:log_training_results:281 - Global Step =      0
2023-04-28 11:57:21.110 | INFO     | utils.logging:log_training_results:282 - val mean(MacRec)_t: 0.3450466990470886
2023-04-28 11:57:21.110 | INFO     | utils.logging:log_training_results:287 - val mean ABSerr: 3.906731128692627
2023-04-28 11:57:21.111 | INFO     | utils.logging:log_training_results:290 - val ausat from confmx: 0.3370678722858429
2023-04-28 11:57:21.111 | INFO     | utils.logging:log_training_results:301 - val MCE loss:1.16759 * 0.6000000000000001 * -0.99506
2023-04-28 11:57:21.112 | INFO     | utils.logging:log_training_results:309 - val LLLR :2.39326 * 0.2 * 1.25513
2023-04-28 11:57:21.112 | INFO     | utils.logging:log_training_results:317 - val weight decay:1320.12683 * 0.0004 * 0.49478
2023-04-28 11:57:22.041 | INFO     | utils.logging:save_sdre_imgs:710 - Figures saved.
2023-04-28 11:57:22.553 | INFO     | utils.logging:log_training_results:280 - 
2023-04-28 11:57:22.553 | INFO     | utils.logging:log_training_results:281 - Global Step =      0
2023-04-28 11:57:22.554 | INFO     | utils.logging:log_training_results:282 - train mean(MacRec)_t: 0.3674393892288208
2023-04-28 11:57:22.554 | INFO     | utils.logging:log_training_results:287 - train mean ABSerr: 3.8000731468200684
2023-04-28 11:57:22.555 | INFO     | utils.logging:log_training_results:290 - train ausat from confmx: 0.3494381904602051
2023-04-28 11:57:22.555 | INFO     | utils.logging:log_training_results:301 - train MCE loss:1.16898 * 0.6000000000000001 * -0.99414
2023-04-28 11:57:22.556 | INFO     | utils.logging:log_training_results:309 - train LLLR :2.27478 * 0.2 * 1.25421
2023-04-28 11:57:22.556 | INFO     | utils.logging:log_training_results:317 - train weight decay:1320.12683 * 0.0004 * 0.49570
2023-04-28 11:58:20.861 | INFO     | utils.logging:log_training_results:280 - 
2023-04-28 11:58:20.862 | INFO     | utils.logging:log_training_results:281 - Global Step =    250
2023-04-28 11:58:20.862 | INFO     | utils.logging:log_training_results:282 - val mean(MacRec)_t: 0.8702566623687744
2023-04-28 11:58:20.862 | INFO     | utils.logging:log_training_results:287 - val mean ABSerr: 0.5274649262428284
2023-04-28 11:58:20.863 | INFO     | utils.logging:log_training_results:290 - val ausat from confmx: 0.9787039160728455
2023-04-28 11:58:20.863 | INFO     | utils.logging:log_training_results:301 - val MCE loss:1.02331 * 0.6000000000000001 * -0.96072
2023-04-28 11:58:20.864 | INFO     | utils.logging:log_training_results:309 - val LLLR :0.30923 * 0.2 * 1.22030
2023-04-28 11:58:20.864 | INFO     | utils.logging:log_training_results:317 - val weight decay:1037.17114 * 0.0004 * 0.47093
2023-04-28 11:58:20.953 | INFO     | utils.checkpoint:update_and_save_result:168 - [36mBest value updated![0m
2023-04-28 11:58:20.968 | INFO     | utils.checkpoint:save_checkpoint:83 - [36mSaved checkpoint[0m at step 250.
2023-04-28 11:58:21.720 | INFO     | utils.logging:save_sdre_imgs:710 - Figures saved.
2023-04-28 11:58:22.175 | INFO     | utils.logging:log_training_results:280 - 
2023-04-28 11:58:22.176 | INFO     | utils.logging:log_training_results:281 - Global Step =    250
2023-04-28 11:58:22.176 | INFO     | utils.logging:log_training_results:282 - train mean(MacRec)_t: 0.8644641041755676
2023-04-28 11:58:22.177 | INFO     | utils.logging:log_training_results:287 - train mean ABSerr: 0.8808640837669373
2023-04-28 11:58:22.177 | INFO     | utils.logging:log_training_results:290 - train ausat from confmx: 0.9805673360824585
2023-04-28 11:58:22.177 | INFO     | utils.logging:log_training_results:301 - train MCE loss:1.02689 * 0.6000000000000001 * -0.96062
2023-04-28 11:58:22.178 | INFO     | utils.logging:log_training_results:309 - train LLLR :0.32438 * 0.2 * 1.22020
2023-04-28 11:58:22.178 | INFO     | utils.logging:log_training_results:317 - train weight decay:1037.17102 * 0.0004 * 0.47081
2023-04-28 11:58:52.322 | INFO     | __main__:objective:356 - Starting epoch #1.
2023-04-28 11:59:19.485 | INFO     | utils.logging:log_training_results:280 - 
2023-04-28 11:59:19.485 | INFO     | utils.logging:log_training_results:281 - Global Step =    500
2023-04-28 11:59:19.486 | INFO     | utils.logging:log_training_results:282 - val mean(MacRec)_t: 0.8700666427612305
2023-04-28 11:59:19.486 | INFO     | utils.logging:log_training_results:287 - val mean ABSerr: 0.5114851593971252
2023-04-28 11:59:19.487 | INFO     | utils.logging:log_training_results:290 - val ausat from confmx: 0.9764510989189148
2023-04-28 11:59:19.487 | INFO     | utils.logging:log_training_results:301 - val MCE loss:1.02188 * 0.6000000000000001 * -0.93728
2023-04-28 11:59:19.487 | INFO     | utils.logging:log_training_results:309 - val LLLR :0.30877 * 0.2 * 1.19670
2023-04-28 11:59:19.488 | INFO     | utils.logging:log_training_results:317 - val weight decay:875.91388 * 0.0004 * 0.44244
2023-04-28 11:59:20.327 | INFO     | utils.logging:save_sdre_imgs:710 - Figures saved.
2023-04-28 11:59:20.769 | INFO     | utils.logging:log_training_results:280 - 
2023-04-28 11:59:20.769 | INFO     | utils.logging:log_training_results:281 - Global Step =    500
2023-04-28 11:59:20.770 | INFO     | utils.logging:log_training_results:282 - train mean(MacRec)_t: 0.8621156215667725
2023-04-28 11:59:20.770 | INFO     | utils.logging:log_training_results:287 - train mean ABSerr: 0.8028918504714966
2023-04-28 11:59:20.770 | INFO     | utils.logging:log_training_results:290 - train ausat from confmx: 0.981153130531311
2023-04-28 11:59:20.771 | INFO     | utils.logging:log_training_results:301 - train MCE loss:1.02917 * 0.6000000000000001 * -0.93718
2023-04-28 11:59:20.771 | INFO     | utils.logging:log_training_results:309 - train LLLR :0.33632 * 0.2 * 1.19661
2023-04-28 11:59:20.771 | INFO     | utils.logging:log_training_results:317 - train weight decay:875.91382 * 0.0004 * 0.44233
2023-04-28 12:00:17.458 | INFO     | utils.logging:log_training_results:280 - 
2023-04-28 12:00:17.458 | INFO     | utils.logging:log_training_results:281 - Global Step =    750
2023-04-28 12:00:17.459 | INFO     | utils.logging:log_training_results:282 - val mean(MacRec)_t: 0.8733433485031128
2023-04-28 12:00:17.459 | INFO     | utils.logging:log_training_results:287 - val mean ABSerr: 0.3804982900619507
2023-04-28 12:00:17.460 | INFO     | utils.logging:log_training_results:290 - val ausat from confmx: 0.9806640148162842
2023-04-28 12:00:17.460 | INFO     | utils.logging:log_training_results:301 - val MCE loss:1.02116 * 0.6000000000000001 * -0.91421
2023-04-28 12:00:17.460 | INFO     | utils.logging:log_training_results:309 - val LLLR :0.30091 * 0.2 * 1.17346
2023-04-28 12:00:17.461 | INFO     | utils.logging:log_training_results:317 - val weight decay:757.07391 * 0.0004 * 0.41656
2023-04-28 12:00:17.551 | INFO     | utils.checkpoint:update_and_save_result:168 - [36mBest value updated![0m
2023-04-28 12:00:17.565 | INFO     | utils.checkpoint:save_checkpoint:83 - [36mSaved checkpoint[0m at step 750.
2023-04-28 12:00:17.569 | INFO     | utils.checkpoint:keep_max_num_saved_models:101 - Removed the oldest model for max_to_keep=1
2023-04-28 12:00:18.301 | INFO     | utils.logging:save_sdre_imgs:710 - Figures saved.
2023-04-28 12:00:18.852 | INFO     | utils.logging:log_training_results:280 - 
2023-04-28 12:00:18.853 | INFO     | utils.logging:log_training_results:281 - Global Step =    750
2023-04-28 12:00:18.853 | INFO     | utils.logging:log_training_results:282 - train mean(MacRec)_t: 0.846197247505188
2023-04-28 12:00:18.854 | INFO     | utils.logging:log_training_results:287 - train mean ABSerr: 0.6831450462341309
2023-04-28 12:00:18.854 | INFO     | utils.logging:log_training_results:290 - train ausat from confmx: 0.975803792476654
2023-04-28 12:00:18.854 | INFO     | utils.logging:log_training_results:301 - train MCE loss:1.03352 * 0.6000000000000001 * -0.91412
2023-04-28 12:00:18.855 | INFO     | utils.logging:log_training_results:309 - train LLLR :0.33994 * 0.2 * 1.17337
2023-04-28 12:00:18.855 | INFO     | utils.logging:log_training_results:317 - train weight decay:757.07385 * 0.0004 * 0.41646
2023-04-28 12:00:28.515 | INFO     | __main__:objective:356 - Starting epoch #2.
2023-04-28 12:01:15.173 | INFO     | utils.logging:log_training_results:280 - 
2023-04-28 12:01:15.173 | INFO     | utils.logging:log_training_results:281 - Global Step =   1000
2023-04-28 12:01:15.174 | INFO     | utils.logging:log_training_results:282 - val mean(MacRec)_t: 0.8704299926757812
2023-04-28 12:01:15.174 | INFO     | utils.logging:log_training_results:287 - val mean ABSerr: 0.4492495357990265
2023-04-28 12:01:15.175 | INFO     | utils.logging:log_training_results:290 - val ausat from confmx: 0.9787340760231018
2023-04-28 12:01:15.175 | INFO     | utils.logging:log_training_results:301 - val MCE loss:1.02110 * 0.6000000000000001 * -0.89120
2023-04-28 12:01:15.175 | INFO     | utils.logging:log_training_results:309 - val LLLR :0.30648 * 0.2 * 1.15023
2023-04-28 12:01:15.176 | INFO     | utils.logging:log_training_results:317 - val weight decay:672.23792 * 0.0004 * 0.39243
2023-04-28 12:01:15.989 | INFO     | utils.logging:save_sdre_imgs:710 - Figures saved.
2023-04-28 12:01:16.423 | INFO     | utils.logging:log_training_results:280 - 
2023-04-28 12:01:16.424 | INFO     | utils.logging:log_training_results:281 - Global Step =   1000
2023-04-28 12:01:16.424 | INFO     | utils.logging:log_training_results:282 - train mean(MacRec)_t: 0.8420729041099548
2023-04-28 12:01:16.425 | INFO     | utils.logging:log_training_results:287 - train mean ABSerr: 0.6806138157844543
2023-04-28 12:01:16.425 | INFO     | utils.logging:log_training_results:290 - train ausat from confmx: 0.953825056552887
2023-04-28 12:01:16.426 | INFO     | utils.logging:log_training_results:301 - train MCE loss:1.03703 * 0.6000000000000001 * -0.89110
2023-04-28 12:01:16.426 | INFO     | utils.logging:log_training_results:309 - train LLLR :0.37798 * 0.2 * 1.15014
2023-04-28 12:01:16.426 | INFO     | utils.logging:log_training_results:317 - train weight decay:672.23785 * 0.0004 * 0.39233
2023-04-28 12:01:55.543 | INFO     | __main__:objective:356 - Starting epoch #3.
2023-04-28 12:02:12.937 | INFO     | utils.logging:log_training_results:280 - 
2023-04-28 12:02:12.937 | INFO     | utils.logging:log_training_results:281 - Global Step =   1250
2023-04-28 12:02:12.938 | INFO     | utils.logging:log_training_results:282 - val mean(MacRec)_t: 0.873936653137207
2023-04-28 12:02:12.938 | INFO     | utils.logging:log_training_results:287 - val mean ABSerr: 0.322894811630249
2023-04-28 12:02:12.938 | INFO     | utils.logging:log_training_results:290 - val ausat from confmx: 0.9815254211425781
2023-04-28 12:02:12.939 | INFO     | utils.logging:log_training_results:301 - val MCE loss:1.02090 * 0.6000000000000001 * -0.86821
2023-04-28 12:02:12.939 | INFO     | utils.logging:log_training_results:309 - val LLLR :0.29845 * 0.2 * 1.12701
2023-04-28 12:02:12.940 | INFO     | utils.logging:log_training_results:317 - val weight decay:611.20551 * 0.0004 * 0.36984
2023-04-28 12:02:13.033 | INFO     | utils.checkpoint:update_and_save_result:168 - [36mBest value updated![0m
2023-04-28 12:02:13.047 | INFO     | utils.checkpoint:save_checkpoint:83 - [36mSaved checkpoint[0m at step 1250.
2023-04-28 12:02:13.050 | INFO     | utils.checkpoint:keep_max_num_saved_models:101 - Removed the oldest model for max_to_keep=1
2023-04-28 12:02:13.963 | INFO     | utils.logging:save_sdre_imgs:710 - Figures saved.
2023-04-28 12:02:14.412 | INFO     | utils.logging:log_training_results:280 - 
2023-04-28 12:02:14.413 | INFO     | utils.logging:log_training_results:281 - Global Step =   1250
2023-04-28 12:02:14.413 | INFO     | utils.logging:log_training_results:282 - train mean(MacRec)_t: 0.887186586856842
2023-04-28 12:02:14.413 | INFO     | utils.logging:log_training_results:287 - train mean ABSerr: 0.5654414296150208
2023-04-28 12:02:14.414 | INFO     | utils.logging:log_training_results:290 - train ausat from confmx: 0.9817702174186707
2023-04-28 12:02:14.416 | INFO     | utils.logging:log_training_results:301 - train MCE loss:1.01563 * 0.6000000000000001 * -0.86812
2023-04-28 12:02:14.416 | INFO     | utils.logging:log_training_results:309 - train LLLR :0.26345 * 0.2 * 1.12692
2023-04-28 12:02:14.417 | INFO     | utils.logging:log_training_results:317 - train weight decay:611.20544 * 0.0004 * 0.36975
2023-04-28 12:03:10.626 | INFO     | utils.logging:log_training_results:280 - 
2023-04-28 12:03:10.627 | INFO     | utils.logging:log_training_results:281 - Global Step =   1500
2023-04-28 12:03:10.627 | INFO     | utils.logging:log_training_results:282 - val mean(MacRec)_t: 0.8742632865905762
2023-04-28 12:03:10.628 | INFO     | utils.logging:log_training_results:287 - val mean ABSerr: 0.3122991919517517
2023-04-28 12:03:10.628 | INFO     | utils.logging:log_training_results:290 - val ausat from confmx: 0.9810386896133423
2023-04-28 12:03:10.629 | INFO     | utils.logging:log_training_results:301 - val MCE loss:1.02071 * 0.6000000000000001 * -0.84526
2023-04-28 12:03:10.629 | INFO     | utils.logging:log_training_results:309 - val LLLR :0.29771 * 0.2 * 1.10378
2023-04-28 12:03:10.630 | INFO     | utils.logging:log_training_results:317 - val weight decay:564.08765 * 0.0004 * 0.34891
2023-04-28 12:03:11.969 | INFO     | utils.logging:save_sdre_imgs:710 - Figures saved.
2023-04-28 12:03:12.410 | INFO     | utils.logging:log_training_results:280 - 
2023-04-28 12:03:12.411 | INFO     | utils.logging:log_training_results:281 - Global Step =   1500
2023-04-28 12:03:12.411 | INFO     | utils.logging:log_training_results:282 - train mean(MacRec)_t: 0.8520486354827881
2023-04-28 12:03:12.412 | INFO     | utils.logging:log_training_results:287 - train mean ABSerr: 0.5296977162361145
2023-04-28 12:03:12.412 | INFO     | utils.logging:log_training_results:290 - train ausat from confmx: 0.9814162850379944
2023-04-28 12:03:12.412 | INFO     | utils.logging:log_training_results:301 - train MCE loss:1.02911 * 0.6000000000000001 * -0.84517
2023-04-28 12:03:12.413 | INFO     | utils.logging:log_training_results:309 - train LLLR :0.34310 * 0.2 * 1.10369
2023-04-28 12:03:12.413 | INFO     | utils.logging:log_training_results:317 - train weight decay:564.08765 * 0.0004 * 0.34883
2023-04-28 12:03:32.032 | INFO     | __main__:objective:356 - Starting epoch #4.
2023-04-28 12:04:09.765 | INFO     | utils.logging:log_training_results:280 - 
2023-04-28 12:04:09.766 | INFO     | utils.logging:log_training_results:281 - Global Step =   1750
2023-04-28 12:04:09.766 | INFO     | utils.logging:log_training_results:282 - val mean(MacRec)_t: 0.8737466335296631
2023-04-28 12:04:09.766 | INFO     | utils.logging:log_training_results:287 - val mean ABSerr: 0.368479460477829
2023-04-28 12:04:09.767 | INFO     | utils.logging:log_training_results:290 - val ausat from confmx: 0.9801741242408752
2023-04-28 12:04:09.767 | INFO     | utils.logging:log_training_results:301 - val MCE loss:1.02075 * 0.6000000000000001 * -0.82234
2023-04-28 12:04:09.768 | INFO     | utils.logging:log_training_results:309 - val LLLR :0.29941 * 0.2 * 1.08055
2023-04-28 12:04:09.768 | INFO     | utils.logging:log_training_results:317 - val weight decay:526.19989 * 0.0004 * 0.33051
2023-04-28 12:04:10.677 | INFO     | utils.logging:save_sdre_imgs:710 - Figures saved.
2023-04-28 12:04:11.110 | INFO     | utils.logging:log_training_results:280 - 
2023-04-28 12:04:11.110 | INFO     | utils.logging:log_training_results:281 - Global Step =   1750
2023-04-28 12:04:11.111 | INFO     | utils.logging:log_training_results:282 - train mean(MacRec)_t: 0.8920902609825134
2023-04-28 12:04:11.111 | INFO     | utils.logging:log_training_results:287 - train mean ABSerr: 0.4808788001537323
2023-04-28 12:04:11.111 | INFO     | utils.logging:log_training_results:290 - train ausat from confmx: 0.9888965487480164
2023-04-28 12:04:11.112 | INFO     | utils.logging:log_training_results:301 - train MCE loss:1.02217 * 0.6000000000000001 * -0.82224
2023-04-28 12:04:11.112 | INFO     | utils.logging:log_training_results:309 - train LLLR :0.26732 * 0.2 * 1.08046
2023-04-28 12:04:11.112 | INFO     | utils.logging:log_training_results:317 - train weight decay:526.19989 * 0.0004 * 0.33045
2023-04-28 12:05:00.661 | INFO     | __main__:objective:356 - Starting epoch #5.
2023-04-28 12:05:08.405 | INFO     | utils.logging:log_training_results:280 - 
2023-04-28 12:05:08.405 | INFO     | utils.logging:log_training_results:281 - Global Step =   2000
2023-04-28 12:05:08.406 | INFO     | utils.logging:log_training_results:282 - val mean(MacRec)_t: 0.8708099722862244
2023-04-28 12:05:08.406 | INFO     | utils.logging:log_training_results:287 - val mean ABSerr: 0.4586619436740875
2023-04-28 12:05:08.406 | INFO     | utils.logging:log_training_results:290 - val ausat from confmx: 0.9784602522850037
2023-04-28 12:05:08.407 | INFO     | utils.logging:log_training_results:301 - val MCE loss:1.02079 * 0.6000000000000001 * -0.79946
2023-04-28 12:05:08.407 | INFO     | utils.logging:log_training_results:309 - val LLLR :0.30677 * 0.2 * 1.05732
2023-04-28 12:05:08.408 | INFO     | utils.logging:log_training_results:317 - val weight decay:494.15421 * 0.0004 * 0.31620
2023-04-28 12:05:09.234 | INFO     | utils.logging:save_sdre_imgs:710 - Figures saved.
2023-04-28 12:05:09.674 | INFO     | utils.logging:log_training_results:280 - 
2023-04-28 12:05:09.674 | INFO     | utils.logging:log_training_results:281 - Global Step =   2000
2023-04-28 12:05:09.675 | INFO     | utils.logging:log_training_results:282 - train mean(MacRec)_t: 0.8515394330024719
2023-04-28 12:05:09.675 | INFO     | utils.logging:log_training_results:287 - train mean ABSerr: 0.5578540563583374
2023-04-28 12:05:09.676 | INFO     | utils.logging:log_training_results:290 - train ausat from confmx: 0.9766196012496948
2023-04-28 12:05:09.676 | INFO     | utils.logging:log_training_results:301 - train MCE loss:1.02948 * 0.6000000000000001 * -0.79937
2023-04-28 12:05:09.676 | INFO     | utils.logging:log_training_results:309 - train LLLR :0.34885 * 0.2 * 1.05723
2023-04-28 12:05:09.677 | INFO     | utils.logging:log_training_results:317 - train weight decay:494.15421 * 0.0004 * 0.31616
2023-04-28 12:06:06.223 | INFO     | utils.logging:log_training_results:280 - 
2023-04-28 12:06:06.224 | INFO     | utils.logging:log_training_results:281 - Global Step =   2250
2023-04-28 12:06:06.225 | INFO     | utils.logging:log_training_results:282 - val mean(MacRec)_t: 0.8747700452804565
2023-04-28 12:06:06.225 | INFO     | utils.logging:log_training_results:287 - val mean ABSerr: 0.29436612129211426
2023-04-28 12:06:06.226 | INFO     | utils.logging:log_training_results:290 - val ausat from confmx: 0.9817836284637451
2023-04-28 12:06:06.226 | INFO     | utils.logging:log_training_results:301 - val MCE loss:1.02078 * 0.6000000000000001 * -0.77664
2023-04-28 12:06:06.227 | INFO     | utils.logging:log_training_results:309 - val LLLR :0.29731 * 0.2 * 1.03409
2023-04-28 12:06:06.228 | INFO     | utils.logging:log_training_results:317 - val weight decay:465.88107 * 0.0004 * 0.30572
2023-04-28 12:06:06.324 | INFO     | utils.checkpoint:update_and_save_result:168 - [36mBest value updated![0m
2023-04-28 12:06:06.338 | INFO     | utils.checkpoint:save_checkpoint:83 - [36mSaved checkpoint[0m at step 2250.
2023-04-28 12:06:06.341 | INFO     | utils.checkpoint:keep_max_num_saved_models:101 - Removed the oldest model for max_to_keep=1
2023-04-28 12:06:07.066 | INFO     | utils.logging:save_sdre_imgs:710 - Figures saved.
2023-04-28 12:06:07.511 | INFO     | utils.logging:log_training_results:280 - 
2023-04-28 12:06:07.512 | INFO     | utils.logging:log_training_results:281 - Global Step =   2250
2023-04-28 12:06:07.512 | INFO     | utils.logging:log_training_results:282 - train mean(MacRec)_t: 0.8763177990913391
2023-04-28 12:06:07.513 | INFO     | utils.logging:log_training_results:287 - train mean ABSerr: 0.428411066532135
2023-04-28 12:06:07.513 | INFO     | utils.logging:log_training_results:290 - train ausat from confmx: 0.9901323914527893
2023-04-28 12:06:07.513 | INFO     | utils.logging:log_training_results:301 - train MCE loss:1.02214 * 0.6000000000000001 * -0.77655
2023-04-28 12:06:07.514 | INFO     | utils.logging:log_training_results:309 - train LLLR :0.27723 * 0.2 * 1.03399
2023-04-28 12:06:07.514 | INFO     | utils.logging:log_training_results:317 - train weight decay:465.88104 * 0.0004 * 0.30569
2023-04-28 12:06:36.767 | INFO     | __main__:objective:356 - Starting epoch #6.
2023-04-28 12:07:03.637 | INFO     | utils.logging:log_training_results:280 - 
2023-04-28 12:07:03.638 | INFO     | utils.logging:log_training_results:281 - Global Step =   2500
2023-04-28 12:07:03.638 | INFO     | utils.logging:log_training_results:282 - val mean(MacRec)_t: 0.8728366494178772
2023-04-28 12:07:03.639 | INFO     | utils.logging:log_training_results:287 - val mean ABSerr: 0.40448564291000366
2023-04-28 12:07:03.639 | INFO     | utils.logging:log_training_results:290 - val ausat from confmx: 0.9785172939300537
2023-04-28 12:07:03.640 | INFO     | utils.logging:log_training_results:301 - val MCE loss:1.02096 * 0.6000000000000001 * -0.75389
2023-04-28 12:07:03.640 | INFO     | utils.logging:log_training_results:309 - val LLLR :0.30209 * 0.2 * 1.01085
2023-04-28 12:07:03.641 | INFO     | utils.logging:log_training_results:317 - val weight decay:439.72580 * 0.0004 * 0.29668
2023-04-28 12:07:04.489 | INFO     | utils.logging:save_sdre_imgs:710 - Figures saved.
2023-04-28 12:07:04.924 | INFO     | utils.logging:log_training_results:280 - 
2023-04-28 12:07:04.924 | INFO     | utils.logging:log_training_results:281 - Global Step =   2500
2023-04-28 12:07:04.925 | INFO     | utils.logging:log_training_results:282 - train mean(MacRec)_t: 0.8572075366973877
2023-04-28 12:07:04.925 | INFO     | utils.logging:log_training_results:287 - train mean ABSerr: 0.49063020944595337
2023-04-28 12:07:04.925 | INFO     | utils.logging:log_training_results:290 - train ausat from confmx: 0.9704251289367676
2023-04-28 12:07:04.926 | INFO     | utils.logging:log_training_results:301 - train MCE loss:1.02178 * 0.6000000000000001 * -0.75380
2023-04-28 12:07:04.926 | INFO     | utils.logging:log_training_results:309 - train LLLR :0.35246 * 0.2 * 1.01076
2023-04-28 12:07:04.927 | INFO     | utils.logging:log_training_results:317 - train weight decay:439.72580 * 0.0004 * 0.29664
2023-04-28 12:08:00.527 | INFO     | utils.logging:log_training_results:280 - 
2023-04-28 12:08:00.528 | INFO     | utils.logging:log_training_results:281 - Global Step =   2750
2023-04-28 12:08:00.529 | INFO     | utils.logging:log_training_results:282 - val mean(MacRec)_t: 0.8739700317382812
2023-04-28 12:08:00.529 | INFO     | utils.logging:log_training_results:287 - val mean ABSerr: 0.33385539054870605
2023-04-28 12:08:00.529 | INFO     | utils.logging:log_training_results:290 - val ausat from confmx: 0.9808600544929504
2023-04-28 12:08:00.530 | INFO     | utils.logging:log_training_results:301 - val MCE loss:1.02105 * 0.6000000000000001 * -0.73123
2023-04-28 12:08:00.530 | INFO     | utils.logging:log_training_results:309 - val LLLR :0.29872 * 0.2 * 0.98761
2023-04-28 12:08:00.531 | INFO     | utils.logging:log_training_results:317 - val weight decay:414.99258 * 0.0004 * 0.28811
2023-04-28 12:08:01.368 | INFO     | utils.logging:save_sdre_imgs:710 - Figures saved.
2023-04-28 12:08:01.798 | INFO     | utils.logging:log_training_results:280 - 
2023-04-28 12:08:01.799 | INFO     | utils.logging:log_training_results:281 - Global Step =   2750
2023-04-28 12:08:01.799 | INFO     | utils.logging:log_training_results:282 - train mean(MacRec)_t: 0.8995022177696228
2023-04-28 12:08:01.799 | INFO     | utils.logging:log_training_results:287 - train mean ABSerr: 0.437447726726532
2023-04-28 12:08:01.800 | INFO     | utils.logging:log_training_results:290 - train ausat from confmx: 0.9909190535545349
2023-04-28 12:08:01.800 | INFO     | utils.logging:log_training_results:301 - train MCE loss:1.01386 * 0.6000000000000001 * -0.73114
2023-04-28 12:08:01.801 | INFO     | utils.logging:log_training_results:309 - train LLLR :0.24896 * 0.2 * 0.98751
2023-04-28 12:08:01.801 | INFO     | utils.logging:log_training_results:317 - train weight decay:414.99258 * 0.0004 * 0.28808
2023-04-28 12:08:10.971 | INFO     | __main__:objective:356 - Starting epoch #7.
2023-04-28 12:08:55.736 | INFO     | utils.logging:log_training_results:280 - 
2023-04-28 12:08:55.737 | INFO     | utils.logging:log_training_results:281 - Global Step =   3000
2023-04-28 12:08:55.737 | INFO     | utils.logging:log_training_results:282 - val mean(MacRec)_t: 0.8734433650970459
2023-04-28 12:08:55.738 | INFO     | utils.logging:log_training_results:287 - val mean ABSerr: 0.33569851517677307
2023-04-28 12:08:55.738 | INFO     | utils.logging:log_training_results:290 - val ausat from confmx: 0.9804935455322266
2023-04-28 12:08:55.739 | INFO     | utils.logging:log_training_results:301 - val MCE loss:1.02123 * 0.6000000000000001 * -0.70868
2023-04-28 12:08:55.739 | INFO     | utils.logging:log_training_results:309 - val LLLR :0.30027 * 0.2 * 0.96436
2023-04-28 12:08:55.740 | INFO     | utils.logging:log_training_results:317 - val weight decay:391.34909 * 0.0004 * 0.27973
2023-04-28 12:08:56.736 | INFO     | utils.logging:save_sdre_imgs:710 - Figures saved.
2023-04-28 12:08:57.165 | INFO     | utils.logging:log_training_results:280 - 
2023-04-28 12:08:57.165 | INFO     | utils.logging:log_training_results:281 - Global Step =   3000
2023-04-28 12:08:57.166 | INFO     | utils.logging:log_training_results:282 - train mean(MacRec)_t: 0.8736422657966614
2023-04-28 12:08:57.166 | INFO     | utils.logging:log_training_results:287 - train mean ABSerr: 0.41002157330513
2023-04-28 12:08:57.166 | INFO     | utils.logging:log_training_results:290 - train ausat from confmx: 0.9843733906745911
2023-04-28 12:08:57.167 | INFO     | utils.logging:log_training_results:301 - train MCE loss:1.02451 * 0.6000000000000001 * -0.70859
2023-04-28 12:08:57.167 | INFO     | utils.logging:log_training_results:309 - train LLLR :0.30167 * 0.2 * 0.96427
2023-04-28 12:08:57.168 | INFO     | utils.logging:log_training_results:317 - train weight decay:391.34909 * 0.0004 * 0.27974
2023-04-28 12:09:35.298 | INFO     | __main__:objective:356 - Starting epoch #8.
2023-04-28 12:09:52.779 | INFO     | utils.logging:log_training_results:280 - 
2023-04-28 12:09:52.780 | INFO     | utils.logging:log_training_results:281 - Global Step =   3250
2023-04-28 12:09:52.780 | INFO     | utils.logging:log_training_results:282 - val mean(MacRec)_t: 0.8729433417320251
2023-04-28 12:09:52.781 | INFO     | utils.logging:log_training_results:287 - val mean ABSerr: 0.3871074914932251
2023-04-28 12:09:52.781 | INFO     | utils.logging:log_training_results:290 - val ausat from confmx: 0.9812175035476685
2023-04-28 12:09:52.782 | INFO     | utils.logging:log_training_results:301 - val MCE loss:1.02145 * 0.6000000000000001 * -0.68628
2023-04-28 12:09:52.782 | INFO     | utils.logging:log_training_results:309 - val LLLR :0.30158 * 0.2 * 0.94111
2023-04-28 12:09:52.782 | INFO     | utils.logging:log_training_results:317 - val weight decay:368.61536 * 0.0004 * 0.27148
2023-04-28 12:09:53.604 | INFO     | utils.logging:save_sdre_imgs:710 - Figures saved.
2023-04-28 12:09:54.036 | INFO     | utils.logging:log_training_results:280 - 
2023-04-28 12:09:54.037 | INFO     | utils.logging:log_training_results:281 - Global Step =   3250
2023-04-28 12:09:54.038 | INFO     | utils.logging:log_training_results:282 - train mean(MacRec)_t: 0.8796243667602539
2023-04-28 12:09:54.038 | INFO     | utils.logging:log_training_results:287 - train mean ABSerr: 0.4264141619205475
2023-04-28 12:09:54.038 | INFO     | utils.logging:log_training_results:290 - train ausat from confmx: 0.9754086136817932
2023-04-28 12:09:54.039 | INFO     | utils.logging:log_training_results:301 - train MCE loss:1.01890 * 0.6000000000000001 * -0.68619
2023-04-28 12:09:54.039 | INFO     | utils.logging:log_training_results:309 - train LLLR :0.28768 * 0.2 * 0.94102
2023-04-28 12:09:54.040 | INFO     | utils.logging:log_training_results:317 - train weight decay:368.61536 * 0.0004 * 0.27150
2023-04-28 12:10:49.079 | INFO     | utils.logging:log_training_results:280 - 
2023-04-28 12:10:49.079 | INFO     | utils.logging:log_training_results:281 - Global Step =   3500
2023-04-28 12:10:49.080 | INFO     | utils.logging:log_training_results:282 - val mean(MacRec)_t: 0.871916651725769
2023-04-28 12:10:49.080 | INFO     | utils.logging:log_training_results:287 - val mean ABSerr: 0.43569421768188477
2023-04-28 12:10:49.080 | INFO     | utils.logging:log_training_results:290 - val ausat from confmx: 0.9799131155014038
2023-04-28 12:10:49.081 | INFO     | utils.logging:log_training_results:301 - val MCE loss:1.02161 * 0.6000000000000001 * -0.66409
2023-04-28 12:10:49.081 | INFO     | utils.logging:log_training_results:309 - val LLLR :0.30379 * 0.2 * 0.91786
2023-04-28 12:10:49.082 | INFO     | utils.logging:log_training_results:317 - val weight decay:346.75702 * 0.0004 * 0.26330
2023-04-28 12:10:50.780 | INFO     | utils.logging:save_sdre_imgs:710 - Figures saved.
2023-04-28 12:10:51.263 | INFO     | utils.logging:log_training_results:280 - 
2023-04-28 12:10:51.263 | INFO     | utils.logging:log_training_results:281 - Global Step =   3500
2023-04-28 12:10:51.264 | INFO     | utils.logging:log_training_results:282 - train mean(MacRec)_t: 0.8772755861282349
2023-04-28 12:10:51.264 | INFO     | utils.logging:log_training_results:287 - train mean ABSerr: 0.512380063533783
2023-04-28 12:10:51.265 | INFO     | utils.logging:log_training_results:290 - train ausat from confmx: 0.9890931248664856
2023-04-28 12:10:51.265 | INFO     | utils.logging:log_training_results:301 - train MCE loss:1.01882 * 0.6000000000000001 * -0.66400
2023-04-28 12:10:51.265 | INFO     | utils.logging:log_training_results:309 - train LLLR :0.29509 * 0.2 * 0.91777
2023-04-28 12:10:51.266 | INFO     | utils.logging:log_training_results:317 - train weight decay:346.75702 * 0.0004 * 0.26334
2023-04-28 12:11:09.851 | INFO     | __main__:objective:356 - Starting epoch #9.
2023-04-28 12:11:45.567 | INFO     | utils.logging:log_training_results:280 - 
2023-04-28 12:11:45.567 | INFO     | utils.logging:log_training_results:281 - Global Step =   3750
2023-04-28 12:11:45.568 | INFO     | utils.logging:log_training_results:282 - val mean(MacRec)_t: 0.8723899722099304
2023-04-28 12:11:45.568 | INFO     | utils.logging:log_training_results:287 - val mean ABSerr: 0.3685630261898041
2023-04-28 12:11:45.568 | INFO     | utils.logging:log_training_results:290 - val ausat from confmx: 0.9817245006561279
2023-04-28 12:11:45.569 | INFO     | utils.logging:log_training_results:301 - val MCE loss:1.02187 * 0.6000000000000001 * -0.64218
2023-04-28 12:11:45.569 | INFO     | utils.logging:log_training_results:309 - val LLLR :0.30252 * 0.2 * 0.89460
2023-04-28 12:11:45.570 | INFO     | utils.logging:log_training_results:317 - val weight decay:325.73370 * 0.0004 * 0.25518
2023-04-28 12:11:46.400 | INFO     | utils.logging:save_sdre_imgs:710 - Figures saved.
2023-04-28 12:11:46.830 | INFO     | utils.logging:log_training_results:280 - 
2023-04-28 12:11:46.831 | INFO     | utils.logging:log_training_results:281 - Global Step =   3750
2023-04-28 12:11:46.831 | INFO     | utils.logging:log_training_results:282 - train mean(MacRec)_t: 0.8728458881378174
2023-04-28 12:11:46.831 | INFO     | utils.logging:log_training_results:287 - train mean ABSerr: 0.4645823538303375
2023-04-28 12:11:46.832 | INFO     | utils.logging:log_training_results:290 - train ausat from confmx: 0.9954091906547546
2023-04-28 12:11:46.832 | INFO     | utils.logging:log_training_results:301 - train MCE loss:1.02869 * 0.6000000000000001 * -0.64210
2023-04-28 12:11:46.833 | INFO     | utils.logging:log_training_results:309 - train LLLR :0.29952 * 0.2 * 0.89451
2023-04-28 12:11:46.833 | INFO     | utils.logging:log_training_results:317 - train weight decay:325.73367 * 0.0004 * 0.25525
2023-04-28 12:12:34.217 | INFO     | utils.logging:investigate_log:155 - num_warning=0/num_error=0 in the .log file.
2023-04-28 12:12:34.404 | INFO     | optuna.study.study:_log_completed_trial:1020 - Trial 27 finished with value: 0.018216371536254883 and parameters: {'LIST_IS_POSITIONAL_ENCODING': False, 'LIST_MODEL_BACKBONE': 'Transformer', 'LIST_WEIGHT_DECAY': 0.0004, 'LIST_LEARNING_RATE': 9.217445632495e-05, 'LIST_LLLR_VERSION': 'LSEL', 'LIST_ACTIVATION_FC': 'relu', 'LIST_PARAM_MULTIPLET_LOSS': 0.6000000000000001, 'LIST_PARAM_LLR_LOSS': 0.2, 'LIST_IS_ADAPTIVE_LOSS': True, 'LIST_ORDER_SPRT': 0, 'LIST_OPTIMIZER': 'rmsprop', 'LIST_IS_NORMALIZE': True, 'LIST_NUM_THRESH': 1000, 'LIST_SPARSITY': 'logspace', 'LIST_NUM_BLOCKS': 2, 'LIST_NUM_HEADS': 2, 'LIST_DROPOUT': 0.1, 'LIST_FF_DIM': 32, 'LIST_MLP_UNITS': 64}. Best is trial 26 with value: 0.017502546310424805.
2023-04-28 12:12:34.421 | INFO     | utils.hyperparameter_tuning:suggest_parameters:560 - [33mStarting a tuning phase.[0m
2023-04-28 12:12:34.884 | INFO     | utils.hyperparameter_tuning:print:394 - 
+------------------------------------------+
|   Hyperparameteres suggested by Optuna   |
+------------------------+-----------------+
|     Parameter name     | Suggested value |
+------------------------+-----------------+
|     ACTIVATION_FC      |       relu      |
|        DROPOUT         |       0.0       |
|         FF_DIM         |        64       |
|    IS_ADAPTIVE_LOSS    |       True      |
|      IS_NORMALIZE      |       True      |
| IS_POSITIONAL_ENCODING |      False      |
|     LEARNING_RATE      |    8.669e-05    |
|      LLLR_VERSION      |       LSEL      |
|       MLP_UNITS        |        32       |
|     MODEL_BACKBONE     |   Transformer   |
|       NUM_BLOCKS       |        1        |
|       NUM_HEADS        |        4        |
|       NUM_THRESH       |       1000      |
|       OPTIMIZER        |     rmsprop     |
|       ORDER_SPRT       |        1        |
|     PARAM_LLR_LOSS     |       0.4       |
|  PARAM_MULTIPLET_LOSS  |       0.6       |
|        SPARSITY        |     logspace    |
|      WEIGHT_DECAY      |      0.0004     |
+------------------------+-----------------+
2023-04-28 12:12:34.885 | INFO     | utils.misc:create_directories_and_log:291 - [33mA new log directory was created: [0m/home/afe/Dropbox/GitHub/SPRT-TANDEM-PyTorch/logs/public_offset0_5_optimausat_confmx_tuning/checkpoints/Transformer_20230428_121234884/configs
2023-04-28 12:12:34.886 | INFO     | utils.misc:create_directories_and_log:291 - [33mA new log directory was created: [0m/home/afe/Dropbox/GitHub/SPRT-TANDEM-PyTorch/logs/public_offset0_5_optimausat_confmx_tuning/TensorBoard_events/Transformer_20230428_121234884
