2023-04-28 17:27:42.306 | INFO     | utils.misc:fix_random_seed:405 - Random seed is not fixed.
2023-04-28 17:27:42.331 | INFO     | models.temporal_integrators:summarize:568 - 
:'######::'########::'########::'########::::::::::::::::::::::
'##... ##: ##.... ##: ##.... ##:... ##..:::::::::::::::::::::::
 ##:::..:: ##:::: ##: ##:::: ##:::: ##:::::::::::::::::::::::::
. ######:: ########:: ########::::: ##::::'#######:::::::::::::
:..... ##: ##.....::: ##.. ##:::::: ##::::........:::::::::::::
'##::: ##: ##:::::::: ##::. ##::::: ##:::::::::::::::::::::::::
. ######:: ##:::::::: ##:::. ##:::: ##:::::::::::::::::::::::::
:......:::..:::::::::..:::::..:::::..::::::::::::::::::::::::::
'########::::'###::::'##::: ##:'########::'########:'##::::'##:
... ##..::::'## ##::: ###:: ##: ##.... ##: ##.....:: ###::'###:
::: ##:::::'##:. ##:: ####: ##: ##:::: ##: ##::::::: ####'####:
::: ##::::'##:::. ##: ## ## ##: ##:::: ##: ######::: ## ### ##:
::: ##:::: #########: ##. ####: ##:::: ##: ##...:::: ##. #: ##:
::: ##:::: ##.... ##: ##:. ###: ##:::: ##: ##::::::: ##:.:: ##:
::: ##:::: ##:::: ##: ##::. ##: ########:: ########: ##:::: ##:
:::..:::::..:::::..::..::::..::........:::........::..:::::..::

2023-04-28 17:27:42.332 | INFO     | models.temporal_integrators:summarize:571 - [34mofficial PyTorch implementation.[0m
2023-04-28 17:27:42.398 | INFO     | models.temporal_integrators:summarize:593 - Network summary:
===============================================================================================
Layer (type:depth-idx)                        Output Shape              Param #
===============================================================================================
TANDEMformer                                  [150, 50, 3, 3]           3
├─PositionalEncoding: 1-1                     [7350, 1, 128]            --
│    └─Dropout: 2-1                           [1, 7350, 128]            --
├─TransformerEncoder: 1-2                     [7350, 1, 128]            --
│    └─ModuleList: 2-4                        --                        (recursive)
│    │    └─TransformerEncoderLayer: 3-1      [7350, 1, 128]            74,912
├─Linear: 1-3                                 [7350, 32]                4,128
├─Dropout: 1-4                                [7350, 32]                --
├─PositionalEncoding: 1-5                     [7350, 2, 128]            --
│    └─Dropout: 2-3                           [2, 7350, 128]            --
├─TransformerEncoder: 1-6                     [7350, 2, 128]            (recursive)
│    └─ModuleList: 2-4                        --                        (recursive)
│    │    └─TransformerEncoderLayer: 3-2      [7350, 2, 128]            (recursive)
├─Linear: 1-7                                 [7350, 32]                (recursive)
├─Dropout: 1-8                                [7350, 32]                --
├─Linear: 1-9                                 [7350, 3]                 99
├─Linear: 1-10                                [7350, 3]                 (recursive)
===============================================================================================
Total params: 79,142
Trainable params: 79,142
Non-trainable params: 0
Total mult-adds (M): 192.44
===============================================================================================
Input size (MB): 3.84
Forward/backward pass size (MB): 77.50
Params size (MB): 0.05
Estimated Total Size (MB): 81.39
===============================================================================================
2023-04-28 17:27:42.399 | INFO     | models.temporal_integrators:summarize:594 - Example input shape: torch.Size([150, 50, 128])
2023-04-28 17:27:42.400 | INFO     | models.temporal_integrators:summarize:595 - Example output shape: torch.Size([150, 50, 3, 3])
2023-04-28 17:27:42.402 | INFO     | models.temporal_integrators:import_model:58 - model moved onto: [33mcuda.[0m
2023-04-28 17:27:42.404 | INFO     | models.optimizers:initialize_optimizer:44 - Optimizer:
AdamW (
Parameter Group 0
    amsgrad: False
    betas: (0.9, 0.999)
    capturable: False
    differentiable: False
    eps: 1e-08
    foreach: None
    fused: None
    lr: 0.0009623307376766075
    maximize: False
    weight_decay: 0.0002
)
2023-04-28 17:27:42.404 | INFO     | datasets.data_processing:lmdb_dataloaders:293 - loading data... 
2023-04-28 17:27:42.405 | INFO     | datasets.data_processing:lmdb_dataloaders:295 - If this process takes long, consider setting is_load_onto_memory=False or use LMDBIterableDataset.
2023-04-28 17:27:44.747 | INFO     | __main__:objective:356 - Starting epoch #0.
2023-04-28 17:27:47.410 | INFO     | utils.logging:log_training_results:280 - 
2023-04-28 17:27:47.411 | INFO     | utils.logging:log_training_results:281 - Global Step =      0
2023-04-28 17:27:47.412 | INFO     | utils.logging:log_training_results:282 - val mean(MacRec)_t: 0.3469533324241638
2023-04-28 17:27:47.412 | INFO     | utils.logging:log_training_results:287 - val mean ABSerr: 3.7932815551757812
2023-04-28 17:27:47.412 | INFO     | utils.logging:log_training_results:290 - val ausat from confmx: 0.3432255685329437
2023-04-28 17:27:47.413 | INFO     | utils.logging:log_training_results:301 - val MCE loss:1.10726 * 0.8 * -0.77728
2023-04-28 17:27:47.413 | INFO     | utils.logging:log_training_results:309 - val LLLR :2.12818 * 0.8 * -0.49782
2023-04-28 17:27:47.414 | INFO     | utils.logging:log_training_results:317 - val weight decay:558.51465 * 0.0002 * -1.00611
2023-04-28 17:27:48.410 | INFO     | utils.logging:save_sdre_imgs:710 - Figures saved.
2023-04-28 17:27:48.811 | INFO     | utils.logging:log_training_results:280 - 
2023-04-28 17:27:48.811 | INFO     | utils.logging:log_training_results:281 - Global Step =      0
2023-04-28 17:27:48.812 | INFO     | utils.logging:log_training_results:282 - train mean(MacRec)_t: 0.37203651666641235
2023-04-28 17:27:48.812 | INFO     | utils.logging:log_training_results:287 - train mean ABSerr: 3.493105173110962
2023-04-28 17:27:48.813 | INFO     | utils.logging:log_training_results:290 - train ausat from confmx: 0.3760392963886261
2023-04-28 17:27:48.814 | INFO     | utils.logging:log_training_results:301 - train MCE loss:1.10333 * 0.8 * -0.77632
2023-04-28 17:27:48.819 | INFO     | utils.logging:log_training_results:309 - train LLLR :1.81708 * 0.8 * -0.49878
2023-04-28 17:27:48.820 | INFO     | utils.logging:log_training_results:317 - train weight decay:558.51465 * 0.0002 * -1.00515
2023-04-28 17:28:09.585 | INFO     | utils.logging:log_training_results:280 - 
2023-04-28 17:28:09.585 | INFO     | utils.logging:log_training_results:281 - Global Step =    250
2023-04-28 17:28:09.586 | INFO     | utils.logging:log_training_results:282 - val mean(MacRec)_t: 0.8594300150871277
2023-04-28 17:28:09.586 | INFO     | utils.logging:log_training_results:287 - val mean ABSerr: 1.7244211435317993
2023-04-28 17:28:09.586 | INFO     | utils.logging:log_training_results:290 - val ausat from confmx: 0.9691559076309204
2023-04-28 17:28:09.587 | INFO     | utils.logging:log_training_results:301 - val MCE loss:1.01762 * 0.8 * -0.64449
2023-04-28 17:28:09.587 | INFO     | utils.logging:log_training_results:309 - val LLLR :0.36583 * 0.8 * -0.49585
2023-04-28 17:28:09.588 | INFO     | utils.logging:log_training_results:317 - val weight decay:543.30463 * 0.0002 * -0.75338
2023-04-28 17:28:09.715 | INFO     | utils.checkpoint:update_and_save_result:168 - [36mBest value updated![0m
2023-04-28 17:28:09.729 | INFO     | utils.checkpoint:save_checkpoint:83 - [36mSaved checkpoint[0m at step 250.
2023-04-28 17:28:10.504 | INFO     | utils.logging:save_sdre_imgs:710 - Figures saved.
2023-04-28 17:28:10.826 | INFO     | utils.logging:log_training_results:280 - 
2023-04-28 17:28:10.827 | INFO     | utils.logging:log_training_results:281 - Global Step =    250
2023-04-28 17:28:10.827 | INFO     | utils.logging:log_training_results:282 - train mean(MacRec)_t: 0.8024926781654358
2023-04-28 17:28:10.828 | INFO     | utils.logging:log_training_results:287 - train mean ABSerr: 2.2174363136291504
2023-04-28 17:28:10.828 | INFO     | utils.logging:log_training_results:290 - train ausat from confmx: 0.8927760124206543
2023-04-28 17:28:10.828 | INFO     | utils.logging:log_training_results:301 - train MCE loss:1.03260 * 0.8 * -0.64446
2023-04-28 17:28:10.829 | INFO     | utils.logging:log_training_results:309 - train LLLR :0.50488 * 0.8 * -0.49566
2023-04-28 17:28:10.829 | INFO     | utils.logging:log_training_results:317 - train weight decay:543.30463 * 0.0002 * -0.75231
2023-04-28 17:28:21.853 | INFO     | __main__:objective:356 - Starting epoch #1.
2023-04-28 17:28:31.410 | INFO     | utils.logging:log_training_results:280 - 
2023-04-28 17:28:31.411 | INFO     | utils.logging:log_training_results:281 - Global Step =    500
2023-04-28 17:28:31.411 | INFO     | utils.logging:log_training_results:282 - val mean(MacRec)_t: 0.8641833066940308
2023-04-28 17:28:31.412 | INFO     | utils.logging:log_training_results:287 - val mean ABSerr: 1.3237179517745972
2023-04-28 17:28:31.412 | INFO     | utils.logging:log_training_results:290 - val ausat from confmx: 0.976147472858429
2023-04-28 17:28:31.412 | INFO     | utils.logging:log_training_results:301 - val MCE loss:1.01521 * 0.8 * -0.64310
2023-04-28 17:28:31.413 | INFO     | utils.logging:log_training_results:309 - val LLLR :0.33391 * 0.8 * -0.45535
2023-04-28 17:28:31.413 | INFO     | utils.logging:log_training_results:317 - val weight decay:516.52991 * 0.0002 * -0.46656
2023-04-28 17:28:31.541 | INFO     | utils.checkpoint:update_and_save_result:168 - [36mBest value updated![0m
2023-04-28 17:28:31.554 | INFO     | utils.checkpoint:save_checkpoint:83 - [36mSaved checkpoint[0m at step 500.
2023-04-28 17:28:31.557 | INFO     | utils.checkpoint:keep_max_num_saved_models:101 - Removed the oldest model for max_to_keep=1
2023-04-28 17:28:32.352 | INFO     | utils.logging:save_sdre_imgs:710 - Figures saved.
2023-04-28 17:28:32.725 | INFO     | utils.logging:log_training_results:280 - 
2023-04-28 17:28:32.726 | INFO     | utils.logging:log_training_results:281 - Global Step =    500
2023-04-28 17:28:32.726 | INFO     | utils.logging:log_training_results:282 - train mean(MacRec)_t: 0.7896818518638611
2023-04-28 17:28:32.727 | INFO     | utils.logging:log_training_results:287 - train mean ABSerr: 1.8590389490127563
2023-04-28 17:28:32.727 | INFO     | utils.logging:log_training_results:290 - train ausat from confmx: 0.9341892600059509
2023-04-28 17:28:32.728 | INFO     | utils.logging:log_training_results:301 - train MCE loss:1.02878 * 0.8 * -0.64309
2023-04-28 17:28:32.728 | INFO     | utils.logging:log_training_results:309 - train LLLR :0.49118 * 0.8 * -0.45522
2023-04-28 17:28:32.728 | INFO     | utils.logging:log_training_results:317 - train weight decay:516.52985 * 0.0002 * -0.46534
2023-04-28 17:28:53.399 | INFO     | utils.logging:log_training_results:280 - 
2023-04-28 17:28:53.399 | INFO     | utils.logging:log_training_results:281 - Global Step =    750
2023-04-28 17:28:53.400 | INFO     | utils.logging:log_training_results:282 - val mean(MacRec)_t: 0.8640033006668091
2023-04-28 17:28:53.400 | INFO     | utils.logging:log_training_results:287 - val mean ABSerr: 1.3053325414657593
2023-04-28 17:28:53.401 | INFO     | utils.logging:log_training_results:290 - val ausat from confmx: 0.9777573347091675
2023-04-28 17:28:53.401 | INFO     | utils.logging:log_training_results:301 - val MCE loss:1.01752 * 0.8 * -0.64339
2023-04-28 17:28:53.402 | INFO     | utils.logging:log_training_results:309 - val LLLR :0.33439 * 0.8 * -0.44567
2023-04-28 17:28:53.403 | INFO     | utils.logging:log_training_results:317 - val weight decay:413.68066 * 0.0002 * -0.21379
2023-04-28 17:28:53.542 | INFO     | utils.checkpoint:update_and_save_result:168 - [36mBest value updated![0m
2023-04-28 17:28:53.556 | INFO     | utils.checkpoint:save_checkpoint:83 - [36mSaved checkpoint[0m at step 750.
2023-04-28 17:28:53.558 | INFO     | utils.checkpoint:keep_max_num_saved_models:101 - Removed the oldest model for max_to_keep=1
2023-04-28 17:28:54.359 | INFO     | utils.logging:save_sdre_imgs:710 - Figures saved.
2023-04-28 17:28:54.676 | INFO     | utils.logging:log_training_results:280 - 
2023-04-28 17:28:54.676 | INFO     | utils.logging:log_training_results:281 - Global Step =    750
2023-04-28 17:28:54.677 | INFO     | utils.logging:log_training_results:282 - train mean(MacRec)_t: 0.7646717429161072
2023-04-28 17:28:54.677 | INFO     | utils.logging:log_training_results:287 - train mean ABSerr: 1.7178149223327637
2023-04-28 17:28:54.677 | INFO     | utils.logging:log_training_results:290 - train ausat from confmx: 0.8770210146903992
2023-04-28 17:28:54.678 | INFO     | utils.logging:log_training_results:301 - train MCE loss:1.04306 * 0.8 * -0.64338
2023-04-28 17:28:54.678 | INFO     | utils.logging:log_training_results:309 - train LLLR :0.57678 * 0.8 * -0.44559
2023-04-28 17:28:54.678 | INFO     | utils.logging:log_training_results:317 - train weight decay:413.68066 * 0.0002 * -0.21342
2023-04-28 17:28:58.325 | INFO     | __main__:objective:356 - Starting epoch #2.
2023-04-28 17:29:15.202 | INFO     | utils.logging:log_training_results:280 - 
2023-04-28 17:29:15.203 | INFO     | utils.logging:log_training_results:281 - Global Step =   1000
2023-04-28 17:29:15.203 | INFO     | utils.logging:log_training_results:282 - val mean(MacRec)_t: 0.8703832626342773
2023-04-28 17:29:15.203 | INFO     | utils.logging:log_training_results:287 - val mean ABSerr: 1.234355092048645
2023-04-28 17:29:15.204 | INFO     | utils.logging:log_training_results:290 - val ausat from confmx: 0.9816458225250244
2023-04-28 17:29:15.204 | INFO     | utils.logging:log_training_results:301 - val MCE loss:1.01470 * 0.8 * -0.64268
2023-04-28 17:29:15.205 | INFO     | utils.logging:log_training_results:309 - val LLLR :0.32365 * 0.8 * -0.43949
2023-04-28 17:29:15.205 | INFO     | utils.logging:log_training_results:317 - val weight decay:253.61389 * 0.0002 * -0.16193
2023-04-28 17:29:15.332 | INFO     | utils.checkpoint:update_and_save_result:168 - [36mBest value updated![0m
2023-04-28 17:29:15.347 | INFO     | utils.checkpoint:save_checkpoint:83 - [36mSaved checkpoint[0m at step 1000.
2023-04-28 17:29:15.350 | INFO     | utils.checkpoint:keep_max_num_saved_models:101 - Removed the oldest model for max_to_keep=1
2023-04-28 17:29:16.099 | INFO     | utils.logging:save_sdre_imgs:710 - Figures saved.
2023-04-28 17:29:16.424 | INFO     | utils.logging:log_training_results:280 - 
2023-04-28 17:29:16.425 | INFO     | utils.logging:log_training_results:281 - Global Step =   1000
2023-04-28 17:29:16.425 | INFO     | utils.logging:log_training_results:282 - train mean(MacRec)_t: 0.790090024471283
2023-04-28 17:29:16.426 | INFO     | utils.logging:log_training_results:287 - train mean ABSerr: 1.7437504529953003
2023-04-28 17:29:16.426 | INFO     | utils.logging:log_training_results:290 - train ausat from confmx: 0.9261651039123535
2023-04-28 17:29:16.426 | INFO     | utils.logging:log_training_results:301 - train MCE loss:1.03650 * 0.8 * -0.64268
2023-04-28 17:29:16.427 | INFO     | utils.logging:log_training_results:309 - train LLLR :0.51901 * 0.8 * -0.43960
2023-04-28 17:29:16.427 | INFO     | utils.logging:log_training_results:317 - train weight decay:253.61389 * 0.0002 * -0.16175
2023-04-28 17:29:30.996 | INFO     | __main__:objective:356 - Starting epoch #3.
2023-04-28 17:29:36.943 | INFO     | utils.logging:log_training_results:280 - 
2023-04-28 17:29:36.944 | INFO     | utils.logging:log_training_results:281 - Global Step =   1250
2023-04-28 17:29:36.944 | INFO     | utils.logging:log_training_results:282 - val mean(MacRec)_t: 0.8702999949455261
2023-04-28 17:29:36.945 | INFO     | utils.logging:log_training_results:287 - val mean ABSerr: 1.3779489994049072
2023-04-28 17:29:36.945 | INFO     | utils.logging:log_training_results:290 - val ausat from confmx: 0.9815449714660645
2023-04-28 17:29:36.945 | INFO     | utils.logging:log_training_results:301 - val MCE loss:1.01706 * 0.8 * -0.64196
2023-04-28 17:29:36.946 | INFO     | utils.logging:log_training_results:309 - val LLLR :0.32811 * 0.8 * -0.44472
2023-04-28 17:29:36.946 | INFO     | utils.logging:log_training_results:317 - val weight decay:137.95560 * 0.0002 * -0.11853
2023-04-28 17:29:37.823 | INFO     | utils.logging:save_sdre_imgs:710 - Figures saved.
2023-04-28 17:29:38.156 | INFO     | utils.logging:log_training_results:280 - 
2023-04-28 17:29:38.157 | INFO     | utils.logging:log_training_results:281 - Global Step =   1250
2023-04-28 17:29:38.157 | INFO     | utils.logging:log_training_results:282 - train mean(MacRec)_t: 0.8030065894126892
2023-04-28 17:29:38.158 | INFO     | utils.logging:log_training_results:287 - train mean ABSerr: 1.8352549076080322
2023-04-28 17:29:38.158 | INFO     | utils.logging:log_training_results:290 - train ausat from confmx: 0.9247590899467468
2023-04-28 17:29:38.158 | INFO     | utils.logging:log_training_results:301 - train MCE loss:1.03342 * 0.8 * -0.64195
2023-04-28 17:29:38.159 | INFO     | utils.logging:log_training_results:309 - train LLLR :0.46117 * 0.8 * -0.44454
2023-04-28 17:29:38.159 | INFO     | utils.logging:log_training_results:317 - train weight decay:137.95560 * 0.0002 * -0.11837
2023-04-28 17:29:58.469 | INFO     | utils.logging:log_training_results:280 - 
2023-04-28 17:29:58.470 | INFO     | utils.logging:log_training_results:281 - Global Step =   1500
2023-04-28 17:29:58.470 | INFO     | utils.logging:log_training_results:282 - val mean(MacRec)_t: 0.8665200471878052
2023-04-28 17:29:58.471 | INFO     | utils.logging:log_training_results:287 - val mean ABSerr: 1.3761295080184937
2023-04-28 17:29:58.471 | INFO     | utils.logging:log_training_results:290 - val ausat from confmx: 0.9770476222038269
2023-04-28 17:29:58.472 | INFO     | utils.logging:log_training_results:301 - val MCE loss:1.01320 * 0.8 * -0.64031
2023-04-28 17:29:58.472 | INFO     | utils.logging:log_training_results:309 - val LLLR :0.33509 * 0.8 * -0.44612
2023-04-28 17:29:58.472 | INFO     | utils.logging:log_training_results:317 - val weight decay:59.38982 * 0.0002 * -0.07745
2023-04-28 17:29:59.557 | INFO     | utils.logging:save_sdre_imgs:710 - Figures saved.
2023-04-28 17:29:59.872 | INFO     | utils.logging:log_training_results:280 - 
2023-04-28 17:29:59.873 | INFO     | utils.logging:log_training_results:281 - Global Step =   1500
2023-04-28 17:29:59.873 | INFO     | utils.logging:log_training_results:282 - train mean(MacRec)_t: 0.7749814391136169
2023-04-28 17:29:59.873 | INFO     | utils.logging:log_training_results:287 - train mean ABSerr: 1.8548998832702637
2023-04-28 17:29:59.874 | INFO     | utils.logging:log_training_results:290 - train ausat from confmx: 0.9226840734481812
2023-04-28 17:29:59.874 | INFO     | utils.logging:log_training_results:301 - train MCE loss:1.02689 * 0.8 * -0.64027
2023-04-28 17:29:59.874 | INFO     | utils.logging:log_training_results:309 - train LLLR :0.50865 * 0.8 * -0.44627
2023-04-28 17:29:59.875 | INFO     | utils.logging:log_training_results:317 - train weight decay:59.38982 * 0.0002 * -0.07729
2023-04-28 17:30:07.309 | INFO     | __main__:objective:356 - Starting epoch #4.
2023-04-28 17:30:20.578 | INFO     | utils.logging:log_training_results:280 - 
2023-04-28 17:30:20.578 | INFO     | utils.logging:log_training_results:281 - Global Step =   1750
2023-04-28 17:30:20.579 | INFO     | utils.logging:log_training_results:282 - val mean(MacRec)_t: 0.8681700229644775
2023-04-28 17:30:20.579 | INFO     | utils.logging:log_training_results:287 - val mean ABSerr: 1.5805522203445435
2023-04-28 17:30:20.579 | INFO     | utils.logging:log_training_results:290 - val ausat from confmx: 0.9783071279525757
2023-04-28 17:30:20.580 | INFO     | utils.logging:log_training_results:301 - val MCE loss:1.01108 * 0.8 * -0.63328
2023-04-28 17:30:20.580 | INFO     | utils.logging:log_training_results:309 - val LLLR :0.34378 * 0.8 * -0.45728
2023-04-28 17:30:20.581 | INFO     | utils.logging:log_training_results:317 - val weight decay:13.14771 * 0.0002 * -0.03634
2023-04-28 17:30:21.534 | INFO     | utils.logging:save_sdre_imgs:710 - Figures saved.
2023-04-28 17:30:21.848 | INFO     | utils.logging:log_training_results:280 - 
2023-04-28 17:30:21.848 | INFO     | utils.logging:log_training_results:281 - Global Step =   1750
2023-04-28 17:30:21.849 | INFO     | utils.logging:log_training_results:282 - train mean(MacRec)_t: 0.7528743743896484
2023-04-28 17:30:21.849 | INFO     | utils.logging:log_training_results:287 - train mean ABSerr: 2.1264514923095703
2023-04-28 17:30:21.850 | INFO     | utils.logging:log_training_results:290 - train ausat from confmx: 0.8969504833221436
2023-04-28 17:30:21.850 | INFO     | utils.logging:log_training_results:301 - train MCE loss:1.03259 * 0.8 * -0.63325
2023-04-28 17:30:21.850 | INFO     | utils.logging:log_training_results:309 - train LLLR :0.55712 * 0.8 * -0.45750
2023-04-28 17:30:21.851 | INFO     | utils.logging:log_training_results:317 - train weight decay:13.14771 * 0.0002 * -0.03619
2023-04-28 17:30:40.139 | INFO     | __main__:objective:356 - Starting epoch #5.
2023-04-28 17:30:42.436 | INFO     | utils.logging:log_training_results:280 - 
2023-04-28 17:30:42.437 | INFO     | utils.logging:log_training_results:281 - Global Step =   2000
2023-04-28 17:30:42.437 | INFO     | utils.logging:log_training_results:282 - val mean(MacRec)_t: 0.862966775894165
2023-04-28 17:30:42.437 | INFO     | utils.logging:log_training_results:287 - val mean ABSerr: 2.1875598430633545
2023-04-28 17:30:42.438 | INFO     | utils.logging:log_training_results:290 - val ausat from confmx: 0.9758228063583374
2023-04-28 17:30:42.438 | INFO     | utils.logging:log_training_results:301 - val MCE loss:1.03073 * 0.8 * -0.60484
2023-04-28 17:30:42.439 | INFO     | utils.logging:log_training_results:309 - val LLLR :0.41149 * 0.8 * -0.46432
2023-04-28 17:30:42.439 | INFO     | utils.logging:log_training_results:317 - val weight decay:2.49413 * 0.0002 * -0.01579
2023-04-28 17:30:43.337 | INFO     | utils.logging:save_sdre_imgs:710 - Figures saved.
2023-04-28 17:30:43.655 | INFO     | utils.logging:log_training_results:280 - 
2023-04-28 17:30:43.656 | INFO     | utils.logging:log_training_results:281 - Global Step =   2000
2023-04-28 17:30:43.656 | INFO     | utils.logging:log_training_results:282 - train mean(MacRec)_t: 0.7708571553230286
2023-04-28 17:30:43.656 | INFO     | utils.logging:log_training_results:287 - train mean ABSerr: 2.6566271781921387
2023-04-28 17:30:43.657 | INFO     | utils.logging:log_training_results:290 - train ausat from confmx: 0.8887084126472473
2023-04-28 17:30:43.657 | INFO     | utils.logging:log_training_results:301 - train MCE loss:1.04820 * 0.8 * -0.60476
2023-04-28 17:30:43.658 | INFO     | utils.logging:log_training_results:309 - train LLLR :0.55473 * 0.8 * -0.46435
2023-04-28 17:30:43.658 | INFO     | utils.logging:log_training_results:317 - train weight decay:2.49413 * 0.0002 * -0.01576
2023-04-28 17:31:04.175 | INFO     | utils.logging:log_training_results:280 - 
2023-04-28 17:31:04.176 | INFO     | utils.logging:log_training_results:281 - Global Step =   2250
2023-04-28 17:31:04.176 | INFO     | utils.logging:log_training_results:282 - val mean(MacRec)_t: 0.8448599576950073
2023-04-28 17:31:04.176 | INFO     | utils.logging:log_training_results:287 - val mean ABSerr: 2.7168517112731934
2023-04-28 17:31:04.177 | INFO     | utils.logging:log_training_results:290 - val ausat from confmx: 0.9633744955062866
2023-04-28 17:31:04.177 | INFO     | utils.logging:log_training_results:301 - val MCE loss:1.05680 * 0.8 * -0.58578
2023-04-28 17:31:04.178 | INFO     | utils.logging:log_training_results:309 - val LLLR :0.54983 * 0.8 * -0.47859
2023-04-28 17:31:04.178 | INFO     | utils.logging:log_training_results:317 - val weight decay:1.41949 * 0.0002 * -0.01191
2023-04-28 17:31:05.089 | INFO     | utils.logging:save_sdre_imgs:710 - Figures saved.
2023-04-28 17:31:05.429 | INFO     | utils.logging:log_training_results:280 - 
2023-04-28 17:31:05.430 | INFO     | utils.logging:log_training_results:281 - Global Step =   2250
2023-04-28 17:31:05.430 | INFO     | utils.logging:log_training_results:282 - train mean(MacRec)_t: 0.7542191743850708
2023-04-28 17:31:05.430 | INFO     | utils.logging:log_training_results:287 - train mean ABSerr: 2.8168957233428955
2023-04-28 17:31:05.431 | INFO     | utils.logging:log_training_results:290 - train ausat from confmx: 0.8734436631202698
2023-04-28 17:31:05.431 | INFO     | utils.logging:log_training_results:301 - train MCE loss:1.06399 * 0.8 * -0.58576
2023-04-28 17:31:05.432 | INFO     | utils.logging:log_training_results:309 - train LLLR :0.65539 * 0.8 * -0.47860
2023-04-28 17:31:05.432 | INFO     | utils.logging:log_training_results:317 - train weight decay:1.41949 * 0.0002 * -0.01190
2023-04-28 17:31:16.442 | INFO     | __main__:objective:356 - Starting epoch #6.
2023-04-28 17:31:25.990 | INFO     | utils.logging:log_training_results:280 - 
2023-04-28 17:31:25.991 | INFO     | utils.logging:log_training_results:281 - Global Step =   2500
2023-04-28 17:31:25.991 | INFO     | utils.logging:log_training_results:282 - val mean(MacRec)_t: 0.8564633131027222
2023-04-28 17:31:25.992 | INFO     | utils.logging:log_training_results:287 - val mean ABSerr: 2.819228410720825
2023-04-28 17:31:25.992 | INFO     | utils.logging:log_training_results:290 - val ausat from confmx: 0.9714758396148682
2023-04-28 17:31:25.992 | INFO     | utils.logging:log_training_results:301 - val MCE loss:1.06165 * 0.8 * -0.58345
2023-04-28 17:31:25.993 | INFO     | utils.logging:log_training_results:309 - val LLLR :0.58073 * 0.8 * -0.48684
2023-04-28 17:31:25.993 | INFO     | utils.logging:log_training_results:317 - val weight decay:1.33151 * 0.0002 * -0.01153
2023-04-28 17:31:26.892 | INFO     | utils.logging:save_sdre_imgs:710 - Figures saved.
2023-04-28 17:31:27.217 | INFO     | utils.logging:log_training_results:280 - 
2023-04-28 17:31:27.218 | INFO     | utils.logging:log_training_results:281 - Global Step =   2500
2023-04-28 17:31:27.218 | INFO     | utils.logging:log_training_results:282 - train mean(MacRec)_t: 0.7437992691993713
2023-04-28 17:31:27.218 | INFO     | utils.logging:log_training_results:287 - train mean ABSerr: 3.0301120281219482
2023-04-28 17:31:27.219 | INFO     | utils.logging:log_training_results:290 - train ausat from confmx: 0.8652328252792358
2023-04-28 17:31:27.219 | INFO     | utils.logging:log_training_results:301 - train MCE loss:1.06827 * 0.8 * -0.58347
2023-04-28 17:31:27.220 | INFO     | utils.logging:log_training_results:309 - train LLLR :0.69950 * 0.8 * -0.48688
2023-04-28 17:31:27.220 | INFO     | utils.logging:log_training_results:317 - train weight decay:1.33151 * 0.0002 * -0.01153
2023-04-28 17:31:47.697 | INFO     | utils.logging:log_training_results:280 - 
2023-04-28 17:31:47.698 | INFO     | utils.logging:log_training_results:281 - Global Step =   2750
2023-04-28 17:31:47.698 | INFO     | utils.logging:log_training_results:282 - val mean(MacRec)_t: 0.8602499961853027
2023-04-28 17:31:47.698 | INFO     | utils.logging:log_training_results:287 - val mean ABSerr: 2.8133559226989746
2023-04-28 17:31:47.699 | INFO     | utils.logging:log_training_results:290 - val ausat from confmx: 0.9753456115722656
2023-04-28 17:31:47.699 | INFO     | utils.logging:log_training_results:301 - val MCE loss:1.06111 * 0.8 * -0.58322
2023-04-28 17:31:47.700 | INFO     | utils.logging:log_training_results:309 - val LLLR :0.57616 * 0.8 * -0.48514
2023-04-28 17:31:47.700 | INFO     | utils.logging:log_training_results:317 - val weight decay:1.32966 * 0.0002 * -0.01152
2023-04-28 17:31:48.596 | INFO     | utils.logging:save_sdre_imgs:710 - Figures saved.
2023-04-28 17:31:48.927 | INFO     | utils.logging:log_training_results:280 - 
2023-04-28 17:31:48.928 | INFO     | utils.logging:log_training_results:281 - Global Step =   2750
2023-04-28 17:31:48.928 | INFO     | utils.logging:log_training_results:282 - train mean(MacRec)_t: 0.7491100430488586
2023-04-28 17:31:48.928 | INFO     | utils.logging:log_training_results:287 - train mean ABSerr: 2.863527297973633
2023-04-28 17:31:48.929 | INFO     | utils.logging:log_training_results:290 - train ausat from confmx: 0.8899661302566528
2023-04-28 17:31:48.929 | INFO     | utils.logging:log_training_results:301 - train MCE loss:1.06789 * 0.8 * -0.58324
2023-04-28 17:31:48.930 | INFO     | utils.logging:log_training_results:309 - train LLLR :0.70054 * 0.8 * -0.48507
2023-04-28 17:31:48.930 | INFO     | utils.logging:log_training_results:317 - train weight decay:1.32966 * 0.0002 * -0.01153
2023-04-28 17:31:52.603 | INFO     | __main__:objective:356 - Starting epoch #7.
2023-04-28 17:32:09.559 | INFO     | utils.logging:log_training_results:280 - 
2023-04-28 17:32:09.560 | INFO     | utils.logging:log_training_results:281 - Global Step =   3000
2023-04-28 17:32:09.560 | INFO     | utils.logging:log_training_results:282 - val mean(MacRec)_t: 0.8614099621772766
2023-04-28 17:32:09.560 | INFO     | utils.logging:log_training_results:287 - val mean ABSerr: 2.8058528900146484
2023-04-28 17:32:09.561 | INFO     | utils.logging:log_training_results:290 - val ausat from confmx: 0.9764626622200012
2023-04-28 17:32:09.561 | INFO     | utils.logging:log_training_results:301 - val MCE loss:1.06090 * 0.8 * -0.58324
2023-04-28 17:32:09.562 | INFO     | utils.logging:log_training_results:309 - val LLLR :0.57238 * 0.8 * -0.48474
2023-04-28 17:32:09.562 | INFO     | utils.logging:log_training_results:317 - val weight decay:1.33677 * 0.0002 * -0.01153
2023-04-28 17:32:10.469 | INFO     | utils.logging:save_sdre_imgs:710 - Figures saved.
2023-04-28 17:32:10.803 | INFO     | utils.logging:log_training_results:280 - 
2023-04-28 17:32:10.804 | INFO     | utils.logging:log_training_results:281 - Global Step =   3000
2023-04-28 17:32:10.804 | INFO     | utils.logging:log_training_results:282 - train mean(MacRec)_t: 0.7532598972320557
2023-04-28 17:32:10.804 | INFO     | utils.logging:log_training_results:287 - train mean ABSerr: 3.059178590774536
2023-04-28 17:32:10.805 | INFO     | utils.logging:log_training_results:290 - train ausat from confmx: 0.9235466122627258
2023-04-28 17:32:10.805 | INFO     | utils.logging:log_training_results:301 - train MCE loss:1.06576 * 0.8 * -0.58320
2023-04-28 17:32:10.805 | INFO     | utils.logging:log_training_results:309 - train LLLR :0.67800 * 0.8 * -0.48451
2023-04-28 17:32:10.806 | INFO     | utils.logging:log_training_results:317 - train weight decay:1.33677 * 0.0002 * -0.01159
2023-04-28 17:32:25.332 | INFO     | __main__:objective:356 - Starting epoch #8.
2023-04-28 17:32:31.221 | INFO     | utils.logging:log_training_results:280 - 
2023-04-28 17:32:31.221 | INFO     | utils.logging:log_training_results:281 - Global Step =   3250
2023-04-28 17:32:31.222 | INFO     | utils.logging:log_training_results:282 - val mean(MacRec)_t: 0.852096676826477
2023-04-28 17:32:31.222 | INFO     | utils.logging:log_training_results:287 - val mean ABSerr: 2.8192858695983887
2023-04-28 17:32:31.222 | INFO     | utils.logging:log_training_results:290 - val ausat from confmx: 0.9648845791816711
2023-04-28 17:32:31.223 | INFO     | utils.logging:log_training_results:301 - val MCE loss:1.06149 * 0.8 * -0.58349
2023-04-28 17:32:31.223 | INFO     | utils.logging:log_training_results:309 - val LLLR :0.58360 * 0.8 * -0.48574
2023-04-28 17:32:31.224 | INFO     | utils.logging:log_training_results:317 - val weight decay:1.33145 * 0.0002 * -0.01152
2023-04-28 17:32:33.024 | INFO     | utils.logging:save_sdre_imgs:710 - Figures saved.
2023-04-28 17:32:33.364 | INFO     | utils.logging:log_training_results:280 - 
2023-04-28 17:32:33.365 | INFO     | utils.logging:log_training_results:281 - Global Step =   3250
2023-04-28 17:32:33.365 | INFO     | utils.logging:log_training_results:282 - train mean(MacRec)_t: 0.7716588377952576
2023-04-28 17:32:33.366 | INFO     | utils.logging:log_training_results:287 - train mean ABSerr: 3.085831642150879
2023-04-28 17:32:33.366 | INFO     | utils.logging:log_training_results:290 - train ausat from confmx: 0.9191843271255493
2023-04-28 17:32:33.366 | INFO     | utils.logging:log_training_results:301 - train MCE loss:1.06692 * 0.8 * -0.58342
2023-04-28 17:32:33.367 | INFO     | utils.logging:log_training_results:309 - train LLLR :0.66743 * 0.8 * -0.48569
2023-04-28 17:32:33.367 | INFO     | utils.logging:log_training_results:317 - train weight decay:1.33145 * 0.0002 * -0.01153
2023-04-28 17:32:53.819 | INFO     | utils.logging:log_training_results:280 - 
2023-04-28 17:32:53.819 | INFO     | utils.logging:log_training_results:281 - Global Step =   3500
2023-04-28 17:32:53.820 | INFO     | utils.logging:log_training_results:282 - val mean(MacRec)_t: 0.8587966561317444
2023-04-28 17:32:53.820 | INFO     | utils.logging:log_training_results:287 - val mean ABSerr: 2.755293130874634
2023-04-28 17:32:53.820 | INFO     | utils.logging:log_training_results:290 - val ausat from confmx: 0.974577784538269
2023-04-28 17:32:53.821 | INFO     | utils.logging:log_training_results:301 - val MCE loss:1.05840 * 0.8 * -0.58430
2023-04-28 17:32:53.821 | INFO     | utils.logging:log_training_results:309 - val LLLR :0.55446 * 0.8 * -0.47960
2023-04-28 17:32:53.822 | INFO     | utils.logging:log_training_results:317 - val weight decay:1.36882 * 0.0002 * -0.01170
2023-04-28 17:32:54.734 | INFO     | utils.logging:save_sdre_imgs:710 - Figures saved.
2023-04-28 17:32:55.069 | INFO     | utils.logging:log_training_results:280 - 
2023-04-28 17:32:55.070 | INFO     | utils.logging:log_training_results:281 - Global Step =   3500
2023-04-28 17:32:55.070 | INFO     | utils.logging:log_training_results:282 - train mean(MacRec)_t: 0.7710073590278625
2023-04-28 17:32:55.070 | INFO     | utils.logging:log_training_results:287 - train mean ABSerr: 3.0174314975738525
2023-04-28 17:32:55.071 | INFO     | utils.logging:log_training_results:290 - train ausat from confmx: 0.8713124990463257
2023-04-28 17:32:55.073 | INFO     | utils.logging:log_training_results:301 - train MCE loss:1.06350 * 0.8 * -0.58430
2023-04-28 17:32:55.074 | INFO     | utils.logging:log_training_results:309 - train LLLR :0.63980 * 0.8 * -0.47955
2023-04-28 17:32:55.074 | INFO     | utils.logging:log_training_results:317 - train weight decay:1.36882 * 0.0002 * -0.01169
2023-04-28 17:33:02.388 | INFO     | __main__:objective:356 - Starting epoch #9.
2023-04-28 17:33:15.654 | INFO     | utils.logging:log_training_results:280 - 
2023-04-28 17:33:15.654 | INFO     | utils.logging:log_training_results:281 - Global Step =   3750
2023-04-28 17:33:15.655 | INFO     | utils.logging:log_training_results:282 - val mean(MacRec)_t: 0.8604333400726318
2023-04-28 17:33:15.655 | INFO     | utils.logging:log_training_results:287 - val mean ABSerr: 2.8003337383270264
2023-04-28 17:33:15.655 | INFO     | utils.logging:log_training_results:290 - val ausat from confmx: 0.975417971611023
2023-04-28 17:33:15.656 | INFO     | utils.logging:log_training_results:301 - val MCE loss:1.06078 * 0.8 * -0.58373
2023-04-28 17:33:15.656 | INFO     | utils.logging:log_training_results:309 - val LLLR :0.57104 * 0.8 * -0.48440
2023-04-28 17:33:15.657 | INFO     | utils.logging:log_training_results:317 - val weight decay:1.34156 * 0.0002 * -0.01158
2023-04-28 17:33:16.544 | INFO     | utils.logging:save_sdre_imgs:710 - Figures saved.
2023-04-28 17:33:16.871 | INFO     | utils.logging:log_training_results:280 - 
2023-04-28 17:33:16.872 | INFO     | utils.logging:log_training_results:281 - Global Step =   3750
2023-04-28 17:33:16.872 | INFO     | utils.logging:log_training_results:282 - train mean(MacRec)_t: 0.7515674233436584
2023-04-28 17:33:16.873 | INFO     | utils.logging:log_training_results:287 - train mean ABSerr: 2.9064176082611084
2023-04-28 17:33:16.873 | INFO     | utils.logging:log_training_results:290 - train ausat from confmx: 0.8769326210021973
2023-04-28 17:33:16.873 | INFO     | utils.logging:log_training_results:301 - train MCE loss:1.06894 * 0.8 * -0.58373
2023-04-28 17:33:16.874 | INFO     | utils.logging:log_training_results:309 - train LLLR :0.69729 * 0.8 * -0.48449
2023-04-28 17:33:16.874 | INFO     | utils.logging:log_training_results:317 - train weight decay:1.34156 * 0.0002 * -0.01157
2023-04-28 17:33:35.135 | INFO     | utils.logging:investigate_log:155 - num_warning=0/num_error=0 in the .log file.
2023-04-28 17:33:35.336 | INFO     | optuna.study.study:_log_completed_trial:1020 - Trial 60 finished with value: 0.018354177474975586 and parameters: {'LIST_IS_POSITIONAL_ENCODING': True, 'LIST_IS_TRAINABLE_ENCODING': False, 'LIST_MODEL_BACKBONE': 'Transformer', 'LIST_WEIGHT_DECAY': 0.0002, 'LIST_LEARNING_RATE': 0.0009623307376766075, 'LIST_LLLR_VERSION': 'LSEL', 'LIST_ACTIVATION_FC': 'B2Bcbrt', 'LIST_PARAM_MULTIPLET_LOSS': 0.8, 'LIST_PARAM_LLR_LOSS': 0.8, 'LIST_IS_ADAPTIVE_LOSS': True, 'LIST_ORDER_SPRT': 1, 'LIST_OPTIMIZER': 'adam', 'LIST_IS_NORMALIZE': False, 'LIST_NUM_THRESH': 1500, 'LIST_SPARSITY': 'lograndom', 'LIST_NUM_BLOCKS': 1, 'LIST_NUM_HEADS': 4, 'LIST_DROPOUT': 0.2, 'LIST_FF_DIM': 32, 'LIST_MLP_UNITS': 32}. Best is trial 58 with value: 0.015880465507507324.
2023-04-28 17:33:35.357 | INFO     | utils.hyperparameter_tuning:suggest_parameters:560 - [33mStarting a tuning phase.[0m
2023-04-28 17:33:35.902 | INFO     | utils.hyperparameter_tuning:print:394 - 
+------------------------------------------+
|   Hyperparameteres suggested by Optuna   |
+------------------------+-----------------+
|     Parameter name     | Suggested value |
+------------------------+-----------------+
|     ACTIVATION_FC      |     B2Bcbrt     |
|        DROPOUT         |       0.3       |
|         FF_DIM         |        32       |
|    IS_ADAPTIVE_LOSS    |       True      |
|      IS_NORMALIZE      |      False      |
| IS_POSITIONAL_ENCODING |       True      |
| IS_TRAINABLE_ENCODING  |      False      |
|     LEARNING_RATE      |    0.00021462   |
|      LLLR_VERSION      |       LSEL      |
|       MLP_UNITS        |        32       |
|     MODEL_BACKBONE     |   Transformer   |
|       NUM_BLOCKS       |        1        |
|       NUM_HEADS        |        4        |
|       NUM_THRESH       |       1500      |
|       OPTIMIZER        |     rmsprop     |
|       ORDER_SPRT       |        1        |
|     PARAM_LLR_LOSS     |       0.9       |
|  PARAM_MULTIPLET_LOSS  |       1.0       |
|        SPARSITY        |    unirandom    |
|      WEIGHT_DECAY      |      0.0001     |
+------------------------+-----------------+
2023-04-28 17:33:35.903 | INFO     | utils.misc:create_directories_and_log:291 - [33mA new log directory was created: [0m/home/afe/Dropbox/GitHub/SPRT-TANDEM-PyTorch/logs/public_offset0_5_optimausat_confmx_tuning/checkpoints/Transformer_20230428_173335902/configs
2023-04-28 17:33:35.904 | INFO     | utils.misc:create_directories_and_log:291 - [33mA new log directory was created: [0m/home/afe/Dropbox/GitHub/SPRT-TANDEM-PyTorch/logs/public_offset0_5_optimausat_confmx_tuning/TensorBoard_events/Transformer_20230428_173335902
