2023-04-28 13:45:42.519 | INFO     | utils.misc:fix_random_seed:405 - Random seed is not fixed.
2023-04-28 13:45:42.553 | INFO     | models.temporal_integrators:summarize:568 - 
:'######::'########::'########::'########::::::::::::::::::::::
'##... ##: ##.... ##: ##.... ##:... ##..:::::::::::::::::::::::
 ##:::..:: ##:::: ##: ##:::: ##:::: ##:::::::::::::::::::::::::
. ######:: ########:: ########::::: ##::::'#######:::::::::::::
:..... ##: ##.....::: ##.. ##:::::: ##::::........:::::::::::::
'##::: ##: ##:::::::: ##::. ##::::: ##:::::::::::::::::::::::::
. ######:: ##:::::::: ##:::. ##:::: ##:::::::::::::::::::::::::
:......:::..:::::::::..:::::..:::::..::::::::::::::::::::::::::
'########::::'###::::'##::: ##:'########::'########:'##::::'##:
... ##..::::'## ##::: ###:: ##: ##.... ##: ##.....:: ###::'###:
::: ##:::::'##:. ##:: ####: ##: ##:::: ##: ##::::::: ####'####:
::: ##::::'##:::. ##: ## ## ##: ##:::: ##: ######::: ## ### ##:
::: ##:::: #########: ##. ####: ##:::: ##: ##...:::: ##. #: ##:
::: ##:::: ##.... ##: ##:. ###: ##:::: ##: ##::::::: ##:.:: ##:
::: ##:::: ##:::: ##: ##::. ##: ########:: ########: ##:::: ##:
:::..:::::..:::::..::..::::..::........:::........::..:::::..::

2023-04-28 13:45:42.554 | INFO     | models.temporal_integrators:summarize:571 - [34mofficial PyTorch implementation.[0m
2023-04-28 13:45:43.047 | INFO     | models.temporal_integrators:summarize:593 - Network summary:
===============================================================================================
Layer (type:depth-idx)                        Output Shape              Param #
===============================================================================================
TANDEMformer                                  [150, 50, 3, 3]           259
├─TransformerEncoder: 1-1                     [7350, 1, 128]            --
│    └─ModuleList: 2-2                        --                        (recursive)
│    │    └─TransformerEncoderLayer: 3-1      [7350, 1, 128]            74,912
│    │    └─TransformerEncoderLayer: 3-2      [7350, 1, 128]            74,912
├─Linear: 1-2                                 [7350, 64]                8,256
├─Dropout: 1-3                                [7350, 64]                --
├─TransformerEncoder: 1-4                     [7350, 2, 128]            (recursive)
│    └─ModuleList: 2-2                        --                        (recursive)
│    │    └─TransformerEncoderLayer: 3-3      [7350, 2, 128]            (recursive)
│    │    └─TransformerEncoderLayer: 3-4      [7350, 2, 128]            (recursive)
├─Linear: 1-5                                 [7350, 64]                (recursive)
├─Dropout: 1-6                                [7350, 64]                --
├─LayerNorm: 1-7                              [7350, 64]                128
├─Linear: 1-8                                 [7350, 3]                 195
├─LayerNorm: 1-9                              [7350, 64]                (recursive)
├─Linear: 1-10                                [7350, 3]                 (recursive)
===============================================================================================
Total params: 158,662
Trainable params: 158,662
Non-trainable params: 0
Total mult-adds (M): 386.71
===============================================================================================
Input size (MB): 3.84
Forward/backward pass size (MB): 162.17
Params size (MB): 0.11
Estimated Total Size (MB): 166.12
===============================================================================================
2023-04-28 13:45:43.048 | INFO     | models.temporal_integrators:summarize:594 - Example input shape: torch.Size([150, 50, 128])
2023-04-28 13:45:43.048 | INFO     | models.temporal_integrators:summarize:595 - Example output shape: torch.Size([150, 50, 3, 3])
2023-04-28 13:45:43.051 | INFO     | models.temporal_integrators:import_model:58 - model moved onto: [33mcuda.[0m
2023-04-28 13:45:43.053 | INFO     | models.optimizers:initialize_optimizer:44 - Optimizer:
RMSprop (
Parameter Group 0
    alpha: 0.99
    centered: False
    differentiable: False
    eps: 1e-08
    foreach: None
    lr: 0.00015239544339031293
    maximize: False
    momentum: 0
    weight_decay: 0.0002
)
2023-04-28 13:45:43.053 | INFO     | datasets.data_processing:lmdb_dataloaders:293 - loading data... 
2023-04-28 13:45:43.053 | INFO     | datasets.data_processing:lmdb_dataloaders:295 - If this process takes long, consider setting is_load_onto_memory=False or use LMDBIterableDataset.
2023-04-28 13:45:45.354 | INFO     | __main__:objective:356 - Starting epoch #0.
2023-04-28 13:45:56.209 | INFO     | utils.logging:log_training_results:280 - 
2023-04-28 13:45:56.210 | INFO     | utils.logging:log_training_results:281 - Global Step =      0
2023-04-28 13:45:56.210 | INFO     | utils.logging:log_training_results:282 - val mean(MacRec)_t: 0.3363400101661682
2023-04-28 13:45:56.211 | INFO     | utils.logging:log_training_results:287 - val mean ABSerr: 3.7831101417541504
2023-04-28 13:45:56.211 | INFO     | utils.logging:log_training_results:290 - val ausat from confmx: 0.3511849045753479
2023-04-28 13:45:56.211 | INFO     | utils.logging:log_training_results:301 - val MCE loss:1.18910 * 0.6000000000000001 * 0.06492
2023-04-28 13:45:56.212 | INFO     | utils.logging:log_training_results:309 - val LLLR :1.92449 * 0.1 * 0.46519
2023-04-28 13:45:56.212 | INFO     | utils.logging:log_training_results:317 - val weight decay:1439.95581 * 0.0002 * -0.19587
2023-04-28 13:45:57.168 | INFO     | utils.logging:save_sdre_imgs:710 - Figures saved.
2023-04-28 13:45:57.715 | INFO     | utils.logging:log_training_results:280 - 
2023-04-28 13:45:57.716 | INFO     | utils.logging:log_training_results:281 - Global Step =      0
2023-04-28 13:45:57.716 | INFO     | utils.logging:log_training_results:282 - train mean(MacRec)_t: 0.3375605046749115
2023-04-28 13:45:57.716 | INFO     | utils.logging:log_training_results:287 - train mean ABSerr: 4.025857448577881
2023-04-28 13:45:57.717 | INFO     | utils.logging:log_training_results:290 - train ausat from confmx: 0.3380885124206543
2023-04-28 13:45:57.717 | INFO     | utils.logging:log_training_results:301 - train MCE loss:1.21507 * 0.6000000000000001 * 0.06644
2023-04-28 13:45:57.718 | INFO     | utils.logging:log_training_results:309 - train LLLR :2.35744 * 0.1 * 0.46367
2023-04-28 13:45:57.718 | INFO     | utils.logging:log_training_results:317 - train weight decay:1439.95581 * 0.0002 * -0.19739
2023-04-28 13:47:21.386 | INFO     | utils.logging:log_training_results:280 - 
2023-04-28 13:47:21.387 | INFO     | utils.logging:log_training_results:281 - Global Step =    250
2023-04-28 13:47:21.388 | INFO     | utils.logging:log_training_results:282 - val mean(MacRec)_t: 0.8547266721725464
2023-04-28 13:47:21.388 | INFO     | utils.logging:log_training_results:287 - val mean ABSerr: 1.69747793674469
2023-04-28 13:47:21.388 | INFO     | utils.logging:log_training_results:290 - val ausat from confmx: 0.9716365337371826
2023-04-28 13:47:21.389 | INFO     | utils.logging:log_training_results:301 - val MCE loss:0.98889 * 0.6000000000000001 * 0.10711
2023-04-28 13:47:21.389 | INFO     | utils.logging:log_training_results:309 - val LLLR :0.36528 * 0.1 * 0.40551
2023-04-28 13:47:21.390 | INFO     | utils.logging:log_training_results:317 - val weight decay:1319.42053 * 0.0002 * -0.24367
2023-04-28 13:47:21.526 | INFO     | utils.checkpoint:update_and_save_result:168 - [36mBest value updated![0m
2023-04-28 13:47:21.540 | INFO     | utils.checkpoint:save_checkpoint:83 - [36mSaved checkpoint[0m at step 250.
2023-04-28 13:47:22.308 | INFO     | utils.logging:save_sdre_imgs:710 - Figures saved.
2023-04-28 13:47:22.874 | INFO     | utils.logging:log_training_results:280 - 
2023-04-28 13:47:22.874 | INFO     | utils.logging:log_training_results:281 - Global Step =    250
2023-04-28 13:47:22.875 | INFO     | utils.logging:log_training_results:282 - train mean(MacRec)_t: 0.7545027732849121
2023-04-28 13:47:22.875 | INFO     | utils.logging:log_training_results:287 - train mean ABSerr: 1.9896773099899292
2023-04-28 13:47:22.875 | INFO     | utils.logging:log_training_results:290 - train ausat from confmx: 0.8996394872665405
2023-04-28 13:47:22.876 | INFO     | utils.logging:log_training_results:301 - train MCE loss:1.00740 * 0.6000000000000001 * 0.10721
2023-04-28 13:47:22.876 | INFO     | utils.logging:log_training_results:309 - train LLLR :0.56798 * 0.1 * 0.40535
2023-04-28 13:47:22.877 | INFO     | utils.logging:log_training_results:317 - train weight decay:1319.42053 * 0.0002 * -0.24379
2023-04-28 13:48:05.869 | INFO     | __main__:objective:356 - Starting epoch #1.
2023-04-28 13:48:45.465 | INFO     | utils.logging:log_training_results:280 - 
2023-04-28 13:48:45.466 | INFO     | utils.logging:log_training_results:281 - Global Step =    500
2023-04-28 13:48:45.467 | INFO     | utils.logging:log_training_results:282 - val mean(MacRec)_t: 0.8546265959739685
2023-04-28 13:48:45.467 | INFO     | utils.logging:log_training_results:287 - val mean ABSerr: 1.673486351966858
2023-04-28 13:48:45.467 | INFO     | utils.logging:log_training_results:290 - val ausat from confmx: 0.9693350195884705
2023-04-28 13:48:45.468 | INFO     | utils.logging:log_training_results:301 - val MCE loss:0.98919 * 0.6000000000000001 * 0.13329
2023-04-28 13:48:45.468 | INFO     | utils.logging:log_training_results:309 - val LLLR :0.36517 * 0.1 * 0.36554
2023-04-28 13:48:45.469 | INFO     | utils.logging:log_training_results:317 - val weight decay:1228.97742 * 0.0002 * -0.27158
2023-04-28 13:48:46.371 | INFO     | utils.logging:save_sdre_imgs:710 - Figures saved.
2023-04-28 13:48:46.907 | INFO     | utils.logging:log_training_results:280 - 
2023-04-28 13:48:46.908 | INFO     | utils.logging:log_training_results:281 - Global Step =    500
2023-04-28 13:48:46.909 | INFO     | utils.logging:log_training_results:282 - train mean(MacRec)_t: 0.8229588866233826
2023-04-28 13:48:46.909 | INFO     | utils.logging:log_training_results:287 - train mean ABSerr: 1.837952733039856
2023-04-28 13:48:46.910 | INFO     | utils.logging:log_training_results:290 - train ausat from confmx: 0.9465278387069702
2023-04-28 13:48:46.910 | INFO     | utils.logging:log_training_results:301 - train MCE loss:0.98787 * 0.6000000000000001 * 0.13340
2023-04-28 13:48:46.911 | INFO     | utils.logging:log_training_results:309 - train LLLR :0.45113 * 0.1 * 0.36538
2023-04-28 13:48:46.911 | INFO     | utils.logging:log_training_results:317 - train weight decay:1228.97729 * 0.0002 * -0.27169
2023-04-28 13:50:09.314 | INFO     | utils.logging:log_training_results:280 - 
2023-04-28 13:50:09.315 | INFO     | utils.logging:log_training_results:281 - Global Step =    750
2023-04-28 13:50:09.315 | INFO     | utils.logging:log_training_results:282 - val mean(MacRec)_t: 0.8610633611679077
2023-04-28 13:50:09.315 | INFO     | utils.logging:log_training_results:287 - val mean ABSerr: 1.6140955686569214
2023-04-28 13:50:09.316 | INFO     | utils.logging:log_training_results:290 - val ausat from confmx: 0.9767678380012512
2023-04-28 13:50:09.316 | INFO     | utils.logging:log_training_results:301 - val MCE loss:0.98888 * 0.6000000000000001 * 0.16020
2023-04-28 13:50:09.317 | INFO     | utils.logging:log_training_results:309 - val LLLR :0.35043 * 0.1 * 0.32618
2023-04-28 13:50:09.317 | INFO     | utils.logging:log_training_results:317 - val weight decay:1132.02393 * 0.0002 * -0.29606
2023-04-28 13:50:09.454 | INFO     | utils.checkpoint:update_and_save_result:168 - [36mBest value updated![0m
2023-04-28 13:50:09.468 | INFO     | utils.checkpoint:save_checkpoint:83 - [36mSaved checkpoint[0m at step 750.
2023-04-28 13:50:09.470 | INFO     | utils.checkpoint:keep_max_num_saved_models:101 - Removed the oldest model for max_to_keep=1
2023-04-28 13:50:10.440 | INFO     | utils.logging:save_sdre_imgs:710 - Figures saved.
2023-04-28 13:50:11.005 | INFO     | utils.logging:log_training_results:280 - 
2023-04-28 13:50:11.006 | INFO     | utils.logging:log_training_results:281 - Global Step =    750
2023-04-28 13:50:11.006 | INFO     | utils.logging:log_training_results:282 - train mean(MacRec)_t: 0.8264794945716858
2023-04-28 13:50:11.006 | INFO     | utils.logging:log_training_results:287 - train mean ABSerr: 1.8230444192886353
2023-04-28 13:50:11.007 | INFO     | utils.logging:log_training_results:290 - train ausat from confmx: 0.9624409079551697
2023-04-28 13:50:11.007 | INFO     | utils.logging:log_training_results:301 - train MCE loss:0.98561 * 0.6000000000000001 * 0.16031
2023-04-28 13:50:11.008 | INFO     | utils.logging:log_training_results:309 - train LLLR :0.39231 * 0.1 * 0.32602
2023-04-28 13:50:11.008 | INFO     | utils.logging:log_training_results:317 - train weight decay:1132.02393 * 0.0002 * -0.29615
2023-04-28 13:50:25.235 | INFO     | __main__:objective:356 - Starting epoch #2.
2023-04-28 13:51:34.066 | INFO     | utils.logging:log_training_results:280 - 
2023-04-28 13:51:34.067 | INFO     | utils.logging:log_training_results:281 - Global Step =   1000
2023-04-28 13:51:34.067 | INFO     | utils.logging:log_training_results:282 - val mean(MacRec)_t: 0.8633267283439636
2023-04-28 13:51:34.068 | INFO     | utils.logging:log_training_results:287 - val mean ABSerr: 1.600947380065918
2023-04-28 13:51:34.068 | INFO     | utils.logging:log_training_results:290 - val ausat from confmx: 0.9783530235290527
2023-04-28 13:51:34.069 | INFO     | utils.logging:log_training_results:301 - val MCE loss:0.98862 * 0.6000000000000001 * 0.18841
2023-04-28 13:51:34.069 | INFO     | utils.logging:log_training_results:309 - val LLLR :0.34712 * 0.1 * 0.28696
2023-04-28 13:51:34.070 | INFO     | utils.logging:log_training_results:317 - val weight decay:1034.41199 * 0.0002 * -0.31340
2023-04-28 13:51:34.205 | INFO     | utils.checkpoint:update_and_save_result:168 - [36mBest value updated![0m
2023-04-28 13:51:34.220 | INFO     | utils.checkpoint:save_checkpoint:83 - [36mSaved checkpoint[0m at step 1000.
2023-04-28 13:51:34.222 | INFO     | utils.checkpoint:keep_max_num_saved_models:101 - Removed the oldest model for max_to_keep=1
2023-04-28 13:51:34.986 | INFO     | utils.logging:save_sdre_imgs:710 - Figures saved.
2023-04-28 13:51:35.528 | INFO     | utils.logging:log_training_results:280 - 
2023-04-28 13:51:35.529 | INFO     | utils.logging:log_training_results:281 - Global Step =   1000
2023-04-28 13:51:35.529 | INFO     | utils.logging:log_training_results:282 - train mean(MacRec)_t: 0.8376092910766602
2023-04-28 13:51:35.530 | INFO     | utils.logging:log_training_results:287 - train mean ABSerr: 1.818523645401001
2023-04-28 13:51:35.530 | INFO     | utils.logging:log_training_results:290 - train ausat from confmx: 0.9526190757751465
2023-04-28 13:51:35.530 | INFO     | utils.logging:log_training_results:301 - train MCE loss:0.98086 * 0.6000000000000001 * 0.18853
2023-04-28 13:51:35.531 | INFO     | utils.logging:log_training_results:309 - train LLLR :0.38503 * 0.1 * 0.28680
2023-04-28 13:51:35.531 | INFO     | utils.logging:log_training_results:317 - train weight decay:1034.41187 * 0.0002 * -0.31344
2023-04-28 13:52:33.746 | INFO     | __main__:objective:356 - Starting epoch #3.
2023-04-28 13:52:59.758 | INFO     | utils.logging:log_training_results:280 - 
2023-04-28 13:52:59.759 | INFO     | utils.logging:log_training_results:281 - Global Step =   1250
2023-04-28 13:52:59.760 | INFO     | utils.logging:log_training_results:282 - val mean(MacRec)_t: 0.8606899976730347
2023-04-28 13:52:59.760 | INFO     | utils.logging:log_training_results:287 - val mean ABSerr: 1.5701725482940674
2023-04-28 13:52:59.761 | INFO     | utils.logging:log_training_results:290 - val ausat from confmx: 0.9766885638237
2023-04-28 13:52:59.761 | INFO     | utils.logging:log_training_results:301 - val MCE loss:0.98960 * 0.6000000000000001 * 0.21774
2023-04-28 13:52:59.762 | INFO     | utils.logging:log_training_results:309 - val LLLR :0.34929 * 0.1 * 0.24808
2023-04-28 13:52:59.762 | INFO     | utils.logging:log_training_results:317 - val weight decay:940.82062 * 0.0002 * -0.31051
2023-04-28 13:53:00.691 | INFO     | utils.logging:save_sdre_imgs:710 - Figures saved.
2023-04-28 13:53:01.315 | INFO     | utils.logging:log_training_results:280 - 
2023-04-28 13:53:01.316 | INFO     | utils.logging:log_training_results:281 - Global Step =   1250
2023-04-28 13:53:01.316 | INFO     | utils.logging:log_training_results:282 - train mean(MacRec)_t: 0.856419563293457
2023-04-28 13:53:01.317 | INFO     | utils.logging:log_training_results:287 - train mean ABSerr: 1.7812381982803345
2023-04-28 13:53:01.317 | INFO     | utils.logging:log_training_results:290 - train ausat from confmx: 0.9790053367614746
2023-04-28 13:53:01.318 | INFO     | utils.logging:log_training_results:301 - train MCE loss:0.99135 * 0.6000000000000001 * 0.21786
2023-04-28 13:53:01.319 | INFO     | utils.logging:log_training_results:309 - train LLLR :0.37017 * 0.1 * 0.24792
2023-04-28 13:53:01.319 | INFO     | utils.logging:log_training_results:317 - train weight decay:940.82062 * 0.0002 * -0.31045
2023-04-28 13:54:25.423 | INFO     | utils.logging:log_training_results:280 - 
2023-04-28 13:54:25.424 | INFO     | utils.logging:log_training_results:281 - Global Step =   1500
2023-04-28 13:54:25.424 | INFO     | utils.logging:log_training_results:282 - val mean(MacRec)_t: 0.862333357334137
2023-04-28 13:54:25.425 | INFO     | utils.logging:log_training_results:287 - val mean ABSerr: 1.548365592956543
2023-04-28 13:54:25.425 | INFO     | utils.logging:log_training_results:290 - val ausat from confmx: 0.9779098033905029
2023-04-28 13:54:25.426 | INFO     | utils.logging:log_training_results:301 - val MCE loss:0.99012 * 0.6000000000000001 * 0.24790
2023-04-28 13:54:25.426 | INFO     | utils.logging:log_training_results:309 - val LLLR :0.34558 * 0.1 * 0.20988
2023-04-28 13:54:25.426 | INFO     | utils.logging:log_training_results:317 - val weight decay:854.44354 * 0.0002 * -0.29352
2023-04-28 13:54:26.316 | INFO     | utils.logging:save_sdre_imgs:710 - Figures saved.
2023-04-28 13:54:26.882 | INFO     | utils.logging:log_training_results:280 - 
2023-04-28 13:54:26.882 | INFO     | utils.logging:log_training_results:281 - Global Step =   1500
2023-04-28 13:54:26.883 | INFO     | utils.logging:log_training_results:282 - train mean(MacRec)_t: 0.8155770897865295
2023-04-28 13:54:26.883 | INFO     | utils.logging:log_training_results:287 - train mean ABSerr: 1.7001904249191284
2023-04-28 13:54:26.883 | INFO     | utils.logging:log_training_results:290 - train ausat from confmx: 0.9516708254814148
2023-04-28 13:54:26.884 | INFO     | utils.logging:log_training_results:301 - train MCE loss:0.99616 * 0.6000000000000001 * 0.24802
2023-04-28 13:54:26.884 | INFO     | utils.logging:log_training_results:309 - train LLLR :0.42770 * 0.1 * 0.20975
2023-04-28 13:54:26.885 | INFO     | utils.logging:log_training_results:317 - train weight decay:854.44360 * 0.0002 * -0.29346
2023-04-28 13:54:56.223 | INFO     | __main__:objective:356 - Starting epoch #4.
2023-04-28 13:55:51.402 | INFO     | utils.logging:log_training_results:280 - 
2023-04-28 13:55:51.403 | INFO     | utils.logging:log_training_results:281 - Global Step =   1750
2023-04-28 13:55:51.404 | INFO     | utils.logging:log_training_results:282 - val mean(MacRec)_t: 0.8616966009140015
2023-04-28 13:55:51.404 | INFO     | utils.logging:log_training_results:287 - val mean ABSerr: 1.48622465133667
2023-04-28 13:55:51.404 | INFO     | utils.logging:log_training_results:290 - val ausat from confmx: 0.9775884747505188
2023-04-28 13:55:51.405 | INFO     | utils.logging:log_training_results:301 - val MCE loss:0.99160 * 0.6000000000000001 * 0.27866
2023-04-28 13:55:51.405 | INFO     | utils.logging:log_training_results:309 - val LLLR :0.34362 * 0.1 * 0.17356
2023-04-28 13:55:51.406 | INFO     | utils.logging:log_training_results:317 - val weight decay:781.96649 * 0.0002 * -0.27991
2023-04-28 13:55:52.296 | INFO     | utils.logging:save_sdre_imgs:710 - Figures saved.
2023-04-28 13:55:52.860 | INFO     | utils.logging:log_training_results:280 - 
2023-04-28 13:55:52.861 | INFO     | utils.logging:log_training_results:281 - Global Step =   1750
2023-04-28 13:55:52.861 | INFO     | utils.logging:log_training_results:282 - train mean(MacRec)_t: 0.8442192673683167
2023-04-28 13:55:52.861 | INFO     | utils.logging:log_training_results:287 - train mean ABSerr: 1.691303014755249
2023-04-28 13:55:52.862 | INFO     | utils.logging:log_training_results:290 - train ausat from confmx: 0.9513222575187683
2023-04-28 13:55:52.862 | INFO     | utils.logging:log_training_results:301 - train MCE loss:0.98416 * 0.6000000000000001 * 0.27879
2023-04-28 13:55:52.863 | INFO     | utils.logging:log_training_results:309 - train LLLR :0.39073 * 0.1 * 0.17344
2023-04-28 13:55:52.863 | INFO     | utils.logging:log_training_results:317 - train weight decay:781.96643 * 0.0002 * -0.27986
2023-04-28 13:57:06.401 | INFO     | __main__:objective:356 - Starting epoch #5.
2023-04-28 13:57:17.434 | INFO     | utils.logging:log_training_results:280 - 
2023-04-28 13:57:17.435 | INFO     | utils.logging:log_training_results:281 - Global Step =   2000
2023-04-28 13:57:17.435 | INFO     | utils.logging:log_training_results:282 - val mean(MacRec)_t: 0.8600133061408997
2023-04-28 13:57:17.436 | INFO     | utils.logging:log_training_results:287 - val mean ABSerr: 1.3980227708816528
2023-04-28 13:57:17.436 | INFO     | utils.logging:log_training_results:290 - val ausat from confmx: 0.9747210144996643
2023-04-28 13:57:17.436 | INFO     | utils.logging:log_training_results:301 - val MCE loss:0.99463 * 0.6000000000000001 * 0.30985
2023-04-28 13:57:17.437 | INFO     | utils.logging:log_training_results:309 - val LLLR :0.34186 * 0.1 * 0.14409
2023-04-28 13:57:17.437 | INFO     | utils.logging:log_training_results:317 - val weight decay:725.88019 * 0.0002 * -0.26947
2023-04-28 13:57:18.357 | INFO     | utils.logging:save_sdre_imgs:710 - Figures saved.
2023-04-28 13:57:18.899 | INFO     | utils.logging:log_training_results:280 - 
2023-04-28 13:57:18.899 | INFO     | utils.logging:log_training_results:281 - Global Step =   2000
2023-04-28 13:57:18.900 | INFO     | utils.logging:log_training_results:282 - train mean(MacRec)_t: 0.8372622728347778
2023-04-28 13:57:18.900 | INFO     | utils.logging:log_training_results:287 - train mean ABSerr: 1.5015342235565186
2023-04-28 13:57:18.900 | INFO     | utils.logging:log_training_results:290 - train ausat from confmx: 0.975738525390625
2023-04-28 13:57:18.901 | INFO     | utils.logging:log_training_results:301 - train MCE loss:0.98509 * 0.6000000000000001 * 0.30998
2023-04-28 13:57:18.901 | INFO     | utils.logging:log_training_results:309 - train LLLR :0.36276 * 0.1 * 0.14400
2023-04-28 13:57:18.902 | INFO     | utils.logging:log_training_results:317 - train weight decay:725.88019 * 0.0002 * -0.26944
2023-04-28 13:58:43.881 | INFO     | utils.logging:log_training_results:280 - 
2023-04-28 13:58:43.882 | INFO     | utils.logging:log_training_results:281 - Global Step =   2250
2023-04-28 13:58:43.882 | INFO     | utils.logging:log_training_results:282 - val mean(MacRec)_t: 0.8622933626174927
2023-04-28 13:58:43.882 | INFO     | utils.logging:log_training_results:287 - val mean ABSerr: 1.3395943641662598
2023-04-28 13:58:43.883 | INFO     | utils.logging:log_training_results:290 - val ausat from confmx: 0.9792099595069885
2023-04-28 13:58:43.883 | INFO     | utils.logging:log_training_results:301 - val MCE loss:0.99591 * 0.6000000000000001 * 0.34134
2023-04-28 13:58:43.884 | INFO     | utils.logging:log_training_results:309 - val LLLR :0.33741 * 0.1 * 0.13443
2023-04-28 13:58:43.884 | INFO     | utils.logging:log_training_results:317 - val weight decay:682.18085 * 0.0002 * -0.26119
2023-04-28 13:58:44.017 | INFO     | utils.checkpoint:update_and_save_result:168 - [36mBest value updated![0m
2023-04-28 13:58:44.031 | INFO     | utils.checkpoint:save_checkpoint:83 - [36mSaved checkpoint[0m at step 2250.
2023-04-28 13:58:44.034 | INFO     | utils.checkpoint:keep_max_num_saved_models:101 - Removed the oldest model for max_to_keep=1
2023-04-28 13:58:44.816 | INFO     | utils.logging:save_sdre_imgs:710 - Figures saved.
2023-04-28 13:58:45.369 | INFO     | utils.logging:log_training_results:280 - 
2023-04-28 13:58:45.369 | INFO     | utils.logging:log_training_results:281 - Global Step =   2250
2023-04-28 13:58:45.370 | INFO     | utils.logging:log_training_results:282 - train mean(MacRec)_t: 0.8315877318382263
2023-04-28 13:58:45.370 | INFO     | utils.logging:log_training_results:287 - train mean ABSerr: 1.4055266380310059
2023-04-28 13:58:45.370 | INFO     | utils.logging:log_training_results:290 - train ausat from confmx: 0.9495833516120911
2023-04-28 13:58:45.371 | INFO     | utils.logging:log_training_results:301 - train MCE loss:1.01215 * 0.6000000000000001 * 0.34147
2023-04-28 13:58:45.371 | INFO     | utils.logging:log_training_results:309 - train LLLR :0.41178 * 0.1 * 0.13461
2023-04-28 13:58:45.372 | INFO     | utils.logging:log_training_results:317 - train weight decay:682.18085 * 0.0002 * -0.26115
2023-04-28 13:59:29.677 | INFO     | __main__:objective:356 - Starting epoch #6.
2023-04-28 14:00:10.398 | INFO     | utils.logging:log_training_results:280 - 
2023-04-28 14:00:10.401 | INFO     | utils.logging:log_training_results:281 - Global Step =   2500
2023-04-28 14:00:10.401 | INFO     | utils.logging:log_training_results:282 - val mean(MacRec)_t: 0.8617866039276123
2023-04-28 14:00:10.402 | INFO     | utils.logging:log_training_results:287 - val mean ABSerr: 1.297946810722351
2023-04-28 14:00:10.402 | INFO     | utils.logging:log_training_results:290 - val ausat from confmx: 0.9771111607551575
2023-04-28 14:00:10.403 | INFO     | utils.logging:log_training_results:301 - val MCE loss:0.99755 * 0.6000000000000001 * 0.37290
2023-04-28 14:00:10.403 | INFO     | utils.logging:log_training_results:309 - val LLLR :0.33570 * 0.1 * 0.13373
2023-04-28 14:00:10.404 | INFO     | utils.logging:log_training_results:317 - val weight decay:643.09973 * 0.0002 * -0.25364
2023-04-28 14:00:11.476 | INFO     | utils.logging:save_sdre_imgs:710 - Figures saved.
2023-04-28 14:00:12.039 | INFO     | utils.logging:log_training_results:280 - 
2023-04-28 14:00:12.040 | INFO     | utils.logging:log_training_results:281 - Global Step =   2500
2023-04-28 14:00:12.040 | INFO     | utils.logging:log_training_results:282 - train mean(MacRec)_t: 0.8181938529014587
2023-04-28 14:00:12.040 | INFO     | utils.logging:log_training_results:287 - train mean ABSerr: 1.3912607431411743
2023-04-28 14:00:12.041 | INFO     | utils.logging:log_training_results:290 - train ausat from confmx: 0.9419659972190857
2023-04-28 14:00:12.041 | INFO     | utils.logging:log_training_results:301 - train MCE loss:1.01180 * 0.6000000000000001 * 0.37303
2023-04-28 14:00:12.041 | INFO     | utils.logging:log_training_results:309 - train LLLR :0.39847 * 0.1 * 0.13393
2023-04-28 14:00:12.042 | INFO     | utils.logging:log_training_results:317 - train weight decay:643.09973 * 0.0002 * -0.25352
2023-04-28 14:01:34.419 | INFO     | utils.logging:log_training_results:280 - 
2023-04-28 14:01:34.420 | INFO     | utils.logging:log_training_results:281 - Global Step =   2750
2023-04-28 14:01:34.420 | INFO     | utils.logging:log_training_results:282 - val mean(MacRec)_t: 0.8621399998664856
2023-04-28 14:01:34.421 | INFO     | utils.logging:log_training_results:287 - val mean ABSerr: 1.2394322156906128
2023-04-28 14:01:34.421 | INFO     | utils.logging:log_training_results:290 - val ausat from confmx: 0.9777554273605347
2023-04-28 14:01:34.422 | INFO     | utils.logging:log_training_results:301 - val MCE loss:1.00024 * 0.6000000000000001 * 0.40435
2023-04-28 14:01:34.422 | INFO     | utils.logging:log_training_results:309 - val LLLR :0.33478 * 0.1 * 0.13234
2023-04-28 14:01:34.423 | INFO     | utils.logging:log_training_results:317 - val weight decay:605.90460 * 0.0002 * -0.24623
2023-04-28 14:01:35.338 | INFO     | utils.logging:save_sdre_imgs:710 - Figures saved.
2023-04-28 14:01:35.879 | INFO     | utils.logging:log_training_results:280 - 
2023-04-28 14:01:35.879 | INFO     | utils.logging:log_training_results:281 - Global Step =   2750
2023-04-28 14:01:35.880 | INFO     | utils.logging:log_training_results:282 - train mean(MacRec)_t: 0.8813392519950867
2023-04-28 14:01:35.880 | INFO     | utils.logging:log_training_results:287 - train mean ABSerr: 1.416082501411438
2023-04-28 14:01:35.881 | INFO     | utils.logging:log_training_results:290 - train ausat from confmx: 0.9901537895202637
2023-04-28 14:01:35.881 | INFO     | utils.logging:log_training_results:301 - train MCE loss:0.99503 * 0.6000000000000001 * 0.40448
2023-04-28 14:01:35.881 | INFO     | utils.logging:log_training_results:309 - train LLLR :0.30472 * 0.1 * 0.13211
2023-04-28 14:01:35.882 | INFO     | utils.logging:log_training_results:317 - train weight decay:605.90460 * 0.0002 * -0.24605
2023-04-28 14:01:50.131 | INFO     | __main__:objective:356 - Starting epoch #7.
2023-04-28 14:03:00.783 | INFO     | utils.logging:log_training_results:280 - 
2023-04-28 14:03:00.783 | INFO     | utils.logging:log_training_results:281 - Global Step =   3000
2023-04-28 14:03:00.784 | INFO     | utils.logging:log_training_results:282 - val mean(MacRec)_t: 0.8626066446304321
2023-04-28 14:03:00.784 | INFO     | utils.logging:log_training_results:287 - val mean ABSerr: 1.2056931257247925
2023-04-28 14:03:00.785 | INFO     | utils.logging:log_training_results:290 - val ausat from confmx: 0.977674126625061
2023-04-28 14:03:00.785 | INFO     | utils.logging:log_training_results:301 - val MCE loss:1.00084 * 0.6000000000000001 * 0.43546
2023-04-28 14:03:00.785 | INFO     | utils.logging:log_training_results:309 - val LLLR :0.33240 * 0.1 * 0.13229
2023-04-28 14:03:00.786 | INFO     | utils.logging:log_training_results:317 - val weight decay:570.15869 * 0.0002 * -0.23886
2023-04-28 14:03:01.662 | INFO     | utils.logging:save_sdre_imgs:710 - Figures saved.
2023-04-28 14:03:02.226 | INFO     | utils.logging:log_training_results:280 - 
2023-04-28 14:03:02.227 | INFO     | utils.logging:log_training_results:281 - Global Step =   3000
2023-04-28 14:03:02.227 | INFO     | utils.logging:log_training_results:282 - train mean(MacRec)_t: 0.8719598054885864
2023-04-28 14:03:02.228 | INFO     | utils.logging:log_training_results:287 - train mean ABSerr: 1.4051182270050049
2023-04-28 14:03:02.228 | INFO     | utils.logging:log_training_results:290 - train ausat from confmx: 0.9698652029037476
2023-04-28 14:03:02.228 | INFO     | utils.logging:log_training_results:301 - train MCE loss:0.99270 * 0.6000000000000001 * 0.43559
2023-04-28 14:03:02.229 | INFO     | utils.logging:log_training_results:309 - train LLLR :0.31644 * 0.1 * 0.13212
2023-04-28 14:03:02.229 | INFO     | utils.logging:log_training_results:317 - train weight decay:570.15869 * 0.0002 * -0.23867
2023-04-28 14:04:03.682 | INFO     | __main__:objective:356 - Starting epoch #8.
2023-04-28 14:04:30.386 | INFO     | utils.logging:log_training_results:280 - 
2023-04-28 14:04:30.387 | INFO     | utils.logging:log_training_results:281 - Global Step =   3250
2023-04-28 14:04:30.388 | INFO     | utils.logging:log_training_results:282 - val mean(MacRec)_t: 0.8628100156784058
2023-04-28 14:04:30.388 | INFO     | utils.logging:log_training_results:287 - val mean ABSerr: 1.1804651021957397
2023-04-28 14:04:30.388 | INFO     | utils.logging:log_training_results:290 - val ausat from confmx: 0.9775424599647522
2023-04-28 14:04:30.389 | INFO     | utils.logging:log_training_results:301 - val MCE loss:1.00093 * 0.6000000000000001 * 0.46593
2023-04-28 14:04:30.389 | INFO     | utils.logging:log_training_results:309 - val LLLR :0.33134 * 0.1 * 0.13230
2023-04-28 14:04:30.389 | INFO     | utils.logging:log_training_results:317 - val weight decay:535.90051 * 0.0002 * -0.23158
2023-04-28 14:04:31.295 | INFO     | utils.logging:save_sdre_imgs:710 - Figures saved.
2023-04-28 14:04:31.848 | INFO     | utils.logging:log_training_results:280 - 
2023-04-28 14:04:31.849 | INFO     | utils.logging:log_training_results:281 - Global Step =   3250
2023-04-28 14:04:31.849 | INFO     | utils.logging:log_training_results:282 - train mean(MacRec)_t: 0.8586964011192322
2023-04-28 14:04:31.850 | INFO     | utils.logging:log_training_results:287 - train mean ABSerr: 1.2507766485214233
2023-04-28 14:04:31.850 | INFO     | utils.logging:log_training_results:290 - train ausat from confmx: 0.9728377461433411
2023-04-28 14:04:31.851 | INFO     | utils.logging:log_training_results:301 - train MCE loss:1.00506 * 0.6000000000000001 * 0.46606
2023-04-28 14:04:31.851 | INFO     | utils.logging:log_training_results:309 - train LLLR :0.35086 * 0.1 * 0.13230
2023-04-28 14:04:31.851 | INFO     | utils.logging:log_training_results:317 - train weight decay:535.90051 * 0.0002 * -0.23138
2023-04-28 14:05:58.816 | INFO     | utils.logging:log_training_results:280 - 
2023-04-28 14:05:58.816 | INFO     | utils.logging:log_training_results:281 - Global Step =   3500
2023-04-28 14:05:58.817 | INFO     | utils.logging:log_training_results:282 - val mean(MacRec)_t: 0.8627999424934387
2023-04-28 14:05:58.817 | INFO     | utils.logging:log_training_results:287 - val mean ABSerr: 1.1061283349990845
2023-04-28 14:05:58.818 | INFO     | utils.logging:log_training_results:290 - val ausat from confmx: 0.9771242737770081
2023-04-28 14:05:58.818 | INFO     | utils.logging:log_training_results:301 - val MCE loss:1.00285 * 0.6000000000000001 * 0.49497
2023-04-28 14:05:58.819 | INFO     | utils.logging:log_training_results:309 - val LLLR :0.33033 * 0.1 * 0.13040
2023-04-28 14:05:58.819 | INFO     | utils.logging:log_training_results:317 - val weight decay:502.37668 * 0.0002 * -0.22422
2023-04-28 14:05:59.819 | INFO     | utils.logging:save_sdre_imgs:710 - Figures saved.
2023-04-28 14:06:00.370 | INFO     | utils.logging:log_training_results:280 - 
2023-04-28 14:06:00.371 | INFO     | utils.logging:log_training_results:281 - Global Step =   3500
2023-04-28 14:06:00.371 | INFO     | utils.logging:log_training_results:282 - train mean(MacRec)_t: 0.8606701493263245
2023-04-28 14:06:00.371 | INFO     | utils.logging:log_training_results:287 - train mean ABSerr: 1.283226490020752
2023-04-28 14:06:00.372 | INFO     | utils.logging:log_training_results:290 - train ausat from confmx: 0.9784626364707947
2023-04-28 14:06:00.372 | INFO     | utils.logging:log_training_results:301 - train MCE loss:0.99770 * 0.6000000000000001 * 0.49509
2023-04-28 14:06:00.373 | INFO     | utils.logging:log_training_results:309 - train LLLR :0.35462 * 0.1 * 0.13047
2023-04-28 14:06:00.373 | INFO     | utils.logging:log_training_results:317 - train weight decay:502.37665 * 0.0002 * -0.22403
2023-04-28 14:06:30.336 | INFO     | __main__:objective:356 - Starting epoch #9.
2023-04-28 14:07:28.543 | INFO     | utils.logging:log_training_results:280 - 
2023-04-28 14:07:28.544 | INFO     | utils.logging:log_training_results:281 - Global Step =   3750
2023-04-28 14:07:28.544 | INFO     | utils.logging:log_training_results:282 - val mean(MacRec)_t: 0.8645066618919373
2023-04-28 14:07:28.545 | INFO     | utils.logging:log_training_results:287 - val mean ABSerr: 1.0816404819488525
2023-04-28 14:07:28.545 | INFO     | utils.logging:log_training_results:290 - val ausat from confmx: 0.9790358543395996
2023-04-28 14:07:28.546 | INFO     | utils.logging:log_training_results:301 - val MCE loss:1.00181 * 0.6000000000000001 * 0.52112
2023-04-28 14:07:28.546 | INFO     | utils.logging:log_training_results:309 - val LLLR :0.32742 * 0.1 * 0.13045
2023-04-28 14:07:28.546 | INFO     | utils.logging:log_training_results:317 - val weight decay:470.14850 * 0.0002 * -0.21692
2023-04-28 14:07:29.469 | INFO     | utils.logging:save_sdre_imgs:710 - Figures saved.
2023-04-28 14:07:30.024 | INFO     | utils.logging:log_training_results:280 - 
2023-04-28 14:07:30.024 | INFO     | utils.logging:log_training_results:281 - Global Step =   3750
2023-04-28 14:07:30.024 | INFO     | utils.logging:log_training_results:282 - train mean(MacRec)_t: 0.8718279600143433
2023-04-28 14:07:30.025 | INFO     | utils.logging:log_training_results:287 - train mean ABSerr: 1.161424994468689
2023-04-28 14:07:30.025 | INFO     | utils.logging:log_training_results:290 - train ausat from confmx: 0.9759677052497864
2023-04-28 14:07:30.026 | INFO     | utils.logging:log_training_results:301 - train MCE loss:1.00478 * 0.6000000000000001 * 0.52122
2023-04-28 14:07:30.026 | INFO     | utils.logging:log_training_results:309 - train LLLR :0.31381 * 0.1 * 0.13032
2023-04-28 14:07:30.026 | INFO     | utils.logging:log_training_results:317 - train weight decay:470.14847 * 0.0002 * -0.21671
2023-04-28 14:08:45.807 | INFO     | utils.logging:investigate_log:155 - num_warning=0/num_error=0 in the .log file.
2023-04-28 14:08:45.995 | INFO     | optuna.study.study:_log_completed_trial:1020 - Trial 33 finished with value: 0.020790040493011475 and parameters: {'LIST_IS_POSITIONAL_ENCODING': False, 'LIST_MODEL_BACKBONE': 'Transformer', 'LIST_WEIGHT_DECAY': 0.0002, 'LIST_LEARNING_RATE': 0.00015239544339031293, 'LIST_LLLR_VERSION': 'LSEL', 'LIST_ACTIVATION_FC': 'B2BsqrtV2', 'LIST_PARAM_MULTIPLET_LOSS': 0.6000000000000001, 'LIST_PARAM_LLR_LOSS': 0.1, 'LIST_IS_ADAPTIVE_LOSS': True, 'LIST_ORDER_SPRT': 1, 'LIST_OPTIMIZER': 'rmsprop', 'LIST_IS_NORMALIZE': True, 'LIST_NUM_THRESH': 1500, 'LIST_SPARSITY': 'logspace', 'LIST_NUM_BLOCKS': 2, 'LIST_NUM_HEADS': 2, 'LIST_DROPOUT': 0.1, 'LIST_FF_DIM': 32, 'LIST_MLP_UNITS': 64}. Best is trial 31 with value: 0.017410576343536377.
2023-04-28 14:08:46.012 | INFO     | utils.hyperparameter_tuning:suggest_parameters:560 - [33mStarting a tuning phase.[0m
2023-04-28 14:08:46.424 | INFO     | utils.hyperparameter_tuning:print:394 - 
+------------------------------------------+
|   Hyperparameteres suggested by Optuna   |
+------------------------+-----------------+
|     Parameter name     | Suggested value |
+------------------------+-----------------+
|     ACTIVATION_FC      |       relu      |
|    ACTIVATION_INPUT    |       tanh      |
|   ACTIVATION_OUTPUT    |     B2Bsqrt     |
|    IS_ADAPTIVE_LOSS    |       True      |
|      IS_NORMALIZE      |       True      |
| IS_POSITIONAL_ENCODING |       True      |
| IS_TRAINABLE_ENCODING  |      False      |
|     LEARNING_RATE      |    2.7214e-05   |
|      LLLR_VERSION      |       LSEL      |
|     MODEL_BACKBONE     |       LSTM      |
|       NUM_THRESH       |       1500      |
|       OPTIMIZER        |     rmsprop     |
|       ORDER_SPRT       |        0        |
|     PARAM_LLR_LOSS     |       0.2       |
|  PARAM_MULTIPLET_LOSS  |       0.7       |
|        SPARSITY        |     logspace    |
|      WEIGHT_DECAY      |      0.0004     |
|       WIDTH_LSTM       |        17       |
+------------------------+-----------------+
2023-04-28 14:08:46.425 | INFO     | utils.misc:create_directories_and_log:291 - [33mA new log directory was created: [0m/home/afe/Dropbox/GitHub/SPRT-TANDEM-PyTorch/logs/public_offset0_5_optimausat_confmx_tuning/checkpoints/LSTM_20230428_140846424/configs
2023-04-28 14:08:46.426 | INFO     | utils.misc:create_directories_and_log:291 - [33mA new log directory was created: [0m/home/afe/Dropbox/GitHub/SPRT-TANDEM-PyTorch/logs/public_offset0_5_optimausat_confmx_tuning/TensorBoard_events/LSTM_20230428_140846424
