2023-04-28 17:57:57.385 | INFO     | utils.misc:fix_random_seed:405 - Random seed is not fixed.
2023-04-28 17:57:57.414 | INFO     | models.temporal_integrators:summarize:568 - 
:'######::'########::'########::'########::::::::::::::::::::::
'##... ##: ##.... ##: ##.... ##:... ##..:::::::::::::::::::::::
 ##:::..:: ##:::: ##: ##:::: ##:::: ##:::::::::::::::::::::::::
. ######:: ########:: ########::::: ##::::'#######:::::::::::::
:..... ##: ##.....::: ##.. ##:::::: ##::::........:::::::::::::
'##::: ##: ##:::::::: ##::. ##::::: ##:::::::::::::::::::::::::
. ######:: ##:::::::: ##:::. ##:::: ##:::::::::::::::::::::::::
:......:::..:::::::::..:::::..:::::..::::::::::::::::::::::::::
'########::::'###::::'##::: ##:'########::'########:'##::::'##:
... ##..::::'## ##::: ###:: ##: ##.... ##: ##.....:: ###::'###:
::: ##:::::'##:. ##:: ####: ##: ##:::: ##: ##::::::: ####'####:
::: ##::::'##:::. ##: ## ## ##: ##:::: ##: ######::: ## ### ##:
::: ##:::: #########: ##. ####: ##:::: ##: ##...:::: ##. #: ##:
::: ##:::: ##.... ##: ##:. ###: ##:::: ##: ##::::::: ##:.:: ##:
::: ##:::: ##:::: ##: ##::. ##: ########:: ########: ##:::: ##:
:::..:::::..:::::..::..::::..::........:::........::..:::::..::

2023-04-28 17:57:57.415 | INFO     | models.temporal_integrators:summarize:571 - [34mofficial PyTorch implementation.[0m
2023-04-28 17:57:57.487 | INFO     | models.temporal_integrators:summarize:593 - Network summary:
===============================================================================================
Layer (type:depth-idx)                        Output Shape              Param #
===============================================================================================
TANDEMformer                                  [150, 50, 3, 3]           3
├─PositionalEncoding: 1-1                     [7200, 1, 128]            --
│    └─Dropout: 2-1                           [1, 7200, 128]            --
├─TransformerEncoder: 1-2                     [7200, 1, 128]            --
│    └─ModuleList: 2-6                        --                        (recursive)
│    │    └─TransformerEncoderLayer: 3-1      [7200, 1, 128]            74,912
├─Linear: 1-3                                 [7200, 32]                4,128
├─Dropout: 1-4                                [7200, 32]                --
├─PositionalEncoding: 1-5                     [7200, 2, 128]            --
│    └─Dropout: 2-3                           [2, 7200, 128]            --
├─TransformerEncoder: 1-6                     [7200, 2, 128]            (recursive)
│    └─ModuleList: 2-6                        --                        (recursive)
│    │    └─TransformerEncoderLayer: 3-2      [7200, 2, 128]            (recursive)
├─Linear: 1-7                                 [7200, 32]                (recursive)
├─Dropout: 1-8                                [7200, 32]                --
├─PositionalEncoding: 1-9                     [7200, 3, 128]            --
│    └─Dropout: 2-5                           [3, 7200, 128]            --
├─TransformerEncoder: 1-10                    [7200, 3, 128]            (recursive)
│    └─ModuleList: 2-6                        --                        (recursive)
│    │    └─TransformerEncoderLayer: 3-3      [7200, 3, 128]            (recursive)
├─Linear: 1-11                                [7200, 32]                (recursive)
├─Dropout: 1-12                               [7200, 32]                --
├─ReLU: 1-13                                  [7200, 32]                --
├─Linear: 1-14                                [7200, 3]                 99
├─ReLU: 1-15                                  [7200, 32]                --
├─Linear: 1-16                                [7200, 3]                 (recursive)
├─ReLU: 1-17                                  [7200, 32]                --
├─Linear: 1-18                                [7200, 3]                 (recursive)
===============================================================================================
Total params: 79,142
Trainable params: 79,142
Non-trainable params: 0
Total mult-adds (M): 91.30
===============================================================================================
Input size (MB): 3.84
Forward/backward pass size (MB): 6.05
Params size (MB): 0.02
Estimated Total Size (MB): 9.90
===============================================================================================
2023-04-28 17:57:57.487 | INFO     | models.temporal_integrators:summarize:594 - Example input shape: torch.Size([150, 50, 128])
2023-04-28 17:57:57.488 | INFO     | models.temporal_integrators:summarize:595 - Example output shape: torch.Size([150, 50, 3, 3])
2023-04-28 17:57:57.490 | INFO     | models.temporal_integrators:import_model:58 - model moved onto: [33mcuda.[0m
2023-04-28 17:57:57.491 | INFO     | models.optimizers:initialize_optimizer:44 - Optimizer:
RMSprop (
Parameter Group 0
    alpha: 0.99
    centered: False
    differentiable: False
    eps: 1e-08
    foreach: None
    lr: 0.00022738110013029525
    maximize: False
    momentum: 0
    weight_decay: 0.0001
)
2023-04-28 17:57:57.492 | INFO     | datasets.data_processing:lmdb_dataloaders:293 - loading data... 
2023-04-28 17:57:57.493 | INFO     | datasets.data_processing:lmdb_dataloaders:295 - If this process takes long, consider setting is_load_onto_memory=False or use LMDBIterableDataset.
2023-04-28 17:57:59.811 | INFO     | __main__:objective:356 - Starting epoch #0.
2023-04-28 17:58:02.191 | INFO     | utils.logging:log_training_results:280 - 
2023-04-28 17:58:02.192 | INFO     | utils.logging:log_training_results:281 - Global Step =      0
2023-04-28 17:58:02.192 | INFO     | utils.logging:log_training_results:282 - val mean(MacRec)_t: 0.35281333327293396
2023-04-28 17:58:02.193 | INFO     | utils.logging:log_training_results:287 - val mean ABSerr: 3.515096664428711
2023-04-28 17:58:02.193 | INFO     | utils.logging:log_training_results:290 - val ausat from confmx: 0.3633006513118744
2023-04-28 17:58:02.193 | INFO     | utils.logging:log_training_results:301 - val MCE loss:1.10334 * 0.8 * -0.92350
2023-04-28 17:58:02.194 | INFO     | utils.logging:log_training_results:309 - val LLLR :1.21585 * 0.5 * 1.12480
2023-04-28 17:58:02.194 | INFO     | utils.logging:log_training_results:317 - val weight decay:563.56329 * 0.0001 * -1.44500
2023-04-28 17:58:03.162 | INFO     | utils.logging:save_sdre_imgs:710 - Figures saved.
2023-04-28 17:58:03.481 | INFO     | utils.logging:log_training_results:280 - 
2023-04-28 17:58:03.482 | INFO     | utils.logging:log_training_results:281 - Global Step =      0
2023-04-28 17:58:03.482 | INFO     | utils.logging:log_training_results:282 - train mean(MacRec)_t: 0.35821494460105896
2023-04-28 17:58:03.483 | INFO     | utils.logging:log_training_results:287 - train mean ABSerr: 3.5208964347839355
2023-04-28 17:58:03.483 | INFO     | utils.logging:log_training_results:290 - train ausat from confmx: 0.36881595849990845
2023-04-28 17:58:03.483 | INFO     | utils.logging:log_training_results:301 - train MCE loss:1.10086 * 0.8 * -0.92123
2023-04-28 17:58:03.484 | INFO     | utils.logging:log_training_results:309 - train LLLR :1.28606 * 0.5 * 1.12253
2023-04-28 17:58:03.484 | INFO     | utils.logging:log_training_results:317 - train weight decay:563.56329 * 0.0001 * -1.44273
2023-04-28 17:58:25.127 | INFO     | utils.logging:log_training_results:280 - 
2023-04-28 17:58:25.128 | INFO     | utils.logging:log_training_results:281 - Global Step =    250
2023-04-28 17:58:25.128 | INFO     | utils.logging:log_training_results:282 - val mean(MacRec)_t: 0.846256673336029
2023-04-28 17:58:25.129 | INFO     | utils.logging:log_training_results:287 - val mean ABSerr: 2.5142180919647217
2023-04-28 17:58:25.129 | INFO     | utils.logging:log_training_results:290 - val ausat from confmx: 0.9494001269340515
2023-04-28 17:58:25.130 | INFO     | utils.logging:log_training_results:301 - val MCE loss:1.03277 * 0.8 * -0.84040
2023-04-28 17:58:25.130 | INFO     | utils.logging:log_training_results:309 - val LLLR :0.49488 * 0.5 * 1.03820
2023-04-28 17:58:25.131 | INFO     | utils.logging:log_training_results:317 - val weight decay:540.83203 * 0.0001 * -1.36022
2023-04-28 17:58:25.261 | INFO     | utils.checkpoint:update_and_save_result:168 - [36mBest value updated![0m
2023-04-28 17:58:25.271 | INFO     | utils.checkpoint:save_checkpoint:83 - [36mSaved checkpoint[0m at step 250.
2023-04-28 17:58:26.046 | INFO     | utils.logging:save_sdre_imgs:710 - Figures saved.
2023-04-28 17:58:26.374 | INFO     | utils.logging:log_training_results:280 - 
2023-04-28 17:58:26.375 | INFO     | utils.logging:log_training_results:281 - Global Step =    250
2023-04-28 17:58:26.376 | INFO     | utils.logging:log_training_results:282 - train mean(MacRec)_t: 0.6232742071151733
2023-04-28 17:58:26.376 | INFO     | utils.logging:log_training_results:287 - train mean ABSerr: 2.8614580631256104
2023-04-28 17:58:26.376 | INFO     | utils.logging:log_training_results:290 - train ausat from confmx: 0.7115082144737244
2023-04-28 17:58:26.377 | INFO     | utils.logging:log_training_results:301 - train MCE loss:1.05860 * 0.8 * -0.84017
2023-04-28 17:58:26.377 | INFO     | utils.logging:log_training_results:309 - train LLLR :0.84166 * 0.5 * 1.03795
2023-04-28 17:58:26.378 | INFO     | utils.logging:log_training_results:317 - train weight decay:540.83203 * 0.0001 * -1.35998
2023-04-28 17:58:38.023 | INFO     | __main__:objective:356 - Starting epoch #1.
2023-04-28 17:58:48.140 | INFO     | utils.logging:log_training_results:280 - 
2023-04-28 17:58:48.140 | INFO     | utils.logging:log_training_results:281 - Global Step =    500
2023-04-28 17:58:48.141 | INFO     | utils.logging:log_training_results:282 - val mean(MacRec)_t: 0.8525333404541016
2023-04-28 17:58:48.141 | INFO     | utils.logging:log_training_results:287 - val mean ABSerr: 2.055934190750122
2023-04-28 17:58:48.141 | INFO     | utils.logging:log_training_results:290 - val ausat from confmx: 0.9713186621665955
2023-04-28 17:58:48.142 | INFO     | utils.logging:log_training_results:301 - val MCE loss:1.02992 * 0.8 * -0.78542
2023-04-28 17:58:48.142 | INFO     | utils.logging:log_training_results:309 - val LLLR :0.40158 * 0.5 * 0.97906
2023-04-28 17:58:48.142 | INFO     | utils.logging:log_training_results:317 - val weight decay:527.42719 * 0.0001 * -1.30161
2023-04-28 17:58:48.267 | INFO     | utils.checkpoint:update_and_save_result:168 - [36mBest value updated![0m
2023-04-28 17:58:48.279 | INFO     | utils.checkpoint:save_checkpoint:83 - [36mSaved checkpoint[0m at step 500.
2023-04-28 17:58:48.283 | INFO     | utils.checkpoint:keep_max_num_saved_models:101 - Removed the oldest model for max_to_keep=1
2023-04-28 17:58:49.054 | INFO     | utils.logging:save_sdre_imgs:710 - Figures saved.
2023-04-28 17:58:49.393 | INFO     | utils.logging:log_training_results:280 - 
2023-04-28 17:58:49.393 | INFO     | utils.logging:log_training_results:281 - Global Step =    500
2023-04-28 17:58:49.394 | INFO     | utils.logging:log_training_results:282 - train mean(MacRec)_t: 0.7102411985397339
2023-04-28 17:58:49.394 | INFO     | utils.logging:log_training_results:287 - train mean ABSerr: 2.5338151454925537
2023-04-28 17:58:49.394 | INFO     | utils.logging:log_training_results:290 - train ausat from confmx: 0.8497510552406311
2023-04-28 17:58:49.395 | INFO     | utils.logging:log_training_results:301 - train MCE loss:1.04147 * 0.8 * -0.78520
2023-04-28 17:58:49.395 | INFO     | utils.logging:log_training_results:309 - train LLLR :0.65179 * 0.5 * 0.97883
2023-04-28 17:58:49.396 | INFO     | utils.logging:log_training_results:317 - train weight decay:527.42719 * 0.0001 * -1.30138
2023-04-28 17:59:11.368 | INFO     | utils.logging:log_training_results:280 - 
2023-04-28 17:59:11.369 | INFO     | utils.logging:log_training_results:281 - Global Step =    750
2023-04-28 17:59:11.369 | INFO     | utils.logging:log_training_results:282 - val mean(MacRec)_t: 0.8012166619300842
2023-04-28 17:59:11.369 | INFO     | utils.logging:log_training_results:287 - val mean ABSerr: 1.7973464727401733
2023-04-28 17:59:11.370 | INFO     | utils.logging:log_training_results:290 - val ausat from confmx: 0.9143567085266113
2023-04-28 17:59:11.370 | INFO     | utils.logging:log_training_results:301 - val MCE loss:1.03323 * 0.8 * -0.73398
2023-04-28 17:59:11.371 | INFO     | utils.logging:log_training_results:309 - val LLLR :0.46712 * 0.5 * 0.92083
2023-04-28 17:59:11.371 | INFO     | utils.logging:log_training_results:317 - val weight decay:515.03790 * 0.0001 * -1.24373
2023-04-28 17:59:12.322 | INFO     | utils.logging:save_sdre_imgs:710 - Figures saved.
2023-04-28 17:59:12.655 | INFO     | utils.logging:log_training_results:280 - 
2023-04-28 17:59:12.657 | INFO     | utils.logging:log_training_results:281 - Global Step =    750
2023-04-28 17:59:12.657 | INFO     | utils.logging:log_training_results:282 - train mean(MacRec)_t: 0.7169623970985413
2023-04-28 17:59:12.658 | INFO     | utils.logging:log_training_results:287 - train mean ABSerr: 2.3501009941101074
2023-04-28 17:59:12.658 | INFO     | utils.logging:log_training_results:290 - train ausat from confmx: 0.8426651954650879
2023-04-28 17:59:12.659 | INFO     | utils.logging:log_training_results:301 - train MCE loss:1.06681 * 0.8 * -0.73379
2023-04-28 17:59:12.659 | INFO     | utils.logging:log_training_results:309 - train LLLR :0.80816 * 0.5 * 0.92061
2023-04-28 17:59:12.660 | INFO     | utils.logging:log_training_results:317 - train weight decay:515.03790 * 0.0001 * -1.24350
2023-04-28 17:59:16.600 | INFO     | __main__:objective:356 - Starting epoch #2.
2023-04-28 17:59:34.608 | INFO     | utils.logging:log_training_results:280 - 
2023-04-28 17:59:34.608 | INFO     | utils.logging:log_training_results:281 - Global Step =   1000
2023-04-28 17:59:34.609 | INFO     | utils.logging:log_training_results:282 - val mean(MacRec)_t: 0.8308899998664856
2023-04-28 17:59:34.609 | INFO     | utils.logging:log_training_results:287 - val mean ABSerr: 1.4771047830581665
2023-04-28 17:59:34.609 | INFO     | utils.logging:log_training_results:290 - val ausat from confmx: 0.9535001516342163
2023-04-28 17:59:34.610 | INFO     | utils.logging:log_training_results:301 - val MCE loss:1.03107 * 0.8 * -0.68783
2023-04-28 17:59:34.610 | INFO     | utils.logging:log_training_results:309 - val LLLR :0.39731 * 0.5 * 0.86291
2023-04-28 17:59:34.611 | INFO     | utils.logging:log_training_results:317 - val weight decay:502.39835 * 0.0001 * -1.18587
2023-04-28 17:59:35.528 | INFO     | utils.logging:save_sdre_imgs:710 - Figures saved.
2023-04-28 17:59:35.855 | INFO     | utils.logging:log_training_results:280 - 
2023-04-28 17:59:35.856 | INFO     | utils.logging:log_training_results:281 - Global Step =   1000
2023-04-28 17:59:35.856 | INFO     | utils.logging:log_training_results:282 - train mean(MacRec)_t: 0.7388652563095093
2023-04-28 17:59:35.856 | INFO     | utils.logging:log_training_results:287 - train mean ABSerr: 2.243828296661377
2023-04-28 17:59:35.857 | INFO     | utils.logging:log_training_results:290 - train ausat from confmx: 0.8841860890388489
2023-04-28 17:59:35.857 | INFO     | utils.logging:log_training_results:301 - train MCE loss:1.05004 * 0.8 * -0.68766
2023-04-28 17:59:35.858 | INFO     | utils.logging:log_training_results:309 - train LLLR :0.62532 * 0.5 * 0.86268
2023-04-28 17:59:35.858 | INFO     | utils.logging:log_training_results:317 - train weight decay:502.39832 * 0.0001 * -1.18563
2023-04-28 17:59:51.500 | INFO     | __main__:objective:356 - Starting epoch #3.
2023-04-28 17:59:57.827 | INFO     | utils.logging:log_training_results:280 - 
2023-04-28 17:59:57.827 | INFO     | utils.logging:log_training_results:281 - Global Step =   1250
2023-04-28 17:59:57.828 | INFO     | utils.logging:log_training_results:282 - val mean(MacRec)_t: 0.8527300357818604
2023-04-28 17:59:57.828 | INFO     | utils.logging:log_training_results:287 - val mean ABSerr: 1.1541707515716553
2023-04-28 17:59:57.829 | INFO     | utils.logging:log_training_results:290 - val ausat from confmx: 0.9729177355766296
2023-04-28 17:59:57.829 | INFO     | utils.logging:log_training_results:301 - val MCE loss:1.03061 * 0.8 * -0.65528
2023-04-28 17:59:57.829 | INFO     | utils.logging:log_training_results:309 - val LLLR :0.34970 * 0.5 * 0.80508
2023-04-28 17:59:57.830 | INFO     | utils.logging:log_training_results:317 - val weight decay:490.36301 * 0.0001 * -1.12795
2023-04-28 17:59:57.952 | INFO     | utils.checkpoint:update_and_save_result:168 - [36mBest value updated![0m
2023-04-28 17:59:57.962 | INFO     | utils.checkpoint:save_checkpoint:83 - [36mSaved checkpoint[0m at step 1250.
2023-04-28 17:59:57.966 | INFO     | utils.checkpoint:keep_max_num_saved_models:101 - Removed the oldest model for max_to_keep=1
2023-04-28 17:59:58.727 | INFO     | utils.logging:save_sdre_imgs:710 - Figures saved.
2023-04-28 17:59:59.059 | INFO     | utils.logging:log_training_results:280 - 
2023-04-28 17:59:59.059 | INFO     | utils.logging:log_training_results:281 - Global Step =   1250
2023-04-28 17:59:59.060 | INFO     | utils.logging:log_training_results:282 - train mean(MacRec)_t: 0.7472607493400574
2023-04-28 17:59:59.060 | INFO     | utils.logging:log_training_results:287 - train mean ABSerr: 2.134397029876709
2023-04-28 17:59:59.060 | INFO     | utils.logging:log_training_results:290 - train ausat from confmx: 0.8617500066757202
2023-04-28 17:59:59.061 | INFO     | utils.logging:log_training_results:301 - train MCE loss:1.05008 * 0.8 * -0.65520
2023-04-28 17:59:59.061 | INFO     | utils.logging:log_training_results:309 - train LLLR :0.57574 * 0.5 * 0.80485
2023-04-28 17:59:59.062 | INFO     | utils.logging:log_training_results:317 - train weight decay:490.36298 * 0.0001 * -1.12772
2023-04-28 18:00:20.653 | INFO     | utils.logging:log_training_results:280 - 
2023-04-28 18:00:20.654 | INFO     | utils.logging:log_training_results:281 - Global Step =   1500
2023-04-28 18:00:20.654 | INFO     | utils.logging:log_training_results:282 - val mean(MacRec)_t: 0.859623372554779
2023-04-28 18:00:20.655 | INFO     | utils.logging:log_training_results:287 - val mean ABSerr: 0.9765911102294922
2023-04-28 18:00:20.655 | INFO     | utils.logging:log_training_results:290 - val ausat from confmx: 0.9764923453330994
2023-04-28 18:00:20.655 | INFO     | utils.logging:log_training_results:301 - val MCE loss:1.03013 * 0.8 * -0.64800
2023-04-28 18:00:20.656 | INFO     | utils.logging:log_training_results:309 - val LLLR :0.33518 * 0.5 * 0.74733
2023-04-28 18:00:20.656 | INFO     | utils.logging:log_training_results:317 - val weight decay:479.58609 * 0.0001 * -1.06999
2023-04-28 18:00:20.776 | INFO     | utils.checkpoint:update_and_save_result:168 - [36mBest value updated![0m
2023-04-28 18:00:20.785 | INFO     | utils.checkpoint:save_checkpoint:83 - [36mSaved checkpoint[0m at step 1500.
2023-04-28 18:00:20.789 | INFO     | utils.checkpoint:keep_max_num_saved_models:101 - Removed the oldest model for max_to_keep=1
2023-04-28 18:00:21.581 | INFO     | utils.logging:save_sdre_imgs:710 - Figures saved.
2023-04-28 18:00:21.905 | INFO     | utils.logging:log_training_results:280 - 
2023-04-28 18:00:21.905 | INFO     | utils.logging:log_training_results:281 - Global Step =   1500
2023-04-28 18:00:21.906 | INFO     | utils.logging:log_training_results:282 - train mean(MacRec)_t: 0.7767965793609619
2023-04-28 18:00:21.906 | INFO     | utils.logging:log_training_results:287 - train mean ABSerr: 1.9070719480514526
2023-04-28 18:00:21.906 | INFO     | utils.logging:log_training_results:290 - train ausat from confmx: 0.9499804377555847
2023-04-28 18:00:21.907 | INFO     | utils.logging:log_training_results:301 - train MCE loss:1.04999 * 0.8 * -0.64800
2023-04-28 18:00:21.907 | INFO     | utils.logging:log_training_results:309 - train LLLR :0.51564 * 0.5 * 0.74710
2023-04-28 18:00:21.908 | INFO     | utils.logging:log_training_results:317 - train weight decay:479.58609 * 0.0001 * -1.06976
2023-04-28 18:00:29.619 | INFO     | __main__:objective:356 - Starting epoch #4.
2023-04-28 18:00:44.834 | INFO     | utils.logging:log_training_results:280 - 
2023-04-28 18:00:44.835 | INFO     | utils.logging:log_training_results:281 - Global Step =   1750
2023-04-28 18:00:44.835 | INFO     | utils.logging:log_training_results:282 - val mean(MacRec)_t: 0.8585566282272339
2023-04-28 18:00:44.836 | INFO     | utils.logging:log_training_results:287 - val mean ABSerr: 0.9479160904884338
2023-04-28 18:00:44.836 | INFO     | utils.logging:log_training_results:290 - val ausat from confmx: 0.9754803776741028
2023-04-28 18:00:44.838 | INFO     | utils.logging:log_training_results:301 - val MCE loss:1.03381 * 0.8 * -0.64876
2023-04-28 18:00:44.839 | INFO     | utils.logging:log_training_results:309 - val LLLR :0.33615 * 0.5 * 0.68983
2023-04-28 18:00:44.839 | INFO     | utils.logging:log_training_results:317 - val weight decay:469.94101 * 0.0001 * -1.01198
2023-04-28 18:00:46.064 | INFO     | utils.logging:save_sdre_imgs:710 - Figures saved.
2023-04-28 18:00:46.393 | INFO     | utils.logging:log_training_results:280 - 
2023-04-28 18:00:46.393 | INFO     | utils.logging:log_training_results:281 - Global Step =   1750
2023-04-28 18:00:46.394 | INFO     | utils.logging:log_training_results:282 - train mean(MacRec)_t: 0.7208514213562012
2023-04-28 18:00:46.394 | INFO     | utils.logging:log_training_results:287 - train mean ABSerr: 1.9876629114151
2023-04-28 18:00:46.394 | INFO     | utils.logging:log_training_results:290 - train ausat from confmx: 0.8756920695304871
2023-04-28 18:00:46.395 | INFO     | utils.logging:log_training_results:301 - train MCE loss:1.05181 * 0.8 * -0.64874
2023-04-28 18:00:46.395 | INFO     | utils.logging:log_training_results:309 - train LLLR :0.64480 * 0.5 * 0.68962
2023-04-28 18:00:46.396 | INFO     | utils.logging:log_training_results:317 - train weight decay:469.94101 * 0.0001 * -1.01174
2023-04-28 18:01:06.749 | INFO     | __main__:objective:356 - Starting epoch #5.
2023-04-28 18:01:09.210 | INFO     | utils.logging:log_training_results:280 - 
2023-04-28 18:01:09.210 | INFO     | utils.logging:log_training_results:281 - Global Step =   2000
2023-04-28 18:01:09.211 | INFO     | utils.logging:log_training_results:282 - val mean(MacRec)_t: 0.8580033779144287
2023-04-28 18:01:09.211 | INFO     | utils.logging:log_training_results:287 - val mean ABSerr: 0.9264647364616394
2023-04-28 18:01:09.212 | INFO     | utils.logging:log_training_results:290 - val ausat from confmx: 0.9735099077224731
2023-04-28 18:01:09.212 | INFO     | utils.logging:log_training_results:301 - val MCE loss:1.03265 * 0.8 * -0.64849
2023-04-28 18:01:09.212 | INFO     | utils.logging:log_training_results:309 - val LLLR :0.33789 * 0.5 * 0.63242
2023-04-28 18:01:09.213 | INFO     | utils.logging:log_training_results:317 - val weight decay:460.90225 * 0.0001 * -0.95389
2023-04-28 18:01:10.473 | INFO     | utils.logging:save_sdre_imgs:710 - Figures saved.
2023-04-28 18:01:10.781 | INFO     | utils.logging:log_training_results:280 - 
2023-04-28 18:01:10.782 | INFO     | utils.logging:log_training_results:281 - Global Step =   2000
2023-04-28 18:01:10.782 | INFO     | utils.logging:log_training_results:282 - train mean(MacRec)_t: 0.7724340558052063
2023-04-28 18:01:10.782 | INFO     | utils.logging:log_training_results:287 - train mean ABSerr: 1.8595229387283325
2023-04-28 18:01:10.783 | INFO     | utils.logging:log_training_results:290 - train ausat from confmx: 0.9058107137680054
2023-04-28 18:01:10.783 | INFO     | utils.logging:log_training_results:301 - train MCE loss:1.05129 * 0.8 * -0.64848
2023-04-28 18:01:10.784 | INFO     | utils.logging:log_training_results:309 - train LLLR :0.54478 * 0.5 * 0.63219
2023-04-28 18:01:10.784 | INFO     | utils.logging:log_training_results:317 - train weight decay:460.90228 * 0.0001 * -0.95366
2023-04-28 18:01:33.039 | INFO     | utils.logging:log_training_results:280 - 
2023-04-28 18:01:33.040 | INFO     | utils.logging:log_training_results:281 - Global Step =   2250
2023-04-28 18:01:33.040 | INFO     | utils.logging:log_training_results:282 - val mean(MacRec)_t: 0.8505399823188782
2023-04-28 18:01:33.040 | INFO     | utils.logging:log_training_results:287 - val mean ABSerr: 0.9682830572128296
2023-04-28 18:01:33.041 | INFO     | utils.logging:log_training_results:290 - val ausat from confmx: 0.973095178604126
2023-04-28 18:01:33.041 | INFO     | utils.logging:log_training_results:301 - val MCE loss:1.03913 * 0.8 * -0.64939
2023-04-28 18:01:33.042 | INFO     | utils.logging:log_training_results:309 - val LLLR :0.35146 * 0.5 * 0.57557
2023-04-28 18:01:33.042 | INFO     | utils.logging:log_training_results:317 - val weight decay:452.72485 * 0.0001 * -0.89574
2023-04-28 18:01:33.922 | INFO     | utils.logging:save_sdre_imgs:710 - Figures saved.
2023-04-28 18:01:34.234 | INFO     | utils.logging:log_training_results:280 - 
2023-04-28 18:01:34.235 | INFO     | utils.logging:log_training_results:281 - Global Step =   2250
2023-04-28 18:01:34.236 | INFO     | utils.logging:log_training_results:282 - train mean(MacRec)_t: 0.8189666271209717
2023-04-28 18:01:34.236 | INFO     | utils.logging:log_training_results:287 - train mean ABSerr: 1.857324481010437
2023-04-28 18:01:34.236 | INFO     | utils.logging:log_training_results:290 - train ausat from confmx: 0.9443155527114868
2023-04-28 18:01:34.237 | INFO     | utils.logging:log_training_results:301 - train MCE loss:1.05210 * 0.8 * -0.64919
2023-04-28 18:01:34.237 | INFO     | utils.logging:log_training_results:309 - train LLLR :0.43789 * 0.5 * 0.57532
2023-04-28 18:01:34.238 | INFO     | utils.logging:log_training_results:317 - train weight decay:452.72485 * 0.0001 * -0.89551
2023-04-28 18:01:46.151 | INFO     | __main__:objective:356 - Starting epoch #6.
2023-04-28 18:01:56.522 | INFO     | utils.logging:log_training_results:280 - 
2023-04-28 18:01:56.523 | INFO     | utils.logging:log_training_results:281 - Global Step =   2500
2023-04-28 18:01:56.524 | INFO     | utils.logging:log_training_results:282 - val mean(MacRec)_t: 0.8568299412727356
2023-04-28 18:01:56.524 | INFO     | utils.logging:log_training_results:287 - val mean ABSerr: 0.8575059175491333
2023-04-28 18:01:56.524 | INFO     | utils.logging:log_training_results:290 - val ausat from confmx: 0.9759920239448547
2023-04-28 18:01:56.525 | INFO     | utils.logging:log_training_results:301 - val MCE loss:1.03853 * 0.8 * -0.64954
2023-04-28 18:01:56.525 | INFO     | utils.logging:log_training_results:309 - val LLLR :0.33848 * 0.5 * 0.51949
2023-04-28 18:01:56.526 | INFO     | utils.logging:log_training_results:317 - val weight decay:445.72275 * 0.0001 * -0.83752
2023-04-28 18:01:57.402 | INFO     | utils.logging:save_sdre_imgs:710 - Figures saved.
2023-04-28 18:01:57.713 | INFO     | utils.logging:log_training_results:280 - 
2023-04-28 18:01:57.714 | INFO     | utils.logging:log_training_results:281 - Global Step =   2500
2023-04-28 18:01:57.714 | INFO     | utils.logging:log_training_results:282 - train mean(MacRec)_t: 0.7671392560005188
2023-04-28 18:01:57.714 | INFO     | utils.logging:log_training_results:287 - train mean ABSerr: 1.9550129175186157
2023-04-28 18:01:57.715 | INFO     | utils.logging:log_training_results:290 - train ausat from confmx: 0.942804753780365
2023-04-28 18:01:57.715 | INFO     | utils.logging:log_training_results:301 - train MCE loss:1.05250 * 0.8 * -0.64930
2023-04-28 18:01:57.715 | INFO     | utils.logging:log_training_results:309 - train LLLR :0.54929 * 0.5 * 0.51928
2023-04-28 18:01:57.716 | INFO     | utils.logging:log_training_results:317 - train weight decay:445.72275 * 0.0001 * -0.83728
2023-04-28 18:02:19.901 | INFO     | utils.logging:log_training_results:280 - 
2023-04-28 18:02:19.901 | INFO     | utils.logging:log_training_results:281 - Global Step =   2750
2023-04-28 18:02:19.902 | INFO     | utils.logging:log_training_results:282 - val mean(MacRec)_t: 0.8547800183296204
2023-04-28 18:02:19.902 | INFO     | utils.logging:log_training_results:287 - val mean ABSerr: 0.912409245967865
2023-04-28 18:02:19.902 | INFO     | utils.logging:log_training_results:290 - val ausat from confmx: 0.973310112953186
2023-04-28 18:02:19.903 | INFO     | utils.logging:log_training_results:301 - val MCE loss:1.03962 * 0.8 * -0.64995
2023-04-28 18:02:19.903 | INFO     | utils.logging:log_training_results:309 - val LLLR :0.34486 * 0.5 * 0.46509
2023-04-28 18:02:19.904 | INFO     | utils.logging:log_training_results:317 - val weight decay:439.88931 * 0.0001 * -0.77920
2023-04-28 18:02:20.909 | INFO     | utils.logging:save_sdre_imgs:710 - Figures saved.
2023-04-28 18:02:21.232 | INFO     | utils.logging:log_training_results:280 - 
2023-04-28 18:02:21.233 | INFO     | utils.logging:log_training_results:281 - Global Step =   2750
2023-04-28 18:02:21.233 | INFO     | utils.logging:log_training_results:282 - train mean(MacRec)_t: 0.7519346475601196
2023-04-28 18:02:21.233 | INFO     | utils.logging:log_training_results:287 - train mean ABSerr: 1.8520612716674805
2023-04-28 18:02:21.234 | INFO     | utils.logging:log_training_results:290 - train ausat from confmx: 0.9089207053184509
2023-04-28 18:02:21.234 | INFO     | utils.logging:log_training_results:301 - train MCE loss:1.05274 * 0.8 * -0.64964
2023-04-28 18:02:21.235 | INFO     | utils.logging:log_training_results:309 - train LLLR :0.56552 * 0.5 * 0.46491
2023-04-28 18:02:21.235 | INFO     | utils.logging:log_training_results:317 - train weight decay:439.88931 * 0.0001 * -0.77897
2023-04-28 18:02:25.177 | INFO     | __main__:objective:356 - Starting epoch #7.
2023-04-28 18:02:43.394 | INFO     | utils.logging:log_training_results:280 - 
2023-04-28 18:02:43.394 | INFO     | utils.logging:log_training_results:281 - Global Step =   3000
2023-04-28 18:02:43.395 | INFO     | utils.logging:log_training_results:282 - val mean(MacRec)_t: 0.854420006275177
2023-04-28 18:02:43.395 | INFO     | utils.logging:log_training_results:287 - val mean ABSerr: 0.8844832181930542
2023-04-28 18:02:43.395 | INFO     | utils.logging:log_training_results:290 - val ausat from confmx: 0.9738669991493225
2023-04-28 18:02:43.396 | INFO     | utils.logging:log_training_results:301 - val MCE loss:1.04227 * 0.8 * -0.64981
2023-04-28 18:02:43.396 | INFO     | utils.logging:log_training_results:309 - val LLLR :0.34301 * 0.5 * 0.41400
2023-04-28 18:02:43.397 | INFO     | utils.logging:log_training_results:317 - val weight decay:434.65598 * 0.0001 * -0.72080
2023-04-28 18:02:44.310 | INFO     | utils.logging:save_sdre_imgs:710 - Figures saved.
2023-04-28 18:02:44.633 | INFO     | utils.logging:log_training_results:280 - 
2023-04-28 18:02:44.634 | INFO     | utils.logging:log_training_results:281 - Global Step =   3000
2023-04-28 18:02:44.634 | INFO     | utils.logging:log_training_results:282 - train mean(MacRec)_t: 0.8036706447601318
2023-04-28 18:02:44.634 | INFO     | utils.logging:log_training_results:287 - train mean ABSerr: 1.9158132076263428
2023-04-28 18:02:44.635 | INFO     | utils.logging:log_training_results:290 - train ausat from confmx: 0.9285944104194641
2023-04-28 18:02:44.635 | INFO     | utils.logging:log_training_results:301 - train MCE loss:1.05608 * 0.8 * -0.64985
2023-04-28 18:02:44.636 | INFO     | utils.logging:log_training_results:309 - train LLLR :0.45655 * 0.5 * 0.41376
2023-04-28 18:02:44.636 | INFO     | utils.logging:log_training_results:317 - train weight decay:434.65598 * 0.0001 * -0.72056
2023-04-28 18:03:00.442 | INFO     | __main__:objective:356 - Starting epoch #8.
2023-04-28 18:03:06.814 | INFO     | utils.logging:log_training_results:280 - 
2023-04-28 18:03:06.814 | INFO     | utils.logging:log_training_results:281 - Global Step =   3250
2023-04-28 18:03:06.815 | INFO     | utils.logging:log_training_results:282 - val mean(MacRec)_t: 0.8565633296966553
2023-04-28 18:03:06.815 | INFO     | utils.logging:log_training_results:287 - val mean ABSerr: 0.9280458092689514
2023-04-28 18:03:06.816 | INFO     | utils.logging:log_training_results:290 - val ausat from confmx: 0.9760913848876953
2023-04-28 18:03:06.816 | INFO     | utils.logging:log_training_results:301 - val MCE loss:1.04432 * 0.8 * -0.65100
2023-04-28 18:03:06.816 | INFO     | utils.logging:log_training_results:309 - val LLLR :0.33913 * 0.5 * 0.37358
2023-04-28 18:03:06.817 | INFO     | utils.logging:log_training_results:317 - val weight decay:430.17657 * 0.0001 * -0.66229
2023-04-28 18:03:07.683 | INFO     | utils.logging:save_sdre_imgs:710 - Figures saved.
2023-04-28 18:03:07.995 | INFO     | utils.logging:log_training_results:280 - 
2023-04-28 18:03:07.996 | INFO     | utils.logging:log_training_results:281 - Global Step =   3250
2023-04-28 18:03:07.996 | INFO     | utils.logging:log_training_results:282 - train mean(MacRec)_t: 0.7815252542495728
2023-04-28 18:03:07.997 | INFO     | utils.logging:log_training_results:287 - train mean ABSerr: 1.9188636541366577
2023-04-28 18:03:07.997 | INFO     | utils.logging:log_training_results:290 - train ausat from confmx: 0.9174326062202454
2023-04-28 18:03:07.997 | INFO     | utils.logging:log_training_results:301 - train MCE loss:1.05759 * 0.8 * -0.65082
2023-04-28 18:03:07.998 | INFO     | utils.logging:log_training_results:309 - train LLLR :0.51052 * 0.5 * 0.37347
2023-04-28 18:03:07.998 | INFO     | utils.logging:log_training_results:317 - train weight decay:430.17657 * 0.0001 * -0.66205
2023-04-28 18:03:30.064 | INFO     | utils.logging:log_training_results:280 - 
2023-04-28 18:03:30.064 | INFO     | utils.logging:log_training_results:281 - Global Step =   3500
2023-04-28 18:03:30.065 | INFO     | utils.logging:log_training_results:282 - val mean(MacRec)_t: 0.8528432846069336
2023-04-28 18:03:30.065 | INFO     | utils.logging:log_training_results:287 - val mean ABSerr: 0.8725196123123169
2023-04-28 18:03:30.065 | INFO     | utils.logging:log_training_results:290 - val ausat from confmx: 0.9711780548095703
2023-04-28 18:03:30.066 | INFO     | utils.logging:log_training_results:301 - val MCE loss:1.04253 * 0.8 * -0.65030
2023-04-28 18:03:30.066 | INFO     | utils.logging:log_training_results:309 - val LLLR :0.34830 * 0.5 * 0.35655
2023-04-28 18:03:30.067 | INFO     | utils.logging:log_training_results:317 - val weight decay:426.41074 * 0.0001 * -0.60366
2023-04-28 18:03:31.145 | INFO     | utils.logging:save_sdre_imgs:710 - Figures saved.
2023-04-28 18:03:31.447 | INFO     | utils.logging:log_training_results:280 - 
2023-04-28 18:03:31.448 | INFO     | utils.logging:log_training_results:281 - Global Step =   3500
2023-04-28 18:03:31.448 | INFO     | utils.logging:log_training_results:282 - train mean(MacRec)_t: 0.7672879695892334
2023-04-28 18:03:31.449 | INFO     | utils.logging:log_training_results:287 - train mean ABSerr: 1.8593039512634277
2023-04-28 18:03:31.449 | INFO     | utils.logging:log_training_results:290 - train ausat from confmx: 0.9353334307670593
2023-04-28 18:03:31.450 | INFO     | utils.logging:log_training_results:301 - train MCE loss:1.05695 * 0.8 * -0.65026
2023-04-28 18:03:31.450 | INFO     | utils.logging:log_training_results:309 - train LLLR :0.55936 * 0.5 * 0.35678
2023-04-28 18:03:31.450 | INFO     | utils.logging:log_training_results:317 - train weight decay:426.41071 * 0.0001 * -0.60342
2023-04-28 18:03:39.581 | INFO     | __main__:objective:356 - Starting epoch #9.
2023-04-28 18:03:54.108 | INFO     | utils.logging:log_training_results:280 - 
2023-04-28 18:03:54.109 | INFO     | utils.logging:log_training_results:281 - Global Step =   3750
2023-04-28 18:03:54.109 | INFO     | utils.logging:log_training_results:282 - val mean(MacRec)_t: 0.8566933274269104
2023-04-28 18:03:54.110 | INFO     | utils.logging:log_training_results:287 - val mean ABSerr: 0.8593876957893372
2023-04-28 18:03:54.110 | INFO     | utils.logging:log_training_results:290 - val ausat from confmx: 0.976025402545929
2023-04-28 18:03:54.111 | INFO     | utils.logging:log_training_results:301 - val MCE loss:1.04270 * 0.8 * -0.65030
2023-04-28 18:03:54.111 | INFO     | utils.logging:log_training_results:309 - val LLLR :0.33739 * 0.5 * 0.35312
2023-04-28 18:03:54.111 | INFO     | utils.logging:log_training_results:317 - val weight decay:421.71631 * 0.0001 * -0.54489
2023-04-28 18:03:55.014 | INFO     | utils.logging:save_sdre_imgs:710 - Figures saved.
2023-04-28 18:03:55.331 | INFO     | utils.logging:log_training_results:280 - 
2023-04-28 18:03:55.332 | INFO     | utils.logging:log_training_results:281 - Global Step =   3750
2023-04-28 18:03:55.332 | INFO     | utils.logging:log_training_results:282 - train mean(MacRec)_t: 0.7752223610877991
2023-04-28 18:03:55.332 | INFO     | utils.logging:log_training_results:287 - train mean ABSerr: 1.7853986024856567
2023-04-28 18:03:55.333 | INFO     | utils.logging:log_training_results:290 - train ausat from confmx: 0.9430580735206604
2023-04-28 18:03:55.333 | INFO     | utils.logging:log_training_results:301 - train MCE loss:1.06077 * 0.8 * -0.65064
2023-04-28 18:03:55.333 | INFO     | utils.logging:log_training_results:309 - train LLLR :0.51971 * 0.5 * 0.35323
2023-04-28 18:03:55.334 | INFO     | utils.logging:log_training_results:317 - train weight decay:421.71631 * 0.0001 * -0.54466
2023-04-28 18:04:15.075 | INFO     | utils.logging:investigate_log:155 - num_warning=0/num_error=0 in the .log file.
2023-04-28 18:04:15.261 | INFO     | optuna.study.study:_log_completed_trial:1020 - Trial 65 finished with value: 0.023507654666900635 and parameters: {'LIST_IS_POSITIONAL_ENCODING': True, 'LIST_IS_TRAINABLE_ENCODING': False, 'LIST_MODEL_BACKBONE': 'Transformer', 'LIST_WEIGHT_DECAY': 0.0001, 'LIST_LEARNING_RATE': 0.00022738110013029525, 'LIST_LLLR_VERSION': 'LSEL', 'LIST_ACTIVATION_FC': 'relu', 'LIST_PARAM_MULTIPLET_LOSS': 0.8, 'LIST_PARAM_LLR_LOSS': 0.5, 'LIST_IS_ADAPTIVE_LOSS': True, 'LIST_ORDER_SPRT': 2, 'LIST_OPTIMIZER': 'rmsprop', 'LIST_IS_NORMALIZE': False, 'LIST_NUM_THRESH': 1500, 'LIST_SPARSITY': 'unirandom', 'LIST_NUM_BLOCKS': 1, 'LIST_NUM_HEADS': 4, 'LIST_DROPOUT': 0.30000000000000004, 'LIST_FF_DIM': 32, 'LIST_MLP_UNITS': 32}. Best is trial 58 with value: 0.015880465507507324.
2023-04-28 18:04:15.282 | INFO     | utils.hyperparameter_tuning:suggest_parameters:560 - [33mStarting a tuning phase.[0m
2023-04-28 18:04:15.788 | INFO     | utils.hyperparameter_tuning:print:394 - 
+------------------------------------------+
|   Hyperparameteres suggested by Optuna   |
+------------------------+-----------------+
|     Parameter name     | Suggested value |
+------------------------+-----------------+
|     ACTIVATION_FC      |       relu      |
|        DROPOUT         |       0.1       |
|         FF_DIM         |        32       |
|    IS_ADAPTIVE_LOSS    |       True      |
|      IS_NORMALIZE      |      False      |
| IS_POSITIONAL_ENCODING |       True      |
| IS_TRAINABLE_ENCODING  |       True      |
|     LEARNING_RATE      |    0.00012555   |
|      LLLR_VERSION      |       LSEL      |
|       MLP_UNITS        |        32       |
|     MODEL_BACKBONE     |   Transformer   |
|       NUM_BLOCKS       |        1        |
|       NUM_HEADS        |        4        |
|       NUM_THRESH       |       1500      |
|       OPTIMIZER        |     rmsprop     |
|       ORDER_SPRT       |        5        |
|     PARAM_LLR_LOSS     |       0.6       |
|  PARAM_MULTIPLET_LOSS  |       1.0       |
|        SPARSITY        |    lograndom    |
|      WEIGHT_DECAY      |       0.0       |
+------------------------+-----------------+
2023-04-28 18:04:15.789 | INFO     | utils.misc:create_directories_and_log:291 - [33mA new log directory was created: [0m/home/afe/Dropbox/GitHub/SPRT-TANDEM-PyTorch/logs/public_offset0_5_optimausat_confmx_tuning/checkpoints/Transformer_20230428_180415789/configs
2023-04-28 18:04:15.790 | INFO     | utils.misc:create_directories_and_log:291 - [33mA new log directory was created: [0m/home/afe/Dropbox/GitHub/SPRT-TANDEM-PyTorch/logs/public_offset0_5_optimausat_confmx_tuning/TensorBoard_events/Transformer_20230428_180415789
