2023-04-28 05:52:27.132 | INFO     | utils.misc:fix_random_seed:405 - Random seed is not fixed.
2023-04-28 05:52:27.181 | INFO     | models.temporal_integrators:summarize:568 - 
:'######::'########::'########::'########::::::::::::::::::::::
'##... ##: ##.... ##: ##.... ##:... ##..:::::::::::::::::::::::
 ##:::..:: ##:::: ##: ##:::: ##:::: ##:::::::::::::::::::::::::
. ######:: ########:: ########::::: ##::::'#######:::::::::::::
:..... ##: ##.....::: ##.. ##:::::: ##::::........:::::::::::::
'##::: ##: ##:::::::: ##::. ##::::: ##:::::::::::::::::::::::::
. ######:: ##:::::::: ##:::. ##:::: ##:::::::::::::::::::::::::
:......:::..:::::::::..:::::..:::::..::::::::::::::::::::::::::
'########::::'###::::'##::: ##:'########::'########:'##::::'##:
... ##..::::'## ##::: ###:: ##: ##.... ##: ##.....:: ###::'###:
::: ##:::::'##:. ##:: ####: ##: ##:::: ##: ##::::::: ####'####:
::: ##::::'##:::. ##: ## ## ##: ##:::: ##: ######::: ## ### ##:
::: ##:::: #########: ##. ####: ##:::: ##: ##...:::: ##. #: ##:
::: ##:::: ##.... ##: ##:. ###: ##:::: ##: ##::::::: ##:.:: ##:
::: ##:::: ##:::: ##: ##::. ##: ########:: ########: ##:::: ##:
:::..:::::..:::::..::..::::..::........:::........::..:::::..::

2023-04-28 05:52:27.183 | INFO     | models.temporal_integrators:summarize:571 - [34mofficial PyTorch implementation.[0m
2023-04-28 05:52:27.951 | INFO     | models.temporal_integrators:summarize:593 - Network summary:
===============================================================================================
Layer (type:depth-idx)                        Output Shape              Param #
===============================================================================================
TANDEMformer                                  [150, 50, 3, 3]           128
├─TransformerEncoder: 1-1                     [7500, 1, 128]            --
│    └─ModuleList: 2-1                        --                        --
│    │    └─TransformerEncoderLayer: 3-1      [7500, 1, 128]            74,912
│    │    └─TransformerEncoderLayer: 3-2      [7500, 1, 128]            74,912
├─Linear: 1-2                                 [7500, 64]                8,256
├─Dropout: 1-3                                [7500, 64]                --
├─LayerNorm: 1-4                              [7500, 64]                128
├─Tanh: 1-5                                   [7500, 64]                --
├─Linear: 1-6                                 [7500, 3]                 195
===============================================================================================
Total params: 158,531
Trainable params: 158,531
Non-trainable params: 0
Total mult-adds (M): 197.30
===============================================================================================
Input size (MB): 3.84
Forward/backward pass size (MB): 57.78
Params size (MB): 0.11
Estimated Total Size (MB): 61.73
===============================================================================================
2023-04-28 05:52:27.952 | INFO     | models.temporal_integrators:summarize:594 - Example input shape: torch.Size([150, 50, 128])
2023-04-28 05:52:27.952 | INFO     | models.temporal_integrators:summarize:595 - Example output shape: torch.Size([150, 50, 3, 3])
2023-04-28 05:52:27.955 | INFO     | models.temporal_integrators:import_model:58 - model moved onto: [33mcuda.[0m
2023-04-28 05:52:27.956 | INFO     | models.optimizers:initialize_optimizer:44 - Optimizer:
RMSprop (
Parameter Group 0
    alpha: 0.99
    centered: False
    differentiable: False
    eps: 1e-08
    foreach: None
    lr: 0.00048326369172485843
    maximize: False
    momentum: 0
    weight_decay: 0.0007
)
2023-04-28 05:52:27.957 | INFO     | datasets.data_processing:lmdb_dataloaders:293 - loading data... 
2023-04-28 05:52:27.957 | INFO     | datasets.data_processing:lmdb_dataloaders:295 - If this process takes long, consider setting is_load_onto_memory=False or use LMDBIterableDataset.
2023-04-28 05:52:30.665 | INFO     | __main__:objective:356 - Starting epoch #0.
2023-04-28 05:52:47.808 | INFO     | utils.logging:log_training_results:280 - 
2023-04-28 05:52:47.809 | INFO     | utils.logging:log_training_results:281 - Global Step =      0
2023-04-28 05:52:47.809 | INFO     | utils.logging:log_training_results:282 - val mean(MacRec)_t: 0.30200332403182983
2023-04-28 05:52:47.809 | INFO     | utils.logging:log_training_results:287 - val mean ABSerr: 3.9630367755889893
2023-04-28 05:52:47.810 | INFO     | utils.logging:log_training_results:290 - val ausat from confmx: 0.2976510524749756
2023-04-28 05:52:47.811 | INFO     | utils.logging:log_training_results:326 - val MCE loss:1.16555 * 0.9
2023-04-28 05:52:47.812 | INFO     | utils.logging:log_training_results:333 - val LLLR :0.38467 * 0.1
2023-04-28 05:52:47.813 | INFO     | utils.logging:log_training_results:340 - val weight decay:1304.34717 * 0.0007
2023-04-28 05:52:49.009 | INFO     | utils.logging:save_sdre_imgs:710 - Figures saved.
2023-04-28 05:52:49.722 | INFO     | utils.logging:log_training_results:280 - 
2023-04-28 05:52:49.722 | INFO     | utils.logging:log_training_results:281 - Global Step =      0
2023-04-28 05:52:49.723 | INFO     | utils.logging:log_training_results:282 - train mean(MacRec)_t: 0.3140014111995697
2023-04-28 05:52:49.723 | INFO     | utils.logging:log_training_results:287 - train mean ABSerr: 3.753689765930176
2023-04-28 05:52:49.724 | INFO     | utils.logging:log_training_results:290 - train ausat from confmx: 0.2919768691062927
2023-04-28 05:52:49.724 | INFO     | utils.logging:log_training_results:326 - train MCE loss:1.16006 * 0.9
2023-04-28 05:52:49.724 | INFO     | utils.logging:log_training_results:333 - train LLLR :0.37936 * 0.1
2023-04-28 05:52:49.725 | INFO     | utils.logging:log_training_results:340 - train weight decay:1304.34717 * 0.0007
2023-04-28 05:54:54.852 | INFO     | utils.logging:log_training_results:280 - 
2023-04-28 05:54:54.853 | INFO     | utils.logging:log_training_results:281 - Global Step =    250
2023-04-28 05:54:54.853 | INFO     | utils.logging:log_training_results:282 - val mean(MacRec)_t: 0.8587167263031006
2023-04-28 05:54:54.854 | INFO     | utils.logging:log_training_results:287 - val mean ABSerr: 0.8529981374740601
2023-04-28 05:54:54.854 | INFO     | utils.logging:log_training_results:290 - val ausat from confmx: 0.9676938652992249
2023-04-28 05:54:54.855 | INFO     | utils.logging:log_training_results:326 - val MCE loss:1.02209 * 0.9
2023-04-28 05:54:54.855 | INFO     | utils.logging:log_training_results:333 - val LLLR :0.24651 * 0.1
2023-04-28 05:54:54.856 | INFO     | utils.logging:log_training_results:340 - val weight decay:515.62823 * 0.0007
2023-04-28 05:54:55.038 | INFO     | utils.checkpoint:update_and_save_result:168 - [36mBest value updated![0m
2023-04-28 05:54:55.056 | INFO     | utils.checkpoint:save_checkpoint:83 - [36mSaved checkpoint[0m at step 250.
2023-04-28 05:54:56.335 | INFO     | utils.logging:save_sdre_imgs:710 - Figures saved.
2023-04-28 05:54:57.037 | INFO     | utils.logging:log_training_results:280 - 
2023-04-28 05:54:57.037 | INFO     | utils.logging:log_training_results:281 - Global Step =    250
2023-04-28 05:54:57.038 | INFO     | utils.logging:log_training_results:282 - train mean(MacRec)_t: 0.8213850855827332
2023-04-28 05:54:57.038 | INFO     | utils.logging:log_training_results:287 - train mean ABSerr: 0.8636021614074707
2023-04-28 05:54:57.038 | INFO     | utils.logging:log_training_results:290 - train ausat from confmx: 0.9577594995498657
2023-04-28 05:54:57.039 | INFO     | utils.logging:log_training_results:326 - train MCE loss:1.02868 * 0.9
2023-04-28 05:54:57.039 | INFO     | utils.logging:log_training_results:333 - train LLLR :0.25697 * 0.1
2023-04-28 05:54:57.039 | INFO     | utils.logging:log_training_results:340 - train weight decay:515.62823 * 0.0007
2023-04-28 05:56:01.342 | INFO     | __main__:objective:356 - Starting epoch #1.
2023-04-28 05:57:02.830 | INFO     | utils.logging:log_training_results:280 - 
2023-04-28 05:57:02.830 | INFO     | utils.logging:log_training_results:281 - Global Step =    500
2023-04-28 05:57:02.831 | INFO     | utils.logging:log_training_results:282 - val mean(MacRec)_t: 0.8492799997329712
2023-04-28 05:57:02.831 | INFO     | utils.logging:log_training_results:287 - val mean ABSerr: 0.9707812070846558
2023-04-28 05:57:02.832 | INFO     | utils.logging:log_training_results:290 - val ausat from confmx: 0.9586523175239563
2023-04-28 05:57:02.832 | INFO     | utils.logging:log_training_results:326 - val MCE loss:1.02330 * 0.9
2023-04-28 05:57:02.833 | INFO     | utils.logging:log_training_results:333 - val LLLR :0.24810 * 0.1
2023-04-28 05:57:02.833 | INFO     | utils.logging:log_training_results:340 - val weight decay:381.26392 * 0.0007
2023-04-28 05:57:03.979 | INFO     | utils.logging:save_sdre_imgs:710 - Figures saved.
2023-04-28 05:57:04.667 | INFO     | utils.logging:log_training_results:280 - 
2023-04-28 05:57:04.669 | INFO     | utils.logging:log_training_results:281 - Global Step =    500
2023-04-28 05:57:04.670 | INFO     | utils.logging:log_training_results:282 - train mean(MacRec)_t: 0.8484258055686951
2023-04-28 05:57:04.670 | INFO     | utils.logging:log_training_results:287 - train mean ABSerr: 0.8918231129646301
2023-04-28 05:57:04.671 | INFO     | utils.logging:log_training_results:290 - train ausat from confmx: 0.9396081566810608
2023-04-28 05:57:04.671 | INFO     | utils.logging:log_training_results:326 - train MCE loss:1.01493 * 0.9
2023-04-28 05:57:04.672 | INFO     | utils.logging:log_training_results:333 - train LLLR :0.25059 * 0.1
2023-04-28 05:57:04.672 | INFO     | utils.logging:log_training_results:340 - train weight decay:381.26392 * 0.0007
2023-04-28 05:59:09.557 | INFO     | utils.logging:log_training_results:280 - 
2023-04-28 05:59:09.558 | INFO     | utils.logging:log_training_results:281 - Global Step =    750
2023-04-28 05:59:09.558 | INFO     | utils.logging:log_training_results:282 - val mean(MacRec)_t: 0.8588966131210327
2023-04-28 05:59:09.559 | INFO     | utils.logging:log_training_results:287 - val mean ABSerr: 0.8274450898170471
2023-04-28 05:59:09.559 | INFO     | utils.logging:log_training_results:290 - val ausat from confmx: 0.9676830172538757
2023-04-28 05:59:09.559 | INFO     | utils.logging:log_training_results:326 - val MCE loss:1.02393 * 0.9
2023-04-28 05:59:09.560 | INFO     | utils.logging:log_training_results:333 - val LLLR :0.24657 * 0.1
2023-04-28 05:59:09.560 | INFO     | utils.logging:log_training_results:340 - val weight decay:279.75473 * 0.0007
2023-04-28 05:59:10.626 | INFO     | utils.logging:save_sdre_imgs:710 - Figures saved.
2023-04-28 05:59:11.343 | INFO     | utils.logging:log_training_results:280 - 
2023-04-28 05:59:11.344 | INFO     | utils.logging:log_training_results:281 - Global Step =    750
2023-04-28 05:59:11.344 | INFO     | utils.logging:log_training_results:282 - train mean(MacRec)_t: 0.8463738560676575
2023-04-28 05:59:11.345 | INFO     | utils.logging:log_training_results:287 - train mean ABSerr: 0.8024716973304749
2023-04-28 05:59:11.345 | INFO     | utils.logging:log_training_results:290 - train ausat from confmx: 0.9580957889556885
2023-04-28 05:59:11.346 | INFO     | utils.logging:log_training_results:326 - train MCE loss:1.02485 * 0.9
2023-04-28 05:59:11.346 | INFO     | utils.logging:log_training_results:333 - train LLLR :0.24886 * 0.1
2023-04-28 05:59:11.347 | INFO     | utils.logging:log_training_results:340 - train weight decay:279.75473 * 0.0007
2023-04-28 05:59:33.080 | INFO     | __main__:objective:356 - Starting epoch #2.
2023-04-28 06:01:19.616 | INFO     | utils.logging:log_training_results:280 - 
2023-04-28 06:01:19.617 | INFO     | utils.logging:log_training_results:281 - Global Step =   1000
2023-04-28 06:01:19.617 | INFO     | utils.logging:log_training_results:282 - val mean(MacRec)_t: 0.8687400817871094
2023-04-28 06:01:19.618 | INFO     | utils.logging:log_training_results:287 - val mean ABSerr: 0.5381150841712952
2023-04-28 06:01:19.618 | INFO     | utils.logging:log_training_results:290 - val ausat from confmx: 0.9771183133125305
2023-04-28 06:01:19.619 | INFO     | utils.logging:log_training_results:326 - val MCE loss:1.02358 * 0.9
2023-04-28 06:01:19.619 | INFO     | utils.logging:log_training_results:333 - val LLLR :0.24492 * 0.1
2023-04-28 06:01:19.620 | INFO     | utils.logging:log_training_results:340 - val weight decay:197.75958 * 0.0007
2023-04-28 06:01:19.814 | INFO     | utils.checkpoint:update_and_save_result:168 - [36mBest value updated![0m
2023-04-28 06:01:19.832 | INFO     | utils.checkpoint:save_checkpoint:83 - [36mSaved checkpoint[0m at step 1000.
2023-04-28 06:01:19.837 | INFO     | utils.checkpoint:keep_max_num_saved_models:101 - Removed the oldest model for max_to_keep=1
2023-04-28 06:01:20.876 | INFO     | utils.logging:save_sdre_imgs:710 - Figures saved.
2023-04-28 06:01:21.639 | INFO     | utils.logging:log_training_results:280 - 
2023-04-28 06:01:21.640 | INFO     | utils.logging:log_training_results:281 - Global Step =   1000
2023-04-28 06:01:21.640 | INFO     | utils.logging:log_training_results:282 - train mean(MacRec)_t: 0.8735426068305969
2023-04-28 06:01:21.641 | INFO     | utils.logging:log_training_results:287 - train mean ABSerr: 0.5374781489372253
2023-04-28 06:01:21.641 | INFO     | utils.logging:log_training_results:290 - train ausat from confmx: 0.983437180519104
2023-04-28 06:01:21.641 | INFO     | utils.logging:log_training_results:326 - train MCE loss:1.02461 * 0.9
2023-04-28 06:01:21.642 | INFO     | utils.logging:log_training_results:333 - train LLLR :0.24446 * 0.1
2023-04-28 06:01:21.642 | INFO     | utils.logging:log_training_results:340 - train weight decay:197.75958 * 0.0007
2023-04-28 06:02:50.093 | INFO     | __main__:objective:356 - Starting epoch #3.
2023-04-28 06:03:27.446 | INFO     | utils.logging:log_training_results:280 - 
2023-04-28 06:03:27.447 | INFO     | utils.logging:log_training_results:281 - Global Step =   1250
2023-04-28 06:03:27.448 | INFO     | utils.logging:log_training_results:282 - val mean(MacRec)_t: 0.8665834069252014
2023-04-28 06:03:27.448 | INFO     | utils.logging:log_training_results:287 - val mean ABSerr: 0.5936821103096008
2023-04-28 06:03:27.449 | INFO     | utils.logging:log_training_results:290 - val ausat from confmx: 0.9770675301551819
2023-04-28 06:03:27.449 | INFO     | utils.logging:log_training_results:326 - val MCE loss:1.02354 * 0.9
2023-04-28 06:03:27.450 | INFO     | utils.logging:log_training_results:333 - val LLLR :0.24533 * 0.1
2023-04-28 06:03:27.450 | INFO     | utils.logging:log_training_results:340 - val weight decay:133.43242 * 0.0007
2023-04-28 06:03:28.516 | INFO     | utils.logging:save_sdre_imgs:710 - Figures saved.
2023-04-28 06:03:29.180 | INFO     | utils.logging:log_training_results:280 - 
2023-04-28 06:03:29.181 | INFO     | utils.logging:log_training_results:281 - Global Step =   1250
2023-04-28 06:03:29.182 | INFO     | utils.logging:log_training_results:282 - train mean(MacRec)_t: 0.86515212059021
2023-04-28 06:03:29.182 | INFO     | utils.logging:log_training_results:287 - train mean ABSerr: 0.5939617156982422
2023-04-28 06:03:29.182 | INFO     | utils.logging:log_training_results:290 - train ausat from confmx: 0.9902706742286682
2023-04-28 06:03:29.183 | INFO     | utils.logging:log_training_results:326 - train MCE loss:1.01920 * 0.9
2023-04-28 06:03:29.183 | INFO     | utils.logging:log_training_results:333 - train LLLR :0.24656 * 0.1
2023-04-28 06:03:29.184 | INFO     | utils.logging:log_training_results:340 - train weight decay:133.43242 * 0.0007
2023-04-28 06:05:28.176 | INFO     | utils.logging:log_training_results:280 - 
2023-04-28 06:05:28.177 | INFO     | utils.logging:log_training_results:281 - Global Step =   1500
2023-04-28 06:05:28.177 | INFO     | utils.logging:log_training_results:282 - val mean(MacRec)_t: 0.8614566326141357
2023-04-28 06:05:28.178 | INFO     | utils.logging:log_training_results:287 - val mean ABSerr: 0.7489743232727051
2023-04-28 06:05:28.178 | INFO     | utils.logging:log_training_results:290 - val ausat from confmx: 0.9725530743598938
2023-04-28 06:05:28.179 | INFO     | utils.logging:log_training_results:326 - val MCE loss:1.02499 * 0.9
2023-04-28 06:05:28.180 | INFO     | utils.logging:log_training_results:333 - val LLLR :0.24648 * 0.1
2023-04-28 06:05:28.180 | INFO     | utils.logging:log_training_results:340 - val weight decay:86.36575 * 0.0007
2023-04-28 06:05:29.236 | INFO     | utils.logging:save_sdre_imgs:710 - Figures saved.
2023-04-28 06:05:29.887 | INFO     | utils.logging:log_training_results:280 - 
2023-04-28 06:05:29.888 | INFO     | utils.logging:log_training_results:281 - Global Step =   1500
2023-04-28 06:05:29.888 | INFO     | utils.logging:log_training_results:282 - train mean(MacRec)_t: 0.8536802530288696
2023-04-28 06:05:29.889 | INFO     | utils.logging:log_training_results:287 - train mean ABSerr: 0.834799587726593
2023-04-28 06:05:29.889 | INFO     | utils.logging:log_training_results:290 - train ausat from confmx: 0.9827131032943726
2023-04-28 06:05:29.890 | INFO     | utils.logging:log_training_results:326 - train MCE loss:1.02888 * 0.9
2023-04-28 06:05:29.890 | INFO     | utils.logging:log_training_results:333 - train LLLR :0.24939 * 0.1
2023-04-28 06:05:29.890 | INFO     | utils.logging:log_training_results:340 - train weight decay:86.36575 * 0.0007
2023-04-28 06:06:10.462 | INFO     | __main__:objective:356 - Starting epoch #4.
2023-04-28 06:07:26.865 | INFO     | utils.logging:log_training_results:280 - 
2023-04-28 06:07:26.866 | INFO     | utils.logging:log_training_results:281 - Global Step =   1750
2023-04-28 06:07:26.867 | INFO     | utils.logging:log_training_results:282 - val mean(MacRec)_t: 0.8655833005905151
2023-04-28 06:07:26.867 | INFO     | utils.logging:log_training_results:287 - val mean ABSerr: 0.5950908660888672
2023-04-28 06:07:26.867 | INFO     | utils.logging:log_training_results:290 - val ausat from confmx: 0.9771913290023804
2023-04-28 06:07:26.868 | INFO     | utils.logging:log_training_results:326 - val MCE loss:1.02529 * 0.9
2023-04-28 06:07:26.868 | INFO     | utils.logging:log_training_results:333 - val LLLR :0.24588 * 0.1
2023-04-28 06:07:26.869 | INFO     | utils.logging:log_training_results:340 - val weight decay:54.06460 * 0.0007
2023-04-28 06:07:27.048 | INFO     | utils.checkpoint:update_and_save_result:168 - [36mBest value updated![0m
2023-04-28 06:07:27.067 | INFO     | utils.checkpoint:save_checkpoint:83 - [36mSaved checkpoint[0m at step 1750.
2023-04-28 06:07:27.070 | INFO     | utils.checkpoint:keep_max_num_saved_models:101 - Removed the oldest model for max_to_keep=1
2023-04-28 06:07:27.971 | INFO     | utils.logging:save_sdre_imgs:710 - Figures saved.
2023-04-28 06:07:28.650 | INFO     | utils.logging:log_training_results:280 - 
2023-04-28 06:07:28.650 | INFO     | utils.logging:log_training_results:281 - Global Step =   1750
2023-04-28 06:07:28.651 | INFO     | utils.logging:log_training_results:282 - train mean(MacRec)_t: 0.8706321716308594
2023-04-28 06:07:28.651 | INFO     | utils.logging:log_training_results:287 - train mean ABSerr: 0.6573359370231628
2023-04-28 06:07:28.652 | INFO     | utils.logging:log_training_results:290 - train ausat from confmx: 0.9761695861816406
2023-04-28 06:07:28.652 | INFO     | utils.logging:log_training_results:326 - train MCE loss:1.02082 * 0.9
2023-04-28 06:07:28.652 | INFO     | utils.logging:log_training_results:333 - train LLLR :0.24386 * 0.1
2023-04-28 06:07:28.653 | INFO     | utils.logging:log_training_results:340 - train weight decay:54.06460 * 0.0007
2023-04-28 06:09:08.829 | INFO     | __main__:objective:356 - Starting epoch #5.
2023-04-28 06:09:24.380 | INFO     | utils.logging:log_training_results:280 - 
2023-04-28 06:09:24.381 | INFO     | utils.logging:log_training_results:281 - Global Step =   2000
2023-04-28 06:09:24.381 | INFO     | utils.logging:log_training_results:282 - val mean(MacRec)_t: 0.8682933449745178
2023-04-28 06:09:24.381 | INFO     | utils.logging:log_training_results:287 - val mean ABSerr: 0.5520020723342896
2023-04-28 06:09:24.382 | INFO     | utils.logging:log_training_results:290 - val ausat from confmx: 0.9797713756561279
2023-04-28 06:09:24.382 | INFO     | utils.logging:log_training_results:326 - val MCE loss:1.02459 * 0.9
2023-04-28 06:09:24.383 | INFO     | utils.logging:log_training_results:333 - val LLLR :0.24555 * 0.1
2023-04-28 06:09:24.383 | INFO     | utils.logging:log_training_results:340 - val weight decay:34.05430 * 0.0007
2023-04-28 06:09:24.551 | INFO     | utils.checkpoint:update_and_save_result:168 - [36mBest value updated![0m
2023-04-28 06:09:24.569 | INFO     | utils.checkpoint:save_checkpoint:83 - [36mSaved checkpoint[0m at step 2000.
2023-04-28 06:09:24.570 | INFO     | utils.checkpoint:keep_max_num_saved_models:101 - Removed the oldest model for max_to_keep=1
2023-04-28 06:09:25.733 | INFO     | utils.logging:save_sdre_imgs:710 - Figures saved.
2023-04-28 06:09:26.408 | INFO     | utils.logging:log_training_results:280 - 
2023-04-28 06:09:26.409 | INFO     | utils.logging:log_training_results:281 - Global Step =   2000
2023-04-28 06:09:26.409 | INFO     | utils.logging:log_training_results:282 - train mean(MacRec)_t: 0.8668484091758728
2023-04-28 06:09:26.410 | INFO     | utils.logging:log_training_results:287 - train mean ABSerr: 0.659741997718811
2023-04-28 06:09:26.410 | INFO     | utils.logging:log_training_results:290 - train ausat from confmx: 0.9829950928688049
2023-04-28 06:09:26.411 | INFO     | utils.logging:log_training_results:326 - train MCE loss:1.02657 * 0.9
2023-04-28 06:09:26.412 | INFO     | utils.logging:log_training_results:333 - train LLLR :0.24611 * 0.1
2023-04-28 06:09:26.412 | INFO     | utils.logging:log_training_results:340 - train weight decay:34.05429 * 0.0007
2023-04-28 06:11:28.180 | INFO     | utils.logging:log_training_results:280 - 
2023-04-28 06:11:28.183 | INFO     | utils.logging:log_training_results:281 - Global Step =   2250
2023-04-28 06:11:28.184 | INFO     | utils.logging:log_training_results:282 - val mean(MacRec)_t: 0.8659833073616028
2023-04-28 06:11:28.184 | INFO     | utils.logging:log_training_results:287 - val mean ABSerr: 0.5857517719268799
2023-04-28 06:11:28.184 | INFO     | utils.logging:log_training_results:290 - val ausat from confmx: 0.9776816964149475
2023-04-28 06:11:28.185 | INFO     | utils.logging:log_training_results:326 - val MCE loss:1.02447 * 0.9
2023-04-28 06:11:28.186 | INFO     | utils.logging:log_training_results:333 - val LLLR :0.24579 * 0.1
2023-04-28 06:11:28.186 | INFO     | utils.logging:log_training_results:340 - val weight decay:24.74727 * 0.0007
2023-04-28 06:11:29.275 | INFO     | utils.logging:save_sdre_imgs:710 - Figures saved.
2023-04-28 06:11:30.038 | INFO     | utils.logging:log_training_results:280 - 
2023-04-28 06:11:30.039 | INFO     | utils.logging:log_training_results:281 - Global Step =   2250
2023-04-28 06:11:30.040 | INFO     | utils.logging:log_training_results:282 - train mean(MacRec)_t: 0.8938398361206055
2023-04-28 06:11:30.040 | INFO     | utils.logging:log_training_results:287 - train mean ABSerr: 0.6209702491760254
2023-04-28 06:11:30.041 | INFO     | utils.logging:log_training_results:290 - train ausat from confmx: 0.997430145740509
2023-04-28 06:11:30.042 | INFO     | utils.logging:log_training_results:326 - train MCE loss:1.02451 * 0.9
2023-04-28 06:11:30.042 | INFO     | utils.logging:log_training_results:333 - train LLLR :0.24114 * 0.1
2023-04-28 06:11:30.042 | INFO     | utils.logging:log_training_results:340 - train weight decay:24.74727 * 0.0007
2023-04-28 06:12:34.260 | INFO     | __main__:objective:356 - Starting epoch #6.
2023-04-28 06:13:32.931 | INFO     | utils.logging:log_training_results:280 - 
2023-04-28 06:13:32.931 | INFO     | utils.logging:log_training_results:281 - Global Step =   2500
2023-04-28 06:13:32.932 | INFO     | utils.logging:log_training_results:282 - val mean(MacRec)_t: 0.8681833744049072
2023-04-28 06:13:32.932 | INFO     | utils.logging:log_training_results:287 - val mean ABSerr: 0.5595508813858032
2023-04-28 06:13:32.933 | INFO     | utils.logging:log_training_results:290 - val ausat from confmx: 0.9803033471107483
2023-04-28 06:13:32.933 | INFO     | utils.logging:log_training_results:326 - val MCE loss:1.02476 * 0.9
2023-04-28 06:13:32.933 | INFO     | utils.logging:log_training_results:333 - val LLLR :0.24503 * 0.1
2023-04-28 06:13:32.934 | INFO     | utils.logging:log_training_results:340 - val weight decay:20.07984 * 0.0007
2023-04-28 06:13:33.110 | INFO     | utils.checkpoint:update_and_save_result:168 - [36mBest value updated![0m
2023-04-28 06:13:33.132 | INFO     | utils.checkpoint:save_checkpoint:83 - [36mSaved checkpoint[0m at step 2500.
2023-04-28 06:13:33.136 | INFO     | utils.checkpoint:keep_max_num_saved_models:101 - Removed the oldest model for max_to_keep=1
2023-04-28 06:13:34.053 | INFO     | utils.logging:save_sdre_imgs:710 - Figures saved.
2023-04-28 06:13:34.723 | INFO     | utils.logging:log_training_results:280 - 
2023-04-28 06:13:34.723 | INFO     | utils.logging:log_training_results:281 - Global Step =   2500
2023-04-28 06:13:34.724 | INFO     | utils.logging:log_training_results:282 - train mean(MacRec)_t: 0.8651499152183533
2023-04-28 06:13:34.724 | INFO     | utils.logging:log_training_results:287 - train mean ABSerr: 0.5901826620101929
2023-04-28 06:13:34.725 | INFO     | utils.logging:log_training_results:290 - train ausat from confmx: 0.9770808219909668
2023-04-28 06:13:34.725 | INFO     | utils.logging:log_training_results:326 - train MCE loss:1.02810 * 0.9
2023-04-28 06:13:34.726 | INFO     | utils.logging:log_training_results:333 - train LLLR :0.24713 * 0.1
2023-04-28 06:13:34.726 | INFO     | utils.logging:log_training_results:340 - train weight decay:20.07984 * 0.0007
2023-04-28 06:15:32.465 | INFO     | utils.logging:log_training_results:280 - 
2023-04-28 06:15:32.466 | INFO     | utils.logging:log_training_results:281 - Global Step =   2750
2023-04-28 06:15:32.466 | INFO     | utils.logging:log_training_results:282 - val mean(MacRec)_t: 0.8688233494758606
2023-04-28 06:15:32.466 | INFO     | utils.logging:log_training_results:287 - val mean ABSerr: 0.5394906401634216
2023-04-28 06:15:32.467 | INFO     | utils.logging:log_training_results:290 - val ausat from confmx: 0.9789058566093445
2023-04-28 06:15:32.470 | INFO     | utils.logging:log_training_results:326 - val MCE loss:1.02349 * 0.9
2023-04-28 06:15:32.471 | INFO     | utils.logging:log_training_results:333 - val LLLR :0.24553 * 0.1
2023-04-28 06:15:32.471 | INFO     | utils.logging:log_training_results:340 - val weight decay:16.52538 * 0.0007
2023-04-28 06:15:33.554 | INFO     | utils.logging:save_sdre_imgs:710 - Figures saved.
2023-04-28 06:15:34.201 | INFO     | utils.logging:log_training_results:280 - 
2023-04-28 06:15:34.202 | INFO     | utils.logging:log_training_results:281 - Global Step =   2750
2023-04-28 06:15:34.202 | INFO     | utils.logging:log_training_results:282 - train mean(MacRec)_t: 0.8728129863739014
2023-04-28 06:15:34.203 | INFO     | utils.logging:log_training_results:287 - train mean ABSerr: 0.6058617830276489
2023-04-28 06:15:34.203 | INFO     | utils.logging:log_training_results:290 - train ausat from confmx: 0.9969146251678467
2023-04-28 06:15:34.204 | INFO     | utils.logging:log_training_results:326 - train MCE loss:1.02603 * 0.9
2023-04-28 06:15:34.204 | INFO     | utils.logging:log_training_results:333 - train LLLR :0.24448 * 0.1
2023-04-28 06:15:34.205 | INFO     | utils.logging:log_training_results:340 - train weight decay:16.52538 * 0.0007
2023-04-28 06:15:54.204 | INFO     | __main__:objective:356 - Starting epoch #7.
2023-04-28 06:17:30.289 | INFO     | utils.logging:log_training_results:280 - 
2023-04-28 06:17:30.290 | INFO     | utils.logging:log_training_results:281 - Global Step =   3000
2023-04-28 06:17:30.291 | INFO     | utils.logging:log_training_results:282 - val mean(MacRec)_t: 0.8632665872573853
2023-04-28 06:17:30.291 | INFO     | utils.logging:log_training_results:287 - val mean ABSerr: 0.6626183390617371
2023-04-28 06:17:30.292 | INFO     | utils.logging:log_training_results:290 - val ausat from confmx: 0.9737405776977539
2023-04-28 06:17:30.292 | INFO     | utils.logging:log_training_results:326 - val MCE loss:1.02257 * 0.9
2023-04-28 06:17:30.292 | INFO     | utils.logging:log_training_results:333 - val LLLR :0.24558 * 0.1
2023-04-28 06:17:30.293 | INFO     | utils.logging:log_training_results:340 - val weight decay:13.64352 * 0.0007
2023-04-28 06:17:31.374 | INFO     | utils.logging:save_sdre_imgs:710 - Figures saved.
2023-04-28 06:17:32.060 | INFO     | utils.logging:log_training_results:280 - 
2023-04-28 06:17:32.062 | INFO     | utils.logging:log_training_results:281 - Global Step =   3000
2023-04-28 06:17:32.062 | INFO     | utils.logging:log_training_results:282 - train mean(MacRec)_t: 0.875933825969696
2023-04-28 06:17:32.063 | INFO     | utils.logging:log_training_results:287 - train mean ABSerr: 0.7342425584793091
2023-04-28 06:17:32.063 | INFO     | utils.logging:log_training_results:290 - train ausat from confmx: 0.9902653098106384
2023-04-28 06:17:32.064 | INFO     | utils.logging:log_training_results:326 - train MCE loss:1.02593 * 0.9
2023-04-28 06:17:32.064 | INFO     | utils.logging:log_training_results:333 - train LLLR :0.24429 * 0.1
2023-04-28 06:17:32.064 | INFO     | utils.logging:log_training_results:340 - train weight decay:13.64352 * 0.0007
2023-04-28 06:18:54.243 | INFO     | __main__:objective:356 - Starting epoch #8.
2023-04-28 06:19:30.729 | INFO     | utils.logging:log_training_results:280 - 
2023-04-28 06:19:30.730 | INFO     | utils.logging:log_training_results:281 - Global Step =   3250
2023-04-28 06:19:30.730 | INFO     | utils.logging:log_training_results:282 - val mean(MacRec)_t: 0.8626000285148621
2023-04-28 06:19:30.731 | INFO     | utils.logging:log_training_results:287 - val mean ABSerr: 0.7012135982513428
2023-04-28 06:19:30.731 | INFO     | utils.logging:log_training_results:290 - val ausat from confmx: 0.972253680229187
2023-04-28 06:19:30.733 | INFO     | utils.logging:log_training_results:326 - val MCE loss:1.02086 * 0.9
2023-04-28 06:19:30.734 | INFO     | utils.logging:log_training_results:333 - val LLLR :0.24596 * 0.1
2023-04-28 06:19:30.734 | INFO     | utils.logging:log_training_results:340 - val weight decay:11.13698 * 0.0007
2023-04-28 06:19:31.785 | INFO     | utils.logging:save_sdre_imgs:710 - Figures saved.
2023-04-28 06:19:32.463 | INFO     | utils.logging:log_training_results:280 - 
2023-04-28 06:19:32.464 | INFO     | utils.logging:log_training_results:281 - Global Step =   3250
2023-04-28 06:19:32.465 | INFO     | utils.logging:log_training_results:282 - train mean(MacRec)_t: 0.8825559616088867
2023-04-28 06:19:32.465 | INFO     | utils.logging:log_training_results:287 - train mean ABSerr: 0.7123638987541199
2023-04-28 06:19:32.465 | INFO     | utils.logging:log_training_results:290 - train ausat from confmx: 0.9773207902908325
2023-04-28 06:19:32.466 | INFO     | utils.logging:log_training_results:326 - train MCE loss:1.01213 * 0.9
2023-04-28 06:19:32.466 | INFO     | utils.logging:log_training_results:333 - train LLLR :0.24335 * 0.1
2023-04-28 06:19:32.467 | INFO     | utils.logging:log_training_results:340 - train weight decay:11.13698 * 0.0007
2023-04-28 06:21:27.958 | INFO     | utils.logging:log_training_results:280 - 
2023-04-28 06:21:27.958 | INFO     | utils.logging:log_training_results:281 - Global Step =   3500
2023-04-28 06:21:27.959 | INFO     | utils.logging:log_training_results:282 - val mean(MacRec)_t: 0.8635566234588623
2023-04-28 06:21:27.959 | INFO     | utils.logging:log_training_results:287 - val mean ABSerr: 0.7567492723464966
2023-04-28 06:21:27.960 | INFO     | utils.logging:log_training_results:290 - val ausat from confmx: 0.9723840355873108
2023-04-28 06:21:27.961 | INFO     | utils.logging:log_training_results:326 - val MCE loss:1.02052 * 0.9
2023-04-28 06:21:27.961 | INFO     | utils.logging:log_training_results:333 - val LLLR :0.24575 * 0.1
2023-04-28 06:21:27.962 | INFO     | utils.logging:log_training_results:340 - val weight decay:9.07381 * 0.0007
2023-04-28 06:21:29.279 | INFO     | utils.logging:save_sdre_imgs:710 - Figures saved.
2023-04-28 06:21:29.956 | INFO     | utils.logging:log_training_results:280 - 
2023-04-28 06:21:29.957 | INFO     | utils.logging:log_training_results:281 - Global Step =   3500
2023-04-28 06:21:29.958 | INFO     | utils.logging:log_training_results:282 - train mean(MacRec)_t: 0.8781481981277466
2023-04-28 06:21:29.958 | INFO     | utils.logging:log_training_results:287 - train mean ABSerr: 0.7283912897109985
2023-04-28 06:21:29.959 | INFO     | utils.logging:log_training_results:290 - train ausat from confmx: 0.9822766184806824
2023-04-28 06:21:29.959 | INFO     | utils.logging:log_training_results:326 - train MCE loss:1.01118 * 0.9
2023-04-28 06:21:29.959 | INFO     | utils.logging:log_training_results:333 - train LLLR :0.24309 * 0.1
2023-04-28 06:21:29.960 | INFO     | utils.logging:log_training_results:340 - train weight decay:9.07381 * 0.0007
2023-04-28 06:22:09.474 | INFO     | __main__:objective:356 - Starting epoch #9.
2023-04-28 06:23:20.449 | INFO     | utils.logging:log_training_results:280 - 
2023-04-28 06:23:20.449 | INFO     | utils.logging:log_training_results:281 - Global Step =   3750
2023-04-28 06:23:20.450 | INFO     | utils.logging:log_training_results:282 - val mean(MacRec)_t: 0.8739166855812073
2023-04-28 06:23:20.450 | INFO     | utils.logging:log_training_results:287 - val mean ABSerr: 0.3554003834724426
2023-04-28 06:23:20.450 | INFO     | utils.logging:log_training_results:290 - val ausat from confmx: 0.9817420244216919
2023-04-28 06:23:20.451 | INFO     | utils.logging:log_training_results:326 - val MCE loss:1.02020 * 0.9
2023-04-28 06:23:20.451 | INFO     | utils.logging:log_training_results:333 - val LLLR :0.24363 * 0.1
2023-04-28 06:23:20.452 | INFO     | utils.logging:log_training_results:340 - val weight decay:7.67631 * 0.0007
2023-04-28 06:23:20.591 | INFO     | utils.checkpoint:update_and_save_result:168 - [36mBest value updated![0m
2023-04-28 06:23:20.605 | INFO     | utils.checkpoint:save_checkpoint:83 - [36mSaved checkpoint[0m at step 3750.
2023-04-28 06:23:20.608 | INFO     | utils.checkpoint:keep_max_num_saved_models:101 - Removed the oldest model for max_to_keep=1
2023-04-28 06:23:21.436 | INFO     | utils.logging:save_sdre_imgs:710 - Figures saved.
2023-04-28 06:23:21.971 | INFO     | utils.logging:log_training_results:280 - 
2023-04-28 06:23:21.972 | INFO     | utils.logging:log_training_results:281 - Global Step =   3750
2023-04-28 06:23:21.972 | INFO     | utils.logging:log_training_results:282 - train mean(MacRec)_t: 0.8645183444023132
2023-04-28 06:23:21.972 | INFO     | utils.logging:log_training_results:287 - train mean ABSerr: 0.3890121579170227
2023-04-28 06:23:21.973 | INFO     | utils.logging:log_training_results:290 - train ausat from confmx: 0.983963131904602
2023-04-28 06:23:21.973 | INFO     | utils.logging:log_training_results:326 - train MCE loss:1.02695 * 0.9
2023-04-28 06:23:21.973 | INFO     | utils.logging:log_training_results:333 - train LLLR :0.24760 * 0.1
2023-04-28 06:23:21.974 | INFO     | utils.logging:log_training_results:340 - train weight decay:7.67631 * 0.0007
2023-04-28 06:24:33.719 | INFO     | utils.logging:investigate_log:155 - num_warning=0/num_error=0 in the .log file.
2023-04-28 06:24:34.120 | INFO     | optuna.study.study:_log_completed_trial:1020 - Trial 10 finished with value: 0.018257975578308105 and parameters: {'LIST_IS_POSITIONAL_ENCODING': False, 'LIST_MODEL_BACKBONE': 'Transformer', 'LIST_WEIGHT_DECAY': 0.0007, 'LIST_LEARNING_RATE': 0.00048326369172485843, 'LIST_LLLR_VERSION': 'LLLR', 'LIST_ACTIVATION_FC': 'tanh', 'LIST_PARAM_MULTIPLET_LOSS': 0.9, 'LIST_PARAM_LLR_LOSS': 0.1, 'LIST_IS_ADAPTIVE_LOSS': False, 'LIST_ORDER_SPRT': 0, 'LIST_OPTIMIZER': 'rmsprop', 'LIST_IS_NORMALIZE': True, 'LIST_NUM_THRESH': 1500, 'LIST_SPARSITY': 'linspace', 'LIST_NUM_BLOCKS': 2, 'LIST_NUM_HEADS': 2, 'LIST_DROPOUT': 0.1, 'LIST_FF_DIM': 32, 'LIST_MLP_UNITS': 64}. Best is trial 10 with value: 0.018257975578308105.
2023-04-28 06:24:34.207 | INFO     | utils.hyperparameter_tuning:suggest_parameters:560 - [33mStarting a tuning phase.[0m
2023-04-28 06:24:36.634 | INFO     | utils.hyperparameter_tuning:print:394 - 
+------------------------------------------+
|   Hyperparameteres suggested by Optuna   |
+------------------------+-----------------+
|     Parameter name     | Suggested value |
+------------------------+-----------------+
|     ACTIVATION_FC      |       tanh      |
|        DROPOUT         |       0.1       |
|         FF_DIM         |        32       |
|    IS_ADAPTIVE_LOSS    |      False      |
|      IS_NORMALIZE      |       True      |
| IS_POSITIONAL_ENCODING |      False      |
|     LEARNING_RATE      |    0.00079311   |
|      LLLR_VERSION      |       LLLR      |
|       MLP_UNITS        |        64       |
|     MODEL_BACKBONE     |   Transformer   |
|       NUM_BLOCKS       |        2        |
|       NUM_HEADS        |        2        |
|       NUM_THRESH       |       1500      |
|       OPTIMIZER        |     rmsprop     |
|       ORDER_SPRT       |        0        |
|     PARAM_LLR_LOSS     |       0.0       |
|  PARAM_MULTIPLET_LOSS  |       0.9       |
|        SPARSITY        |     linspace    |
|      WEIGHT_DECAY      |      0.0007     |
+------------------------+-----------------+
2023-04-28 06:24:36.635 | INFO     | utils.misc:create_directories_and_log:291 - [33mA new log directory was created: [0m/home/afe/Dropbox/GitHub/SPRT-TANDEM-PyTorch/logs/public_offset0_5_optimausat_confmx_tuning/checkpoints/Transformer_20230428_062436634/configs
2023-04-28 06:24:36.635 | INFO     | utils.misc:create_directories_and_log:291 - [33mA new log directory was created: [0m/home/afe/Dropbox/GitHub/SPRT-TANDEM-PyTorch/logs/public_offset0_5_optimausat_confmx_tuning/TensorBoard_events/Transformer_20230428_062436634
