2023-04-28 20:21:03.814 | INFO     | utils.misc:fix_random_seed:405 - Random seed is not fixed.
2023-04-28 20:21:04.055 | INFO     | models.temporal_integrators:summarize:568 - 
:'######::'########::'########::'########::::::::::::::::::::::
'##... ##: ##.... ##: ##.... ##:... ##..:::::::::::::::::::::::
 ##:::..:: ##:::: ##: ##:::: ##:::: ##:::::::::::::::::::::::::
. ######:: ########:: ########::::: ##::::'#######:::::::::::::
:..... ##: ##.....::: ##.. ##:::::: ##::::........:::::::::::::
'##::: ##: ##:::::::: ##::. ##::::: ##:::::::::::::::::::::::::
. ######:: ##:::::::: ##:::. ##:::: ##:::::::::::::::::::::::::
:......:::..:::::::::..:::::..:::::..::::::::::::::::::::::::::
'########::::'###::::'##::: ##:'########::'########:'##::::'##:
... ##..::::'## ##::: ###:: ##: ##.... ##: ##.....:: ###::'###:
::: ##:::::'##:. ##:: ####: ##: ##:::: ##: ##::::::: ####'####:
::: ##::::'##:::. ##: ## ## ##: ##:::: ##: ######::: ## ### ##:
::: ##:::: #########: ##. ####: ##:::: ##: ##...:::: ##. #: ##:
::: ##:::: ##.... ##: ##:. ###: ##:::: ##: ##::::::: ##:.:: ##:
::: ##:::: ##:::: ##: ##::. ##: ########:: ########: ##:::: ##:
:::..:::::..:::::..::..::::..::........:::........::..:::::..::

2023-04-28 20:21:04.056 | INFO     | models.temporal_integrators:summarize:571 - [34mofficial PyTorch implementation.[0m
2023-04-28 20:21:04.109 | INFO     | models.temporal_integrators:summarize:593 - Network summary:
===============================================================================================
Layer (type:depth-idx)                        Output Shape              Param #
===============================================================================================
TANDEMformer                                  [150, 50, 3, 3]           131
├─TransformerEncoder: 1-1                     [7500, 1, 128]            --
│    └─ModuleList: 2-1                        --                        --
│    │    └─TransformerEncoderLayer: 3-1      [7500, 1, 128]            74,912
├─Linear: 1-2                                 [7500, 32]                4,128
├─Dropout: 1-3                                [7500, 32]                --
├─GELU: 1-4                                   [7500, 32]                --
├─Linear: 1-5                                 [7500, 3]                 99
===============================================================================================
Total params: 79,270
Trainable params: 79,270
Non-trainable params: 0
Total mult-adds (M): 31.70
===============================================================================================
Input size (MB): 3.84
Forward/backward pass size (MB): 2.10
Params size (MB): 0.02
Estimated Total Size (MB): 5.96
===============================================================================================
2023-04-28 20:21:04.110 | INFO     | models.temporal_integrators:summarize:594 - Example input shape: torch.Size([150, 50, 128])
2023-04-28 20:21:04.110 | INFO     | models.temporal_integrators:summarize:595 - Example output shape: torch.Size([150, 50, 3, 3])
2023-04-28 20:21:04.113 | INFO     | models.temporal_integrators:import_model:58 - model moved onto: [33mcuda.[0m
2023-04-28 20:21:04.115 | INFO     | models.optimizers:initialize_optimizer:44 - Optimizer:
RMSprop (
Parameter Group 0
    alpha: 0.99
    centered: False
    differentiable: False
    eps: 1e-08
    foreach: None
    lr: 7.667417501137547e-05
    maximize: False
    momentum: 0
    weight_decay: 0.0002
)
2023-04-28 20:21:04.116 | INFO     | datasets.data_processing:lmdb_dataloaders:293 - loading data... 
2023-04-28 20:21:04.117 | INFO     | datasets.data_processing:lmdb_dataloaders:295 - If this process takes long, consider setting is_load_onto_memory=False or use LMDBIterableDataset.
2023-04-28 20:21:06.453 | INFO     | __main__:objective:356 - Starting epoch #0.
2023-04-28 20:21:08.782 | INFO     | utils.logging:log_training_results:280 - 
2023-04-28 20:21:08.782 | INFO     | utils.logging:log_training_results:281 - Global Step =      0
2023-04-28 20:21:08.783 | INFO     | utils.logging:log_training_results:282 - val mean(MacRec)_t: 0.34492331743240356
2023-04-28 20:21:08.783 | INFO     | utils.logging:log_training_results:287 - val mean ABSerr: 5.035242080688477
2023-04-28 20:21:08.783 | INFO     | utils.logging:log_training_results:290 - val ausat from confmx: 0.3504307270050049
2023-04-28 20:21:08.784 | INFO     | utils.logging:log_training_results:301 - val MCE loss:1.11877 * 0.1 * -1.21792
2023-04-28 20:21:08.784 | INFO     | utils.logging:log_training_results:309 - val LLLR :3.58028 * 0.8 * 1.70583
2023-04-28 20:21:08.785 | INFO     | utils.logging:log_training_results:317 - val weight decay:696.92761 * 0.0002 * 0.04207
2023-04-28 20:21:09.729 | INFO     | utils.logging:save_sdre_imgs:710 - Figures saved.
2023-04-28 20:21:10.020 | INFO     | utils.logging:log_training_results:280 - 
2023-04-28 20:21:10.020 | INFO     | utils.logging:log_training_results:281 - Global Step =      0
2023-04-28 20:21:10.021 | INFO     | utils.logging:log_training_results:282 - train mean(MacRec)_t: 0.34830257296562195
2023-04-28 20:21:10.021 | INFO     | utils.logging:log_training_results:287 - train mean ABSerr: 5.043127059936523
2023-04-28 20:21:10.021 | INFO     | utils.logging:log_training_results:290 - train ausat from confmx: 0.34308311343193054
2023-04-28 20:21:10.022 | INFO     | utils.logging:log_training_results:301 - train MCE loss:1.12282 * 0.1 * -1.21715
2023-04-28 20:21:10.022 | INFO     | utils.logging:log_training_results:309 - train LLLR :3.67223 * 0.8 * 1.70506
2023-04-28 20:21:10.022 | INFO     | utils.logging:log_training_results:317 - train weight decay:696.92761 * 0.0002 * 0.04284
2023-04-28 20:21:30.866 | INFO     | utils.logging:log_training_results:280 - 
2023-04-28 20:21:30.866 | INFO     | utils.logging:log_training_results:281 - Global Step =    250
2023-04-28 20:21:30.867 | INFO     | utils.logging:log_training_results:282 - val mean(MacRec)_t: 0.47930002212524414
2023-04-28 20:21:30.867 | INFO     | utils.logging:log_training_results:287 - val mean ABSerr: 3.3455097675323486
2023-04-28 20:21:30.868 | INFO     | utils.logging:log_training_results:290 - val ausat from confmx: 0.5487361550331116
2023-04-28 20:21:30.868 | INFO     | utils.logging:log_training_results:301 - val MCE loss:1.09496 * 0.1 * -1.18967
2023-04-28 20:21:30.869 | INFO     | utils.logging:log_training_results:309 - val LLLR :1.01859 * 0.8 * 1.67716
2023-04-28 20:21:30.869 | INFO     | utils.logging:log_training_results:317 - val weight decay:540.71362 * 0.0002 * 0.06382
2023-04-28 20:21:31.002 | INFO     | utils.checkpoint:update_and_save_result:168 - [36mBest value updated![0m
2023-04-28 20:21:31.012 | INFO     | utils.checkpoint:save_checkpoint:83 - [36mSaved checkpoint[0m at step 250.
2023-04-28 20:21:31.810 | INFO     | utils.logging:save_sdre_imgs:710 - Figures saved.
2023-04-28 20:21:32.142 | INFO     | utils.logging:log_training_results:280 - 
2023-04-28 20:21:32.142 | INFO     | utils.logging:log_training_results:281 - Global Step =    250
2023-04-28 20:21:32.143 | INFO     | utils.logging:log_training_results:282 - train mean(MacRec)_t: 0.48663267493247986
2023-04-28 20:21:32.143 | INFO     | utils.logging:log_training_results:287 - train mean ABSerr: 3.2945022583007812
2023-04-28 20:21:32.143 | INFO     | utils.logging:log_training_results:290 - train ausat from confmx: 0.5704360008239746
2023-04-28 20:21:32.144 | INFO     | utils.logging:log_training_results:301 - train MCE loss:1.09399 * 0.1 * -1.18959
2023-04-28 20:21:32.144 | INFO     | utils.logging:log_training_results:309 - train LLLR :1.02851 * 0.8 * 1.67708
2023-04-28 20:21:32.145 | INFO     | utils.logging:log_training_results:317 - train weight decay:540.71362 * 0.0002 * 0.06387
2023-04-28 20:21:43.189 | INFO     | __main__:objective:356 - Starting epoch #1.
2023-04-28 20:21:52.387 | INFO     | utils.logging:log_training_results:280 - 
2023-04-28 20:21:52.388 | INFO     | utils.logging:log_training_results:281 - Global Step =    500
2023-04-28 20:21:52.388 | INFO     | utils.logging:log_training_results:282 - val mean(MacRec)_t: 0.6025566458702087
2023-04-28 20:21:52.389 | INFO     | utils.logging:log_training_results:287 - val mean ABSerr: 3.1989080905914307
2023-04-28 20:21:52.389 | INFO     | utils.logging:log_training_results:290 - val ausat from confmx: 0.722430408000946
2023-04-28 20:21:52.390 | INFO     | utils.logging:log_training_results:301 - val MCE loss:1.08790 * 0.1 * -1.17020
2023-04-28 20:21:52.390 | INFO     | utils.logging:log_training_results:309 - val LLLR :0.87302 * 0.8 * 1.65767
2023-04-28 20:21:52.391 | INFO     | utils.logging:log_training_results:317 - val weight decay:470.12509 * 0.0002 * 0.07662
2023-04-28 20:21:52.530 | INFO     | utils.checkpoint:update_and_save_result:168 - [36mBest value updated![0m
2023-04-28 20:21:52.540 | INFO     | utils.checkpoint:save_checkpoint:83 - [36mSaved checkpoint[0m at step 500.
2023-04-28 20:21:52.542 | INFO     | utils.checkpoint:keep_max_num_saved_models:101 - Removed the oldest model for max_to_keep=1
2023-04-28 20:21:53.365 | INFO     | utils.logging:save_sdre_imgs:710 - Figures saved.
2023-04-28 20:21:53.732 | INFO     | utils.logging:log_training_results:280 - 
2023-04-28 20:21:53.733 | INFO     | utils.logging:log_training_results:281 - Global Step =    500
2023-04-28 20:21:53.733 | INFO     | utils.logging:log_training_results:282 - train mean(MacRec)_t: 0.5992165207862854
2023-04-28 20:21:53.733 | INFO     | utils.logging:log_training_results:287 - train mean ABSerr: 3.297990560531616
2023-04-28 20:21:53.734 | INFO     | utils.logging:log_training_results:290 - train ausat from confmx: 0.7345196008682251
2023-04-28 20:21:53.734 | INFO     | utils.logging:log_training_results:301 - train MCE loss:1.08698 * 0.1 * -1.17013
2023-04-28 20:21:53.734 | INFO     | utils.logging:log_training_results:309 - train LLLR :0.85046 * 0.8 * 1.65760
2023-04-28 20:21:53.735 | INFO     | utils.logging:log_training_results:317 - train weight decay:470.12509 * 0.0002 * 0.07667
2023-04-28 20:22:14.024 | INFO     | utils.logging:log_training_results:280 - 
2023-04-28 20:22:14.025 | INFO     | utils.logging:log_training_results:281 - Global Step =    750
2023-04-28 20:22:14.025 | INFO     | utils.logging:log_training_results:282 - val mean(MacRec)_t: 0.6719399690628052
2023-04-28 20:22:14.026 | INFO     | utils.logging:log_training_results:287 - val mean ABSerr: 3.0530803203582764
2023-04-28 20:22:14.026 | INFO     | utils.logging:log_training_results:290 - val ausat from confmx: 0.780106246471405
2023-04-28 20:22:14.027 | INFO     | utils.logging:log_training_results:301 - val MCE loss:1.08117 * 0.1 * -1.15095
2023-04-28 20:22:14.028 | INFO     | utils.logging:log_training_results:309 - val LLLR :0.78430 * 0.8 * 1.63840
2023-04-28 20:22:14.028 | INFO     | utils.logging:log_training_results:317 - val weight decay:419.34433 * 0.0002 * 0.08950
2023-04-28 20:22:14.183 | INFO     | utils.checkpoint:update_and_save_result:168 - [36mBest value updated![0m
2023-04-28 20:22:14.199 | INFO     | utils.checkpoint:save_checkpoint:83 - [36mSaved checkpoint[0m at step 750.
2023-04-28 20:22:14.203 | INFO     | utils.checkpoint:keep_max_num_saved_models:101 - Removed the oldest model for max_to_keep=1
2023-04-28 20:22:15.088 | INFO     | utils.logging:save_sdre_imgs:710 - Figures saved.
2023-04-28 20:22:15.410 | INFO     | utils.logging:log_training_results:280 - 
2023-04-28 20:22:15.410 | INFO     | utils.logging:log_training_results:281 - Global Step =    750
2023-04-28 20:22:15.410 | INFO     | utils.logging:log_training_results:282 - train mean(MacRec)_t: 0.669980525970459
2023-04-28 20:22:15.411 | INFO     | utils.logging:log_training_results:287 - train mean ABSerr: 3.1218907833099365
2023-04-28 20:22:15.411 | INFO     | utils.logging:log_training_results:290 - train ausat from confmx: 0.7482178211212158
2023-04-28 20:22:15.412 | INFO     | utils.logging:log_training_results:301 - train MCE loss:1.08142 * 0.1 * -1.15088
2023-04-28 20:22:15.412 | INFO     | utils.logging:log_training_results:309 - train LLLR :0.79180 * 0.8 * 1.63832
2023-04-28 20:22:15.412 | INFO     | utils.logging:log_training_results:317 - train weight decay:419.34430 * 0.0002 * 0.08956
2023-04-28 20:22:18.976 | INFO     | __main__:objective:356 - Starting epoch #2.
2023-04-28 20:22:35.983 | INFO     | utils.logging:log_training_results:280 - 
2023-04-28 20:22:35.984 | INFO     | utils.logging:log_training_results:281 - Global Step =   1000
2023-04-28 20:22:35.984 | INFO     | utils.logging:log_training_results:282 - val mean(MacRec)_t: 0.7722266912460327
2023-04-28 20:22:35.985 | INFO     | utils.logging:log_training_results:287 - val mean ABSerr: 2.8379671573638916
2023-04-28 20:22:35.985 | INFO     | utils.logging:log_training_results:290 - val ausat from confmx: 0.9164873957633972
2023-04-28 20:22:35.986 | INFO     | utils.logging:log_training_results:301 - val MCE loss:1.07323 * 0.1 * -1.13170
2023-04-28 20:22:35.986 | INFO     | utils.logging:log_training_results:309 - val LLLR :0.62997 * 0.8 * 1.61910
2023-04-28 20:22:35.987 | INFO     | utils.logging:log_training_results:317 - val weight decay:383.51581 * 0.0002 * 0.10284
2023-04-28 20:22:36.128 | INFO     | utils.checkpoint:update_and_save_result:168 - [36mBest value updated![0m
2023-04-28 20:22:36.140 | INFO     | utils.checkpoint:save_checkpoint:83 - [36mSaved checkpoint[0m at step 1000.
2023-04-28 20:22:36.144 | INFO     | utils.checkpoint:keep_max_num_saved_models:101 - Removed the oldest model for max_to_keep=1
2023-04-28 20:22:37.029 | INFO     | utils.logging:save_sdre_imgs:710 - Figures saved.
2023-04-28 20:22:37.381 | INFO     | utils.logging:log_training_results:280 - 
2023-04-28 20:22:37.382 | INFO     | utils.logging:log_training_results:281 - Global Step =   1000
2023-04-28 20:22:37.383 | INFO     | utils.logging:log_training_results:282 - train mean(MacRec)_t: 0.8093929290771484
2023-04-28 20:22:37.383 | INFO     | utils.logging:log_training_results:287 - train mean ABSerr: 2.8810031414031982
2023-04-28 20:22:37.384 | INFO     | utils.logging:log_training_results:290 - train ausat from confmx: 0.9326612949371338
2023-04-28 20:22:37.384 | INFO     | utils.logging:log_training_results:301 - train MCE loss:1.07247 * 0.1 * -1.13162
2023-04-28 20:22:37.385 | INFO     | utils.logging:log_training_results:309 - train LLLR :0.59303 * 0.8 * 1.61902
2023-04-28 20:22:37.385 | INFO     | utils.logging:log_training_results:317 - train weight decay:383.51581 * 0.0002 * 0.10289
2023-04-28 20:22:51.546 | INFO     | __main__:objective:356 - Starting epoch #3.
2023-04-28 20:22:57.233 | INFO     | utils.logging:log_training_results:280 - 
2023-04-28 20:22:57.234 | INFO     | utils.logging:log_training_results:281 - Global Step =   1250
2023-04-28 20:22:57.235 | INFO     | utils.logging:log_training_results:282 - val mean(MacRec)_t: 0.7618966698646545
2023-04-28 20:22:57.235 | INFO     | utils.logging:log_training_results:287 - val mean ABSerr: 2.6115641593933105
2023-04-28 20:22:57.235 | INFO     | utils.logging:log_training_results:290 - val ausat from confmx: 0.8716521859169006
2023-04-28 20:22:57.236 | INFO     | utils.logging:log_training_results:301 - val MCE loss:1.06435 * 0.1 * -1.11245
2023-04-28 20:22:57.236 | INFO     | utils.logging:log_training_results:309 - val LLLR :0.58436 * 0.8 * 1.59978
2023-04-28 20:22:57.237 | INFO     | utils.logging:log_training_results:317 - val weight decay:358.86118 * 0.0002 * 0.11654
2023-04-28 20:22:58.202 | INFO     | utils.logging:save_sdre_imgs:710 - Figures saved.
2023-04-28 20:22:58.526 | INFO     | utils.logging:log_training_results:280 - 
2023-04-28 20:22:58.526 | INFO     | utils.logging:log_training_results:281 - Global Step =   1250
2023-04-28 20:22:58.527 | INFO     | utils.logging:log_training_results:282 - train mean(MacRec)_t: 0.7739351391792297
2023-04-28 20:22:58.527 | INFO     | utils.logging:log_training_results:287 - train mean ABSerr: 2.562159299850464
2023-04-28 20:22:58.528 | INFO     | utils.logging:log_training_results:290 - train ausat from confmx: 0.9064968824386597
2023-04-28 20:22:58.530 | INFO     | utils.logging:log_training_results:301 - train MCE loss:1.06436 * 0.1 * -1.11237
2023-04-28 20:22:58.530 | INFO     | utils.logging:log_training_results:309 - train LLLR :0.56406 * 0.8 * 1.59970
2023-04-28 20:22:58.531 | INFO     | utils.logging:log_training_results:317 - train weight decay:358.86118 * 0.0002 * 0.11660
2023-04-28 20:23:18.773 | INFO     | utils.logging:log_training_results:280 - 
2023-04-28 20:23:18.773 | INFO     | utils.logging:log_training_results:281 - Global Step =   1500
2023-04-28 20:23:18.774 | INFO     | utils.logging:log_training_results:282 - val mean(MacRec)_t: 0.814329981803894
2023-04-28 20:23:18.774 | INFO     | utils.logging:log_training_results:287 - val mean ABSerr: 2.318986415863037
2023-04-28 20:23:18.775 | INFO     | utils.logging:log_training_results:290 - val ausat from confmx: 0.9317932724952698
2023-04-28 20:23:18.775 | INFO     | utils.logging:log_training_results:301 - val MCE loss:1.05544 * 0.1 * -1.09317
2023-04-28 20:23:18.776 | INFO     | utils.logging:log_training_results:309 - val LLLR :0.48461 * 0.8 * 1.58047
2023-04-28 20:23:18.776 | INFO     | utils.logging:log_training_results:317 - val weight decay:341.30573 * 0.0002 * 0.13040
2023-04-28 20:23:18.904 | INFO     | utils.checkpoint:update_and_save_result:168 - [36mBest value updated![0m
2023-04-28 20:23:18.913 | INFO     | utils.checkpoint:save_checkpoint:83 - [36mSaved checkpoint[0m at step 1500.
2023-04-28 20:23:18.918 | INFO     | utils.checkpoint:keep_max_num_saved_models:101 - Removed the oldest model for max_to_keep=1
2023-04-28 20:23:19.876 | INFO     | utils.logging:save_sdre_imgs:710 - Figures saved.
2023-04-28 20:23:20.191 | INFO     | utils.logging:log_training_results:280 - 
2023-04-28 20:23:20.192 | INFO     | utils.logging:log_training_results:281 - Global Step =   1500
2023-04-28 20:23:20.192 | INFO     | utils.logging:log_training_results:282 - train mean(MacRec)_t: 0.7981690764427185
2023-04-28 20:23:20.192 | INFO     | utils.logging:log_training_results:287 - train mean ABSerr: 2.3761184215545654
2023-04-28 20:23:20.193 | INFO     | utils.logging:log_training_results:290 - train ausat from confmx: 0.9174662232398987
2023-04-28 20:23:20.193 | INFO     | utils.logging:log_training_results:301 - train MCE loss:1.05843 * 0.1 * -1.09309
2023-04-28 20:23:20.194 | INFO     | utils.logging:log_training_results:309 - train LLLR :0.51105 * 0.8 * 1.58039
2023-04-28 20:23:20.194 | INFO     | utils.logging:log_training_results:317 - train weight decay:341.30569 * 0.0002 * 0.13046
2023-04-28 20:23:27.155 | INFO     | __main__:objective:356 - Starting epoch #4.
2023-04-28 20:23:39.630 | INFO     | utils.logging:log_training_results:280 - 
2023-04-28 20:23:39.631 | INFO     | utils.logging:log_training_results:281 - Global Step =   1750
2023-04-28 20:23:39.631 | INFO     | utils.logging:log_training_results:282 - val mean(MacRec)_t: 0.8268833756446838
2023-04-28 20:23:39.631 | INFO     | utils.logging:log_training_results:287 - val mean ABSerr: 2.0677733421325684
2023-04-28 20:23:39.632 | INFO     | utils.logging:log_training_results:290 - val ausat from confmx: 0.9435251951217651
2023-04-28 20:23:39.632 | INFO     | utils.logging:log_training_results:301 - val MCE loss:1.04791 * 0.1 * -1.07388
2023-04-28 20:23:39.633 | INFO     | utils.logging:log_training_results:309 - val LLLR :0.43955 * 0.8 * 1.56118
2023-04-28 20:23:39.633 | INFO     | utils.logging:log_training_results:317 - val weight decay:327.75397 * 0.0002 * 0.14406
2023-04-28 20:23:39.761 | INFO     | utils.checkpoint:update_and_save_result:168 - [36mBest value updated![0m
2023-04-28 20:23:39.772 | INFO     | utils.checkpoint:save_checkpoint:83 - [36mSaved checkpoint[0m at step 1750.
2023-04-28 20:23:39.775 | INFO     | utils.checkpoint:keep_max_num_saved_models:101 - Removed the oldest model for max_to_keep=1
2023-04-28 20:23:40.558 | INFO     | utils.logging:save_sdre_imgs:710 - Figures saved.
2023-04-28 20:23:40.883 | INFO     | utils.logging:log_training_results:280 - 
2023-04-28 20:23:40.883 | INFO     | utils.logging:log_training_results:281 - Global Step =   1750
2023-04-28 20:23:40.884 | INFO     | utils.logging:log_training_results:282 - train mean(MacRec)_t: 0.8708614706993103
2023-04-28 20:23:40.884 | INFO     | utils.logging:log_training_results:287 - train mean ABSerr: 2.11196231842041
2023-04-28 20:23:40.885 | INFO     | utils.logging:log_training_results:290 - train ausat from confmx: 0.9708902835845947
2023-04-28 20:23:40.885 | INFO     | utils.logging:log_training_results:301 - train MCE loss:1.04414 * 0.1 * -1.07381
2023-04-28 20:23:40.885 | INFO     | utils.logging:log_training_results:309 - train LLLR :0.38464 * 0.8 * 1.56110
2023-04-28 20:23:40.886 | INFO     | utils.logging:log_training_results:317 - train weight decay:327.75394 * 0.0002 * 0.14411
2023-04-28 20:23:58.994 | INFO     | __main__:objective:356 - Starting epoch #5.
2023-04-28 20:24:01.162 | INFO     | utils.logging:log_training_results:280 - 
2023-04-28 20:24:01.162 | INFO     | utils.logging:log_training_results:281 - Global Step =   2000
2023-04-28 20:24:01.163 | INFO     | utils.logging:log_training_results:282 - val mean(MacRec)_t: 0.8554600477218628
2023-04-28 20:24:01.163 | INFO     | utils.logging:log_training_results:287 - val mean ABSerr: 1.7855204343795776
2023-04-28 20:24:01.164 | INFO     | utils.logging:log_training_results:290 - val ausat from confmx: 0.9746311902999878
2023-04-28 20:24:01.164 | INFO     | utils.logging:log_training_results:301 - val MCE loss:1.04163 * 0.1 * -1.05460
2023-04-28 20:24:01.164 | INFO     | utils.logging:log_training_results:309 - val LLLR :0.37373 * 0.8 * 1.54190
2023-04-28 20:24:01.165 | INFO     | utils.logging:log_training_results:317 - val weight decay:315.82968 * 0.0002 * 0.15688
2023-04-28 20:24:01.296 | INFO     | utils.checkpoint:update_and_save_result:168 - [36mBest value updated![0m
2023-04-28 20:24:01.307 | INFO     | utils.checkpoint:save_checkpoint:83 - [36mSaved checkpoint[0m at step 2000.
2023-04-28 20:24:01.311 | INFO     | utils.checkpoint:keep_max_num_saved_models:101 - Removed the oldest model for max_to_keep=1
2023-04-28 20:24:02.108 | INFO     | utils.logging:save_sdre_imgs:710 - Figures saved.
2023-04-28 20:24:02.435 | INFO     | utils.logging:log_training_results:280 - 
2023-04-28 20:24:02.437 | INFO     | utils.logging:log_training_results:281 - Global Step =   2000
2023-04-28 20:24:02.437 | INFO     | utils.logging:log_training_results:282 - train mean(MacRec)_t: 0.8638862371444702
2023-04-28 20:24:02.437 | INFO     | utils.logging:log_training_results:287 - train mean ABSerr: 1.8355717658996582
2023-04-28 20:24:02.438 | INFO     | utils.logging:log_training_results:290 - train ausat from confmx: 0.9841654300689697
2023-04-28 20:24:02.438 | INFO     | utils.logging:log_training_results:301 - train MCE loss:1.03879 * 0.1 * -1.05453
2023-04-28 20:24:02.443 | INFO     | utils.logging:log_training_results:309 - train LLLR :0.35356 * 0.8 * 1.54182
2023-04-28 20:24:02.444 | INFO     | utils.logging:log_training_results:317 - train weight decay:315.82968 * 0.0002 * 0.15693
2023-04-28 20:24:21.893 | INFO     | utils.logging:log_training_results:280 - 
2023-04-28 20:24:21.893 | INFO     | utils.logging:log_training_results:281 - Global Step =   2250
2023-04-28 20:24:21.894 | INFO     | utils.logging:log_training_results:282 - val mean(MacRec)_t: 0.8586299419403076
2023-04-28 20:24:21.894 | INFO     | utils.logging:log_training_results:287 - val mean ABSerr: 1.5500320196151733
2023-04-28 20:24:21.894 | INFO     | utils.logging:log_training_results:290 - val ausat from confmx: 0.9725680947303772
2023-04-28 20:24:21.895 | INFO     | utils.logging:log_training_results:301 - val MCE loss:1.03663 * 0.1 * -1.03532
2023-04-28 20:24:21.895 | INFO     | utils.logging:log_training_results:309 - val LLLR :0.35546 * 0.8 * 1.52262
2023-04-28 20:24:21.896 | INFO     | utils.logging:log_training_results:317 - val weight decay:304.60544 * 0.0002 * 0.16740
2023-04-28 20:24:22.825 | INFO     | utils.logging:save_sdre_imgs:710 - Figures saved.
2023-04-28 20:24:23.161 | INFO     | utils.logging:log_training_results:280 - 
2023-04-28 20:24:23.161 | INFO     | utils.logging:log_training_results:281 - Global Step =   2250
2023-04-28 20:24:23.162 | INFO     | utils.logging:log_training_results:282 - train mean(MacRec)_t: 0.86273193359375
2023-04-28 20:24:23.162 | INFO     | utils.logging:log_training_results:287 - train mean ABSerr: 1.544055461883545
2023-04-28 20:24:23.162 | INFO     | utils.logging:log_training_results:290 - train ausat from confmx: 0.9571137428283691
2023-04-28 20:24:23.163 | INFO     | utils.logging:log_training_results:301 - train MCE loss:1.03506 * 0.1 * -1.03524
2023-04-28 20:24:23.163 | INFO     | utils.logging:log_training_results:309 - train LLLR :0.37365 * 0.8 * 1.52254
2023-04-28 20:24:23.164 | INFO     | utils.logging:log_training_results:317 - train weight decay:304.60544 * 0.0002 * 0.16743
2023-04-28 20:24:33.323 | INFO     | __main__:objective:356 - Starting epoch #6.
2023-04-28 20:24:42.487 | INFO     | utils.logging:log_training_results:280 - 
2023-04-28 20:24:42.488 | INFO     | utils.logging:log_training_results:281 - Global Step =   2500
2023-04-28 20:24:42.489 | INFO     | utils.logging:log_training_results:282 - val mean(MacRec)_t: 0.8596333265304565
2023-04-28 20:24:42.489 | INFO     | utils.logging:log_training_results:287 - val mean ABSerr: 1.3901350498199463
2023-04-28 20:24:42.489 | INFO     | utils.logging:log_training_results:290 - val ausat from confmx: 0.975390613079071
2023-04-28 20:24:42.490 | INFO     | utils.logging:log_training_results:301 - val MCE loss:1.03329 * 0.1 * -1.01603
2023-04-28 20:24:42.491 | INFO     | utils.logging:log_training_results:309 - val LLLR :0.34507 * 0.8 * 1.50336
2023-04-28 20:24:42.491 | INFO     | utils.logging:log_training_results:317 - val weight decay:293.77911 * 0.0002 * 0.17160
2023-04-28 20:24:42.631 | INFO     | utils.checkpoint:update_and_save_result:168 - [36mBest value updated![0m
2023-04-28 20:24:42.641 | INFO     | utils.checkpoint:save_checkpoint:83 - [36mSaved checkpoint[0m at step 2500.
2023-04-28 20:24:42.645 | INFO     | utils.checkpoint:keep_max_num_saved_models:101 - Removed the oldest model for max_to_keep=1
2023-04-28 20:24:43.541 | INFO     | utils.logging:save_sdre_imgs:710 - Figures saved.
2023-04-28 20:24:43.872 | INFO     | utils.logging:log_training_results:280 - 
2023-04-28 20:24:43.872 | INFO     | utils.logging:log_training_results:281 - Global Step =   2500
2023-04-28 20:24:43.873 | INFO     | utils.logging:log_training_results:282 - train mean(MacRec)_t: 0.8835324645042419
2023-04-28 20:24:43.873 | INFO     | utils.logging:log_training_results:287 - train mean ABSerr: 1.4187524318695068
2023-04-28 20:24:43.873 | INFO     | utils.logging:log_training_results:290 - train ausat from confmx: 0.985848605632782
2023-04-28 20:24:43.874 | INFO     | utils.logging:log_training_results:301 - train MCE loss:1.02943 * 0.1 * -1.01596
2023-04-28 20:24:43.874 | INFO     | utils.logging:log_training_results:309 - train LLLR :0.30990 * 0.8 * 1.50328
2023-04-28 20:24:43.875 | INFO     | utils.logging:log_training_results:317 - train weight decay:293.77911 * 0.0002 * 0.17160
2023-04-28 20:25:03.896 | INFO     | utils.logging:log_training_results:280 - 
2023-04-28 20:25:03.897 | INFO     | utils.logging:log_training_results:281 - Global Step =   2750
2023-04-28 20:25:03.897 | INFO     | utils.logging:log_training_results:282 - val mean(MacRec)_t: 0.861936628818512
2023-04-28 20:25:03.898 | INFO     | utils.logging:log_training_results:287 - val mean ABSerr: 1.2419984340667725
2023-04-28 20:25:03.898 | INFO     | utils.logging:log_training_results:290 - val ausat from confmx: 0.9777150750160217
2023-04-28 20:25:03.898 | INFO     | utils.logging:log_training_results:301 - val MCE loss:1.03105 * 0.1 * -0.99674
2023-04-28 20:25:03.899 | INFO     | utils.logging:log_training_results:309 - val LLLR :0.33614 * 0.8 * 1.48409
2023-04-28 20:25:03.899 | INFO     | utils.logging:log_training_results:317 - val weight decay:282.79028 * 0.0002 * 0.16845
2023-04-28 20:25:04.023 | INFO     | utils.checkpoint:update_and_save_result:168 - [36mBest value updated![0m
2023-04-28 20:25:04.033 | INFO     | utils.checkpoint:save_checkpoint:83 - [36mSaved checkpoint[0m at step 2750.
2023-04-28 20:25:04.036 | INFO     | utils.checkpoint:keep_max_num_saved_models:101 - Removed the oldest model for max_to_keep=1
2023-04-28 20:25:04.898 | INFO     | utils.logging:save_sdre_imgs:710 - Figures saved.
2023-04-28 20:25:05.252 | INFO     | utils.logging:log_training_results:280 - 
2023-04-28 20:25:05.253 | INFO     | utils.logging:log_training_results:281 - Global Step =   2750
2023-04-28 20:25:05.253 | INFO     | utils.logging:log_training_results:282 - train mean(MacRec)_t: 0.8630723357200623
2023-04-28 20:25:05.253 | INFO     | utils.logging:log_training_results:287 - train mean ABSerr: 1.2327022552490234
2023-04-28 20:25:05.254 | INFO     | utils.logging:log_training_results:290 - train ausat from confmx: 0.978868305683136
2023-04-28 20:25:05.254 | INFO     | utils.logging:log_training_results:301 - train MCE loss:1.03187 * 0.1 * -0.99666
2023-04-28 20:25:05.255 | INFO     | utils.logging:log_training_results:309 - train LLLR :0.35407 * 0.8 * 1.48401
2023-04-28 20:25:05.255 | INFO     | utils.logging:log_training_results:317 - train weight decay:282.79028 * 0.0002 * 0.16844
2023-04-28 20:25:08.915 | INFO     | __main__:objective:356 - Starting epoch #7.
2023-04-28 20:25:25.228 | INFO     | utils.logging:log_training_results:280 - 
2023-04-28 20:25:25.229 | INFO     | utils.logging:log_training_results:281 - Global Step =   3000
2023-04-28 20:25:25.229 | INFO     | utils.logging:log_training_results:282 - val mean(MacRec)_t: 0.863093376159668
2023-04-28 20:25:25.230 | INFO     | utils.logging:log_training_results:287 - val mean ABSerr: 1.1490243673324585
2023-04-28 20:25:25.230 | INFO     | utils.logging:log_training_results:290 - val ausat from confmx: 0.97598797082901
2023-04-28 20:25:25.230 | INFO     | utils.logging:log_training_results:301 - val MCE loss:1.02957 * 0.1 * -0.97744
2023-04-28 20:25:25.231 | INFO     | utils.logging:log_training_results:309 - val LLLR :0.33066 * 0.8 * 1.46482
2023-04-28 20:25:25.231 | INFO     | utils.logging:log_training_results:317 - val weight decay:271.89975 * 0.0002 * 0.16496
2023-04-28 20:25:26.153 | INFO     | utils.logging:save_sdre_imgs:710 - Figures saved.
2023-04-28 20:25:26.483 | INFO     | utils.logging:log_training_results:280 - 
2023-04-28 20:25:26.484 | INFO     | utils.logging:log_training_results:281 - Global Step =   3000
2023-04-28 20:25:26.484 | INFO     | utils.logging:log_training_results:282 - train mean(MacRec)_t: 0.8453773260116577
2023-04-28 20:25:26.485 | INFO     | utils.logging:log_training_results:287 - train mean ABSerr: 1.113349199295044
2023-04-28 20:25:26.485 | INFO     | utils.logging:log_training_results:290 - train ausat from confmx: 0.9827818274497986
2023-04-28 20:25:26.486 | INFO     | utils.logging:log_training_results:301 - train MCE loss:1.03097 * 0.1 * -0.97736
2023-04-28 20:25:26.486 | INFO     | utils.logging:log_training_results:309 - train LLLR :0.34673 * 0.8 * 1.46475
2023-04-28 20:25:26.486 | INFO     | utils.logging:log_training_results:317 - train weight decay:271.89975 * 0.0002 * 0.16495
2023-04-28 20:25:41.262 | INFO     | __main__:objective:356 - Starting epoch #8.
2023-04-28 20:25:47.698 | INFO     | utils.logging:log_training_results:280 - 
2023-04-28 20:25:47.699 | INFO     | utils.logging:log_training_results:281 - Global Step =   3250
2023-04-28 20:25:47.699 | INFO     | utils.logging:log_training_results:282 - val mean(MacRec)_t: 0.862476646900177
2023-04-28 20:25:47.699 | INFO     | utils.logging:log_training_results:287 - val mean ABSerr: 1.0735470056533813
2023-04-28 20:25:47.700 | INFO     | utils.logging:log_training_results:290 - val ausat from confmx: 0.9766661524772644
2023-04-28 20:25:47.700 | INFO     | utils.logging:log_training_results:301 - val MCE loss:1.02859 * 0.1 * -0.95814
2023-04-28 20:25:47.701 | INFO     | utils.logging:log_training_results:309 - val LLLR :0.33052 * 0.8 * 1.44556
2023-04-28 20:25:47.701 | INFO     | utils.logging:log_training_results:317 - val weight decay:261.24231 * 0.0002 * 0.16164
2023-04-28 20:25:48.963 | INFO     | utils.logging:save_sdre_imgs:710 - Figures saved.
2023-04-28 20:25:49.313 | INFO     | utils.logging:log_training_results:280 - 
2023-04-28 20:25:49.314 | INFO     | utils.logging:log_training_results:281 - Global Step =   3250
2023-04-28 20:25:49.314 | INFO     | utils.logging:log_training_results:282 - train mean(MacRec)_t: 0.8560072779655457
2023-04-28 20:25:49.314 | INFO     | utils.logging:log_training_results:287 - train mean ABSerr: 1.038223385810852
2023-04-28 20:25:49.315 | INFO     | utils.logging:log_training_results:290 - train ausat from confmx: 0.983314037322998
2023-04-28 20:25:49.316 | INFO     | utils.logging:log_training_results:301 - train MCE loss:1.02733 * 0.1 * -0.95806
2023-04-28 20:25:49.316 | INFO     | utils.logging:log_training_results:309 - train LLLR :0.34310 * 0.8 * 1.44548
2023-04-28 20:25:49.317 | INFO     | utils.logging:log_training_results:317 - train weight decay:261.24231 * 0.0002 * 0.16163
2023-04-28 20:26:09.316 | INFO     | utils.logging:log_training_results:280 - 
2023-04-28 20:26:09.317 | INFO     | utils.logging:log_training_results:281 - Global Step =   3500
2023-04-28 20:26:09.317 | INFO     | utils.logging:log_training_results:282 - val mean(MacRec)_t: 0.8583199977874756
2023-04-28 20:26:09.317 | INFO     | utils.logging:log_training_results:287 - val mean ABSerr: 1.092834711074829
2023-04-28 20:26:09.318 | INFO     | utils.logging:log_training_results:290 - val ausat from confmx: 0.9678074717521667
2023-04-28 20:26:09.318 | INFO     | utils.logging:log_training_results:301 - val MCE loss:1.02784 * 0.1 * -0.93884
2023-04-28 20:26:09.319 | INFO     | utils.logging:log_training_results:309 - val LLLR :0.34010 * 0.8 * 1.42630
2023-04-28 20:26:09.319 | INFO     | utils.logging:log_training_results:317 - val weight decay:250.72823 * 0.0002 * 0.15834
2023-04-28 20:26:10.245 | INFO     | utils.logging:save_sdre_imgs:710 - Figures saved.
2023-04-28 20:26:10.567 | INFO     | utils.logging:log_training_results:280 - 
2023-04-28 20:26:10.567 | INFO     | utils.logging:log_training_results:281 - Global Step =   3500
2023-04-28 20:26:10.568 | INFO     | utils.logging:log_training_results:282 - train mean(MacRec)_t: 0.8427751064300537
2023-04-28 20:26:10.568 | INFO     | utils.logging:log_training_results:287 - train mean ABSerr: 1.101619839668274
2023-04-28 20:26:10.569 | INFO     | utils.logging:log_training_results:290 - train ausat from confmx: 0.9768304824829102
2023-04-28 20:26:10.569 | INFO     | utils.logging:log_training_results:301 - train MCE loss:1.03560 * 0.1 * -0.93876
2023-04-28 20:26:10.569 | INFO     | utils.logging:log_training_results:309 - train LLLR :0.37572 * 0.8 * 1.42622
2023-04-28 20:26:10.570 | INFO     | utils.logging:log_training_results:317 - train weight decay:250.72821 * 0.0002 * 0.15833
2023-04-28 20:26:17.371 | INFO     | __main__:objective:356 - Starting epoch #9.
2023-04-28 20:26:31.307 | INFO     | utils.logging:log_training_results:280 - 
2023-04-28 20:26:31.307 | INFO     | utils.logging:log_training_results:281 - Global Step =   3750
2023-04-28 20:26:31.308 | INFO     | utils.logging:log_training_results:282 - val mean(MacRec)_t: 0.8664433360099792
2023-04-28 20:26:31.308 | INFO     | utils.logging:log_training_results:287 - val mean ABSerr: 0.9673826098442078
2023-04-28 20:26:31.308 | INFO     | utils.logging:log_training_results:290 - val ausat from confmx: 0.9789600372314453
2023-04-28 20:26:31.309 | INFO     | utils.logging:log_training_results:301 - val MCE loss:1.02721 * 0.1 * -0.91953
2023-04-28 20:26:31.309 | INFO     | utils.logging:log_training_results:309 - val LLLR :0.31978 * 0.8 * 1.40704
2023-04-28 20:26:31.310 | INFO     | utils.logging:log_training_results:317 - val weight decay:240.55980 * 0.0002 * 0.15507
2023-04-28 20:26:31.439 | INFO     | utils.checkpoint:update_and_save_result:168 - [36mBest value updated![0m
2023-04-28 20:26:31.450 | INFO     | utils.checkpoint:save_checkpoint:83 - [36mSaved checkpoint[0m at step 3750.
2023-04-28 20:26:31.453 | INFO     | utils.checkpoint:keep_max_num_saved_models:101 - Removed the oldest model for max_to_keep=1
2023-04-28 20:26:32.312 | INFO     | utils.logging:save_sdre_imgs:710 - Figures saved.
2023-04-28 20:26:32.685 | INFO     | utils.logging:log_training_results:280 - 
2023-04-28 20:26:32.686 | INFO     | utils.logging:log_training_results:281 - Global Step =   3750
2023-04-28 20:26:32.686 | INFO     | utils.logging:log_training_results:282 - train mean(MacRec)_t: 0.8645801544189453
2023-04-28 20:26:32.687 | INFO     | utils.logging:log_training_results:287 - train mean ABSerr: 0.9485837817192078
2023-04-28 20:26:32.687 | INFO     | utils.logging:log_training_results:290 - train ausat from confmx: 0.9645139575004578
2023-04-28 20:26:32.687 | INFO     | utils.logging:log_training_results:301 - train MCE loss:1.02969 * 0.1 * -0.91945
2023-04-28 20:26:32.688 | INFO     | utils.logging:log_training_results:309 - train LLLR :0.31390 * 0.8 * 1.40696
2023-04-28 20:26:32.688 | INFO     | utils.logging:log_training_results:317 - train weight decay:240.55980 * 0.0002 * 0.15512
2023-04-28 20:26:50.471 | INFO     | utils.logging:investigate_log:155 - num_warning=0/num_error=0 in the .log file.
2023-04-28 20:26:50.678 | INFO     | optuna.study.study:_log_completed_trial:1020 - Trial 87 finished with value: 0.021039962768554688 and parameters: {'LIST_IS_POSITIONAL_ENCODING': True, 'LIST_IS_TRAINABLE_ENCODING': True, 'LIST_MODEL_BACKBONE': 'Transformer', 'LIST_WEIGHT_DECAY': 0.0002, 'LIST_LEARNING_RATE': 7.667417501137547e-05, 'LIST_LLLR_VERSION': 'LSEL', 'LIST_ACTIVATION_FC': 'gelu', 'LIST_PARAM_MULTIPLET_LOSS': 0.1, 'LIST_PARAM_LLR_LOSS': 0.8, 'LIST_IS_ADAPTIVE_LOSS': True, 'LIST_ORDER_SPRT': 0, 'LIST_OPTIMIZER': 'rmsprop', 'LIST_IS_NORMALIZE': False, 'LIST_NUM_THRESH': 1500, 'LIST_SPARSITY': 'unirandom', 'LIST_NUM_BLOCKS': 1, 'LIST_NUM_HEADS': 4, 'LIST_DROPOUT': 0.0, 'LIST_FF_DIM': 32, 'LIST_MLP_UNITS': 32}. Best is trial 78 with value: 0.015432298183441162.
2023-04-28 20:26:50.699 | INFO     | utils.hyperparameter_tuning:suggest_parameters:560 - [33mStarting a tuning phase.[0m
2023-04-28 20:26:51.258 | INFO     | utils.hyperparameter_tuning:print:394 - 
+------------------------------------------+
|   Hyperparameteres suggested by Optuna   |
+------------------------+-----------------+
|     Parameter name     | Suggested value |
+------------------------+-----------------+
|     ACTIVATION_FC      |       gelu      |
|        DROPOUT         |       0.0       |
|         FF_DIM         |        32       |
|    IS_ADAPTIVE_LOSS    |       True      |
|      IS_NORMALIZE      |      False      |
| IS_POSITIONAL_ENCODING |       True      |
| IS_TRAINABLE_ENCODING  |       True      |
|     LEARNING_RATE      |    0.00014152   |
|      LLLR_VERSION      |       LSEL      |
|       MLP_UNITS        |        32       |
|     MODEL_BACKBONE     |   Transformer   |
|       NUM_BLOCKS       |        1        |
|       NUM_HEADS        |        4        |
|       NUM_THRESH       |       500       |
|       OPTIMIZER        |     rmsprop     |
|       ORDER_SPRT       |        0        |
|     PARAM_LLR_LOSS     |       0.9       |
|  PARAM_MULTIPLET_LOSS  |       0.2       |
|        SPARSITY        |    unirandom    |
|      WEIGHT_DECAY      |      0.0003     |
+------------------------+-----------------+
2023-04-28 20:26:51.259 | INFO     | utils.misc:create_directories_and_log:291 - [33mA new log directory was created: [0m/home/afe/Dropbox/GitHub/SPRT-TANDEM-PyTorch/logs/public_offset0_5_optimausat_confmx_tuning/checkpoints/Transformer_20230428_202651259/configs
2023-04-28 20:26:51.260 | INFO     | utils.misc:create_directories_and_log:291 - [33mA new log directory was created: [0m/home/afe/Dropbox/GitHub/SPRT-TANDEM-PyTorch/logs/public_offset0_5_optimausat_confmx_tuning/TensorBoard_events/Transformer_20230428_202651259
