2023-04-28 06:47:19.292 | INFO     | utils.misc:fix_random_seed:405 - Random seed is not fixed.
2023-04-28 06:47:19.316 | INFO     | models.temporal_integrators:summarize:568 - 
:'######::'########::'########::'########::::::::::::::::::::::
'##... ##: ##.... ##: ##.... ##:... ##..:::::::::::::::::::::::
 ##:::..:: ##:::: ##: ##:::: ##:::: ##:::::::::::::::::::::::::
. ######:: ########:: ########::::: ##::::'#######:::::::::::::
:..... ##: ##.....::: ##.. ##:::::: ##::::........:::::::::::::
'##::: ##: ##:::::::: ##::. ##::::: ##:::::::::::::::::::::::::
. ######:: ##:::::::: ##:::. ##:::: ##:::::::::::::::::::::::::
:......:::..:::::::::..:::::..:::::..::::::::::::::::::::::::::
'########::::'###::::'##::: ##:'########::'########:'##::::'##:
... ##..::::'## ##::: ###:: ##: ##.... ##: ##.....:: ###::'###:
::: ##:::::'##:. ##:: ####: ##: ##:::: ##: ##::::::: ####'####:
::: ##::::'##:::. ##: ## ## ##: ##:::: ##: ######::: ## ### ##:
::: ##:::: #########: ##. ####: ##:::: ##: ##...:::: ##. #: ##:
::: ##:::: ##.... ##: ##:. ###: ##:::: ##: ##::::::: ##:.:: ##:
::: ##:::: ##:::: ##: ##::. ##: ########:: ########: ##:::: ##:
:::..:::::..:::::..::..::::..::........:::........::..:::::..::

2023-04-28 06:47:19.316 | INFO     | models.temporal_integrators:summarize:571 - [34mofficial PyTorch implementation.[0m
2023-04-28 06:47:19.804 | INFO     | models.temporal_integrators:summarize:593 - Network summary:
===============================================================================================
Layer (type:depth-idx)                        Output Shape              Param #
===============================================================================================
TANDEMformer                                  [150, 50, 3, 3]           128
├─TransformerEncoder: 1-1                     [7500, 1, 128]            --
│    └─ModuleList: 2-1                        --                        --
│    │    └─TransformerEncoderLayer: 3-1      [7500, 1, 128]            74,912
│    │    └─TransformerEncoderLayer: 3-2      [7500, 1, 128]            74,912
├─Linear: 1-2                                 [7500, 64]                8,256
├─Dropout: 1-3                                [7500, 64]                --
├─LayerNorm: 1-4                              [7500, 64]                128
├─Tanh: 1-5                                   [7500, 64]                --
├─Linear: 1-6                                 [7500, 3]                 195
===============================================================================================
Total params: 158,531
Trainable params: 158,531
Non-trainable params: 0
Total mult-adds (M): 197.30
===============================================================================================
Input size (MB): 3.84
Forward/backward pass size (MB): 57.78
Params size (MB): 0.11
Estimated Total Size (MB): 61.73
===============================================================================================
2023-04-28 06:47:19.804 | INFO     | models.temporal_integrators:summarize:594 - Example input shape: torch.Size([150, 50, 128])
2023-04-28 06:47:19.805 | INFO     | models.temporal_integrators:summarize:595 - Example output shape: torch.Size([150, 50, 3, 3])
2023-04-28 06:47:19.807 | INFO     | models.temporal_integrators:import_model:58 - model moved onto: [33mcuda.[0m
2023-04-28 06:47:19.808 | INFO     | models.optimizers:initialize_optimizer:44 - Optimizer:
RMSprop (
Parameter Group 0
    alpha: 0.99
    centered: False
    differentiable: False
    eps: 1e-08
    foreach: None
    lr: 0.0008707985780927491
    maximize: False
    momentum: 0
    weight_decay: 0.0007
)
2023-04-28 06:47:19.808 | INFO     | datasets.data_processing:lmdb_dataloaders:293 - loading data... 
2023-04-28 06:47:19.809 | INFO     | datasets.data_processing:lmdb_dataloaders:295 - If this process takes long, consider setting is_load_onto_memory=False or use LMDBIterableDataset.
2023-04-28 06:47:22.149 | INFO     | __main__:objective:356 - Starting epoch #0.
2023-04-28 06:47:33.009 | INFO     | utils.logging:log_training_results:280 - 
2023-04-28 06:47:33.010 | INFO     | utils.logging:log_training_results:281 - Global Step =      0
2023-04-28 06:47:33.010 | INFO     | utils.logging:log_training_results:282 - val mean(MacRec)_t: 0.3246999979019165
2023-04-28 06:47:33.011 | INFO     | utils.logging:log_training_results:287 - val mean ABSerr: 4.113694190979004
2023-04-28 06:47:33.011 | INFO     | utils.logging:log_training_results:290 - val ausat from confmx: 0.3183102309703827
2023-04-28 06:47:33.011 | INFO     | utils.logging:log_training_results:326 - val MCE loss:1.16779 * 0.8
2023-04-28 06:47:33.012 | INFO     | utils.logging:log_training_results:333 - val LLLR :0.37620 * 0.0
2023-04-28 06:47:33.012 | INFO     | utils.logging:log_training_results:340 - val weight decay:1316.83875 * 0.0007
2023-04-28 06:47:33.950 | INFO     | utils.logging:save_sdre_imgs:710 - Figures saved.
2023-04-28 06:47:34.490 | INFO     | utils.logging:log_training_results:280 - 
2023-04-28 06:47:34.490 | INFO     | utils.logging:log_training_results:281 - Global Step =      0
2023-04-28 06:47:34.490 | INFO     | utils.logging:log_training_results:282 - train mean(MacRec)_t: 0.3235774040222168
2023-04-28 06:47:34.491 | INFO     | utils.logging:log_training_results:287 - train mean ABSerr: 4.133602142333984
2023-04-28 06:47:34.491 | INFO     | utils.logging:log_training_results:290 - train ausat from confmx: 0.3097265362739563
2023-04-28 06:47:34.492 | INFO     | utils.logging:log_training_results:326 - train MCE loss:1.16245 * 0.8
2023-04-28 06:47:34.492 | INFO     | utils.logging:log_training_results:333 - train LLLR :0.37519 * 0.0
2023-04-28 06:47:34.492 | INFO     | utils.logging:log_training_results:340 - train weight decay:1316.83862 * 0.0007
2023-04-28 06:48:59.953 | INFO     | utils.logging:log_training_results:280 - 
2023-04-28 06:48:59.954 | INFO     | utils.logging:log_training_results:281 - Global Step =    250
2023-04-28 06:48:59.954 | INFO     | utils.logging:log_training_results:282 - val mean(MacRec)_t: 0.8709266185760498
2023-04-28 06:48:59.955 | INFO     | utils.logging:log_training_results:287 - val mean ABSerr: 0.43617695569992065
2023-04-28 06:48:59.955 | INFO     | utils.logging:log_training_results:290 - val ausat from confmx: 0.9799768924713135
2023-04-28 06:48:59.955 | INFO     | utils.logging:log_training_results:326 - val MCE loss:1.02211 * 0.8
2023-04-28 06:48:59.956 | INFO     | utils.logging:log_training_results:333 - val LLLR :0.24505 * 0.0
2023-04-28 06:48:59.956 | INFO     | utils.logging:log_training_results:340 - val weight decay:374.96451 * 0.0007
2023-04-28 06:49:00.091 | INFO     | utils.checkpoint:update_and_save_result:168 - [36mBest value updated![0m
2023-04-28 06:49:00.105 | INFO     | utils.checkpoint:save_checkpoint:83 - [36mSaved checkpoint[0m at step 250.
2023-04-28 06:49:00.858 | INFO     | utils.logging:save_sdre_imgs:710 - Figures saved.
2023-04-28 06:49:01.401 | INFO     | utils.logging:log_training_results:280 - 
2023-04-28 06:49:01.402 | INFO     | utils.logging:log_training_results:281 - Global Step =    250
2023-04-28 06:49:01.402 | INFO     | utils.logging:log_training_results:282 - train mean(MacRec)_t: 0.8981993198394775
2023-04-28 06:49:01.402 | INFO     | utils.logging:log_training_results:287 - train mean ABSerr: 0.42371034622192383
2023-04-28 06:49:01.403 | INFO     | utils.logging:log_training_results:290 - train ausat from confmx: 0.9908803701400757
2023-04-28 06:49:01.403 | INFO     | utils.logging:log_training_results:326 - train MCE loss:1.01979 * 0.8
2023-04-28 06:49:01.403 | INFO     | utils.logging:log_training_results:333 - train LLLR :0.24003 * 0.0
2023-04-28 06:49:01.404 | INFO     | utils.logging:log_training_results:340 - train weight decay:374.96451 * 0.0007
2023-04-28 06:49:45.819 | INFO     | __main__:objective:356 - Starting epoch #1.
2023-04-28 06:50:25.841 | INFO     | utils.logging:log_training_results:280 - 
2023-04-28 06:50:25.843 | INFO     | utils.logging:log_training_results:281 - Global Step =    500
2023-04-28 06:50:25.843 | INFO     | utils.logging:log_training_results:282 - val mean(MacRec)_t: 0.8442866206169128
2023-04-28 06:50:25.844 | INFO     | utils.logging:log_training_results:287 - val mean ABSerr: 1.1235766410827637
2023-04-28 06:50:25.844 | INFO     | utils.logging:log_training_results:290 - val ausat from confmx: 0.9553861618041992
2023-04-28 06:50:25.845 | INFO     | utils.logging:log_training_results:326 - val MCE loss:1.02388 * 0.8
2023-04-28 06:50:25.845 | INFO     | utils.logging:log_training_results:333 - val LLLR :0.25074 * 0.0
2023-04-28 06:50:25.845 | INFO     | utils.logging:log_training_results:340 - val weight decay:211.47154 * 0.0007
2023-04-28 06:50:26.715 | INFO     | utils.logging:save_sdre_imgs:710 - Figures saved.
2023-04-28 06:50:27.251 | INFO     | utils.logging:log_training_results:280 - 
2023-04-28 06:50:27.252 | INFO     | utils.logging:log_training_results:281 - Global Step =    500
2023-04-28 06:50:27.252 | INFO     | utils.logging:log_training_results:282 - train mean(MacRec)_t: 0.8611499667167664
2023-04-28 06:50:27.253 | INFO     | utils.logging:log_training_results:287 - train mean ABSerr: 1.1336663961410522
2023-04-28 06:50:27.253 | INFO     | utils.logging:log_training_results:290 - train ausat from confmx: 0.9772040843963623
2023-04-28 06:50:27.253 | INFO     | utils.logging:log_training_results:326 - train MCE loss:1.01883 * 0.8
2023-04-28 06:50:27.254 | INFO     | utils.logging:log_training_results:333 - train LLLR :0.24730 * 0.0
2023-04-28 06:50:27.254 | INFO     | utils.logging:log_training_results:340 - train weight decay:211.47153 * 0.0007
2023-04-28 06:51:50.470 | INFO     | utils.logging:log_training_results:280 - 
2023-04-28 06:51:50.470 | INFO     | utils.logging:log_training_results:281 - Global Step =    750
2023-04-28 06:51:50.471 | INFO     | utils.logging:log_training_results:282 - val mean(MacRec)_t: 0.8661633133888245
2023-04-28 06:51:50.471 | INFO     | utils.logging:log_training_results:287 - val mean ABSerr: 0.6554387807846069
2023-04-28 06:51:50.472 | INFO     | utils.logging:log_training_results:290 - val ausat from confmx: 0.9760212898254395
2023-04-28 06:51:50.472 | INFO     | utils.logging:log_training_results:326 - val MCE loss:1.02344 * 0.8
2023-04-28 06:51:50.472 | INFO     | utils.logging:log_training_results:333 - val LLLR :0.24655 * 0.0
2023-04-28 06:51:50.473 | INFO     | utils.logging:log_training_results:340 - val weight decay:106.67446 * 0.0007
2023-04-28 06:51:51.540 | INFO     | utils.logging:save_sdre_imgs:710 - Figures saved.
2023-04-28 06:51:52.078 | INFO     | utils.logging:log_training_results:280 - 
2023-04-28 06:51:52.079 | INFO     | utils.logging:log_training_results:281 - Global Step =    750
2023-04-28 06:51:52.079 | INFO     | utils.logging:log_training_results:282 - train mean(MacRec)_t: 0.8612829446792603
2023-04-28 06:51:52.079 | INFO     | utils.logging:log_training_results:287 - train mean ABSerr: 0.6281474232673645
2023-04-28 06:51:52.080 | INFO     | utils.logging:log_training_results:290 - train ausat from confmx: 0.9828174710273743
2023-04-28 06:51:52.080 | INFO     | utils.logging:log_training_results:326 - train MCE loss:1.02260 * 0.8
2023-04-28 06:51:52.080 | INFO     | utils.logging:log_training_results:333 - train LLLR :0.24694 * 0.0
2023-04-28 06:51:52.081 | INFO     | utils.logging:log_training_results:340 - train weight decay:106.67446 * 0.0007
2023-04-28 06:52:06.248 | INFO     | __main__:objective:356 - Starting epoch #2.
2023-04-28 06:53:14.380 | INFO     | utils.logging:log_training_results:280 - 
2023-04-28 06:53:14.380 | INFO     | utils.logging:log_training_results:281 - Global Step =   1000
2023-04-28 06:53:14.381 | INFO     | utils.logging:log_training_results:282 - val mean(MacRec)_t: 0.8595499992370605
2023-04-28 06:53:14.381 | INFO     | utils.logging:log_training_results:287 - val mean ABSerr: 0.8586351871490479
2023-04-28 06:53:14.381 | INFO     | utils.logging:log_training_results:290 - val ausat from confmx: 0.9688094258308411
2023-04-28 06:53:14.382 | INFO     | utils.logging:log_training_results:326 - val MCE loss:1.02408 * 0.8
2023-04-28 06:53:14.382 | INFO     | utils.logging:log_training_results:333 - val LLLR :0.24800 * 0.0
2023-04-28 06:53:14.382 | INFO     | utils.logging:log_training_results:340 - val weight decay:48.25013 * 0.0007
2023-04-28 06:53:15.262 | INFO     | utils.logging:save_sdre_imgs:710 - Figures saved.
2023-04-28 06:53:15.776 | INFO     | utils.logging:log_training_results:280 - 
2023-04-28 06:53:15.777 | INFO     | utils.logging:log_training_results:281 - Global Step =   1000
2023-04-28 06:53:15.777 | INFO     | utils.logging:log_training_results:282 - train mean(MacRec)_t: 0.8360454440116882
2023-04-28 06:53:15.777 | INFO     | utils.logging:log_training_results:287 - train mean ABSerr: 0.8635283708572388
2023-04-28 06:53:15.778 | INFO     | utils.logging:log_training_results:290 - train ausat from confmx: 0.9906961917877197
2023-04-28 06:53:15.778 | INFO     | utils.logging:log_training_results:326 - train MCE loss:1.03220 * 0.8
2023-04-28 06:53:15.778 | INFO     | utils.logging:log_training_results:333 - train LLLR :0.25099 * 0.0
2023-04-28 06:53:15.779 | INFO     | utils.logging:log_training_results:340 - train weight decay:48.25013 * 0.0007
2023-04-28 06:54:13.056 | INFO     | __main__:objective:356 - Starting epoch #3.
2023-04-28 06:54:38.298 | INFO     | utils.logging:log_training_results:280 - 
2023-04-28 06:54:38.298 | INFO     | utils.logging:log_training_results:281 - Global Step =   1250
2023-04-28 06:54:38.299 | INFO     | utils.logging:log_training_results:282 - val mean(MacRec)_t: 0.8634167313575745
2023-04-28 06:54:38.299 | INFO     | utils.logging:log_training_results:287 - val mean ABSerr: 0.7391836047172546
2023-04-28 06:54:38.299 | INFO     | utils.logging:log_training_results:290 - val ausat from confmx: 0.9745131731033325
2023-04-28 06:54:38.300 | INFO     | utils.logging:log_training_results:326 - val MCE loss:1.02362 * 0.8
2023-04-28 06:54:38.300 | INFO     | utils.logging:log_training_results:333 - val LLLR :0.24682 * 0.0
2023-04-28 06:54:38.300 | INFO     | utils.logging:log_training_results:340 - val weight decay:24.14922 * 0.0007
2023-04-28 06:54:39.204 | INFO     | utils.logging:save_sdre_imgs:710 - Figures saved.
2023-04-28 06:54:39.738 | INFO     | utils.logging:log_training_results:280 - 
2023-04-28 06:54:39.738 | INFO     | utils.logging:log_training_results:281 - Global Step =   1250
2023-04-28 06:54:39.739 | INFO     | utils.logging:log_training_results:282 - train mean(MacRec)_t: 0.8651919364929199
2023-04-28 06:54:39.739 | INFO     | utils.logging:log_training_results:287 - train mean ABSerr: 0.7414602041244507
2023-04-28 06:54:39.740 | INFO     | utils.logging:log_training_results:290 - train ausat from confmx: 0.9770532846450806
2023-04-28 06:54:39.740 | INFO     | utils.logging:log_training_results:326 - train MCE loss:1.02263 * 0.8
2023-04-28 06:54:39.740 | INFO     | utils.logging:log_training_results:333 - train LLLR :0.24689 * 0.0
2023-04-28 06:54:39.741 | INFO     | utils.logging:log_training_results:340 - train weight decay:24.14922 * 0.0007
2023-04-28 06:56:02.971 | INFO     | utils.logging:log_training_results:280 - 
2023-04-28 06:56:02.972 | INFO     | utils.logging:log_training_results:281 - Global Step =   1500
2023-04-28 06:56:02.972 | INFO     | utils.logging:log_training_results:282 - val mean(MacRec)_t: 0.8593366742134094
2023-04-28 06:56:02.973 | INFO     | utils.logging:log_training_results:287 - val mean ABSerr: 0.7876622080802917
2023-04-28 06:56:02.973 | INFO     | utils.logging:log_training_results:290 - val ausat from confmx: 0.9703022241592407
2023-04-28 06:56:02.974 | INFO     | utils.logging:log_training_results:326 - val MCE loss:1.02346 * 0.8
2023-04-28 06:56:02.974 | INFO     | utils.logging:log_training_results:333 - val LLLR :0.24769 * 0.0
2023-04-28 06:56:02.974 | INFO     | utils.logging:log_training_results:340 - val weight decay:16.17118 * 0.0007
2023-04-28 06:56:03.852 | INFO     | utils.logging:save_sdre_imgs:710 - Figures saved.
2023-04-28 06:56:04.402 | INFO     | utils.logging:log_training_results:280 - 
2023-04-28 06:56:04.403 | INFO     | utils.logging:log_training_results:281 - Global Step =   1500
2023-04-28 06:56:04.403 | INFO     | utils.logging:log_training_results:282 - train mean(MacRec)_t: 0.8686949014663696
2023-04-28 06:56:04.404 | INFO     | utils.logging:log_training_results:287 - train mean ABSerr: 0.8074162006378174
2023-04-28 06:56:04.404 | INFO     | utils.logging:log_training_results:290 - train ausat from confmx: 0.9586383104324341
2023-04-28 06:56:04.404 | INFO     | utils.logging:log_training_results:326 - train MCE loss:1.02859 * 0.8
2023-04-28 06:56:04.405 | INFO     | utils.logging:log_training_results:333 - train LLLR :0.24751 * 0.0
2023-04-28 06:56:04.405 | INFO     | utils.logging:log_training_results:340 - train weight decay:16.17118 * 0.0007
2023-04-28 06:56:33.231 | INFO     | __main__:objective:356 - Starting epoch #4.
2023-04-28 06:57:28.461 | INFO     | utils.logging:log_training_results:280 - 
2023-04-28 06:57:28.462 | INFO     | utils.logging:log_training_results:281 - Global Step =   1750
2023-04-28 06:57:28.462 | INFO     | utils.logging:log_training_results:282 - val mean(MacRec)_t: 0.8085400462150574
2023-04-28 06:57:28.463 | INFO     | utils.logging:log_training_results:287 - val mean ABSerr: 1.7033250331878662
2023-04-28 06:57:28.463 | INFO     | utils.logging:log_training_results:290 - val ausat from confmx: 0.907395601272583
2023-04-28 06:57:28.463 | INFO     | utils.logging:log_training_results:326 - val MCE loss:1.02433 * 0.8
2023-04-28 06:57:28.464 | INFO     | utils.logging:log_training_results:333 - val LLLR :0.25727 * 0.0
2023-04-28 06:57:28.464 | INFO     | utils.logging:log_training_results:340 - val weight decay:11.35977 * 0.0007
2023-04-28 06:57:29.335 | INFO     | utils.logging:save_sdre_imgs:710 - Figures saved.
2023-04-28 06:57:29.870 | INFO     | utils.logging:log_training_results:280 - 
2023-04-28 06:57:29.871 | INFO     | utils.logging:log_training_results:281 - Global Step =   1750
2023-04-28 06:57:29.871 | INFO     | utils.logging:log_training_results:282 - train mean(MacRec)_t: 0.8161962628364563
2023-04-28 06:57:29.872 | INFO     | utils.logging:log_training_results:287 - train mean ABSerr: 1.7091909646987915
2023-04-28 06:57:29.872 | INFO     | utils.logging:log_training_results:290 - train ausat from confmx: 0.9122762680053711
2023-04-28 06:57:29.872 | INFO     | utils.logging:log_training_results:326 - train MCE loss:1.01773 * 0.8
2023-04-28 06:57:29.873 | INFO     | utils.logging:log_training_results:333 - train LLLR :0.25576 * 0.0
2023-04-28 06:57:29.873 | INFO     | utils.logging:log_training_results:340 - train weight decay:11.35977 * 0.0007
2023-04-28 06:58:44.259 | INFO     | __main__:objective:356 - Starting epoch #5.
2023-04-28 06:58:55.033 | INFO     | utils.logging:log_training_results:280 - 
2023-04-28 06:58:55.033 | INFO     | utils.logging:log_training_results:281 - Global Step =   2000
2023-04-28 06:58:55.034 | INFO     | utils.logging:log_training_results:282 - val mean(MacRec)_t: 0.8640966415405273
2023-04-28 06:58:55.034 | INFO     | utils.logging:log_training_results:287 - val mean ABSerr: 0.8727412819862366
2023-04-28 06:58:55.034 | INFO     | utils.logging:log_training_results:290 - val ausat from confmx: 0.9688071012496948
2023-04-28 06:58:55.035 | INFO     | utils.logging:log_training_results:326 - val MCE loss:1.02041 * 0.8
2023-04-28 06:58:55.035 | INFO     | utils.logging:log_training_results:333 - val LLLR :0.24647 * 0.0
2023-04-28 06:58:55.036 | INFO     | utils.logging:log_training_results:340 - val weight decay:7.78228 * 0.0007
2023-04-28 06:58:55.926 | INFO     | utils.logging:save_sdre_imgs:710 - Figures saved.
2023-04-28 06:58:56.455 | INFO     | utils.logging:log_training_results:280 - 
2023-04-28 06:58:56.455 | INFO     | utils.logging:log_training_results:281 - Global Step =   2000
2023-04-28 06:58:56.456 | INFO     | utils.logging:log_training_results:282 - train mean(MacRec)_t: 0.8676711320877075
2023-04-28 06:58:56.456 | INFO     | utils.logging:log_training_results:287 - train mean ABSerr: 0.8834819197654724
2023-04-28 06:58:56.456 | INFO     | utils.logging:log_training_results:290 - train ausat from confmx: 0.9580551385879517
2023-04-28 06:58:56.457 | INFO     | utils.logging:log_training_results:326 - train MCE loss:1.01285 * 0.8
2023-04-28 06:58:56.457 | INFO     | utils.logging:log_training_results:333 - train LLLR :0.24613 * 0.0
2023-04-28 06:58:56.457 | INFO     | utils.logging:log_training_results:340 - train weight decay:7.78228 * 0.0007
2023-04-28 07:00:19.411 | INFO     | utils.logging:log_training_results:280 - 
2023-04-28 07:00:19.411 | INFO     | utils.logging:log_training_results:281 - Global Step =   2250
2023-04-28 07:00:19.412 | INFO     | utils.logging:log_training_results:282 - val mean(MacRec)_t: 0.8706466555595398
2023-04-28 07:00:19.412 | INFO     | utils.logging:log_training_results:287 - val mean ABSerr: 0.5081838369369507
2023-04-28 07:00:19.413 | INFO     | utils.logging:log_training_results:290 - val ausat from confmx: 0.9788526296615601
2023-04-28 07:00:19.413 | INFO     | utils.logging:log_training_results:326 - val MCE loss:1.01986 * 0.8
2023-04-28 07:00:19.414 | INFO     | utils.logging:log_training_results:333 - val LLLR :0.24461 * 0.0
2023-04-28 07:00:19.414 | INFO     | utils.logging:log_training_results:340 - val weight decay:5.48982 * 0.0007
2023-04-28 07:00:20.275 | INFO     | utils.logging:save_sdre_imgs:710 - Figures saved.
2023-04-28 07:00:20.809 | INFO     | utils.logging:log_training_results:280 - 
2023-04-28 07:00:20.809 | INFO     | utils.logging:log_training_results:281 - Global Step =   2250
2023-04-28 07:00:20.810 | INFO     | utils.logging:log_training_results:282 - train mean(MacRec)_t: 0.8727504014968872
2023-04-28 07:00:20.810 | INFO     | utils.logging:log_training_results:287 - train mean ABSerr: 0.5124920010566711
2023-04-28 07:00:20.810 | INFO     | utils.logging:log_training_results:290 - train ausat from confmx: 0.9896716475486755
2023-04-28 07:00:20.811 | INFO     | utils.logging:log_training_results:326 - train MCE loss:1.01905 * 0.8
2023-04-28 07:00:20.811 | INFO     | utils.logging:log_training_results:333 - train LLLR :0.24486 * 0.0
2023-04-28 07:00:20.811 | INFO     | utils.logging:log_training_results:340 - train weight decay:5.48982 * 0.0007
2023-04-28 07:01:04.889 | INFO     | __main__:objective:356 - Starting epoch #6.
2023-04-28 07:01:45.566 | INFO     | utils.logging:log_training_results:280 - 
2023-04-28 07:01:45.566 | INFO     | utils.logging:log_training_results:281 - Global Step =   2500
2023-04-28 07:01:45.567 | INFO     | utils.logging:log_training_results:282 - val mean(MacRec)_t: 0.8696532845497131
2023-04-28 07:01:45.567 | INFO     | utils.logging:log_training_results:287 - val mean ABSerr: 0.534944474697113
2023-04-28 07:01:45.567 | INFO     | utils.logging:log_training_results:290 - val ausat from confmx: 0.9756247401237488
2023-04-28 07:01:45.568 | INFO     | utils.logging:log_training_results:326 - val MCE loss:1.01996 * 0.8
2023-04-28 07:01:45.568 | INFO     | utils.logging:log_training_results:333 - val LLLR :0.24486 * 0.0
2023-04-28 07:01:45.569 | INFO     | utils.logging:log_training_results:340 - val weight decay:4.19716 * 0.0007
2023-04-28 07:01:46.657 | INFO     | utils.logging:save_sdre_imgs:710 - Figures saved.
2023-04-28 07:01:47.186 | INFO     | utils.logging:log_training_results:280 - 
2023-04-28 07:01:47.187 | INFO     | utils.logging:log_training_results:281 - Global Step =   2500
2023-04-28 07:01:47.187 | INFO     | utils.logging:log_training_results:282 - train mean(MacRec)_t: 0.8913856148719788
2023-04-28 07:01:47.187 | INFO     | utils.logging:log_training_results:287 - train mean ABSerr: 0.5337793827056885
2023-04-28 07:01:47.188 | INFO     | utils.logging:log_training_results:290 - train ausat from confmx: 0.9765946269035339
2023-04-28 07:01:47.188 | INFO     | utils.logging:log_training_results:326 - train MCE loss:1.00621 * 0.8
2023-04-28 07:01:47.189 | INFO     | utils.logging:log_training_results:333 - train LLLR :0.24065 * 0.0
2023-04-28 07:01:47.189 | INFO     | utils.logging:log_training_results:340 - train weight decay:4.19716 * 0.0007
2023-04-28 07:03:10.806 | INFO     | utils.logging:log_training_results:280 - 
2023-04-28 07:03:10.806 | INFO     | utils.logging:log_training_results:281 - Global Step =   2750
2023-04-28 07:03:10.807 | INFO     | utils.logging:log_training_results:282 - val mean(MacRec)_t: 0.8341166377067566
2023-04-28 07:03:10.807 | INFO     | utils.logging:log_training_results:287 - val mean ABSerr: 1.3170119524002075
2023-04-28 07:03:10.808 | INFO     | utils.logging:log_training_results:290 - val ausat from confmx: 0.9363579750061035
2023-04-28 07:03:10.808 | INFO     | utils.logging:log_training_results:326 - val MCE loss:1.02125 * 0.8
2023-04-28 07:03:10.808 | INFO     | utils.logging:log_training_results:333 - val LLLR :0.25141 * 0.0
2023-04-28 07:03:10.809 | INFO     | utils.logging:log_training_results:340 - val weight decay:3.48614 * 0.0007
2023-04-28 07:03:11.712 | INFO     | utils.logging:save_sdre_imgs:710 - Figures saved.
2023-04-28 07:03:12.241 | INFO     | utils.logging:log_training_results:280 - 
2023-04-28 07:03:12.242 | INFO     | utils.logging:log_training_results:281 - Global Step =   2750
2023-04-28 07:03:12.242 | INFO     | utils.logging:log_training_results:282 - train mean(MacRec)_t: 0.8432130217552185
2023-04-28 07:03:12.242 | INFO     | utils.logging:log_training_results:287 - train mean ABSerr: 1.3246564865112305
2023-04-28 07:03:12.243 | INFO     | utils.logging:log_training_results:290 - train ausat from confmx: 0.9483028054237366
2023-04-28 07:03:12.243 | INFO     | utils.logging:log_training_results:326 - train MCE loss:1.02438 * 0.8
2023-04-28 07:03:12.243 | INFO     | utils.logging:log_training_results:333 - train LLLR :0.25235 * 0.0
2023-04-28 07:03:12.244 | INFO     | utils.logging:log_training_results:340 - train weight decay:3.48614 * 0.0007
2023-04-28 07:03:26.697 | INFO     | __main__:objective:356 - Starting epoch #7.
2023-04-28 07:04:36.394 | INFO     | utils.logging:log_training_results:280 - 
2023-04-28 07:04:36.394 | INFO     | utils.logging:log_training_results:281 - Global Step =   3000
2023-04-28 07:04:36.395 | INFO     | utils.logging:log_training_results:282 - val mean(MacRec)_t: 0.8747799396514893
2023-04-28 07:04:36.395 | INFO     | utils.logging:log_training_results:287 - val mean ABSerr: 0.40214258432388306
2023-04-28 07:04:36.395 | INFO     | utils.logging:log_training_results:290 - val ausat from confmx: 0.9814859628677368
2023-04-28 07:04:36.396 | INFO     | utils.logging:log_training_results:326 - val MCE loss:1.01968 * 0.8
2023-04-28 07:04:36.396 | INFO     | utils.logging:log_training_results:333 - val LLLR :0.24427 * 0.0
2023-04-28 07:04:36.396 | INFO     | utils.logging:log_training_results:340 - val weight decay:2.96952 * 0.0007
2023-04-28 07:04:36.526 | INFO     | utils.checkpoint:update_and_save_result:168 - [36mBest value updated![0m
2023-04-28 07:04:36.541 | INFO     | utils.checkpoint:save_checkpoint:83 - [36mSaved checkpoint[0m at step 3000.
2023-04-28 07:04:36.544 | INFO     | utils.checkpoint:keep_max_num_saved_models:101 - Removed the oldest model for max_to_keep=1
2023-04-28 07:04:37.298 | INFO     | utils.logging:save_sdre_imgs:710 - Figures saved.
2023-04-28 07:04:37.830 | INFO     | utils.logging:log_training_results:280 - 
2023-04-28 07:04:37.832 | INFO     | utils.logging:log_training_results:281 - Global Step =   3000
2023-04-28 07:04:37.832 | INFO     | utils.logging:log_training_results:282 - train mean(MacRec)_t: 0.8710997104644775
2023-04-28 07:04:37.832 | INFO     | utils.logging:log_training_results:287 - train mean ABSerr: 0.3728950321674347
2023-04-28 07:04:37.833 | INFO     | utils.logging:log_training_results:290 - train ausat from confmx: 0.9891394972801208
2023-04-28 07:04:37.833 | INFO     | utils.logging:log_training_results:326 - train MCE loss:1.01417 * 0.8
2023-04-28 07:04:37.834 | INFO     | utils.logging:log_training_results:333 - train LLLR :0.24493 * 0.0
2023-04-28 07:04:37.834 | INFO     | utils.logging:log_training_results:340 - train weight decay:2.96952 * 0.0007
2023-04-28 07:05:36.261 | INFO     | __main__:objective:356 - Starting epoch #8.
2023-04-28 07:06:01.676 | INFO     | utils.logging:log_training_results:280 - 
2023-04-28 07:06:01.677 | INFO     | utils.logging:log_training_results:281 - Global Step =   3250
2023-04-28 07:06:01.677 | INFO     | utils.logging:log_training_results:282 - val mean(MacRec)_t: 0.87225341796875
2023-04-28 07:06:01.677 | INFO     | utils.logging:log_training_results:287 - val mean ABSerr: 0.39196860790252686
2023-04-28 07:06:01.678 | INFO     | utils.logging:log_training_results:290 - val ausat from confmx: 0.980338990688324
2023-04-28 07:06:01.678 | INFO     | utils.logging:log_training_results:326 - val MCE loss:1.01973 * 0.8
2023-04-28 07:06:01.678 | INFO     | utils.logging:log_training_results:333 - val LLLR :0.24464 * 0.0
2023-04-28 07:06:01.679 | INFO     | utils.logging:log_training_results:340 - val weight decay:2.64329 * 0.0007
2023-04-28 07:06:02.568 | INFO     | utils.logging:save_sdre_imgs:710 - Figures saved.
2023-04-28 07:06:03.158 | INFO     | utils.logging:log_training_results:280 - 
2023-04-28 07:06:03.158 | INFO     | utils.logging:log_training_results:281 - Global Step =   3250
2023-04-28 07:06:03.159 | INFO     | utils.logging:log_training_results:282 - train mean(MacRec)_t: 0.8793045878410339
2023-04-28 07:06:03.159 | INFO     | utils.logging:log_training_results:287 - train mean ABSerr: 0.385091096162796
2023-04-28 07:06:03.160 | INFO     | utils.logging:log_training_results:290 - train ausat from confmx: 0.9696661829948425
2023-04-28 07:06:03.161 | INFO     | utils.logging:log_training_results:326 - train MCE loss:1.01240 * 0.8
2023-04-28 07:06:03.161 | INFO     | utils.logging:log_training_results:333 - train LLLR :0.24218 * 0.0
2023-04-28 07:06:03.161 | INFO     | utils.logging:log_training_results:340 - train weight decay:2.64329 * 0.0007
2023-04-28 07:07:25.296 | INFO     | utils.logging:log_training_results:280 - 
2023-04-28 07:07:25.296 | INFO     | utils.logging:log_training_results:281 - Global Step =   3500
2023-04-28 07:07:25.297 | INFO     | utils.logging:log_training_results:282 - val mean(MacRec)_t: 0.8667399883270264
2023-04-28 07:07:25.297 | INFO     | utils.logging:log_training_results:287 - val mean ABSerr: 0.6994785666465759
2023-04-28 07:07:25.297 | INFO     | utils.logging:log_training_results:290 - val ausat from confmx: 0.9740830659866333
2023-04-28 07:07:25.298 | INFO     | utils.logging:log_training_results:326 - val MCE loss:1.02011 * 0.8
2023-04-28 07:07:25.298 | INFO     | utils.logging:log_training_results:333 - val LLLR :0.24624 * 0.0
2023-04-28 07:07:25.299 | INFO     | utils.logging:log_training_results:340 - val weight decay:2.44756 * 0.0007
2023-04-28 07:07:26.159 | INFO     | utils.logging:save_sdre_imgs:710 - Figures saved.
2023-04-28 07:07:26.689 | INFO     | utils.logging:log_training_results:280 - 
2023-04-28 07:07:26.689 | INFO     | utils.logging:log_training_results:281 - Global Step =   3500
2023-04-28 07:07:26.690 | INFO     | utils.logging:log_training_results:282 - train mean(MacRec)_t: 0.864224910736084
2023-04-28 07:07:26.690 | INFO     | utils.logging:log_training_results:287 - train mean ABSerr: 0.6905319094657898
2023-04-28 07:07:26.690 | INFO     | utils.logging:log_training_results:290 - train ausat from confmx: 0.9769745469093323
2023-04-28 07:07:26.691 | INFO     | utils.logging:log_training_results:326 - train MCE loss:1.01637 * 0.8
2023-04-28 07:07:26.691 | INFO     | utils.logging:log_training_results:333 - train LLLR :0.24674 * 0.0
2023-04-28 07:07:26.691 | INFO     | utils.logging:log_training_results:340 - train weight decay:2.44756 * 0.0007
2023-04-28 07:07:54.773 | INFO     | __main__:objective:356 - Starting epoch #9.
2023-04-28 07:08:47.566 | INFO     | utils.logging:log_training_results:280 - 
2023-04-28 07:08:47.566 | INFO     | utils.logging:log_training_results:281 - Global Step =   3750
2023-04-28 07:08:47.567 | INFO     | utils.logging:log_training_results:282 - val mean(MacRec)_t: 0.8086933493614197
2023-04-28 07:08:47.567 | INFO     | utils.logging:log_training_results:287 - val mean ABSerr: 1.7768572568893433
2023-04-28 07:08:47.567 | INFO     | utils.logging:log_training_results:290 - val ausat from confmx: 0.904556155204773
2023-04-28 07:08:47.568 | INFO     | utils.logging:log_training_results:326 - val MCE loss:1.02178 * 0.8
2023-04-28 07:08:47.568 | INFO     | utils.logging:log_training_results:333 - val LLLR :0.25557 * 0.0
2023-04-28 07:08:47.568 | INFO     | utils.logging:log_training_results:340 - val weight decay:2.41803 * 0.0007
2023-04-28 07:08:48.444 | INFO     | utils.logging:save_sdre_imgs:710 - Figures saved.
2023-04-28 07:08:48.969 | INFO     | utils.logging:log_training_results:280 - 
2023-04-28 07:08:48.970 | INFO     | utils.logging:log_training_results:281 - Global Step =   3750
2023-04-28 07:08:48.970 | INFO     | utils.logging:log_training_results:282 - train mean(MacRec)_t: 0.7907776236534119
2023-04-28 07:08:48.971 | INFO     | utils.logging:log_training_results:287 - train mean ABSerr: 1.7779631614685059
2023-04-28 07:08:48.971 | INFO     | utils.logging:log_training_results:290 - train ausat from confmx: 0.8501756191253662
2023-04-28 07:08:48.971 | INFO     | utils.logging:log_training_results:326 - train MCE loss:1.01295 * 0.8
2023-04-28 07:08:48.972 | INFO     | utils.logging:log_training_results:333 - train LLLR :0.25625 * 0.0
2023-04-28 07:08:48.972 | INFO     | utils.logging:log_training_results:340 - train weight decay:2.41803 * 0.0007
2023-04-28 07:10:00.915 | INFO     | utils.logging:investigate_log:155 - num_warning=0/num_error=0 in the .log file.
2023-04-28 07:10:01.093 | INFO     | optuna.study.study:_log_completed_trial:1020 - Trial 12 finished with value: 0.018514037132263184 and parameters: {'LIST_IS_POSITIONAL_ENCODING': False, 'LIST_MODEL_BACKBONE': 'Transformer', 'LIST_WEIGHT_DECAY': 0.0007, 'LIST_LEARNING_RATE': 0.0008707985780927491, 'LIST_LLLR_VERSION': 'LLLR', 'LIST_ACTIVATION_FC': 'tanh', 'LIST_PARAM_MULTIPLET_LOSS': 0.8, 'LIST_PARAM_LLR_LOSS': 0.0, 'LIST_IS_ADAPTIVE_LOSS': False, 'LIST_ORDER_SPRT': 0, 'LIST_OPTIMIZER': 'rmsprop', 'LIST_IS_NORMALIZE': True, 'LIST_NUM_THRESH': 1500, 'LIST_SPARSITY': 'linspace', 'LIST_NUM_BLOCKS': 2, 'LIST_NUM_HEADS': 2, 'LIST_DROPOUT': 0.0, 'LIST_FF_DIM': 32, 'LIST_MLP_UNITS': 64}. Best is trial 10 with value: 0.018257975578308105.
2023-04-28 07:10:01.115 | INFO     | utils.hyperparameter_tuning:suggest_parameters:560 - [33mStarting a tuning phase.[0m
2023-04-28 07:10:01.582 | INFO     | utils.hyperparameter_tuning:print:394 - 
+------------------------------------------+
|   Hyperparameteres suggested by Optuna   |
+------------------------+-----------------+
|     Parameter name     | Suggested value |
+------------------------+-----------------+
|     ACTIVATION_FC      |     B2Bsqrt     |
|        DROPOUT         |       0.1       |
|         FF_DIM         |        64       |
|    IS_ADAPTIVE_LOSS    |      False      |
|      IS_NORMALIZE      |       True      |
| IS_POSITIONAL_ENCODING |      False      |
|     LEARNING_RATE      |    0.00088544   |
|      LLLR_VERSION      |       LLLR      |
|       MLP_UNITS        |        64       |
|     MODEL_BACKBONE     |   Transformer   |
|       NUM_BLOCKS       |        2        |
|       NUM_HEADS        |        2        |
|       NUM_THRESH       |       1500      |
|       OPTIMIZER        |     rmsprop     |
|       ORDER_SPRT       |        0        |
|     PARAM_LLR_LOSS     |       0.2       |
|  PARAM_MULTIPLET_LOSS  |       0.7       |
|        SPARSITY        |     linspace    |
|      WEIGHT_DECAY      |      0.001      |
+------------------------+-----------------+
2023-04-28 07:10:01.583 | INFO     | utils.misc:create_directories_and_log:291 - [33mA new log directory was created: [0m/home/afe/Dropbox/GitHub/SPRT-TANDEM-PyTorch/logs/public_offset0_5_optimausat_confmx_tuning/checkpoints/Transformer_20230428_071001582/configs
2023-04-28 07:10:01.584 | INFO     | utils.misc:create_directories_and_log:291 - [33mA new log directory was created: [0m/home/afe/Dropbox/GitHub/SPRT-TANDEM-PyTorch/logs/public_offset0_5_optimausat_confmx_tuning/TensorBoard_events/Transformer_20230428_071001582
