2023-04-28 19:36:10.310 | INFO     | utils.misc:fix_random_seed:405 - Random seed is not fixed.
2023-04-28 19:36:10.344 | INFO     | models.temporal_integrators:summarize:568 - 
:'######::'########::'########::'########::::::::::::::::::::::
'##... ##: ##.... ##: ##.... ##:... ##..:::::::::::::::::::::::
 ##:::..:: ##:::: ##: ##:::: ##:::: ##:::::::::::::::::::::::::
. ######:: ########:: ########::::: ##::::'#######:::::::::::::
:..... ##: ##.....::: ##.. ##:::::: ##::::........:::::::::::::
'##::: ##: ##:::::::: ##::. ##::::: ##:::::::::::::::::::::::::
. ######:: ##:::::::: ##:::. ##:::: ##:::::::::::::::::::::::::
:......:::..:::::::::..:::::..:::::..::::::::::::::::::::::::::
'########::::'###::::'##::: ##:'########::'########:'##::::'##:
... ##..::::'## ##::: ###:: ##: ##.... ##: ##.....:: ###::'###:
::: ##:::::'##:. ##:: ####: ##: ##:::: ##: ##::::::: ####'####:
::: ##::::'##:::. ##: ## ## ##: ##:::: ##: ######::: ## ### ##:
::: ##:::: #########: ##. ####: ##:::: ##: ##...:::: ##. #: ##:
::: ##:::: ##.... ##: ##:. ###: ##:::: ##: ##::::::: ##:.:: ##:
::: ##:::: ##:::: ##: ##::. ##: ########:: ########: ##:::: ##:
:::..:::::..:::::..::..::::..::........:::........::..:::::..::

2023-04-28 19:36:10.345 | INFO     | models.temporal_integrators:summarize:571 - [34mofficial PyTorch implementation.[0m
2023-04-28 19:36:10.406 | INFO     | models.temporal_integrators:summarize:593 - Network summary:
===============================================================================================
Layer (type:depth-idx)                        Output Shape              Param #
===============================================================================================
TANDEMformer                                  [150, 50, 3, 3]           131
├─TransformerEncoder: 1-1                     [7500, 1, 128]            --
│    └─ModuleList: 2-1                        --                        --
│    │    └─TransformerEncoderLayer: 3-1      [7500, 1, 128]            74,912
├─Linear: 1-2                                 [7500, 32]                4,128
├─Dropout: 1-3                                [7500, 32]                --
├─GELU: 1-4                                   [7500, 32]                --
├─Linear: 1-5                                 [7500, 3]                 99
===============================================================================================
Total params: 79,270
Trainable params: 79,270
Non-trainable params: 0
Total mult-adds (M): 31.70
===============================================================================================
Input size (MB): 3.84
Forward/backward pass size (MB): 2.10
Params size (MB): 0.02
Estimated Total Size (MB): 5.96
===============================================================================================
2023-04-28 19:36:10.407 | INFO     | models.temporal_integrators:summarize:594 - Example input shape: torch.Size([150, 50, 128])
2023-04-28 19:36:10.408 | INFO     | models.temporal_integrators:summarize:595 - Example output shape: torch.Size([150, 50, 3, 3])
2023-04-28 19:36:10.411 | INFO     | models.temporal_integrators:import_model:58 - model moved onto: [33mcuda.[0m
2023-04-28 19:36:10.413 | INFO     | models.optimizers:initialize_optimizer:44 - Optimizer:
RMSprop (
Parameter Group 0
    alpha: 0.99
    centered: False
    differentiable: False
    eps: 1e-08
    foreach: None
    lr: 0.0001323330499437891
    maximize: False
    momentum: 0
    weight_decay: 0.0002
)
2023-04-28 19:36:10.414 | INFO     | datasets.data_processing:lmdb_dataloaders:293 - loading data... 
2023-04-28 19:36:10.415 | INFO     | datasets.data_processing:lmdb_dataloaders:295 - If this process takes long, consider setting is_load_onto_memory=False or use LMDBIterableDataset.
2023-04-28 19:36:12.700 | INFO     | __main__:objective:356 - Starting epoch #0.
2023-04-28 19:36:14.829 | INFO     | utils.logging:log_training_results:280 - 
2023-04-28 19:36:14.830 | INFO     | utils.logging:log_training_results:281 - Global Step =      0
2023-04-28 19:36:14.830 | INFO     | utils.logging:log_training_results:282 - val mean(MacRec)_t: 0.333893358707428
2023-04-28 19:36:14.830 | INFO     | utils.logging:log_training_results:287 - val mean ABSerr: 4.072362422943115
2023-04-28 19:36:14.831 | INFO     | utils.logging:log_training_results:290 - val ausat from confmx: 0.333110511302948
2023-04-28 19:36:14.831 | INFO     | utils.logging:log_training_results:301 - val MCE loss:1.10801 * 0.0 * -1.41147
2023-04-28 19:36:14.832 | INFO     | utils.logging:log_training_results:309 - val LLLR :2.99275 * 0.6000000000000001 * -0.55094
2023-04-28 19:36:14.832 | INFO     | utils.logging:log_training_results:317 - val weight decay:669.02747 * 0.0002 * -0.59856
2023-04-28 19:36:15.721 | INFO     | utils.logging:save_sdre_imgs:710 - Figures saved.
2023-04-28 19:36:16.013 | INFO     | utils.logging:log_training_results:280 - 
2023-04-28 19:36:16.013 | INFO     | utils.logging:log_training_results:281 - Global Step =      0
2023-04-28 19:36:16.013 | INFO     | utils.logging:log_training_results:282 - train mean(MacRec)_t: 0.3386286199092865
2023-04-28 19:36:16.014 | INFO     | utils.logging:log_training_results:287 - train mean ABSerr: 3.975250482559204
2023-04-28 19:36:16.014 | INFO     | utils.logging:log_training_results:290 - train ausat from confmx: 0.33317169547080994
2023-04-28 19:36:16.015 | INFO     | utils.logging:log_training_results:301 - train MCE loss:1.10378 * 0.0 * -1.41014
2023-04-28 19:36:16.015 | INFO     | utils.logging:log_training_results:309 - train LLLR :2.78635 * 0.6000000000000001 * -0.55227
2023-04-28 19:36:16.015 | INFO     | utils.logging:log_training_results:317 - train weight decay:669.02747 * 0.0002 * -0.59724
2023-04-28 19:36:32.279 | INFO     | utils.logging:log_training_results:280 - 
2023-04-28 19:36:32.279 | INFO     | utils.logging:log_training_results:281 - Global Step =    250
2023-04-28 19:36:32.280 | INFO     | utils.logging:log_training_results:282 - val mean(MacRec)_t: 0.718643307685852
2023-04-28 19:36:32.280 | INFO     | utils.logging:log_training_results:287 - val mean ABSerr: 2.682978630065918
2023-04-28 19:36:32.280 | INFO     | utils.logging:log_training_results:290 - val ausat from confmx: 0.8234986066818237
2023-04-28 19:36:32.281 | INFO     | utils.logging:log_training_results:301 - val MCE loss:1.06856 * 0.0 * -1.36229
2023-04-28 19:36:32.281 | INFO     | utils.logging:log_training_results:309 - val LLLR :0.64726 * 0.6000000000000001 * -0.54257
2023-04-28 19:36:32.282 | INFO     | utils.logging:log_training_results:317 - val weight decay:565.28442 * 0.0002 * -0.54903
2023-04-28 19:36:32.416 | INFO     | utils.checkpoint:update_and_save_result:168 - [36mBest value updated![0m
2023-04-28 19:36:32.429 | INFO     | utils.checkpoint:save_checkpoint:83 - [36mSaved checkpoint[0m at step 250.
2023-04-28 19:36:33.210 | INFO     | utils.logging:save_sdre_imgs:710 - Figures saved.
2023-04-28 19:36:33.512 | INFO     | utils.logging:log_training_results:280 - 
2023-04-28 19:36:33.513 | INFO     | utils.logging:log_training_results:281 - Global Step =    250
2023-04-28 19:36:33.513 | INFO     | utils.logging:log_training_results:282 - train mean(MacRec)_t: 0.7067739963531494
2023-04-28 19:36:33.514 | INFO     | utils.logging:log_training_results:287 - train mean ABSerr: 2.7729313373565674
2023-04-28 19:36:33.514 | INFO     | utils.logging:log_training_results:290 - train ausat from confmx: 0.8764561414718628
2023-04-28 19:36:33.515 | INFO     | utils.logging:log_training_results:301 - train MCE loss:1.06795 * 0.0 * -1.36215
2023-04-28 19:36:33.515 | INFO     | utils.logging:log_training_results:309 - train LLLR :0.65036 * 0.6000000000000001 * -0.54243
2023-04-28 19:36:33.515 | INFO     | utils.logging:log_training_results:317 - train weight decay:565.28442 * 0.0002 * -0.54889
2023-04-28 19:36:42.601 | INFO     | __main__:objective:356 - Starting epoch #1.
2023-04-28 19:36:52.154 | INFO     | utils.logging:log_training_results:280 - 
2023-04-28 19:36:52.155 | INFO     | utils.logging:log_training_results:281 - Global Step =    500
2023-04-28 19:36:52.155 | INFO     | utils.logging:log_training_results:282 - val mean(MacRec)_t: 0.8314500451087952
2023-04-28 19:36:52.155 | INFO     | utils.logging:log_training_results:287 - val mean ABSerr: 1.868126630783081
2023-04-28 19:36:52.156 | INFO     | utils.logging:log_training_results:290 - val ausat from confmx: 0.9507076740264893
2023-04-28 19:36:52.156 | INFO     | utils.logging:log_training_results:301 - val MCE loss:1.04437 * 0.0 * -1.32839
2023-04-28 19:36:52.157 | INFO     | utils.logging:log_training_results:309 - val LLLR :0.41188 * 0.6000000000000001 * -0.50479
2023-04-28 19:36:52.157 | INFO     | utils.logging:log_training_results:317 - val weight decay:542.31018 * 0.0002 * -0.51487
2023-04-28 19:36:52.290 | INFO     | utils.checkpoint:update_and_save_result:168 - [36mBest value updated![0m
2023-04-28 19:36:52.299 | INFO     | utils.checkpoint:save_checkpoint:83 - [36mSaved checkpoint[0m at step 500.
2023-04-28 19:36:52.302 | INFO     | utils.checkpoint:keep_max_num_saved_models:101 - Removed the oldest model for max_to_keep=1
2023-04-28 19:36:53.065 | INFO     | utils.logging:save_sdre_imgs:710 - Figures saved.
2023-04-28 19:36:53.381 | INFO     | utils.logging:log_training_results:280 - 
2023-04-28 19:36:53.382 | INFO     | utils.logging:log_training_results:281 - Global Step =    500
2023-04-28 19:36:53.382 | INFO     | utils.logging:log_training_results:282 - train mean(MacRec)_t: 0.7975245714187622
2023-04-28 19:36:53.382 | INFO     | utils.logging:log_training_results:287 - train mean ABSerr: 1.876099944114685
2023-04-28 19:36:53.383 | INFO     | utils.logging:log_training_results:290 - train ausat from confmx: 0.8851280212402344
2023-04-28 19:36:53.383 | INFO     | utils.logging:log_training_results:301 - train MCE loss:1.04855 * 0.0 * -1.32826
2023-04-28 19:36:53.384 | INFO     | utils.logging:log_training_results:309 - train LLLR :0.47341 * 0.6000000000000001 * -0.50465
2023-04-28 19:36:53.384 | INFO     | utils.logging:log_training_results:317 - train weight decay:542.31018 * 0.0002 * -0.51474
2023-04-28 19:37:09.882 | INFO     | utils.logging:log_training_results:280 - 
2023-04-28 19:37:09.882 | INFO     | utils.logging:log_training_results:281 - Global Step =    750
2023-04-28 19:37:09.883 | INFO     | utils.logging:log_training_results:282 - val mean(MacRec)_t: 0.8577767014503479
2023-04-28 19:37:09.883 | INFO     | utils.logging:log_training_results:287 - val mean ABSerr: 1.2026622295379639
2023-04-28 19:37:09.883 | INFO     | utils.logging:log_training_results:290 - val ausat from confmx: 0.9754001498222351
2023-04-28 19:37:09.887 | INFO     | utils.logging:log_training_results:301 - val MCE loss:1.03223 * 0.0 * -1.29494
2023-04-28 19:37:09.887 | INFO     | utils.logging:log_training_results:309 - val LLLR :0.34079 * 0.6000000000000001 * -0.47061
2023-04-28 19:37:09.888 | INFO     | utils.logging:log_training_results:317 - val weight decay:534.35022 * 0.0002 * -0.48127
2023-04-28 19:37:10.019 | INFO     | utils.checkpoint:update_and_save_result:168 - [36mBest value updated![0m
2023-04-28 19:37:10.029 | INFO     | utils.checkpoint:save_checkpoint:83 - [36mSaved checkpoint[0m at step 750.
2023-04-28 19:37:10.032 | INFO     | utils.checkpoint:keep_max_num_saved_models:101 - Removed the oldest model for max_to_keep=1
2023-04-28 19:37:10.806 | INFO     | utils.logging:save_sdre_imgs:710 - Figures saved.
2023-04-28 19:37:11.116 | INFO     | utils.logging:log_training_results:280 - 
2023-04-28 19:37:11.117 | INFO     | utils.logging:log_training_results:281 - Global Step =    750
2023-04-28 19:37:11.117 | INFO     | utils.logging:log_training_results:282 - train mean(MacRec)_t: 0.8592268228530884
2023-04-28 19:37:11.118 | INFO     | utils.logging:log_training_results:287 - train mean ABSerr: 1.2985790967941284
2023-04-28 19:37:11.118 | INFO     | utils.logging:log_training_results:290 - train ausat from confmx: 0.9855448007583618
2023-04-28 19:37:11.119 | INFO     | utils.logging:log_training_results:301 - train MCE loss:1.03209 * 0.0 * -1.29481
2023-04-28 19:37:11.119 | INFO     | utils.logging:log_training_results:309 - train LLLR :0.34189 * 0.6000000000000001 * -0.47046
2023-04-28 19:37:11.120 | INFO     | utils.logging:log_training_results:317 - train weight decay:534.35016 * 0.0002 * -0.48114
2023-04-28 19:37:13.932 | INFO     | __main__:objective:356 - Starting epoch #2.
2023-04-28 19:37:27.668 | INFO     | utils.logging:log_training_results:280 - 
2023-04-28 19:37:27.669 | INFO     | utils.logging:log_training_results:281 - Global Step =   1000
2023-04-28 19:37:27.670 | INFO     | utils.logging:log_training_results:282 - val mean(MacRec)_t: 0.8595865964889526
2023-04-28 19:37:27.670 | INFO     | utils.logging:log_training_results:287 - val mean ABSerr: 0.9730864763259888
2023-04-28 19:37:27.670 | INFO     | utils.logging:log_training_results:290 - val ausat from confmx: 0.9710386395454407
2023-04-28 19:37:27.671 | INFO     | utils.logging:log_training_results:301 - val MCE loss:1.02737 * 0.0 * -1.26150
2023-04-28 19:37:27.671 | INFO     | utils.logging:log_training_results:309 - val LLLR :0.33319 * 0.6000000000000001 * -0.43822
2023-04-28 19:37:27.672 | INFO     | utils.logging:log_training_results:317 - val weight decay:529.78296 * 0.0002 * -0.44779
2023-04-28 19:37:28.754 | INFO     | utils.logging:save_sdre_imgs:710 - Figures saved.
2023-04-28 19:37:29.081 | INFO     | utils.logging:log_training_results:280 - 
2023-04-28 19:37:29.081 | INFO     | utils.logging:log_training_results:281 - Global Step =   1000
2023-04-28 19:37:29.082 | INFO     | utils.logging:log_training_results:282 - train mean(MacRec)_t: 0.8587176203727722
2023-04-28 19:37:29.082 | INFO     | utils.logging:log_training_results:287 - train mean ABSerr: 1.0868659019470215
2023-04-28 19:37:29.082 | INFO     | utils.logging:log_training_results:290 - train ausat from confmx: 0.9553782343864441
2023-04-28 19:37:29.083 | INFO     | utils.logging:log_training_results:301 - train MCE loss:1.03965 * 0.0 * -1.26137
2023-04-28 19:37:29.083 | INFO     | utils.logging:log_training_results:309 - train LLLR :0.38112 * 0.6000000000000001 * -0.43810
2023-04-28 19:37:29.084 | INFO     | utils.logging:log_training_results:317 - train weight decay:529.78296 * 0.0002 * -0.44766
2023-04-28 19:37:40.593 | INFO     | __main__:objective:356 - Starting epoch #3.
2023-04-28 19:37:45.635 | INFO     | utils.logging:log_training_results:280 - 
2023-04-28 19:37:45.636 | INFO     | utils.logging:log_training_results:281 - Global Step =   1250
2023-04-28 19:37:45.637 | INFO     | utils.logging:log_training_results:282 - val mean(MacRec)_t: 0.8601433634757996
2023-04-28 19:37:45.637 | INFO     | utils.logging:log_training_results:287 - val mean ABSerr: 1.0431917905807495
2023-04-28 19:37:45.637 | INFO     | utils.logging:log_training_results:290 - val ausat from confmx: 0.9655559062957764
2023-04-28 19:37:45.638 | INFO     | utils.logging:log_training_results:301 - val MCE loss:1.02488 * 0.0 * -1.22807
2023-04-28 19:37:45.638 | INFO     | utils.logging:log_training_results:309 - val LLLR :0.33563 * 0.6000000000000001 * -0.40866
2023-04-28 19:37:45.639 | INFO     | utils.logging:log_training_results:317 - val weight decay:524.72083 * 0.0002 * -0.41441
2023-04-28 19:37:46.536 | INFO     | utils.logging:save_sdre_imgs:710 - Figures saved.
2023-04-28 19:37:46.825 | INFO     | utils.logging:log_training_results:280 - 
2023-04-28 19:37:46.826 | INFO     | utils.logging:log_training_results:281 - Global Step =   1250
2023-04-28 19:37:46.827 | INFO     | utils.logging:log_training_results:282 - train mean(MacRec)_t: 0.8456547260284424
2023-04-28 19:37:46.827 | INFO     | utils.logging:log_training_results:287 - train mean ABSerr: 1.1149630546569824
2023-04-28 19:37:46.827 | INFO     | utils.logging:log_training_results:290 - train ausat from confmx: 0.9517472386360168
2023-04-28 19:37:46.828 | INFO     | utils.logging:log_training_results:301 - train MCE loss:1.02746 * 0.0 * -1.22793
2023-04-28 19:37:46.828 | INFO     | utils.logging:log_training_results:309 - train LLLR :0.38538 * 0.6000000000000001 * -0.40856
2023-04-28 19:37:46.829 | INFO     | utils.logging:log_training_results:317 - train weight decay:524.72083 * 0.0002 * -0.41428
2023-04-28 19:38:03.240 | INFO     | utils.logging:log_training_results:280 - 
2023-04-28 19:38:03.240 | INFO     | utils.logging:log_training_results:281 - Global Step =   1500
2023-04-28 19:38:03.241 | INFO     | utils.logging:log_training_results:282 - val mean(MacRec)_t: 0.7549967169761658
2023-04-28 19:38:03.241 | INFO     | utils.logging:log_training_results:287 - val mean ABSerr: 2.0949995517730713
2023-04-28 19:38:03.242 | INFO     | utils.logging:log_training_results:290 - val ausat from confmx: 0.8246433734893799
2023-04-28 19:38:03.242 | INFO     | utils.logging:log_training_results:301 - val MCE loss:1.02608 * 0.0 * -1.19463
2023-04-28 19:38:03.243 | INFO     | utils.logging:log_training_results:309 - val LLLR :0.65149 * 0.6000000000000001 * -0.38020
2023-04-28 19:38:03.243 | INFO     | utils.logging:log_training_results:317 - val weight decay:519.16486 * 0.0002 * -0.38117
2023-04-28 19:38:04.249 | INFO     | utils.logging:save_sdre_imgs:710 - Figures saved.
2023-04-28 19:38:04.556 | INFO     | utils.logging:log_training_results:280 - 
2023-04-28 19:38:04.557 | INFO     | utils.logging:log_training_results:281 - Global Step =   1500
2023-04-28 19:38:04.557 | INFO     | utils.logging:log_training_results:282 - train mean(MacRec)_t: 0.7395727634429932
2023-04-28 19:38:04.558 | INFO     | utils.logging:log_training_results:287 - train mean ABSerr: 2.0756452083587646
2023-04-28 19:38:04.558 | INFO     | utils.logging:log_training_results:290 - train ausat from confmx: 0.811677873134613
2023-04-28 19:38:04.558 | INFO     | utils.logging:log_training_results:301 - train MCE loss:1.03533 * 0.0 * -1.19449
2023-04-28 19:38:04.559 | INFO     | utils.logging:log_training_results:309 - train LLLR :0.80006 * 0.6000000000000001 * -0.38045
2023-04-28 19:38:04.559 | INFO     | utils.logging:log_training_results:317 - train weight decay:519.16486 * 0.0002 * -0.38104
2023-04-28 19:38:10.252 | INFO     | __main__:objective:356 - Starting epoch #4.
2023-04-28 19:38:21.348 | INFO     | utils.logging:log_training_results:280 - 
2023-04-28 19:38:21.348 | INFO     | utils.logging:log_training_results:281 - Global Step =   1750
2023-04-28 19:38:21.349 | INFO     | utils.logging:log_training_results:282 - val mean(MacRec)_t: 0.8360633850097656
2023-04-28 19:38:21.349 | INFO     | utils.logging:log_training_results:287 - val mean ABSerr: 1.1571052074432373
2023-04-28 19:38:21.349 | INFO     | utils.logging:log_training_results:290 - val ausat from confmx: 0.9394466280937195
2023-04-28 19:38:21.350 | INFO     | utils.logging:log_training_results:301 - val MCE loss:1.02318 * 0.0 * -1.16118
2023-04-28 19:38:21.351 | INFO     | utils.logging:log_training_results:309 - val LLLR :0.38933 * 0.6000000000000001 * -0.35473
2023-04-28 19:38:21.351 | INFO     | utils.logging:log_training_results:317 - val weight decay:513.07611 * 0.0002 * -0.34819
2023-04-28 19:38:22.225 | INFO     | utils.logging:save_sdre_imgs:710 - Figures saved.
2023-04-28 19:38:22.534 | INFO     | utils.logging:log_training_results:280 - 
2023-04-28 19:38:22.535 | INFO     | utils.logging:log_training_results:281 - Global Step =   1750
2023-04-28 19:38:22.535 | INFO     | utils.logging:log_training_results:282 - train mean(MacRec)_t: 0.8239620923995972
2023-04-28 19:38:22.535 | INFO     | utils.logging:log_training_results:287 - train mean ABSerr: 1.2572420835494995
2023-04-28 19:38:22.536 | INFO     | utils.logging:log_training_results:290 - train ausat from confmx: 0.942272424697876
2023-04-28 19:38:22.536 | INFO     | utils.logging:log_training_results:301 - train MCE loss:1.03208 * 0.0 * -1.16105
2023-04-28 19:38:22.536 | INFO     | utils.logging:log_training_results:309 - train LLLR :0.41437 * 0.6000000000000001 * -0.35473
2023-04-28 19:38:22.537 | INFO     | utils.logging:log_training_results:317 - train weight decay:513.07605 * 0.0002 * -0.34806
2023-04-28 19:38:36.754 | INFO     | __main__:objective:356 - Starting epoch #5.
2023-04-28 19:38:38.876 | INFO     | utils.logging:log_training_results:280 - 
2023-04-28 19:38:38.877 | INFO     | utils.logging:log_training_results:281 - Global Step =   2000
2023-04-28 19:38:38.878 | INFO     | utils.logging:log_training_results:282 - val mean(MacRec)_t: 0.8703466653823853
2023-04-28 19:38:38.878 | INFO     | utils.logging:log_training_results:287 - val mean ABSerr: 0.5984116792678833
2023-04-28 19:38:38.878 | INFO     | utils.logging:log_training_results:290 - val ausat from confmx: 0.9797245264053345
2023-04-28 19:38:38.879 | INFO     | utils.logging:log_training_results:301 - val MCE loss:1.02197 * 0.0 * -1.12771
2023-04-28 19:38:38.879 | INFO     | utils.logging:log_training_results:309 - val LLLR :0.30650 * 0.6000000000000001 * -0.33448
2023-04-28 19:38:38.880 | INFO     | utils.logging:log_training_results:317 - val weight decay:506.61972 * 0.0002 * -0.31566
2023-04-28 19:38:39.012 | INFO     | utils.checkpoint:update_and_save_result:168 - [36mBest value updated![0m
2023-04-28 19:38:39.025 | INFO     | utils.checkpoint:save_checkpoint:83 - [36mSaved checkpoint[0m at step 2000.
2023-04-28 19:38:39.028 | INFO     | utils.checkpoint:keep_max_num_saved_models:101 - Removed the oldest model for max_to_keep=1
2023-04-28 19:38:39.798 | INFO     | utils.logging:save_sdre_imgs:710 - Figures saved.
2023-04-28 19:38:40.099 | INFO     | utils.logging:log_training_results:280 - 
2023-04-28 19:38:40.099 | INFO     | utils.logging:log_training_results:281 - Global Step =   2000
2023-04-28 19:38:40.100 | INFO     | utils.logging:log_training_results:282 - train mean(MacRec)_t: 0.8491178750991821
2023-04-28 19:38:40.100 | INFO     | utils.logging:log_training_results:287 - train mean ABSerr: 0.7400288581848145
2023-04-28 19:38:40.101 | INFO     | utils.logging:log_training_results:290 - train ausat from confmx: 0.9762024879455566
2023-04-28 19:38:40.101 | INFO     | utils.logging:log_training_results:301 - train MCE loss:1.03110 * 0.0 * -1.12758
2023-04-28 19:38:40.101 | INFO     | utils.logging:log_training_results:309 - train LLLR :0.37252 * 0.6000000000000001 * -0.33448
2023-04-28 19:38:40.102 | INFO     | utils.logging:log_training_results:317 - train weight decay:506.61969 * 0.0002 * -0.31554
2023-04-28 19:38:56.414 | INFO     | utils.logging:log_training_results:280 - 
2023-04-28 19:38:56.414 | INFO     | utils.logging:log_training_results:281 - Global Step =   2250
2023-04-28 19:38:56.415 | INFO     | utils.logging:log_training_results:282 - val mean(MacRec)_t: 0.8703933358192444
2023-04-28 19:38:56.415 | INFO     | utils.logging:log_training_results:287 - val mean ABSerr: 0.47921037673950195
2023-04-28 19:38:56.415 | INFO     | utils.logging:log_training_results:290 - val ausat from confmx: 0.9796673655509949
2023-04-28 19:38:56.416 | INFO     | utils.logging:log_training_results:301 - val MCE loss:1.02152 * 0.0 * -1.09425
2023-04-28 19:38:56.416 | INFO     | utils.logging:log_training_results:309 - val LLLR :0.30548 * 0.6000000000000001 * -0.31944
2023-04-28 19:38:56.417 | INFO     | utils.logging:log_training_results:317 - val weight decay:499.27890 * 0.0002 * -0.28404
2023-04-28 19:38:57.318 | INFO     | utils.logging:save_sdre_imgs:710 - Figures saved.
2023-04-28 19:38:57.624 | INFO     | utils.logging:log_training_results:280 - 
2023-04-28 19:38:57.624 | INFO     | utils.logging:log_training_results:281 - Global Step =   2250
2023-04-28 19:38:57.625 | INFO     | utils.logging:log_training_results:282 - train mean(MacRec)_t: 0.8738715648651123
2023-04-28 19:38:57.625 | INFO     | utils.logging:log_training_results:287 - train mean ABSerr: 0.6725391149520874
2023-04-28 19:38:57.625 | INFO     | utils.logging:log_training_results:290 - train ausat from confmx: 0.9920150637626648
2023-04-28 19:38:57.626 | INFO     | utils.logging:log_training_results:301 - train MCE loss:1.02731 * 0.0 * -1.09411
2023-04-28 19:38:57.626 | INFO     | utils.logging:log_training_results:309 - train LLLR :0.31488 * 0.6000000000000001 * -0.31937
2023-04-28 19:38:57.627 | INFO     | utils.logging:log_training_results:317 - train weight decay:499.27893 * 0.0002 * -0.28391
2023-04-28 19:39:06.124 | INFO     | __main__:objective:356 - Starting epoch #6.
2023-04-28 19:39:13.882 | INFO     | utils.logging:log_training_results:280 - 
2023-04-28 19:39:13.882 | INFO     | utils.logging:log_training_results:281 - Global Step =   2500
2023-04-28 19:39:13.883 | INFO     | utils.logging:log_training_results:282 - val mean(MacRec)_t: 0.8659400939941406
2023-04-28 19:39:13.883 | INFO     | utils.logging:log_training_results:287 - val mean ABSerr: 0.6370090842247009
2023-04-28 19:39:13.883 | INFO     | utils.logging:log_training_results:290 - val ausat from confmx: 0.9753932356834412
2023-04-28 19:39:13.884 | INFO     | utils.logging:log_training_results:301 - val MCE loss:1.02158 * 0.0 * -1.06076
2023-04-28 19:39:13.884 | INFO     | utils.logging:log_training_results:309 - val LLLR :0.31624 * 0.6000000000000001 * -0.31438
2023-04-28 19:39:13.884 | INFO     | utils.logging:log_training_results:317 - val weight decay:490.52182 * 0.0002 * -0.25435
2023-04-28 19:39:14.993 | INFO     | utils.logging:save_sdre_imgs:710 - Figures saved.
2023-04-28 19:39:15.295 | INFO     | utils.logging:log_training_results:280 - 
2023-04-28 19:39:15.295 | INFO     | utils.logging:log_training_results:281 - Global Step =   2500
2023-04-28 19:39:15.296 | INFO     | utils.logging:log_training_results:282 - train mean(MacRec)_t: 0.8767616152763367
2023-04-28 19:39:15.296 | INFO     | utils.logging:log_training_results:287 - train mean ABSerr: 0.7711267471313477
2023-04-28 19:39:15.297 | INFO     | utils.logging:log_training_results:290 - train ausat from confmx: 0.9704739451408386
2023-04-28 19:39:15.297 | INFO     | utils.logging:log_training_results:301 - train MCE loss:1.02325 * 0.0 * -1.06062
2023-04-28 19:39:15.297 | INFO     | utils.logging:log_training_results:309 - train LLLR :0.28201 * 0.6000000000000001 * -0.31422
2023-04-28 19:39:15.298 | INFO     | utils.logging:log_training_results:317 - train weight decay:490.52182 * 0.0002 * -0.25424
2023-04-28 19:39:31.862 | INFO     | utils.logging:log_training_results:280 - 
2023-04-28 19:39:31.862 | INFO     | utils.logging:log_training_results:281 - Global Step =   2750
2023-04-28 19:39:31.863 | INFO     | utils.logging:log_training_results:282 - val mean(MacRec)_t: 0.8734366297721863
2023-04-28 19:39:31.863 | INFO     | utils.logging:log_training_results:287 - val mean ABSerr: 0.4193709194660187
2023-04-28 19:39:31.863 | INFO     | utils.logging:log_training_results:290 - val ausat from confmx: 0.9829001426696777
2023-04-28 19:39:31.864 | INFO     | utils.logging:log_training_results:301 - val MCE loss:1.02107 * 0.0 * -1.02726
2023-04-28 19:39:31.864 | INFO     | utils.logging:log_training_results:309 - val LLLR :0.29913 * 0.6000000000000001 * -0.31173
2023-04-28 19:39:31.865 | INFO     | utils.logging:log_training_results:317 - val weight decay:480.72354 * 0.0002 * -0.22970
2023-04-28 19:39:32.003 | INFO     | utils.checkpoint:update_and_save_result:168 - [36mBest value updated![0m
2023-04-28 19:39:32.012 | INFO     | utils.checkpoint:save_checkpoint:83 - [36mSaved checkpoint[0m at step 2750.
2023-04-28 19:39:32.016 | INFO     | utils.checkpoint:keep_max_num_saved_models:101 - Removed the oldest model for max_to_keep=1
2023-04-28 19:39:32.771 | INFO     | utils.logging:save_sdre_imgs:710 - Figures saved.
2023-04-28 19:39:33.084 | INFO     | utils.logging:log_training_results:280 - 
2023-04-28 19:39:33.085 | INFO     | utils.logging:log_training_results:281 - Global Step =   2750
2023-04-28 19:39:33.085 | INFO     | utils.logging:log_training_results:282 - train mean(MacRec)_t: 0.8576284646987915
2023-04-28 19:39:33.085 | INFO     | utils.logging:log_training_results:287 - train mean ABSerr: 0.6578409671783447
2023-04-28 19:39:33.086 | INFO     | utils.logging:log_training_results:290 - train ausat from confmx: 0.9732733368873596
2023-04-28 19:39:33.086 | INFO     | utils.logging:log_training_results:301 - train MCE loss:1.02441 * 0.0 * -1.02712
2023-04-28 19:39:33.087 | INFO     | utils.logging:log_training_results:309 - train LLLR :0.36519 * 0.6000000000000001 * -0.31185
2023-04-28 19:39:33.087 | INFO     | utils.logging:log_training_results:317 - train weight decay:480.72351 * 0.0002 * -0.22962
2023-04-28 19:39:35.952 | INFO     | __main__:objective:356 - Starting epoch #7.
2023-04-28 19:39:49.690 | INFO     | utils.logging:log_training_results:280 - 
2023-04-28 19:39:49.690 | INFO     | utils.logging:log_training_results:281 - Global Step =   3000
2023-04-28 19:39:49.691 | INFO     | utils.logging:log_training_results:282 - val mean(MacRec)_t: 0.8702300190925598
2023-04-28 19:39:49.691 | INFO     | utils.logging:log_training_results:287 - val mean ABSerr: 0.468915730714798
2023-04-28 19:39:49.692 | INFO     | utils.logging:log_training_results:290 - val ausat from confmx: 0.9793447256088257
2023-04-28 19:39:49.692 | INFO     | utils.logging:log_training_results:301 - val MCE loss:1.02121 * 0.0 * -0.99375
2023-04-28 19:39:49.693 | INFO     | utils.logging:log_training_results:309 - val LLLR :0.30567 * 0.6000000000000001 * -0.31113
2023-04-28 19:39:49.693 | INFO     | utils.logging:log_training_results:317 - val weight decay:469.08054 * 0.0002 * -0.21740
2023-04-28 19:39:50.574 | INFO     | utils.logging:save_sdre_imgs:710 - Figures saved.
2023-04-28 19:39:50.880 | INFO     | utils.logging:log_training_results:280 - 
2023-04-28 19:39:50.880 | INFO     | utils.logging:log_training_results:281 - Global Step =   3000
2023-04-28 19:39:50.881 | INFO     | utils.logging:log_training_results:282 - train mean(MacRec)_t: 0.8915406465530396
2023-04-28 19:39:50.881 | INFO     | utils.logging:log_training_results:287 - train mean ABSerr: 0.6486691236495972
2023-04-28 19:39:50.882 | INFO     | utils.logging:log_training_results:290 - train ausat from confmx: 0.9904741644859314
2023-04-28 19:39:50.882 | INFO     | utils.logging:log_training_results:301 - train MCE loss:1.02078 * 0.0 * -0.99362
2023-04-28 19:39:50.882 | INFO     | utils.logging:log_training_results:309 - train LLLR :0.25215 * 0.6000000000000001 * -0.31086
2023-04-28 19:39:50.883 | INFO     | utils.logging:log_training_results:317 - train weight decay:469.08054 * 0.0002 * -0.21738
2023-04-28 19:40:02.491 | INFO     | __main__:objective:356 - Starting epoch #8.
2023-04-28 19:40:07.552 | INFO     | utils.logging:log_training_results:280 - 
2023-04-28 19:40:07.553 | INFO     | utils.logging:log_training_results:281 - Global Step =   3250
2023-04-28 19:40:07.554 | INFO     | utils.logging:log_training_results:282 - val mean(MacRec)_t: 0.8741633296012878
2023-04-28 19:40:07.554 | INFO     | utils.logging:log_training_results:287 - val mean ABSerr: 0.405556857585907
2023-04-28 19:40:07.555 | INFO     | utils.logging:log_training_results:290 - val ausat from confmx: 0.9830135703086853
2023-04-28 19:40:07.555 | INFO     | utils.logging:log_training_results:301 - val MCE loss:1.02095 * 0.0 * -0.96023
2023-04-28 19:40:07.556 | INFO     | utils.logging:log_training_results:309 - val LLLR :0.29780 * 0.6000000000000001 * -0.31036
2023-04-28 19:40:07.556 | INFO     | utils.logging:log_training_results:317 - val weight decay:457.03888 * 0.0002 * -0.21391
2023-04-28 19:40:07.689 | INFO     | utils.checkpoint:update_and_save_result:168 - [36mBest value updated![0m
2023-04-28 19:40:07.698 | INFO     | utils.checkpoint:save_checkpoint:83 - [36mSaved checkpoint[0m at step 3250.
2023-04-28 19:40:07.701 | INFO     | utils.checkpoint:keep_max_num_saved_models:101 - Removed the oldest model for max_to_keep=1
2023-04-28 19:40:08.454 | INFO     | utils.logging:save_sdre_imgs:710 - Figures saved.
2023-04-28 19:40:08.771 | INFO     | utils.logging:log_training_results:280 - 
2023-04-28 19:40:08.771 | INFO     | utils.logging:log_training_results:281 - Global Step =   3250
2023-04-28 19:40:08.772 | INFO     | utils.logging:log_training_results:282 - train mean(MacRec)_t: 0.876666247844696
2023-04-28 19:40:08.772 | INFO     | utils.logging:log_training_results:287 - train mean ABSerr: 0.5790517330169678
2023-04-28 19:40:08.772 | INFO     | utils.logging:log_training_results:290 - train ausat from confmx: 0.9672421813011169
2023-04-28 19:40:08.773 | INFO     | utils.logging:log_training_results:301 - train MCE loss:1.01667 * 0.0 * -0.96009
2023-04-28 19:40:08.773 | INFO     | utils.logging:log_training_results:309 - train LLLR :0.29163 * 0.6000000000000001 * -0.31027
2023-04-28 19:40:08.774 | INFO     | utils.logging:log_training_results:317 - train weight decay:457.03885 * 0.0002 * -0.21390
2023-04-28 19:40:25.324 | INFO     | utils.logging:log_training_results:280 - 
2023-04-28 19:40:25.324 | INFO     | utils.logging:log_training_results:281 - Global Step =   3500
2023-04-28 19:40:25.325 | INFO     | utils.logging:log_training_results:282 - val mean(MacRec)_t: 0.8674299716949463
2023-04-28 19:40:25.325 | INFO     | utils.logging:log_training_results:287 - val mean ABSerr: 0.5864816308021545
2023-04-28 19:40:25.326 | INFO     | utils.logging:log_training_results:290 - val ausat from confmx: 0.9775307774543762
2023-04-28 19:40:25.326 | INFO     | utils.logging:log_training_results:301 - val MCE loss:1.02105 * 0.0 * -0.92669
2023-04-28 19:40:25.327 | INFO     | utils.logging:log_training_results:309 - val LLLR :0.31328 * 0.6000000000000001 * -0.30900
2023-04-28 19:40:25.327 | INFO     | utils.logging:log_training_results:317 - val weight decay:445.18320 * 0.0002 * -0.21102
2023-04-28 19:40:26.226 | INFO     | utils.logging:save_sdre_imgs:710 - Figures saved.
2023-04-28 19:40:26.534 | INFO     | utils.logging:log_training_results:280 - 
2023-04-28 19:40:26.534 | INFO     | utils.logging:log_training_results:281 - Global Step =   3500
2023-04-28 19:40:26.535 | INFO     | utils.logging:log_training_results:282 - train mean(MacRec)_t: 0.8879139423370361
2023-04-28 19:40:26.535 | INFO     | utils.logging:log_training_results:287 - train mean ABSerr: 0.6599296927452087
2023-04-28 19:40:26.535 | INFO     | utils.logging:log_training_results:290 - train ausat from confmx: 0.9846407175064087
2023-04-28 19:40:26.536 | INFO     | utils.logging:log_training_results:301 - train MCE loss:1.01986 * 0.0 * -0.92656
2023-04-28 19:40:26.536 | INFO     | utils.logging:log_training_results:309 - train LLLR :0.26273 * 0.6000000000000001 * -0.30882
2023-04-28 19:40:26.536 | INFO     | utils.logging:log_training_results:317 - train weight decay:445.18320 * 0.0002 * -0.21101
2023-04-28 19:40:32.257 | INFO     | __main__:objective:356 - Starting epoch #9.
2023-04-28 19:40:43.291 | INFO     | utils.logging:log_training_results:280 - 
2023-04-28 19:40:43.292 | INFO     | utils.logging:log_training_results:281 - Global Step =   3750
2023-04-28 19:40:43.293 | INFO     | utils.logging:log_training_results:282 - val mean(MacRec)_t: 0.8727433681488037
2023-04-28 19:40:43.293 | INFO     | utils.logging:log_training_results:287 - val mean ABSerr: 0.4410083293914795
2023-04-28 19:40:43.294 | INFO     | utils.logging:log_training_results:290 - val ausat from confmx: 0.9803469777107239
2023-04-28 19:40:43.294 | INFO     | utils.logging:log_training_results:301 - val MCE loss:1.02086 * 0.0 * -0.89314
2023-04-28 19:40:43.295 | INFO     | utils.logging:log_training_results:309 - val LLLR :0.30115 * 0.6000000000000001 * -0.30684
2023-04-28 19:40:43.295 | INFO     | utils.logging:log_training_results:317 - val weight decay:432.96719 * 0.0002 * -0.20808
2023-04-28 19:40:44.167 | INFO     | utils.logging:save_sdre_imgs:710 - Figures saved.
2023-04-28 19:40:44.463 | INFO     | utils.logging:log_training_results:280 - 
2023-04-28 19:40:44.464 | INFO     | utils.logging:log_training_results:281 - Global Step =   3750
2023-04-28 19:40:44.464 | INFO     | utils.logging:log_training_results:282 - train mean(MacRec)_t: 0.8679858446121216
2023-04-28 19:40:44.464 | INFO     | utils.logging:log_training_results:287 - train mean ABSerr: 0.5718015432357788
2023-04-28 19:40:44.465 | INFO     | utils.logging:log_training_results:290 - train ausat from confmx: 0.9911640286445618
2023-04-28 19:40:44.465 | INFO     | utils.logging:log_training_results:301 - train MCE loss:1.03212 * 0.0 * -0.89300
2023-04-28 19:40:44.469 | INFO     | utils.logging:log_training_results:309 - train LLLR :0.32461 * 0.6000000000000001 * -0.30688
2023-04-28 19:40:44.469 | INFO     | utils.logging:log_training_results:317 - train weight decay:432.96716 * 0.0002 * -0.20807
2023-04-28 19:40:58.915 | INFO     | utils.logging:investigate_log:155 - num_warning=0/num_error=0 in the .log file.
2023-04-28 19:40:59.103 | INFO     | optuna.study.study:_log_completed_trial:1020 - Trial 79 finished with value: 0.016986429691314697 and parameters: {'LIST_IS_POSITIONAL_ENCODING': True, 'LIST_IS_TRAINABLE_ENCODING': True, 'LIST_MODEL_BACKBONE': 'Transformer', 'LIST_WEIGHT_DECAY': 0.0002, 'LIST_LEARNING_RATE': 0.0001323330499437891, 'LIST_LLLR_VERSION': 'LSEL', 'LIST_ACTIVATION_FC': 'gelu', 'LIST_PARAM_MULTIPLET_LOSS': 0.0, 'LIST_PARAM_LLR_LOSS': 0.6000000000000001, 'LIST_IS_ADAPTIVE_LOSS': True, 'LIST_ORDER_SPRT': 0, 'LIST_OPTIMIZER': 'rmsprop', 'LIST_IS_NORMALIZE': False, 'LIST_NUM_THRESH': 1500, 'LIST_SPARSITY': 'unirandom', 'LIST_NUM_BLOCKS': 1, 'LIST_NUM_HEADS': 4, 'LIST_DROPOUT': 0.1, 'LIST_FF_DIM': 32, 'LIST_MLP_UNITS': 32}. Best is trial 78 with value: 0.015432298183441162.
2023-04-28 19:40:59.124 | INFO     | utils.hyperparameter_tuning:suggest_parameters:560 - [33mStarting a tuning phase.[0m
2023-04-28 19:40:59.560 | INFO     | utils.hyperparameter_tuning:print:394 - 
+------------------------------------------+
|   Hyperparameteres suggested by Optuna   |
+------------------------+-----------------+
|     Parameter name     | Suggested value |
+------------------------+-----------------+
|     ACTIVATION_FC      |       gelu      |
|    ACTIVATION_INPUT    |     sigmoid     |
|   ACTIVATION_OUTPUT    |     B2Bcbrt     |
|    IS_ADAPTIVE_LOSS    |       True      |
|      IS_NORMALIZE      |      False      |
| IS_POSITIONAL_ENCODING |       True      |
| IS_TRAINABLE_ENCODING  |       True      |
|     LEARNING_RATE      |    0.00012137   |
|      LLLR_VERSION      |       LSEL      |
|     MODEL_BACKBONE     |       LSTM      |
|       NUM_THRESH       |       1500      |
|       OPTIMIZER        |     rmsprop     |
|       ORDER_SPRT       |        0        |
|     PARAM_LLR_LOSS     |       0.8       |
|  PARAM_MULTIPLET_LOSS  |       0.1       |
|        SPARSITY        |    unirandom    |
|      WEIGHT_DECAY      |      0.0003     |
|       WIDTH_LSTM       |        83       |
+------------------------+-----------------+
2023-04-28 19:40:59.561 | INFO     | utils.misc:create_directories_and_log:291 - [33mA new log directory was created: [0m/home/afe/Dropbox/GitHub/SPRT-TANDEM-PyTorch/logs/public_offset0_5_optimausat_confmx_tuning/checkpoints/LSTM_20230428_194059560/configs
2023-04-28 19:40:59.562 | INFO     | utils.misc:create_directories_and_log:291 - [33mA new log directory was created: [0m/home/afe/Dropbox/GitHub/SPRT-TANDEM-PyTorch/logs/public_offset0_5_optimausat_confmx_tuning/TensorBoard_events/LSTM_20230428_194059560
