2023-04-28 16:51:45.541 | INFO     | utils.misc:fix_random_seed:405 - Random seed is not fixed.
2023-04-28 16:51:45.560 | INFO     | models.temporal_integrators:summarize:568 - 
:'######::'########::'########::'########::::::::::::::::::::::
'##... ##: ##.... ##: ##.... ##:... ##..:::::::::::::::::::::::
 ##:::..:: ##:::: ##: ##:::: ##:::: ##:::::::::::::::::::::::::
. ######:: ########:: ########::::: ##::::'#######:::::::::::::
:..... ##: ##.....::: ##.. ##:::::: ##::::........:::::::::::::
'##::: ##: ##:::::::: ##::. ##::::: ##:::::::::::::::::::::::::
. ######:: ##:::::::: ##:::. ##:::: ##:::::::::::::::::::::::::
:......:::..:::::::::..:::::..:::::..::::::::::::::::::::::::::
'########::::'###::::'##::: ##:'########::'########:'##::::'##:
... ##..::::'## ##::: ###:: ##: ##.... ##: ##.....:: ###::'###:
::: ##:::::'##:. ##:: ####: ##: ##:::: ##: ##::::::: ####'####:
::: ##::::'##:::. ##: ## ## ##: ##:::: ##: ######::: ## ### ##:
::: ##:::: #########: ##. ####: ##:::: ##: ##...:::: ##. #: ##:
::: ##:::: ##.... ##: ##:. ###: ##:::: ##: ##::::::: ##:.:: ##:
::: ##:::: ##:::: ##: ##::. ##: ########:: ########: ##:::: ##:
:::..:::::..:::::..::..::::..::........:::........::..:::::..::

2023-04-28 16:51:45.561 | INFO     | models.temporal_integrators:summarize:571 - [34mofficial PyTorch implementation.[0m
2023-04-28 16:51:45.617 | INFO     | models.temporal_integrators:summarize:593 - Network summary:
===============================================================================================
Layer (type:depth-idx)                        Output Shape              Param #
===============================================================================================
TANDEMformer                                  [150, 50, 3, 3]           3
├─PositionalEncoding: 1-1                     [7200, 1, 128]            --
│    └─Dropout: 2-1                           [1, 7200, 128]            --
├─TransformerEncoder: 1-2                     [7200, 1, 128]            --
│    └─ModuleList: 2-6                        --                        (recursive)
│    │    └─TransformerEncoderLayer: 3-1      [7200, 1, 128]            74,912
├─Linear: 1-3                                 [7200, 32]                4,128
├─Dropout: 1-4                                [7200, 32]                --
├─PositionalEncoding: 1-5                     [7200, 2, 128]            --
│    └─Dropout: 2-3                           [2, 7200, 128]            --
├─TransformerEncoder: 1-6                     [7200, 2, 128]            (recursive)
│    └─ModuleList: 2-6                        --                        (recursive)
│    │    └─TransformerEncoderLayer: 3-2      [7200, 2, 128]            (recursive)
├─Linear: 1-7                                 [7200, 32]                (recursive)
├─Dropout: 1-8                                [7200, 32]                --
├─PositionalEncoding: 1-9                     [7200, 3, 128]            --
│    └─Dropout: 2-5                           [3, 7200, 128]            --
├─TransformerEncoder: 1-10                    [7200, 3, 128]            (recursive)
│    └─ModuleList: 2-6                        --                        (recursive)
│    │    └─TransformerEncoderLayer: 3-3      [7200, 3, 128]            (recursive)
├─Linear: 1-11                                [7200, 32]                (recursive)
├─Dropout: 1-12                               [7200, 32]                --
├─Linear: 1-13                                [7200, 3]                 99
├─Linear: 1-14                                [7200, 3]                 (recursive)
├─Linear: 1-15                                [7200, 3]                 (recursive)
===============================================================================================
Total params: 79,142
Trainable params: 79,142
Non-trainable params: 0
Total mult-adds (M): 282.77
===============================================================================================
Input size (MB): 3.84
Forward/backward pass size (MB): 149.82
Params size (MB): 0.05
Estimated Total Size (MB): 153.71
===============================================================================================
2023-04-28 16:51:45.618 | INFO     | models.temporal_integrators:summarize:594 - Example input shape: torch.Size([150, 50, 128])
2023-04-28 16:51:45.619 | INFO     | models.temporal_integrators:summarize:595 - Example output shape: torch.Size([150, 50, 3, 3])
2023-04-28 16:51:45.621 | INFO     | models.temporal_integrators:import_model:58 - model moved onto: [33mcuda.[0m
2023-04-28 16:51:45.623 | INFO     | models.optimizers:initialize_optimizer:44 - Optimizer:
RMSprop (
Parameter Group 0
    alpha: 0.99
    centered: False
    differentiable: False
    eps: 1e-08
    foreach: None
    lr: 0.0004238582010886987
    maximize: False
    momentum: 0
    weight_decay: 0.0
)
2023-04-28 16:51:45.624 | INFO     | datasets.data_processing:lmdb_dataloaders:293 - loading data... 
2023-04-28 16:51:45.625 | INFO     | datasets.data_processing:lmdb_dataloaders:295 - If this process takes long, consider setting is_load_onto_memory=False or use LMDBIterableDataset.
2023-04-28 16:51:47.986 | INFO     | __main__:objective:356 - Starting epoch #0.
2023-04-28 16:51:49.493 | INFO     | utils.logging:log_training_results:280 - 
2023-04-28 16:51:49.494 | INFO     | utils.logging:log_training_results:281 - Global Step =      0
2023-04-28 16:51:49.494 | INFO     | utils.logging:log_training_results:282 - val mean(MacRec)_t: 0.34683334827423096
2023-04-28 16:51:49.495 | INFO     | utils.logging:log_training_results:287 - val mean ABSerr: 3.473874807357788
2023-04-28 16:51:49.495 | INFO     | utils.logging:log_training_results:290 - val ausat from confmx: 0.3347742259502411
2023-04-28 16:51:49.496 | INFO     | utils.logging:log_training_results:301 - val MCE loss:1.09683 * 0.9 * 0.19396
2023-04-28 16:51:49.496 | INFO     | utils.logging:log_training_results:309 - val LLLR :1.26854 * 0.5 * 0.91106
2023-04-28 16:51:49.497 | INFO     | utils.logging:log_training_results:317 - val weight decay:561.41870 * 0.0 * -1.82118
2023-04-28 16:51:50.383 | INFO     | utils.logging:save_sdre_imgs:710 - Figures saved.
2023-04-28 16:51:50.674 | INFO     | utils.logging:log_training_results:280 - 
2023-04-28 16:51:50.675 | INFO     | utils.logging:log_training_results:281 - Global Step =      0
2023-04-28 16:51:50.675 | INFO     | utils.logging:log_training_results:282 - train mean(MacRec)_t: 0.3565567433834076
2023-04-28 16:51:50.675 | INFO     | utils.logging:log_training_results:287 - train mean ABSerr: 3.4517393112182617
2023-04-28 16:51:50.676 | INFO     | utils.logging:log_training_results:290 - train ausat from confmx: 0.35173848271369934
2023-04-28 16:51:50.676 | INFO     | utils.logging:log_training_results:301 - train MCE loss:1.09898 * 0.9 * 0.19820
2023-04-28 16:51:50.677 | INFO     | utils.logging:log_training_results:309 - train LLLR :1.38888 * 0.5 * 0.90682
2023-04-28 16:51:50.677 | INFO     | utils.logging:log_training_results:317 - train weight decay:561.41870 * 0.0 * -1.81694
2023-04-28 16:52:07.050 | INFO     | utils.logging:log_training_results:280 - 
2023-04-28 16:52:07.051 | INFO     | utils.logging:log_training_results:281 - Global Step =    250
2023-04-28 16:52:07.052 | INFO     | utils.logging:log_training_results:282 - val mean(MacRec)_t: 0.8389999866485596
2023-04-28 16:52:07.052 | INFO     | utils.logging:log_training_results:287 - val mean ABSerr: 1.3870197534561157
2023-04-28 16:52:07.052 | INFO     | utils.logging:log_training_results:290 - val ausat from confmx: 0.9360136389732361
2023-04-28 16:52:07.053 | INFO     | utils.logging:log_training_results:301 - val MCE loss:0.97616 * 0.9 * 0.31090
2023-04-28 16:52:07.053 | INFO     | utils.logging:log_training_results:309 - val LLLR :0.38713 * 0.5 * 0.75360
2023-04-28 16:52:07.054 | INFO     | utils.logging:log_training_results:317 - val weight decay:560.00604 * 0.0 * -1.66243
2023-04-28 16:52:07.101 | INFO     | utils.checkpoint:update_and_save_result:168 - [36mBest value updated![0m
2023-04-28 16:52:07.110 | INFO     | utils.checkpoint:save_checkpoint:83 - [36mSaved checkpoint[0m at step 250.
2023-04-28 16:52:07.874 | INFO     | utils.logging:save_sdre_imgs:710 - Figures saved.
2023-04-28 16:52:08.356 | INFO     | utils.logging:log_training_results:280 - 
2023-04-28 16:52:08.356 | INFO     | utils.logging:log_training_results:281 - Global Step =    250
2023-04-28 16:52:08.357 | INFO     | utils.logging:log_training_results:282 - train mean(MacRec)_t: 0.708368182182312
2023-04-28 16:52:08.357 | INFO     | utils.logging:log_training_results:287 - train mean ABSerr: 2.241102695465088
2023-04-28 16:52:08.357 | INFO     | utils.logging:log_training_results:290 - train ausat from confmx: 0.8197981119155884
2023-04-28 16:52:08.358 | INFO     | utils.logging:log_training_results:301 - train MCE loss:1.00629 * 0.9 * 0.31119
2023-04-28 16:52:08.358 | INFO     | utils.logging:log_training_results:309 - train LLLR :0.82476 * 0.5 * 0.75317
2023-04-28 16:52:08.358 | INFO     | utils.logging:log_training_results:317 - train weight decay:560.00604 * 0.0 * -1.66198
2023-04-28 16:52:18.186 | INFO     | __main__:objective:356 - Starting epoch #1.
2023-04-28 16:52:26.377 | INFO     | utils.logging:log_training_results:280 - 
2023-04-28 16:52:26.378 | INFO     | utils.logging:log_training_results:281 - Global Step =    500
2023-04-28 16:52:26.379 | INFO     | utils.logging:log_training_results:282 - val mean(MacRec)_t: 0.8528300523757935
2023-04-28 16:52:26.380 | INFO     | utils.logging:log_training_results:287 - val mean ABSerr: 1.36572265625
2023-04-28 16:52:26.380 | INFO     | utils.logging:log_training_results:290 - val ausat from confmx: 0.9635426998138428
2023-04-28 16:52:26.381 | INFO     | utils.logging:log_training_results:301 - val MCE loss:0.99092 * 0.9 * 0.38082
2023-04-28 16:52:26.382 | INFO     | utils.logging:log_training_results:309 - val LLLR :0.35367 * 0.5 * 0.64383
2023-04-28 16:52:26.382 | INFO     | utils.logging:log_training_results:317 - val weight decay:557.36713 * 0.0 * -1.55222
2023-04-28 16:52:26.450 | INFO     | utils.checkpoint:update_and_save_result:168 - [36mBest value updated![0m
2023-04-28 16:52:26.465 | INFO     | utils.checkpoint:save_checkpoint:83 - [36mSaved checkpoint[0m at step 500.
2023-04-28 16:52:26.467 | INFO     | utils.checkpoint:keep_max_num_saved_models:101 - Removed the oldest model for max_to_keep=1
2023-04-28 16:52:27.324 | INFO     | utils.logging:save_sdre_imgs:710 - Figures saved.
2023-04-28 16:52:27.628 | INFO     | utils.logging:log_training_results:280 - 
2023-04-28 16:52:27.629 | INFO     | utils.logging:log_training_results:281 - Global Step =    500
2023-04-28 16:52:27.629 | INFO     | utils.logging:log_training_results:282 - train mean(MacRec)_t: 0.7207270860671997
2023-04-28 16:52:27.630 | INFO     | utils.logging:log_training_results:287 - train mean ABSerr: 2.142181158065796
2023-04-28 16:52:27.630 | INFO     | utils.logging:log_training_results:290 - train ausat from confmx: 0.8600558042526245
2023-04-28 16:52:27.630 | INFO     | utils.logging:log_training_results:301 - train MCE loss:1.00064 * 0.9 * 0.38109
2023-04-28 16:52:27.631 | INFO     | utils.logging:log_training_results:309 - train LLLR :0.69219 * 0.5 * 0.64341
2023-04-28 16:52:27.631 | INFO     | utils.logging:log_training_results:317 - train weight decay:557.36713 * 0.0 * -1.55178
2023-04-28 16:52:45.495 | INFO     | utils.logging:log_training_results:280 - 
2023-04-28 16:52:45.496 | INFO     | utils.logging:log_training_results:281 - Global Step =    750
2023-04-28 16:52:45.497 | INFO     | utils.logging:log_training_results:282 - val mean(MacRec)_t: 0.8601600527763367
2023-04-28 16:52:45.497 | INFO     | utils.logging:log_training_results:287 - val mean ABSerr: 1.1765011548995972
2023-04-28 16:52:45.498 | INFO     | utils.logging:log_training_results:290 - val ausat from confmx: 0.969190239906311
2023-04-28 16:52:45.498 | INFO     | utils.logging:log_training_results:301 - val MCE loss:1.00416 * 0.9 * 0.45080
2023-04-28 16:52:45.499 | INFO     | utils.logging:log_training_results:309 - val LLLR :0.33626 * 0.5 * 0.53705
2023-04-28 16:52:45.500 | INFO     | utils.logging:log_training_results:317 - val weight decay:559.30469 * 0.0 * -1.44321
2023-04-28 16:52:45.559 | INFO     | utils.checkpoint:update_and_save_result:168 - [36mBest value updated![0m
2023-04-28 16:52:45.571 | INFO     | utils.checkpoint:save_checkpoint:83 - [36mSaved checkpoint[0m at step 750.
2023-04-28 16:52:45.573 | INFO     | utils.checkpoint:keep_max_num_saved_models:101 - Removed the oldest model for max_to_keep=1
2023-04-28 16:52:46.397 | INFO     | utils.logging:save_sdre_imgs:710 - Figures saved.
2023-04-28 16:52:46.704 | INFO     | utils.logging:log_training_results:280 - 
2023-04-28 16:52:46.706 | INFO     | utils.logging:log_training_results:281 - Global Step =    750
2023-04-28 16:52:46.709 | INFO     | utils.logging:log_training_results:282 - train mean(MacRec)_t: 0.7669414281845093
2023-04-28 16:52:46.709 | INFO     | utils.logging:log_training_results:287 - train mean ABSerr: 1.9271529912948608
2023-04-28 16:52:46.710 | INFO     | utils.logging:log_training_results:290 - train ausat from confmx: 0.9129505753517151
2023-04-28 16:52:46.711 | INFO     | utils.logging:log_training_results:301 - train MCE loss:1.01580 * 0.9 * 0.45108
2023-04-28 16:52:46.713 | INFO     | utils.logging:log_training_results:309 - train LLLR :0.54262 * 0.5 * 0.53661
2023-04-28 16:52:46.714 | INFO     | utils.logging:log_training_results:317 - train weight decay:559.30469 * 0.0 * -1.44278
2023-04-28 16:52:49.921 | INFO     | __main__:objective:356 - Starting epoch #2.
2023-04-28 16:53:04.393 | INFO     | utils.logging:log_training_results:280 - 
2023-04-28 16:53:04.394 | INFO     | utils.logging:log_training_results:281 - Global Step =   1000
2023-04-28 16:53:04.395 | INFO     | utils.logging:log_training_results:282 - val mean(MacRec)_t: 0.8460898995399475
2023-04-28 16:53:04.395 | INFO     | utils.logging:log_training_results:287 - val mean ABSerr: 1.2814342975616455
2023-04-28 16:53:04.396 | INFO     | utils.logging:log_training_results:290 - val ausat from confmx: 0.9581891894340515
2023-04-28 16:53:04.396 | INFO     | utils.logging:log_training_results:301 - val MCE loss:1.01815 * 0.9 * 0.52096
2023-04-28 16:53:04.397 | INFO     | utils.logging:log_training_results:309 - val LLLR :0.36590 * 0.5 * 0.43664
2023-04-28 16:53:04.397 | INFO     | utils.logging:log_training_results:317 - val weight decay:561.26611 * 0.0 * -1.33408
2023-04-28 16:53:05.243 | INFO     | utils.logging:save_sdre_imgs:710 - Figures saved.
2023-04-28 16:53:05.547 | INFO     | utils.logging:log_training_results:280 - 
2023-04-28 16:53:05.547 | INFO     | utils.logging:log_training_results:281 - Global Step =   1000
2023-04-28 16:53:05.548 | INFO     | utils.logging:log_training_results:282 - train mean(MacRec)_t: 0.8390977382659912
2023-04-28 16:53:05.548 | INFO     | utils.logging:log_training_results:287 - train mean ABSerr: 1.8204312324523926
2023-04-28 16:53:05.549 | INFO     | utils.logging:log_training_results:290 - train ausat from confmx: 0.9449922442436218
2023-04-28 16:53:05.549 | INFO     | utils.logging:log_training_results:301 - train MCE loss:1.02646 * 0.9 * 0.52123
2023-04-28 16:53:05.549 | INFO     | utils.logging:log_training_results:309 - train LLLR :0.39903 * 0.5 * 0.43610
2023-04-28 16:53:05.550 | INFO     | utils.logging:log_training_results:317 - train weight decay:561.26611 * 0.0 * -1.33365
2023-04-28 16:53:18.164 | INFO     | __main__:objective:356 - Starting epoch #3.
2023-04-28 16:53:22.822 | INFO     | utils.logging:log_training_results:280 - 
2023-04-28 16:53:22.826 | INFO     | utils.logging:log_training_results:281 - Global Step =   1250
2023-04-28 16:53:22.826 | INFO     | utils.logging:log_training_results:282 - val mean(MacRec)_t: 0.8498566746711731
2023-04-28 16:53:22.827 | INFO     | utils.logging:log_training_results:287 - val mean ABSerr: 1.1943172216415405
2023-04-28 16:53:22.827 | INFO     | utils.logging:log_training_results:290 - val ausat from confmx: 0.9570090770721436
2023-04-28 16:53:22.828 | INFO     | utils.logging:log_training_results:301 - val MCE loss:1.02263 * 0.9 * 0.58816
2023-04-28 16:53:22.828 | INFO     | utils.logging:log_training_results:309 - val LLLR :0.36115 * 0.5 * 0.36293
2023-04-28 16:53:22.829 | INFO     | utils.logging:log_training_results:317 - val weight decay:562.88202 * 0.0 * -1.22470
2023-04-28 16:53:23.657 | INFO     | utils.logging:save_sdre_imgs:710 - Figures saved.
2023-04-28 16:53:23.951 | INFO     | utils.logging:log_training_results:280 - 
2023-04-28 16:53:23.951 | INFO     | utils.logging:log_training_results:281 - Global Step =   1250
2023-04-28 16:53:23.952 | INFO     | utils.logging:log_training_results:282 - train mean(MacRec)_t: 0.7681661248207092
2023-04-28 16:53:23.952 | INFO     | utils.logging:log_training_results:287 - train mean ABSerr: 1.8493634462356567
2023-04-28 16:53:23.952 | INFO     | utils.logging:log_training_results:290 - train ausat from confmx: 0.9054130911827087
2023-04-28 16:53:23.953 | INFO     | utils.logging:log_training_results:301 - train MCE loss:1.03603 * 0.9 * 0.58841
2023-04-28 16:53:23.953 | INFO     | utils.logging:log_training_results:309 - train LLLR :0.53791 * 0.5 * 0.36298
2023-04-28 16:53:23.953 | INFO     | utils.logging:log_training_results:317 - train weight decay:562.88202 * 0.0 * -1.22426
2023-04-28 16:53:40.886 | INFO     | utils.logging:log_training_results:280 - 
2023-04-28 16:53:40.887 | INFO     | utils.logging:log_training_results:281 - Global Step =   1500
2023-04-28 16:53:40.888 | INFO     | utils.logging:log_training_results:282 - val mean(MacRec)_t: 0.8603999614715576
2023-04-28 16:53:40.888 | INFO     | utils.logging:log_training_results:287 - val mean ABSerr: 0.9695066809654236
2023-04-28 16:53:40.889 | INFO     | utils.logging:log_training_results:290 - val ausat from confmx: 0.9719929695129395
2023-04-28 16:53:40.889 | INFO     | utils.logging:log_training_results:301 - val MCE loss:1.02464 * 0.9 * 0.64572
2023-04-28 16:53:40.890 | INFO     | utils.logging:log_training_results:309 - val LLLR :0.33569 * 0.5 * 0.34433
2023-04-28 16:53:40.890 | INFO     | utils.logging:log_training_results:317 - val weight decay:562.78900 * 0.0 * -1.11500
2023-04-28 16:53:40.946 | INFO     | utils.checkpoint:update_and_save_result:168 - [36mBest value updated![0m
2023-04-28 16:53:40.958 | INFO     | utils.checkpoint:save_checkpoint:83 - [36mSaved checkpoint[0m at step 1500.
2023-04-28 16:53:40.961 | INFO     | utils.checkpoint:keep_max_num_saved_models:101 - Removed the oldest model for max_to_keep=1
2023-04-28 16:53:41.923 | INFO     | utils.logging:save_sdre_imgs:710 - Figures saved.
2023-04-28 16:53:42.205 | INFO     | utils.logging:log_training_results:280 - 
2023-04-28 16:53:42.206 | INFO     | utils.logging:log_training_results:281 - Global Step =   1500
2023-04-28 16:53:42.206 | INFO     | utils.logging:log_training_results:282 - train mean(MacRec)_t: 0.8267233371734619
2023-04-28 16:53:42.207 | INFO     | utils.logging:log_training_results:287 - train mean ABSerr: 1.6524637937545776
2023-04-28 16:53:42.207 | INFO     | utils.logging:log_training_results:290 - train ausat from confmx: 0.9638072848320007
2023-04-28 16:53:42.207 | INFO     | utils.logging:log_training_results:301 - train MCE loss:1.03580 * 0.9 * 0.64591
2023-04-28 16:53:42.208 | INFO     | utils.logging:log_training_results:309 - train LLLR :0.41135 * 0.5 * 0.34379
2023-04-28 16:53:42.208 | INFO     | utils.logging:log_training_results:317 - train weight decay:562.78900 * 0.0 * -1.11456
2023-04-28 16:53:48.696 | INFO     | __main__:objective:356 - Starting epoch #4.
2023-04-28 16:53:59.436 | INFO     | utils.logging:log_training_results:280 - 
2023-04-28 16:53:59.437 | INFO     | utils.logging:log_training_results:281 - Global Step =   1750
2023-04-28 16:53:59.437 | INFO     | utils.logging:log_training_results:282 - val mean(MacRec)_t: 0.8466366529464722
2023-04-28 16:53:59.438 | INFO     | utils.logging:log_training_results:287 - val mean ABSerr: 1.0621920824050903
2023-04-28 16:53:59.438 | INFO     | utils.logging:log_training_results:290 - val ausat from confmx: 0.9622264504432678
2023-04-28 16:53:59.439 | INFO     | utils.logging:log_training_results:301 - val MCE loss:1.02826 * 0.9 * 0.67939
2023-04-28 16:53:59.439 | INFO     | utils.logging:log_training_results:309 - val LLLR :0.36227 * 0.5 * 0.34276
2023-04-28 16:53:59.440 | INFO     | utils.logging:log_training_results:317 - val weight decay:561.88062 * 0.0 * -1.00491
2023-04-28 16:54:00.240 | INFO     | utils.logging:save_sdre_imgs:710 - Figures saved.
2023-04-28 16:54:00.537 | INFO     | utils.logging:log_training_results:280 - 
2023-04-28 16:54:00.537 | INFO     | utils.logging:log_training_results:281 - Global Step =   1750
2023-04-28 16:54:00.538 | INFO     | utils.logging:log_training_results:282 - train mean(MacRec)_t: 0.7962774634361267
2023-04-28 16:54:00.538 | INFO     | utils.logging:log_training_results:287 - train mean ABSerr: 1.6333154439926147
2023-04-28 16:54:00.539 | INFO     | utils.logging:log_training_results:290 - train ausat from confmx: 0.9293220043182373
2023-04-28 16:54:00.539 | INFO     | utils.logging:log_training_results:301 - train MCE loss:1.03949 * 0.9 * 0.67946
2023-04-28 16:54:00.540 | INFO     | utils.logging:log_training_results:309 - train LLLR :0.45335 * 0.5 * 0.34260
2023-04-28 16:54:00.540 | INFO     | utils.logging:log_training_results:317 - train weight decay:561.88062 * 0.0 * -1.00447
2023-04-28 16:54:15.811 | INFO     | __main__:objective:356 - Starting epoch #5.
2023-04-28 16:54:17.321 | INFO     | utils.logging:log_training_results:280 - 
2023-04-28 16:54:17.321 | INFO     | utils.logging:log_training_results:281 - Global Step =   2000
2023-04-28 16:54:17.322 | INFO     | utils.logging:log_training_results:282 - val mean(MacRec)_t: 0.8598933219909668
2023-04-28 16:54:17.322 | INFO     | utils.logging:log_training_results:287 - val mean ABSerr: 0.9648803472518921
2023-04-28 16:54:17.323 | INFO     | utils.logging:log_training_results:290 - val ausat from confmx: 0.9711971282958984
2023-04-28 16:54:17.323 | INFO     | utils.logging:log_training_results:301 - val MCE loss:1.02742 * 0.9 * 0.68362
2023-04-28 16:54:17.324 | INFO     | utils.logging:log_training_results:309 - val LLLR :0.33751 * 0.5 * 0.34167
2023-04-28 16:54:17.324 | INFO     | utils.logging:log_training_results:317 - val weight decay:561.46252 * 0.0 * -0.89436
2023-04-28 16:54:18.142 | INFO     | utils.logging:save_sdre_imgs:710 - Figures saved.
2023-04-28 16:54:18.453 | INFO     | utils.logging:log_training_results:280 - 
2023-04-28 16:54:18.453 | INFO     | utils.logging:log_training_results:281 - Global Step =   2000
2023-04-28 16:54:18.454 | INFO     | utils.logging:log_training_results:282 - train mean(MacRec)_t: 0.8077889680862427
2023-04-28 16:54:18.454 | INFO     | utils.logging:log_training_results:287 - train mean ABSerr: 1.5676875114440918
2023-04-28 16:54:18.454 | INFO     | utils.logging:log_training_results:290 - train ausat from confmx: 0.940712034702301
2023-04-28 16:54:18.455 | INFO     | utils.logging:log_training_results:301 - train MCE loss:1.03822 * 0.9 * 0.68361
2023-04-28 16:54:18.455 | INFO     | utils.logging:log_training_results:309 - train LLLR :0.43535 * 0.5 * 0.34136
2023-04-28 16:54:18.456 | INFO     | utils.logging:log_training_results:317 - train weight decay:561.46252 * 0.0 * -0.89392
2023-04-28 16:54:35.162 | INFO     | utils.logging:log_training_results:280 - 
2023-04-28 16:54:35.162 | INFO     | utils.logging:log_training_results:281 - Global Step =   2250
2023-04-28 16:54:35.163 | INFO     | utils.logging:log_training_results:282 - val mean(MacRec)_t: 0.8541300296783447
2023-04-28 16:54:35.163 | INFO     | utils.logging:log_training_results:287 - val mean ABSerr: 1.0206657648086548
2023-04-28 16:54:35.164 | INFO     | utils.logging:log_training_results:290 - val ausat from confmx: 0.9616286754608154
2023-04-28 16:54:35.164 | INFO     | utils.logging:log_training_results:301 - val MCE loss:1.02353 * 0.9 * 0.68344
2023-04-28 16:54:35.165 | INFO     | utils.logging:log_training_results:309 - val LLLR :0.35056 * 0.5 * 0.33686
2023-04-28 16:54:35.165 | INFO     | utils.logging:log_training_results:317 - val weight decay:561.26556 * 0.0 * -0.78321
2023-04-28 16:54:35.958 | INFO     | utils.logging:save_sdre_imgs:710 - Figures saved.
2023-04-28 16:54:36.245 | INFO     | utils.logging:log_training_results:280 - 
2023-04-28 16:54:36.246 | INFO     | utils.logging:log_training_results:281 - Global Step =   2250
2023-04-28 16:54:36.246 | INFO     | utils.logging:log_training_results:282 - train mean(MacRec)_t: 0.8217728734016418
2023-04-28 16:54:36.247 | INFO     | utils.logging:log_training_results:287 - train mean ABSerr: 1.6137754917144775
2023-04-28 16:54:36.247 | INFO     | utils.logging:log_training_results:290 - train ausat from confmx: 0.9240384697914124
2023-04-28 16:54:36.247 | INFO     | utils.logging:log_training_results:301 - train MCE loss:1.03630 * 0.9 * 0.68335
2023-04-28 16:54:36.248 | INFO     | utils.logging:log_training_results:309 - train LLLR :0.43301 * 0.5 * 0.33666
2023-04-28 16:54:36.248 | INFO     | utils.logging:log_training_results:317 - train weight decay:561.26550 * 0.0 * -0.78277
2023-04-28 16:54:45.561 | INFO     | __main__:objective:356 - Starting epoch #6.
2023-04-28 16:54:53.700 | INFO     | utils.logging:log_training_results:280 - 
2023-04-28 16:54:53.700 | INFO     | utils.logging:log_training_results:281 - Global Step =   2500
2023-04-28 16:54:53.701 | INFO     | utils.logging:log_training_results:282 - val mean(MacRec)_t: 0.8573133945465088
2023-04-28 16:54:53.701 | INFO     | utils.logging:log_training_results:287 - val mean ABSerr: 1.0534017086029053
2023-04-28 16:54:53.702 | INFO     | utils.logging:log_training_results:290 - val ausat from confmx: 0.9645717740058899
2023-04-28 16:54:53.702 | INFO     | utils.logging:log_training_results:301 - val MCE loss:1.02933 * 0.9 * 0.68319
2023-04-28 16:54:53.703 | INFO     | utils.logging:log_training_results:309 - val LLLR :0.34662 * 0.5 * 0.33730
2023-04-28 16:54:53.703 | INFO     | utils.logging:log_training_results:317 - val weight decay:561.04926 * 0.0 * -0.67129
2023-04-28 16:54:54.507 | INFO     | utils.logging:save_sdre_imgs:710 - Figures saved.
2023-04-28 16:54:54.798 | INFO     | utils.logging:log_training_results:280 - 
2023-04-28 16:54:54.798 | INFO     | utils.logging:log_training_results:281 - Global Step =   2500
2023-04-28 16:54:54.799 | INFO     | utils.logging:log_training_results:282 - train mean(MacRec)_t: 0.7991279363632202
2023-04-28 16:54:54.799 | INFO     | utils.logging:log_training_results:287 - train mean ABSerr: 1.7338049411773682
2023-04-28 16:54:54.799 | INFO     | utils.logging:log_training_results:290 - train ausat from confmx: 0.9270592331886292
2023-04-28 16:54:54.800 | INFO     | utils.logging:log_training_results:301 - train MCE loss:1.03753 * 0.9 * 0.68322
2023-04-28 16:54:54.800 | INFO     | utils.logging:log_training_results:309 - train LLLR :0.46484 * 0.5 * 0.33740
2023-04-28 16:54:54.800 | INFO     | utils.logging:log_training_results:317 - train weight decay:561.04919 * 0.0 * -0.67084
2023-04-28 16:55:11.450 | INFO     | utils.logging:log_training_results:280 - 
2023-04-28 16:55:11.451 | INFO     | utils.logging:log_training_results:281 - Global Step =   2750
2023-04-28 16:55:11.451 | INFO     | utils.logging:log_training_results:282 - val mean(MacRec)_t: 0.861549973487854
2023-04-28 16:55:11.452 | INFO     | utils.logging:log_training_results:287 - val mean ABSerr: 0.9699955582618713
2023-04-28 16:55:11.452 | INFO     | utils.logging:log_training_results:290 - val ausat from confmx: 0.9721654057502747
2023-04-28 16:55:11.453 | INFO     | utils.logging:log_training_results:301 - val MCE loss:1.02931 * 0.9 * 0.68425
2023-04-28 16:55:11.453 | INFO     | utils.logging:log_training_results:309 - val LLLR :0.33467 * 0.5 * 0.34052
2023-04-28 16:55:11.454 | INFO     | utils.logging:log_training_results:317 - val weight decay:561.19110 * 0.0 * -0.55830
2023-04-28 16:55:11.505 | INFO     | utils.checkpoint:update_and_save_result:168 - [36mBest value updated![0m
2023-04-28 16:55:11.516 | INFO     | utils.checkpoint:save_checkpoint:83 - [36mSaved checkpoint[0m at step 2750.
2023-04-28 16:55:11.518 | INFO     | utils.checkpoint:keep_max_num_saved_models:101 - Removed the oldest model for max_to_keep=1
2023-04-28 16:55:12.265 | INFO     | utils.logging:save_sdre_imgs:710 - Figures saved.
2023-04-28 16:55:12.558 | INFO     | utils.logging:log_training_results:280 - 
2023-04-28 16:55:12.558 | INFO     | utils.logging:log_training_results:281 - Global Step =   2750
2023-04-28 16:55:12.559 | INFO     | utils.logging:log_training_results:282 - train mean(MacRec)_t: 0.8089016675949097
2023-04-28 16:55:12.559 | INFO     | utils.logging:log_training_results:287 - train mean ABSerr: 1.6162770986557007
2023-04-28 16:55:12.560 | INFO     | utils.logging:log_training_results:290 - train ausat from confmx: 0.9608345031738281
2023-04-28 16:55:12.560 | INFO     | utils.logging:log_training_results:301 - train MCE loss:1.04243 * 0.9 * 0.68452
2023-04-28 16:55:12.560 | INFO     | utils.logging:log_training_results:309 - train LLLR :0.44086 * 0.5 * 0.34028
2023-04-28 16:55:12.561 | INFO     | utils.logging:log_training_results:317 - train weight decay:561.19110 * 0.0 * -0.55785
2023-04-28 16:55:15.579 | INFO     | __main__:objective:356 - Starting epoch #7.
2023-04-28 16:55:29.180 | INFO     | utils.logging:log_training_results:280 - 
2023-04-28 16:55:29.180 | INFO     | utils.logging:log_training_results:281 - Global Step =   3000
2023-04-28 16:55:29.181 | INFO     | utils.logging:log_training_results:282 - val mean(MacRec)_t: 0.8604199886322021
2023-04-28 16:55:29.181 | INFO     | utils.logging:log_training_results:287 - val mean ABSerr: 0.8599525690078735
2023-04-28 16:55:29.182 | INFO     | utils.logging:log_training_results:290 - val ausat from confmx: 0.972513735294342
2023-04-28 16:55:29.182 | INFO     | utils.logging:log_training_results:301 - val MCE loss:1.02785 * 0.9 * 0.68295
2023-04-28 16:55:29.183 | INFO     | utils.logging:log_training_results:309 - val LLLR :0.33456 * 0.5 * 0.33615
2023-04-28 16:55:29.183 | INFO     | utils.logging:log_training_results:317 - val weight decay:561.82465 * 0.0 * -0.44377
2023-04-28 16:55:29.235 | INFO     | utils.checkpoint:update_and_save_result:168 - [36mBest value updated![0m
2023-04-28 16:55:29.246 | INFO     | utils.checkpoint:save_checkpoint:83 - [36mSaved checkpoint[0m at step 3000.
2023-04-28 16:55:29.249 | INFO     | utils.checkpoint:keep_max_num_saved_models:101 - Removed the oldest model for max_to_keep=1
2023-04-28 16:55:30.001 | INFO     | utils.logging:save_sdre_imgs:710 - Figures saved.
2023-04-28 16:55:30.289 | INFO     | utils.logging:log_training_results:280 - 
2023-04-28 16:55:30.290 | INFO     | utils.logging:log_training_results:281 - Global Step =   3000
2023-04-28 16:55:30.290 | INFO     | utils.logging:log_training_results:282 - train mean(MacRec)_t: 0.8102807998657227
2023-04-28 16:55:30.291 | INFO     | utils.logging:log_training_results:287 - train mean ABSerr: 1.6311709880828857
2023-04-28 16:55:30.291 | INFO     | utils.logging:log_training_results:290 - train ausat from confmx: 0.9164115190505981
2023-04-28 16:55:30.291 | INFO     | utils.logging:log_training_results:301 - train MCE loss:1.04094 * 0.9 * 0.68351
2023-04-28 16:55:30.292 | INFO     | utils.logging:log_training_results:309 - train LLLR :0.44465 * 0.5 * 0.33608
2023-04-28 16:55:30.292 | INFO     | utils.logging:log_training_results:317 - train weight decay:561.82465 * 0.0 * -0.44331
2023-04-28 16:55:42.613 | INFO     | __main__:objective:356 - Starting epoch #8.
2023-04-28 16:55:47.252 | INFO     | utils.logging:log_training_results:280 - 
2023-04-28 16:55:47.253 | INFO     | utils.logging:log_training_results:281 - Global Step =   3250
2023-04-28 16:55:47.253 | INFO     | utils.logging:log_training_results:282 - val mean(MacRec)_t: 0.8571733832359314
2023-04-28 16:55:47.254 | INFO     | utils.logging:log_training_results:287 - val mean ABSerr: 0.8384914994239807
2023-04-28 16:55:47.254 | INFO     | utils.logging:log_training_results:290 - val ausat from confmx: 0.9671258926391602
2023-04-28 16:55:47.255 | INFO     | utils.logging:log_training_results:301 - val MCE loss:1.02430 * 0.9 * 0.68295
2023-04-28 16:55:47.255 | INFO     | utils.logging:log_training_results:309 - val LLLR :0.34016 * 0.5 * 0.33413
2023-04-28 16:55:47.256 | INFO     | utils.logging:log_training_results:317 - val weight decay:561.51996 * 0.0 * -0.32674
2023-04-28 16:55:48.269 | INFO     | utils.logging:save_sdre_imgs:710 - Figures saved.
2023-04-28 16:55:48.567 | INFO     | utils.logging:log_training_results:280 - 
2023-04-28 16:55:48.568 | INFO     | utils.logging:log_training_results:281 - Global Step =   3250
2023-04-28 16:55:48.568 | INFO     | utils.logging:log_training_results:282 - train mean(MacRec)_t: 0.7987074255943298
2023-04-28 16:55:48.568 | INFO     | utils.logging:log_training_results:287 - train mean ABSerr: 1.5497992038726807
2023-04-28 16:55:48.569 | INFO     | utils.logging:log_training_results:290 - train ausat from confmx: 0.9217637181282043
2023-04-28 16:55:48.569 | INFO     | utils.logging:log_training_results:301 - train MCE loss:1.03385 * 0.9 * 0.68257
2023-04-28 16:55:48.569 | INFO     | utils.logging:log_training_results:309 - train LLLR :0.47267 * 0.5 * 0.33441
2023-04-28 16:55:48.570 | INFO     | utils.logging:log_training_results:317 - train weight decay:561.51996 * 0.0 * -0.32626
2023-04-28 16:56:06.258 | INFO     | utils.logging:log_training_results:280 - 
2023-04-28 16:56:06.259 | INFO     | utils.logging:log_training_results:281 - Global Step =   3500
2023-04-28 16:56:06.259 | INFO     | utils.logging:log_training_results:282 - val mean(MacRec)_t: 0.8614266514778137
2023-04-28 16:56:06.260 | INFO     | utils.logging:log_training_results:287 - val mean ABSerr: 0.8187591433525085
2023-04-28 16:56:06.261 | INFO     | utils.logging:log_training_results:290 - val ausat from confmx: 0.972472071647644
2023-04-28 16:56:06.263 | INFO     | utils.logging:log_training_results:301 - val MCE loss:1.02755 * 0.9 * 0.68240
2023-04-28 16:56:06.264 | INFO     | utils.logging:log_training_results:309 - val LLLR :0.33258 * 0.5 * 0.33354
2023-04-28 16:56:06.264 | INFO     | utils.logging:log_training_results:317 - val weight decay:562.10284 * 0.0 * -0.20491
2023-04-28 16:56:07.070 | INFO     | utils.logging:save_sdre_imgs:710 - Figures saved.
2023-04-28 16:56:07.354 | INFO     | utils.logging:log_training_results:280 - 
2023-04-28 16:56:07.355 | INFO     | utils.logging:log_training_results:281 - Global Step =   3500
2023-04-28 16:56:07.355 | INFO     | utils.logging:log_training_results:282 - train mean(MacRec)_t: 0.7843239307403564
2023-04-28 16:56:07.356 | INFO     | utils.logging:log_training_results:287 - train mean ABSerr: 1.5768296718597412
2023-04-28 16:56:07.356 | INFO     | utils.logging:log_training_results:290 - train ausat from confmx: 0.9228314161300659
2023-04-28 16:56:07.356 | INFO     | utils.logging:log_training_results:301 - train MCE loss:1.03802 * 0.9 * 0.68285
2023-04-28 16:56:07.357 | INFO     | utils.logging:log_training_results:309 - train LLLR :0.48035 * 0.5 * 0.33395
2023-04-28 16:56:07.357 | INFO     | utils.logging:log_training_results:317 - train weight decay:562.10284 * 0.0 * -0.20440
2023-04-28 16:56:13.366 | INFO     | __main__:objective:356 - Starting epoch #9.
2023-04-28 16:56:24.112 | INFO     | utils.logging:log_training_results:280 - 
2023-04-28 16:56:24.113 | INFO     | utils.logging:log_training_results:281 - Global Step =   3750
2023-04-28 16:56:24.113 | INFO     | utils.logging:log_training_results:282 - val mean(MacRec)_t: 0.8596999645233154
2023-04-28 16:56:24.114 | INFO     | utils.logging:log_training_results:287 - val mean ABSerr: 0.7820767760276794
2023-04-28 16:56:24.114 | INFO     | utils.logging:log_training_results:290 - val ausat from confmx: 0.9688602089881897
2023-04-28 16:56:24.115 | INFO     | utils.logging:log_training_results:301 - val MCE loss:1.02339 * 0.9 * 0.68319
2023-04-28 16:56:24.115 | INFO     | utils.logging:log_training_results:309 - val LLLR :0.33344 * 0.5 * 0.32988
2023-04-28 16:56:24.115 | INFO     | utils.logging:log_training_results:317 - val weight decay:563.32043 * 0.0 * -0.06805
2023-04-28 16:56:24.940 | INFO     | utils.logging:save_sdre_imgs:710 - Figures saved.
2023-04-28 16:56:25.223 | INFO     | utils.logging:log_training_results:280 - 
2023-04-28 16:56:25.223 | INFO     | utils.logging:log_training_results:281 - Global Step =   3750
2023-04-28 16:56:25.224 | INFO     | utils.logging:log_training_results:282 - train mean(MacRec)_t: 0.8035847544670105
2023-04-28 16:56:25.224 | INFO     | utils.logging:log_training_results:287 - train mean ABSerr: 1.5658782720565796
2023-04-28 16:56:25.224 | INFO     | utils.logging:log_training_results:290 - train ausat from confmx: 0.9591721892356873
2023-04-28 16:56:25.225 | INFO     | utils.logging:log_training_results:301 - train MCE loss:1.03826 * 0.9 * 0.68334
2023-04-28 16:56:25.225 | INFO     | utils.logging:log_training_results:309 - train LLLR :0.44743 * 0.5 * 0.33001
2023-04-28 16:56:25.225 | INFO     | utils.logging:log_training_results:317 - train weight decay:563.32037 * 0.0 * -0.06740
2023-04-28 16:56:40.560 | INFO     | utils.logging:investigate_log:155 - num_warning=0/num_error=0 in the .log file.
2023-04-28 16:56:40.748 | INFO     | optuna.study.study:_log_completed_trial:1020 - Trial 54 finished with value: 0.02748626470565796 and parameters: {'LIST_IS_POSITIONAL_ENCODING': True, 'LIST_IS_TRAINABLE_ENCODING': False, 'LIST_MODEL_BACKBONE': 'Transformer', 'LIST_WEIGHT_DECAY': 0.0, 'LIST_LEARNING_RATE': 0.0004238582010886987, 'LIST_LLLR_VERSION': 'LSEL', 'LIST_ACTIVATION_FC': 'B2Bsqrt', 'LIST_PARAM_MULTIPLET_LOSS': 0.9, 'LIST_PARAM_LLR_LOSS': 0.5, 'LIST_IS_ADAPTIVE_LOSS': True, 'LIST_ORDER_SPRT': 2, 'LIST_OPTIMIZER': 'rmsprop', 'LIST_IS_NORMALIZE': False, 'LIST_NUM_THRESH': 500, 'LIST_SPARSITY': 'lograndom', 'LIST_NUM_BLOCKS': 1, 'LIST_NUM_HEADS': 4, 'LIST_DROPOUT': 0.2, 'LIST_FF_DIM': 32, 'LIST_MLP_UNITS': 32}. Best is trial 37 with value: 0.016635537147521973.
2023-04-28 16:56:40.769 | INFO     | utils.hyperparameter_tuning:suggest_parameters:560 - [33mStarting a tuning phase.[0m
2023-04-28 16:56:41.275 | INFO     | utils.hyperparameter_tuning:print:394 - 
+------------------------------------------+
|   Hyperparameteres suggested by Optuna   |
+------------------------+-----------------+
|     Parameter name     | Suggested value |
+------------------------+-----------------+
|     ACTIVATION_FC      |       gelu      |
|        DROPOUT         |       0.3       |
|         FF_DIM         |        32       |
|    IS_ADAPTIVE_LOSS    |       True      |
|      IS_NORMALIZE      |      False      |
| IS_POSITIONAL_ENCODING |       True      |
| IS_TRAINABLE_ENCODING  |      False      |
|     LEARNING_RATE      |    0.00058587   |
|      LLLR_VERSION      |       LSEL      |
|       MLP_UNITS        |        32       |
|     MODEL_BACKBONE     |   Transformer   |
|       NUM_BLOCKS       |        1        |
|       NUM_HEADS        |        4        |
|       NUM_THRESH       |       1500      |
|       OPTIMIZER        |       adam      |
|       ORDER_SPRT       |        2        |
|     PARAM_LLR_LOSS     |       0.7       |
|  PARAM_MULTIPLET_LOSS  |       0.9       |
|        SPARSITY        |    lograndom    |
|      WEIGHT_DECAY      |       0.0       |
+------------------------+-----------------+
2023-04-28 16:56:41.276 | INFO     | utils.misc:create_directories_and_log:291 - [33mA new log directory was created: [0m/home/afe/Dropbox/GitHub/SPRT-TANDEM-PyTorch/logs/public_offset0_5_optimausat_confmx_tuning/checkpoints/Transformer_20230428_165641276/configs
2023-04-28 16:56:41.277 | INFO     | utils.misc:create_directories_and_log:291 - [33mA new log directory was created: [0m/home/afe/Dropbox/GitHub/SPRT-TANDEM-PyTorch/logs/public_offset0_5_optimausat_confmx_tuning/TensorBoard_events/Transformer_20230428_165641276
