2023-04-28 15:15:02.738 | INFO     | utils.misc:fix_random_seed:405 - Random seed is not fixed.
2023-04-28 15:15:02.759 | INFO     | models.temporal_integrators:summarize:568 - 
:'######::'########::'########::'########::::::::::::::::::::::
'##... ##: ##.... ##: ##.... ##:... ##..:::::::::::::::::::::::
 ##:::..:: ##:::: ##: ##:::: ##:::: ##:::::::::::::::::::::::::
. ######:: ########:: ########::::: ##::::'#######:::::::::::::
:..... ##: ##.....::: ##.. ##:::::: ##::::........:::::::::::::
'##::: ##: ##:::::::: ##::. ##::::: ##:::::::::::::::::::::::::
. ######:: ##:::::::: ##:::. ##:::: ##:::::::::::::::::::::::::
:......:::..:::::::::..:::::..:::::..::::::::::::::::::::::::::
'########::::'###::::'##::: ##:'########::'########:'##::::'##:
... ##..::::'## ##::: ###:: ##: ##.... ##: ##.....:: ###::'###:
::: ##:::::'##:. ##:: ####: ##: ##:::: ##: ##::::::: ####'####:
::: ##::::'##:::. ##: ## ## ##: ##:::: ##: ######::: ## ### ##:
::: ##:::: #########: ##. ####: ##:::: ##: ##...:::: ##. #: ##:
::: ##:::: ##.... ##: ##:. ###: ##:::: ##: ##::::::: ##:.:: ##:
::: ##:::: ##:::: ##: ##::. ##: ########:: ########: ##:::: ##:
:::..:::::..:::::..::..::::..::........:::........::..:::::..::

2023-04-28 15:15:02.760 | INFO     | models.temporal_integrators:summarize:571 - [34mofficial PyTorch implementation.[0m
2023-04-28 15:15:02.824 | INFO     | models.temporal_integrators:summarize:593 - Network summary:
===============================================================================================
Layer (type:depth-idx)                        Output Shape              Param #
===============================================================================================
TANDEMformer                                  [150, 50, 3, 3]           3
├─PositionalEncoding: 1-1                     [7350, 1, 128]            --
│    └─Dropout: 2-1                           [1, 7350, 128]            --
├─TransformerEncoder: 1-2                     [7350, 1, 128]            --
│    └─ModuleList: 2-4                        --                        (recursive)
│    │    └─TransformerEncoderLayer: 3-1      [7350, 1, 128]            74,912
├─Linear: 1-3                                 [7350, 32]                4,128
├─Dropout: 1-4                                [7350, 32]                --
├─PositionalEncoding: 1-5                     [7350, 2, 128]            --
│    └─Dropout: 2-3                           [2, 7350, 128]            --
├─TransformerEncoder: 1-6                     [7350, 2, 128]            (recursive)
│    └─ModuleList: 2-4                        --                        (recursive)
│    │    └─TransformerEncoderLayer: 3-2      [7350, 2, 128]            (recursive)
├─Linear: 1-7                                 [7350, 32]                (recursive)
├─Dropout: 1-8                                [7350, 32]                --
├─ReLU: 1-9                                   [7350, 32]                --
├─Linear: 1-10                                [7350, 3]                 99
├─ReLU: 1-11                                  [7350, 32]                --
├─Linear: 1-12                                [7350, 3]                 (recursive)
===============================================================================================
Total params: 79,142
Trainable params: 79,142
Non-trainable params: 0
Total mult-adds (M): 62.14
===============================================================================================
Input size (MB): 3.84
Forward/backward pass size (MB): 4.12
Params size (MB): 0.02
Estimated Total Size (MB): 7.97
===============================================================================================
2023-04-28 15:15:02.826 | INFO     | models.temporal_integrators:summarize:594 - Example input shape: torch.Size([150, 50, 128])
2023-04-28 15:15:02.826 | INFO     | models.temporal_integrators:summarize:595 - Example output shape: torch.Size([150, 50, 3, 3])
2023-04-28 15:15:02.829 | INFO     | models.temporal_integrators:import_model:58 - model moved onto: [33mcuda.[0m
2023-04-28 15:15:02.831 | INFO     | models.optimizers:initialize_optimizer:44 - Optimizer:
RMSprop (
Parameter Group 0
    alpha: 0.99
    centered: False
    differentiable: False
    eps: 1e-08
    foreach: None
    lr: 0.0003436187129481409
    maximize: False
    momentum: 0
    weight_decay: 0.0001
)
2023-04-28 15:15:02.832 | INFO     | datasets.data_processing:lmdb_dataloaders:293 - loading data... 
2023-04-28 15:15:02.832 | INFO     | datasets.data_processing:lmdb_dataloaders:295 - If this process takes long, consider setting is_load_onto_memory=False or use LMDBIterableDataset.
2023-04-28 15:15:05.099 | INFO     | __main__:objective:356 - Starting epoch #0.
2023-04-28 15:15:07.435 | INFO     | utils.logging:log_training_results:280 - 
2023-04-28 15:15:07.436 | INFO     | utils.logging:log_training_results:281 - Global Step =      0
2023-04-28 15:15:07.436 | INFO     | utils.logging:log_training_results:282 - val mean(MacRec)_t: 0.338103324174881
2023-04-28 15:15:07.437 | INFO     | utils.logging:log_training_results:287 - val mean ABSerr: 3.5320022106170654
2023-04-28 15:15:07.437 | INFO     | utils.logging:log_training_results:290 - val ausat from confmx: 0.3333625793457031
2023-04-28 15:15:07.437 | INFO     | utils.logging:log_training_results:301 - val MCE loss:1.10112 * 1.0 * -0.58590
2023-04-28 15:15:07.438 | INFO     | utils.logging:log_training_results:309 - val LLLR :1.49146 * 0.7000000000000001 * -2.15210
2023-04-28 15:15:07.438 | INFO     | utils.logging:log_training_results:317 - val weight decay:562.07318 * 0.0001 * 1.28337
2023-04-28 15:15:08.347 | INFO     | utils.logging:save_sdre_imgs:710 - Figures saved.
2023-04-28 15:15:08.675 | INFO     | utils.logging:log_training_results:280 - 
2023-04-28 15:15:08.676 | INFO     | utils.logging:log_training_results:281 - Global Step =      0
2023-04-28 15:15:08.676 | INFO     | utils.logging:log_training_results:282 - train mean(MacRec)_t: 0.347750723361969
2023-04-28 15:15:08.676 | INFO     | utils.logging:log_training_results:287 - train mean ABSerr: 3.5001327991485596
2023-04-28 15:15:08.677 | INFO     | utils.logging:log_training_results:290 - train ausat from confmx: 0.3394509553909302
2023-04-28 15:15:08.677 | INFO     | utils.logging:log_training_results:301 - train MCE loss:1.10386 * 1.0 * -0.58934
2023-04-28 15:15:08.678 | INFO     | utils.logging:log_training_results:309 - train LLLR :1.53960 * 0.7000000000000001 * -2.14866
2023-04-28 15:15:08.678 | INFO     | utils.logging:log_training_results:317 - train weight decay:562.07312 * 0.0001 * 1.27994
2023-04-28 15:15:33.050 | INFO     | utils.logging:log_training_results:280 - 
2023-04-28 15:15:33.051 | INFO     | utils.logging:log_training_results:281 - Global Step =    250
2023-04-28 15:15:33.051 | INFO     | utils.logging:log_training_results:282 - val mean(MacRec)_t: 0.8126333355903625
2023-04-28 15:15:33.052 | INFO     | utils.logging:log_training_results:287 - val mean ABSerr: 1.5293048620224
2023-04-28 15:15:33.052 | INFO     | utils.logging:log_training_results:290 - val ausat from confmx: 0.9071337580680847
2023-04-28 15:15:33.053 | INFO     | utils.logging:log_training_results:301 - val MCE loss:0.98837 * 1.0 * -0.67353
2023-04-28 15:15:33.053 | INFO     | utils.logging:log_training_results:309 - val LLLR :0.47859 * 0.7000000000000001 * -2.02130
2023-04-28 15:15:33.053 | INFO     | utils.logging:log_training_results:317 - val weight decay:505.89941 * 0.0001 * 1.15444
2023-04-28 15:15:33.174 | INFO     | utils.checkpoint:update_and_save_result:168 - [36mBest value updated![0m
2023-04-28 15:15:33.184 | INFO     | utils.checkpoint:save_checkpoint:83 - [36mSaved checkpoint[0m at step 250.
2023-04-28 15:15:33.925 | INFO     | utils.logging:save_sdre_imgs:710 - Figures saved.
2023-04-28 15:15:34.259 | INFO     | utils.logging:log_training_results:280 - 
2023-04-28 15:15:34.259 | INFO     | utils.logging:log_training_results:281 - Global Step =    250
2023-04-28 15:15:34.260 | INFO     | utils.logging:log_training_results:282 - train mean(MacRec)_t: 0.8204978704452515
2023-04-28 15:15:34.260 | INFO     | utils.logging:log_training_results:287 - train mean ABSerr: 1.5253205299377441
2023-04-28 15:15:34.260 | INFO     | utils.logging:log_training_results:290 - train ausat from confmx: 0.9003021717071533
2023-04-28 15:15:34.261 | INFO     | utils.logging:log_training_results:301 - train MCE loss:0.98873 * 1.0 * -0.67369
2023-04-28 15:15:34.261 | INFO     | utils.logging:log_training_results:309 - train LLLR :0.41989 * 0.7000000000000001 * -2.02093
2023-04-28 15:15:34.262 | INFO     | utils.logging:log_training_results:317 - train weight decay:505.89941 * 0.0001 * 1.15408
2023-04-28 15:15:47.620 | INFO     | __main__:objective:356 - Starting epoch #1.
2023-04-28 15:15:58.760 | INFO     | utils.logging:log_training_results:280 - 
2023-04-28 15:15:58.761 | INFO     | utils.logging:log_training_results:281 - Global Step =    500
2023-04-28 15:15:58.761 | INFO     | utils.logging:log_training_results:282 - val mean(MacRec)_t: 0.8719700574874878
2023-04-28 15:15:58.762 | INFO     | utils.logging:log_training_results:287 - val mean ABSerr: 0.4643356502056122
2023-04-28 15:15:58.762 | INFO     | utils.logging:log_training_results:290 - val ausat from confmx: 0.9812317490577698
2023-04-28 15:15:58.763 | INFO     | utils.logging:log_training_results:301 - val MCE loss:0.98622 * 1.0 * -0.69989
2023-04-28 15:15:58.763 | INFO     | utils.logging:log_training_results:309 - val LLLR :0.30479 * 0.7000000000000001 * -1.93256
2023-04-28 15:15:58.764 | INFO     | utils.logging:log_training_results:317 - val weight decay:470.89444 * 0.0001 * 1.06479
2023-04-28 15:15:58.893 | INFO     | utils.checkpoint:update_and_save_result:168 - [36mBest value updated![0m
2023-04-28 15:15:58.903 | INFO     | utils.checkpoint:save_checkpoint:83 - [36mSaved checkpoint[0m at step 500.
2023-04-28 15:15:58.907 | INFO     | utils.checkpoint:keep_max_num_saved_models:101 - Removed the oldest model for max_to_keep=1
2023-04-28 15:15:59.851 | INFO     | utils.logging:save_sdre_imgs:710 - Figures saved.
2023-04-28 15:16:00.179 | INFO     | utils.logging:log_training_results:280 - 
2023-04-28 15:16:00.179 | INFO     | utils.logging:log_training_results:281 - Global Step =    500
2023-04-28 15:16:00.180 | INFO     | utils.logging:log_training_results:282 - train mean(MacRec)_t: 0.868392288684845
2023-04-28 15:16:00.180 | INFO     | utils.logging:log_training_results:287 - train mean ABSerr: 0.43691688776016235
2023-04-28 15:16:00.180 | INFO     | utils.logging:log_training_results:290 - train ausat from confmx: 0.9918649196624756
2023-04-28 15:16:00.181 | INFO     | utils.logging:log_training_results:301 - train MCE loss:0.98394 * 1.0 * -0.69991
2023-04-28 15:16:00.181 | INFO     | utils.logging:log_training_results:309 - train LLLR :0.28709 * 0.7000000000000001 * -1.93221
2023-04-28 15:16:00.182 | INFO     | utils.logging:log_training_results:317 - train weight decay:470.89444 * 0.0001 * 1.06443
2023-04-28 15:16:24.696 | INFO     | utils.logging:log_training_results:280 - 
2023-04-28 15:16:24.697 | INFO     | utils.logging:log_training_results:281 - Global Step =    750
2023-04-28 15:16:24.697 | INFO     | utils.logging:log_training_results:282 - val mean(MacRec)_t: 0.8267199993133545
2023-04-28 15:16:24.698 | INFO     | utils.logging:log_training_results:287 - val mean ABSerr: 1.4788029193878174
2023-04-28 15:16:24.698 | INFO     | utils.logging:log_training_results:290 - val ausat from confmx: 0.9284624457359314
2023-04-28 15:16:24.698 | INFO     | utils.logging:log_training_results:301 - val MCE loss:0.98675 * 1.0 * -0.70177
2023-04-28 15:16:24.699 | INFO     | utils.logging:log_training_results:309 - val LLLR :0.43463 * 0.7000000000000001 * -1.84505
2023-04-28 15:16:24.699 | INFO     | utils.logging:log_training_results:317 - val weight decay:433.20645 * 0.0001 * 0.97604
2023-04-28 15:16:25.566 | INFO     | utils.logging:save_sdre_imgs:710 - Figures saved.
2023-04-28 15:16:25.904 | INFO     | utils.logging:log_training_results:280 - 
2023-04-28 15:16:25.904 | INFO     | utils.logging:log_training_results:281 - Global Step =    750
2023-04-28 15:16:25.905 | INFO     | utils.logging:log_training_results:282 - train mean(MacRec)_t: 0.847874641418457
2023-04-28 15:16:25.905 | INFO     | utils.logging:log_training_results:287 - train mean ABSerr: 1.4427342414855957
2023-04-28 15:16:25.906 | INFO     | utils.logging:log_training_results:290 - train ausat from confmx: 0.9391264319419861
2023-04-28 15:16:25.906 | INFO     | utils.logging:log_training_results:301 - train MCE loss:0.98706 * 1.0 * -0.70181
2023-04-28 15:16:25.906 | INFO     | utils.logging:log_training_results:309 - train LLLR :0.43452 * 0.7000000000000001 * -1.84470
2023-04-28 15:16:25.907 | INFO     | utils.logging:log_training_results:317 - train weight decay:433.20645 * 0.0001 * 0.97569
2023-04-28 15:16:30.352 | INFO     | __main__:objective:356 - Starting epoch #2.
2023-04-28 15:16:50.454 | INFO     | utils.logging:log_training_results:280 - 
2023-04-28 15:16:50.455 | INFO     | utils.logging:log_training_results:281 - Global Step =   1000
2023-04-28 15:16:50.456 | INFO     | utils.logging:log_training_results:282 - val mean(MacRec)_t: 0.8545200228691101
2023-04-28 15:16:50.456 | INFO     | utils.logging:log_training_results:287 - val mean ABSerr: 1.016192078590393
2023-04-28 15:16:50.457 | INFO     | utils.logging:log_training_results:290 - val ausat from confmx: 0.9626293182373047
2023-04-28 15:16:50.457 | INFO     | utils.logging:log_training_results:301 - val MCE loss:0.98636 * 1.0 * -0.70209
2023-04-28 15:16:50.458 | INFO     | utils.logging:log_training_results:309 - val LLLR :0.35164 * 0.7000000000000001 * -1.75760
2023-04-28 15:16:50.458 | INFO     | utils.logging:log_training_results:317 - val weight decay:394.92661 * 0.0001 * 0.88712
2023-04-28 15:16:51.327 | INFO     | utils.logging:save_sdre_imgs:710 - Figures saved.
2023-04-28 15:16:51.655 | INFO     | utils.logging:log_training_results:280 - 
2023-04-28 15:16:51.656 | INFO     | utils.logging:log_training_results:281 - Global Step =   1000
2023-04-28 15:16:51.656 | INFO     | utils.logging:log_training_results:282 - train mean(MacRec)_t: 0.8522841930389404
2023-04-28 15:16:51.657 | INFO     | utils.logging:log_training_results:287 - train mean ABSerr: 1.0325604677200317
2023-04-28 15:16:51.657 | INFO     | utils.logging:log_training_results:290 - train ausat from confmx: 0.9690263271331787
2023-04-28 15:16:51.658 | INFO     | utils.logging:log_training_results:301 - train MCE loss:0.98540 * 1.0 * -0.70208
2023-04-28 15:16:51.658 | INFO     | utils.logging:log_training_results:309 - train LLLR :0.35281 * 0.7000000000000001 * -1.75726
2023-04-28 15:16:51.658 | INFO     | utils.logging:log_training_results:317 - train weight decay:394.92657 * 0.0001 * 0.88677
2023-04-28 15:17:09.373 | INFO     | __main__:objective:356 - Starting epoch #3.
2023-04-28 15:17:16.033 | INFO     | utils.logging:log_training_results:280 - 
2023-04-28 15:17:16.033 | INFO     | utils.logging:log_training_results:281 - Global Step =   1250
2023-04-28 15:17:16.034 | INFO     | utils.logging:log_training_results:282 - val mean(MacRec)_t: 0.8695399165153503
2023-04-28 15:17:16.034 | INFO     | utils.logging:log_training_results:287 - val mean ABSerr: 0.5815433263778687
2023-04-28 15:17:16.034 | INFO     | utils.logging:log_training_results:290 - val ausat from confmx: 0.975803792476654
2023-04-28 15:17:16.035 | INFO     | utils.logging:log_training_results:301 - val MCE loss:0.98482 * 1.0 * -0.70195
2023-04-28 15:17:16.035 | INFO     | utils.logging:log_training_results:309 - val LLLR :0.31004 * 0.7000000000000001 * -1.67010
2023-04-28 15:17:16.036 | INFO     | utils.logging:log_training_results:317 - val weight decay:354.98233 * 0.0001 * 0.79791
2023-04-28 15:17:16.953 | INFO     | utils.logging:save_sdre_imgs:710 - Figures saved.
2023-04-28 15:17:17.282 | INFO     | utils.logging:log_training_results:280 - 
2023-04-28 15:17:17.284 | INFO     | utils.logging:log_training_results:281 - Global Step =   1250
2023-04-28 15:17:17.284 | INFO     | utils.logging:log_training_results:282 - train mean(MacRec)_t: 0.8809401392936707
2023-04-28 15:17:17.285 | INFO     | utils.logging:log_training_results:287 - train mean ABSerr: 0.5715121030807495
2023-04-28 15:17:17.285 | INFO     | utils.logging:log_training_results:290 - train ausat from confmx: 0.9783720374107361
2023-04-28 15:17:17.286 | INFO     | utils.logging:log_training_results:301 - train MCE loss:0.98528 * 1.0 * -0.70194
2023-04-28 15:17:17.286 | INFO     | utils.logging:log_training_results:309 - train LLLR :0.29396 * 0.7000000000000001 * -1.66975
2023-04-28 15:17:17.287 | INFO     | utils.logging:log_training_results:317 - train weight decay:354.98233 * 0.0001 * 0.79755
2023-04-28 15:17:41.615 | INFO     | utils.logging:log_training_results:280 - 
2023-04-28 15:17:41.616 | INFO     | utils.logging:log_training_results:281 - Global Step =   1500
2023-04-28 15:17:41.616 | INFO     | utils.logging:log_training_results:282 - val mean(MacRec)_t: 0.8738900423049927
2023-04-28 15:17:41.617 | INFO     | utils.logging:log_training_results:287 - val mean ABSerr: 0.37766033411026
2023-04-28 15:17:41.617 | INFO     | utils.logging:log_training_results:290 - val ausat from confmx: 0.9810789823532104
2023-04-28 15:17:41.617 | INFO     | utils.logging:log_training_results:301 - val MCE loss:0.98403 * 1.0 * -0.70035
2023-04-28 15:17:41.618 | INFO     | utils.logging:log_training_results:309 - val LLLR :0.29962 * 0.7000000000000001 * -1.58256
2023-04-28 15:17:41.618 | INFO     | utils.logging:log_training_results:317 - val weight decay:315.58835 * 0.0001 * 0.70832
2023-04-28 15:17:42.497 | INFO     | utils.logging:save_sdre_imgs:710 - Figures saved.
2023-04-28 15:17:42.837 | INFO     | utils.logging:log_training_results:280 - 
2023-04-28 15:17:42.838 | INFO     | utils.logging:log_training_results:281 - Global Step =   1500
2023-04-28 15:17:42.838 | INFO     | utils.logging:log_training_results:282 - train mean(MacRec)_t: 0.9069290161132812
2023-04-28 15:17:42.839 | INFO     | utils.logging:log_training_results:287 - train mean ABSerr: 0.3696083426475525
2023-04-28 15:17:42.839 | INFO     | utils.logging:log_training_results:290 - train ausat from confmx: 0.9846270084381104
2023-04-28 15:17:42.839 | INFO     | utils.logging:log_training_results:301 - train MCE loss:0.97569 * 1.0 * -0.70008
2023-04-28 15:17:42.840 | INFO     | utils.logging:log_training_results:309 - train LLLR :0.22699 * 0.7000000000000001 * -1.58221
2023-04-28 15:17:42.840 | INFO     | utils.logging:log_training_results:317 - train weight decay:315.58832 * 0.0001 * 0.70796
2023-04-28 15:17:51.725 | INFO     | __main__:objective:356 - Starting epoch #4.
2023-04-28 15:18:07.293 | INFO     | utils.logging:log_training_results:280 - 
2023-04-28 15:18:07.293 | INFO     | utils.logging:log_training_results:281 - Global Step =   1750
2023-04-28 15:18:07.294 | INFO     | utils.logging:log_training_results:282 - val mean(MacRec)_t: 0.8745766878128052
2023-04-28 15:18:07.294 | INFO     | utils.logging:log_training_results:287 - val mean ABSerr: 0.20688185095787048
2023-04-28 15:18:07.295 | INFO     | utils.logging:log_training_results:290 - val ausat from confmx: 0.982891857624054
2023-04-28 15:18:07.295 | INFO     | utils.logging:log_training_results:301 - val MCE loss:0.98424 * 1.0 * -0.70150
2023-04-28 15:18:07.295 | INFO     | utils.logging:log_training_results:309 - val LLLR :0.29547 * 0.7000000000000001 * -1.49493
2023-04-28 15:18:07.296 | INFO     | utils.logging:log_training_results:317 - val weight decay:276.99365 * 0.0001 * 0.61826
2023-04-28 15:18:07.419 | INFO     | utils.checkpoint:update_and_save_result:168 - [36mBest value updated![0m
2023-04-28 15:18:07.428 | INFO     | utils.checkpoint:save_checkpoint:83 - [36mSaved checkpoint[0m at step 1750.
2023-04-28 15:18:07.432 | INFO     | utils.checkpoint:keep_max_num_saved_models:101 - Removed the oldest model for max_to_keep=1
2023-04-28 15:18:08.176 | INFO     | utils.logging:save_sdre_imgs:710 - Figures saved.
2023-04-28 15:18:08.510 | INFO     | utils.logging:log_training_results:280 - 
2023-04-28 15:18:08.511 | INFO     | utils.logging:log_training_results:281 - Global Step =   1750
2023-04-28 15:18:08.511 | INFO     | utils.logging:log_training_results:282 - train mean(MacRec)_t: 0.8656181693077087
2023-04-28 15:18:08.512 | INFO     | utils.logging:log_training_results:287 - train mean ABSerr: 0.1998273730278015
2023-04-28 15:18:08.512 | INFO     | utils.logging:log_training_results:290 - train ausat from confmx: 0.9842046499252319
2023-04-28 15:18:08.513 | INFO     | utils.logging:log_training_results:301 - train MCE loss:0.98186 * 1.0 * -0.70137
2023-04-28 15:18:08.513 | INFO     | utils.logging:log_training_results:309 - train LLLR :0.32524 * 0.7000000000000001 * -1.49458
2023-04-28 15:18:08.513 | INFO     | utils.logging:log_training_results:317 - train weight decay:276.99365 * 0.0001 * 0.61790
2023-04-28 15:18:30.722 | INFO     | __main__:objective:356 - Starting epoch #5.
2023-04-28 15:18:33.024 | INFO     | utils.logging:log_training_results:280 - 
2023-04-28 15:18:33.025 | INFO     | utils.logging:log_training_results:281 - Global Step =   2000
2023-04-28 15:18:33.025 | INFO     | utils.logging:log_training_results:282 - val mean(MacRec)_t: 0.8755000233650208
2023-04-28 15:18:33.025 | INFO     | utils.logging:log_training_results:287 - val mean ABSerr: 0.24599555134773254
2023-04-28 15:18:33.026 | INFO     | utils.logging:log_training_results:290 - val ausat from confmx: 0.9829887747764587
2023-04-28 15:18:33.026 | INFO     | utils.logging:log_training_results:301 - val MCE loss:0.98392 * 1.0 * -0.70100
2023-04-28 15:18:33.027 | INFO     | utils.logging:log_training_results:309 - val LLLR :0.29477 * 0.7000000000000001 * -1.40724
2023-04-28 15:18:33.027 | INFO     | utils.logging:log_training_results:317 - val weight decay:238.96700 * 0.0001 * 0.52759
2023-04-28 15:18:33.149 | INFO     | utils.checkpoint:update_and_save_result:168 - [36mBest value updated![0m
2023-04-28 15:18:33.160 | INFO     | utils.checkpoint:save_checkpoint:83 - [36mSaved checkpoint[0m at step 2000.
2023-04-28 15:18:33.163 | INFO     | utils.checkpoint:keep_max_num_saved_models:101 - Removed the oldest model for max_to_keep=1
2023-04-28 15:18:33.932 | INFO     | utils.logging:save_sdre_imgs:710 - Figures saved.
2023-04-28 15:18:34.266 | INFO     | utils.logging:log_training_results:280 - 
2023-04-28 15:18:34.266 | INFO     | utils.logging:log_training_results:281 - Global Step =   2000
2023-04-28 15:18:34.267 | INFO     | utils.logging:log_training_results:282 - train mean(MacRec)_t: 0.8613829016685486
2023-04-28 15:18:34.267 | INFO     | utils.logging:log_training_results:287 - train mean ABSerr: 0.24824027717113495
2023-04-28 15:18:34.267 | INFO     | utils.logging:log_training_results:290 - train ausat from confmx: 0.9776767492294312
2023-04-28 15:18:34.268 | INFO     | utils.logging:log_training_results:301 - train MCE loss:0.98847 * 1.0 * -0.70129
2023-04-28 15:18:34.268 | INFO     | utils.logging:log_training_results:309 - train LLLR :0.31852 * 0.7000000000000001 * -1.40689
2023-04-28 15:18:34.269 | INFO     | utils.logging:log_training_results:317 - train weight decay:238.96698 * 0.0001 * 0.52723
2023-04-28 15:18:58.429 | INFO     | utils.logging:log_training_results:280 - 
2023-04-28 15:18:58.429 | INFO     | utils.logging:log_training_results:281 - Global Step =   2250
2023-04-28 15:18:58.430 | INFO     | utils.logging:log_training_results:282 - val mean(MacRec)_t: 0.8651666641235352
2023-04-28 15:18:58.430 | INFO     | utils.logging:log_training_results:287 - val mean ABSerr: 0.8159074187278748
2023-04-28 15:18:58.430 | INFO     | utils.logging:log_training_results:290 - val ausat from confmx: 0.9714350700378418
2023-04-28 15:18:58.431 | INFO     | utils.logging:log_training_results:301 - val MCE loss:0.98458 * 1.0 * -0.70141
2023-04-28 15:18:58.431 | INFO     | utils.logging:log_training_results:309 - val LLLR :0.32377 * 0.7000000000000001 * -1.31943
2023-04-28 15:18:58.432 | INFO     | utils.logging:log_training_results:317 - val weight decay:201.90353 * 0.0001 * 0.43612
2023-04-28 15:18:59.322 | INFO     | utils.logging:save_sdre_imgs:710 - Figures saved.
2023-04-28 15:18:59.668 | INFO     | utils.logging:log_training_results:280 - 
2023-04-28 15:18:59.669 | INFO     | utils.logging:log_training_results:281 - Global Step =   2250
2023-04-28 15:18:59.669 | INFO     | utils.logging:log_training_results:282 - train mean(MacRec)_t: 0.8550975322723389
2023-04-28 15:18:59.670 | INFO     | utils.logging:log_training_results:287 - train mean ABSerr: 0.8172891736030579
2023-04-28 15:18:59.670 | INFO     | utils.logging:log_training_results:290 - train ausat from confmx: 0.9768911600112915
2023-04-28 15:18:59.670 | INFO     | utils.logging:log_training_results:301 - train MCE loss:0.98493 * 1.0 * -0.70145
2023-04-28 15:18:59.671 | INFO     | utils.logging:log_training_results:309 - train LLLR :0.34048 * 0.7000000000000001 * -1.31908
2023-04-28 15:18:59.671 | INFO     | utils.logging:log_training_results:317 - train weight decay:201.90353 * 0.0001 * 0.43575
2023-04-28 15:19:12.813 | INFO     | __main__:objective:356 - Starting epoch #6.
2023-04-28 15:19:23.791 | INFO     | utils.logging:log_training_results:280 - 
2023-04-28 15:19:23.792 | INFO     | utils.logging:log_training_results:281 - Global Step =   2500
2023-04-28 15:19:23.792 | INFO     | utils.logging:log_training_results:282 - val mean(MacRec)_t: 0.8711534142494202
2023-04-28 15:19:23.793 | INFO     | utils.logging:log_training_results:287 - val mean ABSerr: 0.45321500301361084
2023-04-28 15:19:23.793 | INFO     | utils.logging:log_training_results:290 - val ausat from confmx: 0.979915976524353
2023-04-28 15:19:23.793 | INFO     | utils.logging:log_training_results:301 - val MCE loss:0.98377 * 1.0 * -0.70131
2023-04-28 15:19:23.794 | INFO     | utils.logging:log_training_results:309 - val LLLR :0.30533 * 0.7000000000000001 * -1.23152
2023-04-28 15:19:23.794 | INFO     | utils.logging:log_training_results:317 - val weight decay:165.99152 * 0.0001 * 0.34350
2023-04-28 15:19:24.657 | INFO     | utils.logging:save_sdre_imgs:710 - Figures saved.
2023-04-28 15:19:24.991 | INFO     | utils.logging:log_training_results:280 - 
2023-04-28 15:19:24.991 | INFO     | utils.logging:log_training_results:281 - Global Step =   2500
2023-04-28 15:19:24.992 | INFO     | utils.logging:log_training_results:282 - train mean(MacRec)_t: 0.8500604033470154
2023-04-28 15:19:24.992 | INFO     | utils.logging:log_training_results:287 - train mean ABSerr: 0.4628603458404541
2023-04-28 15:19:24.992 | INFO     | utils.logging:log_training_results:290 - train ausat from confmx: 0.9631564021110535
2023-04-28 15:19:24.993 | INFO     | utils.logging:log_training_results:301 - train MCE loss:0.98984 * 1.0 * -0.70161
2023-04-28 15:19:24.993 | INFO     | utils.logging:log_training_results:309 - train LLLR :0.34586 * 0.7000000000000001 * -1.23117
2023-04-28 15:19:24.994 | INFO     | utils.logging:log_training_results:317 - train weight decay:165.99152 * 0.0001 * 0.34313
2023-04-28 15:19:49.147 | INFO     | utils.logging:log_training_results:280 - 
2023-04-28 15:19:49.147 | INFO     | utils.logging:log_training_results:281 - Global Step =   2750
2023-04-28 15:19:49.148 | INFO     | utils.logging:log_training_results:282 - val mean(MacRec)_t: 0.8723333477973938
2023-04-28 15:19:49.148 | INFO     | utils.logging:log_training_results:287 - val mean ABSerr: 0.46382638812065125
2023-04-28 15:19:49.149 | INFO     | utils.logging:log_training_results:290 - val ausat from confmx: 0.9794864654541016
2023-04-28 15:19:49.149 | INFO     | utils.logging:log_training_results:301 - val MCE loss:0.98396 * 1.0 * -0.70040
2023-04-28 15:19:49.150 | INFO     | utils.logging:log_training_results:309 - val LLLR :0.30327 * 0.7000000000000001 * -1.14356
2023-04-28 15:19:49.150 | INFO     | utils.logging:log_training_results:317 - val weight decay:130.24072 * 0.0001 * 0.24916
2023-04-28 15:19:50.092 | INFO     | utils.logging:save_sdre_imgs:710 - Figures saved.
2023-04-28 15:19:50.438 | INFO     | utils.logging:log_training_results:280 - 
2023-04-28 15:19:50.440 | INFO     | utils.logging:log_training_results:281 - Global Step =   2750
2023-04-28 15:19:50.441 | INFO     | utils.logging:log_training_results:282 - train mean(MacRec)_t: 0.8638531565666199
2023-04-28 15:19:50.441 | INFO     | utils.logging:log_training_results:287 - train mean ABSerr: 0.458194375038147
2023-04-28 15:19:50.441 | INFO     | utils.logging:log_training_results:290 - train ausat from confmx: 0.9901858568191528
2023-04-28 15:19:50.442 | INFO     | utils.logging:log_training_results:301 - train MCE loss:0.97946 * 1.0 * -0.70030
2023-04-28 15:19:50.443 | INFO     | utils.logging:log_training_results:309 - train LLLR :0.29771 * 0.7000000000000001 * -1.14321
2023-04-28 15:19:50.443 | INFO     | utils.logging:log_training_results:317 - train weight decay:130.24072 * 0.0001 * 0.24878
2023-04-28 15:19:54.895 | INFO     | __main__:objective:356 - Starting epoch #7.
2023-04-28 15:20:15.646 | INFO     | utils.logging:log_training_results:280 - 
2023-04-28 15:20:15.646 | INFO     | utils.logging:log_training_results:281 - Global Step =   3000
2023-04-28 15:20:15.647 | INFO     | utils.logging:log_training_results:282 - val mean(MacRec)_t: 0.871303379535675
2023-04-28 15:20:15.647 | INFO     | utils.logging:log_training_results:287 - val mean ABSerr: 0.4544784426689148
2023-04-28 15:20:15.648 | INFO     | utils.logging:log_training_results:290 - val ausat from confmx: 0.9790802597999573
2023-04-28 15:20:15.648 | INFO     | utils.logging:log_training_results:301 - val MCE loss:0.98382 * 1.0 * -0.70071
2023-04-28 15:20:15.648 | INFO     | utils.logging:log_training_results:309 - val LLLR :0.30468 * 0.7000000000000001 * -1.05546
2023-04-28 15:20:15.649 | INFO     | utils.logging:log_training_results:317 - val weight decay:92.84221 * 0.0001 * 0.15216
2023-04-28 15:20:16.524 | INFO     | utils.logging:save_sdre_imgs:710 - Figures saved.
2023-04-28 15:20:16.851 | INFO     | utils.logging:log_training_results:280 - 
2023-04-28 15:20:16.852 | INFO     | utils.logging:log_training_results:281 - Global Step =   3000
2023-04-28 15:20:16.852 | INFO     | utils.logging:log_training_results:282 - train mean(MacRec)_t: 0.8492661714553833
2023-04-28 15:20:16.853 | INFO     | utils.logging:log_training_results:287 - train mean ABSerr: 0.4521956741809845
2023-04-28 15:20:16.853 | INFO     | utils.logging:log_training_results:290 - train ausat from confmx: 0.9648241996765137
2023-04-28 15:20:16.853 | INFO     | utils.logging:log_training_results:301 - train MCE loss:0.98362 * 1.0 * -0.70074
2023-04-28 15:20:16.854 | INFO     | utils.logging:log_training_results:309 - train LLLR :0.35299 * 0.7000000000000001 * -1.05512
2023-04-28 15:20:16.854 | INFO     | utils.logging:log_training_results:317 - train weight decay:92.84221 * 0.0001 * 0.15176
2023-04-28 15:20:34.388 | INFO     | __main__:objective:356 - Starting epoch #8.
2023-04-28 15:20:41.066 | INFO     | utils.logging:log_training_results:280 - 
2023-04-28 15:20:41.068 | INFO     | utils.logging:log_training_results:281 - Global Step =   3250
2023-04-28 15:20:41.068 | INFO     | utils.logging:log_training_results:282 - val mean(MacRec)_t: 0.8697666525840759
2023-04-28 15:20:41.069 | INFO     | utils.logging:log_training_results:287 - val mean ABSerr: 0.5467942357063293
2023-04-28 15:20:41.069 | INFO     | utils.logging:log_training_results:290 - val ausat from confmx: 0.9782536625862122
2023-04-28 15:20:41.070 | INFO     | utils.logging:log_training_results:301 - val MCE loss:0.98479 * 1.0 * -0.69997
2023-04-28 15:20:41.070 | INFO     | utils.logging:log_training_results:309 - val LLLR :0.30877 * 0.7000000000000001 * -0.96707
2023-04-28 15:20:41.071 | INFO     | utils.logging:log_training_results:317 - val weight decay:53.10798 * 0.0001 * 0.05944
2023-04-28 15:20:41.966 | INFO     | utils.logging:save_sdre_imgs:710 - Figures saved.
2023-04-28 15:20:42.301 | INFO     | utils.logging:log_training_results:280 - 
2023-04-28 15:20:42.302 | INFO     | utils.logging:log_training_results:281 - Global Step =   3250
2023-04-28 15:20:42.302 | INFO     | utils.logging:log_training_results:282 - train mean(MacRec)_t: 0.8645557761192322
2023-04-28 15:20:42.303 | INFO     | utils.logging:log_training_results:287 - train mean ABSerr: 0.5247910618782043
2023-04-28 15:20:42.303 | INFO     | utils.logging:log_training_results:290 - train ausat from confmx: 0.9786228537559509
2023-04-28 15:20:42.304 | INFO     | utils.logging:log_training_results:301 - train MCE loss:0.99241 * 1.0 * -0.70028
2023-04-28 15:20:42.304 | INFO     | utils.logging:log_training_results:309 - train LLLR :0.34438 * 0.7000000000000001 * -0.96672
2023-04-28 15:20:42.305 | INFO     | utils.logging:log_training_results:317 - train weight decay:53.10798 * 0.0001 * 0.05919
2023-04-28 15:21:06.494 | INFO     | utils.logging:log_training_results:280 - 
2023-04-28 15:21:06.494 | INFO     | utils.logging:log_training_results:281 - Global Step =   3500
2023-04-28 15:21:06.495 | INFO     | utils.logging:log_training_results:282 - val mean(MacRec)_t: 0.8748066425323486
2023-04-28 15:21:06.497 | INFO     | utils.logging:log_training_results:287 - val mean ABSerr: 0.47592926025390625
2023-04-28 15:21:06.498 | INFO     | utils.logging:log_training_results:290 - val ausat from confmx: 0.9821351766586304
2023-04-28 15:21:06.498 | INFO     | utils.logging:log_training_results:301 - val MCE loss:0.98606 * 1.0 * -0.69586
2023-04-28 15:21:06.499 | INFO     | utils.logging:log_training_results:309 - val LLLR :0.29744 * 0.7000000000000001 * -0.87828
2023-04-28 15:21:06.499 | INFO     | utils.logging:log_training_results:317 - val weight decay:28.31856 * 0.0001 * 0.03778
2023-04-28 15:21:07.388 | INFO     | utils.logging:save_sdre_imgs:710 - Figures saved.
2023-04-28 15:21:07.734 | INFO     | utils.logging:log_training_results:280 - 
2023-04-28 15:21:07.736 | INFO     | utils.logging:log_training_results:281 - Global Step =   3500
2023-04-28 15:21:07.736 | INFO     | utils.logging:log_training_results:282 - train mean(MacRec)_t: 0.8880618810653687
2023-04-28 15:21:07.737 | INFO     | utils.logging:log_training_results:287 - train mean ABSerr: 0.4639331102371216
2023-04-28 15:21:07.737 | INFO     | utils.logging:log_training_results:290 - train ausat from confmx: 0.9900016784667969
2023-04-28 15:21:07.738 | INFO     | utils.logging:log_training_results:301 - train MCE loss:0.98034 * 1.0 * -0.69559
2023-04-28 15:21:07.738 | INFO     | utils.logging:log_training_results:309 - train LLLR :0.27129 * 0.7000000000000001 * -0.87792
2023-04-28 15:21:07.739 | INFO     | utils.logging:log_training_results:317 - train weight decay:28.31856 * 0.0001 * 0.03774
2023-04-28 15:21:16.624 | INFO     | __main__:objective:356 - Starting epoch #9.
2023-04-28 15:21:34.963 | INFO     | utils.logging:log_training_results:280 - 
2023-04-28 15:21:34.969 | INFO     | utils.logging:log_training_results:281 - Global Step =   3750
2023-04-28 15:21:34.973 | INFO     | utils.logging:log_training_results:282 - val mean(MacRec)_t: 0.8732799887657166
2023-04-28 15:21:34.978 | INFO     | utils.logging:log_training_results:287 - val mean ABSerr: 0.7070488929748535
2023-04-28 15:21:34.992 | INFO     | utils.logging:log_training_results:290 - val ausat from confmx: 0.9808568358421326
2023-04-28 15:21:35.008 | INFO     | utils.logging:log_training_results:301 - val MCE loss:0.98859 * 1.0 * -0.69351
2023-04-28 15:21:35.028 | INFO     | utils.logging:log_training_results:309 - val LLLR :0.30284 * 0.7000000000000001 * -0.78963
2023-04-28 15:21:35.036 | INFO     | utils.logging:log_training_results:317 - val weight decay:17.11902 * 0.0001 * 0.02928
2023-04-28 15:21:41.400 | INFO     | utils.logging:save_sdre_imgs:710 - Figures saved.
2023-04-28 15:21:42.137 | INFO     | utils.logging:log_training_results:280 - 
2023-04-28 15:21:42.139 | INFO     | utils.logging:log_training_results:281 - Global Step =   3750
2023-04-28 15:21:42.140 | INFO     | utils.logging:log_training_results:282 - train mean(MacRec)_t: 0.8669357299804688
2023-04-28 15:21:42.140 | INFO     | utils.logging:log_training_results:287 - train mean ABSerr: 0.6979531049728394
2023-04-28 15:21:42.141 | INFO     | utils.logging:log_training_results:290 - train ausat from confmx: 0.981767475605011
2023-04-28 15:21:42.142 | INFO     | utils.logging:log_training_results:301 - train MCE loss:0.98047 * 1.0 * -0.69298
2023-04-28 15:21:42.143 | INFO     | utils.logging:log_training_results:309 - train LLLR :0.31754 * 0.7000000000000001 * -0.78928
2023-04-28 15:21:42.144 | INFO     | utils.logging:log_training_results:317 - train weight decay:17.11902 * 0.0001 * 0.02924
2023-04-28 15:22:20.234 | INFO     | utils.logging:investigate_log:155 - num_warning=0/num_error=0 in the .log file.
2023-04-28 15:22:20.498 | INFO     | optuna.study.study:_log_completed_trial:1020 - Trial 39 finished with value: 0.01701122522354126 and parameters: {'LIST_IS_POSITIONAL_ENCODING': True, 'LIST_IS_TRAINABLE_ENCODING': False, 'LIST_MODEL_BACKBONE': 'Transformer', 'LIST_WEIGHT_DECAY': 0.0001, 'LIST_LEARNING_RATE': 0.0003436187129481409, 'LIST_LLLR_VERSION': 'LSEL', 'LIST_ACTIVATION_FC': 'relu', 'LIST_PARAM_MULTIPLET_LOSS': 1.0, 'LIST_PARAM_LLR_LOSS': 0.7000000000000001, 'LIST_IS_ADAPTIVE_LOSS': True, 'LIST_ORDER_SPRT': 1, 'LIST_OPTIMIZER': 'rmsprop', 'LIST_IS_NORMALIZE': False, 'LIST_NUM_THRESH': 1500, 'LIST_SPARSITY': 'unirandom', 'LIST_NUM_BLOCKS': 1, 'LIST_NUM_HEADS': 4, 'LIST_DROPOUT': 0.0, 'LIST_FF_DIM': 32, 'LIST_MLP_UNITS': 32}. Best is trial 37 with value: 0.016635537147521973.
2023-04-28 15:22:20.525 | INFO     | utils.hyperparameter_tuning:suggest_parameters:560 - [33mStarting a tuning phase.[0m
2023-04-28 15:22:21.083 | INFO     | utils.hyperparameter_tuning:print:394 - 
+------------------------------------------+
|   Hyperparameteres suggested by Optuna   |
+------------------------+-----------------+
|     Parameter name     | Suggested value |
+------------------------+-----------------+
|     ACTIVATION_FC      |       relu      |
|    ACTIVATION_INPUT    |       tanh      |
|   ACTIVATION_OUTPUT    |     B2Bsqrt     |
|    IS_ADAPTIVE_LOSS    |       True      |
|      IS_NORMALIZE      |      False      |
| IS_POSITIONAL_ENCODING |       True      |
| IS_TRAINABLE_ENCODING  |      False      |
|     LEARNING_RATE      |    0.00035081   |
|      LLLR_VERSION      |       LSEL      |
|     MODEL_BACKBONE     |       LSTM      |
|       NUM_THRESH       |       1500      |
|       OPTIMIZER        |     rmsprop     |
|       ORDER_SPRT       |        2        |
|     PARAM_LLR_LOSS     |       0.7       |
|  PARAM_MULTIPLET_LOSS  |       1.0       |
|        SPARSITY        |    unirandom    |
|      WEIGHT_DECAY      |       0.0       |
|       WIDTH_LSTM       |        16       |
+------------------------+-----------------+
2023-04-28 15:22:21.085 | INFO     | utils.misc:create_directories_and_log:291 - [33mA new log directory was created: [0m/home/afe/Dropbox/GitHub/SPRT-TANDEM-PyTorch/logs/public_offset0_5_optimausat_confmx_tuning/checkpoints/LSTM_20230428_152221084/configs
2023-04-28 15:22:21.085 | INFO     | utils.misc:create_directories_and_log:291 - [33mA new log directory was created: [0m/home/afe/Dropbox/GitHub/SPRT-TANDEM-PyTorch/logs/public_offset0_5_optimausat_confmx_tuning/TensorBoard_events/LSTM_20230428_152221084
