2023-04-28 16:39:22.670 | INFO     | utils.misc:fix_random_seed:405 - Random seed is not fixed.
2023-04-28 16:39:22.691 | INFO     | models.temporal_integrators:summarize:568 - 
:'######::'########::'########::'########::::::::::::::::::::::
'##... ##: ##.... ##: ##.... ##:... ##..:::::::::::::::::::::::
 ##:::..:: ##:::: ##: ##:::: ##:::: ##:::::::::::::::::::::::::
. ######:: ########:: ########::::: ##::::'#######:::::::::::::
:..... ##: ##.....::: ##.. ##:::::: ##::::........:::::::::::::
'##::: ##: ##:::::::: ##::. ##::::: ##:::::::::::::::::::::::::
. ######:: ##:::::::: ##:::. ##:::: ##:::::::::::::::::::::::::
:......:::..:::::::::..:::::..:::::..::::::::::::::::::::::::::
'########::::'###::::'##::: ##:'########::'########:'##::::'##:
... ##..::::'## ##::: ###:: ##: ##.... ##: ##.....:: ###::'###:
::: ##:::::'##:. ##:: ####: ##: ##:::: ##: ##::::::: ####'####:
::: ##::::'##:::. ##: ## ## ##: ##:::: ##: ######::: ## ### ##:
::: ##:::: #########: ##. ####: ##:::: ##: ##...:::: ##. #: ##:
::: ##:::: ##.... ##: ##:. ###: ##:::: ##: ##::::::: ##:.:: ##:
::: ##:::: ##:::: ##: ##::. ##: ########:: ########: ##:::: ##:
:::..:::::..:::::..::..::::..::........:::........::..:::::..::

2023-04-28 16:39:22.691 | INFO     | models.temporal_integrators:summarize:571 - [34mofficial PyTorch implementation.[0m
2023-04-28 16:39:22.761 | INFO     | models.temporal_integrators:summarize:593 - Network summary:
===============================================================================================
Layer (type:depth-idx)                        Output Shape              Param #
===============================================================================================
TANDEMformer                                  [150, 50, 3, 3]           3
├─PositionalEncoding: 1-1                     [7350, 1, 128]            --
│    └─Dropout: 2-1                           [1, 7350, 128]            --
├─TransformerEncoder: 1-2                     [7350, 1, 128]            --
│    └─ModuleList: 2-4                        --                        (recursive)
│    │    └─TransformerEncoderLayer: 3-1      [7350, 1, 128]            74,912
├─Linear: 1-3                                 [7350, 32]                4,128
├─Dropout: 1-4                                [7350, 32]                --
├─PositionalEncoding: 1-5                     [7350, 2, 128]            --
│    └─Dropout: 2-3                           [2, 7350, 128]            --
├─TransformerEncoder: 1-6                     [7350, 2, 128]            (recursive)
│    └─ModuleList: 2-4                        --                        (recursive)
│    │    └─TransformerEncoderLayer: 3-2      [7350, 2, 128]            (recursive)
├─Linear: 1-7                                 [7350, 32]                (recursive)
├─Dropout: 1-8                                [7350, 32]                --
├─Linear: 1-9                                 [7350, 3]                 99
├─Linear: 1-10                                [7350, 3]                 (recursive)
===============================================================================================
Total params: 79,142
Trainable params: 79,142
Non-trainable params: 0
Total mult-adds (M): 192.44
===============================================================================================
Input size (MB): 3.84
Forward/backward pass size (MB): 77.50
Params size (MB): 0.05
Estimated Total Size (MB): 81.39
===============================================================================================
2023-04-28 16:39:22.761 | INFO     | models.temporal_integrators:summarize:594 - Example input shape: torch.Size([150, 50, 128])
2023-04-28 16:39:22.762 | INFO     | models.temporal_integrators:summarize:595 - Example output shape: torch.Size([150, 50, 3, 3])
2023-04-28 16:39:22.763 | INFO     | models.temporal_integrators:import_model:58 - model moved onto: [33mcuda.[0m
2023-04-28 16:39:22.764 | INFO     | models.optimizers:initialize_optimizer:44 - Optimizer:
AdamW (
Parameter Group 0
    amsgrad: False
    betas: (0.9, 0.999)
    capturable: False
    differentiable: False
    eps: 1e-08
    foreach: None
    fused: None
    lr: 0.00026193587043539236
    maximize: False
    weight_decay: 0.0002
)
2023-04-28 16:39:22.765 | INFO     | datasets.data_processing:lmdb_dataloaders:293 - loading data... 
2023-04-28 16:39:22.765 | INFO     | datasets.data_processing:lmdb_dataloaders:295 - If this process takes long, consider setting is_load_onto_memory=False or use LMDBIterableDataset.
2023-04-28 16:39:25.195 | INFO     | __main__:objective:356 - Starting epoch #0.
2023-04-28 16:39:27.428 | INFO     | utils.logging:log_training_results:280 - 
2023-04-28 16:39:27.429 | INFO     | utils.logging:log_training_results:281 - Global Step =      0
2023-04-28 16:39:27.429 | INFO     | utils.logging:log_training_results:282 - val mean(MacRec)_t: 0.3685033321380615
2023-04-28 16:39:27.430 | INFO     | utils.logging:log_training_results:287 - val mean ABSerr: 3.6323163509368896
2023-04-28 16:39:27.430 | INFO     | utils.logging:log_training_results:290 - val ausat from confmx: 0.3834098279476166
2023-04-28 16:39:27.430 | INFO     | utils.logging:log_training_results:301 - val MCE loss:1.10454 * 1.0 * -0.08125
2023-04-28 16:39:27.431 | INFO     | utils.logging:log_training_results:309 - val LLLR :1.65167 * 0.5 * -0.28636
2023-04-28 16:39:27.431 | INFO     | utils.logging:log_training_results:317 - val weight decay:558.34943 * 0.0002 * -0.51091
2023-04-28 16:39:28.340 | INFO     | utils.logging:save_sdre_imgs:710 - Figures saved.
2023-04-28 16:39:28.636 | INFO     | utils.logging:log_training_results:280 - 
2023-04-28 16:39:28.637 | INFO     | utils.logging:log_training_results:281 - Global Step =      0
2023-04-28 16:39:28.637 | INFO     | utils.logging:log_training_results:282 - train mean(MacRec)_t: 0.34993210434913635
2023-04-28 16:39:28.637 | INFO     | utils.logging:log_training_results:287 - train mean ABSerr: 3.7720236778259277
2023-04-28 16:39:28.638 | INFO     | utils.logging:log_training_results:290 - train ausat from confmx: 0.3327442407608032
2023-04-28 16:39:28.638 | INFO     | utils.logging:log_training_results:301 - train MCE loss:1.11188 * 1.0 * -0.08151
2023-04-28 16:39:28.639 | INFO     | utils.logging:log_training_results:309 - train LLLR :1.74799 * 0.5 * -0.28662
2023-04-28 16:39:28.639 | INFO     | utils.logging:log_training_results:317 - train weight decay:558.34943 * 0.0002 * -0.51065
2023-04-28 16:39:48.511 | INFO     | utils.logging:log_training_results:280 - 
2023-04-28 16:39:48.512 | INFO     | utils.logging:log_training_results:281 - Global Step =    250
2023-04-28 16:39:48.512 | INFO     | utils.logging:log_training_results:282 - val mean(MacRec)_t: 0.8611832857131958
2023-04-28 16:39:48.513 | INFO     | utils.logging:log_training_results:287 - val mean ABSerr: 1.743259310722351
2023-04-28 16:39:48.513 | INFO     | utils.logging:log_training_results:290 - val ausat from confmx: 0.9757251143455505
2023-04-28 16:39:48.514 | INFO     | utils.logging:log_training_results:301 - val MCE loss:1.01694 * 1.0 * -0.12716
2023-04-28 16:39:48.514 | INFO     | utils.logging:log_training_results:309 - val LLLR :0.36263 * 0.5 * -0.32761
2023-04-28 16:39:48.515 | INFO     | utils.logging:log_training_results:317 - val weight decay:550.11182 * 0.0002 * -0.44467
2023-04-28 16:39:48.669 | INFO     | utils.checkpoint:update_and_save_result:168 - [36mBest value updated![0m
2023-04-28 16:39:48.693 | INFO     | utils.checkpoint:save_checkpoint:83 - [36mSaved checkpoint[0m at step 250.
2023-04-28 16:39:49.594 | INFO     | utils.logging:save_sdre_imgs:710 - Figures saved.
2023-04-28 16:39:49.927 | INFO     | utils.logging:log_training_results:280 - 
2023-04-28 16:39:49.927 | INFO     | utils.logging:log_training_results:281 - Global Step =    250
2023-04-28 16:39:49.927 | INFO     | utils.logging:log_training_results:282 - train mean(MacRec)_t: 0.6840741038322449
2023-04-28 16:39:49.928 | INFO     | utils.logging:log_training_results:287 - train mean ABSerr: 2.4079344272613525
2023-04-28 16:39:49.928 | INFO     | utils.logging:log_training_results:290 - train ausat from confmx: 0.7968003749847412
2023-04-28 16:39:49.929 | INFO     | utils.logging:log_training_results:301 - train MCE loss:1.05377 * 1.0 * -0.12730
2023-04-28 16:39:49.929 | INFO     | utils.logging:log_training_results:309 - train LLLR :0.75649 * 0.5 * -0.32772
2023-04-28 16:39:49.929 | INFO     | utils.logging:log_training_results:317 - train weight decay:550.11182 * 0.0002 * -0.44440
2023-04-28 16:40:00.924 | INFO     | __main__:objective:356 - Starting epoch #1.
2023-04-28 16:40:10.495 | INFO     | utils.logging:log_training_results:280 - 
2023-04-28 16:40:10.497 | INFO     | utils.logging:log_training_results:281 - Global Step =    500
2023-04-28 16:40:10.498 | INFO     | utils.logging:log_training_results:282 - val mean(MacRec)_t: 0.8681833744049072
2023-04-28 16:40:10.498 | INFO     | utils.logging:log_training_results:287 - val mean ABSerr: 1.4220107793807983
2023-04-28 16:40:10.499 | INFO     | utils.logging:log_training_results:290 - val ausat from confmx: 0.9794412851333618
2023-04-28 16:40:10.499 | INFO     | utils.logging:log_training_results:301 - val MCE loss:1.00667 * 1.0 * -0.15541
2023-04-28 16:40:10.500 | INFO     | utils.logging:log_training_results:309 - val LLLR :0.33383 * 0.5 * -0.35244
2023-04-28 16:40:10.500 | INFO     | utils.logging:log_training_results:317 - val weight decay:537.97473 * 0.0002 * -0.37756
2023-04-28 16:40:10.636 | INFO     | utils.checkpoint:update_and_save_result:168 - [36mBest value updated![0m
2023-04-28 16:40:10.650 | INFO     | utils.checkpoint:save_checkpoint:83 - [36mSaved checkpoint[0m at step 500.
2023-04-28 16:40:10.652 | INFO     | utils.checkpoint:keep_max_num_saved_models:101 - Removed the oldest model for max_to_keep=1
2023-04-28 16:40:11.438 | INFO     | utils.logging:save_sdre_imgs:710 - Figures saved.
2023-04-28 16:40:11.758 | INFO     | utils.logging:log_training_results:280 - 
2023-04-28 16:40:11.759 | INFO     | utils.logging:log_training_results:281 - Global Step =    500
2023-04-28 16:40:11.759 | INFO     | utils.logging:log_training_results:282 - train mean(MacRec)_t: 0.7043378353118896
2023-04-28 16:40:11.760 | INFO     | utils.logging:log_training_results:287 - train mean ABSerr: 2.281817674636841
2023-04-28 16:40:11.760 | INFO     | utils.logging:log_training_results:290 - train ausat from confmx: 0.8652932047843933
2023-04-28 16:40:11.760 | INFO     | utils.logging:log_training_results:301 - train MCE loss:1.04135 * 1.0 * -0.15551
2023-04-28 16:40:11.761 | INFO     | utils.logging:log_training_results:309 - train LLLR :0.68750 * 0.5 * -0.35252
2023-04-28 16:40:11.761 | INFO     | utils.logging:log_training_results:317 - train weight decay:537.97473 * 0.0002 * -0.37729
2023-04-28 16:40:32.348 | INFO     | utils.logging:log_training_results:280 - 
2023-04-28 16:40:32.348 | INFO     | utils.logging:log_training_results:281 - Global Step =    750
2023-04-28 16:40:32.349 | INFO     | utils.logging:log_training_results:282 - val mean(MacRec)_t: 0.8717300295829773
2023-04-28 16:40:32.349 | INFO     | utils.logging:log_training_results:287 - val mean ABSerr: 1.3394356966018677
2023-04-28 16:40:32.349 | INFO     | utils.logging:log_training_results:290 - val ausat from confmx: 0.9815252423286438
2023-04-28 16:40:32.350 | INFO     | utils.logging:log_training_results:301 - val MCE loss:1.00580 * 1.0 * -0.17772
2023-04-28 16:40:32.350 | INFO     | utils.logging:log_training_results:309 - val LLLR :0.32376 * 0.5 * -0.36950
2023-04-28 16:40:32.350 | INFO     | utils.logging:log_training_results:317 - val weight decay:523.67072 * 0.0002 * -0.31294
2023-04-28 16:40:32.473 | INFO     | utils.checkpoint:update_and_save_result:168 - [36mBest value updated![0m
2023-04-28 16:40:32.485 | INFO     | utils.checkpoint:save_checkpoint:83 - [36mSaved checkpoint[0m at step 750.
2023-04-28 16:40:32.487 | INFO     | utils.checkpoint:keep_max_num_saved_models:101 - Removed the oldest model for max_to_keep=1
2023-04-28 16:40:33.239 | INFO     | utils.logging:save_sdre_imgs:710 - Figures saved.
2023-04-28 16:40:33.565 | INFO     | utils.logging:log_training_results:280 - 
2023-04-28 16:40:33.566 | INFO     | utils.logging:log_training_results:281 - Global Step =    750
2023-04-28 16:40:33.566 | INFO     | utils.logging:log_training_results:282 - train mean(MacRec)_t: 0.675626814365387
2023-04-28 16:40:33.567 | INFO     | utils.logging:log_training_results:287 - train mean ABSerr: 2.11710524559021
2023-04-28 16:40:33.567 | INFO     | utils.logging:log_training_results:290 - train ausat from confmx: 0.8374913930892944
2023-04-28 16:40:33.568 | INFO     | utils.logging:log_training_results:301 - train MCE loss:1.04042 * 1.0 * -0.17780
2023-04-28 16:40:33.568 | INFO     | utils.logging:log_training_results:309 - train LLLR :0.78065 * 0.5 * -0.36956
2023-04-28 16:40:33.568 | INFO     | utils.logging:log_training_results:317 - train weight decay:523.67072 * 0.0002 * -0.31269
2023-04-28 16:40:37.199 | INFO     | __main__:objective:356 - Starting epoch #2.
2023-04-28 16:40:54.090 | INFO     | utils.logging:log_training_results:280 - 
2023-04-28 16:40:54.093 | INFO     | utils.logging:log_training_results:281 - Global Step =   1000
2023-04-28 16:40:54.093 | INFO     | utils.logging:log_training_results:282 - val mean(MacRec)_t: 0.8666867017745972
2023-04-28 16:40:54.094 | INFO     | utils.logging:log_training_results:287 - val mean ABSerr: 1.3500601053237915
2023-04-28 16:40:54.094 | INFO     | utils.logging:log_training_results:290 - val ausat from confmx: 0.9772817492485046
2023-04-28 16:40:54.095 | INFO     | utils.logging:log_training_results:301 - val MCE loss:1.00624 * 1.0 * -0.19685
2023-04-28 16:40:54.095 | INFO     | utils.logging:log_training_results:309 - val LLLR :0.33416 * 0.5 * -0.38164
2023-04-28 16:40:54.096 | INFO     | utils.logging:log_training_results:317 - val weight decay:504.06516 * 0.0002 * -0.25942
2023-04-28 16:40:55.203 | INFO     | utils.logging:save_sdre_imgs:710 - Figures saved.
2023-04-28 16:40:55.522 | INFO     | utils.logging:log_training_results:280 - 
2023-04-28 16:40:55.522 | INFO     | utils.logging:log_training_results:281 - Global Step =   1000
2023-04-28 16:40:55.523 | INFO     | utils.logging:log_training_results:282 - train mean(MacRec)_t: 0.7673302888870239
2023-04-28 16:40:55.523 | INFO     | utils.logging:log_training_results:287 - train mean ABSerr: 2.21557879447937
2023-04-28 16:40:55.523 | INFO     | utils.logging:log_training_results:290 - train ausat from confmx: 0.9151154160499573
2023-04-28 16:40:55.524 | INFO     | utils.logging:log_training_results:301 - train MCE loss:1.03763 * 1.0 * -0.19692
2023-04-28 16:40:55.524 | INFO     | utils.logging:log_training_results:309 - train LLLR :0.54323 * 0.5 * -0.38166
2023-04-28 16:40:55.524 | INFO     | utils.logging:log_training_results:317 - train weight decay:504.06512 * 0.0002 * -0.25925
2023-04-28 16:41:10.547 | INFO     | __main__:objective:356 - Starting epoch #3.
2023-04-28 16:41:16.508 | INFO     | utils.logging:log_training_results:280 - 
2023-04-28 16:41:16.508 | INFO     | utils.logging:log_training_results:281 - Global Step =   1250
2023-04-28 16:41:16.509 | INFO     | utils.logging:log_training_results:282 - val mean(MacRec)_t: 0.8700733184814453
2023-04-28 16:41:16.509 | INFO     | utils.logging:log_training_results:287 - val mean ABSerr: 1.3693537712097168
2023-04-28 16:41:16.510 | INFO     | utils.logging:log_training_results:290 - val ausat from confmx: 0.9794034957885742
2023-04-28 16:41:16.510 | INFO     | utils.logging:log_training_results:301 - val MCE loss:1.00740 * 1.0 * -0.21399
2023-04-28 16:41:16.511 | INFO     | utils.logging:log_training_results:309 - val LLLR :0.32922 * 0.5 * -0.38895
2023-04-28 16:41:16.511 | INFO     | utils.logging:log_training_results:317 - val weight decay:477.57477 * 0.0002 * -0.22839
2023-04-28 16:41:17.385 | INFO     | utils.logging:save_sdre_imgs:710 - Figures saved.
2023-04-28 16:41:17.715 | INFO     | utils.logging:log_training_results:280 - 
2023-04-28 16:41:17.717 | INFO     | utils.logging:log_training_results:281 - Global Step =   1250
2023-04-28 16:41:17.717 | INFO     | utils.logging:log_training_results:282 - train mean(MacRec)_t: 0.7643014192581177
2023-04-28 16:41:17.717 | INFO     | utils.logging:log_training_results:287 - train mean ABSerr: 2.1165199279785156
2023-04-28 16:41:17.718 | INFO     | utils.logging:log_training_results:290 - train ausat from confmx: 0.9038044214248657
2023-04-28 16:41:17.718 | INFO     | utils.logging:log_training_results:301 - train MCE loss:1.04242 * 1.0 * -0.21406
2023-04-28 16:41:17.719 | INFO     | utils.logging:log_training_results:309 - train LLLR :0.55572 * 0.5 * -0.38895
2023-04-28 16:41:17.719 | INFO     | utils.logging:log_training_results:317 - train weight decay:477.57474 * 0.0002 * -0.22831
2023-04-28 16:41:38.416 | INFO     | utils.logging:log_training_results:280 - 
2023-04-28 16:41:38.417 | INFO     | utils.logging:log_training_results:281 - Global Step =   1500
2023-04-28 16:41:38.417 | INFO     | utils.logging:log_training_results:282 - val mean(MacRec)_t: 0.8678199648857117
2023-04-28 16:41:38.418 | INFO     | utils.logging:log_training_results:287 - val mean ABSerr: 1.3637186288833618
2023-04-28 16:41:38.418 | INFO     | utils.logging:log_training_results:290 - val ausat from confmx: 0.9755538702011108
2023-04-28 16:41:38.419 | INFO     | utils.logging:log_training_results:301 - val MCE loss:1.00774 * 1.0 * -0.22977
2023-04-28 16:41:38.419 | INFO     | utils.logging:log_training_results:309 - val LLLR :0.33288 * 0.5 * -0.39239
2023-04-28 16:41:38.420 | INFO     | utils.logging:log_training_results:317 - val weight decay:446.63290 * 0.0002 * -0.21508
2023-04-28 16:41:39.320 | INFO     | utils.logging:save_sdre_imgs:710 - Figures saved.
2023-04-28 16:41:39.647 | INFO     | utils.logging:log_training_results:280 - 
2023-04-28 16:41:39.647 | INFO     | utils.logging:log_training_results:281 - Global Step =   1500
2023-04-28 16:41:39.648 | INFO     | utils.logging:log_training_results:282 - train mean(MacRec)_t: 0.7348268032073975
2023-04-28 16:41:39.648 | INFO     | utils.logging:log_training_results:287 - train mean ABSerr: 2.0857784748077393
2023-04-28 16:41:39.649 | INFO     | utils.logging:log_training_results:290 - train ausat from confmx: 0.9007318615913391
2023-04-28 16:41:39.649 | INFO     | utils.logging:log_training_results:301 - train MCE loss:1.03785 * 1.0 * -0.22983
2023-04-28 16:41:39.649 | INFO     | utils.logging:log_training_results:309 - train LLLR :0.61242 * 0.5 * -0.39240
2023-04-28 16:41:39.650 | INFO     | utils.logging:log_training_results:317 - train weight decay:446.63287 * 0.0002 * -0.21504
2023-04-28 16:41:47.067 | INFO     | __main__:objective:356 - Starting epoch #4.
2023-04-28 16:42:00.554 | INFO     | utils.logging:log_training_results:280 - 
2023-04-28 16:42:00.555 | INFO     | utils.logging:log_training_results:281 - Global Step =   1750
2023-04-28 16:42:00.555 | INFO     | utils.logging:log_training_results:282 - val mean(MacRec)_t: 0.8670333623886108
2023-04-28 16:42:00.556 | INFO     | utils.logging:log_training_results:287 - val mean ABSerr: 1.3546795845031738
2023-04-28 16:42:00.556 | INFO     | utils.logging:log_training_results:290 - val ausat from confmx: 0.977187991142273
2023-04-28 16:42:00.556 | INFO     | utils.logging:log_training_results:301 - val MCE loss:1.00786 * 1.0 * -0.24459
2023-04-28 16:42:00.557 | INFO     | utils.logging:log_training_results:309 - val LLLR :0.33368 * 0.5 * -0.39271
2023-04-28 16:42:00.557 | INFO     | utils.logging:log_training_results:317 - val weight decay:414.07349 * 0.0002 * -0.20614
2023-04-28 16:42:01.469 | INFO     | utils.logging:save_sdre_imgs:710 - Figures saved.
2023-04-28 16:42:01.780 | INFO     | utils.logging:log_training_results:280 - 
2023-04-28 16:42:01.780 | INFO     | utils.logging:log_training_results:281 - Global Step =   1750
2023-04-28 16:42:01.781 | INFO     | utils.logging:log_training_results:282 - train mean(MacRec)_t: 0.7423802018165588
2023-04-28 16:42:01.781 | INFO     | utils.logging:log_training_results:287 - train mean ABSerr: 2.152841567993164
2023-04-28 16:42:01.781 | INFO     | utils.logging:log_training_results:290 - train ausat from confmx: 0.8920665383338928
2023-04-28 16:42:01.782 | INFO     | utils.logging:log_training_results:301 - train MCE loss:1.03768 * 1.0 * -0.24465
2023-04-28 16:42:01.782 | INFO     | utils.logging:log_training_results:309 - train LLLR :0.57743 * 0.5 * -0.39271
2023-04-28 16:42:01.782 | INFO     | utils.logging:log_training_results:317 - train weight decay:414.07349 * 0.0002 * -0.20610
2023-04-28 16:42:20.237 | INFO     | __main__:objective:356 - Starting epoch #5.
2023-04-28 16:42:22.560 | INFO     | utils.logging:log_training_results:280 - 
2023-04-28 16:42:22.560 | INFO     | utils.logging:log_training_results:281 - Global Step =   2000
2023-04-28 16:42:22.561 | INFO     | utils.logging:log_training_results:282 - val mean(MacRec)_t: 0.8712666034698486
2023-04-28 16:42:22.561 | INFO     | utils.logging:log_training_results:287 - val mean ABSerr: 1.340840458869934
2023-04-28 16:42:22.562 | INFO     | utils.logging:log_training_results:290 - val ausat from confmx: 0.9797422289848328
2023-04-28 16:42:22.562 | INFO     | utils.logging:log_training_results:301 - val MCE loss:1.00841 * 1.0 * -0.25868
2023-04-28 16:42:22.562 | INFO     | utils.logging:log_training_results:309 - val LLLR :0.32642 * 0.5 * -0.39228
2023-04-28 16:42:22.563 | INFO     | utils.logging:log_training_results:317 - val weight decay:380.66199 * 0.0002 * -0.19729
2023-04-28 16:42:23.493 | INFO     | utils.logging:save_sdre_imgs:710 - Figures saved.
2023-04-28 16:42:23.798 | INFO     | utils.logging:log_training_results:280 - 
2023-04-28 16:42:23.798 | INFO     | utils.logging:log_training_results:281 - Global Step =   2000
2023-04-28 16:42:23.799 | INFO     | utils.logging:log_training_results:282 - train mean(MacRec)_t: 0.7681325078010559
2023-04-28 16:42:23.799 | INFO     | utils.logging:log_training_results:287 - train mean ABSerr: 2.1124656200408936
2023-04-28 16:42:23.799 | INFO     | utils.logging:log_training_results:290 - train ausat from confmx: 0.903558611869812
2023-04-28 16:42:23.800 | INFO     | utils.logging:log_training_results:301 - train MCE loss:1.03484 * 1.0 * -0.25874
2023-04-28 16:42:23.800 | INFO     | utils.logging:log_training_results:309 - train LLLR :0.54017 * 0.5 * -0.39227
2023-04-28 16:42:23.801 | INFO     | utils.logging:log_training_results:317 - train weight decay:380.66199 * 0.0002 * -0.19725
2023-04-28 16:42:44.559 | INFO     | utils.logging:log_training_results:280 - 
2023-04-28 16:42:44.559 | INFO     | utils.logging:log_training_results:281 - Global Step =   2250
2023-04-28 16:42:44.560 | INFO     | utils.logging:log_training_results:282 - val mean(MacRec)_t: 0.8690333366394043
2023-04-28 16:42:44.560 | INFO     | utils.logging:log_training_results:287 - val mean ABSerr: 1.4270188808441162
2023-04-28 16:42:44.561 | INFO     | utils.logging:log_training_results:290 - val ausat from confmx: 0.978952944278717
2023-04-28 16:42:44.561 | INFO     | utils.logging:log_training_results:301 - val MCE loss:1.01079 * 1.0 * -0.27225
2023-04-28 16:42:44.561 | INFO     | utils.logging:log_training_results:309 - val LLLR :0.33473 * 0.5 * -0.39059
2023-04-28 16:42:44.562 | INFO     | utils.logging:log_training_results:317 - val weight decay:346.73230 * 0.0002 * -0.18804
2023-04-28 16:42:45.476 | INFO     | utils.logging:save_sdre_imgs:710 - Figures saved.
2023-04-28 16:42:45.850 | INFO     | utils.logging:log_training_results:280 - 
2023-04-28 16:42:45.851 | INFO     | utils.logging:log_training_results:281 - Global Step =   2250
2023-04-28 16:42:45.852 | INFO     | utils.logging:log_training_results:282 - train mean(MacRec)_t: 0.7419701814651489
2023-04-28 16:42:45.852 | INFO     | utils.logging:log_training_results:287 - train mean ABSerr: 2.0826475620269775
2023-04-28 16:42:45.853 | INFO     | utils.logging:log_training_results:290 - train ausat from confmx: 0.9266781210899353
2023-04-28 16:42:45.854 | INFO     | utils.logging:log_training_results:301 - train MCE loss:1.03721 * 1.0 * -0.27231
2023-04-28 16:42:45.855 | INFO     | utils.logging:log_training_results:309 - train LLLR :0.58897 * 0.5 * -0.39059
2023-04-28 16:42:45.856 | INFO     | utils.logging:log_training_results:317 - train weight decay:346.73230 * 0.0002 * -0.18800
2023-04-28 16:42:57.162 | INFO     | __main__:objective:356 - Starting epoch #6.
2023-04-28 16:43:06.758 | INFO     | utils.logging:log_training_results:280 - 
2023-04-28 16:43:06.759 | INFO     | utils.logging:log_training_results:281 - Global Step =   2500
2023-04-28 16:43:06.759 | INFO     | utils.logging:log_training_results:282 - val mean(MacRec)_t: 0.8724700212478638
2023-04-28 16:43:06.759 | INFO     | utils.logging:log_training_results:287 - val mean ABSerr: 1.4551713466644287
2023-04-28 16:43:06.760 | INFO     | utils.logging:log_training_results:290 - val ausat from confmx: 0.9813624620437622
2023-04-28 16:43:06.760 | INFO     | utils.logging:log_training_results:301 - val MCE loss:1.01268 * 1.0 * -0.28543
2023-04-28 16:43:06.761 | INFO     | utils.logging:log_training_results:309 - val LLLR :0.33005 * 0.5 * -0.39006
2023-04-28 16:43:06.761 | INFO     | utils.logging:log_training_results:317 - val weight decay:312.79626 * 0.0002 * -0.17835
2023-04-28 16:43:07.672 | INFO     | utils.logging:save_sdre_imgs:710 - Figures saved.
2023-04-28 16:43:07.991 | INFO     | utils.logging:log_training_results:280 - 
2023-04-28 16:43:07.992 | INFO     | utils.logging:log_training_results:281 - Global Step =   2500
2023-04-28 16:43:07.992 | INFO     | utils.logging:log_training_results:282 - train mean(MacRec)_t: 0.7614809274673462
2023-04-28 16:43:07.993 | INFO     | utils.logging:log_training_results:287 - train mean ABSerr: 1.8779724836349487
2023-04-28 16:43:07.993 | INFO     | utils.logging:log_training_results:290 - train ausat from confmx: 0.9460645914077759
2023-04-28 16:43:07.993 | INFO     | utils.logging:log_training_results:301 - train MCE loss:1.04369 * 1.0 * -0.28548
2023-04-28 16:43:07.994 | INFO     | utils.logging:log_training_results:309 - train LLLR :0.52773 * 0.5 * -0.39005
2023-04-28 16:43:07.994 | INFO     | utils.logging:log_training_results:317 - train weight decay:312.79626 * 0.0002 * -0.17831
2023-04-28 16:43:28.551 | INFO     | utils.logging:log_training_results:280 - 
2023-04-28 16:43:28.552 | INFO     | utils.logging:log_training_results:281 - Global Step =   2750
2023-04-28 16:43:28.552 | INFO     | utils.logging:log_training_results:282 - val mean(MacRec)_t: 0.8738833665847778
2023-04-28 16:43:28.552 | INFO     | utils.logging:log_training_results:287 - val mean ABSerr: 1.4811618328094482
2023-04-28 16:43:28.553 | INFO     | utils.logging:log_training_results:290 - val ausat from confmx: 0.9825143218040466
2023-04-28 16:43:28.553 | INFO     | utils.logging:log_training_results:301 - val MCE loss:1.01357 * 1.0 * -0.29831
2023-04-28 16:43:28.554 | INFO     | utils.logging:log_training_results:309 - val LLLR :0.32985 * 0.5 * -0.38826
2023-04-28 16:43:28.554 | INFO     | utils.logging:log_training_results:317 - val weight decay:279.32700 * 0.0002 * -0.16834
2023-04-28 16:43:28.681 | INFO     | utils.checkpoint:update_and_save_result:168 - [36mBest value updated![0m
2023-04-28 16:43:28.694 | INFO     | utils.checkpoint:save_checkpoint:83 - [36mSaved checkpoint[0m at step 2750.
2023-04-28 16:43:28.696 | INFO     | utils.checkpoint:keep_max_num_saved_models:101 - Removed the oldest model for max_to_keep=1
2023-04-28 16:43:29.659 | INFO     | utils.logging:save_sdre_imgs:710 - Figures saved.
2023-04-28 16:43:29.979 | INFO     | utils.logging:log_training_results:280 - 
2023-04-28 16:43:29.979 | INFO     | utils.logging:log_training_results:281 - Global Step =   2750
2023-04-28 16:43:29.980 | INFO     | utils.logging:log_training_results:282 - train mean(MacRec)_t: 0.7330246567726135
2023-04-28 16:43:29.980 | INFO     | utils.logging:log_training_results:287 - train mean ABSerr: 2.157076120376587
2023-04-28 16:43:29.980 | INFO     | utils.logging:log_training_results:290 - train ausat from confmx: 0.8777984976768494
2023-04-28 16:43:29.981 | INFO     | utils.logging:log_training_results:301 - train MCE loss:1.03932 * 1.0 * -0.29836
2023-04-28 16:43:29.981 | INFO     | utils.logging:log_training_results:309 - train LLLR :0.58656 * 0.5 * -0.38825
2023-04-28 16:43:29.982 | INFO     | utils.logging:log_training_results:317 - train weight decay:279.32700 * 0.0002 * -0.16830
2023-04-28 16:43:33.645 | INFO     | __main__:objective:356 - Starting epoch #7.
2023-04-28 16:43:50.633 | INFO     | utils.logging:log_training_results:280 - 
2023-04-28 16:43:50.633 | INFO     | utils.logging:log_training_results:281 - Global Step =   3000
2023-04-28 16:43:50.634 | INFO     | utils.logging:log_training_results:282 - val mean(MacRec)_t: 0.872279942035675
2023-04-28 16:43:50.634 | INFO     | utils.logging:log_training_results:287 - val mean ABSerr: 1.5226161479949951
2023-04-28 16:43:50.634 | INFO     | utils.logging:log_training_results:290 - val ausat from confmx: 0.9823641777038574
2023-04-28 16:43:50.635 | INFO     | utils.logging:log_training_results:301 - val MCE loss:1.01492 * 1.0 * -0.31097
2023-04-28 16:43:50.635 | INFO     | utils.logging:log_training_results:309 - val LLLR :0.33453 * 0.5 * -0.38801
2023-04-28 16:43:50.636 | INFO     | utils.logging:log_training_results:317 - val weight decay:246.49165 * 0.0002 * -0.15797
2023-04-28 16:43:51.626 | INFO     | utils.logging:save_sdre_imgs:710 - Figures saved.
2023-04-28 16:43:51.941 | INFO     | utils.logging:log_training_results:280 - 
2023-04-28 16:43:51.942 | INFO     | utils.logging:log_training_results:281 - Global Step =   3000
2023-04-28 16:43:51.942 | INFO     | utils.logging:log_training_results:282 - train mean(MacRec)_t: 0.7414169311523438
2023-04-28 16:43:51.943 | INFO     | utils.logging:log_training_results:287 - train mean ABSerr: 2.1653237342834473
2023-04-28 16:43:51.943 | INFO     | utils.logging:log_training_results:290 - train ausat from confmx: 0.8724279403686523
2023-04-28 16:43:51.943 | INFO     | utils.logging:log_training_results:301 - train MCE loss:1.03942 * 1.0 * -0.31102
2023-04-28 16:43:51.944 | INFO     | utils.logging:log_training_results:309 - train LLLR :0.57204 * 0.5 * -0.38800
2023-04-28 16:43:51.944 | INFO     | utils.logging:log_training_results:317 - train weight decay:246.49167 * 0.0002 * -0.15793
2023-04-28 16:44:06.737 | INFO     | __main__:objective:356 - Starting epoch #8.
2023-04-28 16:44:12.683 | INFO     | utils.logging:log_training_results:280 - 
2023-04-28 16:44:12.684 | INFO     | utils.logging:log_training_results:281 - Global Step =   3250
2023-04-28 16:44:12.684 | INFO     | utils.logging:log_training_results:282 - val mean(MacRec)_t: 0.8726834058761597
2023-04-28 16:44:12.684 | INFO     | utils.logging:log_training_results:287 - val mean ABSerr: 1.5241302251815796
2023-04-28 16:44:12.685 | INFO     | utils.logging:log_training_results:290 - val ausat from confmx: 0.9811172485351562
2023-04-28 16:44:12.685 | INFO     | utils.logging:log_training_results:301 - val MCE loss:1.01512 * 1.0 * -0.32346
2023-04-28 16:44:12.686 | INFO     | utils.logging:log_training_results:309 - val LLLR :0.33404 * 0.5 * -0.38716
2023-04-28 16:44:12.686 | INFO     | utils.logging:log_training_results:317 - val weight decay:214.95361 * 0.0002 * -0.14737
2023-04-28 16:44:13.616 | INFO     | utils.logging:save_sdre_imgs:710 - Figures saved.
2023-04-28 16:44:13.932 | INFO     | utils.logging:log_training_results:280 - 
2023-04-28 16:44:13.933 | INFO     | utils.logging:log_training_results:281 - Global Step =   3250
2023-04-28 16:44:13.933 | INFO     | utils.logging:log_training_results:282 - train mean(MacRec)_t: 0.7525575160980225
2023-04-28 16:44:13.934 | INFO     | utils.logging:log_training_results:287 - train mean ABSerr: 2.06892991065979
2023-04-28 16:44:13.934 | INFO     | utils.logging:log_training_results:290 - train ausat from confmx: 0.9193019866943359
2023-04-28 16:44:13.934 | INFO     | utils.logging:log_training_results:301 - train MCE loss:1.04492 * 1.0 * -0.32351
2023-04-28 16:44:13.935 | INFO     | utils.logging:log_training_results:309 - train LLLR :0.57464 * 0.5 * -0.38718
2023-04-28 16:44:13.935 | INFO     | utils.logging:log_training_results:317 - train weight decay:214.95361 * 0.0002 * -0.14733
2023-04-28 16:44:34.547 | INFO     | utils.logging:log_training_results:280 - 
2023-04-28 16:44:34.548 | INFO     | utils.logging:log_training_results:281 - Global Step =   3500
2023-04-28 16:44:34.548 | INFO     | utils.logging:log_training_results:282 - val mean(MacRec)_t: 0.8699766397476196
2023-04-28 16:44:34.549 | INFO     | utils.logging:log_training_results:287 - val mean ABSerr: 1.5199058055877686
2023-04-28 16:44:34.549 | INFO     | utils.logging:log_training_results:290 - val ausat from confmx: 0.9793676733970642
2023-04-28 16:44:34.549 | INFO     | utils.logging:log_training_results:301 - val MCE loss:1.01506 * 1.0 * -0.33584
2023-04-28 16:44:34.550 | INFO     | utils.logging:log_training_results:309 - val LLLR :0.33589 * 0.5 * -0.38473
2023-04-28 16:44:34.550 | INFO     | utils.logging:log_training_results:317 - val weight decay:184.56805 * 0.0002 * -0.13642
2023-04-28 16:44:35.438 | INFO     | utils.logging:save_sdre_imgs:710 - Figures saved.
2023-04-28 16:44:35.762 | INFO     | utils.logging:log_training_results:280 - 
2023-04-28 16:44:35.762 | INFO     | utils.logging:log_training_results:281 - Global Step =   3500
2023-04-28 16:44:35.763 | INFO     | utils.logging:log_training_results:282 - train mean(MacRec)_t: 0.6866850256919861
2023-04-28 16:44:35.763 | INFO     | utils.logging:log_training_results:287 - train mean ABSerr: 2.250685453414917
2023-04-28 16:44:35.763 | INFO     | utils.logging:log_training_results:290 - train ausat from confmx: 0.8014219999313354
2023-04-28 16:44:35.764 | INFO     | utils.logging:log_training_results:301 - train MCE loss:1.04388 * 1.0 * -0.33589
2023-04-28 16:44:35.764 | INFO     | utils.logging:log_training_results:309 - train LLLR :0.71345 * 0.5 * -0.38473
2023-04-28 16:44:35.765 | INFO     | utils.logging:log_training_results:317 - train weight decay:184.56805 * 0.0002 * -0.13638
2023-04-28 16:44:43.142 | INFO     | __main__:objective:356 - Starting epoch #9.
2023-04-28 16:44:56.382 | INFO     | utils.logging:log_training_results:280 - 
2023-04-28 16:44:56.383 | INFO     | utils.logging:log_training_results:281 - Global Step =   3750
2023-04-28 16:44:56.384 | INFO     | utils.logging:log_training_results:282 - val mean(MacRec)_t: 0.8705900311470032
2023-04-28 16:44:56.384 | INFO     | utils.logging:log_training_results:287 - val mean ABSerr: 1.5528980493545532
2023-04-28 16:44:56.384 | INFO     | utils.logging:log_training_results:290 - val ausat from confmx: 0.9785229563713074
2023-04-28 16:44:56.385 | INFO     | utils.logging:log_training_results:301 - val MCE loss:1.01610 * 1.0 * -0.34814
2023-04-28 16:44:56.385 | INFO     | utils.logging:log_training_results:309 - val LLLR :0.34017 * 0.5 * -0.38476
2023-04-28 16:44:56.386 | INFO     | utils.logging:log_training_results:317 - val weight decay:155.85889 * 0.0002 * -0.12528
2023-04-28 16:44:57.267 | INFO     | utils.logging:save_sdre_imgs:710 - Figures saved.
2023-04-28 16:44:57.610 | INFO     | utils.logging:log_training_results:280 - 
2023-04-28 16:44:57.611 | INFO     | utils.logging:log_training_results:281 - Global Step =   3750
2023-04-28 16:44:57.611 | INFO     | utils.logging:log_training_results:282 - train mean(MacRec)_t: 0.7479696273803711
2023-04-28 16:44:57.612 | INFO     | utils.logging:log_training_results:287 - train mean ABSerr: 2.158801317214966
2023-04-28 16:44:57.612 | INFO     | utils.logging:log_training_results:290 - train ausat from confmx: 0.8842871785163879
2023-04-28 16:44:57.612 | INFO     | utils.logging:log_training_results:301 - train MCE loss:1.04149 * 1.0 * -0.34819
2023-04-28 16:44:57.613 | INFO     | utils.logging:log_training_results:309 - train LLLR :0.57933 * 0.5 * -0.38478
2023-04-28 16:44:57.613 | INFO     | utils.logging:log_training_results:317 - train weight decay:155.85889 * 0.0002 * -0.12523
2023-04-28 16:45:15.905 | INFO     | utils.logging:investigate_log:155 - num_warning=0/num_error=0 in the .log file.
2023-04-28 16:45:16.096 | INFO     | optuna.study.study:_log_completed_trial:1020 - Trial 52 finished with value: 0.01748567819595337 and parameters: {'LIST_IS_POSITIONAL_ENCODING': True, 'LIST_IS_TRAINABLE_ENCODING': False, 'LIST_MODEL_BACKBONE': 'Transformer', 'LIST_WEIGHT_DECAY': 0.0002, 'LIST_LEARNING_RATE': 0.00026193587043539236, 'LIST_LLLR_VERSION': 'LSEL', 'LIST_ACTIVATION_FC': 'B2Bcbrt', 'LIST_PARAM_MULTIPLET_LOSS': 1.0, 'LIST_PARAM_LLR_LOSS': 0.5, 'LIST_IS_ADAPTIVE_LOSS': True, 'LIST_ORDER_SPRT': 1, 'LIST_OPTIMIZER': 'adam', 'LIST_IS_NORMALIZE': False, 'LIST_NUM_THRESH': 1500, 'LIST_SPARSITY': 'unirandom', 'LIST_NUM_BLOCKS': 1, 'LIST_NUM_HEADS': 4, 'LIST_DROPOUT': 0.30000000000000004, 'LIST_FF_DIM': 32, 'LIST_MLP_UNITS': 32}. Best is trial 37 with value: 0.016635537147521973.
2023-04-28 16:45:16.115 | INFO     | utils.hyperparameter_tuning:suggest_parameters:560 - [33mStarting a tuning phase.[0m
2023-04-28 16:45:16.630 | INFO     | utils.hyperparameter_tuning:print:394 - 
+------------------------------------------+
|   Hyperparameteres suggested by Optuna   |
+------------------------+-----------------+
|     Parameter name     | Suggested value |
+------------------------+-----------------+
|     ACTIVATION_FC      |    B2BsqrtV2    |
|        DROPOUT         |       0.2       |
|         FF_DIM         |        32       |
|    IS_ADAPTIVE_LOSS    |       True      |
|      IS_NORMALIZE      |      False      |
| IS_POSITIONAL_ENCODING |       True      |
| IS_TRAINABLE_ENCODING  |      False      |
|     LEARNING_RATE      |    0.00040066   |
|      LLLR_VERSION      |       LSEL      |
|       MLP_UNITS        |        32       |
|     MODEL_BACKBONE     |   Transformer   |
|       NUM_BLOCKS       |        1        |
|       NUM_HEADS        |        4        |
|       NUM_THRESH       |       1500      |
|       OPTIMIZER        |     rmsprop     |
|       ORDER_SPRT       |        2        |
|     PARAM_LLR_LOSS     |       0.5       |
|  PARAM_MULTIPLET_LOSS  |       0.9       |
|        SPARSITY        |    lograndom    |
|      WEIGHT_DECAY      |       0.0       |
+------------------------+-----------------+
2023-04-28 16:45:16.631 | INFO     | utils.misc:create_directories_and_log:291 - [33mA new log directory was created: [0m/home/afe/Dropbox/GitHub/SPRT-TANDEM-PyTorch/logs/public_offset0_5_optimausat_confmx_tuning/checkpoints/Transformer_20230428_164516631/configs
2023-04-28 16:45:16.632 | INFO     | utils.misc:create_directories_and_log:291 - [33mA new log directory was created: [0m/home/afe/Dropbox/GitHub/SPRT-TANDEM-PyTorch/logs/public_offset0_5_optimausat_confmx_tuning/TensorBoard_events/Transformer_20230428_164516631
