2023-04-28 20:40:59.719 | INFO     | utils.misc:fix_random_seed:405 - Random seed is not fixed.
2023-04-28 20:40:59.742 | INFO     | models.temporal_integrators:summarize:568 - 
:'######::'########::'########::'########::::::::::::::::::::::
'##... ##: ##.... ##: ##.... ##:... ##..:::::::::::::::::::::::
 ##:::..:: ##:::: ##: ##:::: ##:::: ##:::::::::::::::::::::::::
. ######:: ########:: ########::::: ##::::'#######:::::::::::::
:..... ##: ##.....::: ##.. ##:::::: ##::::........:::::::::::::
'##::: ##: ##:::::::: ##::. ##::::: ##:::::::::::::::::::::::::
. ######:: ##:::::::: ##:::. ##:::: ##:::::::::::::::::::::::::
:......:::..:::::::::..:::::..:::::..::::::::::::::::::::::::::
'########::::'###::::'##::: ##:'########::'########:'##::::'##:
... ##..::::'## ##::: ###:: ##: ##.... ##: ##.....:: ###::'###:
::: ##:::::'##:. ##:: ####: ##: ##:::: ##: ##::::::: ####'####:
::: ##::::'##:::. ##: ## ## ##: ##:::: ##: ######::: ## ### ##:
::: ##:::: #########: ##. ####: ##:::: ##: ##...:::: ##. #: ##:
::: ##:::: ##.... ##: ##:. ###: ##:::: ##: ##::::::: ##:.:: ##:
::: ##:::: ##:::: ##: ##::. ##: ########:: ########: ##:::: ##:
:::..:::::..:::::..::..::::..::........:::........::..:::::..::

2023-04-28 20:40:59.742 | INFO     | models.temporal_integrators:summarize:571 - [34mofficial PyTorch implementation.[0m
2023-04-28 20:40:59.807 | INFO     | models.temporal_integrators:summarize:593 - Network summary:
===============================================================================================
Layer (type:depth-idx)                        Output Shape              Param #
===============================================================================================
TANDEMformer                                  [150, 50, 3, 3]           259
├─TransformerEncoder: 1-1                     [7350, 1, 128]            --
│    └─ModuleList: 2-2                        --                        (recursive)
│    │    └─TransformerEncoderLayer: 3-1      [7350, 1, 128]            74,912
├─Linear: 1-2                                 [7350, 32]                4,128
├─Dropout: 1-3                                [7350, 32]                --
├─TransformerEncoder: 1-4                     [7350, 2, 128]            (recursive)
│    └─ModuleList: 2-2                        --                        (recursive)
│    │    └─TransformerEncoderLayer: 3-2      [7350, 2, 128]            (recursive)
├─Linear: 1-5                                 [7350, 32]                (recursive)
├─Dropout: 1-6                                [7350, 32]                --
├─GELU: 1-7                                   [7350, 32]                --
├─Linear: 1-8                                 [7350, 3]                 99
├─GELU: 1-9                                   [7350, 32]                --
├─Linear: 1-10                                [7350, 3]                 (recursive)
===============================================================================================
Total params: 79,398
Trainable params: 79,398
Non-trainable params: 0
Total mult-adds (M): 62.14
===============================================================================================
Input size (MB): 3.84
Forward/backward pass size (MB): 4.12
Params size (MB): 0.02
Estimated Total Size (MB): 7.97
===============================================================================================
2023-04-28 20:40:59.808 | INFO     | models.temporal_integrators:summarize:594 - Example input shape: torch.Size([150, 50, 128])
2023-04-28 20:40:59.808 | INFO     | models.temporal_integrators:summarize:595 - Example output shape: torch.Size([150, 50, 3, 3])
2023-04-28 20:40:59.810 | INFO     | models.temporal_integrators:import_model:58 - model moved onto: [33mcuda.[0m
2023-04-28 20:40:59.812 | INFO     | models.optimizers:initialize_optimizer:44 - Optimizer:
RMSprop (
Parameter Group 0
    alpha: 0.99
    centered: False
    differentiable: False
    eps: 1e-08
    foreach: None
    lr: 0.00023338255268879593
    maximize: False
    momentum: 0
    weight_decay: 0.0001
)
2023-04-28 20:40:59.812 | INFO     | datasets.data_processing:lmdb_dataloaders:293 - loading data... 
2023-04-28 20:40:59.813 | INFO     | datasets.data_processing:lmdb_dataloaders:295 - If this process takes long, consider setting is_load_onto_memory=False or use LMDBIterableDataset.
2023-04-28 20:41:02.638 | INFO     | __main__:objective:356 - Starting epoch #0.
2023-04-28 20:41:04.991 | INFO     | utils.logging:log_training_results:280 - 
2023-04-28 20:41:04.992 | INFO     | utils.logging:log_training_results:281 - Global Step =      0
2023-04-28 20:41:04.992 | INFO     | utils.logging:log_training_results:282 - val mean(MacRec)_t: 0.3394666910171509
2023-04-28 20:41:04.993 | INFO     | utils.logging:log_training_results:287 - val mean ABSerr: 3.5427777767181396
2023-04-28 20:41:04.993 | INFO     | utils.logging:log_training_results:290 - val ausat from confmx: 0.3358958661556244
2023-04-28 20:41:04.993 | INFO     | utils.logging:log_training_results:301 - val MCE loss:1.09781 * 0.4 * -2.03403
2023-04-28 20:41:04.994 | INFO     | utils.logging:log_training_results:309 - val LLLR :1.50398 * 0.7000000000000001 * 0.41655
2023-04-28 20:41:04.994 | INFO     | utils.logging:log_training_results:317 - val weight decay:832.55725 * 0.0001 * -0.20741
2023-04-28 20:41:05.930 | INFO     | utils.logging:save_sdre_imgs:710 - Figures saved.
2023-04-28 20:41:06.260 | INFO     | utils.logging:log_training_results:280 - 
2023-04-28 20:41:06.261 | INFO     | utils.logging:log_training_results:281 - Global Step =      0
2023-04-28 20:41:06.261 | INFO     | utils.logging:log_training_results:282 - train mean(MacRec)_t: 0.33889299631118774
2023-04-28 20:41:06.261 | INFO     | utils.logging:log_training_results:287 - train mean ABSerr: 3.6672050952911377
2023-04-28 20:41:06.262 | INFO     | utils.logging:log_training_results:290 - train ausat from confmx: 0.32647615671157837
2023-04-28 20:41:06.263 | INFO     | utils.logging:log_training_results:301 - train MCE loss:1.09778 * 0.4 * -2.03170
2023-04-28 20:41:06.263 | INFO     | utils.logging:log_training_results:309 - train LLLR :1.50834 * 0.7000000000000001 * 0.41889
2023-04-28 20:41:06.264 | INFO     | utils.logging:log_training_results:317 - train weight decay:832.55725 * 0.0001 * -0.20507
2023-04-28 20:41:31.261 | INFO     | utils.logging:log_training_results:280 - 
2023-04-28 20:41:31.261 | INFO     | utils.logging:log_training_results:281 - Global Step =    250
2023-04-28 20:41:31.262 | INFO     | utils.logging:log_training_results:282 - val mean(MacRec)_t: 0.8386533260345459
2023-04-28 20:41:31.262 | INFO     | utils.logging:log_training_results:287 - val mean ABSerr: 1.8968448638916016
2023-04-28 20:41:31.263 | INFO     | utils.logging:log_training_results:290 - val ausat from confmx: 0.9677053093910217
2023-04-28 20:41:31.263 | INFO     | utils.logging:log_training_results:301 - val MCE loss:1.04928 * 0.4 * -1.94723
2023-04-28 20:41:31.263 | INFO     | utils.logging:log_training_results:309 - val LLLR :0.40270 * 0.7000000000000001 * 0.43631
2023-04-28 20:41:31.264 | INFO     | utils.logging:log_training_results:317 - val weight decay:806.20300 * 0.0001 * -0.20084
2023-04-28 20:41:31.390 | INFO     | utils.checkpoint:update_and_save_result:168 - [36mBest value updated![0m
2023-04-28 20:41:31.400 | INFO     | utils.checkpoint:save_checkpoint:83 - [36mSaved checkpoint[0m at step 250.
2023-04-28 20:41:32.184 | INFO     | utils.logging:save_sdre_imgs:710 - Figures saved.
2023-04-28 20:41:32.528 | INFO     | utils.logging:log_training_results:280 - 
2023-04-28 20:41:32.529 | INFO     | utils.logging:log_training_results:281 - Global Step =    250
2023-04-28 20:41:32.529 | INFO     | utils.logging:log_training_results:282 - train mean(MacRec)_t: 0.8318077921867371
2023-04-28 20:41:32.530 | INFO     | utils.logging:log_training_results:287 - train mean ABSerr: 2.0057854652404785
2023-04-28 20:41:32.530 | INFO     | utils.logging:log_training_results:290 - train ausat from confmx: 0.9574280381202698
2023-04-28 20:41:32.530 | INFO     | utils.logging:log_training_results:301 - train MCE loss:1.05493 * 0.4 * -1.94699
2023-04-28 20:41:32.531 | INFO     | utils.logging:log_training_results:309 - train LLLR :0.42982 * 0.7000000000000001 * 0.43621
2023-04-28 20:41:32.531 | INFO     | utils.logging:log_training_results:317 - train weight decay:806.20300 * 0.0001 * -0.20071
2023-04-28 20:41:46.188 | INFO     | __main__:objective:356 - Starting epoch #1.
2023-04-28 20:41:57.640 | INFO     | utils.logging:log_training_results:280 - 
2023-04-28 20:41:57.640 | INFO     | utils.logging:log_training_results:281 - Global Step =    500
2023-04-28 20:41:57.641 | INFO     | utils.logging:log_training_results:282 - val mean(MacRec)_t: 0.856886625289917
2023-04-28 20:41:57.641 | INFO     | utils.logging:log_training_results:287 - val mean ABSerr: 1.1327433586120605
2023-04-28 20:41:57.642 | INFO     | utils.logging:log_training_results:290 - val ausat from confmx: 0.973866879940033
2023-04-28 20:41:57.642 | INFO     | utils.logging:log_training_results:301 - val MCE loss:1.02561 * 0.4 * -1.88738
2023-04-28 20:41:57.643 | INFO     | utils.logging:log_training_results:309 - val LLLR :0.33971 * 0.7000000000000001 * 0.40128
2023-04-28 20:41:57.643 | INFO     | utils.logging:log_training_results:317 - val weight decay:783.09052 * 0.0001 * -0.19796
2023-04-28 20:41:57.768 | INFO     | utils.checkpoint:update_and_save_result:168 - [36mBest value updated![0m
2023-04-28 20:41:57.778 | INFO     | utils.checkpoint:save_checkpoint:83 - [36mSaved checkpoint[0m at step 500.
2023-04-28 20:41:57.780 | INFO     | utils.checkpoint:keep_max_num_saved_models:101 - Removed the oldest model for max_to_keep=1
2023-04-28 20:41:58.611 | INFO     | utils.logging:save_sdre_imgs:710 - Figures saved.
2023-04-28 20:41:58.960 | INFO     | utils.logging:log_training_results:280 - 
2023-04-28 20:41:58.961 | INFO     | utils.logging:log_training_results:281 - Global Step =    500
2023-04-28 20:41:58.961 | INFO     | utils.logging:log_training_results:282 - train mean(MacRec)_t: 0.8706897497177124
2023-04-28 20:41:58.962 | INFO     | utils.logging:log_training_results:287 - train mean ABSerr: 1.1093891859054565
2023-04-28 20:41:58.962 | INFO     | utils.logging:log_training_results:290 - train ausat from confmx: 0.9905872941017151
2023-04-28 20:41:58.962 | INFO     | utils.logging:log_training_results:301 - train MCE loss:1.02700 * 0.4 * -1.88714
2023-04-28 20:41:58.963 | INFO     | utils.logging:log_training_results:309 - train LLLR :0.32359 * 0.7000000000000001 * 0.40104
2023-04-28 20:41:58.963 | INFO     | utils.logging:log_training_results:317 - train weight decay:783.09045 * 0.0001 * -0.19778
2023-04-28 20:42:23.997 | INFO     | utils.logging:log_training_results:280 - 
2023-04-28 20:42:23.998 | INFO     | utils.logging:log_training_results:281 - Global Step =    750
2023-04-28 20:42:23.998 | INFO     | utils.logging:log_training_results:282 - val mean(MacRec)_t: 0.6741633415222168
2023-04-28 20:42:23.999 | INFO     | utils.logging:log_training_results:287 - val mean ABSerr: 2.5240936279296875
2023-04-28 20:42:23.999 | INFO     | utils.logging:log_training_results:290 - val ausat from confmx: 0.7135137319564819
2023-04-28 20:42:23.999 | INFO     | utils.logging:log_training_results:301 - val MCE loss:1.02421 * 0.4 * -1.82832
2023-04-28 20:42:24.000 | INFO     | utils.logging:log_training_results:309 - val LLLR :1.01746 * 0.7000000000000001 * 0.36751
2023-04-28 20:42:24.000 | INFO     | utils.logging:log_training_results:317 - val weight decay:757.39825 * 0.0001 * -0.19475
2023-04-28 20:42:24.950 | INFO     | utils.logging:save_sdre_imgs:710 - Figures saved.
2023-04-28 20:42:25.266 | INFO     | utils.logging:log_training_results:280 - 
2023-04-28 20:42:25.267 | INFO     | utils.logging:log_training_results:281 - Global Step =    750
2023-04-28 20:42:25.267 | INFO     | utils.logging:log_training_results:282 - train mean(MacRec)_t: 0.7001969814300537
2023-04-28 20:42:25.268 | INFO     | utils.logging:log_training_results:287 - train mean ABSerr: 2.420480966567993
2023-04-28 20:42:25.268 | INFO     | utils.logging:log_training_results:290 - train ausat from confmx: 0.75071120262146
2023-04-28 20:42:25.268 | INFO     | utils.logging:log_training_results:301 - train MCE loss:0.99789 * 0.4 * -1.82808
2023-04-28 20:42:25.269 | INFO     | utils.logging:log_training_results:309 - train LLLR :0.81545 * 0.7000000000000001 * 0.36854
2023-04-28 20:42:25.269 | INFO     | utils.logging:log_training_results:317 - train weight decay:757.39825 * 0.0001 * -0.19445
2023-04-28 20:42:29.821 | INFO     | __main__:objective:356 - Starting epoch #2.
2023-04-28 20:42:50.656 | INFO     | utils.logging:log_training_results:280 - 
2023-04-28 20:42:50.657 | INFO     | utils.logging:log_training_results:281 - Global Step =   1000
2023-04-28 20:42:50.657 | INFO     | utils.logging:log_training_results:282 - val mean(MacRec)_t: 0.8673567175865173
2023-04-28 20:42:50.657 | INFO     | utils.logging:log_training_results:287 - val mean ABSerr: 0.742265522480011
2023-04-28 20:42:50.658 | INFO     | utils.logging:log_training_results:290 - val ausat from confmx: 0.979436993598938
2023-04-28 20:42:50.658 | INFO     | utils.logging:log_training_results:301 - val MCE loss:1.01022 * 0.4 * -1.76931
2023-04-28 20:42:50.659 | INFO     | utils.logging:log_training_results:309 - val LLLR :0.31439 * 0.7000000000000001 * 0.35257
2023-04-28 20:42:50.659 | INFO     | utils.logging:log_training_results:317 - val weight decay:730.79688 * 0.0001 * -0.19127
2023-04-28 20:42:50.790 | INFO     | utils.checkpoint:update_and_save_result:168 - [36mBest value updated![0m
2023-04-28 20:42:50.801 | INFO     | utils.checkpoint:save_checkpoint:83 - [36mSaved checkpoint[0m at step 1000.
2023-04-28 20:42:50.804 | INFO     | utils.checkpoint:keep_max_num_saved_models:101 - Removed the oldest model for max_to_keep=1
2023-04-28 20:42:51.788 | INFO     | utils.logging:save_sdre_imgs:710 - Figures saved.
2023-04-28 20:42:52.116 | INFO     | utils.logging:log_training_results:280 - 
2023-04-28 20:42:52.116 | INFO     | utils.logging:log_training_results:281 - Global Step =   1000
2023-04-28 20:42:52.117 | INFO     | utils.logging:log_training_results:282 - train mean(MacRec)_t: 0.8731568455696106
2023-04-28 20:42:52.117 | INFO     | utils.logging:log_training_results:287 - train mean ABSerr: 0.7302860021591187
2023-04-28 20:42:52.117 | INFO     | utils.logging:log_training_results:290 - train ausat from confmx: 0.9751054048538208
2023-04-28 20:42:52.118 | INFO     | utils.logging:log_training_results:301 - train MCE loss:1.00873 * 0.4 * -1.76907
2023-04-28 20:42:52.118 | INFO     | utils.logging:log_training_results:309 - train LLLR :0.29253 * 0.7000000000000001 * 0.35244
2023-04-28 20:42:52.119 | INFO     | utils.logging:log_training_results:317 - train weight decay:730.79688 * 0.0001 * -0.19103
2023-04-28 20:43:10.582 | INFO     | __main__:objective:356 - Starting epoch #3.
2023-04-28 20:43:17.535 | INFO     | utils.logging:log_training_results:280 - 
2023-04-28 20:43:17.535 | INFO     | utils.logging:log_training_results:281 - Global Step =   1250
2023-04-28 20:43:17.536 | INFO     | utils.logging:log_training_results:282 - val mean(MacRec)_t: 0.8584399223327637
2023-04-28 20:43:17.536 | INFO     | utils.logging:log_training_results:287 - val mean ABSerr: 0.6818018555641174
2023-04-28 20:43:17.537 | INFO     | utils.logging:log_training_results:290 - val ausat from confmx: 0.9722312092781067
2023-04-28 20:43:17.537 | INFO     | utils.logging:log_training_results:301 - val MCE loss:1.00709 * 0.4 * -1.71030
2023-04-28 20:43:17.538 | INFO     | utils.logging:log_training_results:309 - val LLLR :0.33284 * 0.7000000000000001 * 0.34118
2023-04-28 20:43:17.538 | INFO     | utils.logging:log_training_results:317 - val weight decay:703.22430 * 0.0001 * -0.18763
2023-04-28 20:43:18.436 | INFO     | utils.logging:save_sdre_imgs:710 - Figures saved.
2023-04-28 20:43:18.774 | INFO     | utils.logging:log_training_results:280 - 
2023-04-28 20:43:18.774 | INFO     | utils.logging:log_training_results:281 - Global Step =   1250
2023-04-28 20:43:18.775 | INFO     | utils.logging:log_training_results:282 - train mean(MacRec)_t: 0.894122302532196
2023-04-28 20:43:18.775 | INFO     | utils.logging:log_training_results:287 - train mean ABSerr: 0.7046278119087219
2023-04-28 20:43:18.775 | INFO     | utils.logging:log_training_results:290 - train ausat from confmx: 0.985079824924469
2023-04-28 20:43:18.776 | INFO     | utils.logging:log_training_results:301 - train MCE loss:1.00861 * 0.4 * -1.71006
2023-04-28 20:43:18.776 | INFO     | utils.logging:log_training_results:309 - train LLLR :0.27630 * 0.7000000000000001 * 0.34095
2023-04-28 20:43:18.777 | INFO     | utils.logging:log_training_results:317 - train weight decay:703.22424 * 0.0001 * -0.18738
2023-04-28 20:43:44.027 | INFO     | utils.logging:log_training_results:280 - 
2023-04-28 20:43:44.028 | INFO     | utils.logging:log_training_results:281 - Global Step =   1500
2023-04-28 20:43:44.028 | INFO     | utils.logging:log_training_results:282 - val mean(MacRec)_t: 0.8677467107772827
2023-04-28 20:43:44.029 | INFO     | utils.logging:log_training_results:287 - val mean ABSerr: 0.6104517579078674
2023-04-28 20:43:44.029 | INFO     | utils.logging:log_training_results:290 - val ausat from confmx: 0.9791168570518494
2023-04-28 20:43:44.029 | INFO     | utils.logging:log_training_results:301 - val MCE loss:1.00359 * 0.4 * -1.65127
2023-04-28 20:43:44.030 | INFO     | utils.logging:log_training_results:309 - val LLLR :0.31333 * 0.7000000000000001 * 0.33699
2023-04-28 20:43:44.030 | INFO     | utils.logging:log_training_results:317 - val weight decay:674.40594 * 0.0001 * -0.18371
2023-04-28 20:43:44.945 | INFO     | utils.logging:save_sdre_imgs:710 - Figures saved.
2023-04-28 20:43:45.274 | INFO     | utils.logging:log_training_results:280 - 
2023-04-28 20:43:45.274 | INFO     | utils.logging:log_training_results:281 - Global Step =   1500
2023-04-28 20:43:45.275 | INFO     | utils.logging:log_training_results:282 - train mean(MacRec)_t: 0.8802622556686401
2023-04-28 20:43:45.275 | INFO     | utils.logging:log_training_results:287 - train mean ABSerr: 0.615850567817688
2023-04-28 20:43:45.275 | INFO     | utils.logging:log_training_results:290 - train ausat from confmx: 0.9847556948661804
2023-04-28 20:43:45.276 | INFO     | utils.logging:log_training_results:301 - train MCE loss:0.99580 * 0.4 * -1.65104
2023-04-28 20:43:45.276 | INFO     | utils.logging:log_training_results:309 - train LLLR :0.31245 * 0.7000000000000001 * 0.33693
2023-04-28 20:43:45.277 | INFO     | utils.logging:log_training_results:317 - train weight decay:674.40594 * 0.0001 * -0.18354
2023-04-28 20:43:54.484 | INFO     | __main__:objective:356 - Starting epoch #4.
2023-04-28 20:44:10.553 | INFO     | utils.logging:log_training_results:280 - 
2023-04-28 20:44:10.554 | INFO     | utils.logging:log_training_results:281 - Global Step =   1750
2023-04-28 20:44:10.554 | INFO     | utils.logging:log_training_results:282 - val mean(MacRec)_t: 0.8651333451271057
2023-04-28 20:44:10.554 | INFO     | utils.logging:log_training_results:287 - val mean ABSerr: 0.5389935374259949
2023-04-28 20:44:10.555 | INFO     | utils.logging:log_training_results:290 - val ausat from confmx: 0.9777138829231262
2023-04-28 20:44:10.555 | INFO     | utils.logging:log_training_results:301 - val MCE loss:1.00237 * 0.4 * -1.59223
2023-04-28 20:44:10.556 | INFO     | utils.logging:log_training_results:309 - val LLLR :0.31843 * 0.7000000000000001 * 0.33258
2023-04-28 20:44:10.556 | INFO     | utils.logging:log_training_results:317 - val weight decay:644.64404 * 0.0001 * -0.17964
2023-04-28 20:44:11.439 | INFO     | utils.logging:save_sdre_imgs:710 - Figures saved.
2023-04-28 20:44:11.775 | INFO     | utils.logging:log_training_results:280 - 
2023-04-28 20:44:11.776 | INFO     | utils.logging:log_training_results:281 - Global Step =   1750
2023-04-28 20:44:11.776 | INFO     | utils.logging:log_training_results:282 - train mean(MacRec)_t: 0.8705540299415588
2023-04-28 20:44:11.776 | INFO     | utils.logging:log_training_results:287 - train mean ABSerr: 0.568840742111206
2023-04-28 20:44:11.777 | INFO     | utils.logging:log_training_results:290 - train ausat from confmx: 0.9838042855262756
2023-04-28 20:44:11.777 | INFO     | utils.logging:log_training_results:301 - train MCE loss:1.00058 * 0.4 * -1.59200
2023-04-28 20:44:11.777 | INFO     | utils.logging:log_training_results:309 - train LLLR :0.29376 * 0.7000000000000001 * 0.33247
2023-04-28 20:44:11.778 | INFO     | utils.logging:log_training_results:317 - train weight decay:644.64404 * 0.0001 * -0.17942
2023-04-28 20:44:34.680 | INFO     | __main__:objective:356 - Starting epoch #5.
2023-04-28 20:44:37.035 | INFO     | utils.logging:log_training_results:280 - 
2023-04-28 20:44:37.036 | INFO     | utils.logging:log_training_results:281 - Global Step =   2000
2023-04-28 20:44:37.036 | INFO     | utils.logging:log_training_results:282 - val mean(MacRec)_t: 0.8707299828529358
2023-04-28 20:44:37.036 | INFO     | utils.logging:log_training_results:287 - val mean ABSerr: 0.5431195497512817
2023-04-28 20:44:37.037 | INFO     | utils.logging:log_training_results:290 - val ausat from confmx: 0.9811455011367798
2023-04-28 20:44:37.037 | INFO     | utils.logging:log_training_results:301 - val MCE loss:0.99989 * 0.4 * -1.53318
2023-04-28 20:44:37.038 | INFO     | utils.logging:log_training_results:309 - val LLLR :0.30687 * 0.7000000000000001 * 0.33025
2023-04-28 20:44:37.038 | INFO     | utils.logging:log_training_results:317 - val weight decay:613.76825 * 0.0001 * -0.17531
2023-04-28 20:44:37.171 | INFO     | utils.checkpoint:update_and_save_result:168 - [36mBest value updated![0m
2023-04-28 20:44:37.181 | INFO     | utils.checkpoint:save_checkpoint:83 - [36mSaved checkpoint[0m at step 2000.
2023-04-28 20:44:37.184 | INFO     | utils.checkpoint:keep_max_num_saved_models:101 - Removed the oldest model for max_to_keep=1
2023-04-28 20:44:37.967 | INFO     | utils.logging:save_sdre_imgs:710 - Figures saved.
2023-04-28 20:44:38.301 | INFO     | utils.logging:log_training_results:280 - 
2023-04-28 20:44:38.302 | INFO     | utils.logging:log_training_results:281 - Global Step =   2000
2023-04-28 20:44:38.303 | INFO     | utils.logging:log_training_results:282 - train mean(MacRec)_t: 0.896719217300415
2023-04-28 20:44:38.303 | INFO     | utils.logging:log_training_results:287 - train mean ABSerr: 0.5623835921287537
2023-04-28 20:44:38.303 | INFO     | utils.logging:log_training_results:290 - train ausat from confmx: 0.9906637072563171
2023-04-28 20:44:38.304 | INFO     | utils.logging:log_training_results:301 - train MCE loss:0.99602 * 0.4 * -1.53294
2023-04-28 20:44:38.306 | INFO     | utils.logging:log_training_results:309 - train LLLR :0.25296 * 0.7000000000000001 * 0.32994
2023-04-28 20:44:38.307 | INFO     | utils.logging:log_training_results:317 - train weight decay:613.76825 * 0.0001 * -0.17504
2023-04-28 20:45:03.422 | INFO     | utils.logging:log_training_results:280 - 
2023-04-28 20:45:03.423 | INFO     | utils.logging:log_training_results:281 - Global Step =   2250
2023-04-28 20:45:03.423 | INFO     | utils.logging:log_training_results:282 - val mean(MacRec)_t: 0.8689500093460083
2023-04-28 20:45:03.423 | INFO     | utils.logging:log_training_results:287 - val mean ABSerr: 0.55073082447052
2023-04-28 20:45:03.424 | INFO     | utils.logging:log_training_results:290 - val ausat from confmx: 0.9770905375480652
2023-04-28 20:45:03.424 | INFO     | utils.logging:log_training_results:301 - val MCE loss:0.99851 * 0.4 * -1.47411
2023-04-28 20:45:03.425 | INFO     | utils.logging:log_training_results:309 - val LLLR :0.31041 * 0.7000000000000001 * 0.32753
2023-04-28 20:45:03.425 | INFO     | utils.logging:log_training_results:317 - val weight decay:583.56787 * 0.0001 * -0.17094
2023-04-28 20:45:05.113 | INFO     | utils.logging:save_sdre_imgs:710 - Figures saved.
2023-04-28 20:45:05.465 | INFO     | utils.logging:log_training_results:280 - 
2023-04-28 20:45:05.465 | INFO     | utils.logging:log_training_results:281 - Global Step =   2250
2023-04-28 20:45:05.466 | INFO     | utils.logging:log_training_results:282 - train mean(MacRec)_t: 0.8824111819267273
2023-04-28 20:45:05.466 | INFO     | utils.logging:log_training_results:287 - train mean ABSerr: 0.5433193445205688
2023-04-28 20:45:05.467 | INFO     | utils.logging:log_training_results:290 - train ausat from confmx: 0.9970739483833313
2023-04-28 20:45:05.467 | INFO     | utils.logging:log_training_results:301 - train MCE loss:0.98418 * 0.4 * -1.47387
2023-04-28 20:45:05.467 | INFO     | utils.logging:log_training_results:309 - train LLLR :0.26991 * 0.7000000000000001 * 0.32731
2023-04-28 20:45:05.468 | INFO     | utils.logging:log_training_results:317 - train weight decay:583.56787 * 0.0001 * -0.17069
2023-04-28 20:45:19.128 | INFO     | __main__:objective:356 - Starting epoch #6.
2023-04-28 20:45:30.572 | INFO     | utils.logging:log_training_results:280 - 
2023-04-28 20:45:30.573 | INFO     | utils.logging:log_training_results:281 - Global Step =   2500
2023-04-28 20:45:30.573 | INFO     | utils.logging:log_training_results:282 - val mean(MacRec)_t: 0.8686933517456055
2023-04-28 20:45:30.574 | INFO     | utils.logging:log_training_results:287 - val mean ABSerr: 0.46999338269233704
2023-04-28 20:45:30.574 | INFO     | utils.logging:log_training_results:290 - val ausat from confmx: 0.9795302748680115
2023-04-28 20:45:30.575 | INFO     | utils.logging:log_training_results:301 - val MCE loss:0.99668 * 0.4 * -1.41503
2023-04-28 20:45:30.575 | INFO     | utils.logging:log_training_results:309 - val LLLR :0.30925 * 0.7000000000000001 * 0.32698
2023-04-28 20:45:30.576 | INFO     | utils.logging:log_training_results:317 - val weight decay:552.28046 * 0.0001 * -0.16625
2023-04-28 20:45:31.472 | INFO     | utils.logging:save_sdre_imgs:710 - Figures saved.
2023-04-28 20:45:31.809 | INFO     | utils.logging:log_training_results:280 - 
2023-04-28 20:45:31.809 | INFO     | utils.logging:log_training_results:281 - Global Step =   2500
2023-04-28 20:45:31.810 | INFO     | utils.logging:log_training_results:282 - train mean(MacRec)_t: 0.8833761215209961
2023-04-28 20:45:31.810 | INFO     | utils.logging:log_training_results:287 - train mean ABSerr: 0.4755173623561859
2023-04-28 20:45:31.810 | INFO     | utils.logging:log_training_results:290 - train ausat from confmx: 0.9852272272109985
2023-04-28 20:45:31.811 | INFO     | utils.logging:log_training_results:301 - train MCE loss:1.00276 * 0.4 * -1.41479
2023-04-28 20:45:31.811 | INFO     | utils.logging:log_training_results:309 - train LLLR :0.29787 * 0.7000000000000001 * 0.32693
2023-04-28 20:45:31.812 | INFO     | utils.logging:log_training_results:317 - train weight decay:552.28046 * 0.0001 * -0.16609
2023-04-28 20:45:56.455 | INFO     | utils.logging:log_training_results:280 - 
2023-04-28 20:45:56.457 | INFO     | utils.logging:log_training_results:281 - Global Step =   2750
2023-04-28 20:45:56.458 | INFO     | utils.logging:log_training_results:282 - val mean(MacRec)_t: 0.8699532747268677
2023-04-28 20:45:56.458 | INFO     | utils.logging:log_training_results:287 - val mean ABSerr: 0.47525885701179504
2023-04-28 20:45:56.458 | INFO     | utils.logging:log_training_results:290 - val ausat from confmx: 0.9810007214546204
2023-04-28 20:45:56.459 | INFO     | utils.logging:log_training_results:301 - val MCE loss:0.99486 * 0.4 * -1.35593
2023-04-28 20:45:56.461 | INFO     | utils.logging:log_training_results:309 - val LLLR :0.30701 * 0.7000000000000001 * 0.32521
2023-04-28 20:45:56.462 | INFO     | utils.logging:log_training_results:317 - val weight decay:521.42596 * 0.0001 * -0.16158
2023-04-28 20:45:57.544 | INFO     | utils.logging:save_sdre_imgs:710 - Figures saved.
2023-04-28 20:45:57.876 | INFO     | utils.logging:log_training_results:280 - 
2023-04-28 20:45:57.877 | INFO     | utils.logging:log_training_results:281 - Global Step =   2750
2023-04-28 20:45:57.878 | INFO     | utils.logging:log_training_results:282 - train mean(MacRec)_t: 0.8762234449386597
2023-04-28 20:45:57.878 | INFO     | utils.logging:log_training_results:287 - train mean ABSerr: 0.47762495279312134
2023-04-28 20:45:57.878 | INFO     | utils.logging:log_training_results:290 - train ausat from confmx: 0.98520427942276
2023-04-28 20:45:57.879 | INFO     | utils.logging:log_training_results:301 - train MCE loss:0.99437 * 0.4 * -1.35569
2023-04-28 20:45:57.879 | INFO     | utils.logging:log_training_results:309 - train LLLR :0.30296 * 0.7000000000000001 * 0.32522
2023-04-28 20:45:57.879 | INFO     | utils.logging:log_training_results:317 - train weight decay:521.42596 * 0.0001 * -0.16134
2023-04-28 20:46:02.449 | INFO     | __main__:objective:356 - Starting epoch #7.
2023-04-28 20:46:22.865 | INFO     | utils.logging:log_training_results:280 - 
2023-04-28 20:46:22.866 | INFO     | utils.logging:log_training_results:281 - Global Step =   3000
2023-04-28 20:46:22.866 | INFO     | utils.logging:log_training_results:282 - val mean(MacRec)_t: 0.8693532943725586
2023-04-28 20:46:22.867 | INFO     | utils.logging:log_training_results:287 - val mean ABSerr: 0.4397486746311188
2023-04-28 20:46:22.867 | INFO     | utils.logging:log_training_results:290 - val ausat from confmx: 0.9808079600334167
2023-04-28 20:46:22.867 | INFO     | utils.logging:log_training_results:301 - val MCE loss:0.99468 * 0.4 * -1.29682
2023-04-28 20:46:22.868 | INFO     | utils.logging:log_training_results:309 - val LLLR :0.30776 * 0.7000000000000001 * 0.32396
2023-04-28 20:46:22.868 | INFO     | utils.logging:log_training_results:317 - val weight decay:490.70029 * 0.0001 * -0.15679
2023-04-28 20:46:23.787 | INFO     | utils.logging:save_sdre_imgs:710 - Figures saved.
2023-04-28 20:46:24.128 | INFO     | utils.logging:log_training_results:280 - 
2023-04-28 20:46:24.129 | INFO     | utils.logging:log_training_results:281 - Global Step =   3000
2023-04-28 20:46:24.129 | INFO     | utils.logging:log_training_results:282 - train mean(MacRec)_t: 0.8826773166656494
2023-04-28 20:46:24.130 | INFO     | utils.logging:log_training_results:287 - train mean ABSerr: 0.42583611607551575
2023-04-28 20:46:24.130 | INFO     | utils.logging:log_training_results:290 - train ausat from confmx: 0.9692877531051636
2023-04-28 20:46:24.131 | INFO     | utils.logging:log_training_results:301 - train MCE loss:0.99111 * 0.4 * -1.29659
2023-04-28 20:46:24.132 | INFO     | utils.logging:log_training_results:309 - train LLLR :0.28284 * 0.7000000000000001 * 0.32385
2023-04-28 20:46:24.132 | INFO     | utils.logging:log_training_results:317 - train weight decay:490.70032 * 0.0001 * -0.15647
2023-04-28 20:46:43.102 | INFO     | __main__:objective:356 - Starting epoch #8.
2023-04-28 20:46:50.461 | INFO     | utils.logging:log_training_results:280 - 
2023-04-28 20:46:50.462 | INFO     | utils.logging:log_training_results:281 - Global Step =   3250
2023-04-28 20:46:50.462 | INFO     | utils.logging:log_training_results:282 - val mean(MacRec)_t: 0.8719799518585205
2023-04-28 20:46:50.462 | INFO     | utils.logging:log_training_results:287 - val mean ABSerr: 0.42657628655433655
2023-04-28 20:46:50.463 | INFO     | utils.logging:log_training_results:290 - val ausat from confmx: 0.9808986186981201
2023-04-28 20:46:50.463 | INFO     | utils.logging:log_training_results:301 - val MCE loss:0.99233 * 0.4 * -1.23771
2023-04-28 20:46:50.464 | INFO     | utils.logging:log_training_results:309 - val LLLR :0.30336 * 0.7000000000000001 * 0.32259
2023-04-28 20:46:50.464 | INFO     | utils.logging:log_training_results:317 - val weight decay:460.55612 * 0.0001 * -0.15190
2023-04-28 20:46:51.358 | INFO     | utils.logging:save_sdre_imgs:710 - Figures saved.
2023-04-28 20:46:51.688 | INFO     | utils.logging:log_training_results:280 - 
2023-04-28 20:46:51.688 | INFO     | utils.logging:log_training_results:281 - Global Step =   3250
2023-04-28 20:46:51.689 | INFO     | utils.logging:log_training_results:282 - train mean(MacRec)_t: 0.8860414028167725
2023-04-28 20:46:51.689 | INFO     | utils.logging:log_training_results:287 - train mean ABSerr: 0.4366333782672882
2023-04-28 20:46:51.690 | INFO     | utils.logging:log_training_results:290 - train ausat from confmx: 0.9776026010513306
2023-04-28 20:46:51.690 | INFO     | utils.logging:log_training_results:301 - train MCE loss:0.99443 * 0.4 * -1.23747
2023-04-28 20:46:51.690 | INFO     | utils.logging:log_training_results:309 - train LLLR :0.29392 * 0.7000000000000001 * 0.32256
2023-04-28 20:46:51.691 | INFO     | utils.logging:log_training_results:317 - train weight decay:460.55612 * 0.0001 * -0.15159
2023-04-28 20:47:17.040 | INFO     | utils.logging:log_training_results:280 - 
2023-04-28 20:47:17.040 | INFO     | utils.logging:log_training_results:281 - Global Step =   3500
2023-04-28 20:47:17.041 | INFO     | utils.logging:log_training_results:282 - val mean(MacRec)_t: 0.8686166405677795
2023-04-28 20:47:17.041 | INFO     | utils.logging:log_training_results:287 - val mean ABSerr: 0.6438174843788147
2023-04-28 20:47:17.042 | INFO     | utils.logging:log_training_results:290 - val ausat from confmx: 0.9770274758338928
2023-04-28 20:47:17.042 | INFO     | utils.logging:log_training_results:301 - val MCE loss:0.99147 * 0.4 * -1.17859
2023-04-28 20:47:17.042 | INFO     | utils.logging:log_training_results:309 - val LLLR :0.31330 * 0.7000000000000001 * 0.32378
2023-04-28 20:47:17.043 | INFO     | utils.logging:log_training_results:317 - val weight decay:430.19565 * 0.0001 * -0.14681
2023-04-28 20:47:18.023 | INFO     | utils.logging:save_sdre_imgs:710 - Figures saved.
2023-04-28 20:47:18.366 | INFO     | utils.logging:log_training_results:280 - 
2023-04-28 20:47:18.366 | INFO     | utils.logging:log_training_results:281 - Global Step =   3500
2023-04-28 20:47:18.367 | INFO     | utils.logging:log_training_results:282 - train mean(MacRec)_t: 0.868599534034729
2023-04-28 20:47:18.367 | INFO     | utils.logging:log_training_results:287 - train mean ABSerr: 0.6522108912467957
2023-04-28 20:47:18.367 | INFO     | utils.logging:log_training_results:290 - train ausat from confmx: 0.9894686341285706
2023-04-28 20:47:18.368 | INFO     | utils.logging:log_training_results:301 - train MCE loss:0.98497 * 0.4 * -1.17835
2023-04-28 20:47:18.368 | INFO     | utils.logging:log_training_results:309 - train LLLR :0.30950 * 0.7000000000000001 * 0.32385
2023-04-28 20:47:18.369 | INFO     | utils.logging:log_training_results:317 - train weight decay:430.19565 * 0.0001 * -0.14651
2023-04-28 20:47:27.563 | INFO     | __main__:objective:356 - Starting epoch #9.
2023-04-28 20:47:43.635 | INFO     | utils.logging:log_training_results:280 - 
2023-04-28 20:47:43.636 | INFO     | utils.logging:log_training_results:281 - Global Step =   3750
2023-04-28 20:47:43.636 | INFO     | utils.logging:log_training_results:282 - val mean(MacRec)_t: 0.8708599805831909
2023-04-28 20:47:43.637 | INFO     | utils.logging:log_training_results:287 - val mean ABSerr: 0.550452709197998
2023-04-28 20:47:43.637 | INFO     | utils.logging:log_training_results:290 - val ausat from confmx: 0.9777952432632446
2023-04-28 20:47:43.638 | INFO     | utils.logging:log_training_results:301 - val MCE loss:0.99087 * 0.4 * -1.11948
2023-04-28 20:47:43.638 | INFO     | utils.logging:log_training_results:309 - val LLLR :0.30613 * 0.7000000000000001 * 0.32342
2023-04-28 20:47:43.638 | INFO     | utils.logging:log_training_results:317 - val weight decay:400.48193 * 0.0001 * -0.14162
2023-04-28 20:47:44.559 | INFO     | utils.logging:save_sdre_imgs:710 - Figures saved.
2023-04-28 20:47:44.901 | INFO     | utils.logging:log_training_results:280 - 
2023-04-28 20:47:44.901 | INFO     | utils.logging:log_training_results:281 - Global Step =   3750
2023-04-28 20:47:44.902 | INFO     | utils.logging:log_training_results:282 - train mean(MacRec)_t: 0.8651376366615295
2023-04-28 20:47:44.902 | INFO     | utils.logging:log_training_results:287 - train mean ABSerr: 0.5597525238990784
2023-04-28 20:47:44.902 | INFO     | utils.logging:log_training_results:290 - train ausat from confmx: 0.9774652123451233
2023-04-28 20:47:44.903 | INFO     | utils.logging:log_training_results:301 - train MCE loss:0.98839 * 0.4 * -1.11924
2023-04-28 20:47:44.903 | INFO     | utils.logging:log_training_results:309 - train LLLR :0.31636 * 0.7000000000000001 * 0.32353
2023-04-28 20:47:44.904 | INFO     | utils.logging:log_training_results:317 - train weight decay:400.48193 * 0.0001 * -0.14139
2023-04-28 20:48:08.368 | INFO     | utils.logging:investigate_log:155 - num_warning=0/num_error=0 in the .log file.
2023-04-28 20:48:08.569 | INFO     | optuna.study.study:_log_completed_trial:1020 - Trial 91 finished with value: 0.018854498863220215 and parameters: {'LIST_IS_POSITIONAL_ENCODING': True, 'LIST_IS_TRAINABLE_ENCODING': True, 'LIST_MODEL_BACKBONE': 'Transformer', 'LIST_WEIGHT_DECAY': 0.0001, 'LIST_LEARNING_RATE': 0.00023338255268879593, 'LIST_LLLR_VERSION': 'LSEL', 'LIST_ACTIVATION_FC': 'gelu', 'LIST_PARAM_MULTIPLET_LOSS': 0.4, 'LIST_PARAM_LLR_LOSS': 0.7000000000000001, 'LIST_IS_ADAPTIVE_LOSS': True, 'LIST_ORDER_SPRT': 1, 'LIST_OPTIMIZER': 'rmsprop', 'LIST_IS_NORMALIZE': False, 'LIST_NUM_THRESH': 1500, 'LIST_SPARSITY': 'unirandom', 'LIST_NUM_BLOCKS': 1, 'LIST_NUM_HEADS': 4, 'LIST_DROPOUT': 0.0, 'LIST_FF_DIM': 32, 'LIST_MLP_UNITS': 32}. Best is trial 78 with value: 0.015432298183441162.
2023-04-28 20:48:08.587 | INFO     | utils.hyperparameter_tuning:suggest_parameters:560 - [33mStarting a tuning phase.[0m
2023-04-28 20:48:09.136 | INFO     | utils.hyperparameter_tuning:print:394 - 
+------------------------------------------+
|   Hyperparameteres suggested by Optuna   |
+------------------------+-----------------+
|     Parameter name     | Suggested value |
+------------------------+-----------------+
|     ACTIVATION_FC      |     B2Bcbrt     |
|        DROPOUT         |       0.0       |
|         FF_DIM         |        32       |
|    IS_ADAPTIVE_LOSS    |       True      |
|      IS_NORMALIZE      |      False      |
| IS_POSITIONAL_ENCODING |       True      |
| IS_TRAINABLE_ENCODING  |       True      |
|     LEARNING_RATE      |    0.00020089   |
|      LLLR_VERSION      |       LSEL      |
|       MLP_UNITS        |        32       |
|     MODEL_BACKBONE     |   Transformer   |
|       NUM_BLOCKS       |        1        |
|       NUM_HEADS        |        4        |
|       NUM_THRESH       |       1500      |
|       OPTIMIZER        |     rmsprop     |
|       ORDER_SPRT       |        1        |
|     PARAM_LLR_LOSS     |       0.7       |
|  PARAM_MULTIPLET_LOSS  |       0.0       |
|        SPARSITY        |    unirandom    |
|      WEIGHT_DECAY      |      0.0001     |
+------------------------+-----------------+
2023-04-28 20:48:09.137 | INFO     | utils.misc:create_directories_and_log:291 - [33mA new log directory was created: [0m/home/afe/Dropbox/GitHub/SPRT-TANDEM-PyTorch/logs/public_offset0_5_optimausat_confmx_tuning/checkpoints/Transformer_20230428_204809136/configs
2023-04-28 20:48:09.138 | INFO     | utils.misc:create_directories_and_log:291 - [33mA new log directory was created: [0m/home/afe/Dropbox/GitHub/SPRT-TANDEM-PyTorch/logs/public_offset0_5_optimausat_confmx_tuning/TensorBoard_events/Transformer_20230428_204809136
