2023-04-28 20:55:25.202 | INFO     | utils.misc:fix_random_seed:405 - Random seed is not fixed.
2023-04-28 20:55:25.228 | INFO     | models.temporal_integrators:summarize:568 - 
:'######::'########::'########::'########::::::::::::::::::::::
'##... ##: ##.... ##: ##.... ##:... ##..:::::::::::::::::::::::
 ##:::..:: ##:::: ##: ##:::: ##:::: ##:::::::::::::::::::::::::
. ######:: ########:: ########::::: ##::::'#######:::::::::::::
:..... ##: ##.....::: ##.. ##:::::: ##::::........:::::::::::::
'##::: ##: ##:::::::: ##::. ##::::: ##:::::::::::::::::::::::::
. ######:: ##:::::::: ##:::. ##:::: ##:::::::::::::::::::::::::
:......:::..:::::::::..:::::..:::::..::::::::::::::::::::::::::
'########::::'###::::'##::: ##:'########::'########:'##::::'##:
... ##..::::'## ##::: ###:: ##: ##.... ##: ##.....:: ###::'###:
::: ##:::::'##:. ##:: ####: ##: ##:::: ##: ##::::::: ####'####:
::: ##::::'##:::. ##: ## ## ##: ##:::: ##: ######::: ## ### ##:
::: ##:::: #########: ##. ####: ##:::: ##: ##...:::: ##. #: ##:
::: ##:::: ##.... ##: ##:. ###: ##:::: ##: ##::::::: ##:.:: ##:
::: ##:::: ##:::: ##: ##::. ##: ########:: ########: ##:::: ##:
:::..:::::..:::::..::..::::..::........:::........::..:::::..::

2023-04-28 20:55:25.228 | INFO     | models.temporal_integrators:summarize:571 - [34mofficial PyTorch implementation.[0m
2023-04-28 20:55:25.292 | INFO     | models.temporal_integrators:summarize:593 - Network summary:
===============================================================================================
Layer (type:depth-idx)                        Output Shape              Param #
===============================================================================================
TANDEMformer                                  [150, 50, 3, 3]           259
├─TransformerEncoder: 1-1                     [7350, 1, 128]            --
│    └─ModuleList: 2-2                        --                        (recursive)
│    │    └─TransformerEncoderLayer: 3-1      [7350, 1, 128]            74,912
├─Linear: 1-2                                 [7350, 32]                4,128
├─Dropout: 1-3                                [7350, 32]                --
├─TransformerEncoder: 1-4                     [7350, 2, 128]            (recursive)
│    └─ModuleList: 2-2                        --                        (recursive)
│    │    └─TransformerEncoderLayer: 3-2      [7350, 2, 128]            (recursive)
├─Linear: 1-5                                 [7350, 32]                (recursive)
├─Dropout: 1-6                                [7350, 32]                --
├─GELU: 1-7                                   [7350, 32]                --
├─Linear: 1-8                                 [7350, 3]                 99
├─GELU: 1-9                                   [7350, 32]                --
├─Linear: 1-10                                [7350, 3]                 (recursive)
===============================================================================================
Total params: 79,398
Trainable params: 79,398
Non-trainable params: 0
Total mult-adds (M): 62.14
===============================================================================================
Input size (MB): 3.84
Forward/backward pass size (MB): 4.12
Params size (MB): 0.02
Estimated Total Size (MB): 7.97
===============================================================================================
2023-04-28 20:55:25.292 | INFO     | models.temporal_integrators:summarize:594 - Example input shape: torch.Size([150, 50, 128])
2023-04-28 20:55:25.293 | INFO     | models.temporal_integrators:summarize:595 - Example output shape: torch.Size([150, 50, 3, 3])
2023-04-28 20:55:25.295 | INFO     | models.temporal_integrators:import_model:58 - model moved onto: [33mcuda.[0m
2023-04-28 20:55:25.296 | INFO     | models.optimizers:initialize_optimizer:44 - Optimizer:
RMSprop (
Parameter Group 0
    alpha: 0.99
    centered: False
    differentiable: False
    eps: 1e-08
    foreach: None
    lr: 0.0002852831520966658
    maximize: False
    momentum: 0
    weight_decay: 0.0002
)
2023-04-28 20:55:25.297 | INFO     | datasets.data_processing:lmdb_dataloaders:293 - loading data... 
2023-04-28 20:55:25.297 | INFO     | datasets.data_processing:lmdb_dataloaders:295 - If this process takes long, consider setting is_load_onto_memory=False or use LMDBIterableDataset.
2023-04-28 20:55:27.700 | INFO     | __main__:objective:356 - Starting epoch #0.
2023-04-28 20:55:30.138 | INFO     | utils.logging:log_training_results:280 - 
2023-04-28 20:55:30.139 | INFO     | utils.logging:log_training_results:281 - Global Step =      0
2023-04-28 20:55:30.140 | INFO     | utils.logging:log_training_results:282 - val mean(MacRec)_t: 0.34027335047721863
2023-04-28 20:55:30.140 | INFO     | utils.logging:log_training_results:287 - val mean ABSerr: 3.50323486328125
2023-04-28 20:55:30.140 | INFO     | utils.logging:log_training_results:290 - val ausat from confmx: 0.33703988790512085
2023-04-28 20:55:30.141 | INFO     | utils.logging:log_training_results:301 - val MCE loss:1.10103 * 0.6000000000000001 * 0.00359
2023-04-28 20:55:30.141 | INFO     | utils.logging:log_training_results:309 - val LLLR :1.24170 * 0.6000000000000001 * -0.03780
2023-04-28 20:55:30.142 | INFO     | utils.logging:log_training_results:317 - val weight decay:838.08221 * 0.0002 * -0.27927
2023-04-28 20:55:31.380 | INFO     | utils.logging:save_sdre_imgs:710 - Figures saved.
2023-04-28 20:55:31.728 | INFO     | utils.logging:log_training_results:280 - 
2023-04-28 20:55:31.729 | INFO     | utils.logging:log_training_results:281 - Global Step =      0
2023-04-28 20:55:31.729 | INFO     | utils.logging:log_training_results:282 - train mean(MacRec)_t: 0.354175865650177
2023-04-28 20:55:31.730 | INFO     | utils.logging:log_training_results:287 - train mean ABSerr: 3.6042797565460205
2023-04-28 20:55:31.730 | INFO     | utils.logging:log_training_results:290 - train ausat from confmx: 0.3524998724460602
2023-04-28 20:55:31.730 | INFO     | utils.logging:log_training_results:301 - train MCE loss:1.10321 * 0.6000000000000001 * 0.00645
2023-04-28 20:55:31.731 | INFO     | utils.logging:log_training_results:309 - train LLLR :1.27989 * 0.6000000000000001 * -0.04066
2023-04-28 20:55:31.731 | INFO     | utils.logging:log_training_results:317 - train weight decay:838.08228 * 0.0002 * -0.28213
2023-04-28 20:55:58.237 | INFO     | utils.logging:log_training_results:280 - 
2023-04-28 20:55:58.238 | INFO     | utils.logging:log_training_results:281 - Global Step =    250
2023-04-28 20:55:58.238 | INFO     | utils.logging:log_training_results:282 - val mean(MacRec)_t: 0.853119969367981
2023-04-28 20:55:58.239 | INFO     | utils.logging:log_training_results:287 - val mean ABSerr: 1.1008747816085815
2023-04-28 20:55:58.239 | INFO     | utils.logging:log_training_results:290 - val ausat from confmx: 0.9631397128105164
2023-04-28 20:55:58.240 | INFO     | utils.logging:log_training_results:301 - val MCE loss:1.00358 * 0.6000000000000001 * 0.02195
2023-04-28 20:55:58.240 | INFO     | utils.logging:log_training_results:309 - val LLLR :0.35446 * 0.6000000000000001 * -0.07207
2023-04-28 20:55:58.241 | INFO     | utils.logging:log_training_results:317 - val weight decay:843.74866 * 0.0002 * -0.29045
2023-04-28 20:55:58.380 | INFO     | utils.checkpoint:update_and_save_result:168 - [36mBest value updated![0m
2023-04-28 20:55:58.390 | INFO     | utils.checkpoint:save_checkpoint:83 - [36mSaved checkpoint[0m at step 250.
2023-04-28 20:55:59.186 | INFO     | utils.logging:save_sdre_imgs:710 - Figures saved.
2023-04-28 20:55:59.537 | INFO     | utils.logging:log_training_results:280 - 
2023-04-28 20:55:59.538 | INFO     | utils.logging:log_training_results:281 - Global Step =    250
2023-04-28 20:55:59.539 | INFO     | utils.logging:log_training_results:282 - train mean(MacRec)_t: 0.8783974051475525
2023-04-28 20:55:59.539 | INFO     | utils.logging:log_training_results:287 - train mean ABSerr: 1.0863333940505981
2023-04-28 20:55:59.540 | INFO     | utils.logging:log_training_results:290 - train ausat from confmx: 0.9892482161521912
2023-04-28 20:55:59.540 | INFO     | utils.logging:log_training_results:301 - train MCE loss:1.00323 * 0.6000000000000001 * 0.02198
2023-04-28 20:55:59.541 | INFO     | utils.logging:log_training_results:309 - train LLLR :0.28866 * 0.6000000000000001 * -0.07212
2023-04-28 20:55:59.541 | INFO     | utils.logging:log_training_results:317 - train weight decay:843.74866 * 0.0002 * -0.29046
2023-04-28 20:56:13.983 | INFO     | __main__:objective:356 - Starting epoch #1.
2023-04-28 20:56:25.852 | INFO     | utils.logging:log_training_results:280 - 
2023-04-28 20:56:25.853 | INFO     | utils.logging:log_training_results:281 - Global Step =    500
2023-04-28 20:56:25.853 | INFO     | utils.logging:log_training_results:282 - val mean(MacRec)_t: 0.8665632605552673
2023-04-28 20:56:25.854 | INFO     | utils.logging:log_training_results:287 - val mean ABSerr: 0.6278508305549622
2023-04-28 20:56:25.854 | INFO     | utils.logging:log_training_results:290 - val ausat from confmx: 0.9759196043014526
2023-04-28 20:56:25.855 | INFO     | utils.logging:log_training_results:301 - val MCE loss:0.98931 * 0.6000000000000001 * 0.03153
2023-04-28 20:56:25.855 | INFO     | utils.logging:log_training_results:309 - val LLLR :0.31718 * 0.6000000000000001 * -0.09237
2023-04-28 20:56:25.856 | INFO     | utils.logging:log_training_results:317 - val weight decay:843.30414 * 0.0002 * -0.29037
2023-04-28 20:56:25.998 | INFO     | utils.checkpoint:update_and_save_result:168 - [36mBest value updated![0m
2023-04-28 20:56:26.009 | INFO     | utils.checkpoint:save_checkpoint:83 - [36mSaved checkpoint[0m at step 500.
2023-04-28 20:56:26.013 | INFO     | utils.checkpoint:keep_max_num_saved_models:101 - Removed the oldest model for max_to_keep=1
2023-04-28 20:56:26.853 | INFO     | utils.logging:save_sdre_imgs:710 - Figures saved.
2023-04-28 20:56:27.206 | INFO     | utils.logging:log_training_results:280 - 
2023-04-28 20:56:27.207 | INFO     | utils.logging:log_training_results:281 - Global Step =    500
2023-04-28 20:56:27.207 | INFO     | utils.logging:log_training_results:282 - train mean(MacRec)_t: 0.8724494576454163
2023-04-28 20:56:27.207 | INFO     | utils.logging:log_training_results:287 - train mean ABSerr: 0.6366766095161438
2023-04-28 20:56:27.208 | INFO     | utils.logging:log_training_results:290 - train ausat from confmx: 0.9847303628921509
2023-04-28 20:56:27.208 | INFO     | utils.logging:log_training_results:301 - train MCE loss:0.99224 * 0.6000000000000001 * 0.03157
2023-04-28 20:56:27.209 | INFO     | utils.logging:log_training_results:309 - train LLLR :0.30309 * 0.6000000000000001 * -0.09245
2023-04-28 20:56:27.209 | INFO     | utils.logging:log_training_results:317 - train weight decay:843.30408 * 0.0002 * -0.29039
2023-04-28 20:56:53.450 | INFO     | utils.logging:log_training_results:280 - 
2023-04-28 20:56:53.451 | INFO     | utils.logging:log_training_results:281 - Global Step =    750
2023-04-28 20:56:53.451 | INFO     | utils.logging:log_training_results:282 - val mean(MacRec)_t: 0.8675700426101685
2023-04-28 20:56:53.452 | INFO     | utils.logging:log_training_results:287 - val mean ABSerr: 0.540836751461029
2023-04-28 20:56:53.452 | INFO     | utils.logging:log_training_results:290 - val ausat from confmx: 0.9777712821960449
2023-04-28 20:56:53.453 | INFO     | utils.logging:log_training_results:301 - val MCE loss:0.98743 * 0.6000000000000001 * 0.04338
2023-04-28 20:56:53.453 | INFO     | utils.logging:log_training_results:309 - val LLLR :0.31522 * 0.6000000000000001 * -0.11693
2023-04-28 20:56:53.453 | INFO     | utils.logging:log_training_results:317 - val weight decay:841.04413 * 0.0002 * -0.28992
2023-04-28 20:56:53.596 | INFO     | utils.checkpoint:update_and_save_result:168 - [36mBest value updated![0m
2023-04-28 20:56:53.606 | INFO     | utils.checkpoint:save_checkpoint:83 - [36mSaved checkpoint[0m at step 750.
2023-04-28 20:56:53.610 | INFO     | utils.checkpoint:keep_max_num_saved_models:101 - Removed the oldest model for max_to_keep=1
2023-04-28 20:56:54.471 | INFO     | utils.logging:save_sdre_imgs:710 - Figures saved.
2023-04-28 20:56:54.819 | INFO     | utils.logging:log_training_results:280 - 
2023-04-28 20:56:54.820 | INFO     | utils.logging:log_training_results:281 - Global Step =    750
2023-04-28 20:56:54.820 | INFO     | utils.logging:log_training_results:282 - train mean(MacRec)_t: 0.8849999904632568
2023-04-28 20:56:54.821 | INFO     | utils.logging:log_training_results:287 - train mean ABSerr: 0.5491250157356262
2023-04-28 20:56:54.821 | INFO     | utils.logging:log_training_results:290 - train ausat from confmx: 0.9726297855377197
2023-04-28 20:56:54.821 | INFO     | utils.logging:log_training_results:301 - train MCE loss:0.97858 * 0.6000000000000001 * 0.04344
2023-04-28 20:56:54.822 | INFO     | utils.logging:log_training_results:309 - train LLLR :0.26175 * 0.6000000000000001 * -0.11701
2023-04-28 20:56:54.822 | INFO     | utils.logging:log_training_results:317 - train weight decay:841.04407 * 0.0002 * -0.29007
2023-04-28 20:56:59.517 | INFO     | __main__:objective:356 - Starting epoch #2.
2023-04-28 20:57:20.890 | INFO     | utils.logging:log_training_results:280 - 
2023-04-28 20:57:20.891 | INFO     | utils.logging:log_training_results:281 - Global Step =   1000
2023-04-28 20:57:20.891 | INFO     | utils.logging:log_training_results:282 - val mean(MacRec)_t: 0.8589900135993958
2023-04-28 20:57:20.892 | INFO     | utils.logging:log_training_results:287 - val mean ABSerr: 0.8101634979248047
2023-04-28 20:57:20.892 | INFO     | utils.logging:log_training_results:290 - val ausat from confmx: 0.9696569442749023
2023-04-28 20:57:20.893 | INFO     | utils.logging:log_training_results:301 - val MCE loss:0.98748 * 0.6000000000000001 * 0.05892
2023-04-28 20:57:20.893 | INFO     | utils.logging:log_training_results:309 - val LLLR :0.33594 * 0.6000000000000001 * -0.14738
2023-04-28 20:57:20.894 | INFO     | utils.logging:log_training_results:317 - val weight decay:835.90344 * 0.0002 * -0.28891
2023-04-28 20:57:21.898 | INFO     | utils.logging:save_sdre_imgs:710 - Figures saved.
2023-04-28 20:57:22.252 | INFO     | utils.logging:log_training_results:280 - 
2023-04-28 20:57:22.254 | INFO     | utils.logging:log_training_results:281 - Global Step =   1000
2023-04-28 20:57:22.256 | INFO     | utils.logging:log_training_results:282 - train mean(MacRec)_t: 0.8961511254310608
2023-04-28 20:57:22.257 | INFO     | utils.logging:log_training_results:287 - train mean ABSerr: 0.8208830952644348
2023-04-28 20:57:22.257 | INFO     | utils.logging:log_training_results:290 - train ausat from confmx: 0.9768461585044861
2023-04-28 20:57:22.258 | INFO     | utils.logging:log_training_results:301 - train MCE loss:0.97265 * 0.6000000000000001 * 0.05899
2023-04-28 20:57:22.258 | INFO     | utils.logging:log_training_results:309 - train LLLR :0.26469 * 0.6000000000000001 * -0.14748
2023-04-28 20:57:22.259 | INFO     | utils.logging:log_training_results:317 - train weight decay:835.90338 * 0.0002 * -0.28929
2023-04-28 20:57:41.565 | INFO     | __main__:objective:356 - Starting epoch #3.
2023-04-28 20:57:49.021 | INFO     | utils.logging:log_training_results:280 - 
2023-04-28 20:57:49.022 | INFO     | utils.logging:log_training_results:281 - Global Step =   1250
2023-04-28 20:57:49.022 | INFO     | utils.logging:log_training_results:282 - val mean(MacRec)_t: 0.8524500727653503
2023-04-28 20:57:49.023 | INFO     | utils.logging:log_training_results:287 - val mean ABSerr: 1.087825059890747
2023-04-28 20:57:49.023 | INFO     | utils.logging:log_training_results:290 - val ausat from confmx: 0.9598538279533386
2023-04-28 20:57:49.023 | INFO     | utils.logging:log_training_results:301 - val MCE loss:0.99081 * 0.6000000000000001 * 0.07918
2023-04-28 20:57:49.024 | INFO     | utils.logging:log_training_results:309 - val LLLR :0.35854 * 0.6000000000000001 * -0.18063
2023-04-28 20:57:49.024 | INFO     | utils.logging:log_training_results:317 - val weight decay:826.34100 * 0.0002 * -0.28733
2023-04-28 20:57:50.035 | INFO     | utils.logging:save_sdre_imgs:710 - Figures saved.
2023-04-28 20:57:50.415 | INFO     | utils.logging:log_training_results:280 - 
2023-04-28 20:57:50.416 | INFO     | utils.logging:log_training_results:281 - Global Step =   1250
2023-04-28 20:57:50.417 | INFO     | utils.logging:log_training_results:282 - train mean(MacRec)_t: 0.8862898349761963
2023-04-28 20:57:50.417 | INFO     | utils.logging:log_training_results:287 - train mean ABSerr: 1.1109474897384644
2023-04-28 20:57:50.417 | INFO     | utils.logging:log_training_results:290 - train ausat from confmx: 0.9804328680038452
2023-04-28 20:57:50.419 | INFO     | utils.logging:log_training_results:301 - train MCE loss:0.99717 * 0.6000000000000001 * 0.07928
2023-04-28 20:57:50.420 | INFO     | utils.logging:log_training_results:309 - train LLLR :0.29331 * 0.6000000000000001 * -0.18075
2023-04-28 20:57:50.421 | INFO     | utils.logging:log_training_results:317 - train weight decay:826.34100 * 0.0002 * -0.28756
2023-04-28 20:58:17.141 | INFO     | utils.logging:log_training_results:280 - 
2023-04-28 20:58:17.142 | INFO     | utils.logging:log_training_results:281 - Global Step =   1500
2023-04-28 20:58:17.142 | INFO     | utils.logging:log_training_results:282 - val mean(MacRec)_t: 0.871763288974762
2023-04-28 20:58:17.143 | INFO     | utils.logging:log_training_results:287 - val mean ABSerr: 0.42432889342308044
2023-04-28 20:58:17.143 | INFO     | utils.logging:log_training_results:290 - val ausat from confmx: 0.9792329668998718
2023-04-28 20:58:17.144 | INFO     | utils.logging:log_training_results:301 - val MCE loss:0.98504 * 0.6000000000000001 * 0.10502
2023-04-28 20:58:17.144 | INFO     | utils.logging:log_training_results:309 - val LLLR :0.30359 * 0.6000000000000001 * -0.21804
2023-04-28 20:58:17.145 | INFO     | utils.logging:log_training_results:317 - val weight decay:808.57013 * 0.0002 * -0.28426
2023-04-28 20:58:17.269 | INFO     | utils.checkpoint:update_and_save_result:168 - [36mBest value updated![0m
2023-04-28 20:58:17.279 | INFO     | utils.checkpoint:save_checkpoint:83 - [36mSaved checkpoint[0m at step 1500.
2023-04-28 20:58:17.281 | INFO     | utils.checkpoint:keep_max_num_saved_models:101 - Removed the oldest model for max_to_keep=1
2023-04-28 20:58:18.096 | INFO     | utils.logging:save_sdre_imgs:710 - Figures saved.
2023-04-28 20:58:18.459 | INFO     | utils.logging:log_training_results:280 - 
2023-04-28 20:58:18.460 | INFO     | utils.logging:log_training_results:281 - Global Step =   1500
2023-04-28 20:58:18.460 | INFO     | utils.logging:log_training_results:282 - train mean(MacRec)_t: 0.8804228901863098
2023-04-28 20:58:18.460 | INFO     | utils.logging:log_training_results:287 - train mean ABSerr: 0.4142574071884155
2023-04-28 20:58:18.461 | INFO     | utils.logging:log_training_results:290 - train ausat from confmx: 0.9783686995506287
2023-04-28 20:58:18.461 | INFO     | utils.logging:log_training_results:301 - train MCE loss:0.97107 * 0.6000000000000001 * 0.10513
2023-04-28 20:58:18.462 | INFO     | utils.logging:log_training_results:309 - train LLLR :0.29327 * 0.6000000000000001 * -0.21817
2023-04-28 20:58:18.462 | INFO     | utils.logging:log_training_results:317 - train weight decay:808.57013 * 0.0002 * -0.28442
2023-04-28 20:58:27.955 | INFO     | __main__:objective:356 - Starting epoch #4.
2023-04-28 20:58:44.601 | INFO     | utils.logging:log_training_results:280 - 
2023-04-28 20:58:44.602 | INFO     | utils.logging:log_training_results:281 - Global Step =   1750
2023-04-28 20:58:44.602 | INFO     | utils.logging:log_training_results:282 - val mean(MacRec)_t: 0.8745100498199463
2023-04-28 20:58:44.602 | INFO     | utils.logging:log_training_results:287 - val mean ABSerr: 0.270596981048584
2023-04-28 20:58:44.603 | INFO     | utils.logging:log_training_results:290 - val ausat from confmx: 0.9835644364356995
2023-04-28 20:58:44.604 | INFO     | utils.logging:log_training_results:301 - val MCE loss:0.98507 * 0.6000000000000001 * 0.13680
2023-04-28 20:58:44.605 | INFO     | utils.logging:log_training_results:309 - val LLLR :0.29785 * 0.6000000000000001 * -0.25423
2023-04-28 20:58:44.605 | INFO     | utils.logging:log_training_results:317 - val weight decay:782.79657 * 0.0002 * -0.27986
2023-04-28 20:58:44.733 | INFO     | utils.checkpoint:update_and_save_result:168 - [36mBest value updated![0m
2023-04-28 20:58:44.742 | INFO     | utils.checkpoint:save_checkpoint:83 - [36mSaved checkpoint[0m at step 1750.
2023-04-28 20:58:44.745 | INFO     | utils.checkpoint:keep_max_num_saved_models:101 - Removed the oldest model for max_to_keep=1
2023-04-28 20:58:45.714 | INFO     | utils.logging:save_sdre_imgs:710 - Figures saved.
2023-04-28 20:58:46.056 | INFO     | utils.logging:log_training_results:280 - 
2023-04-28 20:58:46.056 | INFO     | utils.logging:log_training_results:281 - Global Step =   1750
2023-04-28 20:58:46.057 | INFO     | utils.logging:log_training_results:282 - train mean(MacRec)_t: 0.8855549693107605
2023-04-28 20:58:46.057 | INFO     | utils.logging:log_training_results:287 - train mean ABSerr: 0.26738259196281433
2023-04-28 20:58:46.057 | INFO     | utils.logging:log_training_results:290 - train ausat from confmx: 0.9835382103919983
2023-04-28 20:58:46.058 | INFO     | utils.logging:log_training_results:301 - train MCE loss:0.98267 * 0.6000000000000001 * 0.13694
2023-04-28 20:58:46.058 | INFO     | utils.logging:log_training_results:309 - train LLLR :0.27042 * 0.6000000000000001 * -0.25431
2023-04-28 20:58:46.058 | INFO     | utils.logging:log_training_results:317 - train weight decay:782.79651 * 0.0002 * -0.27968
2023-04-28 20:59:10.279 | INFO     | __main__:objective:356 - Starting epoch #5.
2023-04-28 20:59:12.678 | INFO     | utils.logging:log_training_results:280 - 
2023-04-28 20:59:12.678 | INFO     | utils.logging:log_training_results:281 - Global Step =   2000
2023-04-28 20:59:12.679 | INFO     | utils.logging:log_training_results:282 - val mean(MacRec)_t: 0.8619733452796936
2023-04-28 20:59:12.679 | INFO     | utils.logging:log_training_results:287 - val mean ABSerr: 0.7620512843132019
2023-04-28 20:59:12.680 | INFO     | utils.logging:log_training_results:290 - val ausat from confmx: 0.9684749245643616
2023-04-28 20:59:12.680 | INFO     | utils.logging:log_training_results:301 - val MCE loss:0.98604 * 0.6000000000000001 * 0.17424
2023-04-28 20:59:12.680 | INFO     | utils.logging:log_training_results:309 - val LLLR :0.32959 * 0.6000000000000001 * -0.28467
2023-04-28 20:59:12.681 | INFO     | utils.logging:log_training_results:317 - val weight decay:750.34113 * 0.0002 * -0.27409
2023-04-28 20:59:13.689 | INFO     | utils.logging:save_sdre_imgs:710 - Figures saved.
2023-04-28 20:59:14.034 | INFO     | utils.logging:log_training_results:280 - 
2023-04-28 20:59:14.034 | INFO     | utils.logging:log_training_results:281 - Global Step =   2000
2023-04-28 20:59:14.035 | INFO     | utils.logging:log_training_results:282 - train mean(MacRec)_t: 0.861477792263031
2023-04-28 20:59:14.035 | INFO     | utils.logging:log_training_results:287 - train mean ABSerr: 0.7809672951698303
2023-04-28 20:59:14.036 | INFO     | utils.logging:log_training_results:290 - train ausat from confmx: 0.9705196619033813
2023-04-28 20:59:14.036 | INFO     | utils.logging:log_training_results:301 - train MCE loss:0.98145 * 0.6000000000000001 * 0.17440
2023-04-28 20:59:14.036 | INFO     | utils.logging:log_training_results:309 - train LLLR :0.30399 * 0.6000000000000001 * -0.28474
2023-04-28 20:59:14.037 | INFO     | utils.logging:log_training_results:317 - train weight decay:750.34113 * 0.0002 * -0.27374
2023-04-28 20:59:41.774 | INFO     | utils.logging:log_training_results:280 - 
2023-04-28 20:59:41.775 | INFO     | utils.logging:log_training_results:281 - Global Step =   2250
2023-04-28 20:59:41.775 | INFO     | utils.logging:log_training_results:282 - val mean(MacRec)_t: 0.8232333064079285
2023-04-28 20:59:41.776 | INFO     | utils.logging:log_training_results:287 - val mean ABSerr: 1.5926388502120972
2023-04-28 20:59:41.776 | INFO     | utils.logging:log_training_results:290 - val ausat from confmx: 0.9259737730026245
2023-04-28 20:59:41.776 | INFO     | utils.logging:log_training_results:301 - val MCE loss:0.98699 * 0.6000000000000001 * 0.21647
2023-04-28 20:59:41.778 | INFO     | utils.logging:log_training_results:309 - val LLLR :0.44143 * 0.6000000000000001 * -0.30072
2023-04-28 20:59:41.780 | INFO     | utils.logging:log_training_results:317 - val weight decay:714.86005 * 0.0002 * -0.26745
2023-04-28 20:59:42.949 | INFO     | utils.logging:save_sdre_imgs:710 - Figures saved.
2023-04-28 20:59:43.369 | INFO     | utils.logging:log_training_results:280 - 
2023-04-28 20:59:43.371 | INFO     | utils.logging:log_training_results:281 - Global Step =   2250
2023-04-28 20:59:43.372 | INFO     | utils.logging:log_training_results:282 - train mean(MacRec)_t: 0.8806201219558716
2023-04-28 20:59:43.372 | INFO     | utils.logging:log_training_results:287 - train mean ABSerr: 1.6392759084701538
2023-04-28 20:59:43.373 | INFO     | utils.logging:log_training_results:290 - train ausat from confmx: 0.960719645023346
2023-04-28 20:59:43.374 | INFO     | utils.logging:log_training_results:301 - train MCE loss:0.98076 * 0.6000000000000001 * 0.21665
2023-04-28 20:59:43.374 | INFO     | utils.logging:log_training_results:309 - train LLLR :0.31111 * 0.6000000000000001 * -0.30075
2023-04-28 20:59:43.375 | INFO     | utils.logging:log_training_results:317 - train weight decay:714.85999 * 0.0002 * -0.26726
2023-04-28 21:00:00.877 | INFO     | __main__:objective:356 - Starting epoch #6.
2023-04-28 21:00:17.804 | INFO     | utils.logging:log_training_results:280 - 
2023-04-28 21:00:17.804 | INFO     | utils.logging:log_training_results:281 - Global Step =   2500
2023-04-28 21:00:17.805 | INFO     | utils.logging:log_training_results:282 - val mean(MacRec)_t: 0.8742600083351135
2023-04-28 21:00:17.806 | INFO     | utils.logging:log_training_results:287 - val mean ABSerr: 0.28558704257011414
2023-04-28 21:00:17.806 | INFO     | utils.logging:log_training_results:290 - val ausat from confmx: 0.982680082321167
2023-04-28 21:00:17.807 | INFO     | utils.logging:log_training_results:301 - val MCE loss:0.98671 * 0.6000000000000001 * 0.26237
2023-04-28 21:00:17.808 | INFO     | utils.logging:log_training_results:309 - val LLLR :0.29857 * 0.6000000000000001 * -0.30349
2023-04-28 21:00:17.808 | INFO     | utils.logging:log_training_results:317 - val weight decay:675.93500 * 0.0002 * -0.25984
2023-04-28 21:00:20.456 | INFO     | utils.logging:save_sdre_imgs:710 - Figures saved.
2023-04-28 21:00:20.847 | INFO     | utils.logging:log_training_results:280 - 
2023-04-28 21:00:20.848 | INFO     | utils.logging:log_training_results:281 - Global Step =   2500
2023-04-28 21:00:20.849 | INFO     | utils.logging:log_training_results:282 - train mean(MacRec)_t: 0.860996663570404
2023-04-28 21:00:20.849 | INFO     | utils.logging:log_training_results:287 - train mean ABSerr: 0.27885666489601135
2023-04-28 21:00:20.850 | INFO     | utils.logging:log_training_results:290 - train ausat from confmx: 0.9642958641052246
2023-04-28 21:00:20.850 | INFO     | utils.logging:log_training_results:301 - train MCE loss:0.98503 * 0.6000000000000001 * 0.26256
2023-04-28 21:00:20.851 | INFO     | utils.logging:log_training_results:309 - train LLLR :0.32508 * 0.6000000000000001 * -0.30358
2023-04-28 21:00:20.851 | INFO     | utils.logging:log_training_results:317 - train weight decay:675.93494 * 0.0002 * -0.26011
2023-04-28 21:00:48.267 | INFO     | utils.logging:log_training_results:280 - 
2023-04-28 21:00:48.268 | INFO     | utils.logging:log_training_results:281 - Global Step =   2750
2023-04-28 21:00:48.268 | INFO     | utils.logging:log_training_results:282 - val mean(MacRec)_t: 0.871749997138977
2023-04-28 21:00:48.268 | INFO     | utils.logging:log_training_results:287 - val mean ABSerr: 0.41186174750328064
2023-04-28 21:00:48.269 | INFO     | utils.logging:log_training_results:290 - val ausat from confmx: 0.9815535545349121
2023-04-28 21:00:48.270 | INFO     | utils.logging:log_training_results:301 - val MCE loss:0.98606 * 0.6000000000000001 * 0.31077
2023-04-28 21:00:48.270 | INFO     | utils.logging:log_training_results:309 - val LLLR :0.30421 * 0.6000000000000001 * -0.30240
2023-04-28 21:00:48.271 | INFO     | utils.logging:log_training_results:317 - val weight decay:635.95819 * 0.0002 * -0.25220
2023-04-28 21:00:49.274 | INFO     | utils.logging:save_sdre_imgs:710 - Figures saved.
2023-04-28 21:00:49.650 | INFO     | utils.logging:log_training_results:280 - 
2023-04-28 21:00:49.651 | INFO     | utils.logging:log_training_results:281 - Global Step =   2750
2023-04-28 21:00:49.652 | INFO     | utils.logging:log_training_results:282 - train mean(MacRec)_t: 0.8639097213745117
2023-04-28 21:00:49.652 | INFO     | utils.logging:log_training_results:287 - train mean ABSerr: 0.41694048047065735
2023-04-28 21:00:49.653 | INFO     | utils.logging:log_training_results:290 - train ausat from confmx: 0.9968384504318237
2023-04-28 21:00:49.653 | INFO     | utils.logging:log_training_results:301 - train MCE loss:0.99397 * 0.6000000000000001 * 0.31097
2023-04-28 21:00:49.654 | INFO     | utils.logging:log_training_results:309 - train LLLR :0.32352 * 0.6000000000000001 * -0.30252
2023-04-28 21:00:49.654 | INFO     | utils.logging:log_training_results:317 - train weight decay:635.95819 * 0.0002 * -0.25214
2023-04-28 21:00:54.635 | INFO     | __main__:objective:356 - Starting epoch #7.
2023-04-28 21:01:17.049 | INFO     | utils.logging:log_training_results:280 - 
2023-04-28 21:01:17.050 | INFO     | utils.logging:log_training_results:281 - Global Step =   3000
2023-04-28 21:01:17.050 | INFO     | utils.logging:log_training_results:282 - val mean(MacRec)_t: 0.8584132790565491
2023-04-28 21:01:17.051 | INFO     | utils.logging:log_training_results:287 - val mean ABSerr: 0.8762350082397461
2023-04-28 21:01:17.051 | INFO     | utils.logging:log_training_results:290 - val ausat from confmx: 0.9687698483467102
2023-04-28 21:01:17.052 | INFO     | utils.logging:log_training_results:301 - val MCE loss:0.98719 * 0.6000000000000001 * 0.36057
2023-04-28 21:01:17.053 | INFO     | utils.logging:log_training_results:309 - val LLLR :0.33881 * 0.6000000000000001 * -0.30378
2023-04-28 21:01:17.053 | INFO     | utils.logging:log_training_results:317 - val weight decay:596.31146 * 0.0002 * -0.24424
2023-04-28 21:01:18.021 | INFO     | utils.logging:save_sdre_imgs:710 - Figures saved.
2023-04-28 21:01:18.409 | INFO     | utils.logging:log_training_results:280 - 
2023-04-28 21:01:18.410 | INFO     | utils.logging:log_training_results:281 - Global Step =   3000
2023-04-28 21:01:18.410 | INFO     | utils.logging:log_training_results:282 - train mean(MacRec)_t: 0.8747336864471436
2023-04-28 21:01:18.411 | INFO     | utils.logging:log_training_results:287 - train mean ABSerr: 0.8902148604393005
2023-04-28 21:01:18.411 | INFO     | utils.logging:log_training_results:290 - train ausat from confmx: 0.9777032732963562
2023-04-28 21:01:18.412 | INFO     | utils.logging:log_training_results:301 - train MCE loss:0.98245 * 0.6000000000000001 * 0.36077
2023-04-28 21:01:18.412 | INFO     | utils.logging:log_training_results:309 - train LLLR :0.31352 * 0.6000000000000001 * -0.30382
2023-04-28 21:01:18.412 | INFO     | utils.logging:log_training_results:317 - train weight decay:596.31140 * 0.0002 * -0.24413
2023-04-28 21:01:38.550 | INFO     | __main__:objective:356 - Starting epoch #8.
2023-04-28 21:01:46.042 | INFO     | utils.logging:log_training_results:280 - 
2023-04-28 21:01:46.044 | INFO     | utils.logging:log_training_results:281 - Global Step =   3250
2023-04-28 21:01:46.044 | INFO     | utils.logging:log_training_results:282 - val mean(MacRec)_t: 0.8626600503921509
2023-04-28 21:01:46.045 | INFO     | utils.logging:log_training_results:287 - val mean ABSerr: 0.7447992563247681
2023-04-28 21:01:46.045 | INFO     | utils.logging:log_training_results:290 - val ausat from confmx: 0.9721022248268127
2023-04-28 21:01:46.045 | INFO     | utils.logging:log_training_results:301 - val MCE loss:0.98646 * 0.6000000000000001 * 0.41056
2023-04-28 21:01:46.046 | INFO     | utils.logging:log_training_results:309 - val LLLR :0.32709 * 0.6000000000000001 * -0.30155
2023-04-28 21:01:46.046 | INFO     | utils.logging:log_training_results:317 - val weight decay:557.76263 * 0.0002 * -0.23633
2023-04-28 21:01:47.057 | INFO     | utils.logging:save_sdre_imgs:710 - Figures saved.
2023-04-28 21:01:47.425 | INFO     | utils.logging:log_training_results:280 - 
2023-04-28 21:01:47.425 | INFO     | utils.logging:log_training_results:281 - Global Step =   3250
2023-04-28 21:01:47.426 | INFO     | utils.logging:log_training_results:282 - train mean(MacRec)_t: 0.8546624779701233
2023-04-28 21:01:47.426 | INFO     | utils.logging:log_training_results:287 - train mean ABSerr: 0.7607334852218628
2023-04-28 21:01:47.427 | INFO     | utils.logging:log_training_results:290 - train ausat from confmx: 0.9632248282432556
2023-04-28 21:01:47.428 | INFO     | utils.logging:log_training_results:301 - train MCE loss:0.99110 * 0.6000000000000001 * 0.41076
2023-04-28 21:01:47.429 | INFO     | utils.logging:log_training_results:309 - train LLLR :0.35519 * 0.6000000000000001 * -0.30194
2023-04-28 21:01:47.430 | INFO     | utils.logging:log_training_results:317 - train weight decay:557.76263 * 0.0002 * -0.23599
2023-04-28 21:02:13.130 | INFO     | utils.logging:log_training_results:280 - 
2023-04-28 21:02:13.131 | INFO     | utils.logging:log_training_results:281 - Global Step =   3500
2023-04-28 21:02:13.131 | INFO     | utils.logging:log_training_results:282 - val mean(MacRec)_t: 0.7536999583244324
2023-04-28 21:02:13.132 | INFO     | utils.logging:log_training_results:287 - val mean ABSerr: 2.029261350631714
2023-04-28 21:02:13.132 | INFO     | utils.logging:log_training_results:290 - val ausat from confmx: 0.8280593156814575
2023-04-28 21:02:13.132 | INFO     | utils.logging:log_training_results:301 - val MCE loss:0.99054 * 0.6000000000000001 * 0.45892
2023-04-28 21:02:13.133 | INFO     | utils.logging:log_training_results:309 - val LLLR :0.65366 * 0.6000000000000001 * -0.30160
2023-04-28 21:02:13.133 | INFO     | utils.logging:log_training_results:317 - val weight decay:520.00500 * 0.0002 * -0.22814
2023-04-28 21:02:14.297 | INFO     | utils.logging:save_sdre_imgs:710 - Figures saved.
2023-04-28 21:02:14.654 | INFO     | utils.logging:log_training_results:280 - 
2023-04-28 21:02:14.654 | INFO     | utils.logging:log_training_results:281 - Global Step =   3500
2023-04-28 21:02:14.655 | INFO     | utils.logging:log_training_results:282 - train mean(MacRec)_t: 0.7695088982582092
2023-04-28 21:02:14.655 | INFO     | utils.logging:log_training_results:287 - train mean ABSerr: 2.042611598968506
2023-04-28 21:02:14.655 | INFO     | utils.logging:log_training_results:290 - train ausat from confmx: 0.8127267956733704
2023-04-28 21:02:14.656 | INFO     | utils.logging:log_training_results:301 - train MCE loss:0.98954 * 0.6000000000000001 * 0.45911
2023-04-28 21:02:14.656 | INFO     | utils.logging:log_training_results:309 - train LLLR :0.60193 * 0.6000000000000001 * -0.30314
2023-04-28 21:02:14.657 | INFO     | utils.logging:log_training_results:317 - train weight decay:520.00494 * 0.0002 * -0.22791
2023-04-28 21:02:23.958 | INFO     | __main__:objective:356 - Starting epoch #9.
2023-04-28 21:02:40.094 | INFO     | utils.logging:log_training_results:280 - 
2023-04-28 21:02:40.095 | INFO     | utils.logging:log_training_results:281 - Global Step =   3750
2023-04-28 21:02:40.096 | INFO     | utils.logging:log_training_results:282 - val mean(MacRec)_t: 0.8712866902351379
2023-04-28 21:02:40.096 | INFO     | utils.logging:log_training_results:287 - val mean ABSerr: 0.4298248589038849
2023-04-28 21:02:40.096 | INFO     | utils.logging:log_training_results:290 - val ausat from confmx: 0.9807056188583374
2023-04-28 21:02:40.097 | INFO     | utils.logging:log_training_results:301 - val MCE loss:0.98698 * 0.6000000000000001 * 0.50261
2023-04-28 21:02:40.097 | INFO     | utils.logging:log_training_results:309 - val LLLR :0.30475 * 0.6000000000000001 * -0.29887
2023-04-28 21:02:40.098 | INFO     | utils.logging:log_training_results:317 - val weight decay:484.28391 * 0.0002 * -0.22004
2023-04-28 21:02:41.020 | INFO     | utils.logging:save_sdre_imgs:710 - Figures saved.
2023-04-28 21:02:41.370 | INFO     | utils.logging:log_training_results:280 - 
2023-04-28 21:02:41.370 | INFO     | utils.logging:log_training_results:281 - Global Step =   3750
2023-04-28 21:02:41.371 | INFO     | utils.logging:log_training_results:282 - train mean(MacRec)_t: 0.8763960003852844
2023-04-28 21:02:41.371 | INFO     | utils.logging:log_training_results:287 - train mean ABSerr: 0.41796958446502686
2023-04-28 21:02:41.371 | INFO     | utils.logging:log_training_results:290 - train ausat from confmx: 0.9710642695426941
2023-04-28 21:02:41.372 | INFO     | utils.logging:log_training_results:301 - train MCE loss:0.98217 * 0.6000000000000001 * 0.50276
2023-04-28 21:02:41.372 | INFO     | utils.logging:log_training_results:309 - train LLLR :0.30598 * 0.6000000000000001 * -0.29893
2023-04-28 21:02:41.373 | INFO     | utils.logging:log_training_results:317 - train weight decay:484.28387 * 0.0002 * -0.22006
2023-04-28 21:03:05.118 | INFO     | utils.logging:investigate_log:155 - num_warning=0/num_error=0 in the .log file.
2023-04-28 21:03:05.319 | INFO     | optuna.study.study:_log_completed_trial:1020 - Trial 93 finished with value: 0.016435563564300537 and parameters: {'LIST_IS_POSITIONAL_ENCODING': True, 'LIST_IS_TRAINABLE_ENCODING': True, 'LIST_MODEL_BACKBONE': 'Transformer', 'LIST_WEIGHT_DECAY': 0.0002, 'LIST_LEARNING_RATE': 0.0002852831520966658, 'LIST_LLLR_VERSION': 'LSEL', 'LIST_ACTIVATION_FC': 'gelu', 'LIST_PARAM_MULTIPLET_LOSS': 0.6000000000000001, 'LIST_PARAM_LLR_LOSS': 0.6000000000000001, 'LIST_IS_ADAPTIVE_LOSS': True, 'LIST_ORDER_SPRT': 1, 'LIST_OPTIMIZER': 'rmsprop', 'LIST_IS_NORMALIZE': False, 'LIST_NUM_THRESH': 1500, 'LIST_SPARSITY': 'unirandom', 'LIST_NUM_BLOCKS': 1, 'LIST_NUM_HEADS': 4, 'LIST_DROPOUT': 0.0, 'LIST_FF_DIM': 32, 'LIST_MLP_UNITS': 32}. Best is trial 78 with value: 0.015432298183441162.
2023-04-28 21:03:05.338 | INFO     | utils.hyperparameter_tuning:suggest_parameters:560 - [33mStarting a tuning phase.[0m
2023-04-28 21:03:06.007 | INFO     | utils.hyperparameter_tuning:print:394 - 
+------------------------------------------+
|   Hyperparameteres suggested by Optuna   |
+------------------------+-----------------+
|     Parameter name     | Suggested value |
+------------------------+-----------------+
|     ACTIVATION_FC      |       gelu      |
|        DROPOUT         |       0.0       |
|         FF_DIM         |        32       |
|    IS_ADAPTIVE_LOSS    |       True      |
|      IS_NORMALIZE      |      False      |
| IS_POSITIONAL_ENCODING |       True      |
| IS_TRAINABLE_ENCODING  |       True      |
|     LEARNING_RATE      |    0.00027038   |
|      LLLR_VERSION      |       LSEL      |
|       MLP_UNITS        |        32       |
|     MODEL_BACKBONE     |   Transformer   |
|       NUM_BLOCKS       |        1        |
|       NUM_HEADS        |        4        |
|       NUM_THRESH       |       1500      |
|       OPTIMIZER        |     rmsprop     |
|       ORDER_SPRT       |        0        |
|     PARAM_LLR_LOSS     |       0.6       |
|  PARAM_MULTIPLET_LOSS  |       0.6       |
|        SPARSITY        |    unirandom    |
|      WEIGHT_DECAY      |      0.0002     |
+------------------------+-----------------+
2023-04-28 21:03:06.008 | INFO     | utils.misc:create_directories_and_log:291 - [33mA new log directory was created: [0m/home/afe/Dropbox/GitHub/SPRT-TANDEM-PyTorch/logs/public_offset0_5_optimausat_confmx_tuning/checkpoints/Transformer_20230428_210306008/configs
2023-04-28 21:03:06.009 | INFO     | utils.misc:create_directories_and_log:291 - [33mA new log directory was created: [0m/home/afe/Dropbox/GitHub/SPRT-TANDEM-PyTorch/logs/public_offset0_5_optimausat_confmx_tuning/TensorBoard_events/Transformer_20230428_210306008
