2023-04-28 15:03:08.136 | INFO     | utils.misc:fix_random_seed:405 - Random seed is not fixed.
2023-04-28 15:03:08.159 | INFO     | models.temporal_integrators:summarize:568 - 
:'######::'########::'########::'########::::::::::::::::::::::
'##... ##: ##.... ##: ##.... ##:... ##..:::::::::::::::::::::::
 ##:::..:: ##:::: ##: ##:::: ##:::: ##:::::::::::::::::::::::::
. ######:: ########:: ########::::: ##::::'#######:::::::::::::
:..... ##: ##.....::: ##.. ##:::::: ##::::........:::::::::::::
'##::: ##: ##:::::::: ##::. ##::::: ##:::::::::::::::::::::::::
. ######:: ##:::::::: ##:::. ##:::: ##:::::::::::::::::::::::::
:......:::..:::::::::..:::::..:::::..::::::::::::::::::::::::::
'########::::'###::::'##::: ##:'########::'########:'##::::'##:
... ##..::::'## ##::: ###:: ##: ##.... ##: ##.....:: ###::'###:
::: ##:::::'##:. ##:: ####: ##: ##:::: ##: ##::::::: ####'####:
::: ##::::'##:::. ##: ## ## ##: ##:::: ##: ######::: ## ### ##:
::: ##:::: #########: ##. ####: ##:::: ##: ##...:::: ##. #: ##:
::: ##:::: ##.... ##: ##:. ###: ##:::: ##: ##::::::: ##:.:: ##:
::: ##:::: ##:::: ##: ##::. ##: ########:: ########: ##:::: ##:
:::..:::::..:::::..::..::::..::........:::........::..:::::..::

2023-04-28 15:03:08.159 | INFO     | models.temporal_integrators:summarize:571 - [34mofficial PyTorch implementation.[0m
2023-04-28 15:03:08.244 | INFO     | models.temporal_integrators:summarize:593 - Network summary:
===============================================================================================
Layer (type:depth-idx)                        Output Shape              Param #
===============================================================================================
TANDEMformer                                  [150, 50, 3, 3]           259
├─TransformerEncoder: 1-1                     [7350, 1, 128]            --
│    └─ModuleList: 2-2                        --                        (recursive)
│    │    └─TransformerEncoderLayer: 3-1      [7350, 1, 128]            74,912
│    │    └─TransformerEncoderLayer: 3-2      [7350, 1, 128]            74,912
├─Linear: 1-2                                 [7350, 64]                8,256
├─Dropout: 1-3                                [7350, 64]                --
├─TransformerEncoder: 1-4                     [7350, 2, 128]            (recursive)
│    └─ModuleList: 2-2                        --                        (recursive)
│    │    └─TransformerEncoderLayer: 3-3      [7350, 2, 128]            (recursive)
│    │    └─TransformerEncoderLayer: 3-4      [7350, 2, 128]            (recursive)
├─Linear: 1-5                                 [7350, 64]                (recursive)
├─Dropout: 1-6                                [7350, 64]                --
├─ReLU: 1-7                                   [7350, 64]                --
├─Linear: 1-8                                 [7350, 3]                 195
├─ReLU: 1-9                                   [7350, 64]                --
├─Linear: 1-10                                [7350, 3]                 (recursive)
===============================================================================================
Total params: 158,534
Trainable params: 158,534
Non-trainable params: 0
Total mult-adds (M): 124.23
===============================================================================================
Input size (MB): 3.84
Forward/backward pass size (MB): 7.88
Params size (MB): 0.03
Estimated Total Size (MB): 11.75
===============================================================================================
2023-04-28 15:03:08.245 | INFO     | models.temporal_integrators:summarize:594 - Example input shape: torch.Size([150, 50, 128])
2023-04-28 15:03:08.245 | INFO     | models.temporal_integrators:summarize:595 - Example output shape: torch.Size([150, 50, 3, 3])
2023-04-28 15:03:08.248 | INFO     | models.temporal_integrators:import_model:58 - model moved onto: [33mcuda.[0m
2023-04-28 15:03:08.249 | INFO     | models.optimizers:initialize_optimizer:44 - Optimizer:
RMSprop (
Parameter Group 0
    alpha: 0.99
    centered: False
    differentiable: False
    eps: 1e-08
    foreach: None
    lr: 0.0002028008671200857
    maximize: False
    momentum: 0
    weight_decay: 0.00030000000000000003
)
2023-04-28 15:03:08.249 | INFO     | datasets.data_processing:lmdb_dataloaders:293 - loading data... 
2023-04-28 15:03:08.250 | INFO     | datasets.data_processing:lmdb_dataloaders:295 - If this process takes long, consider setting is_load_onto_memory=False or use LMDBIterableDataset.
2023-04-28 15:03:10.455 | INFO     | __main__:objective:356 - Starting epoch #0.
2023-04-28 15:03:12.908 | INFO     | utils.logging:log_training_results:280 - 
2023-04-28 15:03:12.909 | INFO     | utils.logging:log_training_results:281 - Global Step =      0
2023-04-28 15:03:12.910 | INFO     | utils.logging:log_training_results:282 - val mean(MacRec)_t: 0.3301233649253845
2023-04-28 15:03:12.911 | INFO     | utils.logging:log_training_results:287 - val mean ABSerr: 3.802708148956299
2023-04-28 15:03:12.911 | INFO     | utils.logging:log_training_results:290 - val ausat from confmx: 0.3333696722984314
2023-04-28 15:03:12.912 | INFO     | utils.logging:log_training_results:301 - val MCE loss:1.11524 * 0.8 * 0.37799
2023-04-28 15:03:12.913 | INFO     | utils.logging:log_training_results:309 - val LLLR :2.27972 * 0.6000000000000001 * -0.54571
2023-04-28 15:03:12.913 | INFO     | utils.logging:log_training_results:317 - val weight decay:1362.89734 * 0.00030000000000000003 * -0.93359
2023-04-28 15:03:14.071 | INFO     | utils.logging:save_sdre_imgs:710 - Figures saved.
2023-04-28 15:03:14.382 | INFO     | utils.logging:log_training_results:280 - 
2023-04-28 15:03:14.382 | INFO     | utils.logging:log_training_results:281 - Global Step =      0
2023-04-28 15:03:14.383 | INFO     | utils.logging:log_training_results:282 - train mean(MacRec)_t: 0.32969093322753906
2023-04-28 15:03:14.383 | INFO     | utils.logging:log_training_results:287 - train mean ABSerr: 3.9073212146759033
2023-04-28 15:03:14.384 | INFO     | utils.logging:log_training_results:290 - train ausat from confmx: 0.3259454369544983
2023-04-28 15:03:14.384 | INFO     | utils.logging:log_training_results:301 - train MCE loss:1.11831 * 0.8 * 0.38002
2023-04-28 15:03:14.385 | INFO     | utils.logging:log_training_results:309 - train LLLR :2.30363 * 0.6000000000000001 * -0.54773
2023-04-28 15:03:14.385 | INFO     | utils.logging:log_training_results:317 - train weight decay:1362.89722 * 0.00030000000000000003 * -0.93157
2023-04-28 15:03:36.283 | INFO     | utils.logging:log_training_results:280 - 
2023-04-28 15:03:36.283 | INFO     | utils.logging:log_training_results:281 - Global Step =    250
2023-04-28 15:03:36.284 | INFO     | utils.logging:log_training_results:282 - val mean(MacRec)_t: 0.8693233132362366
2023-04-28 15:03:36.284 | INFO     | utils.logging:log_training_results:287 - val mean ABSerr: 0.5158743262290955
2023-04-28 15:03:36.284 | INFO     | utils.logging:log_training_results:290 - val ausat from confmx: 0.9780609607696533
2023-04-28 15:03:36.285 | INFO     | utils.logging:log_training_results:301 - val MCE loss:0.98774 * 0.8 * 0.44318
2023-04-28 15:03:36.285 | INFO     | utils.logging:log_training_results:309 - val LLLR :0.31015 * 0.6000000000000001 * -0.48190
2023-04-28 15:03:36.286 | INFO     | utils.logging:log_training_results:317 - val weight decay:1274.25928 * 0.00030000000000000003 * -0.85806
2023-04-28 15:03:36.416 | INFO     | utils.checkpoint:update_and_save_result:168 - [36mBest value updated![0m
2023-04-28 15:03:36.434 | INFO     | utils.checkpoint:save_checkpoint:83 - [36mSaved checkpoint[0m at step 250.
2023-04-28 15:03:37.209 | INFO     | utils.logging:save_sdre_imgs:710 - Figures saved.
2023-04-28 15:03:37.614 | INFO     | utils.logging:log_training_results:280 - 
2023-04-28 15:03:37.615 | INFO     | utils.logging:log_training_results:281 - Global Step =    250
2023-04-28 15:03:37.616 | INFO     | utils.logging:log_training_results:282 - train mean(MacRec)_t: 0.8793272972106934
2023-04-28 15:03:37.616 | INFO     | utils.logging:log_training_results:287 - train mean ABSerr: 0.8030322790145874
2023-04-28 15:03:37.616 | INFO     | utils.logging:log_training_results:290 - train ausat from confmx: 0.9842204451560974
2023-04-28 15:03:37.617 | INFO     | utils.logging:log_training_results:301 - train MCE loss:0.97613 * 0.8 * 0.44334
2023-04-28 15:03:37.617 | INFO     | utils.logging:log_training_results:309 - train LLLR :0.29887 * 0.6000000000000001 * -0.48167
2023-04-28 15:03:37.618 | INFO     | utils.logging:log_training_results:317 - train weight decay:1274.25928 * 0.00030000000000000003 * -0.85784
2023-04-28 15:03:49.683 | INFO     | __main__:objective:356 - Starting epoch #1.
2023-04-28 15:03:59.915 | INFO     | utils.logging:log_training_results:280 - 
2023-04-28 15:03:59.915 | INFO     | utils.logging:log_training_results:281 - Global Step =    500
2023-04-28 15:03:59.916 | INFO     | utils.logging:log_training_results:282 - val mean(MacRec)_t: 0.8713566660881042
2023-04-28 15:03:59.916 | INFO     | utils.logging:log_training_results:287 - val mean ABSerr: 0.4314573109149933
2023-04-28 15:03:59.917 | INFO     | utils.logging:log_training_results:290 - val ausat from confmx: 0.9813653826713562
2023-04-28 15:03:59.917 | INFO     | utils.logging:log_training_results:301 - val MCE loss:0.98714 * 0.8 * 0.48469
2023-04-28 15:03:59.917 | INFO     | utils.logging:log_training_results:309 - val LLLR :0.30636 * 0.6000000000000001 * -0.43083
2023-04-28 15:03:59.918 | INFO     | utils.logging:log_training_results:317 - val weight decay:1207.63708 * 0.00030000000000000003 * -0.80590
2023-04-28 15:04:00.048 | INFO     | utils.checkpoint:update_and_save_result:168 - [36mBest value updated![0m
2023-04-28 15:04:00.062 | INFO     | utils.checkpoint:save_checkpoint:83 - [36mSaved checkpoint[0m at step 500.
2023-04-28 15:04:00.064 | INFO     | utils.checkpoint:keep_max_num_saved_models:101 - Removed the oldest model for max_to_keep=1
2023-04-28 15:04:00.831 | INFO     | utils.logging:save_sdre_imgs:710 - Figures saved.
2023-04-28 15:04:01.151 | INFO     | utils.logging:log_training_results:280 - 
2023-04-28 15:04:01.151 | INFO     | utils.logging:log_training_results:281 - Global Step =    500
2023-04-28 15:04:01.152 | INFO     | utils.logging:log_training_results:282 - train mean(MacRec)_t: 0.848567008972168
2023-04-28 15:04:01.152 | INFO     | utils.logging:log_training_results:287 - train mean ABSerr: 0.6877603530883789
2023-04-28 15:04:01.153 | INFO     | utils.logging:log_training_results:290 - train ausat from confmx: 0.9597938656806946
2023-04-28 15:04:01.153 | INFO     | utils.logging:log_training_results:301 - train MCE loss:0.98742 * 0.8 * 0.48485
2023-04-28 15:04:01.153 | INFO     | utils.logging:log_training_results:309 - train LLLR :0.35925 * 0.6000000000000001 * -0.43066
2023-04-28 15:04:01.154 | INFO     | utils.logging:log_training_results:317 - train weight decay:1207.63708 * 0.00030000000000000003 * -0.80569
2023-04-28 15:04:23.225 | INFO     | utils.logging:log_training_results:280 - 
2023-04-28 15:04:23.226 | INFO     | utils.logging:log_training_results:281 - Global Step =    750
2023-04-28 15:04:23.226 | INFO     | utils.logging:log_training_results:282 - val mean(MacRec)_t: 0.8716066479682922
2023-04-28 15:04:23.226 | INFO     | utils.logging:log_training_results:287 - val mean ABSerr: 0.4334932565689087
2023-04-28 15:04:23.227 | INFO     | utils.logging:log_training_results:290 - val ausat from confmx: 0.9802452921867371
2023-04-28 15:04:23.227 | INFO     | utils.logging:log_training_results:301 - val MCE loss:0.98658 * 0.8 * 0.52436
2023-04-28 15:04:23.228 | INFO     | utils.logging:log_training_results:309 - val LLLR :0.30448 * 0.6000000000000001 * -0.38265
2023-04-28 15:04:23.228 | INFO     | utils.logging:log_training_results:317 - val weight decay:1144.33435 * 0.00030000000000000003 * -0.75445
2023-04-28 15:04:24.133 | INFO     | utils.logging:save_sdre_imgs:710 - Figures saved.
2023-04-28 15:04:24.447 | INFO     | utils.logging:log_training_results:280 - 
2023-04-28 15:04:24.448 | INFO     | utils.logging:log_training_results:281 - Global Step =    750
2023-04-28 15:04:24.448 | INFO     | utils.logging:log_training_results:282 - train mean(MacRec)_t: 0.8763501048088074
2023-04-28 15:04:24.448 | INFO     | utils.logging:log_training_results:287 - train mean ABSerr: 0.6565430760383606
2023-04-28 15:04:24.449 | INFO     | utils.logging:log_training_results:290 - train ausat from confmx: 0.9903440475463867
2023-04-28 15:04:24.449 | INFO     | utils.logging:log_training_results:301 - train MCE loss:0.98541 * 0.8 * 0.52451
2023-04-28 15:04:24.450 | INFO     | utils.logging:log_training_results:309 - train LLLR :0.28055 * 0.6000000000000001 * -0.38243
2023-04-28 15:04:24.450 | INFO     | utils.logging:log_training_results:317 - train weight decay:1144.33435 * 0.00030000000000000003 * -0.75424
2023-04-28 15:04:28.354 | INFO     | __main__:objective:356 - Starting epoch #2.
2023-04-28 15:04:46.457 | INFO     | utils.logging:log_training_results:280 - 
2023-04-28 15:04:46.458 | INFO     | utils.logging:log_training_results:281 - Global Step =   1000
2023-04-28 15:04:46.458 | INFO     | utils.logging:log_training_results:282 - val mean(MacRec)_t: 0.872689962387085
2023-04-28 15:04:46.458 | INFO     | utils.logging:log_training_results:287 - val mean ABSerr: 0.3854981064796448
2023-04-28 15:04:46.459 | INFO     | utils.logging:log_training_results:290 - val ausat from confmx: 0.9824537634849548
2023-04-28 15:04:46.459 | INFO     | utils.logging:log_training_results:301 - val MCE loss:0.98646 * 0.8 * 0.56215
2023-04-28 15:04:46.460 | INFO     | utils.logging:log_training_results:309 - val LLLR :0.30276 * 0.6000000000000001 * -0.33911
2023-04-28 15:04:46.460 | INFO     | utils.logging:log_training_results:317 - val weight decay:1086.20239 * 0.00030000000000000003 * -0.70312
2023-04-28 15:04:46.596 | INFO     | utils.checkpoint:update_and_save_result:168 - [36mBest value updated![0m
2023-04-28 15:04:46.609 | INFO     | utils.checkpoint:save_checkpoint:83 - [36mSaved checkpoint[0m at step 1000.
2023-04-28 15:04:46.612 | INFO     | utils.checkpoint:keep_max_num_saved_models:101 - Removed the oldest model for max_to_keep=1
2023-04-28 15:04:47.381 | INFO     | utils.logging:save_sdre_imgs:710 - Figures saved.
2023-04-28 15:04:47.704 | INFO     | utils.logging:log_training_results:280 - 
2023-04-28 15:04:47.705 | INFO     | utils.logging:log_training_results:281 - Global Step =   1000
2023-04-28 15:04:47.705 | INFO     | utils.logging:log_training_results:282 - train mean(MacRec)_t: 0.8678564429283142
2023-04-28 15:04:47.705 | INFO     | utils.logging:log_training_results:287 - train mean ABSerr: 0.5573573112487793
2023-04-28 15:04:47.706 | INFO     | utils.logging:log_training_results:290 - train ausat from confmx: 0.9829663038253784
2023-04-28 15:04:47.706 | INFO     | utils.logging:log_training_results:301 - train MCE loss:0.99222 * 0.8 * 0.56229
2023-04-28 15:04:47.707 | INFO     | utils.logging:log_training_results:309 - train LLLR :0.30823 * 0.6000000000000001 * -0.33897
2023-04-28 15:04:47.707 | INFO     | utils.logging:log_training_results:317 - train weight decay:1086.20239 * 0.00030000000000000003 * -0.70291
2023-04-28 15:05:03.698 | INFO     | __main__:objective:356 - Starting epoch #3.
2023-04-28 15:05:10.031 | INFO     | utils.logging:log_training_results:280 - 
2023-04-28 15:05:10.032 | INFO     | utils.logging:log_training_results:281 - Global Step =   1250
2023-04-28 15:05:10.032 | INFO     | utils.logging:log_training_results:282 - val mean(MacRec)_t: 0.8731100559234619
2023-04-28 15:05:10.032 | INFO     | utils.logging:log_training_results:287 - val mean ABSerr: 0.38629841804504395
2023-04-28 15:05:10.033 | INFO     | utils.logging:log_training_results:290 - val ausat from confmx: 0.9822824001312256
2023-04-28 15:05:10.033 | INFO     | utils.logging:log_training_results:301 - val MCE loss:0.98623 * 0.8 * 0.59612
2023-04-28 15:05:10.034 | INFO     | utils.logging:log_training_results:309 - val LLLR :0.30180 * 0.6000000000000001 * -0.30854
2023-04-28 15:05:10.034 | INFO     | utils.logging:log_training_results:317 - val weight decay:1033.59851 * 0.00030000000000000003 * -0.65192
2023-04-28 15:05:10.903 | INFO     | utils.logging:save_sdre_imgs:710 - Figures saved.
2023-04-28 15:05:11.235 | INFO     | utils.logging:log_training_results:280 - 
2023-04-28 15:05:11.235 | INFO     | utils.logging:log_training_results:281 - Global Step =   1250
2023-04-28 15:05:11.236 | INFO     | utils.logging:log_training_results:282 - train mean(MacRec)_t: 0.8418852090835571
2023-04-28 15:05:11.236 | INFO     | utils.logging:log_training_results:287 - train mean ABSerr: 0.5604315996170044
2023-04-28 15:05:11.236 | INFO     | utils.logging:log_training_results:290 - train ausat from confmx: 0.9752010703086853
2023-04-28 15:05:11.237 | INFO     | utils.logging:log_training_results:301 - train MCE loss:0.98488 * 0.8 * 0.59624
2023-04-28 15:05:11.237 | INFO     | utils.logging:log_training_results:309 - train LLLR :0.36411 * 0.6000000000000001 * -0.30874
2023-04-28 15:05:11.238 | INFO     | utils.logging:log_training_results:317 - train weight decay:1033.59851 * 0.00030000000000000003 * -0.65171
2023-04-28 15:05:33.187 | INFO     | utils.logging:log_training_results:280 - 
2023-04-28 15:05:33.188 | INFO     | utils.logging:log_training_results:281 - Global Step =   1500
2023-04-28 15:05:33.189 | INFO     | utils.logging:log_training_results:282 - val mean(MacRec)_t: 0.8727766871452332
2023-04-28 15:05:33.189 | INFO     | utils.logging:log_training_results:287 - val mean ABSerr: 0.3449249565601349
2023-04-28 15:05:33.189 | INFO     | utils.logging:log_training_results:290 - val ausat from confmx: 0.983364462852478
2023-04-28 15:05:33.190 | INFO     | utils.logging:log_training_results:301 - val MCE loss:0.98593 * 0.8 * 0.62083
2023-04-28 15:05:33.191 | INFO     | utils.logging:log_training_results:309 - val LLLR :0.30164 * 0.6000000000000001 * -0.29919
2023-04-28 15:05:33.192 | INFO     | utils.logging:log_training_results:317 - val weight decay:984.44806 * 0.00030000000000000003 * -0.60093
2023-04-28 15:05:33.323 | INFO     | utils.checkpoint:update_and_save_result:168 - [36mBest value updated![0m
2023-04-28 15:05:33.337 | INFO     | utils.checkpoint:save_checkpoint:83 - [36mSaved checkpoint[0m at step 1500.
2023-04-28 15:05:33.340 | INFO     | utils.checkpoint:keep_max_num_saved_models:101 - Removed the oldest model for max_to_keep=1
2023-04-28 15:05:34.121 | INFO     | utils.logging:save_sdre_imgs:710 - Figures saved.
2023-04-28 15:05:34.457 | INFO     | utils.logging:log_training_results:280 - 
2023-04-28 15:05:34.458 | INFO     | utils.logging:log_training_results:281 - Global Step =   1500
2023-04-28 15:05:34.458 | INFO     | utils.logging:log_training_results:282 - train mean(MacRec)_t: 0.8553783297538757
2023-04-28 15:05:34.459 | INFO     | utils.logging:log_training_results:287 - train mean ABSerr: 0.5021191239356995
2023-04-28 15:05:34.459 | INFO     | utils.logging:log_training_results:290 - train ausat from confmx: 0.9689407348632812
2023-04-28 15:05:34.460 | INFO     | utils.logging:log_training_results:301 - train MCE loss:0.98927 * 0.8 * 0.62090
2023-04-28 15:05:34.460 | INFO     | utils.logging:log_training_results:309 - train LLLR :0.34086 * 0.6000000000000001 * -0.29946
2023-04-28 15:05:34.460 | INFO     | utils.logging:log_training_results:317 - train weight decay:984.44800 * 0.00030000000000000003 * -0.60073
2023-04-28 15:05:42.245 | INFO     | __main__:objective:356 - Starting epoch #4.
2023-04-28 15:05:56.497 | INFO     | utils.logging:log_training_results:280 - 
2023-04-28 15:05:56.498 | INFO     | utils.logging:log_training_results:281 - Global Step =   1750
2023-04-28 15:05:56.499 | INFO     | utils.logging:log_training_results:282 - val mean(MacRec)_t: 0.8736799955368042
2023-04-28 15:05:56.499 | INFO     | utils.logging:log_training_results:287 - val mean ABSerr: 0.3773594796657562
2023-04-28 15:05:56.499 | INFO     | utils.logging:log_training_results:290 - val ausat from confmx: 0.9833024740219116
2023-04-28 15:05:56.500 | INFO     | utils.logging:log_training_results:301 - val MCE loss:0.98561 * 0.8 * 0.62783
2023-04-28 15:05:56.500 | INFO     | utils.logging:log_training_results:309 - val LLLR :0.30001 * 0.6000000000000001 * -0.29438
2023-04-28 15:05:56.501 | INFO     | utils.logging:log_training_results:317 - val weight decay:934.09308 * 0.00030000000000000003 * -0.55024
2023-04-28 15:05:57.365 | INFO     | utils.logging:save_sdre_imgs:710 - Figures saved.
2023-04-28 15:05:57.689 | INFO     | utils.logging:log_training_results:280 - 
2023-04-28 15:05:57.689 | INFO     | utils.logging:log_training_results:281 - Global Step =   1750
2023-04-28 15:05:57.690 | INFO     | utils.logging:log_training_results:282 - train mean(MacRec)_t: 0.8897514343261719
2023-04-28 15:05:57.690 | INFO     | utils.logging:log_training_results:287 - train mean ABSerr: 0.5226218700408936
2023-04-28 15:05:57.690 | INFO     | utils.logging:log_training_results:290 - train ausat from confmx: 0.9765827655792236
2023-04-28 15:05:57.691 | INFO     | utils.logging:log_training_results:301 - train MCE loss:0.98607 * 0.8 * 0.62783
2023-04-28 15:05:57.691 | INFO     | utils.logging:log_training_results:309 - train LLLR :0.26038 * 0.6000000000000001 * -0.29419
2023-04-28 15:05:57.692 | INFO     | utils.logging:log_training_results:317 - train weight decay:934.09308 * 0.00030000000000000003 * -0.55003
2023-04-28 15:06:17.292 | INFO     | __main__:objective:356 - Starting epoch #5.
2023-04-28 15:06:19.754 | INFO     | utils.logging:log_training_results:280 - 
2023-04-28 15:06:19.755 | INFO     | utils.logging:log_training_results:281 - Global Step =   2000
2023-04-28 15:06:19.755 | INFO     | utils.logging:log_training_results:282 - val mean(MacRec)_t: 0.8736166954040527
2023-04-28 15:06:19.755 | INFO     | utils.logging:log_training_results:287 - val mean ABSerr: 0.3473670482635498
2023-04-28 15:06:19.756 | INFO     | utils.logging:log_training_results:290 - val ausat from confmx: 0.982880711555481
2023-04-28 15:06:19.756 | INFO     | utils.logging:log_training_results:301 - val MCE loss:0.98605 * 0.8 * 0.62804
2023-04-28 15:06:19.757 | INFO     | utils.logging:log_training_results:309 - val LLLR :0.30000 * 0.6000000000000001 * -0.29726
2023-04-28 15:06:19.757 | INFO     | utils.logging:log_training_results:317 - val weight decay:880.25507 * 0.00030000000000000003 * -0.49999
2023-04-28 15:06:20.626 | INFO     | utils.logging:save_sdre_imgs:710 - Figures saved.
2023-04-28 15:06:20.943 | INFO     | utils.logging:log_training_results:280 - 
2023-04-28 15:06:20.944 | INFO     | utils.logging:log_training_results:281 - Global Step =   2000
2023-04-28 15:06:20.944 | INFO     | utils.logging:log_training_results:282 - train mean(MacRec)_t: 0.8862074613571167
2023-04-28 15:06:20.945 | INFO     | utils.logging:log_training_results:287 - train mean ABSerr: 0.5274032950401306
2023-04-28 15:06:20.945 | INFO     | utils.logging:log_training_results:290 - train ausat from confmx: 0.9971259832382202
2023-04-28 15:06:20.945 | INFO     | utils.logging:log_training_results:301 - train MCE loss:0.97900 * 0.8 * 0.62786
2023-04-28 15:06:20.946 | INFO     | utils.logging:log_training_results:309 - train LLLR :0.26371 * 0.6000000000000001 * -0.29705
2023-04-28 15:06:20.946 | INFO     | utils.logging:log_training_results:317 - train weight decay:880.25507 * 0.00030000000000000003 * -0.49979
2023-04-28 15:06:42.950 | INFO     | utils.logging:log_training_results:280 - 
2023-04-28 15:06:42.951 | INFO     | utils.logging:log_training_results:281 - Global Step =   2250
2023-04-28 15:06:42.952 | INFO     | utils.logging:log_training_results:282 - val mean(MacRec)_t: 0.8730766773223877
2023-04-28 15:06:42.952 | INFO     | utils.logging:log_training_results:287 - val mean ABSerr: 0.36799830198287964
2023-04-28 15:06:42.952 | INFO     | utils.logging:log_training_results:290 - val ausat from confmx: 0.9815998673439026
2023-04-28 15:06:42.953 | INFO     | utils.logging:log_training_results:301 - val MCE loss:0.98565 * 0.8 * 0.62781
2023-04-28 15:06:42.953 | INFO     | utils.logging:log_training_results:309 - val LLLR :0.30083 * 0.6000000000000001 * -0.29495
2023-04-28 15:06:42.954 | INFO     | utils.logging:log_training_results:317 - val weight decay:822.11115 * 0.00030000000000000003 * -0.45051
2023-04-28 15:06:43.830 | INFO     | utils.logging:save_sdre_imgs:710 - Figures saved.
2023-04-28 15:06:44.174 | INFO     | utils.logging:log_training_results:280 - 
2023-04-28 15:06:44.175 | INFO     | utils.logging:log_training_results:281 - Global Step =   2250
2023-04-28 15:06:44.175 | INFO     | utils.logging:log_training_results:282 - train mean(MacRec)_t: 0.8962185382843018
2023-04-28 15:06:44.175 | INFO     | utils.logging:log_training_results:287 - train mean ABSerr: 0.49330079555511475
2023-04-28 15:06:44.176 | INFO     | utils.logging:log_training_results:290 - train ausat from confmx: 0.9975345730781555
2023-04-28 15:06:44.176 | INFO     | utils.logging:log_training_results:301 - train MCE loss:0.98383 * 0.8 * 0.62775
2023-04-28 15:06:44.176 | INFO     | utils.logging:log_training_results:309 - train LLLR :0.24415 * 0.6000000000000001 * -0.29466
2023-04-28 15:06:44.177 | INFO     | utils.logging:log_training_results:317 - train weight decay:822.11108 * 0.00030000000000000003 * -0.45031
2023-04-28 15:06:55.855 | INFO     | __main__:objective:356 - Starting epoch #6.
2023-04-28 15:07:06.190 | INFO     | utils.logging:log_training_results:280 - 
2023-04-28 15:07:06.190 | INFO     | utils.logging:log_training_results:281 - Global Step =   2500
2023-04-28 15:07:06.191 | INFO     | utils.logging:log_training_results:282 - val mean(MacRec)_t: 0.8745066523551941
2023-04-28 15:07:06.191 | INFO     | utils.logging:log_training_results:287 - val mean ABSerr: 0.31224825978279114
2023-04-28 15:07:06.191 | INFO     | utils.logging:log_training_results:290 - val ausat from confmx: 0.9825243353843689
2023-04-28 15:07:06.192 | INFO     | utils.logging:log_training_results:301 - val MCE loss:0.98529 * 0.8 * 0.62813
2023-04-28 15:07:06.192 | INFO     | utils.logging:log_training_results:309 - val LLLR :0.29684 * 0.6000000000000001 * -0.29386
2023-04-28 15:07:06.193 | INFO     | utils.logging:log_training_results:317 - val weight decay:758.55334 * 0.00030000000000000003 * -0.40239
2023-04-28 15:07:07.061 | INFO     | utils.logging:save_sdre_imgs:710 - Figures saved.
2023-04-28 15:07:07.386 | INFO     | utils.logging:log_training_results:280 - 
2023-04-28 15:07:07.387 | INFO     | utils.logging:log_training_results:281 - Global Step =   2500
2023-04-28 15:07:07.387 | INFO     | utils.logging:log_training_results:282 - train mean(MacRec)_t: 0.8609156608581543
2023-04-28 15:07:07.388 | INFO     | utils.logging:log_training_results:287 - train mean ABSerr: 0.49985837936401367
2023-04-28 15:07:07.388 | INFO     | utils.logging:log_training_results:290 - train ausat from confmx: 0.963258683681488
2023-04-28 15:07:07.388 | INFO     | utils.logging:log_training_results:301 - train MCE loss:0.98803 * 0.8 * 0.62817
2023-04-28 15:07:07.389 | INFO     | utils.logging:log_training_results:309 - train LLLR :0.32962 * 0.6000000000000001 * -0.29415
2023-04-28 15:07:07.389 | INFO     | utils.logging:log_training_results:317 - train weight decay:758.55328 * 0.00030000000000000003 * -0.40220
2023-04-28 15:07:29.265 | INFO     | utils.logging:log_training_results:280 - 
2023-04-28 15:07:29.266 | INFO     | utils.logging:log_training_results:281 - Global Step =   2750
2023-04-28 15:07:29.267 | INFO     | utils.logging:log_training_results:282 - val mean(MacRec)_t: 0.8750399351119995
2023-04-28 15:07:29.267 | INFO     | utils.logging:log_training_results:287 - val mean ABSerr: 0.2790852189064026
2023-04-28 15:07:29.267 | INFO     | utils.logging:log_training_results:290 - val ausat from confmx: 0.9827983975410461
2023-04-28 15:07:29.268 | INFO     | utils.logging:log_training_results:301 - val MCE loss:0.98559 * 0.8 * 0.62738
2023-04-28 15:07:29.268 | INFO     | utils.logging:log_training_results:309 - val LLLR :0.29649 * 0.6000000000000001 * -0.29609
2023-04-28 15:07:29.269 | INFO     | utils.logging:log_training_results:317 - val weight decay:689.11365 * 0.00030000000000000003 * -0.35698
2023-04-28 15:07:30.135 | INFO     | utils.logging:save_sdre_imgs:710 - Figures saved.
2023-04-28 15:07:30.454 | INFO     | utils.logging:log_training_results:280 - 
2023-04-28 15:07:30.455 | INFO     | utils.logging:log_training_results:281 - Global Step =   2750
2023-04-28 15:07:30.455 | INFO     | utils.logging:log_training_results:282 - train mean(MacRec)_t: 0.8671728372573853
2023-04-28 15:07:30.455 | INFO     | utils.logging:log_training_results:287 - train mean ABSerr: 0.4232472777366638
2023-04-28 15:07:30.456 | INFO     | utils.logging:log_training_results:290 - train ausat from confmx: 0.9837867617607117
2023-04-28 15:07:30.456 | INFO     | utils.logging:log_training_results:301 - train MCE loss:0.98857 * 0.8 * 0.62751
2023-04-28 15:07:30.457 | INFO     | utils.logging:log_training_results:309 - train LLLR :0.31991 * 0.6000000000000001 * -0.29627
2023-04-28 15:07:30.457 | INFO     | utils.logging:log_training_results:317 - train weight decay:689.11365 * 0.00030000000000000003 * -0.35680
2023-04-28 15:07:34.359 | INFO     | __main__:objective:356 - Starting epoch #7.
2023-04-28 15:07:52.373 | INFO     | utils.logging:log_training_results:280 - 
2023-04-28 15:07:52.374 | INFO     | utils.logging:log_training_results:281 - Global Step =   3000
2023-04-28 15:07:52.374 | INFO     | utils.logging:log_training_results:282 - val mean(MacRec)_t: 0.8744300007820129
2023-04-28 15:07:52.375 | INFO     | utils.logging:log_training_results:287 - val mean ABSerr: 0.2988688051700592
2023-04-28 15:07:52.375 | INFO     | utils.logging:log_training_results:290 - val ausat from confmx: 0.981257975101471
2023-04-28 15:07:52.376 | INFO     | utils.logging:log_training_results:301 - val MCE loss:0.98521 * 0.8 * 0.62752
2023-04-28 15:07:52.377 | INFO     | utils.logging:log_training_results:309 - val LLLR :0.29778 * 0.6000000000000001 * -0.29420
2023-04-28 15:07:52.377 | INFO     | utils.logging:log_training_results:317 - val weight decay:615.76581 * 0.00030000000000000003 * -0.31736
2023-04-28 15:07:53.247 | INFO     | utils.logging:save_sdre_imgs:710 - Figures saved.
2023-04-28 15:07:53.583 | INFO     | utils.logging:log_training_results:280 - 
2023-04-28 15:07:53.584 | INFO     | utils.logging:log_training_results:281 - Global Step =   3000
2023-04-28 15:07:53.585 | INFO     | utils.logging:log_training_results:282 - train mean(MacRec)_t: 0.8698405027389526
2023-04-28 15:07:53.585 | INFO     | utils.logging:log_training_results:287 - train mean ABSerr: 0.4548732340335846
2023-04-28 15:07:53.586 | INFO     | utils.logging:log_training_results:290 - train ausat from confmx: 0.9968958497047424
2023-04-28 15:07:53.586 | INFO     | utils.logging:log_training_results:301 - train MCE loss:0.98787 * 0.8 * 0.62761
2023-04-28 15:07:53.587 | INFO     | utils.logging:log_training_results:309 - train LLLR :0.30548 * 0.6000000000000001 * -0.29432
2023-04-28 15:07:53.587 | INFO     | utils.logging:log_training_results:317 - train weight decay:615.76581 * 0.00030000000000000003 * -0.31722
2023-04-28 15:08:09.190 | INFO     | __main__:objective:356 - Starting epoch #8.
2023-04-28 15:08:15.453 | INFO     | utils.logging:log_training_results:280 - 
2023-04-28 15:08:15.454 | INFO     | utils.logging:log_training_results:281 - Global Step =   3250
2023-04-28 15:08:15.454 | INFO     | utils.logging:log_training_results:282 - val mean(MacRec)_t: 0.8750366568565369
2023-04-28 15:08:15.454 | INFO     | utils.logging:log_training_results:287 - val mean ABSerr: 0.266995906829834
2023-04-28 15:08:15.455 | INFO     | utils.logging:log_training_results:290 - val ausat from confmx: 0.9827687740325928
2023-04-28 15:08:15.455 | INFO     | utils.logging:log_training_results:301 - val MCE loss:0.98487 * 0.8 * 0.62834
2023-04-28 15:08:15.456 | INFO     | utils.logging:log_training_results:309 - val LLLR :0.29650 * 0.6000000000000001 * -0.29484
2023-04-28 15:08:15.456 | INFO     | utils.logging:log_training_results:317 - val weight decay:542.93958 * 0.00030000000000000003 * -0.28847
2023-04-28 15:08:16.535 | INFO     | utils.logging:save_sdre_imgs:710 - Figures saved.
2023-04-28 15:08:16.860 | INFO     | utils.logging:log_training_results:280 - 
2023-04-28 15:08:16.860 | INFO     | utils.logging:log_training_results:281 - Global Step =   3250
2023-04-28 15:08:16.861 | INFO     | utils.logging:log_training_results:282 - train mean(MacRec)_t: 0.8622841238975525
2023-04-28 15:08:16.861 | INFO     | utils.logging:log_training_results:287 - train mean ABSerr: 0.3926677107810974
2023-04-28 15:08:16.862 | INFO     | utils.logging:log_training_results:290 - train ausat from confmx: 0.9969008564949036
2023-04-28 15:08:16.862 | INFO     | utils.logging:log_training_results:301 - train MCE loss:0.99823 * 0.8 * 0.62866
2023-04-28 15:08:16.862 | INFO     | utils.logging:log_training_results:309 - train LLLR :0.32733 * 0.6000000000000001 * -0.29509
2023-04-28 15:08:16.863 | INFO     | utils.logging:log_training_results:317 - train weight decay:542.93958 * 0.00030000000000000003 * -0.28838
2023-04-28 15:08:38.978 | INFO     | utils.logging:log_training_results:280 - 
2023-04-28 15:08:38.979 | INFO     | utils.logging:log_training_results:281 - Global Step =   3500
2023-04-28 15:08:38.980 | INFO     | utils.logging:log_training_results:282 - val mean(MacRec)_t: 0.8732600212097168
2023-04-28 15:08:38.980 | INFO     | utils.logging:log_training_results:287 - val mean ABSerr: 0.3011566400527954
2023-04-28 15:08:38.980 | INFO     | utils.logging:log_training_results:290 - val ausat from confmx: 0.9817188382148743
2023-04-28 15:08:38.981 | INFO     | utils.logging:log_training_results:301 - val MCE loss:0.98520 * 0.8 * 0.62734
2023-04-28 15:08:38.981 | INFO     | utils.logging:log_training_results:309 - val LLLR :0.29943 * 0.6000000000000001 * -0.29616
2023-04-28 15:08:38.982 | INFO     | utils.logging:log_training_results:317 - val weight decay:473.43027 * 0.00030000000000000003 * -0.26729
2023-04-28 15:08:39.871 | INFO     | utils.logging:save_sdre_imgs:710 - Figures saved.
2023-04-28 15:08:40.189 | INFO     | utils.logging:log_training_results:280 - 
2023-04-28 15:08:40.189 | INFO     | utils.logging:log_training_results:281 - Global Step =   3500
2023-04-28 15:08:40.190 | INFO     | utils.logging:log_training_results:282 - train mean(MacRec)_t: 0.854249119758606
2023-04-28 15:08:40.190 | INFO     | utils.logging:log_training_results:287 - train mean ABSerr: 0.43799951672554016
2023-04-28 15:08:40.190 | INFO     | utils.logging:log_training_results:290 - train ausat from confmx: 0.9904148578643799
2023-04-28 15:08:40.191 | INFO     | utils.logging:log_training_results:301 - train MCE loss:0.99487 * 0.8 * 0.62765
2023-04-28 15:08:40.191 | INFO     | utils.logging:log_training_results:309 - train LLLR :0.35243 * 0.6000000000000001 * -0.29654
2023-04-28 15:08:40.191 | INFO     | utils.logging:log_training_results:317 - train weight decay:473.43024 * 0.00030000000000000003 * -0.26721
2023-04-28 15:08:47.986 | INFO     | __main__:objective:356 - Starting epoch #9.
2023-04-28 15:09:01.993 | INFO     | utils.logging:log_training_results:280 - 
2023-04-28 15:09:01.994 | INFO     | utils.logging:log_training_results:281 - Global Step =   3750
2023-04-28 15:09:01.994 | INFO     | utils.logging:log_training_results:282 - val mean(MacRec)_t: 0.8741967082023621
2023-04-28 15:09:01.994 | INFO     | utils.logging:log_training_results:287 - val mean ABSerr: 0.28964176774024963
2023-04-28 15:09:01.995 | INFO     | utils.logging:log_training_results:290 - val ausat from confmx: 0.9821920394897461
2023-04-28 15:09:01.995 | INFO     | utils.logging:log_training_results:301 - val MCE loss:0.98553 * 0.8 * 0.62828
2023-04-28 15:09:01.996 | INFO     | utils.logging:log_training_results:309 - val LLLR :0.29758 * 0.6000000000000001 * -0.29566
2023-04-28 15:09:01.996 | INFO     | utils.logging:log_training_results:317 - val weight decay:406.33481 * 0.00030000000000000003 * -0.24710
2023-04-28 15:09:02.871 | INFO     | utils.logging:save_sdre_imgs:710 - Figures saved.
2023-04-28 15:09:03.215 | INFO     | utils.logging:log_training_results:280 - 
2023-04-28 15:09:03.215 | INFO     | utils.logging:log_training_results:281 - Global Step =   3750
2023-04-28 15:09:03.216 | INFO     | utils.logging:log_training_results:282 - train mean(MacRec)_t: 0.8718650341033936
2023-04-28 15:09:03.216 | INFO     | utils.logging:log_training_results:287 - train mean ABSerr: 0.42444682121276855
2023-04-28 15:09:03.216 | INFO     | utils.logging:log_training_results:290 - train ausat from confmx: 0.9892767071723938
2023-04-28 15:09:03.217 | INFO     | utils.logging:log_training_results:301 - train MCE loss:0.99319 * 0.8 * 0.62844
2023-04-28 15:09:03.217 | INFO     | utils.logging:log_training_results:309 - train LLLR :0.29519 * 0.6000000000000001 * -0.29569
2023-04-28 15:09:03.217 | INFO     | utils.logging:log_training_results:317 - train weight decay:406.33481 * 0.00030000000000000003 * -0.24702
2023-04-28 15:09:22.328 | INFO     | utils.logging:investigate_log:155 - num_warning=0/num_error=0 in the .log file.
2023-04-28 15:09:22.505 | INFO     | optuna.study.study:_log_completed_trial:1020 - Trial 37 finished with value: 0.016635537147521973 and parameters: {'LIST_IS_POSITIONAL_ENCODING': False, 'LIST_MODEL_BACKBONE': 'Transformer', 'LIST_WEIGHT_DECAY': 0.00030000000000000003, 'LIST_LEARNING_RATE': 0.0002028008671200857, 'LIST_LLLR_VERSION': 'LSEL', 'LIST_ACTIVATION_FC': 'relu', 'LIST_PARAM_MULTIPLET_LOSS': 0.8, 'LIST_PARAM_LLR_LOSS': 0.6000000000000001, 'LIST_IS_ADAPTIVE_LOSS': True, 'LIST_ORDER_SPRT': 1, 'LIST_OPTIMIZER': 'rmsprop', 'LIST_IS_NORMALIZE': False, 'LIST_NUM_THRESH': 1500, 'LIST_SPARSITY': 'unirandom', 'LIST_NUM_BLOCKS': 2, 'LIST_NUM_HEADS': 2, 'LIST_DROPOUT': 0.1, 'LIST_FF_DIM': 32, 'LIST_MLP_UNITS': 64}. Best is trial 37 with value: 0.016635537147521973.
2023-04-28 15:09:22.524 | INFO     | utils.hyperparameter_tuning:suggest_parameters:560 - [33mStarting a tuning phase.[0m
2023-04-28 15:09:22.914 | INFO     | utils.hyperparameter_tuning:print:394 - 
+------------------------------------------+
|   Hyperparameteres suggested by Optuna   |
+------------------------+-----------------+
|     Parameter name     | Suggested value |
+------------------------+-----------------+
|     ACTIVATION_FC      |    B2BsqrtV2    |
|    ACTIVATION_INPUT    |       tanh      |
|   ACTIVATION_OUTPUT    |    B2BsqrtV2    |
|    IS_ADAPTIVE_LOSS    |       True      |
|      IS_NORMALIZE      |      False      |
| IS_POSITIONAL_ENCODING |      False      |
|     LEARNING_RATE      |    0.00020989   |
|      LLLR_VERSION      |       LSEL      |
|     MODEL_BACKBONE     |       LSTM      |
|       NUM_THRESH       |       1500      |
|       OPTIMIZER        |       adam      |
|       ORDER_SPRT       |        1        |
|     PARAM_LLR_LOSS     |       0.6       |
|  PARAM_MULTIPLET_LOSS  |       0.8       |
|        SPARSITY        |    unirandom    |
|      WEIGHT_DECAY      |      0.0003     |
|       WIDTH_LSTM       |       123       |
+------------------------+-----------------+
2023-04-28 15:09:22.916 | INFO     | utils.misc:create_directories_and_log:291 - [33mA new log directory was created: [0m/home/afe/Dropbox/GitHub/SPRT-TANDEM-PyTorch/logs/public_offset0_5_optimausat_confmx_tuning/checkpoints/LSTM_20230428_150922915/configs
2023-04-28 15:09:22.917 | INFO     | utils.misc:create_directories_and_log:291 - [33mA new log directory was created: [0m/home/afe/Dropbox/GitHub/SPRT-TANDEM-PyTorch/logs/public_offset0_5_optimausat_confmx_tuning/TensorBoard_events/LSTM_20230428_150922915
