2023-04-28 03:19:49.821 | INFO     | utils.misc:fix_random_seed:405 - Random seed is not fixed.
2023-04-28 03:19:49.846 | INFO     | models.temporal_integrators:summarize:568 - 
:'######::'########::'########::'########::::::::::::::::::::::
'##... ##: ##.... ##: ##.... ##:... ##..:::::::::::::::::::::::
 ##:::..:: ##:::: ##: ##:::: ##:::: ##:::::::::::::::::::::::::
. ######:: ########:: ########::::: ##::::'#######:::::::::::::
:..... ##: ##.....::: ##.. ##:::::: ##::::........:::::::::::::
'##::: ##: ##:::::::: ##::. ##::::: ##:::::::::::::::::::::::::
. ######:: ##:::::::: ##:::. ##:::: ##:::::::::::::::::::::::::
:......:::..:::::::::..:::::..:::::..::::::::::::::::::::::::::
'########::::'###::::'##::: ##:'########::'########:'##::::'##:
... ##..::::'## ##::: ###:: ##: ##.... ##: ##.....:: ###::'###:
::: ##:::::'##:. ##:: ####: ##: ##:::: ##: ##::::::: ####'####:
::: ##::::'##:::. ##: ## ## ##: ##:::: ##: ######::: ## ### ##:
::: ##:::: #########: ##. ####: ##:::: ##: ##...:::: ##. #: ##:
::: ##:::: ##.... ##: ##:. ###: ##:::: ##: ##::::::: ##:.:: ##:
::: ##:::: ##:::: ##: ##::. ##: ########:: ########: ##:::: ##:
:::..:::::..:::::..::..::::..::........:::........::..:::::..::

2023-04-28 03:19:49.847 | INFO     | models.temporal_integrators:summarize:571 - [34mofficial PyTorch implementation.[0m
2023-04-28 03:19:49.917 | INFO     | models.temporal_integrators:summarize:593 - Network summary:
===============================================================================================
Layer (type:depth-idx)                        Output Shape              Param #
===============================================================================================
TANDEMformer                                  [150, 50, 3, 3]           256
├─TransformerEncoder: 1-1                     [7350, 1, 128]            --
│    └─ModuleList: 2-2                        --                        (recursive)
│    │    └─TransformerEncoderLayer: 3-1      [7350, 1, 128]            74,912
├─Linear: 1-2                                 [7350, 32]                4,128
├─Dropout: 1-3                                [7350, 32]                --
├─TransformerEncoder: 1-4                     [7350, 2, 128]            (recursive)
│    └─ModuleList: 2-2                        --                        (recursive)
│    │    └─TransformerEncoderLayer: 3-2      [7350, 2, 128]            (recursive)
├─Linear: 1-5                                 [7350, 32]                (recursive)
├─Dropout: 1-6                                [7350, 32]                --
├─Linear: 1-7                                 [7350, 3]                 99
├─Linear: 1-8                                 [7350, 3]                 (recursive)
===============================================================================================
Total params: 79,395
Trainable params: 79,395
Non-trainable params: 0
Total mult-adds (M): 192.44
===============================================================================================
Input size (MB): 3.84
Forward/backward pass size (MB): 77.50
Params size (MB): 0.05
Estimated Total Size (MB): 81.39
===============================================================================================
2023-04-28 03:19:49.918 | INFO     | models.temporal_integrators:summarize:594 - Example input shape: torch.Size([150, 50, 128])
2023-04-28 03:19:49.918 | INFO     | models.temporal_integrators:summarize:595 - Example output shape: torch.Size([150, 50, 3, 3])
2023-04-28 03:19:49.923 | INFO     | models.temporal_integrators:import_model:58 - model moved onto: [33mcuda.[0m
2023-04-28 03:19:49.925 | INFO     | models.optimizers:initialize_optimizer:44 - Optimizer:
AdamW (
Parameter Group 0
    amsgrad: False
    betas: (0.9, 0.999)
    capturable: False
    differentiable: False
    eps: 1e-08
    foreach: None
    fused: None
    lr: 0.00011184799324548566
    maximize: False
    weight_decay: 0.0006000000000000001
)
2023-04-28 03:19:49.925 | INFO     | datasets.data_processing:lmdb_dataloaders:293 - loading data... 
2023-04-28 03:19:49.926 | INFO     | datasets.data_processing:lmdb_dataloaders:295 - If this process takes long, consider setting is_load_onto_memory=False or use LMDBIterableDataset.
2023-04-28 03:19:52.433 | INFO     | __main__:objective:356 - Starting epoch #0.
2023-04-28 03:19:54.928 | INFO     | utils.logging:log_training_results:280 - 
2023-04-28 03:19:54.928 | INFO     | utils.logging:log_training_results:281 - Global Step =      0
2023-04-28 03:19:54.929 | INFO     | utils.logging:log_training_results:282 - val mean(MacRec)_t: 0.2929700016975403
2023-04-28 03:19:54.929 | INFO     | utils.logging:log_training_results:287 - val mean ABSerr: 3.536881923675537
2023-04-28 03:19:54.929 | INFO     | utils.logging:log_training_results:290 - val ausat from confmx: 0.2693488597869873
2023-04-28 03:19:54.930 | INFO     | utils.logging:log_training_results:326 - val MCE loss:1.10459 * 0.8
2023-04-28 03:19:54.930 | INFO     | utils.logging:log_training_results:333 - val LLLR :1.23058 * 0.5
2023-04-28 03:19:54.931 | INFO     | utils.logging:log_training_results:340 - val weight decay:785.59491 * 0.0006000000000000001
2023-04-28 03:19:56.014 | INFO     | utils.logging:save_sdre_imgs:710 - Figures saved.
2023-04-28 03:19:56.512 | INFO     | utils.logging:log_training_results:280 - 
2023-04-28 03:19:56.512 | INFO     | utils.logging:log_training_results:281 - Global Step =      0
2023-04-28 03:19:56.513 | INFO     | utils.logging:log_training_results:282 - train mean(MacRec)_t: 0.2771508991718292
2023-04-28 03:19:56.513 | INFO     | utils.logging:log_training_results:287 - train mean ABSerr: 3.5760421752929688
2023-04-28 03:19:56.513 | INFO     | utils.logging:log_training_results:290 - train ausat from confmx: 0.21713250875473022
2023-04-28 03:19:56.514 | INFO     | utils.logging:log_training_results:326 - train MCE loss:1.10487 * 0.8
2023-04-28 03:19:56.514 | INFO     | utils.logging:log_training_results:333 - train LLLR :1.22384 * 0.5
2023-04-28 03:19:56.514 | INFO     | utils.logging:log_training_results:340 - train weight decay:785.59491 * 0.0006000000000000001
2023-04-28 03:20:22.087 | INFO     | utils.logging:log_training_results:280 - 
2023-04-28 03:20:22.087 | INFO     | utils.logging:log_training_results:281 - Global Step =    250
2023-04-28 03:20:22.088 | INFO     | utils.logging:log_training_results:282 - val mean(MacRec)_t: 0.869379997253418
2023-04-28 03:20:22.088 | INFO     | utils.logging:log_training_results:287 - val mean ABSerr: 1.158913016319275
2023-04-28 03:20:22.089 | INFO     | utils.logging:log_training_results:290 - val ausat from confmx: 0.9804213643074036
2023-04-28 03:20:22.089 | INFO     | utils.logging:log_training_results:326 - val MCE loss:0.99761 * 0.8
2023-04-28 03:20:22.089 | INFO     | utils.logging:log_training_results:333 - val LLLR :0.32067 * 0.5
2023-04-28 03:20:22.090 | INFO     | utils.logging:log_training_results:340 - val weight decay:732.49432 * 0.0006000000000000001
2023-04-28 03:20:22.217 | INFO     | utils.checkpoint:update_and_save_result:168 - [36mBest value updated![0m
2023-04-28 03:20:22.230 | INFO     | utils.checkpoint:save_checkpoint:83 - [36mSaved checkpoint[0m at step 250.
2023-04-28 03:20:23.100 | INFO     | utils.logging:save_sdre_imgs:710 - Figures saved.
2023-04-28 03:20:23.554 | INFO     | utils.logging:log_training_results:280 - 
2023-04-28 03:20:23.555 | INFO     | utils.logging:log_training_results:281 - Global Step =    250
2023-04-28 03:20:23.555 | INFO     | utils.logging:log_training_results:282 - train mean(MacRec)_t: 0.8727115988731384
2023-04-28 03:20:23.556 | INFO     | utils.logging:log_training_results:287 - train mean ABSerr: 1.1477830410003662
2023-04-28 03:20:23.556 | INFO     | utils.logging:log_training_results:290 - train ausat from confmx: 0.9909224510192871
2023-04-28 03:20:23.556 | INFO     | utils.logging:log_training_results:326 - train MCE loss:0.99675 * 0.8
2023-04-28 03:20:23.557 | INFO     | utils.logging:log_training_results:333 - train LLLR :0.31796 * 0.5
2023-04-28 03:20:23.557 | INFO     | utils.logging:log_training_results:340 - train weight decay:732.49432 * 0.0006000000000000001
2023-04-28 03:20:37.858 | INFO     | __main__:objective:356 - Starting epoch #1.
2023-04-28 03:20:49.770 | INFO     | utils.logging:log_training_results:280 - 
2023-04-28 03:20:49.770 | INFO     | utils.logging:log_training_results:281 - Global Step =    500
2023-04-28 03:20:49.771 | INFO     | utils.logging:log_training_results:282 - val mean(MacRec)_t: 0.8728066682815552
2023-04-28 03:20:49.771 | INFO     | utils.logging:log_training_results:287 - val mean ABSerr: 0.33964648842811584
2023-04-28 03:20:49.771 | INFO     | utils.logging:log_training_results:290 - val ausat from confmx: 0.9813121557235718
2023-04-28 03:20:49.772 | INFO     | utils.logging:log_training_results:326 - val MCE loss:0.98479 * 0.8
2023-04-28 03:20:49.772 | INFO     | utils.logging:log_training_results:333 - val LLLR :0.30171 * 0.5
2023-04-28 03:20:49.772 | INFO     | utils.logging:log_training_results:340 - val weight decay:682.87335 * 0.0006000000000000001
2023-04-28 03:20:49.908 | INFO     | utils.checkpoint:update_and_save_result:168 - [36mBest value updated![0m
2023-04-28 03:20:49.922 | INFO     | utils.checkpoint:save_checkpoint:83 - [36mSaved checkpoint[0m at step 500.
2023-04-28 03:20:49.925 | INFO     | utils.checkpoint:keep_max_num_saved_models:101 - Removed the oldest model for max_to_keep=1
2023-04-28 03:20:50.971 | INFO     | utils.logging:save_sdre_imgs:710 - Figures saved.
2023-04-28 03:20:51.405 | INFO     | utils.logging:log_training_results:280 - 
2023-04-28 03:20:51.406 | INFO     | utils.logging:log_training_results:281 - Global Step =    500
2023-04-28 03:20:51.406 | INFO     | utils.logging:log_training_results:282 - train mean(MacRec)_t: 0.8946334719657898
2023-04-28 03:20:51.407 | INFO     | utils.logging:log_training_results:287 - train mean ABSerr: 0.339931458234787
2023-04-28 03:20:51.407 | INFO     | utils.logging:log_training_results:290 - train ausat from confmx: 0.9844828248023987
2023-04-28 03:20:51.407 | INFO     | utils.logging:log_training_results:326 - train MCE loss:0.98152 * 0.8
2023-04-28 03:20:51.408 | INFO     | utils.logging:log_training_results:333 - train LLLR :0.25449 * 0.5
2023-04-28 03:20:51.408 | INFO     | utils.logging:log_training_results:340 - train weight decay:682.87335 * 0.0006000000000000001
2023-04-28 03:21:17.395 | INFO     | utils.logging:log_training_results:280 - 
2023-04-28 03:21:17.396 | INFO     | utils.logging:log_training_results:281 - Global Step =    750
2023-04-28 03:21:17.396 | INFO     | utils.logging:log_training_results:282 - val mean(MacRec)_t: 0.8731799721717834
2023-04-28 03:21:17.396 | INFO     | utils.logging:log_training_results:287 - val mean ABSerr: 0.3158906400203705
2023-04-28 03:21:17.397 | INFO     | utils.logging:log_training_results:290 - val ausat from confmx: 0.9820955991744995
2023-04-28 03:21:17.397 | INFO     | utils.logging:log_training_results:326 - val MCE loss:0.98464 * 0.8
2023-04-28 03:21:17.397 | INFO     | utils.logging:log_training_results:333 - val LLLR :0.29969 * 0.5
2023-04-28 03:21:17.398 | INFO     | utils.logging:log_training_results:340 - val weight decay:637.33264 * 0.0006000000000000001
2023-04-28 03:21:17.528 | INFO     | utils.checkpoint:update_and_save_result:168 - [36mBest value updated![0m
2023-04-28 03:21:17.547 | INFO     | utils.checkpoint:save_checkpoint:83 - [36mSaved checkpoint[0m at step 750.
2023-04-28 03:21:17.550 | INFO     | utils.checkpoint:keep_max_num_saved_models:101 - Removed the oldest model for max_to_keep=1
2023-04-28 03:21:18.477 | INFO     | utils.logging:save_sdre_imgs:710 - Figures saved.
2023-04-28 03:21:18.918 | INFO     | utils.logging:log_training_results:280 - 
2023-04-28 03:21:18.919 | INFO     | utils.logging:log_training_results:281 - Global Step =    750
2023-04-28 03:21:18.920 | INFO     | utils.logging:log_training_results:282 - train mean(MacRec)_t: 0.8653510808944702
2023-04-28 03:21:18.920 | INFO     | utils.logging:log_training_results:287 - train mean ABSerr: 0.3125690221786499
2023-04-28 03:21:18.920 | INFO     | utils.logging:log_training_results:290 - train ausat from confmx: 0.9901101589202881
2023-04-28 03:21:18.921 | INFO     | utils.logging:log_training_results:326 - train MCE loss:0.98360 * 0.8
2023-04-28 03:21:18.921 | INFO     | utils.logging:log_training_results:333 - train LLLR :0.32193 * 0.5
2023-04-28 03:21:18.921 | INFO     | utils.logging:log_training_results:340 - train weight decay:637.33258 * 0.0006000000000000001
2023-04-28 03:21:23.706 | INFO     | __main__:objective:356 - Starting epoch #2.
2023-04-28 03:21:44.907 | INFO     | utils.logging:log_training_results:280 - 
2023-04-28 03:21:44.908 | INFO     | utils.logging:log_training_results:281 - Global Step =   1000
2023-04-28 03:21:44.908 | INFO     | utils.logging:log_training_results:282 - val mean(MacRec)_t: 0.873906672000885
2023-04-28 03:21:44.908 | INFO     | utils.logging:log_training_results:287 - val mean ABSerr: 0.28304290771484375
2023-04-28 03:21:44.909 | INFO     | utils.logging:log_training_results:290 - val ausat from confmx: 0.982163667678833
2023-04-28 03:21:44.909 | INFO     | utils.logging:log_training_results:326 - val MCE loss:0.98428 * 0.8
2023-04-28 03:21:44.910 | INFO     | utils.logging:log_training_results:333 - val LLLR :0.29873 * 0.5
2023-04-28 03:21:44.910 | INFO     | utils.logging:log_training_results:340 - val weight decay:596.81342 * 0.0006000000000000001
2023-04-28 03:21:45.040 | INFO     | utils.checkpoint:update_and_save_result:168 - [36mBest value updated![0m
2023-04-28 03:21:45.052 | INFO     | utils.checkpoint:save_checkpoint:83 - [36mSaved checkpoint[0m at step 1000.
2023-04-28 03:21:45.055 | INFO     | utils.checkpoint:keep_max_num_saved_models:101 - Removed the oldest model for max_to_keep=1
2023-04-28 03:21:45.928 | INFO     | utils.logging:save_sdre_imgs:710 - Figures saved.
2023-04-28 03:21:46.359 | INFO     | utils.logging:log_training_results:280 - 
2023-04-28 03:21:46.360 | INFO     | utils.logging:log_training_results:281 - Global Step =   1000
2023-04-28 03:21:46.360 | INFO     | utils.logging:log_training_results:282 - train mean(MacRec)_t: 0.8887419700622559
2023-04-28 03:21:46.361 | INFO     | utils.logging:log_training_results:287 - train mean ABSerr: 0.2782622277736664
2023-04-28 03:21:46.361 | INFO     | utils.logging:log_training_results:290 - train ausat from confmx: 0.9905430674552917
2023-04-28 03:21:46.361 | INFO     | utils.logging:log_training_results:326 - train MCE loss:0.98187 * 0.8
2023-04-28 03:21:46.362 | INFO     | utils.logging:log_training_results:333 - train LLLR :0.27805 * 0.5
2023-04-28 03:21:46.362 | INFO     | utils.logging:log_training_results:340 - train weight decay:596.81342 * 0.0006000000000000001
2023-04-28 03:22:06.001 | INFO     | __main__:objective:356 - Starting epoch #3.
2023-04-28 03:22:13.052 | INFO     | utils.logging:log_training_results:280 - 
2023-04-28 03:22:13.053 | INFO     | utils.logging:log_training_results:281 - Global Step =   1250
2023-04-28 03:22:13.054 | INFO     | utils.logging:log_training_results:282 - val mean(MacRec)_t: 0.8740233182907104
2023-04-28 03:22:13.054 | INFO     | utils.logging:log_training_results:287 - val mean ABSerr: 0.27580714225769043
2023-04-28 03:22:13.054 | INFO     | utils.logging:log_training_results:290 - val ausat from confmx: 0.9827260375022888
2023-04-28 03:22:13.055 | INFO     | utils.logging:log_training_results:326 - val MCE loss:0.98405 * 0.8
2023-04-28 03:22:13.055 | INFO     | utils.logging:log_training_results:333 - val LLLR :0.29758 * 0.5
2023-04-28 03:22:13.056 | INFO     | utils.logging:log_training_results:340 - val weight decay:559.91534 * 0.0006000000000000001
2023-04-28 03:22:13.187 | INFO     | utils.checkpoint:update_and_save_result:168 - [36mBest value updated![0m
2023-04-28 03:22:13.201 | INFO     | utils.checkpoint:save_checkpoint:83 - [36mSaved checkpoint[0m at step 1250.
2023-04-28 03:22:13.204 | INFO     | utils.checkpoint:keep_max_num_saved_models:101 - Removed the oldest model for max_to_keep=1
2023-04-28 03:22:14.078 | INFO     | utils.logging:save_sdre_imgs:710 - Figures saved.
2023-04-28 03:22:14.526 | INFO     | utils.logging:log_training_results:280 - 
2023-04-28 03:22:14.527 | INFO     | utils.logging:log_training_results:281 - Global Step =   1250
2023-04-28 03:22:14.527 | INFO     | utils.logging:log_training_results:282 - train mean(MacRec)_t: 0.8913823366165161
2023-04-28 03:22:14.527 | INFO     | utils.logging:log_training_results:287 - train mean ABSerr: 0.26134172081947327
2023-04-28 03:22:14.528 | INFO     | utils.logging:log_training_results:290 - train ausat from confmx: 0.997440755367279
2023-04-28 03:22:14.528 | INFO     | utils.logging:log_training_results:326 - train MCE loss:0.98580 * 0.8
2023-04-28 03:22:14.528 | INFO     | utils.logging:log_training_results:333 - train LLLR :0.26367 * 0.5
2023-04-28 03:22:14.529 | INFO     | utils.logging:log_training_results:340 - train weight decay:559.91534 * 0.0006000000000000001
2023-04-28 03:22:39.886 | INFO     | utils.logging:log_training_results:280 - 
2023-04-28 03:22:39.887 | INFO     | utils.logging:log_training_results:281 - Global Step =   1500
2023-04-28 03:22:39.887 | INFO     | utils.logging:log_training_results:282 - val mean(MacRec)_t: 0.8742200136184692
2023-04-28 03:22:39.887 | INFO     | utils.logging:log_training_results:287 - val mean ABSerr: 0.25509390234947205
2023-04-28 03:22:39.888 | INFO     | utils.logging:log_training_results:290 - val ausat from confmx: 0.9818324446678162
2023-04-28 03:22:39.888 | INFO     | utils.logging:log_training_results:326 - val MCE loss:0.98418 * 0.8
2023-04-28 03:22:39.888 | INFO     | utils.logging:log_training_results:333 - val LLLR :0.29773 * 0.5
2023-04-28 03:22:39.889 | INFO     | utils.logging:log_training_results:340 - val weight decay:526.06293 * 0.0006000000000000001
2023-04-28 03:22:40.871 | INFO     | utils.logging:save_sdre_imgs:710 - Figures saved.
2023-04-28 03:22:41.310 | INFO     | utils.logging:log_training_results:280 - 
2023-04-28 03:22:41.311 | INFO     | utils.logging:log_training_results:281 - Global Step =   1500
2023-04-28 03:22:41.311 | INFO     | utils.logging:log_training_results:282 - train mean(MacRec)_t: 0.8895171880722046
2023-04-28 03:22:41.312 | INFO     | utils.logging:log_training_results:287 - train mean ABSerr: 0.2362525463104248
2023-04-28 03:22:41.312 | INFO     | utils.logging:log_training_results:290 - train ausat from confmx: 0.9851498007774353
2023-04-28 03:22:41.312 | INFO     | utils.logging:log_training_results:326 - train MCE loss:0.98696 * 0.8
2023-04-28 03:22:41.313 | INFO     | utils.logging:log_training_results:333 - train LLLR :0.28152 * 0.5
2023-04-28 03:22:41.313 | INFO     | utils.logging:log_training_results:340 - train weight decay:526.06293 * 0.0006000000000000001
2023-04-28 03:22:50.555 | INFO     | __main__:objective:356 - Starting epoch #4.
2023-04-28 03:23:06.922 | INFO     | utils.logging:log_training_results:280 - 
2023-04-28 03:23:06.922 | INFO     | utils.logging:log_training_results:281 - Global Step =   1750
2023-04-28 03:23:06.923 | INFO     | utils.logging:log_training_results:282 - val mean(MacRec)_t: 0.8751099705696106
2023-04-28 03:23:06.923 | INFO     | utils.logging:log_training_results:287 - val mean ABSerr: 0.22576865553855896
2023-04-28 03:23:06.923 | INFO     | utils.logging:log_training_results:290 - val ausat from confmx: 0.9826591610908508
2023-04-28 03:23:06.924 | INFO     | utils.logging:log_training_results:326 - val MCE loss:0.98386 * 0.8
2023-04-28 03:23:06.924 | INFO     | utils.logging:log_training_results:333 - val LLLR :0.29563 * 0.5
2023-04-28 03:23:06.924 | INFO     | utils.logging:log_training_results:340 - val weight decay:495.07480 * 0.0006000000000000001
2023-04-28 03:23:07.957 | INFO     | utils.logging:save_sdre_imgs:710 - Figures saved.
2023-04-28 03:23:08.413 | INFO     | utils.logging:log_training_results:280 - 
2023-04-28 03:23:08.413 | INFO     | utils.logging:log_training_results:281 - Global Step =   1750
2023-04-28 03:23:08.413 | INFO     | utils.logging:log_training_results:282 - train mean(MacRec)_t: 0.8657442331314087
2023-04-28 03:23:08.414 | INFO     | utils.logging:log_training_results:287 - train mean ABSerr: 0.21913084387779236
2023-04-28 03:23:08.414 | INFO     | utils.logging:log_training_results:290 - train ausat from confmx: 0.9967537522315979
2023-04-28 03:23:08.415 | INFO     | utils.logging:log_training_results:326 - train MCE loss:0.98593 * 0.8
2023-04-28 03:23:08.415 | INFO     | utils.logging:log_training_results:333 - train LLLR :0.30309 * 0.5
2023-04-28 03:23:08.415 | INFO     | utils.logging:log_training_results:340 - train weight decay:495.07483 * 0.0006000000000000001
2023-04-28 03:23:31.602 | INFO     | __main__:objective:356 - Starting epoch #5.
2023-04-28 03:23:33.968 | INFO     | utils.logging:log_training_results:280 - 
2023-04-28 03:23:33.969 | INFO     | utils.logging:log_training_results:281 - Global Step =   2000
2023-04-28 03:23:33.969 | INFO     | utils.logging:log_training_results:282 - val mean(MacRec)_t: 0.874769926071167
2023-04-28 03:23:33.969 | INFO     | utils.logging:log_training_results:287 - val mean ABSerr: 0.21729250252246857
2023-04-28 03:23:33.970 | INFO     | utils.logging:log_training_results:290 - val ausat from confmx: 0.9831545352935791
2023-04-28 03:23:33.970 | INFO     | utils.logging:log_training_results:326 - val MCE loss:0.98375 * 0.8
2023-04-28 03:23:33.970 | INFO     | utils.logging:log_training_results:333 - val LLLR :0.29536 * 0.5
2023-04-28 03:23:33.971 | INFO     | utils.logging:log_training_results:340 - val weight decay:466.48672 * 0.0006000000000000001
2023-04-28 03:23:34.094 | INFO     | utils.checkpoint:update_and_save_result:168 - [36mBest value updated![0m
2023-04-28 03:23:34.107 | INFO     | utils.checkpoint:save_checkpoint:83 - [36mSaved checkpoint[0m at step 2000.
2023-04-28 03:23:34.112 | INFO     | utils.checkpoint:keep_max_num_saved_models:101 - Removed the oldest model for max_to_keep=1
2023-04-28 03:23:35.173 | INFO     | utils.logging:save_sdre_imgs:710 - Figures saved.
2023-04-28 03:23:35.595 | INFO     | utils.logging:log_training_results:280 - 
2023-04-28 03:23:35.596 | INFO     | utils.logging:log_training_results:281 - Global Step =   2000
2023-04-28 03:23:35.596 | INFO     | utils.logging:log_training_results:282 - train mean(MacRec)_t: 0.8763120174407959
2023-04-28 03:23:35.597 | INFO     | utils.logging:log_training_results:287 - train mean ABSerr: 0.22009603679180145
2023-04-28 03:23:35.597 | INFO     | utils.logging:log_training_results:290 - train ausat from confmx: 0.9968500733375549
2023-04-28 03:23:35.597 | INFO     | utils.logging:log_training_results:326 - train MCE loss:0.98657 * 0.8
2023-04-28 03:23:35.598 | INFO     | utils.logging:log_training_results:333 - train LLLR :0.29553 * 0.5
2023-04-28 03:23:35.598 | INFO     | utils.logging:log_training_results:340 - train weight decay:466.48676 * 0.0006000000000000001
2023-04-28 03:24:02.414 | INFO     | utils.logging:log_training_results:280 - 
2023-04-28 03:24:02.415 | INFO     | utils.logging:log_training_results:281 - Global Step =   2250
2023-04-28 03:24:02.415 | INFO     | utils.logging:log_training_results:282 - val mean(MacRec)_t: 0.8749300241470337
2023-04-28 03:24:02.416 | INFO     | utils.logging:log_training_results:287 - val mean ABSerr: 0.21774956583976746
2023-04-28 03:24:02.416 | INFO     | utils.logging:log_training_results:290 - val ausat from confmx: 0.9827132821083069
2023-04-28 03:24:02.416 | INFO     | utils.logging:log_training_results:326 - val MCE loss:0.98368 * 0.8
2023-04-28 03:24:02.417 | INFO     | utils.logging:log_training_results:333 - val LLLR :0.29518 * 0.5
2023-04-28 03:24:02.417 | INFO     | utils.logging:log_training_results:340 - val weight decay:440.04599 * 0.0006000000000000001
2023-04-28 03:24:03.468 | INFO     | utils.logging:save_sdre_imgs:710 - Figures saved.
2023-04-28 03:24:03.984 | INFO     | utils.logging:log_training_results:280 - 
2023-04-28 03:24:03.984 | INFO     | utils.logging:log_training_results:281 - Global Step =   2250
2023-04-28 03:24:03.985 | INFO     | utils.logging:log_training_results:282 - train mean(MacRec)_t: 0.887762188911438
2023-04-28 03:24:03.985 | INFO     | utils.logging:log_training_results:287 - train mean ABSerr: 0.21589310467243195
2023-04-28 03:24:03.985 | INFO     | utils.logging:log_training_results:290 - train ausat from confmx: 0.983201265335083
2023-04-28 03:24:03.986 | INFO     | utils.logging:log_training_results:326 - train MCE loss:0.98264 * 0.8
2023-04-28 03:24:03.986 | INFO     | utils.logging:log_training_results:333 - train LLLR :0.27025 * 0.5
2023-04-28 03:24:03.987 | INFO     | utils.logging:log_training_results:340 - train weight decay:440.04599 * 0.0006000000000000001
2023-04-28 03:24:18.297 | INFO     | __main__:objective:356 - Starting epoch #6.
2023-04-28 03:24:30.285 | INFO     | utils.logging:log_training_results:280 - 
2023-04-28 03:24:30.285 | INFO     | utils.logging:log_training_results:281 - Global Step =   2500
2023-04-28 03:24:30.286 | INFO     | utils.logging:log_training_results:282 - val mean(MacRec)_t: 0.8746299743652344
2023-04-28 03:24:30.286 | INFO     | utils.logging:log_training_results:287 - val mean ABSerr: 0.22597448527812958
2023-04-28 03:24:30.287 | INFO     | utils.logging:log_training_results:290 - val ausat from confmx: 0.9828237295150757
2023-04-28 03:24:30.287 | INFO     | utils.logging:log_training_results:326 - val MCE loss:0.98386 * 0.8
2023-04-28 03:24:30.287 | INFO     | utils.logging:log_training_results:333 - val LLLR :0.29706 * 0.5
2023-04-28 03:24:30.288 | INFO     | utils.logging:log_training_results:340 - val weight decay:415.59384 * 0.0006000000000000001
2023-04-28 03:24:31.321 | INFO     | utils.logging:save_sdre_imgs:710 - Figures saved.
2023-04-28 03:24:31.773 | INFO     | utils.logging:log_training_results:280 - 
2023-04-28 03:24:31.774 | INFO     | utils.logging:log_training_results:281 - Global Step =   2500
2023-04-28 03:24:31.774 | INFO     | utils.logging:log_training_results:282 - train mean(MacRec)_t: 0.8880643844604492
2023-04-28 03:24:31.775 | INFO     | utils.logging:log_training_results:287 - train mean ABSerr: 0.22466176748275757
2023-04-28 03:24:31.775 | INFO     | utils.logging:log_training_results:290 - train ausat from confmx: 0.9888097047805786
2023-04-28 03:24:31.776 | INFO     | utils.logging:log_training_results:326 - train MCE loss:0.98352 * 0.8
2023-04-28 03:24:31.776 | INFO     | utils.logging:log_training_results:333 - train LLLR :0.26850 * 0.5
2023-04-28 03:24:31.777 | INFO     | utils.logging:log_training_results:340 - train weight decay:415.59381 * 0.0006000000000000001
2023-04-28 03:24:57.081 | INFO     | utils.logging:log_training_results:280 - 
2023-04-28 03:24:57.082 | INFO     | utils.logging:log_training_results:281 - Global Step =   2750
2023-04-28 03:24:57.082 | INFO     | utils.logging:log_training_results:282 - val mean(MacRec)_t: 0.8745967149734497
2023-04-28 03:24:57.083 | INFO     | utils.logging:log_training_results:287 - val mean ABSerr: 0.2526159882545471
2023-04-28 03:24:57.083 | INFO     | utils.logging:log_training_results:290 - val ausat from confmx: 0.9824833869934082
2023-04-28 03:24:57.083 | INFO     | utils.logging:log_training_results:326 - val MCE loss:0.98370 * 0.8
2023-04-28 03:24:57.084 | INFO     | utils.logging:log_training_results:333 - val LLLR :0.29665 * 0.5
2023-04-28 03:24:57.084 | INFO     | utils.logging:log_training_results:340 - val weight decay:392.86926 * 0.0006000000000000001
2023-04-28 03:24:58.173 | INFO     | utils.logging:save_sdre_imgs:710 - Figures saved.
2023-04-28 03:24:58.617 | INFO     | utils.logging:log_training_results:280 - 
2023-04-28 03:24:58.618 | INFO     | utils.logging:log_training_results:281 - Global Step =   2750
2023-04-28 03:24:58.620 | INFO     | utils.logging:log_training_results:282 - train mean(MacRec)_t: 0.866666853427887
2023-04-28 03:24:58.621 | INFO     | utils.logging:log_training_results:287 - train mean ABSerr: 0.23688974976539612
2023-04-28 03:24:58.621 | INFO     | utils.logging:log_training_results:290 - train ausat from confmx: 0.9760717749595642
2023-04-28 03:24:58.622 | INFO     | utils.logging:log_training_results:326 - train MCE loss:0.98308 * 0.8
2023-04-28 03:24:58.622 | INFO     | utils.logging:log_training_results:333 - train LLLR :0.33484 * 0.5
2023-04-28 03:24:58.622 | INFO     | utils.logging:log_training_results:340 - train weight decay:392.86926 * 0.0006000000000000001
2023-04-28 03:25:03.312 | INFO     | __main__:objective:356 - Starting epoch #7.
2023-04-28 03:25:24.592 | INFO     | utils.logging:log_training_results:280 - 
2023-04-28 03:25:24.592 | INFO     | utils.logging:log_training_results:281 - Global Step =   3000
2023-04-28 03:25:24.593 | INFO     | utils.logging:log_training_results:282 - val mean(MacRec)_t: 0.875456690788269
2023-04-28 03:25:24.593 | INFO     | utils.logging:log_training_results:287 - val mean ABSerr: 0.19300630688667297
2023-04-28 03:25:24.594 | INFO     | utils.logging:log_training_results:290 - val ausat from confmx: 0.9832970499992371
2023-04-28 03:25:24.594 | INFO     | utils.logging:log_training_results:326 - val MCE loss:0.98363 * 0.8
2023-04-28 03:25:24.594 | INFO     | utils.logging:log_training_results:333 - val LLLR :0.29464 * 0.5
2023-04-28 03:25:24.595 | INFO     | utils.logging:log_training_results:340 - val weight decay:371.62933 * 0.0006000000000000001
2023-04-28 03:25:24.724 | INFO     | utils.checkpoint:update_and_save_result:168 - [36mBest value updated![0m
2023-04-28 03:25:24.739 | INFO     | utils.checkpoint:save_checkpoint:83 - [36mSaved checkpoint[0m at step 3000.
2023-04-28 03:25:24.742 | INFO     | utils.checkpoint:keep_max_num_saved_models:101 - Removed the oldest model for max_to_keep=1
2023-04-28 03:25:25.792 | INFO     | utils.logging:save_sdre_imgs:710 - Figures saved.
2023-04-28 03:25:26.219 | INFO     | utils.logging:log_training_results:280 - 
2023-04-28 03:25:26.220 | INFO     | utils.logging:log_training_results:281 - Global Step =   3000
2023-04-28 03:25:26.220 | INFO     | utils.logging:log_training_results:282 - train mean(MacRec)_t: 0.8910812139511108
2023-04-28 03:25:26.221 | INFO     | utils.logging:log_training_results:287 - train mean ABSerr: 0.1975446194410324
2023-04-28 03:25:26.221 | INFO     | utils.logging:log_training_results:290 - train ausat from confmx: 0.991710364818573
2023-04-28 03:25:26.221 | INFO     | utils.logging:log_training_results:326 - train MCE loss:0.97268 * 0.8
2023-04-28 03:25:26.222 | INFO     | utils.logging:log_training_results:333 - train LLLR :0.25386 * 0.5
2023-04-28 03:25:26.222 | INFO     | utils.logging:log_training_results:340 - train weight decay:371.62933 * 0.0006000000000000001
2023-04-28 03:25:45.063 | INFO     | __main__:objective:356 - Starting epoch #8.
2023-04-28 03:25:52.288 | INFO     | utils.logging:log_training_results:280 - 
2023-04-28 03:25:52.289 | INFO     | utils.logging:log_training_results:281 - Global Step =   3250
2023-04-28 03:25:52.289 | INFO     | utils.logging:log_training_results:282 - val mean(MacRec)_t: 0.8747666478157043
2023-04-28 03:25:52.290 | INFO     | utils.logging:log_training_results:287 - val mean ABSerr: 0.21616004407405853
2023-04-28 03:25:52.290 | INFO     | utils.logging:log_training_results:290 - val ausat from confmx: 0.9825212359428406
2023-04-28 03:25:52.291 | INFO     | utils.logging:log_training_results:326 - val MCE loss:0.98375 * 0.8
2023-04-28 03:25:52.291 | INFO     | utils.logging:log_training_results:333 - val LLLR :0.29604 * 0.5
2023-04-28 03:25:52.291 | INFO     | utils.logging:log_training_results:340 - val weight decay:352.01791 * 0.0006000000000000001
2023-04-28 03:25:53.318 | INFO     | utils.logging:save_sdre_imgs:710 - Figures saved.
2023-04-28 03:25:53.787 | INFO     | utils.logging:log_training_results:280 - 
2023-04-28 03:25:53.788 | INFO     | utils.logging:log_training_results:281 - Global Step =   3250
2023-04-28 03:25:53.788 | INFO     | utils.logging:log_training_results:282 - train mean(MacRec)_t: 0.887629508972168
2023-04-28 03:25:53.788 | INFO     | utils.logging:log_training_results:287 - train mean ABSerr: 0.20785431563854218
2023-04-28 03:25:53.789 | INFO     | utils.logging:log_training_results:290 - train ausat from confmx: 0.9972991347312927
2023-04-28 03:25:53.789 | INFO     | utils.logging:log_training_results:326 - train MCE loss:0.98598 * 0.8
2023-04-28 03:25:53.789 | INFO     | utils.logging:log_training_results:333 - train LLLR :0.26156 * 0.5
2023-04-28 03:25:53.790 | INFO     | utils.logging:log_training_results:340 - train weight decay:352.01791 * 0.0006000000000000001
2023-04-28 03:26:19.894 | INFO     | utils.logging:log_training_results:280 - 
2023-04-28 03:26:19.896 | INFO     | utils.logging:log_training_results:281 - Global Step =   3500
2023-04-28 03:26:19.897 | INFO     | utils.logging:log_training_results:282 - val mean(MacRec)_t: 0.8755666017532349
2023-04-28 03:26:19.897 | INFO     | utils.logging:log_training_results:287 - val mean ABSerr: 0.18763543665409088
2023-04-28 03:26:19.898 | INFO     | utils.logging:log_training_results:290 - val ausat from confmx: 0.9831401109695435
2023-04-28 03:26:19.898 | INFO     | utils.logging:log_training_results:326 - val MCE loss:0.98354 * 0.8
2023-04-28 03:26:19.899 | INFO     | utils.logging:log_training_results:333 - val LLLR :0.29418 * 0.5
2023-04-28 03:26:19.899 | INFO     | utils.logging:log_training_results:340 - val weight decay:333.67624 * 0.0006000000000000001
2023-04-28 03:26:20.890 | INFO     | utils.logging:save_sdre_imgs:710 - Figures saved.
2023-04-28 03:26:21.332 | INFO     | utils.logging:log_training_results:280 - 
2023-04-28 03:26:21.333 | INFO     | utils.logging:log_training_results:281 - Global Step =   3500
2023-04-28 03:26:21.333 | INFO     | utils.logging:log_training_results:282 - train mean(MacRec)_t: 0.8855888843536377
2023-04-28 03:26:21.334 | INFO     | utils.logging:log_training_results:287 - train mean ABSerr: 0.1884743869304657
2023-04-28 03:26:21.334 | INFO     | utils.logging:log_training_results:290 - train ausat from confmx: 0.9798410534858704
2023-04-28 03:26:21.334 | INFO     | utils.logging:log_training_results:326 - train MCE loss:0.97984 * 0.8
2023-04-28 03:26:21.334 | INFO     | utils.logging:log_training_results:333 - train LLLR :0.29331 * 0.5
2023-04-28 03:26:21.335 | INFO     | utils.logging:log_training_results:340 - train weight decay:333.67624 * 0.0006000000000000001
2023-04-28 03:26:30.645 | INFO     | __main__:objective:356 - Starting epoch #9.
2023-04-28 03:26:47.238 | INFO     | utils.logging:log_training_results:280 - 
2023-04-28 03:26:47.239 | INFO     | utils.logging:log_training_results:281 - Global Step =   3750
2023-04-28 03:26:47.239 | INFO     | utils.logging:log_training_results:282 - val mean(MacRec)_t: 0.8755166530609131
2023-04-28 03:26:47.240 | INFO     | utils.logging:log_training_results:287 - val mean ABSerr: 0.187527135014534
2023-04-28 03:26:47.240 | INFO     | utils.logging:log_training_results:290 - val ausat from confmx: 0.9826506972312927
2023-04-28 03:26:47.240 | INFO     | utils.logging:log_training_results:326 - val MCE loss:0.98354 * 0.8
2023-04-28 03:26:47.241 | INFO     | utils.logging:log_training_results:333 - val LLLR :0.29385 * 0.5
2023-04-28 03:26:47.241 | INFO     | utils.logging:log_training_results:340 - val weight decay:316.48608 * 0.0006000000000000001
2023-04-28 03:26:48.453 | INFO     | utils.logging:save_sdre_imgs:710 - Figures saved.
2023-04-28 03:26:48.885 | INFO     | utils.logging:log_training_results:280 - 
2023-04-28 03:26:48.886 | INFO     | utils.logging:log_training_results:281 - Global Step =   3750
2023-04-28 03:26:48.886 | INFO     | utils.logging:log_training_results:282 - train mean(MacRec)_t: 0.8924967646598816
2023-04-28 03:26:48.887 | INFO     | utils.logging:log_training_results:287 - train mean ABSerr: 0.1882314234972
2023-04-28 03:26:48.887 | INFO     | utils.logging:log_training_results:290 - train ausat from confmx: 0.9917144179344177
2023-04-28 03:26:48.887 | INFO     | utils.logging:log_training_results:326 - train MCE loss:0.97668 * 0.8
2023-04-28 03:26:48.888 | INFO     | utils.logging:log_training_results:333 - train LLLR :0.26059 * 0.5
2023-04-28 03:26:48.888 | INFO     | utils.logging:log_training_results:340 - train weight decay:316.48608 * 0.0006000000000000001
2023-04-28 03:27:13.297 | INFO     | utils.logging:investigate_log:155 - num_warning=0/num_error=0 in the .log file.
2023-04-28 03:27:13.481 | INFO     | optuna.study.study:_log_completed_trial:1020 - Trial 14 finished with value: 0.01670295000076294 and parameters: {'LIST_IS_POSITIONAL_ENCODING': False, 'LIST_MODEL_BACKBONE': 'Transformer', 'LIST_WEIGHT_DECAY': 0.0006000000000000001, 'LIST_LEARNING_RATE': 0.00011184799324548566, 'LIST_LLLR_VERSION': 'LSEL', 'LIST_ACTIVATION_FC': 'B2BsqrtV2', 'LIST_PARAM_MULTIPLET_LOSS': 0.8, 'LIST_PARAM_LLR_LOSS': 0.5, 'LIST_IS_ADAPTIVE_LOSS': False, 'LIST_ORDER_SPRT': 1, 'LIST_OPTIMIZER': 'adam', 'LIST_IS_NORMALIZE': False, 'LIST_NUM_THRESH': 1500, 'LIST_SPARSITY': 'unirandom', 'LIST_NUM_BLOCKS': 1, 'LIST_NUM_HEADS': 4, 'LIST_DROPOUT': 0.0, 'LIST_FF_DIM': 32, 'LIST_MLP_UNITS': 32}. Best is trial 13 with value: 0.015693724155426025.
2023-04-28 03:27:13.503 | INFO     | utils.hyperparameter_tuning:suggest_parameters:560 - [33mStarting a tuning phase.[0m
2023-04-28 03:27:13.974 | INFO     | utils.hyperparameter_tuning:print:394 - 
+------------------------------------------+
|   Hyperparameteres suggested by Optuna   |
+------------------------+-----------------+
|     Parameter name     | Suggested value |
+------------------------+-----------------+
|     ACTIVATION_FC      |       relu      |
|        DROPOUT         |       0.0       |
|         FF_DIM         |        32       |
|    IS_ADAPTIVE_LOSS    |      False      |
|      IS_NORMALIZE      |       True      |
| IS_POSITIONAL_ENCODING |      False      |
|     LEARNING_RATE      |    0.00014708   |
|      LLLR_VERSION      |       LLLR      |
|       MLP_UNITS        |        32       |
|     MODEL_BACKBONE     |   Transformer   |
|       NUM_BLOCKS       |        2        |
|       NUM_HEADS        |        4        |
|       NUM_THRESH       |       1500      |
|       OPTIMIZER        |       adam      |
|       ORDER_SPRT       |        1        |
|     PARAM_LLR_LOSS     |       0.5       |
|  PARAM_MULTIPLET_LOSS  |       0.8       |
|        SPARSITY        |    unirandom    |
|      WEIGHT_DECAY      |      0.0006     |
+------------------------+-----------------+
2023-04-28 03:27:13.975 | INFO     | utils.misc:create_directories_and_log:291 - [33mA new log directory was created: [0m/home/afe/Dropbox/GitHub/SPRT-TANDEM-PyTorch/logs/public_offset0_5_optimausat_confmx_tuning/checkpoints/Transformer_20230428_032713974/configs
2023-04-28 03:27:13.976 | INFO     | utils.misc:create_directories_and_log:291 - [33mA new log directory was created: [0m/home/afe/Dropbox/GitHub/SPRT-TANDEM-PyTorch/logs/public_offset0_5_optimausat_confmx_tuning/TensorBoard_events/Transformer_20230428_032713974
