2023-04-28 11:11:02.833 | INFO     | utils.misc:fix_random_seed:405 - Random seed is not fixed.
2023-04-28 11:11:02.859 | INFO     | models.temporal_integrators:summarize:568 - 
:'######::'########::'########::'########::::::::::::::::::::::
'##... ##: ##.... ##: ##.... ##:... ##..:::::::::::::::::::::::
 ##:::..:: ##:::: ##: ##:::: ##:::: ##:::::::::::::::::::::::::
. ######:: ########:: ########::::: ##::::'#######:::::::::::::
:..... ##: ##.....::: ##.. ##:::::: ##::::........:::::::::::::
'##::: ##: ##:::::::: ##::. ##::::: ##:::::::::::::::::::::::::
. ######:: ##:::::::: ##:::. ##:::: ##:::::::::::::::::::::::::
:......:::..:::::::::..:::::..:::::..::::::::::::::::::::::::::
'########::::'###::::'##::: ##:'########::'########:'##::::'##:
... ##..::::'## ##::: ###:: ##: ##.... ##: ##.....:: ###::'###:
::: ##:::::'##:. ##:: ####: ##: ##:::: ##: ##::::::: ####'####:
::: ##::::'##:::. ##: ## ## ##: ##:::: ##: ######::: ## ### ##:
::: ##:::: #########: ##. ####: ##:::: ##: ##...:::: ##. #: ##:
::: ##:::: ##.... ##: ##:. ###: ##:::: ##: ##::::::: ##:.:: ##:
::: ##:::: ##:::: ##: ##::. ##: ########:: ########: ##:::: ##:
:::..:::::..:::::..::..::::..::........:::........::..:::::..::

2023-04-28 11:11:02.860 | INFO     | models.temporal_integrators:summarize:571 - [34mofficial PyTorch implementation.[0m
2023-04-28 11:11:03.391 | INFO     | models.temporal_integrators:summarize:593 - Network summary:
===============================================================================================
Layer (type:depth-idx)                        Output Shape              Param #
===============================================================================================
TANDEMformer                                  [150, 50, 3, 3]           256
├─TransformerEncoder: 1-1                     [7350, 1, 128]            --
│    └─ModuleList: 2-2                        --                        (recursive)
│    │    └─TransformerEncoderLayer: 3-1      [7350, 1, 128]            74,912
│    │    └─TransformerEncoderLayer: 3-2      [7350, 1, 128]            74,912
├─Linear: 1-2                                 [7350, 64]                8,256
├─Dropout: 1-3                                [7350, 64]                --
├─TransformerEncoder: 1-4                     [7350, 2, 128]            (recursive)
│    └─ModuleList: 2-2                        --                        (recursive)
│    │    └─TransformerEncoderLayer: 3-3      [7350, 2, 128]            (recursive)
│    │    └─TransformerEncoderLayer: 3-4      [7350, 2, 128]            (recursive)
├─Linear: 1-5                                 [7350, 64]                (recursive)
├─Dropout: 1-6                                [7350, 64]                --
├─LayerNorm: 1-7                              [7350, 64]                128
├─Tanh: 1-8                                   [7350, 64]                --
├─Linear: 1-9                                 [7350, 3]                 195
├─LayerNorm: 1-10                             [7350, 64]                (recursive)
├─Tanh: 1-11                                  [7350, 64]                --
├─Linear: 1-12                                [7350, 3]                 (recursive)
===============================================================================================
Total params: 158,659
Trainable params: 158,659
Non-trainable params: 0
Total mult-adds (M): 386.71
===============================================================================================
Input size (MB): 3.84
Forward/backward pass size (MB): 162.17
Params size (MB): 0.11
Estimated Total Size (MB): 166.12
===============================================================================================
2023-04-28 11:11:03.392 | INFO     | models.temporal_integrators:summarize:594 - Example input shape: torch.Size([150, 50, 128])
2023-04-28 11:11:03.392 | INFO     | models.temporal_integrators:summarize:595 - Example output shape: torch.Size([150, 50, 3, 3])
2023-04-28 11:11:03.395 | INFO     | models.temporal_integrators:import_model:58 - model moved onto: [33mcuda.[0m
2023-04-28 11:11:03.396 | INFO     | models.optimizers:initialize_optimizer:44 - Optimizer:
RMSprop (
Parameter Group 0
    alpha: 0.99
    centered: False
    differentiable: False
    eps: 1e-08
    foreach: None
    lr: 0.00021301319199310885
    maximize: False
    momentum: 0
    weight_decay: 0.0009000000000000001
)
2023-04-28 11:11:03.397 | INFO     | datasets.data_processing:lmdb_dataloaders:293 - loading data... 
2023-04-28 11:11:03.397 | INFO     | datasets.data_processing:lmdb_dataloaders:295 - If this process takes long, consider setting is_load_onto_memory=False or use LMDBIterableDataset.
2023-04-28 11:11:05.620 | INFO     | __main__:objective:356 - Starting epoch #0.
2023-04-28 11:11:16.628 | INFO     | utils.logging:log_training_results:280 - 
2023-04-28 11:11:16.628 | INFO     | utils.logging:log_training_results:281 - Global Step =      0
2023-04-28 11:11:16.629 | INFO     | utils.logging:log_training_results:282 - val mean(MacRec)_t: 0.28513333201408386
2023-04-28 11:11:16.629 | INFO     | utils.logging:log_training_results:287 - val mean ABSerr: 3.6787867546081543
2023-04-28 11:11:16.629 | INFO     | utils.logging:log_training_results:290 - val ausat from confmx: 0.27639737725257874
2023-04-28 11:11:16.630 | INFO     | utils.logging:log_training_results:326 - val MCE loss:1.16879 * 0.0
2023-04-28 11:11:16.630 | INFO     | utils.logging:log_training_results:333 - val LLLR :0.38419 * 0.4
2023-04-28 11:11:16.630 | INFO     | utils.logging:log_training_results:340 - val weight decay:1446.69373 * 0.0009000000000000001
2023-04-28 11:11:17.501 | INFO     | utils.logging:save_sdre_imgs:710 - Figures saved.
2023-04-28 11:11:18.061 | INFO     | utils.logging:log_training_results:280 - 
2023-04-28 11:11:18.062 | INFO     | utils.logging:log_training_results:281 - Global Step =      0
2023-04-28 11:11:18.062 | INFO     | utils.logging:log_training_results:282 - train mean(MacRec)_t: 0.3218507170677185
2023-04-28 11:11:18.062 | INFO     | utils.logging:log_training_results:287 - train mean ABSerr: 3.7033936977386475
2023-04-28 11:11:18.063 | INFO     | utils.logging:log_training_results:290 - train ausat from confmx: 0.3350442945957184
2023-04-28 11:11:18.063 | INFO     | utils.logging:log_training_results:326 - train MCE loss:1.16683 * 0.0
2023-04-28 11:11:18.063 | INFO     | utils.logging:log_training_results:333 - train LLLR :0.37004 * 0.4
2023-04-28 11:11:18.064 | INFO     | utils.logging:log_training_results:340 - train weight decay:1446.69373 * 0.0009000000000000001
2023-04-28 11:12:42.088 | INFO     | utils.logging:log_training_results:280 - 
2023-04-28 11:12:42.089 | INFO     | utils.logging:log_training_results:281 - Global Step =    250
2023-04-28 11:12:42.089 | INFO     | utils.logging:log_training_results:282 - val mean(MacRec)_t: 0.8455633521080017
2023-04-28 11:12:42.090 | INFO     | utils.logging:log_training_results:287 - val mean ABSerr: 1.4680249691009521
2023-04-28 11:12:42.090 | INFO     | utils.logging:log_training_results:290 - val ausat from confmx: 0.9673957228660583
2023-04-28 11:12:42.090 | INFO     | utils.logging:log_training_results:326 - val MCE loss:1.20671 * 0.0
2023-04-28 11:12:42.091 | INFO     | utils.logging:log_training_results:333 - val LLLR :0.24520 * 0.4
2023-04-28 11:12:42.091 | INFO     | utils.logging:log_training_results:340 - val weight decay:807.94171 * 0.0009000000000000001
2023-04-28 11:12:42.220 | INFO     | utils.checkpoint:update_and_save_result:168 - [36mBest value updated![0m
2023-04-28 11:12:42.234 | INFO     | utils.checkpoint:save_checkpoint:83 - [36mSaved checkpoint[0m at step 250.
2023-04-28 11:12:43.025 | INFO     | utils.logging:save_sdre_imgs:710 - Figures saved.
2023-04-28 11:12:43.567 | INFO     | utils.logging:log_training_results:280 - 
2023-04-28 11:12:43.567 | INFO     | utils.logging:log_training_results:281 - Global Step =    250
2023-04-28 11:12:43.568 | INFO     | utils.logging:log_training_results:282 - train mean(MacRec)_t: 0.7852120995521545
2023-04-28 11:12:43.568 | INFO     | utils.logging:log_training_results:287 - train mean ABSerr: 1.7909234762191772
2023-04-28 11:12:43.568 | INFO     | utils.logging:log_training_results:290 - train ausat from confmx: 0.9432193636894226
2023-04-28 11:12:43.569 | INFO     | utils.logging:log_training_results:326 - train MCE loss:1.16468 * 0.0
2023-04-28 11:12:43.569 | INFO     | utils.logging:log_training_results:333 - train LLLR :0.25718 * 0.4
2023-04-28 11:12:43.569 | INFO     | utils.logging:log_training_results:340 - train weight decay:807.94171 * 0.0009000000000000001
2023-04-28 11:13:27.649 | INFO     | __main__:objective:356 - Starting epoch #1.
2023-04-28 11:14:08.470 | INFO     | utils.logging:log_training_results:280 - 
2023-04-28 11:14:08.470 | INFO     | utils.logging:log_training_results:281 - Global Step =    500
2023-04-28 11:14:08.471 | INFO     | utils.logging:log_training_results:282 - val mean(MacRec)_t: 0.8493333458900452
2023-04-28 11:14:08.471 | INFO     | utils.logging:log_training_results:287 - val mean ABSerr: 1.9091490507125854
2023-04-28 11:14:08.472 | INFO     | utils.logging:log_training_results:290 - val ausat from confmx: 0.9685814380645752
2023-04-28 11:14:08.472 | INFO     | utils.logging:log_training_results:326 - val MCE loss:1.26202 * 0.0
2023-04-28 11:14:08.473 | INFO     | utils.logging:log_training_results:333 - val LLLR :0.24334 * 0.4
2023-04-28 11:14:08.473 | INFO     | utils.logging:log_training_results:340 - val weight decay:669.12250 * 0.0009000000000000001
2023-04-28 11:14:08.607 | INFO     | utils.checkpoint:update_and_save_result:168 - [36mBest value updated![0m
2023-04-28 11:14:08.622 | INFO     | utils.checkpoint:save_checkpoint:83 - [36mSaved checkpoint[0m at step 500.
2023-04-28 11:14:08.624 | INFO     | utils.checkpoint:keep_max_num_saved_models:101 - Removed the oldest model for max_to_keep=1
2023-04-28 11:14:09.397 | INFO     | utils.logging:save_sdre_imgs:710 - Figures saved.
2023-04-28 11:14:09.948 | INFO     | utils.logging:log_training_results:280 - 
2023-04-28 11:14:09.948 | INFO     | utils.logging:log_training_results:281 - Global Step =    500
2023-04-28 11:14:09.949 | INFO     | utils.logging:log_training_results:282 - train mean(MacRec)_t: 0.8297879099845886
2023-04-28 11:14:09.949 | INFO     | utils.logging:log_training_results:287 - train mean ABSerr: 1.9024553298950195
2023-04-28 11:14:09.949 | INFO     | utils.logging:log_training_results:290 - train ausat from confmx: 0.9325641989707947
2023-04-28 11:14:09.950 | INFO     | utils.logging:log_training_results:326 - train MCE loss:1.22425 * 0.0
2023-04-28 11:14:09.950 | INFO     | utils.logging:log_training_results:333 - train LLLR :0.24857 * 0.4
2023-04-28 11:14:09.950 | INFO     | utils.logging:log_training_results:340 - train weight decay:669.12250 * 0.0009000000000000001
2023-04-28 11:15:34.210 | INFO     | utils.logging:log_training_results:280 - 
2023-04-28 11:15:34.211 | INFO     | utils.logging:log_training_results:281 - Global Step =    750
2023-04-28 11:15:34.211 | INFO     | utils.logging:log_training_results:282 - val mean(MacRec)_t: 0.8506166934967041
2023-04-28 11:15:34.212 | INFO     | utils.logging:log_training_results:287 - val mean ABSerr: 2.264164924621582
2023-04-28 11:15:34.212 | INFO     | utils.logging:log_training_results:290 - val ausat from confmx: 0.9693946838378906
2023-04-28 11:15:34.213 | INFO     | utils.logging:log_training_results:326 - val MCE loss:1.30413 * 0.0
2023-04-28 11:15:34.213 | INFO     | utils.logging:log_training_results:333 - val LLLR :0.24252 * 0.4
2023-04-28 11:15:34.213 | INFO     | utils.logging:log_training_results:340 - val weight decay:590.11157 * 0.0009000000000000001
2023-04-28 11:15:34.347 | INFO     | utils.checkpoint:update_and_save_result:168 - [36mBest value updated![0m
2023-04-28 11:15:34.363 | INFO     | utils.checkpoint:save_checkpoint:83 - [36mSaved checkpoint[0m at step 750.
2023-04-28 11:15:34.366 | INFO     | utils.checkpoint:keep_max_num_saved_models:101 - Removed the oldest model for max_to_keep=1
2023-04-28 11:15:35.271 | INFO     | utils.logging:save_sdre_imgs:710 - Figures saved.
2023-04-28 11:15:35.812 | INFO     | utils.logging:log_training_results:280 - 
2023-04-28 11:15:35.812 | INFO     | utils.logging:log_training_results:281 - Global Step =    750
2023-04-28 11:15:35.813 | INFO     | utils.logging:log_training_results:282 - train mean(MacRec)_t: 0.8119414448738098
2023-04-28 11:15:35.813 | INFO     | utils.logging:log_training_results:287 - train mean ABSerr: 1.9855245351791382
2023-04-28 11:15:35.814 | INFO     | utils.logging:log_training_results:290 - train ausat from confmx: 0.9478731155395508
2023-04-28 11:15:35.814 | INFO     | utils.logging:log_training_results:326 - train MCE loss:1.24980 * 0.0
2023-04-28 11:15:35.814 | INFO     | utils.logging:log_training_results:333 - train LLLR :0.24935 * 0.4
2023-04-28 11:15:35.815 | INFO     | utils.logging:log_training_results:340 - train weight decay:590.11157 * 0.0009000000000000001
2023-04-28 11:15:50.297 | INFO     | __main__:objective:356 - Starting epoch #2.
2023-04-28 11:17:00.016 | INFO     | utils.logging:log_training_results:280 - 
2023-04-28 11:17:00.017 | INFO     | utils.logging:log_training_results:281 - Global Step =   1000
2023-04-28 11:17:00.017 | INFO     | utils.logging:log_training_results:282 - val mean(MacRec)_t: 0.8539900183677673
2023-04-28 11:17:00.018 | INFO     | utils.logging:log_training_results:287 - val mean ABSerr: 2.4020488262176514
2023-04-28 11:17:00.018 | INFO     | utils.logging:log_training_results:290 - val ausat from confmx: 0.9718477129936218
2023-04-28 11:17:00.019 | INFO     | utils.logging:log_training_results:326 - val MCE loss:1.29562 * 0.0
2023-04-28 11:17:00.019 | INFO     | utils.logging:log_training_results:333 - val LLLR :0.24171 * 0.4
2023-04-28 11:17:00.019 | INFO     | utils.logging:log_training_results:340 - val weight decay:524.06104 * 0.0009000000000000001
2023-04-28 11:17:00.151 | INFO     | utils.checkpoint:update_and_save_result:168 - [36mBest value updated![0m
2023-04-28 11:17:00.165 | INFO     | utils.checkpoint:save_checkpoint:83 - [36mSaved checkpoint[0m at step 1000.
2023-04-28 11:17:00.168 | INFO     | utils.checkpoint:keep_max_num_saved_models:101 - Removed the oldest model for max_to_keep=1
2023-04-28 11:17:00.913 | INFO     | utils.logging:save_sdre_imgs:710 - Figures saved.
2023-04-28 11:17:01.451 | INFO     | utils.logging:log_training_results:280 - 
2023-04-28 11:17:01.452 | INFO     | utils.logging:log_training_results:281 - Global Step =   1000
2023-04-28 11:17:01.452 | INFO     | utils.logging:log_training_results:282 - train mean(MacRec)_t: 0.8155916929244995
2023-04-28 11:17:01.453 | INFO     | utils.logging:log_training_results:287 - train mean ABSerr: 2.0481345653533936
2023-04-28 11:17:01.453 | INFO     | utils.logging:log_training_results:290 - train ausat from confmx: 0.9563609957695007
2023-04-28 11:17:01.453 | INFO     | utils.logging:log_training_results:326 - train MCE loss:1.26872 * 0.0
2023-04-28 11:17:01.454 | INFO     | utils.logging:log_training_results:333 - train LLLR :0.24964 * 0.4
2023-04-28 11:17:01.454 | INFO     | utils.logging:log_training_results:340 - train weight decay:524.06104 * 0.0009000000000000001
2023-04-28 11:17:59.746 | INFO     | __main__:objective:356 - Starting epoch #3.
2023-04-28 11:18:25.530 | INFO     | utils.logging:log_training_results:280 - 
2023-04-28 11:18:25.530 | INFO     | utils.logging:log_training_results:281 - Global Step =   1250
2023-04-28 11:18:25.531 | INFO     | utils.logging:log_training_results:282 - val mean(MacRec)_t: 0.8606166839599609
2023-04-28 11:18:25.531 | INFO     | utils.logging:log_training_results:287 - val mean ABSerr: 2.6967718601226807
2023-04-28 11:18:25.531 | INFO     | utils.logging:log_training_results:290 - val ausat from confmx: 0.9765137434005737
2023-04-28 11:18:25.532 | INFO     | utils.logging:log_training_results:326 - val MCE loss:1.24048 * 0.0
2023-04-28 11:18:25.532 | INFO     | utils.logging:log_training_results:333 - val LLLR :0.24016 * 0.4
2023-04-28 11:18:25.533 | INFO     | utils.logging:log_training_results:340 - val weight decay:463.58615 * 0.0009000000000000001
2023-04-28 11:18:25.666 | INFO     | utils.checkpoint:update_and_save_result:168 - [36mBest value updated![0m
2023-04-28 11:18:25.681 | INFO     | utils.checkpoint:save_checkpoint:83 - [36mSaved checkpoint[0m at step 1250.
2023-04-28 11:18:25.684 | INFO     | utils.checkpoint:keep_max_num_saved_models:101 - Removed the oldest model for max_to_keep=1
2023-04-28 11:18:26.427 | INFO     | utils.logging:save_sdre_imgs:710 - Figures saved.
2023-04-28 11:18:26.970 | INFO     | utils.logging:log_training_results:280 - 
2023-04-28 11:18:26.971 | INFO     | utils.logging:log_training_results:281 - Global Step =   1250
2023-04-28 11:18:26.971 | INFO     | utils.logging:log_training_results:282 - train mean(MacRec)_t: 0.8561094999313354
2023-04-28 11:18:26.972 | INFO     | utils.logging:log_training_results:287 - train mean ABSerr: 2.2767229080200195
2023-04-28 11:18:26.972 | INFO     | utils.logging:log_training_results:290 - train ausat from confmx: 0.9781007170677185
2023-04-28 11:18:26.972 | INFO     | utils.logging:log_training_results:326 - train MCE loss:1.17829 * 0.0
2023-04-28 11:18:26.973 | INFO     | utils.logging:log_training_results:333 - train LLLR :0.24177 * 0.4
2023-04-28 11:18:26.973 | INFO     | utils.logging:log_training_results:340 - train weight decay:463.58612 * 0.0009000000000000001
2023-04-28 11:19:50.030 | INFO     | utils.logging:log_training_results:280 - 
2023-04-28 11:19:50.031 | INFO     | utils.logging:log_training_results:281 - Global Step =   1500
2023-04-28 11:19:50.031 | INFO     | utils.logging:log_training_results:282 - val mean(MacRec)_t: 0.8644199967384338
2023-04-28 11:19:50.032 | INFO     | utils.logging:log_training_results:287 - val mean ABSerr: 2.9296603202819824
2023-04-28 11:19:50.032 | INFO     | utils.logging:log_training_results:290 - val ausat from confmx: 0.9786435961723328
2023-04-28 11:19:50.033 | INFO     | utils.logging:log_training_results:326 - val MCE loss:1.16417 * 0.0
2023-04-28 11:19:50.034 | INFO     | utils.logging:log_training_results:333 - val LLLR :0.23932 * 0.4
2023-04-28 11:19:50.034 | INFO     | utils.logging:log_training_results:340 - val weight decay:407.66760 * 0.0009000000000000001
2023-04-28 11:19:50.191 | INFO     | utils.checkpoint:update_and_save_result:168 - [36mBest value updated![0m
2023-04-28 11:19:50.211 | INFO     | utils.checkpoint:save_checkpoint:83 - [36mSaved checkpoint[0m at step 1500.
2023-04-28 11:19:50.214 | INFO     | utils.checkpoint:keep_max_num_saved_models:101 - Removed the oldest model for max_to_keep=1
2023-04-28 11:19:50.982 | INFO     | utils.logging:save_sdre_imgs:710 - Figures saved.
2023-04-28 11:19:51.514 | INFO     | utils.logging:log_training_results:280 - 
2023-04-28 11:19:51.516 | INFO     | utils.logging:log_training_results:281 - Global Step =   1500
2023-04-28 11:19:51.516 | INFO     | utils.logging:log_training_results:282 - train mean(MacRec)_t: 0.8513999581336975
2023-04-28 11:19:51.516 | INFO     | utils.logging:log_training_results:287 - train mean ABSerr: 2.3747615814208984
2023-04-28 11:19:51.517 | INFO     | utils.logging:log_training_results:290 - train ausat from confmx: 0.949436366558075
2023-04-28 11:19:51.517 | INFO     | utils.logging:log_training_results:326 - train MCE loss:1.13102 * 0.0
2023-04-28 11:19:51.518 | INFO     | utils.logging:log_training_results:333 - train LLLR :0.24251 * 0.4
2023-04-28 11:19:51.518 | INFO     | utils.logging:log_training_results:340 - train weight decay:407.66760 * 0.0009000000000000001
2023-04-28 11:20:20.493 | INFO     | __main__:objective:356 - Starting epoch #4.
2023-04-28 11:21:14.991 | INFO     | utils.logging:log_training_results:280 - 
2023-04-28 11:21:14.992 | INFO     | utils.logging:log_training_results:281 - Global Step =   1750
2023-04-28 11:21:14.992 | INFO     | utils.logging:log_training_results:282 - val mean(MacRec)_t: 0.8644933700561523
2023-04-28 11:21:14.992 | INFO     | utils.logging:log_training_results:287 - val mean ABSerr: 3.252511501312256
2023-04-28 11:21:14.993 | INFO     | utils.logging:log_training_results:290 - val ausat from confmx: 0.9784218668937683
2023-04-28 11:21:14.993 | INFO     | utils.logging:log_training_results:326 - val MCE loss:1.11957 * 0.0
2023-04-28 11:21:14.993 | INFO     | utils.logging:log_training_results:333 - val LLLR :0.23925 * 0.4
2023-04-28 11:21:14.994 | INFO     | utils.logging:log_training_results:340 - val weight decay:356.17197 * 0.0009000000000000001
2023-04-28 11:21:15.852 | INFO     | utils.logging:save_sdre_imgs:710 - Figures saved.
2023-04-28 11:21:16.388 | INFO     | utils.logging:log_training_results:280 - 
2023-04-28 11:21:16.389 | INFO     | utils.logging:log_training_results:281 - Global Step =   1750
2023-04-28 11:21:16.389 | INFO     | utils.logging:log_training_results:282 - train mean(MacRec)_t: 0.8638330698013306
2023-04-28 11:21:16.389 | INFO     | utils.logging:log_training_results:287 - train mean ABSerr: 2.8357419967651367
2023-04-28 11:21:16.390 | INFO     | utils.logging:log_training_results:290 - train ausat from confmx: 0.9696143865585327
2023-04-28 11:21:16.390 | INFO     | utils.logging:log_training_results:326 - train MCE loss:1.08335 * 0.0
2023-04-28 11:21:16.390 | INFO     | utils.logging:log_training_results:333 - train LLLR :0.23948 * 0.4
2023-04-28 11:21:16.391 | INFO     | utils.logging:log_training_results:340 - train weight decay:356.17194 * 0.0009000000000000001
2023-04-28 11:22:29.000 | INFO     | __main__:objective:356 - Starting epoch #5.
2023-04-28 11:22:39.912 | INFO     | utils.logging:log_training_results:280 - 
2023-04-28 11:22:39.912 | INFO     | utils.logging:log_training_results:281 - Global Step =   2000
2023-04-28 11:22:39.913 | INFO     | utils.logging:log_training_results:282 - val mean(MacRec)_t: 0.8600266575813293
2023-04-28 11:22:39.913 | INFO     | utils.logging:log_training_results:287 - val mean ABSerr: 3.3843793869018555
2023-04-28 11:22:39.913 | INFO     | utils.logging:log_training_results:290 - val ausat from confmx: 0.9749318957328796
2023-04-28 11:22:39.914 | INFO     | utils.logging:log_training_results:326 - val MCE loss:1.09197 * 0.0
2023-04-28 11:22:39.914 | INFO     | utils.logging:log_training_results:333 - val LLLR :0.24011 * 0.4
2023-04-28 11:22:39.914 | INFO     | utils.logging:log_training_results:340 - val weight decay:308.93478 * 0.0009000000000000001
2023-04-28 11:22:40.782 | INFO     | utils.logging:save_sdre_imgs:710 - Figures saved.
2023-04-28 11:22:41.310 | INFO     | utils.logging:log_training_results:280 - 
2023-04-28 11:22:41.310 | INFO     | utils.logging:log_training_results:281 - Global Step =   2000
2023-04-28 11:22:41.311 | INFO     | utils.logging:log_training_results:282 - train mean(MacRec)_t: 0.8527941703796387
2023-04-28 11:22:41.311 | INFO     | utils.logging:log_training_results:287 - train mean ABSerr: 2.796165943145752
2023-04-28 11:22:41.311 | INFO     | utils.logging:log_training_results:290 - train ausat from confmx: 0.9632319808006287
2023-04-28 11:22:41.312 | INFO     | utils.logging:log_training_results:326 - train MCE loss:1.06057 * 0.0
2023-04-28 11:22:41.312 | INFO     | utils.logging:log_training_results:333 - train LLLR :0.24231 * 0.4
2023-04-28 11:22:41.313 | INFO     | utils.logging:log_training_results:340 - train weight decay:308.93475 * 0.0009000000000000001
2023-04-28 11:24:05.764 | INFO     | utils.logging:log_training_results:280 - 
2023-04-28 11:24:05.764 | INFO     | utils.logging:log_training_results:281 - Global Step =   2250
2023-04-28 11:24:05.765 | INFO     | utils.logging:log_training_results:282 - val mean(MacRec)_t: 0.8637099862098694
2023-04-28 11:24:05.765 | INFO     | utils.logging:log_training_results:287 - val mean ABSerr: 2.974998950958252
2023-04-28 11:24:05.765 | INFO     | utils.logging:log_training_results:290 - val ausat from confmx: 0.9783090949058533
2023-04-28 11:24:05.766 | INFO     | utils.logging:log_training_results:326 - val MCE loss:1.05618 * 0.0
2023-04-28 11:24:05.766 | INFO     | utils.logging:log_training_results:333 - val LLLR :0.23977 * 0.4
2023-04-28 11:24:05.766 | INFO     | utils.logging:log_training_results:340 - val weight decay:265.86734 * 0.0009000000000000001
2023-04-28 11:24:06.624 | INFO     | utils.logging:save_sdre_imgs:710 - Figures saved.
2023-04-28 11:24:07.161 | INFO     | utils.logging:log_training_results:280 - 
2023-04-28 11:24:07.162 | INFO     | utils.logging:log_training_results:281 - Global Step =   2250
2023-04-28 11:24:07.162 | INFO     | utils.logging:log_training_results:282 - train mean(MacRec)_t: 0.8660678863525391
2023-04-28 11:24:07.162 | INFO     | utils.logging:log_training_results:287 - train mean ABSerr: 2.3251476287841797
2023-04-28 11:24:07.163 | INFO     | utils.logging:log_training_results:290 - train ausat from confmx: 0.982754111289978
2023-04-28 11:24:07.163 | INFO     | utils.logging:log_training_results:326 - train MCE loss:1.03858 * 0.0
2023-04-28 11:24:07.164 | INFO     | utils.logging:log_training_results:333 - train LLLR :0.23994 * 0.4
2023-04-28 11:24:07.164 | INFO     | utils.logging:log_training_results:340 - train weight decay:265.86734 * 0.0009000000000000001
2023-04-28 11:24:51.232 | INFO     | __main__:objective:356 - Starting epoch #6.
2023-04-28 11:25:31.595 | INFO     | utils.logging:log_training_results:280 - 
2023-04-28 11:25:31.595 | INFO     | utils.logging:log_training_results:281 - Global Step =   2500
2023-04-28 11:25:31.596 | INFO     | utils.logging:log_training_results:282 - val mean(MacRec)_t: 0.8602666258811951
2023-04-28 11:25:31.596 | INFO     | utils.logging:log_training_results:287 - val mean ABSerr: 3.0553581714630127
2023-04-28 11:25:31.596 | INFO     | utils.logging:log_training_results:290 - val ausat from confmx: 0.975095272064209
2023-04-28 11:25:31.597 | INFO     | utils.logging:log_training_results:326 - val MCE loss:1.04858 * 0.0
2023-04-28 11:25:31.597 | INFO     | utils.logging:log_training_results:333 - val LLLR :0.24052 * 0.4
2023-04-28 11:25:31.597 | INFO     | utils.logging:log_training_results:340 - val weight decay:226.87747 * 0.0009000000000000001
2023-04-28 11:25:32.642 | INFO     | utils.logging:save_sdre_imgs:710 - Figures saved.
2023-04-28 11:25:33.175 | INFO     | utils.logging:log_training_results:280 - 
2023-04-28 11:25:33.176 | INFO     | utils.logging:log_training_results:281 - Global Step =   2500
2023-04-28 11:25:33.176 | INFO     | utils.logging:log_training_results:282 - train mean(MacRec)_t: 0.8862457275390625
2023-04-28 11:25:33.177 | INFO     | utils.logging:log_training_results:287 - train mean ABSerr: 2.6028380393981934
2023-04-28 11:25:33.177 | INFO     | utils.logging:log_training_results:290 - train ausat from confmx: 0.9784219264984131
2023-04-28 11:25:33.177 | INFO     | utils.logging:log_training_results:326 - train MCE loss:1.00871 * 0.0
2023-04-28 11:25:33.178 | INFO     | utils.logging:log_training_results:333 - train LLLR :0.23625 * 0.4
2023-04-28 11:25:33.178 | INFO     | utils.logging:log_training_results:340 - train weight decay:226.87746 * 0.0009000000000000001
2023-04-28 11:26:57.931 | INFO     | utils.logging:log_training_results:280 - 
2023-04-28 11:26:57.932 | INFO     | utils.logging:log_training_results:281 - Global Step =   2750
2023-04-28 11:26:57.932 | INFO     | utils.logging:log_training_results:282 - val mean(MacRec)_t: 0.8571066856384277
2023-04-28 11:26:57.932 | INFO     | utils.logging:log_training_results:287 - val mean ABSerr: 2.860261917114258
2023-04-28 11:26:57.933 | INFO     | utils.logging:log_training_results:290 - val ausat from confmx: 0.971478283405304
2023-04-28 11:26:57.933 | INFO     | utils.logging:log_training_results:326 - val MCE loss:1.03368 * 0.0
2023-04-28 11:26:57.933 | INFO     | utils.logging:log_training_results:333 - val LLLR :0.24128 * 0.4
2023-04-28 11:26:57.934 | INFO     | utils.logging:log_training_results:340 - val weight decay:191.81102 * 0.0009000000000000001
2023-04-28 11:26:58.787 | INFO     | utils.logging:save_sdre_imgs:710 - Figures saved.
2023-04-28 11:26:59.332 | INFO     | utils.logging:log_training_results:280 - 
2023-04-28 11:26:59.332 | INFO     | utils.logging:log_training_results:281 - Global Step =   2750
2023-04-28 11:26:59.333 | INFO     | utils.logging:log_training_results:282 - train mean(MacRec)_t: 0.867435872554779
2023-04-28 11:26:59.333 | INFO     | utils.logging:log_training_results:287 - train mean ABSerr: 2.226203203201294
2023-04-28 11:26:59.333 | INFO     | utils.logging:log_training_results:290 - train ausat from confmx: 0.9642937779426575
2023-04-28 11:26:59.334 | INFO     | utils.logging:log_training_results:326 - train MCE loss:1.01245 * 0.0
2023-04-28 11:26:59.334 | INFO     | utils.logging:log_training_results:333 - train LLLR :0.24052 * 0.4
2023-04-28 11:26:59.334 | INFO     | utils.logging:log_training_results:340 - train weight decay:191.81102 * 0.0009000000000000001
2023-04-28 11:27:13.935 | INFO     | __main__:objective:356 - Starting epoch #7.
2023-04-28 11:28:24.219 | INFO     | utils.logging:log_training_results:280 - 
2023-04-28 11:28:24.220 | INFO     | utils.logging:log_training_results:281 - Global Step =   3000
2023-04-28 11:28:24.221 | INFO     | utils.logging:log_training_results:282 - val mean(MacRec)_t: 0.8605966567993164
2023-04-28 11:28:24.221 | INFO     | utils.logging:log_training_results:287 - val mean ABSerr: 2.5626540184020996
2023-04-28 11:28:24.221 | INFO     | utils.logging:log_training_results:290 - val ausat from confmx: 0.9753361940383911
2023-04-28 11:28:24.222 | INFO     | utils.logging:log_training_results:326 - val MCE loss:1.01774 * 0.0
2023-04-28 11:28:24.222 | INFO     | utils.logging:log_training_results:333 - val LLLR :0.24117 * 0.4
2023-04-28 11:28:24.222 | INFO     | utils.logging:log_training_results:340 - val weight decay:160.66495 * 0.0009000000000000001
2023-04-28 11:28:25.150 | INFO     | utils.logging:save_sdre_imgs:710 - Figures saved.
2023-04-28 11:28:25.684 | INFO     | utils.logging:log_training_results:280 - 
2023-04-28 11:28:25.684 | INFO     | utils.logging:log_training_results:281 - Global Step =   3000
2023-04-28 11:28:25.685 | INFO     | utils.logging:log_training_results:282 - train mean(MacRec)_t: 0.8394184708595276
2023-04-28 11:28:25.685 | INFO     | utils.logging:log_training_results:287 - train mean ABSerr: 1.840835452079773
2023-04-28 11:28:25.685 | INFO     | utils.logging:log_training_results:290 - train ausat from confmx: 0.9962199330329895
2023-04-28 11:28:25.686 | INFO     | utils.logging:log_training_results:326 - train MCE loss:1.01150 * 0.0
2023-04-28 11:28:25.686 | INFO     | utils.logging:log_training_results:333 - train LLLR :0.24575 * 0.4
2023-04-28 11:28:25.686 | INFO     | utils.logging:log_training_results:340 - train weight decay:160.66495 * 0.0009000000000000001
2023-04-28 11:29:26.703 | INFO     | __main__:objective:356 - Starting epoch #8.
2023-04-28 11:29:53.355 | INFO     | utils.logging:log_training_results:280 - 
2023-04-28 11:29:53.356 | INFO     | utils.logging:log_training_results:281 - Global Step =   3250
2023-04-28 11:29:53.356 | INFO     | utils.logging:log_training_results:282 - val mean(MacRec)_t: 0.8459200263023376
2023-04-28 11:29:53.356 | INFO     | utils.logging:log_training_results:287 - val mean ABSerr: 2.6257081031799316
2023-04-28 11:29:53.357 | INFO     | utils.logging:log_training_results:290 - val ausat from confmx: 0.9614821076393127
2023-04-28 11:29:53.357 | INFO     | utils.logging:log_training_results:326 - val MCE loss:1.01263 * 0.0
2023-04-28 11:29:53.358 | INFO     | utils.logging:log_training_results:333 - val LLLR :0.24453 * 0.4
2023-04-28 11:29:53.358 | INFO     | utils.logging:log_training_results:340 - val weight decay:133.36145 * 0.0009000000000000001
2023-04-28 11:29:54.240 | INFO     | utils.logging:save_sdre_imgs:710 - Figures saved.
2023-04-28 11:29:54.783 | INFO     | utils.logging:log_training_results:280 - 
2023-04-28 11:29:54.784 | INFO     | utils.logging:log_training_results:281 - Global Step =   3250
2023-04-28 11:29:54.784 | INFO     | utils.logging:log_training_results:282 - train mean(MacRec)_t: 0.8318692445755005
2023-04-28 11:29:54.785 | INFO     | utils.logging:log_training_results:287 - train mean ABSerr: 2.1450109481811523
2023-04-28 11:29:54.785 | INFO     | utils.logging:log_training_results:290 - train ausat from confmx: 0.9726476669311523
2023-04-28 11:29:54.787 | INFO     | utils.logging:log_training_results:326 - train MCE loss:1.01092 * 0.0
2023-04-28 11:29:54.788 | INFO     | utils.logging:log_training_results:333 - train LLLR :0.24993 * 0.4
2023-04-28 11:29:54.788 | INFO     | utils.logging:log_training_results:340 - train weight decay:133.36145 * 0.0009000000000000001
2023-04-28 11:31:20.805 | INFO     | utils.logging:log_training_results:280 - 
2023-04-28 11:31:20.806 | INFO     | utils.logging:log_training_results:281 - Global Step =   3500
2023-04-28 11:31:20.806 | INFO     | utils.logging:log_training_results:282 - val mean(MacRec)_t: 0.8583067059516907
2023-04-28 11:31:20.807 | INFO     | utils.logging:log_training_results:287 - val mean ABSerr: 2.2962419986724854
2023-04-28 11:31:20.807 | INFO     | utils.logging:log_training_results:290 - val ausat from confmx: 0.974136471748352
2023-04-28 11:31:20.808 | INFO     | utils.logging:log_training_results:326 - val MCE loss:1.00592 * 0.0
2023-04-28 11:31:20.808 | INFO     | utils.logging:log_training_results:333 - val LLLR :0.24223 * 0.4
2023-04-28 11:31:20.808 | INFO     | utils.logging:log_training_results:340 - val weight decay:109.85181 * 0.0009000000000000001
2023-04-28 11:31:21.675 | INFO     | utils.logging:save_sdre_imgs:710 - Figures saved.
2023-04-28 11:31:22.211 | INFO     | utils.logging:log_training_results:280 - 
2023-04-28 11:31:22.211 | INFO     | utils.logging:log_training_results:281 - Global Step =   3500
2023-04-28 11:31:22.212 | INFO     | utils.logging:log_training_results:282 - train mean(MacRec)_t: 0.8940618634223938
2023-04-28 11:31:22.212 | INFO     | utils.logging:log_training_results:287 - train mean ABSerr: 1.8044092655181885
2023-04-28 11:31:22.213 | INFO     | utils.logging:log_training_results:290 - train ausat from confmx: 0.9776709675788879
2023-04-28 11:31:22.213 | INFO     | utils.logging:log_training_results:326 - train MCE loss:0.99407 * 0.0
2023-04-28 11:31:22.213 | INFO     | utils.logging:log_training_results:333 - train LLLR :0.23655 * 0.4
2023-04-28 11:31:22.214 | INFO     | utils.logging:log_training_results:340 - train weight decay:109.85181 * 0.0009000000000000001
2023-04-28 11:31:52.312 | INFO     | __main__:objective:356 - Starting epoch #9.
2023-04-28 11:32:47.573 | INFO     | utils.logging:log_training_results:280 - 
2023-04-28 11:32:47.574 | INFO     | utils.logging:log_training_results:281 - Global Step =   3750
2023-04-28 11:32:47.574 | INFO     | utils.logging:log_training_results:282 - val mean(MacRec)_t: 0.8492500185966492
2023-04-28 11:32:47.574 | INFO     | utils.logging:log_training_results:287 - val mean ABSerr: 2.241326332092285
2023-04-28 11:32:47.575 | INFO     | utils.logging:log_training_results:290 - val ausat from confmx: 0.9633485674858093
2023-04-28 11:32:47.575 | INFO     | utils.logging:log_training_results:326 - val MCE loss:1.00496 * 0.0
2023-04-28 11:32:47.575 | INFO     | utils.logging:log_training_results:333 - val LLLR :0.24447 * 0.4
2023-04-28 11:32:47.576 | INFO     | utils.logging:log_training_results:340 - val weight decay:90.10106 * 0.0009000000000000001
2023-04-28 11:32:48.453 | INFO     | utils.logging:save_sdre_imgs:710 - Figures saved.
2023-04-28 11:32:48.984 | INFO     | utils.logging:log_training_results:280 - 
2023-04-28 11:32:48.985 | INFO     | utils.logging:log_training_results:281 - Global Step =   3750
2023-04-28 11:32:48.985 | INFO     | utils.logging:log_training_results:282 - train mean(MacRec)_t: 0.8408613204956055
2023-04-28 11:32:48.986 | INFO     | utils.logging:log_training_results:287 - train mean ABSerr: 1.753171443939209
2023-04-28 11:32:48.986 | INFO     | utils.logging:log_training_results:290 - train ausat from confmx: 0.9573119878768921
2023-04-28 11:32:48.986 | INFO     | utils.logging:log_training_results:326 - train MCE loss:1.00945 * 0.0
2023-04-28 11:32:48.987 | INFO     | utils.logging:log_training_results:333 - train LLLR :0.24673 * 0.4
2023-04-28 11:32:48.987 | INFO     | utils.logging:log_training_results:340 - train weight decay:90.10106 * 0.0009000000000000001
2023-04-28 11:34:03.551 | INFO     | utils.logging:investigate_log:155 - num_warning=0/num_error=0 in the .log file.
2023-04-28 11:34:03.728 | INFO     | optuna.study.study:_log_completed_trial:1020 - Trial 25 finished with value: 0.021356403827667236 and parameters: {'LIST_IS_POSITIONAL_ENCODING': False, 'LIST_MODEL_BACKBONE': 'Transformer', 'LIST_WEIGHT_DECAY': 0.0009000000000000001, 'LIST_LEARNING_RATE': 0.00021301319199310885, 'LIST_LLLR_VERSION': 'LLLR', 'LIST_ACTIVATION_FC': 'tanh', 'LIST_PARAM_MULTIPLET_LOSS': 0.0, 'LIST_PARAM_LLR_LOSS': 0.4, 'LIST_IS_ADAPTIVE_LOSS': False, 'LIST_ORDER_SPRT': 1, 'LIST_OPTIMIZER': 'rmsprop', 'LIST_IS_NORMALIZE': True, 'LIST_NUM_THRESH': 1500, 'LIST_SPARSITY': 'linspace', 'LIST_NUM_BLOCKS': 2, 'LIST_NUM_HEADS': 2, 'LIST_DROPOUT': 0.2, 'LIST_FF_DIM': 32, 'LIST_MLP_UNITS': 64}. Best is trial 22 with value: 0.017557859420776367.
2023-04-28 11:34:03.748 | INFO     | utils.hyperparameter_tuning:suggest_parameters:560 - [33mStarting a tuning phase.[0m
2023-04-28 11:34:04.204 | INFO     | utils.hyperparameter_tuning:print:394 - 
+------------------------------------------+
|   Hyperparameteres suggested by Optuna   |
+------------------------+-----------------+
|     Parameter name     | Suggested value |
+------------------------+-----------------+
|     ACTIVATION_FC      |       relu      |
|        DROPOUT         |       0.0       |
|         FF_DIM         |        32       |
|    IS_ADAPTIVE_LOSS    |       True      |
|      IS_NORMALIZE      |       True      |
| IS_POSITIONAL_ENCODING |      False      |
|     LEARNING_RATE      |    0.00010485   |
|      LLLR_VERSION      |       LSEL      |
|       MLP_UNITS        |        64       |
|     MODEL_BACKBONE     |   Transformer   |
|       NUM_BLOCKS       |        2        |
|       NUM_HEADS        |        2        |
|       NUM_THRESH       |       1500      |
|       OPTIMIZER        |     rmsprop     |
|       ORDER_SPRT       |        0        |
|     PARAM_LLR_LOSS     |       0.1       |
|  PARAM_MULTIPLET_LOSS  |       0.8       |
|        SPARSITY        |     logspace    |
|      WEIGHT_DECAY      |      0.0004     |
+------------------------+-----------------+
2023-04-28 11:34:04.205 | INFO     | utils.misc:create_directories_and_log:291 - [33mA new log directory was created: [0m/home/afe/Dropbox/GitHub/SPRT-TANDEM-PyTorch/logs/public_offset0_5_optimausat_confmx_tuning/checkpoints/Transformer_20230428_113404205/configs
2023-04-28 11:34:04.206 | INFO     | utils.misc:create_directories_and_log:291 - [33mA new log directory was created: [0m/home/afe/Dropbox/GitHub/SPRT-TANDEM-PyTorch/logs/public_offset0_5_optimausat_confmx_tuning/TensorBoard_events/Transformer_20230428_113404205
