2023-04-28 00:58:44.550 | INFO     | utils.misc:fix_random_seed:405 - Random seed is not fixed.
2023-04-28 00:58:44.587 | INFO     | models.temporal_integrators:summarize:568 - 
:'######::'########::'########::'########::::::::::::::::::::::
'##... ##: ##.... ##: ##.... ##:... ##..:::::::::::::::::::::::
 ##:::..:: ##:::: ##: ##:::: ##:::: ##:::::::::::::::::::::::::
. ######:: ########:: ########::::: ##::::'#######:::::::::::::
:..... ##: ##.....::: ##.. ##:::::: ##::::........:::::::::::::
'##::: ##: ##:::::::: ##::. ##::::: ##:::::::::::::::::::::::::
. ######:: ##:::::::: ##:::. ##:::: ##:::::::::::::::::::::::::
:......:::..:::::::::..:::::..:::::..::::::::::::::::::::::::::
'########::::'###::::'##::: ##:'########::'########:'##::::'##:
... ##..::::'## ##::: ###:: ##: ##.... ##: ##.....:: ###::'###:
::: ##:::::'##:. ##:: ####: ##: ##:::: ##: ##::::::: ####'####:
::: ##::::'##:::. ##: ## ## ##: ##:::: ##: ######::: ## ### ##:
::: ##:::: #########: ##. ####: ##:::: ##: ##...:::: ##. #: ##:
::: ##:::: ##.... ##: ##:. ###: ##:::: ##: ##::::::: ##:.:: ##:
::: ##:::: ##:::: ##: ##::. ##: ########:: ########: ##:::: ##:
:::..:::::..:::::..::..::::..::........:::........::..:::::..::

2023-04-28 00:58:44.588 | INFO     | models.temporal_integrators:summarize:571 - [34mofficial PyTorch implementation.[0m
2023-04-28 00:58:44.673 | INFO     | models.temporal_integrators:summarize:593 - Network summary:
===============================================================================================
Layer (type:depth-idx)                        Output Shape              Param #
===============================================================================================
TANDEMformer                                  [150, 50, 3, 3]           771
├─TransformerEncoder: 1-1                     [6750, 1, 128]            --
│    └─ModuleList: 2-6                        --                        (recursive)
│    │    └─TransformerEncoderLayer: 3-1      [6750, 1, 128]            83,136
├─Linear: 1-2                                 [6750, 32]                4,128
├─Dropout: 1-3                                [6750, 32]                --
├─TransformerEncoder: 1-4                     [6750, 2, 128]            (recursive)
│    └─ModuleList: 2-6                        --                        (recursive)
│    │    └─TransformerEncoderLayer: 3-2      [6750, 2, 128]            (recursive)
├─Linear: 1-5                                 [6750, 32]                (recursive)
├─Dropout: 1-6                                [6750, 32]                --
├─TransformerEncoder: 1-7                     [6750, 3, 128]            (recursive)
│    └─ModuleList: 2-6                        --                        (recursive)
│    │    └─TransformerEncoderLayer: 3-3      [6750, 3, 128]            (recursive)
├─Linear: 1-8                                 [6750, 32]                (recursive)
├─Dropout: 1-9                                [6750, 32]                --
├─TransformerEncoder: 1-10                    [6750, 4, 128]            (recursive)
│    └─ModuleList: 2-6                        --                        (recursive)
│    │    └─TransformerEncoderLayer: 3-4      [6750, 4, 128]            (recursive)
├─Linear: 1-11                                [6750, 32]                (recursive)
├─Dropout: 1-12                               [6750, 32]                --
├─TransformerEncoder: 1-13                    [6750, 5, 128]            (recursive)
│    └─ModuleList: 2-6                        --                        (recursive)
│    │    └─TransformerEncoderLayer: 3-5      [6750, 5, 128]            (recursive)
├─Linear: 1-14                                [6750, 32]                (recursive)
├─Dropout: 1-15                               [6750, 32]                --
├─TransformerEncoder: 1-16                    [6750, 6, 128]            (recursive)
│    └─ModuleList: 2-6                        --                        (recursive)
│    │    └─TransformerEncoderLayer: 3-6      [6750, 6, 128]            (recursive)
├─Linear: 1-17                                [6750, 32]                (recursive)
├─Dropout: 1-18                               [6750, 32]                --
├─Tanh: 1-19                                  [6750, 32]                --
├─Linear: 1-20                                [6750, 3]                 99
├─Tanh: 1-21                                  [6750, 32]                --
├─Linear: 1-22                                [6750, 3]                 (recursive)
├─Tanh: 1-23                                  [6750, 32]                --
├─Linear: 1-24                                [6750, 3]                 (recursive)
├─Tanh: 1-25                                  [6750, 32]                --
├─Linear: 1-26                                [6750, 3]                 (recursive)
├─Tanh: 1-27                                  [6750, 32]                --
├─Linear: 1-28                                [6750, 3]                 (recursive)
├─Tanh: 1-29                                  [6750, 32]                --
├─Linear: 1-30                                [6750, 3]                 (recursive)
===============================================================================================
Total params: 88,134
Trainable params: 88,134
Non-trainable params: 0
Total mult-adds (M): 863.26
===============================================================================================
Input size (MB): 3.84
Forward/backward pass size (MB): 519.37
Params size (MB): 0.09
Estimated Total Size (MB): 523.30
===============================================================================================
2023-04-28 00:58:44.674 | INFO     | models.temporal_integrators:summarize:594 - Example input shape: torch.Size([150, 50, 128])
2023-04-28 00:58:44.674 | INFO     | models.temporal_integrators:summarize:595 - Example output shape: torch.Size([150, 50, 3, 3])
2023-04-28 00:58:44.677 | INFO     | models.temporal_integrators:import_model:58 - model moved onto: [33mcuda.[0m
2023-04-28 00:58:44.679 | INFO     | models.optimizers:initialize_optimizer:44 - Optimizer:
AdamW (
Parameter Group 0
    amsgrad: False
    betas: (0.9, 0.999)
    capturable: False
    differentiable: False
    eps: 1e-08
    foreach: None
    fused: None
    lr: 2.9756292288415976e-06
    maximize: False
    weight_decay: 0.0006000000000000001
)
2023-04-28 00:58:44.679 | INFO     | datasets.data_processing:lmdb_dataloaders:293 - loading data... 
2023-04-28 00:58:44.680 | INFO     | datasets.data_processing:lmdb_dataloaders:295 - If this process takes long, consider setting is_load_onto_memory=False or use LMDBIterableDataset.
2023-04-28 00:58:47.025 | INFO     | __main__:objective:356 - Starting epoch #0.
2023-04-28 00:58:49.566 | INFO     | utils.logging:log_training_results:280 - 
2023-04-28 00:58:49.567 | INFO     | utils.logging:log_training_results:281 - Global Step =      0
2023-04-28 00:58:49.567 | INFO     | utils.logging:log_training_results:282 - val mean(MacRec)_t: 0.3223299980163574
2023-04-28 00:58:49.567 | INFO     | utils.logging:log_training_results:287 - val mean ABSerr: 3.524395227432251
2023-04-28 00:58:49.568 | INFO     | utils.logging:log_training_results:290 - val ausat from confmx: 0.3287009000778198
2023-04-28 00:58:49.568 | INFO     | utils.logging:log_training_results:301 - val MCE loss:1.10308 * 0.2 * 0.15691
2023-04-28 00:58:49.569 | INFO     | utils.logging:log_training_results:309 - val LLLR :1.20088 * 0.2 * -0.29287
2023-04-28 00:58:49.569 | INFO     | utils.logging:log_training_results:317 - val weight decay:1321.07422 * 0.0006000000000000001 * 1.29880
2023-04-28 00:58:50.526 | INFO     | utils.logging:save_sdre_imgs:710 - Figures saved.
2023-04-28 00:58:50.933 | INFO     | utils.logging:log_training_results:280 - 
2023-04-28 00:58:50.934 | INFO     | utils.logging:log_training_results:281 - Global Step =      0
2023-04-28 00:58:50.934 | INFO     | utils.logging:log_training_results:282 - train mean(MacRec)_t: 0.3281297981739044
2023-04-28 00:58:50.934 | INFO     | utils.logging:log_training_results:287 - train mean ABSerr: 3.5454885959625244
2023-04-28 00:58:50.935 | INFO     | utils.logging:log_training_results:290 - train ausat from confmx: 0.32471296191215515
2023-04-28 00:58:50.935 | INFO     | utils.logging:log_training_results:301 - train MCE loss:1.09820 * 0.2 * 0.15691
2023-04-28 00:58:50.936 | INFO     | utils.logging:log_training_results:309 - train LLLR :1.30553 * 0.2 * -0.29287
2023-04-28 00:58:50.936 | INFO     | utils.logging:log_training_results:317 - train weight decay:1321.07422 * 0.0006000000000000001 * 1.29880
2023-04-28 00:59:17.811 | INFO     | utils.logging:log_training_results:280 - 
2023-04-28 00:59:17.813 | INFO     | utils.logging:log_training_results:281 - Global Step =    250
2023-04-28 00:59:17.815 | INFO     | utils.logging:log_training_results:282 - val mean(MacRec)_t: 0.3094800114631653
2023-04-28 00:59:17.816 | INFO     | utils.logging:log_training_results:287 - val mean ABSerr: 3.504244565963745
2023-04-28 00:59:17.816 | INFO     | utils.logging:log_training_results:290 - val ausat from confmx: 0.31716594099998474
2023-04-28 00:59:17.817 | INFO     | utils.logging:log_training_results:301 - val MCE loss:1.10196 * 0.2 * 0.15765
2023-04-28 00:59:17.817 | INFO     | utils.logging:log_training_results:309 - val LLLR :1.11996 * 0.2 * -0.29356
2023-04-28 00:59:17.818 | INFO     | utils.logging:log_training_results:317 - val weight decay:1320.57678 * 0.0006000000000000001 * 1.29806
2023-04-28 00:59:18.833 | INFO     | utils.logging:save_sdre_imgs:710 - Figures saved.
2023-04-28 00:59:19.298 | INFO     | utils.logging:log_training_results:280 - 
2023-04-28 00:59:19.299 | INFO     | utils.logging:log_training_results:281 - Global Step =    250
2023-04-28 00:59:19.299 | INFO     | utils.logging:log_training_results:282 - train mean(MacRec)_t: 0.3536093831062317
2023-04-28 00:59:19.299 | INFO     | utils.logging:log_training_results:287 - train mean ABSerr: 3.59259295463562
2023-04-28 00:59:19.300 | INFO     | utils.logging:log_training_results:290 - train ausat from confmx: 0.3488945960998535
2023-04-28 00:59:19.300 | INFO     | utils.logging:log_training_results:301 - train MCE loss:1.09697 * 0.2 * 0.15765
2023-04-28 00:59:19.301 | INFO     | utils.logging:log_training_results:309 - train LLLR :1.13834 * 0.2 * -0.29357
2023-04-28 00:59:19.301 | INFO     | utils.logging:log_training_results:317 - train weight decay:1320.57678 * 0.0006000000000000001 * 1.29806
2023-04-28 00:59:34.210 | INFO     | __main__:objective:356 - Starting epoch #1.
2023-04-28 00:59:46.570 | INFO     | utils.logging:log_training_results:280 - 
2023-04-28 00:59:46.571 | INFO     | utils.logging:log_training_results:281 - Global Step =    500
2023-04-28 00:59:46.571 | INFO     | utils.logging:log_training_results:282 - val mean(MacRec)_t: 0.32840999960899353
2023-04-28 00:59:46.572 | INFO     | utils.logging:log_training_results:287 - val mean ABSerr: 3.4937844276428223
2023-04-28 00:59:46.572 | INFO     | utils.logging:log_training_results:290 - val ausat from confmx: 0.33716145157814026
2023-04-28 00:59:46.573 | INFO     | utils.logging:log_training_results:301 - val MCE loss:1.10044 * 0.2 * 0.15838
2023-04-28 00:59:46.573 | INFO     | utils.logging:log_training_results:309 - val LLLR :1.10585 * 0.2 * -0.29423
2023-04-28 00:59:46.574 | INFO     | utils.logging:log_training_results:317 - val weight decay:1319.99951 * 0.0006000000000000001 * 1.29731
2023-04-28 00:59:46.670 | INFO     | utils.checkpoint:update_and_save_result:168 - [36mBest value updated![0m
2023-04-28 00:59:46.684 | INFO     | utils.checkpoint:save_checkpoint:83 - [36mSaved checkpoint[0m at step 500.
2023-04-28 00:59:47.595 | INFO     | utils.logging:save_sdre_imgs:710 - Figures saved.
2023-04-28 00:59:48.077 | INFO     | utils.logging:log_training_results:280 - 
2023-04-28 00:59:48.078 | INFO     | utils.logging:log_training_results:281 - Global Step =    500
2023-04-28 00:59:48.078 | INFO     | utils.logging:log_training_results:282 - train mean(MacRec)_t: 0.34126731753349304
2023-04-28 00:59:48.079 | INFO     | utils.logging:log_training_results:287 - train mean ABSerr: 3.68749737739563
2023-04-28 00:59:48.079 | INFO     | utils.logging:log_training_results:290 - train ausat from confmx: 0.3610536754131317
2023-04-28 00:59:48.081 | INFO     | utils.logging:log_training_results:301 - train MCE loss:1.10336 * 0.2 * 0.15838
2023-04-28 00:59:48.081 | INFO     | utils.logging:log_training_results:309 - train LLLR :1.13097 * 0.2 * -0.29424
2023-04-28 00:59:48.082 | INFO     | utils.logging:log_training_results:317 - train weight decay:1319.99951 * 0.0006000000000000001 * 1.29731
2023-04-28 01:00:14.499 | INFO     | utils.logging:log_training_results:280 - 
2023-04-28 01:00:14.500 | INFO     | utils.logging:log_training_results:281 - Global Step =    750
2023-04-28 01:00:14.500 | INFO     | utils.logging:log_training_results:282 - val mean(MacRec)_t: 0.3638800084590912
2023-04-28 01:00:14.501 | INFO     | utils.logging:log_training_results:287 - val mean ABSerr: 3.482879161834717
2023-04-28 01:00:14.501 | INFO     | utils.logging:log_training_results:290 - val ausat from confmx: 0.3912438154220581
2023-04-28 01:00:14.502 | INFO     | utils.logging:log_training_results:301 - val MCE loss:1.09891 * 0.2 * 0.15911
2023-04-28 01:00:14.502 | INFO     | utils.logging:log_training_results:309 - val LLLR :1.09294 * 0.2 * -0.29490
2023-04-28 01:00:14.502 | INFO     | utils.logging:log_training_results:317 - val weight decay:1319.42407 * 0.0006000000000000001 * 1.29657
2023-04-28 01:00:14.597 | INFO     | utils.checkpoint:update_and_save_result:168 - [36mBest value updated![0m
2023-04-28 01:00:14.610 | INFO     | utils.checkpoint:save_checkpoint:83 - [36mSaved checkpoint[0m at step 750.
2023-04-28 01:00:14.613 | INFO     | utils.checkpoint:keep_max_num_saved_models:101 - Removed the oldest model for max_to_keep=1
2023-04-28 01:00:15.496 | INFO     | utils.logging:save_sdre_imgs:710 - Figures saved.
2023-04-28 01:00:15.957 | INFO     | utils.logging:log_training_results:280 - 
2023-04-28 01:00:15.958 | INFO     | utils.logging:log_training_results:281 - Global Step =    750
2023-04-28 01:00:15.958 | INFO     | utils.logging:log_training_results:282 - train mean(MacRec)_t: 0.36494162678718567
2023-04-28 01:00:15.959 | INFO     | utils.logging:log_training_results:287 - train mean ABSerr: 3.568185567855835
2023-04-28 01:00:15.959 | INFO     | utils.logging:log_training_results:290 - train ausat from confmx: 0.38273149728775024
2023-04-28 01:00:15.960 | INFO     | utils.logging:log_training_results:301 - train MCE loss:1.09745 * 0.2 * 0.15911
2023-04-28 01:00:15.960 | INFO     | utils.logging:log_training_results:309 - train LLLR :1.11028 * 0.2 * -0.29490
2023-04-28 01:00:15.961 | INFO     | utils.logging:log_training_results:317 - train weight decay:1319.42395 * 0.0006000000000000001 * 1.29657
2023-04-28 01:00:20.683 | INFO     | __main__:objective:356 - Starting epoch #2.
2023-04-28 01:00:42.636 | INFO     | utils.logging:log_training_results:280 - 
2023-04-28 01:00:42.637 | INFO     | utils.logging:log_training_results:281 - Global Step =   1000
2023-04-28 01:00:42.637 | INFO     | utils.logging:log_training_results:282 - val mean(MacRec)_t: 0.4023433327674866
2023-04-28 01:00:42.638 | INFO     | utils.logging:log_training_results:287 - val mean ABSerr: 3.4715847969055176
2023-04-28 01:00:42.638 | INFO     | utils.logging:log_training_results:290 - val ausat from confmx: 0.44732099771499634
2023-04-28 01:00:42.638 | INFO     | utils.logging:log_training_results:301 - val MCE loss:1.09740 * 0.2 * 0.15983
2023-04-28 01:00:42.639 | INFO     | utils.logging:log_training_results:309 - val LLLR :1.07933 * 0.2 * -0.29554
2023-04-28 01:00:42.639 | INFO     | utils.logging:log_training_results:317 - val weight decay:1318.85608 * 0.0006000000000000001 * 1.29582
2023-04-28 01:00:42.732 | INFO     | utils.checkpoint:update_and_save_result:168 - [36mBest value updated![0m
2023-04-28 01:00:42.745 | INFO     | utils.checkpoint:save_checkpoint:83 - [36mSaved checkpoint[0m at step 1000.
2023-04-28 01:00:42.748 | INFO     | utils.checkpoint:keep_max_num_saved_models:101 - Removed the oldest model for max_to_keep=1
2023-04-28 01:00:43.631 | INFO     | utils.logging:save_sdre_imgs:710 - Figures saved.
2023-04-28 01:00:44.075 | INFO     | utils.logging:log_training_results:280 - 
2023-04-28 01:00:44.076 | INFO     | utils.logging:log_training_results:281 - Global Step =   1000
2023-04-28 01:00:44.076 | INFO     | utils.logging:log_training_results:282 - train mean(MacRec)_t: 0.40525439381599426
2023-04-28 01:00:44.076 | INFO     | utils.logging:log_training_results:287 - train mean ABSerr: 3.5224571228027344
2023-04-28 01:00:44.077 | INFO     | utils.logging:log_training_results:290 - train ausat from confmx: 0.46045488119125366
2023-04-28 01:00:44.077 | INFO     | utils.logging:log_training_results:301 - train MCE loss:1.09723 * 0.2 * 0.15984
2023-04-28 01:00:44.077 | INFO     | utils.logging:log_training_results:309 - train LLLR :1.08428 * 0.2 * -0.29554
2023-04-28 01:00:44.078 | INFO     | utils.logging:log_training_results:317 - train weight decay:1318.85608 * 0.0006000000000000001 * 1.29582
2023-04-28 01:01:04.864 | INFO     | __main__:objective:356 - Starting epoch #3.
2023-04-28 01:01:12.517 | INFO     | utils.logging:log_training_results:280 - 
2023-04-28 01:01:12.517 | INFO     | utils.logging:log_training_results:281 - Global Step =   1250
2023-04-28 01:01:12.518 | INFO     | utils.logging:log_training_results:282 - val mean(MacRec)_t: 0.44415998458862305
2023-04-28 01:01:12.518 | INFO     | utils.logging:log_training_results:287 - val mean ABSerr: 3.4589500427246094
2023-04-28 01:01:12.518 | INFO     | utils.logging:log_training_results:290 - val ausat from confmx: 0.5092953443527222
2023-04-28 01:01:12.519 | INFO     | utils.logging:log_training_results:301 - val MCE loss:1.09590 * 0.2 * 0.16055
2023-04-28 01:01:12.519 | INFO     | utils.logging:log_training_results:309 - val LLLR :1.06480 * 0.2 * -0.29617
2023-04-28 01:01:12.520 | INFO     | utils.logging:log_training_results:317 - val weight decay:1318.30200 * 0.0006000000000000001 * 1.29508
2023-04-28 01:01:12.610 | INFO     | utils.checkpoint:update_and_save_result:168 - [36mBest value updated![0m
2023-04-28 01:01:12.626 | INFO     | utils.checkpoint:save_checkpoint:83 - [36mSaved checkpoint[0m at step 1250.
2023-04-28 01:01:12.628 | INFO     | utils.checkpoint:keep_max_num_saved_models:101 - Removed the oldest model for max_to_keep=1
2023-04-28 01:01:13.489 | INFO     | utils.logging:save_sdre_imgs:710 - Figures saved.
2023-04-28 01:01:13.938 | INFO     | utils.logging:log_training_results:280 - 
2023-04-28 01:01:13.939 | INFO     | utils.logging:log_training_results:281 - Global Step =   1250
2023-04-28 01:01:13.939 | INFO     | utils.logging:log_training_results:282 - train mean(MacRec)_t: 0.42298009991645813
2023-04-28 01:01:13.939 | INFO     | utils.logging:log_training_results:287 - train mean ABSerr: 3.434847831726074
2023-04-28 01:01:13.940 | INFO     | utils.logging:log_training_results:290 - train ausat from confmx: 0.5121554732322693
2023-04-28 01:01:13.940 | INFO     | utils.logging:log_training_results:301 - train MCE loss:1.09735 * 0.2 * 0.16056
2023-04-28 01:01:13.940 | INFO     | utils.logging:log_training_results:309 - train LLLR :1.06872 * 0.2 * -0.29617
2023-04-28 01:01:13.941 | INFO     | utils.logging:log_training_results:317 - train weight decay:1318.30188 * 0.0006000000000000001 * 1.29508
2023-04-28 01:01:40.753 | INFO     | utils.logging:log_training_results:280 - 
2023-04-28 01:01:40.753 | INFO     | utils.logging:log_training_results:281 - Global Step =   1500
2023-04-28 01:01:40.754 | INFO     | utils.logging:log_training_results:282 - val mean(MacRec)_t: 0.4882233440876007
2023-04-28 01:01:40.754 | INFO     | utils.logging:log_training_results:287 - val mean ABSerr: 3.444904088973999
2023-04-28 01:01:40.755 | INFO     | utils.logging:log_training_results:290 - val ausat from confmx: 0.5730276703834534
2023-04-28 01:01:40.755 | INFO     | utils.logging:log_training_results:301 - val MCE loss:1.09437 * 0.2 * 0.16127
2023-04-28 01:01:40.756 | INFO     | utils.logging:log_training_results:309 - val LLLR :1.04887 * 0.2 * -0.29677
2023-04-28 01:01:40.756 | INFO     | utils.logging:log_training_results:317 - val weight decay:1317.76978 * 0.0006000000000000001 * 1.29433
2023-04-28 01:01:40.857 | INFO     | utils.checkpoint:update_and_save_result:168 - [36mBest value updated![0m
2023-04-28 01:01:40.874 | INFO     | utils.checkpoint:save_checkpoint:83 - [36mSaved checkpoint[0m at step 1500.
2023-04-28 01:01:40.878 | INFO     | utils.checkpoint:keep_max_num_saved_models:101 - Removed the oldest model for max_to_keep=1
2023-04-28 01:01:41.911 | INFO     | utils.logging:save_sdre_imgs:710 - Figures saved.
2023-04-28 01:01:42.358 | INFO     | utils.logging:log_training_results:280 - 
2023-04-28 01:01:42.359 | INFO     | utils.logging:log_training_results:281 - Global Step =   1500
2023-04-28 01:01:42.359 | INFO     | utils.logging:log_training_results:282 - train mean(MacRec)_t: 0.40418556332588196
2023-04-28 01:01:42.360 | INFO     | utils.logging:log_training_results:287 - train mean ABSerr: 3.570380687713623
2023-04-28 01:01:42.360 | INFO     | utils.logging:log_training_results:290 - train ausat from confmx: 0.49595537781715393
2023-04-28 01:01:42.361 | INFO     | utils.logging:log_training_results:301 - train MCE loss:1.09355 * 0.2 * 0.16127
2023-04-28 01:01:42.361 | INFO     | utils.logging:log_training_results:309 - train LLLR :1.07329 * 0.2 * -0.29677
2023-04-28 01:01:42.361 | INFO     | utils.logging:log_training_results:317 - train weight decay:1317.76978 * 0.0006000000000000001 * 1.29433
2023-04-28 01:01:52.566 | INFO     | __main__:objective:356 - Starting epoch #4.
2023-04-28 01:02:09.323 | INFO     | utils.logging:log_training_results:280 - 
2023-04-28 01:02:09.323 | INFO     | utils.logging:log_training_results:281 - Global Step =   1750
2023-04-28 01:02:09.324 | INFO     | utils.logging:log_training_results:282 - val mean(MacRec)_t: 0.529699981212616
2023-04-28 01:02:09.324 | INFO     | utils.logging:log_training_results:287 - val mean ABSerr: 3.429131507873535
2023-04-28 01:02:09.325 | INFO     | utils.logging:log_training_results:290 - val ausat from confmx: 0.6358404755592346
2023-04-28 01:02:09.325 | INFO     | utils.logging:log_training_results:301 - val MCE loss:1.09279 * 0.2 * 0.16198
2023-04-28 01:02:09.325 | INFO     | utils.logging:log_training_results:309 - val LLLR :1.03118 * 0.2 * -0.29734
2023-04-28 01:02:09.326 | INFO     | utils.logging:log_training_results:317 - val weight decay:1317.27332 * 0.0006000000000000001 * 1.29359
2023-04-28 01:02:09.413 | INFO     | utils.checkpoint:update_and_save_result:168 - [36mBest value updated![0m
2023-04-28 01:02:09.427 | INFO     | utils.checkpoint:save_checkpoint:83 - [36mSaved checkpoint[0m at step 1750.
2023-04-28 01:02:09.430 | INFO     | utils.checkpoint:keep_max_num_saved_models:101 - Removed the oldest model for max_to_keep=1
2023-04-28 01:02:10.323 | INFO     | utils.logging:save_sdre_imgs:710 - Figures saved.
2023-04-28 01:02:10.778 | INFO     | utils.logging:log_training_results:280 - 
2023-04-28 01:02:10.778 | INFO     | utils.logging:log_training_results:281 - Global Step =   1750
2023-04-28 01:02:10.779 | INFO     | utils.logging:log_training_results:282 - train mean(MacRec)_t: 0.47811925411224365
2023-04-28 01:02:10.779 | INFO     | utils.logging:log_training_results:287 - train mean ABSerr: 3.406416416168213
2023-04-28 01:02:10.779 | INFO     | utils.logging:log_training_results:290 - train ausat from confmx: 0.5477967858314514
2023-04-28 01:02:10.780 | INFO     | utils.logging:log_training_results:301 - train MCE loss:1.09311 * 0.2 * 0.16198
2023-04-28 01:02:10.780 | INFO     | utils.logging:log_training_results:309 - train LLLR :1.04150 * 0.2 * -0.29734
2023-04-28 01:02:10.781 | INFO     | utils.logging:log_training_results:317 - train weight decay:1317.27319 * 0.0006000000000000001 * 1.29359
2023-04-28 01:02:34.540 | INFO     | __main__:objective:356 - Starting epoch #5.
2023-04-28 01:02:36.933 | INFO     | utils.logging:log_training_results:280 - 
2023-04-28 01:02:36.934 | INFO     | utils.logging:log_training_results:281 - Global Step =   2000
2023-04-28 01:02:36.934 | INFO     | utils.logging:log_training_results:282 - val mean(MacRec)_t: 0.5687233805656433
2023-04-28 01:02:36.935 | INFO     | utils.logging:log_training_results:287 - val mean ABSerr: 3.4103991985321045
2023-04-28 01:02:36.935 | INFO     | utils.logging:log_training_results:290 - val ausat from confmx: 0.6918179988861084
2023-04-28 01:02:36.936 | INFO     | utils.logging:log_training_results:301 - val MCE loss:1.09114 * 0.2 * 0.16269
2023-04-28 01:02:36.936 | INFO     | utils.logging:log_training_results:309 - val LLLR :1.01128 * 0.2 * -0.29786
2023-04-28 01:02:36.936 | INFO     | utils.logging:log_training_results:317 - val weight decay:1316.81860 * 0.0006000000000000001 * 1.29284
2023-04-28 01:02:37.025 | INFO     | utils.checkpoint:update_and_save_result:168 - [36mBest value updated![0m
2023-04-28 01:02:37.038 | INFO     | utils.checkpoint:save_checkpoint:83 - [36mSaved checkpoint[0m at step 2000.
2023-04-28 01:02:37.041 | INFO     | utils.checkpoint:keep_max_num_saved_models:101 - Removed the oldest model for max_to_keep=1
2023-04-28 01:02:37.931 | INFO     | utils.logging:save_sdre_imgs:710 - Figures saved.
2023-04-28 01:02:38.382 | INFO     | utils.logging:log_training_results:280 - 
2023-04-28 01:02:38.383 | INFO     | utils.logging:log_training_results:281 - Global Step =   2000
2023-04-28 01:02:38.383 | INFO     | utils.logging:log_training_results:282 - train mean(MacRec)_t: 0.5036557912826538
2023-04-28 01:02:38.384 | INFO     | utils.logging:log_training_results:287 - train mean ABSerr: 3.3545055389404297
2023-04-28 01:02:38.384 | INFO     | utils.logging:log_training_results:290 - train ausat from confmx: 0.532010018825531
2023-04-28 01:02:38.384 | INFO     | utils.logging:log_training_results:301 - train MCE loss:1.09300 * 0.2 * 0.16269
2023-04-28 01:02:38.385 | INFO     | utils.logging:log_training_results:309 - train LLLR :1.01703 * 0.2 * -0.29786
2023-04-28 01:02:38.385 | INFO     | utils.logging:log_training_results:317 - train weight decay:1316.81860 * 0.0006000000000000001 * 1.29284
2023-04-28 01:03:04.792 | INFO     | utils.logging:log_training_results:280 - 
2023-04-28 01:03:04.793 | INFO     | utils.logging:log_training_results:281 - Global Step =   2250
2023-04-28 01:03:04.794 | INFO     | utils.logging:log_training_results:282 - val mean(MacRec)_t: 0.6026233434677124
2023-04-28 01:03:04.794 | INFO     | utils.logging:log_training_results:287 - val mean ABSerr: 3.3886444568634033
2023-04-28 01:03:04.795 | INFO     | utils.logging:log_training_results:290 - val ausat from confmx: 0.7283137440681458
2023-04-28 01:03:04.795 | INFO     | utils.logging:log_training_results:301 - val MCE loss:1.08940 * 0.2 * 0.16340
2023-04-28 01:03:04.796 | INFO     | utils.logging:log_training_results:309 - val LLLR :0.98907 * 0.2 * -0.29834
2023-04-28 01:03:04.796 | INFO     | utils.logging:log_training_results:317 - val weight decay:1316.40857 * 0.0006000000000000001 * 1.29210
2023-04-28 01:03:04.894 | INFO     | utils.checkpoint:update_and_save_result:168 - [36mBest value updated![0m
2023-04-28 01:03:04.909 | INFO     | utils.checkpoint:save_checkpoint:83 - [36mSaved checkpoint[0m at step 2250.
2023-04-28 01:03:04.912 | INFO     | utils.checkpoint:keep_max_num_saved_models:101 - Removed the oldest model for max_to_keep=1
2023-04-28 01:03:05.844 | INFO     | utils.logging:save_sdre_imgs:710 - Figures saved.
2023-04-28 01:03:06.299 | INFO     | utils.logging:log_training_results:280 - 
2023-04-28 01:03:06.300 | INFO     | utils.logging:log_training_results:281 - Global Step =   2250
2023-04-28 01:03:06.300 | INFO     | utils.logging:log_training_results:282 - train mean(MacRec)_t: 0.5485701560974121
2023-04-28 01:03:06.301 | INFO     | utils.logging:log_training_results:287 - train mean ABSerr: 3.361665725708008
2023-04-28 01:03:06.301 | INFO     | utils.logging:log_training_results:290 - train ausat from confmx: 0.6179789304733276
2023-04-28 01:03:06.302 | INFO     | utils.logging:log_training_results:301 - train MCE loss:1.09132 * 0.2 * 0.16340
2023-04-28 01:03:06.303 | INFO     | utils.logging:log_training_results:309 - train LLLR :0.99938 * 0.2 * -0.29834
2023-04-28 01:03:06.303 | INFO     | utils.logging:log_training_results:317 - train weight decay:1316.40857 * 0.0006000000000000001 * 1.29210
2023-04-28 01:03:21.032 | INFO     | __main__:objective:356 - Starting epoch #6.
2023-04-28 01:03:32.979 | INFO     | utils.logging:log_training_results:280 - 
2023-04-28 01:03:32.979 | INFO     | utils.logging:log_training_results:281 - Global Step =   2500
2023-04-28 01:03:32.980 | INFO     | utils.logging:log_training_results:282 - val mean(MacRec)_t: 0.6360533237457275
2023-04-28 01:03:32.980 | INFO     | utils.logging:log_training_results:287 - val mean ABSerr: 3.3632073402404785
2023-04-28 01:03:32.980 | INFO     | utils.logging:log_training_results:290 - val ausat from confmx: 0.774030864238739
2023-04-28 01:03:32.981 | INFO     | utils.logging:log_training_results:301 - val MCE loss:1.08759 * 0.2 * 0.16410
2023-04-28 01:03:32.981 | INFO     | utils.logging:log_training_results:309 - val LLLR :0.96345 * 0.2 * -0.29875
2023-04-28 01:03:32.982 | INFO     | utils.logging:log_training_results:317 - val weight decay:1316.04907 * 0.0006000000000000001 * 1.29135
2023-04-28 01:03:33.073 | INFO     | utils.checkpoint:update_and_save_result:168 - [36mBest value updated![0m
2023-04-28 01:03:33.088 | INFO     | utils.checkpoint:save_checkpoint:83 - [36mSaved checkpoint[0m at step 2500.
2023-04-28 01:03:33.090 | INFO     | utils.checkpoint:keep_max_num_saved_models:101 - Removed the oldest model for max_to_keep=1
2023-04-28 01:03:34.158 | INFO     | utils.logging:save_sdre_imgs:710 - Figures saved.
2023-04-28 01:03:34.616 | INFO     | utils.logging:log_training_results:280 - 
2023-04-28 01:03:34.616 | INFO     | utils.logging:log_training_results:281 - Global Step =   2500
2023-04-28 01:03:34.616 | INFO     | utils.logging:log_training_results:282 - train mean(MacRec)_t: 0.5342221856117249
2023-04-28 01:03:34.617 | INFO     | utils.logging:log_training_results:287 - train mean ABSerr: 3.48535418510437
2023-04-28 01:03:34.617 | INFO     | utils.logging:log_training_results:290 - train ausat from confmx: 0.6357305645942688
2023-04-28 01:03:34.618 | INFO     | utils.logging:log_training_results:301 - train MCE loss:1.09108 * 0.2 * 0.16410
2023-04-28 01:03:34.618 | INFO     | utils.logging:log_training_results:309 - train LLLR :1.00240 * 0.2 * -0.29875
2023-04-28 01:03:34.618 | INFO     | utils.logging:log_training_results:317 - train weight decay:1316.04895 * 0.0006000000000000001 * 1.29135
2023-04-28 01:04:01.199 | INFO     | utils.logging:log_training_results:280 - 
2023-04-28 01:04:01.199 | INFO     | utils.logging:log_training_results:281 - Global Step =   2750
2023-04-28 01:04:01.200 | INFO     | utils.logging:log_training_results:282 - val mean(MacRec)_t: 0.6696699857711792
2023-04-28 01:04:01.200 | INFO     | utils.logging:log_training_results:287 - val mean ABSerr: 3.332955837249756
2023-04-28 01:04:01.200 | INFO     | utils.logging:log_training_results:290 - val ausat from confmx: 0.8229017853736877
2023-04-28 01:04:01.201 | INFO     | utils.logging:log_training_results:301 - val MCE loss:1.08557 * 0.2 * 0.16480
2023-04-28 01:04:01.201 | INFO     | utils.logging:log_training_results:309 - val LLLR :0.93483 * 0.2 * -0.29907
2023-04-28 01:04:01.202 | INFO     | utils.logging:log_training_results:317 - val weight decay:1315.75415 * 0.0006000000000000001 * 1.29061
2023-04-28 01:04:01.293 | INFO     | utils.checkpoint:update_and_save_result:168 - [36mBest value updated![0m
2023-04-28 01:04:01.309 | INFO     | utils.checkpoint:save_checkpoint:83 - [36mSaved checkpoint[0m at step 2750.
2023-04-28 01:04:01.311 | INFO     | utils.checkpoint:keep_max_num_saved_models:101 - Removed the oldest model for max_to_keep=1
2023-04-28 01:04:02.190 | INFO     | utils.logging:save_sdre_imgs:710 - Figures saved.
2023-04-28 01:04:02.647 | INFO     | utils.logging:log_training_results:280 - 
2023-04-28 01:04:02.647 | INFO     | utils.logging:log_training_results:281 - Global Step =   2750
2023-04-28 01:04:02.648 | INFO     | utils.logging:log_training_results:282 - train mean(MacRec)_t: 0.5851487517356873
2023-04-28 01:04:02.648 | INFO     | utils.logging:log_training_results:287 - train mean ABSerr: 3.3111684322357178
2023-04-28 01:04:02.648 | INFO     | utils.logging:log_training_results:290 - train ausat from confmx: 0.6944181323051453
2023-04-28 01:04:02.649 | INFO     | utils.logging:log_training_results:301 - train MCE loss:1.08868 * 0.2 * 0.16480
2023-04-28 01:04:02.649 | INFO     | utils.logging:log_training_results:309 - train LLLR :0.96159 * 0.2 * -0.29907
2023-04-28 01:04:02.650 | INFO     | utils.logging:log_training_results:317 - train weight decay:1315.75403 * 0.0006000000000000001 * 1.29061
2023-04-28 01:04:07.754 | INFO     | __main__:objective:356 - Starting epoch #7.
2023-04-28 01:04:30.222 | INFO     | utils.logging:log_training_results:280 - 
2023-04-28 01:04:30.223 | INFO     | utils.logging:log_training_results:281 - Global Step =   3000
2023-04-28 01:04:30.223 | INFO     | utils.logging:log_training_results:282 - val mean(MacRec)_t: 0.6871700286865234
2023-04-28 01:04:30.223 | INFO     | utils.logging:log_training_results:287 - val mean ABSerr: 3.2969911098480225
2023-04-28 01:04:30.224 | INFO     | utils.logging:log_training_results:290 - val ausat from confmx: 0.8332018256187439
2023-04-28 01:04:30.224 | INFO     | utils.logging:log_training_results:301 - val MCE loss:1.08339 * 0.2 * 0.16550
2023-04-28 01:04:30.225 | INFO     | utils.logging:log_training_results:309 - val LLLR :0.90339 * 0.2 * -0.29928
2023-04-28 01:04:30.225 | INFO     | utils.logging:log_training_results:317 - val weight decay:1315.51880 * 0.0006000000000000001 * 1.28986
2023-04-28 01:04:30.314 | INFO     | utils.checkpoint:update_and_save_result:168 - [36mBest value updated![0m
2023-04-28 01:04:30.332 | INFO     | utils.checkpoint:save_checkpoint:83 - [36mSaved checkpoint[0m at step 3000.
2023-04-28 01:04:30.335 | INFO     | utils.checkpoint:keep_max_num_saved_models:101 - Removed the oldest model for max_to_keep=1
2023-04-28 01:04:31.226 | INFO     | utils.logging:save_sdre_imgs:710 - Figures saved.
2023-04-28 01:04:31.678 | INFO     | utils.logging:log_training_results:280 - 
2023-04-28 01:04:31.678 | INFO     | utils.logging:log_training_results:281 - Global Step =   3000
2023-04-28 01:04:31.679 | INFO     | utils.logging:log_training_results:282 - train mean(MacRec)_t: 0.6375657916069031
2023-04-28 01:04:31.679 | INFO     | utils.logging:log_training_results:287 - train mean ABSerr: 3.3343310356140137
2023-04-28 01:04:31.680 | INFO     | utils.logging:log_training_results:290 - train ausat from confmx: 0.7717949151992798
2023-04-28 01:04:31.680 | INFO     | utils.logging:log_training_results:301 - train MCE loss:1.08436 * 0.2 * 0.16551
2023-04-28 01:04:31.680 | INFO     | utils.logging:log_training_results:309 - train LLLR :0.89588 * 0.2 * -0.29928
2023-04-28 01:04:31.681 | INFO     | utils.logging:log_training_results:317 - train weight decay:1315.51880 * 0.0006000000000000001 * 1.28986
2023-04-28 01:04:51.225 | INFO     | __main__:objective:356 - Starting epoch #8.
2023-04-28 01:04:58.651 | INFO     | utils.logging:log_training_results:280 - 
2023-04-28 01:04:58.652 | INFO     | utils.logging:log_training_results:281 - Global Step =   3250
2023-04-28 01:04:58.653 | INFO     | utils.logging:log_training_results:282 - val mean(MacRec)_t: 0.7128466367721558
2023-04-28 01:04:58.653 | INFO     | utils.logging:log_training_results:287 - val mean ABSerr: 3.2544455528259277
2023-04-28 01:04:58.653 | INFO     | utils.logging:log_training_results:290 - val ausat from confmx: 0.8713358640670776
2023-04-28 01:04:58.654 | INFO     | utils.logging:log_training_results:301 - val MCE loss:1.08106 * 0.2 * 0.16620
2023-04-28 01:04:58.657 | INFO     | utils.logging:log_training_results:309 - val LLLR :0.86766 * 0.2 * -0.29933
2023-04-28 01:04:58.658 | INFO     | utils.logging:log_training_results:317 - val weight decay:1315.34302 * 0.0006000000000000001 * 1.28912
2023-04-28 01:04:58.760 | INFO     | utils.checkpoint:update_and_save_result:168 - [36mBest value updated![0m
2023-04-28 01:04:58.776 | INFO     | utils.checkpoint:save_checkpoint:83 - [36mSaved checkpoint[0m at step 3250.
2023-04-28 01:04:58.780 | INFO     | utils.checkpoint:keep_max_num_saved_models:101 - Removed the oldest model for max_to_keep=1
2023-04-28 01:04:59.718 | INFO     | utils.logging:save_sdre_imgs:710 - Figures saved.
2023-04-28 01:05:00.183 | INFO     | utils.logging:log_training_results:280 - 
2023-04-28 01:05:00.184 | INFO     | utils.logging:log_training_results:281 - Global Step =   3250
2023-04-28 01:05:00.184 | INFO     | utils.logging:log_training_results:282 - train mean(MacRec)_t: 0.633315920829773
2023-04-28 01:05:00.185 | INFO     | utils.logging:log_training_results:287 - train mean ABSerr: 3.2719855308532715
2023-04-28 01:05:00.185 | INFO     | utils.logging:log_training_results:290 - train ausat from confmx: 0.7392367720603943
2023-04-28 01:05:00.186 | INFO     | utils.logging:log_training_results:301 - train MCE loss:1.08371 * 0.2 * 0.16620
2023-04-28 01:05:00.186 | INFO     | utils.logging:log_training_results:309 - train LLLR :0.91103 * 0.2 * -0.29933
2023-04-28 01:05:00.186 | INFO     | utils.logging:log_training_results:317 - train weight decay:1315.34290 * 0.0006000000000000001 * 1.28912
2023-04-28 01:05:29.017 | INFO     | utils.logging:log_training_results:280 - 
2023-04-28 01:05:29.017 | INFO     | utils.logging:log_training_results:281 - Global Step =   3500
2023-04-28 01:05:29.018 | INFO     | utils.logging:log_training_results:282 - val mean(MacRec)_t: 0.7283433079719543
2023-04-28 01:05:29.018 | INFO     | utils.logging:log_training_results:287 - val mean ABSerr: 3.204822540283203
2023-04-28 01:05:29.018 | INFO     | utils.logging:log_training_results:290 - val ausat from confmx: 0.8861702680587769
2023-04-28 01:05:29.019 | INFO     | utils.logging:log_training_results:301 - val MCE loss:1.07848 * 0.2 * 0.16690
2023-04-28 01:05:29.019 | INFO     | utils.logging:log_training_results:309 - val LLLR :0.83019 * 0.2 * -0.29914
2023-04-28 01:05:29.020 | INFO     | utils.logging:log_training_results:317 - val weight decay:1315.21667 * 0.0006000000000000001 * 1.28837
2023-04-28 01:05:29.107 | INFO     | utils.checkpoint:update_and_save_result:168 - [36mBest value updated![0m
2023-04-28 01:05:29.121 | INFO     | utils.checkpoint:save_checkpoint:83 - [36mSaved checkpoint[0m at step 3500.
2023-04-28 01:05:29.124 | INFO     | utils.checkpoint:keep_max_num_saved_models:101 - Removed the oldest model for max_to_keep=1
2023-04-28 01:05:30.093 | INFO     | utils.logging:save_sdre_imgs:710 - Figures saved.
2023-04-28 01:05:30.550 | INFO     | utils.logging:log_training_results:280 - 
2023-04-28 01:05:30.552 | INFO     | utils.logging:log_training_results:281 - Global Step =   3500
2023-04-28 01:05:30.552 | INFO     | utils.logging:log_training_results:282 - train mean(MacRec)_t: 0.6977980136871338
2023-04-28 01:05:30.552 | INFO     | utils.logging:log_training_results:287 - train mean ABSerr: 3.248232364654541
2023-04-28 01:05:30.553 | INFO     | utils.logging:log_training_results:290 - train ausat from confmx: 0.8792670369148254
2023-04-28 01:05:30.553 | INFO     | utils.logging:log_training_results:301 - train MCE loss:1.07885 * 0.2 * 0.16690
2023-04-28 01:05:30.554 | INFO     | utils.logging:log_training_results:309 - train LLLR :0.82534 * 0.2 * -0.29914
2023-04-28 01:05:30.555 | INFO     | utils.logging:log_training_results:317 - train weight decay:1315.21667 * 0.0006000000000000001 * 1.28837
2023-04-28 01:05:40.562 | INFO     | __main__:objective:356 - Starting epoch #9.
2023-04-28 01:05:57.605 | INFO     | utils.logging:log_training_results:280 - 
2023-04-28 01:05:57.606 | INFO     | utils.logging:log_training_results:281 - Global Step =   3750
2023-04-28 01:05:57.606 | INFO     | utils.logging:log_training_results:282 - val mean(MacRec)_t: 0.7399100065231323
2023-04-28 01:05:57.607 | INFO     | utils.logging:log_training_results:287 - val mean ABSerr: 3.147251605987549
2023-04-28 01:05:57.607 | INFO     | utils.logging:log_training_results:290 - val ausat from confmx: 0.9012542963027954
2023-04-28 01:05:57.609 | INFO     | utils.logging:log_training_results:301 - val MCE loss:1.07575 * 0.2 * 0.16759
2023-04-28 01:05:57.609 | INFO     | utils.logging:log_training_results:309 - val LLLR :0.79076 * 0.2 * -0.29867
2023-04-28 01:05:57.609 | INFO     | utils.logging:log_training_results:317 - val weight decay:1315.14209 * 0.0006000000000000001 * 1.28763
2023-04-28 01:05:57.705 | INFO     | utils.checkpoint:update_and_save_result:168 - [36mBest value updated![0m
2023-04-28 01:05:57.720 | INFO     | utils.checkpoint:save_checkpoint:83 - [36mSaved checkpoint[0m at step 3750.
2023-04-28 01:05:57.724 | INFO     | utils.checkpoint:keep_max_num_saved_models:101 - Removed the oldest model for max_to_keep=1
2023-04-28 01:05:58.613 | INFO     | utils.logging:save_sdre_imgs:710 - Figures saved.
2023-04-28 01:05:59.053 | INFO     | utils.logging:log_training_results:280 - 
2023-04-28 01:05:59.054 | INFO     | utils.logging:log_training_results:281 - Global Step =   3750
2023-04-28 01:05:59.054 | INFO     | utils.logging:log_training_results:282 - train mean(MacRec)_t: 0.6999566555023193
2023-04-28 01:05:59.055 | INFO     | utils.logging:log_training_results:287 - train mean ABSerr: 3.1259920597076416
2023-04-28 01:05:59.055 | INFO     | utils.logging:log_training_results:290 - train ausat from confmx: 0.8155133128166199
2023-04-28 01:05:59.055 | INFO     | utils.logging:log_training_results:301 - train MCE loss:1.08562 * 0.2 * 0.16759
2023-04-28 01:05:59.056 | INFO     | utils.logging:log_training_results:309 - train LLLR :0.79049 * 0.2 * -0.29867
2023-04-28 01:05:59.056 | INFO     | utils.logging:log_training_results:317 - train weight decay:1315.14209 * 0.0006000000000000001 * 1.28763
2023-04-28 01:06:23.380 | INFO     | utils.logging:investigate_log:155 - num_warning=0/num_error=0 in the .log file.
2023-04-28 01:06:23.554 | INFO     | optuna.study.study:_log_completed_trial:1020 - Trial 4 finished with value: 0.09874570369720459 and parameters: {'LIST_IS_POSITIONAL_ENCODING': True, 'LIST_IS_TRAINABLE_ENCODING': True, 'LIST_MODEL_BACKBONE': 'Transformer', 'LIST_WEIGHT_DECAY': 0.0006000000000000001, 'LIST_LEARNING_RATE': 2.9756292288415976e-06, 'LIST_LLLR_VERSION': 'LSEL', 'LIST_ACTIVATION_FC': 'tanh', 'LIST_PARAM_MULTIPLET_LOSS': 0.2, 'LIST_PARAM_LLR_LOSS': 0.2, 'LIST_IS_ADAPTIVE_LOSS': True, 'LIST_ORDER_SPRT': 5, 'LIST_OPTIMIZER': 'adam', 'LIST_IS_NORMALIZE': False, 'LIST_NUM_THRESH': 1000, 'LIST_SPARSITY': 'unirandom', 'LIST_NUM_BLOCKS': 1, 'LIST_NUM_HEADS': 2, 'LIST_DROPOUT': 0.1, 'LIST_FF_DIM': 64, 'LIST_MLP_UNITS': 32}. Best is trial 3 with value: 0.018537938594818115.
2023-04-28 01:06:23.578 | INFO     | utils.hyperparameter_tuning:suggest_parameters:560 - [33mStarting a tuning phase.[0m
2023-04-28 01:06:24.341 | INFO     | utils.hyperparameter_tuning:print:394 - 
+------------------------------------------+
|   Hyperparameteres suggested by Optuna   |
+------------------------+-----------------+
|     Parameter name     | Suggested value |
+------------------------+-----------------+
|     ACTIVATION_FC      |     B2Bcbrt     |
|        DROPOUT         |       0.2       |
|         FF_DIM         |        32       |
|    IS_ADAPTIVE_LOSS    |       True      |
|      IS_NORMALIZE      |      False      |
| IS_POSITIONAL_ENCODING |      False      |
|     LEARNING_RATE      |    1.4753e-05   |
|      LLLR_VERSION      |       LLLR      |
|       MLP_UNITS        |        32       |
|     MODEL_BACKBONE     |   Transformer   |
|       NUM_BLOCKS       |        2        |
|       NUM_HEADS        |        2        |
|       NUM_THRESH       |       1000      |
|       OPTIMIZER        |       adam      |
|       ORDER_SPRT       |        5        |
|     PARAM_LLR_LOSS     |       0.1       |
|  PARAM_MULTIPLET_LOSS  |       0.1       |
|        SPARSITY        |     logspace    |
|      WEIGHT_DECAY      |      0.0002     |
+------------------------+-----------------+
2023-04-28 01:06:24.342 | INFO     | utils.misc:create_directories_and_log:291 - [33mA new log directory was created: [0m/home/afe/Dropbox/GitHub/SPRT-TANDEM-PyTorch/logs/public_offset0_5_optimausat_confmx_tuning/checkpoints/Transformer_20230428_010624342/configs
2023-04-28 01:06:24.343 | INFO     | utils.misc:create_directories_and_log:291 - [33mA new log directory was created: [0m/home/afe/Dropbox/GitHub/SPRT-TANDEM-PyTorch/logs/public_offset0_5_optimausat_confmx_tuning/TensorBoard_events/Transformer_20230428_010624342
