2023-04-30 11:32:02.950 | INFO     | utils.misc:fix_random_seed:405 - Random seed is not fixed.
2023-04-30 11:32:02.971 | INFO     | models.temporal_integrators:summarize:568 - 
:'######::'########::'########::'########::::::::::::::::::::::
'##... ##: ##.... ##: ##.... ##:... ##..:::::::::::::::::::::::
 ##:::..:: ##:::: ##: ##:::: ##:::: ##:::::::::::::::::::::::::
. ######:: ########:: ########::::: ##::::'#######:::::::::::::
:..... ##: ##.....::: ##.. ##:::::: ##::::........:::::::::::::
'##::: ##: ##:::::::: ##::. ##::::: ##:::::::::::::::::::::::::
. ######:: ##:::::::: ##:::. ##:::: ##:::::::::::::::::::::::::
:......:::..:::::::::..:::::..:::::..::::::::::::::::::::::::::
'########::::'###::::'##::: ##:'########::'########:'##::::'##:
... ##..::::'## ##::: ###:: ##: ##.... ##: ##.....:: ###::'###:
::: ##:::::'##:. ##:: ####: ##: ##:::: ##: ##::::::: ####'####:
::: ##::::'##:::. ##: ## ## ##: ##:::: ##: ######::: ## ### ##:
::: ##:::: #########: ##. ####: ##:::: ##: ##...:::: ##. #: ##:
::: ##:::: ##.... ##: ##:. ###: ##:::: ##: ##::::::: ##:.:: ##:
::: ##:::: ##:::: ##: ##::. ##: ########:: ########: ##:::: ##:
:::..:::::..:::::..::..::::..::........:::........::..:::::..::

2023-04-30 11:32:02.971 | INFO     | models.temporal_integrators:summarize:571 - [34mofficial PyTorch implementation.[0m
2023-04-30 11:32:03.335 | INFO     | models.temporal_integrators:summarize:593 - Network summary:
==========================================================================================
Layer (type:depth-idx)                   Output Shape              Param #
==========================================================================================
B2BsqrtTANDEM                            [150, 50, 3, 3]           128
├─LSTM: 1-1                              [7500, 1, 20]             11,920
│    └─Sigmoid: 2-1                      [7500, 20]                --
│    └─Sigmoid: 2-2                      [7500, 20]                --
│    └─Sigmoid: 2-3                      [7500, 20]                --
│    └─Sigmoid: 2-4                      [7500, 20]                --
│    └─Sigmoid: 2-5                      [7500, 20]                --
├─GELU: 1-2                              [7500, 20]                --
├─Linear: 1-3                            [7500, 3]                 63
==========================================================================================
Total params: 12,111
Trainable params: 12,111
Non-trainable params: 0
Total mult-adds (M): 0.47
==========================================================================================
Input size (MB): 3.84
Forward/backward pass size (MB): 0.18
Params size (MB): 0.00
Estimated Total Size (MB): 4.02
==========================================================================================
2023-04-30 11:32:03.336 | INFO     | models.temporal_integrators:summarize:594 - Example input shape: torch.Size([150, 50, 128])
2023-04-30 11:32:03.337 | INFO     | models.temporal_integrators:summarize:595 - Example output shape: torch.Size([150, 50, 3, 3])
2023-04-30 11:32:03.338 | INFO     | models.temporal_integrators:import_model:58 - model moved onto: [33mcuda.[0m
2023-04-30 11:32:03.339 | INFO     | models.optimizers:initialize_optimizer:44 - Optimizer:
RMSprop (
Parameter Group 0
    alpha: 0.99
    centered: False
    differentiable: False
    eps: 1e-08
    foreach: None
    lr: 6.829008726302211e-06
    maximize: False
    momentum: 0
    weight_decay: 0.0007
)
2023-04-30 11:32:03.340 | INFO     | datasets.data_processing:lmdb_dataloaders:293 - loading data... 
2023-04-30 11:32:03.340 | INFO     | datasets.data_processing:lmdb_dataloaders:295 - If this process takes long, consider setting is_load_onto_memory=False or use LMDBIterableDataset.
2023-04-30 11:32:06.242 | INFO     | __main__:objective:356 - Starting epoch #0.
2023-04-30 11:32:13.091 | INFO     | utils.logging:log_training_results:280 - 
2023-04-30 11:32:13.092 | INFO     | utils.logging:log_training_results:281 - Global Step =      0
2023-04-30 11:32:13.093 | INFO     | utils.logging:log_training_results:282 - val mean(MacRec)_t: 0.33246999979019165
2023-04-30 11:32:13.093 | INFO     | utils.logging:log_training_results:287 - val mean ABSerr: 3.675342321395874
2023-04-30 11:32:13.093 | INFO     | utils.logging:log_training_results:290 - val ausat from confmx: 0.3329879641532898
2023-04-30 11:32:13.094 | INFO     | utils.logging:log_training_results:326 - val MCE loss:1.10309 * 0.30000000000000004
2023-04-30 11:32:13.094 | INFO     | utils.logging:log_training_results:333 - val LLLR :0.37780 * 0.8
2023-04-30 11:32:13.094 | INFO     | utils.logging:log_training_results:340 - val weight decay:310.86765 * 0.0007
2023-04-30 11:32:14.160 | INFO     | utils.logging:save_sdre_imgs:710 - Figures saved.
2023-04-30 11:32:14.568 | INFO     | utils.logging:log_training_results:280 - 
2023-04-30 11:32:14.569 | INFO     | utils.logging:log_training_results:281 - Global Step =      0
2023-04-30 11:32:14.569 | INFO     | utils.logging:log_training_results:282 - train mean(MacRec)_t: 0.33068469166755676
2023-04-30 11:32:14.570 | INFO     | utils.logging:log_training_results:287 - train mean ABSerr: 3.7670481204986572
2023-04-30 11:32:14.570 | INFO     | utils.logging:log_training_results:290 - train ausat from confmx: 0.3329223096370697
2023-04-30 11:32:14.570 | INFO     | utils.logging:log_training_results:326 - train MCE loss:1.10525 * 0.30000000000000004
2023-04-30 11:32:14.571 | INFO     | utils.logging:log_training_results:333 - train LLLR :0.38215 * 0.8
2023-04-30 11:32:14.571 | INFO     | utils.logging:log_training_results:340 - train weight decay:310.86765 * 0.0007
2023-04-30 11:33:05.804 | INFO     | utils.logging:log_training_results:280 - 
2023-04-30 11:33:05.805 | INFO     | utils.logging:log_training_results:281 - Global Step =    250
2023-04-30 11:33:05.805 | INFO     | utils.logging:log_training_results:282 - val mean(MacRec)_t: 0.33267664909362793
2023-04-30 11:33:05.806 | INFO     | utils.logging:log_training_results:287 - val mean ABSerr: 3.697633981704712
2023-04-30 11:33:05.806 | INFO     | utils.logging:log_training_results:290 - val ausat from confmx: 0.33298707008361816
2023-04-30 11:33:05.807 | INFO     | utils.logging:log_training_results:326 - val MCE loss:1.10301 * 0.30000000000000004
2023-04-30 11:33:05.807 | INFO     | utils.logging:log_training_results:333 - val LLLR :0.37685 * 0.8
2023-04-30 11:33:05.807 | INFO     | utils.logging:log_training_results:340 - val weight decay:304.69946 * 0.0007
2023-04-30 11:33:05.897 | INFO     | utils.checkpoint:update_and_save_result:168 - [36mBest value updated![0m
2023-04-30 11:33:05.915 | INFO     | utils.checkpoint:save_checkpoint:83 - [36mSaved checkpoint[0m at step 250.
2023-04-30 11:33:06.737 | INFO     | utils.logging:save_sdre_imgs:710 - Figures saved.
2023-04-30 11:33:07.122 | INFO     | utils.logging:log_training_results:280 - 
2023-04-30 11:33:07.123 | INFO     | utils.logging:log_training_results:281 - Global Step =    250
2023-04-30 11:33:07.124 | INFO     | utils.logging:log_training_results:282 - train mean(MacRec)_t: 0.3331393301486969
2023-04-30 11:33:07.124 | INFO     | utils.logging:log_training_results:287 - train mean ABSerr: 3.6127994060516357
2023-04-30 11:33:07.124 | INFO     | utils.logging:log_training_results:290 - train ausat from confmx: 0.3330043852329254
2023-04-30 11:33:07.125 | INFO     | utils.logging:log_training_results:326 - train MCE loss:1.10277 * 0.30000000000000004
2023-04-30 11:33:07.125 | INFO     | utils.logging:log_training_results:333 - train LLLR :0.37530 * 0.8
2023-04-30 11:33:07.125 | INFO     | utils.logging:log_training_results:340 - train weight decay:304.69946 * 0.0007
2023-04-30 11:33:34.972 | INFO     | __main__:objective:356 - Starting epoch #1.
2023-04-30 11:34:01.669 | INFO     | utils.logging:log_training_results:280 - 
2023-04-30 11:34:01.670 | INFO     | utils.logging:log_training_results:281 - Global Step =    500
2023-04-30 11:34:01.670 | INFO     | utils.logging:log_training_results:282 - val mean(MacRec)_t: 0.33269667625427246
2023-04-30 11:34:01.671 | INFO     | utils.logging:log_training_results:287 - val mean ABSerr: 3.72287917137146
2023-04-30 11:34:01.671 | INFO     | utils.logging:log_training_results:290 - val ausat from confmx: 0.33298391103744507
2023-04-30 11:34:01.671 | INFO     | utils.logging:log_training_results:326 - val MCE loss:1.10303 * 0.30000000000000004
2023-04-30 11:34:01.672 | INFO     | utils.logging:log_training_results:333 - val LLLR :0.37635 * 0.8
2023-04-30 11:34:01.672 | INFO     | utils.logging:log_training_results:340 - val weight decay:300.49649 * 0.0007
2023-04-30 11:34:01.763 | INFO     | utils.checkpoint:update_and_save_result:168 - [36mBest value updated![0m
2023-04-30 11:34:01.772 | INFO     | utils.checkpoint:save_checkpoint:83 - [36mSaved checkpoint[0m at step 500.
2023-04-30 11:34:01.774 | INFO     | utils.checkpoint:keep_max_num_saved_models:101 - Removed the oldest model for max_to_keep=1
2023-04-30 11:34:02.623 | INFO     | utils.logging:save_sdre_imgs:710 - Figures saved.
2023-04-30 11:34:03.025 | INFO     | utils.logging:log_training_results:280 - 
2023-04-30 11:34:03.026 | INFO     | utils.logging:log_training_results:281 - Global Step =    500
2023-04-30 11:34:03.026 | INFO     | utils.logging:log_training_results:282 - train mean(MacRec)_t: 0.33428755402565
2023-04-30 11:34:03.027 | INFO     | utils.logging:log_training_results:287 - train mean ABSerr: 3.7334229946136475
2023-04-30 11:34:03.027 | INFO     | utils.logging:log_training_results:290 - train ausat from confmx: 0.3329879641532898
2023-04-30 11:34:03.027 | INFO     | utils.logging:log_training_results:326 - train MCE loss:1.09905 * 0.30000000000000004
2023-04-30 11:34:03.028 | INFO     | utils.logging:log_training_results:333 - train LLLR :0.36928 * 0.8
2023-04-30 11:34:03.028 | INFO     | utils.logging:log_training_results:340 - train weight decay:300.49649 * 0.0007
2023-04-30 11:34:57.460 | INFO     | utils.logging:log_training_results:280 - 
2023-04-30 11:34:57.461 | INFO     | utils.logging:log_training_results:281 - Global Step =    750
2023-04-30 11:34:57.461 | INFO     | utils.logging:log_training_results:282 - val mean(MacRec)_t: 0.3327733278274536
2023-04-30 11:34:57.461 | INFO     | utils.logging:log_training_results:287 - val mean ABSerr: 3.737569570541382
2023-04-30 11:34:57.462 | INFO     | utils.logging:log_training_results:290 - val ausat from confmx: 0.33298248052597046
2023-04-30 11:34:57.462 | INFO     | utils.logging:log_training_results:326 - val MCE loss:1.10297 * 0.30000000000000004
2023-04-30 11:34:57.462 | INFO     | utils.logging:log_training_results:333 - val LLLR :0.37604 * 0.8
2023-04-30 11:34:57.463 | INFO     | utils.logging:log_training_results:340 - val weight decay:296.36508 * 0.0007
2023-04-30 11:34:57.556 | INFO     | utils.checkpoint:update_and_save_result:168 - [36mBest value updated![0m
2023-04-30 11:34:57.564 | INFO     | utils.checkpoint:save_checkpoint:83 - [36mSaved checkpoint[0m at step 750.
2023-04-30 11:34:57.568 | INFO     | utils.checkpoint:keep_max_num_saved_models:101 - Removed the oldest model for max_to_keep=1
2023-04-30 11:34:58.403 | INFO     | utils.logging:save_sdre_imgs:710 - Figures saved.
2023-04-30 11:34:58.807 | INFO     | utils.logging:log_training_results:280 - 
2023-04-30 11:34:58.808 | INFO     | utils.logging:log_training_results:281 - Global Step =    750
2023-04-30 11:34:58.808 | INFO     | utils.logging:log_training_results:282 - train mean(MacRec)_t: 0.3331959545612335
2023-04-30 11:34:58.808 | INFO     | utils.logging:log_training_results:287 - train mean ABSerr: 3.7838029861450195
2023-04-30 11:34:58.809 | INFO     | utils.logging:log_training_results:290 - train ausat from confmx: 0.3330089747905731
2023-04-30 11:34:58.809 | INFO     | utils.logging:log_training_results:326 - train MCE loss:1.10676 * 0.30000000000000004
2023-04-30 11:34:58.809 | INFO     | utils.logging:log_training_results:333 - train LLLR :0.38358 * 0.8
2023-04-30 11:34:58.810 | INFO     | utils.logging:log_training_results:340 - train weight decay:296.36508 * 0.0007
2023-04-30 11:35:08.076 | INFO     | __main__:objective:356 - Starting epoch #2.
2023-04-30 11:35:53.065 | INFO     | utils.logging:log_training_results:280 - 
2023-04-30 11:35:53.065 | INFO     | utils.logging:log_training_results:281 - Global Step =   1000
2023-04-30 11:35:53.066 | INFO     | utils.logging:log_training_results:282 - val mean(MacRec)_t: 0.3330100178718567
2023-04-30 11:35:53.066 | INFO     | utils.logging:log_training_results:287 - val mean ABSerr: 3.733783721923828
2023-04-30 11:35:53.066 | INFO     | utils.logging:log_training_results:290 - val ausat from confmx: 0.33298495411872864
2023-04-30 11:35:53.067 | INFO     | utils.logging:log_training_results:326 - val MCE loss:1.10277 * 0.30000000000000004
2023-04-30 11:35:53.067 | INFO     | utils.logging:log_training_results:333 - val LLLR :0.37584 * 0.8
2023-04-30 11:35:53.067 | INFO     | utils.logging:log_training_results:340 - val weight decay:292.28122 * 0.0007
2023-04-30 11:35:53.159 | INFO     | utils.checkpoint:update_and_save_result:168 - [36mBest value updated![0m
2023-04-30 11:35:53.169 | INFO     | utils.checkpoint:save_checkpoint:83 - [36mSaved checkpoint[0m at step 1000.
2023-04-30 11:35:53.172 | INFO     | utils.checkpoint:keep_max_num_saved_models:101 - Removed the oldest model for max_to_keep=1
2023-04-30 11:35:54.218 | INFO     | utils.logging:save_sdre_imgs:710 - Figures saved.
2023-04-30 11:35:54.681 | INFO     | utils.logging:log_training_results:280 - 
2023-04-30 11:35:54.682 | INFO     | utils.logging:log_training_results:281 - Global Step =   1000
2023-04-30 11:35:54.682 | INFO     | utils.logging:log_training_results:282 - train mean(MacRec)_t: 0.3289894163608551
2023-04-30 11:35:54.682 | INFO     | utils.logging:log_training_results:287 - train mean ABSerr: 3.810061454772949
2023-04-30 11:35:54.683 | INFO     | utils.logging:log_training_results:290 - train ausat from confmx: 0.33285582065582275
2023-04-30 11:35:54.685 | INFO     | utils.logging:log_training_results:326 - train MCE loss:1.10684 * 0.30000000000000004
2023-04-30 11:35:54.686 | INFO     | utils.logging:log_training_results:333 - train LLLR :0.38264 * 0.8
2023-04-30 11:35:54.686 | INFO     | utils.logging:log_training_results:340 - train weight decay:292.28119 * 0.0007
2023-04-30 11:36:35.161 | INFO     | __main__:objective:356 - Starting epoch #3.
2023-04-30 11:36:52.827 | INFO     | utils.logging:log_training_results:280 - 
2023-04-30 11:36:52.828 | INFO     | utils.logging:log_training_results:281 - Global Step =   1250
2023-04-30 11:36:52.828 | INFO     | utils.logging:log_training_results:282 - val mean(MacRec)_t: 0.3330499827861786
2023-04-30 11:36:52.828 | INFO     | utils.logging:log_training_results:287 - val mean ABSerr: 3.719578504562378
2023-04-30 11:36:52.829 | INFO     | utils.logging:log_training_results:290 - val ausat from confmx: 0.33298203349113464
2023-04-30 11:36:52.829 | INFO     | utils.logging:log_training_results:326 - val MCE loss:1.10248 * 0.30000000000000004
2023-04-30 11:36:52.829 | INFO     | utils.logging:log_training_results:333 - val LLLR :0.37563 * 0.8
2023-04-30 11:36:52.830 | INFO     | utils.logging:log_training_results:340 - val weight decay:288.26562 * 0.0007
2023-04-30 11:36:52.924 | INFO     | utils.checkpoint:update_and_save_result:168 - [36mBest value updated![0m
2023-04-30 11:36:52.933 | INFO     | utils.checkpoint:save_checkpoint:83 - [36mSaved checkpoint[0m at step 1250.
2023-04-30 11:36:52.935 | INFO     | utils.checkpoint:keep_max_num_saved_models:101 - Removed the oldest model for max_to_keep=1
2023-04-30 11:36:53.811 | INFO     | utils.logging:save_sdre_imgs:710 - Figures saved.
2023-04-30 11:36:54.225 | INFO     | utils.logging:log_training_results:280 - 
2023-04-30 11:36:54.225 | INFO     | utils.logging:log_training_results:281 - Global Step =   1250
2023-04-30 11:36:54.226 | INFO     | utils.logging:log_training_results:282 - train mean(MacRec)_t: 0.32716047763824463
2023-04-30 11:36:54.226 | INFO     | utils.logging:log_training_results:287 - train mean ABSerr: 3.6941232681274414
2023-04-30 11:36:54.227 | INFO     | utils.logging:log_training_results:290 - train ausat from confmx: 0.33291947841644287
2023-04-30 11:36:54.227 | INFO     | utils.logging:log_training_results:326 - train MCE loss:1.10070 * 0.30000000000000004
2023-04-30 11:36:54.228 | INFO     | utils.logging:log_training_results:333 - train LLLR :0.37267 * 0.8
2023-04-30 11:36:54.228 | INFO     | utils.logging:log_training_results:340 - train weight decay:288.26562 * 0.0007
2023-04-30 11:37:50.741 | INFO     | utils.logging:log_training_results:280 - 
2023-04-30 11:37:50.741 | INFO     | utils.logging:log_training_results:281 - Global Step =   1500
2023-04-30 11:37:50.742 | INFO     | utils.logging:log_training_results:282 - val mean(MacRec)_t: 0.33354997634887695
2023-04-30 11:37:50.743 | INFO     | utils.logging:log_training_results:287 - val mean ABSerr: 3.7069599628448486
2023-04-30 11:37:50.743 | INFO     | utils.logging:log_training_results:290 - val ausat from confmx: 0.33341488242149353
2023-04-30 11:37:50.744 | INFO     | utils.logging:log_training_results:326 - val MCE loss:1.10222 * 0.30000000000000004
2023-04-30 11:37:50.744 | INFO     | utils.logging:log_training_results:333 - val LLLR :0.37541 * 0.8
2023-04-30 11:37:50.745 | INFO     | utils.logging:log_training_results:340 - val weight decay:284.32248 * 0.0007
2023-04-30 11:37:50.838 | INFO     | utils.checkpoint:update_and_save_result:168 - [36mBest value updated![0m
2023-04-30 11:37:50.847 | INFO     | utils.checkpoint:save_checkpoint:83 - [36mSaved checkpoint[0m at step 1500.
2023-04-30 11:37:50.849 | INFO     | utils.checkpoint:keep_max_num_saved_models:101 - Removed the oldest model for max_to_keep=1
2023-04-30 11:37:51.673 | INFO     | utils.logging:save_sdre_imgs:710 - Figures saved.
2023-04-30 11:37:52.081 | INFO     | utils.logging:log_training_results:280 - 
2023-04-30 11:37:52.081 | INFO     | utils.logging:log_training_results:281 - Global Step =   1500
2023-04-30 11:37:52.082 | INFO     | utils.logging:log_training_results:282 - train mean(MacRec)_t: 0.33708420395851135
2023-04-30 11:37:52.082 | INFO     | utils.logging:log_training_results:287 - train mean ABSerr: 3.7472596168518066
2023-04-30 11:37:52.082 | INFO     | utils.logging:log_training_results:290 - train ausat from confmx: 0.33302491903305054
2023-04-30 11:37:52.083 | INFO     | utils.logging:log_training_results:326 - train MCE loss:1.10117 * 0.30000000000000004
2023-04-30 11:37:52.083 | INFO     | utils.logging:log_training_results:333 - train LLLR :0.37266 * 0.8
2023-04-30 11:37:52.083 | INFO     | utils.logging:log_training_results:340 - train weight decay:284.32245 * 0.0007
2023-04-30 11:38:11.355 | INFO     | __main__:objective:356 - Starting epoch #4.
2023-04-30 11:38:47.577 | INFO     | utils.logging:log_training_results:280 - 
2023-04-30 11:38:47.577 | INFO     | utils.logging:log_training_results:281 - Global Step =   1750
2023-04-30 11:38:47.578 | INFO     | utils.logging:log_training_results:282 - val mean(MacRec)_t: 0.3343466818332672
2023-04-30 11:38:47.578 | INFO     | utils.logging:log_training_results:287 - val mean ABSerr: 3.69210147857666
2023-04-30 11:38:47.578 | INFO     | utils.logging:log_training_results:290 - val ausat from confmx: 0.3329639434814453
2023-04-30 11:38:47.579 | INFO     | utils.logging:log_training_results:326 - val MCE loss:1.10193 * 0.30000000000000004
2023-04-30 11:38:47.579 | INFO     | utils.logging:log_training_results:333 - val LLLR :0.37518 * 0.8
2023-04-30 11:38:47.579 | INFO     | utils.logging:log_training_results:340 - val weight decay:280.44855 * 0.0007
2023-04-30 11:38:47.672 | INFO     | utils.checkpoint:update_and_save_result:168 - [36mBest value updated![0m
2023-04-30 11:38:47.681 | INFO     | utils.checkpoint:save_checkpoint:83 - [36mSaved checkpoint[0m at step 1750.
2023-04-30 11:38:47.684 | INFO     | utils.checkpoint:keep_max_num_saved_models:101 - Removed the oldest model for max_to_keep=1
2023-04-30 11:38:48.508 | INFO     | utils.logging:save_sdre_imgs:710 - Figures saved.
2023-04-30 11:38:48.912 | INFO     | utils.logging:log_training_results:280 - 
2023-04-30 11:38:48.912 | INFO     | utils.logging:log_training_results:281 - Global Step =   1750
2023-04-30 11:38:48.913 | INFO     | utils.logging:log_training_results:282 - train mean(MacRec)_t: 0.3336228132247925
2023-04-30 11:38:48.913 | INFO     | utils.logging:log_training_results:287 - train mean ABSerr: 3.8280906677246094
2023-04-30 11:38:48.914 | INFO     | utils.logging:log_training_results:290 - train ausat from confmx: 0.33932265639305115
2023-04-30 11:38:48.914 | INFO     | utils.logging:log_training_results:326 - train MCE loss:1.10892 * 0.30000000000000004
2023-04-30 11:38:48.914 | INFO     | utils.logging:log_training_results:333 - train LLLR :0.38743 * 0.8
2023-04-30 11:38:48.915 | INFO     | utils.logging:log_training_results:340 - train weight decay:280.44852 * 0.0007
2023-04-30 11:39:36.914 | INFO     | __main__:objective:356 - Starting epoch #5.
2023-04-30 11:39:44.603 | INFO     | utils.logging:log_training_results:280 - 
2023-04-30 11:39:44.603 | INFO     | utils.logging:log_training_results:281 - Global Step =   2000
2023-04-30 11:39:44.604 | INFO     | utils.logging:log_training_results:282 - val mean(MacRec)_t: 0.3378300070762634
2023-04-30 11:39:44.604 | INFO     | utils.logging:log_training_results:287 - val mean ABSerr: 3.667556047439575
2023-04-30 11:39:44.604 | INFO     | utils.logging:log_training_results:290 - val ausat from confmx: 0.33540505170822144
2023-04-30 11:39:44.605 | INFO     | utils.logging:log_training_results:326 - val MCE loss:1.10157 * 0.30000000000000004
2023-04-30 11:39:44.605 | INFO     | utils.logging:log_training_results:333 - val LLLR :0.37486 * 0.8
2023-04-30 11:39:44.605 | INFO     | utils.logging:log_training_results:340 - val weight decay:276.65585 * 0.0007
2023-04-30 11:39:44.702 | INFO     | utils.checkpoint:update_and_save_result:168 - [36mBest value updated![0m
2023-04-30 11:39:44.712 | INFO     | utils.checkpoint:save_checkpoint:83 - [36mSaved checkpoint[0m at step 2000.
2023-04-30 11:39:44.716 | INFO     | utils.checkpoint:keep_max_num_saved_models:101 - Removed the oldest model for max_to_keep=1
2023-04-30 11:39:45.554 | INFO     | utils.logging:save_sdre_imgs:710 - Figures saved.
2023-04-30 11:39:45.965 | INFO     | utils.logging:log_training_results:280 - 
2023-04-30 11:39:45.965 | INFO     | utils.logging:log_training_results:281 - Global Step =   2000
2023-04-30 11:39:45.966 | INFO     | utils.logging:log_training_results:282 - train mean(MacRec)_t: 0.36793455481529236
2023-04-30 11:39:45.966 | INFO     | utils.logging:log_training_results:287 - train mean ABSerr: 3.5812642574310303
2023-04-30 11:39:45.966 | INFO     | utils.logging:log_training_results:290 - train ausat from confmx: 0.36139607429504395
2023-04-30 11:39:45.967 | INFO     | utils.logging:log_training_results:326 - train MCE loss:1.09998 * 0.30000000000000004
2023-04-30 11:39:45.967 | INFO     | utils.logging:log_training_results:333 - train LLLR :0.37321 * 0.8
2023-04-30 11:39:45.967 | INFO     | utils.logging:log_training_results:340 - train weight decay:276.65585 * 0.0007
2023-04-30 11:40:43.466 | INFO     | utils.logging:log_training_results:280 - 
2023-04-30 11:40:43.467 | INFO     | utils.logging:log_training_results:281 - Global Step =   2250
2023-04-30 11:40:43.468 | INFO     | utils.logging:log_training_results:282 - val mean(MacRec)_t: 0.3467266857624054
2023-04-30 11:40:43.468 | INFO     | utils.logging:log_training_results:287 - val mean ABSerr: 3.646958827972412
2023-04-30 11:40:43.468 | INFO     | utils.logging:log_training_results:290 - val ausat from confmx: 0.35283398628234863
2023-04-30 11:40:43.469 | INFO     | utils.logging:log_training_results:326 - val MCE loss:1.10124 * 0.30000000000000004
2023-04-30 11:40:43.472 | INFO     | utils.logging:log_training_results:333 - val LLLR :0.37453 * 0.8
2023-04-30 11:40:43.472 | INFO     | utils.logging:log_training_results:340 - val weight decay:272.93774 * 0.0007
2023-04-30 11:40:43.573 | INFO     | utils.checkpoint:update_and_save_result:168 - [36mBest value updated![0m
2023-04-30 11:40:43.583 | INFO     | utils.checkpoint:save_checkpoint:83 - [36mSaved checkpoint[0m at step 2250.
2023-04-30 11:40:43.586 | INFO     | utils.checkpoint:keep_max_num_saved_models:101 - Removed the oldest model for max_to_keep=1
2023-04-30 11:40:44.439 | INFO     | utils.logging:save_sdre_imgs:710 - Figures saved.
2023-04-30 11:40:44.860 | INFO     | utils.logging:log_training_results:280 - 
2023-04-30 11:40:44.862 | INFO     | utils.logging:log_training_results:281 - Global Step =   2250
2023-04-30 11:40:44.866 | INFO     | utils.logging:log_training_results:282 - train mean(MacRec)_t: 0.3002415895462036
2023-04-30 11:40:44.868 | INFO     | utils.logging:log_training_results:287 - train mean ABSerr: 3.604302167892456
2023-04-30 11:40:44.869 | INFO     | utils.logging:log_training_results:290 - train ausat from confmx: 0.32024985551834106
2023-04-30 11:40:44.870 | INFO     | utils.logging:log_training_results:326 - train MCE loss:1.09561 * 0.30000000000000004
2023-04-30 11:40:44.871 | INFO     | utils.logging:log_training_results:333 - train LLLR :0.36561 * 0.8
2023-04-30 11:40:44.872 | INFO     | utils.logging:log_training_results:340 - train weight decay:272.93774 * 0.0007
2023-04-30 11:41:14.237 | INFO     | __main__:objective:356 - Starting epoch #6.
2023-04-30 11:41:41.939 | INFO     | utils.logging:log_training_results:280 - 
2023-04-30 11:41:41.940 | INFO     | utils.logging:log_training_results:281 - Global Step =   2500
2023-04-30 11:41:41.941 | INFO     | utils.logging:log_training_results:282 - val mean(MacRec)_t: 0.3505599796772003
2023-04-30 11:41:41.941 | INFO     | utils.logging:log_training_results:287 - val mean ABSerr: 3.626126766204834
2023-04-30 11:41:41.941 | INFO     | utils.logging:log_training_results:290 - val ausat from confmx: 0.3587261140346527
2023-04-30 11:41:41.942 | INFO     | utils.logging:log_training_results:326 - val MCE loss:1.10090 * 0.30000000000000004
2023-04-30 11:41:41.942 | INFO     | utils.logging:log_training_results:333 - val LLLR :0.37425 * 0.8
2023-04-30 11:41:41.943 | INFO     | utils.logging:log_training_results:340 - val weight decay:269.27789 * 0.0007
2023-04-30 11:41:42.037 | INFO     | utils.checkpoint:update_and_save_result:168 - [36mBest value updated![0m
2023-04-30 11:41:42.046 | INFO     | utils.checkpoint:save_checkpoint:83 - [36mSaved checkpoint[0m at step 2500.
2023-04-30 11:41:42.049 | INFO     | utils.checkpoint:keep_max_num_saved_models:101 - Removed the oldest model for max_to_keep=1
2023-04-30 11:41:42.892 | INFO     | utils.logging:save_sdre_imgs:710 - Figures saved.
2023-04-30 11:41:43.374 | INFO     | utils.logging:log_training_results:280 - 
2023-04-30 11:41:43.375 | INFO     | utils.logging:log_training_results:281 - Global Step =   2500
2023-04-30 11:41:43.375 | INFO     | utils.logging:log_training_results:282 - train mean(MacRec)_t: 0.4108484983444214
2023-04-30 11:41:43.376 | INFO     | utils.logging:log_training_results:287 - train mean ABSerr: 3.6907849311828613
2023-04-30 11:41:43.376 | INFO     | utils.logging:log_training_results:290 - train ausat from confmx: 0.4169207513332367
2023-04-30 11:41:43.376 | INFO     | utils.logging:log_training_results:326 - train MCE loss:1.10409 * 0.30000000000000004
2023-04-30 11:41:43.377 | INFO     | utils.logging:log_training_results:333 - train LLLR :0.37971 * 0.8
2023-04-30 11:41:43.377 | INFO     | utils.logging:log_training_results:340 - train weight decay:269.27786 * 0.0007
2023-04-30 11:42:40.754 | INFO     | utils.logging:log_training_results:280 - 
2023-04-30 11:42:40.755 | INFO     | utils.logging:log_training_results:281 - Global Step =   2750
2023-04-30 11:42:40.755 | INFO     | utils.logging:log_training_results:282 - val mean(MacRec)_t: 0.35798999667167664
2023-04-30 11:42:40.755 | INFO     | utils.logging:log_training_results:287 - val mean ABSerr: 3.604001522064209
2023-04-30 11:42:40.756 | INFO     | utils.logging:log_training_results:290 - val ausat from confmx: 0.3711916208267212
2023-04-30 11:42:40.756 | INFO     | utils.logging:log_training_results:326 - val MCE loss:1.10056 * 0.30000000000000004
2023-04-30 11:42:40.756 | INFO     | utils.logging:log_training_results:333 - val LLLR :0.37391 * 0.8
2023-04-30 11:42:40.757 | INFO     | utils.logging:log_training_results:340 - val weight decay:265.69757 * 0.0007
2023-04-30 11:42:40.853 | INFO     | utils.checkpoint:update_and_save_result:168 - [36mBest value updated![0m
2023-04-30 11:42:40.864 | INFO     | utils.checkpoint:save_checkpoint:83 - [36mSaved checkpoint[0m at step 2750.
2023-04-30 11:42:40.867 | INFO     | utils.checkpoint:keep_max_num_saved_models:101 - Removed the oldest model for max_to_keep=1
2023-04-30 11:42:41.898 | INFO     | utils.logging:save_sdre_imgs:710 - Figures saved.
2023-04-30 11:42:42.323 | INFO     | utils.logging:log_training_results:280 - 
2023-04-30 11:42:42.324 | INFO     | utils.logging:log_training_results:281 - Global Step =   2750
2023-04-30 11:42:42.324 | INFO     | utils.logging:log_training_results:282 - train mean(MacRec)_t: 0.38088279962539673
2023-04-30 11:42:42.325 | INFO     | utils.logging:log_training_results:287 - train mean ABSerr: 3.5583572387695312
2023-04-30 11:42:42.325 | INFO     | utils.logging:log_training_results:290 - train ausat from confmx: 0.4222154915332794
2023-04-30 11:42:42.325 | INFO     | utils.logging:log_training_results:326 - train MCE loss:1.09900 * 0.30000000000000004
2023-04-30 11:42:42.326 | INFO     | utils.logging:log_training_results:333 - train LLLR :0.37171 * 0.8
2023-04-30 11:42:42.326 | INFO     | utils.logging:log_training_results:340 - train weight decay:265.69754 * 0.0007
2023-04-30 11:42:51.792 | INFO     | __main__:objective:356 - Starting epoch #7.
2023-04-30 11:43:37.881 | INFO     | utils.logging:log_training_results:280 - 
2023-04-30 11:43:37.881 | INFO     | utils.logging:log_training_results:281 - Global Step =   3000
2023-04-30 11:43:37.882 | INFO     | utils.logging:log_training_results:282 - val mean(MacRec)_t: 0.3615133464336395
2023-04-30 11:43:37.882 | INFO     | utils.logging:log_training_results:287 - val mean ABSerr: 3.5690078735351562
2023-04-30 11:43:37.882 | INFO     | utils.logging:log_training_results:290 - val ausat from confmx: 0.3733009994029999
2023-04-30 11:43:37.883 | INFO     | utils.logging:log_training_results:326 - val MCE loss:1.10011 * 0.30000000000000004
2023-04-30 11:43:37.883 | INFO     | utils.logging:log_training_results:333 - val LLLR :0.37354 * 0.8
2023-04-30 11:43:37.884 | INFO     | utils.logging:log_training_results:340 - val weight decay:262.20407 * 0.0007
2023-04-30 11:43:37.977 | INFO     | utils.checkpoint:update_and_save_result:168 - [36mBest value updated![0m
2023-04-30 11:43:37.986 | INFO     | utils.checkpoint:save_checkpoint:83 - [36mSaved checkpoint[0m at step 3000.
2023-04-30 11:43:37.988 | INFO     | utils.checkpoint:keep_max_num_saved_models:101 - Removed the oldest model for max_to_keep=1
2023-04-30 11:43:38.787 | INFO     | utils.logging:save_sdre_imgs:710 - Figures saved.
2023-04-30 11:43:39.192 | INFO     | utils.logging:log_training_results:280 - 
2023-04-30 11:43:39.192 | INFO     | utils.logging:log_training_results:281 - Global Step =   3000
2023-04-30 11:43:39.193 | INFO     | utils.logging:log_training_results:282 - train mean(MacRec)_t: 0.3729654550552368
2023-04-30 11:43:39.193 | INFO     | utils.logging:log_training_results:287 - train mean ABSerr: 3.4560346603393555
2023-04-30 11:43:39.193 | INFO     | utils.logging:log_training_results:290 - train ausat from confmx: 0.3916255533695221
2023-04-30 11:43:39.194 | INFO     | utils.logging:log_training_results:326 - train MCE loss:1.10102 * 0.30000000000000004
2023-04-30 11:43:39.194 | INFO     | utils.logging:log_training_results:333 - train LLLR :0.37595 * 0.8
2023-04-30 11:43:39.194 | INFO     | utils.logging:log_training_results:340 - train weight decay:262.20407 * 0.0007
2023-04-30 11:44:17.814 | INFO     | __main__:objective:356 - Starting epoch #8.
2023-04-30 11:44:35.069 | INFO     | utils.logging:log_training_results:280 - 
2023-04-30 11:44:35.070 | INFO     | utils.logging:log_training_results:281 - Global Step =   3250
2023-04-30 11:44:35.071 | INFO     | utils.logging:log_training_results:282 - val mean(MacRec)_t: 0.3639499843120575
2023-04-30 11:44:35.071 | INFO     | utils.logging:log_training_results:287 - val mean ABSerr: 3.544111490249634
2023-04-30 11:44:35.072 | INFO     | utils.logging:log_training_results:290 - val ausat from confmx: 0.3777938783168793
2023-04-30 11:44:35.072 | INFO     | utils.logging:log_training_results:326 - val MCE loss:1.09974 * 0.30000000000000004
2023-04-30 11:44:35.073 | INFO     | utils.logging:log_training_results:333 - val LLLR :0.37310 * 0.8
2023-04-30 11:44:35.073 | INFO     | utils.logging:log_training_results:340 - val weight decay:258.78015 * 0.0007
2023-04-30 11:44:35.171 | INFO     | utils.checkpoint:update_and_save_result:168 - [36mBest value updated![0m
2023-04-30 11:44:35.181 | INFO     | utils.checkpoint:save_checkpoint:83 - [36mSaved checkpoint[0m at step 3250.
2023-04-30 11:44:35.183 | INFO     | utils.checkpoint:keep_max_num_saved_models:101 - Removed the oldest model for max_to_keep=1
2023-04-30 11:44:35.976 | INFO     | utils.logging:save_sdre_imgs:710 - Figures saved.
2023-04-30 11:44:36.379 | INFO     | utils.logging:log_training_results:280 - 
2023-04-30 11:44:36.380 | INFO     | utils.logging:log_training_results:281 - Global Step =   3250
2023-04-30 11:44:36.381 | INFO     | utils.logging:log_training_results:282 - train mean(MacRec)_t: 0.3838326036930084
2023-04-30 11:44:36.381 | INFO     | utils.logging:log_training_results:287 - train mean ABSerr: 3.7429401874542236
2023-04-30 11:44:36.382 | INFO     | utils.logging:log_training_results:290 - train ausat from confmx: 0.3762509524822235
2023-04-30 11:44:36.382 | INFO     | utils.logging:log_training_results:326 - train MCE loss:1.10213 * 0.30000000000000004
2023-04-30 11:44:36.382 | INFO     | utils.logging:log_training_results:333 - train LLLR :0.37666 * 0.8
2023-04-30 11:44:36.383 | INFO     | utils.logging:log_training_results:340 - train weight decay:258.78015 * 0.0007
2023-04-30 11:45:33.143 | INFO     | utils.logging:log_training_results:280 - 
2023-04-30 11:45:33.144 | INFO     | utils.logging:log_training_results:281 - Global Step =   3500
2023-04-30 11:45:33.144 | INFO     | utils.logging:log_training_results:282 - val mean(MacRec)_t: 0.3653533458709717
2023-04-30 11:45:33.145 | INFO     | utils.logging:log_training_results:287 - val mean ABSerr: 3.5216801166534424
2023-04-30 11:45:33.145 | INFO     | utils.logging:log_training_results:290 - val ausat from confmx: 0.3767847716808319
2023-04-30 11:45:33.145 | INFO     | utils.logging:log_training_results:326 - val MCE loss:1.09938 * 0.30000000000000004
2023-04-30 11:45:33.146 | INFO     | utils.logging:log_training_results:333 - val LLLR :0.37258 * 0.8
2023-04-30 11:45:33.146 | INFO     | utils.logging:log_training_results:340 - val weight decay:255.44548 * 0.0007
2023-04-30 11:45:33.245 | INFO     | utils.checkpoint:update_and_save_result:168 - [36mBest value updated![0m
2023-04-30 11:45:33.254 | INFO     | utils.checkpoint:save_checkpoint:83 - [36mSaved checkpoint[0m at step 3500.
2023-04-30 11:45:33.257 | INFO     | utils.checkpoint:keep_max_num_saved_models:101 - Removed the oldest model for max_to_keep=1
2023-04-30 11:45:34.025 | INFO     | utils.logging:save_sdre_imgs:710 - Figures saved.
2023-04-30 11:45:34.438 | INFO     | utils.logging:log_training_results:280 - 
2023-04-30 11:45:34.438 | INFO     | utils.logging:log_training_results:281 - Global Step =   3500
2023-04-30 11:45:34.439 | INFO     | utils.logging:log_training_results:282 - train mean(MacRec)_t: 0.3778475224971771
2023-04-30 11:45:34.439 | INFO     | utils.logging:log_training_results:287 - train mean ABSerr: 3.617922067642212
2023-04-30 11:45:34.440 | INFO     | utils.logging:log_training_results:290 - train ausat from confmx: 0.41171425580978394
2023-04-30 11:45:34.440 | INFO     | utils.logging:log_training_results:326 - train MCE loss:1.09642 * 0.30000000000000004
2023-04-30 11:45:34.440 | INFO     | utils.logging:log_training_results:333 - train LLLR :0.36582 * 0.8
2023-04-30 11:45:34.441 | INFO     | utils.logging:log_training_results:340 - train weight decay:255.44548 * 0.0007
2023-04-30 11:45:53.283 | INFO     | __main__:objective:356 - Starting epoch #9.
2023-04-30 11:46:29.144 | INFO     | utils.logging:log_training_results:280 - 
2023-04-30 11:46:29.144 | INFO     | utils.logging:log_training_results:281 - Global Step =   3750
2023-04-30 11:46:29.145 | INFO     | utils.logging:log_training_results:282 - val mean(MacRec)_t: 0.3674866855144501
2023-04-30 11:46:29.145 | INFO     | utils.logging:log_training_results:287 - val mean ABSerr: 3.4969141483306885
2023-04-30 11:46:29.145 | INFO     | utils.logging:log_training_results:290 - val ausat from confmx: 0.37881210446357727
2023-04-30 11:46:29.146 | INFO     | utils.logging:log_training_results:326 - val MCE loss:1.09900 * 0.30000000000000004
2023-04-30 11:46:29.146 | INFO     | utils.logging:log_training_results:333 - val LLLR :0.37187 * 0.8
2023-04-30 11:46:29.146 | INFO     | utils.logging:log_training_results:340 - val weight decay:252.19585 * 0.0007
2023-04-30 11:46:29.244 | INFO     | utils.checkpoint:update_and_save_result:168 - [36mBest value updated![0m
2023-04-30 11:46:29.254 | INFO     | utils.checkpoint:save_checkpoint:83 - [36mSaved checkpoint[0m at step 3750.
2023-04-30 11:46:29.257 | INFO     | utils.checkpoint:keep_max_num_saved_models:101 - Removed the oldest model for max_to_keep=1
2023-04-30 11:46:30.039 | INFO     | utils.logging:save_sdre_imgs:710 - Figures saved.
2023-04-30 11:46:30.454 | INFO     | utils.logging:log_training_results:280 - 
2023-04-30 11:46:30.455 | INFO     | utils.logging:log_training_results:281 - Global Step =   3750
2023-04-30 11:46:30.456 | INFO     | utils.logging:log_training_results:282 - train mean(MacRec)_t: 0.4006282091140747
2023-04-30 11:46:30.456 | INFO     | utils.logging:log_training_results:287 - train mean ABSerr: 3.53934907913208
2023-04-30 11:46:30.456 | INFO     | utils.logging:log_training_results:290 - train ausat from confmx: 0.38307783007621765
2023-04-30 11:46:30.457 | INFO     | utils.logging:log_training_results:326 - train MCE loss:1.10055 * 0.30000000000000004
2023-04-30 11:46:30.457 | INFO     | utils.logging:log_training_results:333 - train LLLR :0.37417 * 0.8
2023-04-30 11:46:30.457 | INFO     | utils.logging:log_training_results:340 - train weight decay:252.19583 * 0.0007
2023-04-30 11:47:17.757 | INFO     | utils.logging:investigate_log:155 - num_warning=0/num_error=0 in the .log file.
2023-04-30 11:47:18.201 | INFO     | optuna.study.study:_log_completed_trial:1020 - Trial 9 finished with value: 0.6325133144855499 and parameters: {'LIST_IS_POSITIONAL_ENCODING': True, 'LIST_IS_TRAINABLE_ENCODING': True, 'LIST_MODEL_BACKBONE': 'LSTM', 'LIST_WEIGHT_DECAY': 0.0007, 'LIST_LEARNING_RATE': 6.829008726302211e-06, 'LIST_LLLR_VERSION': 'LLLR', 'LIST_ACTIVATION_FC': 'gelu', 'LIST_PARAM_MULTIPLET_LOSS': 0.30000000000000004, 'LIST_PARAM_LLR_LOSS': 0.8, 'LIST_IS_ADAPTIVE_LOSS': False, 'LIST_ORDER_SPRT': 0, 'LIST_OPTIMIZER': 'rmsprop', 'LIST_IS_NORMALIZE': False, 'LIST_NUM_THRESH': 1000, 'LIST_SPARSITY': 'linspace', 'LIST_ACTIVATION_OUTPUT': 'sigmoid', 'LIST_ACTIVATION_INPUT': 'sigmoid', 'LIST_WIDTH_LSTM': 20}. Best is trial 6 with value: 0.12451004981994629.
2023-04-30 11:47:18.388 | INFO     | utils.hyperparameter_tuning:suggest_parameters:560 - [33mStarting a tuning phase.[0m
2023-04-30 11:47:19.409 | INFO     | utils.hyperparameter_tuning:print:394 - 
+------------------------------------------+
|   Hyperparameteres suggested by Optuna   |
+------------------------+-----------------+
|     Parameter name     | Suggested value |
+------------------------+-----------------+
|     ACTIVATION_FC      |     B2Bsqrt     |
|        DROPOUT         |       0.5       |
|         FF_DIM         |        32       |
|    IS_ADAPTIVE_LOSS    |       True      |
|      IS_NORMALIZE      |      False      |
| IS_POSITIONAL_ENCODING |      False      |
|     LEARNING_RATE      |    0.00097799   |
|      LLLR_VERSION      |       LSEL      |
|       MLP_UNITS        |        64       |
|     MODEL_BACKBONE     |   Transformer   |
|       NUM_BLOCKS       |        2        |
|       NUM_HEADS        |        2        |
|       NUM_THRESH       |       500       |
|       OPTIMIZER        |       adam      |
|       ORDER_SPRT       |        0        |
|     PARAM_LLR_LOSS     |       0.7       |
|  PARAM_MULTIPLET_LOSS  |       0.0       |
|        SPARSITY        |     logspace    |
|      WEIGHT_DECAY      |       0.0       |
+------------------------+-----------------+
2023-04-30 11:47:19.410 | INFO     | utils.misc:create_directories_and_log:291 - [33mA new log directory was created: [0m/home/afe/Dropbox/GitHub/SPRT-TANDEM-PyTorch/logs/public_offset0_5_optimmacrec_tuning/checkpoints/Transformer_20230430_114719409/configs
2023-04-30 11:47:19.411 | INFO     | utils.misc:create_directories_and_log:291 - [33mA new log directory was created: [0m/home/afe/Dropbox/GitHub/SPRT-TANDEM-PyTorch/logs/public_offset0_5_optimmacrec_tuning/TensorBoard_events/Transformer_20230430_114719409
