2023-04-30 16:23:52.572 | INFO     | utils.misc:fix_random_seed:405 - Random seed is not fixed.
2023-04-30 16:23:52.597 | INFO     | models.temporal_integrators:summarize:568 - 
:'######::'########::'########::'########::::::::::::::::::::::
'##... ##: ##.... ##: ##.... ##:... ##..:::::::::::::::::::::::
 ##:::..:: ##:::: ##: ##:::: ##:::: ##:::::::::::::::::::::::::
. ######:: ########:: ########::::: ##::::'#######:::::::::::::
:..... ##: ##.....::: ##.. ##:::::: ##::::........:::::::::::::
'##::: ##: ##:::::::: ##::. ##::::: ##:::::::::::::::::::::::::
. ######:: ##:::::::: ##:::. ##:::: ##:::::::::::::::::::::::::
:......:::..:::::::::..:::::..:::::..::::::::::::::::::::::::::
'########::::'###::::'##::: ##:'########::'########:'##::::'##:
... ##..::::'## ##::: ###:: ##: ##.... ##: ##.....:: ###::'###:
::: ##:::::'##:. ##:: ####: ##: ##:::: ##: ##::::::: ####'####:
::: ##::::'##:::. ##: ## ## ##: ##:::: ##: ######::: ## ### ##:
::: ##:::: #########: ##. ####: ##:::: ##: ##...:::: ##. #: ##:
::: ##:::: ##.... ##: ##:. ###: ##:::: ##: ##::::::: ##:.:: ##:
::: ##:::: ##:::: ##: ##::. ##: ########:: ########: ##:::: ##:
:::..:::::..:::::..::..::::..::........:::........::..:::::..::

2023-04-30 16:23:52.598 | INFO     | models.temporal_integrators:summarize:571 - [34mofficial PyTorch implementation.[0m
2023-04-30 16:23:52.676 | INFO     | models.temporal_integrators:summarize:593 - Network summary:
==========================================================================================
Layer (type:depth-idx)                   Output Shape              Param #
==========================================================================================
B2BsqrtTANDEM                            [150, 50, 3, 3]           512
├─LSTM: 1-1                              [7050, 4, 43]             29,584
│    └─Tanh: 2-1                         [7050, 43]                --
│    └─Tanh: 2-2                         [7050, 43]                --
│    └─Tanh: 2-3                         [7050, 43]                --
│    └─Tanh: 2-4                         [7050, 43]                --
│    └─Tanh: 2-5                         [7050, 43]                --
│    └─Tanh: 2-6                         [7050, 43]                --
│    └─Tanh: 2-7                         [7050, 43]                --
│    └─Tanh: 2-8                         [7050, 43]                --
│    └─Tanh: 2-9                         [7050, 43]                --
│    └─Tanh: 2-10                        [7050, 43]                --
│    └─Tanh: 2-11                        [7050, 43]                --
│    └─Tanh: 2-12                        [7050, 43]                --
│    └─Tanh: 2-13                        [7050, 43]                --
│    └─Tanh: 2-14                        [7050, 43]                --
│    └─Tanh: 2-15                        [7050, 43]                --
│    └─Tanh: 2-16                        [7050, 43]                --
│    └─Tanh: 2-17                        [7050, 43]                --
│    └─Tanh: 2-18                        [7050, 43]                --
│    └─Tanh: 2-19                        [7050, 43]                --
│    └─Tanh: 2-20                        [7050, 43]                --
├─Linear: 1-2                            [7050, 3]                 132
├─Linear: 1-3                            [7050, 3]                 (recursive)
├─Linear: 1-4                            [7050, 3]                 (recursive)
├─Linear: 1-5                            [7050, 3]                 (recursive)
==========================================================================================
Total params: 30,228
Trainable params: 30,228
Non-trainable params: 0
Total mult-adds (M): 3.72
==========================================================================================
Input size (MB): 3.84
Forward/backward pass size (MB): 0.68
Params size (MB): 0.00
Estimated Total Size (MB): 4.52
==========================================================================================
2023-04-30 16:23:52.677 | INFO     | models.temporal_integrators:summarize:594 - Example input shape: torch.Size([150, 50, 128])
2023-04-30 16:23:52.677 | INFO     | models.temporal_integrators:summarize:595 - Example output shape: torch.Size([150, 50, 3, 3])
2023-04-30 16:23:52.679 | INFO     | models.temporal_integrators:import_model:58 - model moved onto: [33mcuda.[0m
2023-04-30 16:23:52.682 | INFO     | models.optimizers:initialize_optimizer:44 - Optimizer:
AdamW (
Parameter Group 0
    amsgrad: False
    betas: (0.9, 0.999)
    capturable: False
    differentiable: False
    eps: 1e-08
    foreach: None
    fused: None
    lr: 0.00014403315926810324
    maximize: False
    weight_decay: 0.0004
)
2023-04-30 16:23:52.684 | INFO     | datasets.data_processing:lmdb_dataloaders:293 - loading data... 
2023-04-30 16:23:52.685 | INFO     | datasets.data_processing:lmdb_dataloaders:295 - If this process takes long, consider setting is_load_onto_memory=False or use LMDBIterableDataset.
2023-04-30 16:23:55.524 | INFO     | __main__:objective:356 - Starting epoch #0.
2023-04-30 16:23:56.712 | INFO     | utils.logging:log_training_results:280 - 
2023-04-30 16:23:56.713 | INFO     | utils.logging:log_training_results:281 - Global Step =      0
2023-04-30 16:23:56.713 | INFO     | utils.logging:log_training_results:282 - val mean(MacRec)_t: 0.3350067138671875
2023-04-30 16:23:56.714 | INFO     | utils.logging:log_training_results:287 - val mean ABSerr: 3.5036444664001465
2023-04-30 16:23:56.714 | INFO     | utils.logging:log_training_results:290 - val ausat from confmx: 0.33742856979370117
2023-04-30 16:23:56.714 | INFO     | utils.logging:log_training_results:326 - val MCE loss:1.10902 * 0.9
2023-04-30 16:23:56.715 | INFO     | utils.logging:log_training_results:333 - val LLLR :0.37468 * 0.30000000000000004
2023-04-30 16:23:56.715 | INFO     | utils.logging:log_training_results:340 - val weight decay:912.56366 * 0.0004
2023-04-30 16:23:57.729 | INFO     | utils.logging:save_sdre_imgs:710 - Figures saved.
2023-04-30 16:23:58.093 | INFO     | utils.logging:log_training_results:280 - 
2023-04-30 16:23:58.093 | INFO     | utils.logging:log_training_results:281 - Global Step =      0
2023-04-30 16:23:58.094 | INFO     | utils.logging:log_training_results:282 - train mean(MacRec)_t: 0.3376699686050415
2023-04-30 16:23:58.094 | INFO     | utils.logging:log_training_results:287 - train mean ABSerr: 3.4726359844207764
2023-04-30 16:23:58.094 | INFO     | utils.logging:log_training_results:290 - train ausat from confmx: 0.3307797312736511
2023-04-30 16:23:58.095 | INFO     | utils.logging:log_training_results:326 - train MCE loss:1.10906 * 0.9
2023-04-30 16:23:58.096 | INFO     | utils.logging:log_training_results:333 - train LLLR :0.37605 * 0.30000000000000004
2023-04-30 16:23:58.096 | INFO     | utils.logging:log_training_results:340 - train weight decay:912.56366 * 0.0004
2023-04-30 16:24:11.499 | INFO     | utils.logging:log_training_results:280 - 
2023-04-30 16:24:11.500 | INFO     | utils.logging:log_training_results:281 - Global Step =    250
2023-04-30 16:24:11.500 | INFO     | utils.logging:log_training_results:282 - val mean(MacRec)_t: 0.34047001600265503
2023-04-30 16:24:11.501 | INFO     | utils.logging:log_training_results:287 - val mean ABSerr: 3.4939451217651367
2023-04-30 16:24:11.501 | INFO     | utils.logging:log_training_results:290 - val ausat from confmx: 0.33780205249786377
2023-04-30 16:24:11.502 | INFO     | utils.logging:log_training_results:326 - val MCE loss:1.10009 * 0.9
2023-04-30 16:24:11.502 | INFO     | utils.logging:log_training_results:333 - val LLLR :0.37449 * 0.30000000000000004
2023-04-30 16:24:11.502 | INFO     | utils.logging:log_training_results:340 - val weight decay:774.39905 * 0.0004
2023-04-30 16:24:11.553 | INFO     | utils.checkpoint:update_and_save_result:168 - [36mBest value updated![0m
2023-04-30 16:24:11.565 | INFO     | utils.checkpoint:save_checkpoint:83 - [36mSaved checkpoint[0m at step 250.
2023-04-30 16:24:12.433 | INFO     | utils.logging:save_sdre_imgs:710 - Figures saved.
2023-04-30 16:24:12.770 | INFO     | utils.logging:log_training_results:280 - 
2023-04-30 16:24:12.771 | INFO     | utils.logging:log_training_results:281 - Global Step =    250
2023-04-30 16:24:12.771 | INFO     | utils.logging:log_training_results:282 - train mean(MacRec)_t: 0.3481405973434448
2023-04-30 16:24:12.771 | INFO     | utils.logging:log_training_results:287 - train mean ABSerr: 3.4581758975982666
2023-04-30 16:24:12.772 | INFO     | utils.logging:log_training_results:290 - train ausat from confmx: 0.2995043098926544
2023-04-30 16:24:12.777 | INFO     | utils.logging:log_training_results:326 - train MCE loss:1.09795 * 0.9
2023-04-30 16:24:12.777 | INFO     | utils.logging:log_training_results:333 - train LLLR :0.37444 * 0.30000000000000004
2023-04-30 16:24:12.778 | INFO     | utils.logging:log_training_results:340 - train weight decay:774.39899 * 0.0004
2023-04-30 16:24:19.819 | INFO     | __main__:objective:356 - Starting epoch #1.
2023-04-30 16:24:25.602 | INFO     | utils.logging:log_training_results:280 - 
2023-04-30 16:24:25.603 | INFO     | utils.logging:log_training_results:281 - Global Step =    500
2023-04-30 16:24:25.604 | INFO     | utils.logging:log_training_results:282 - val mean(MacRec)_t: 0.35625335574150085
2023-04-30 16:24:25.605 | INFO     | utils.logging:log_training_results:287 - val mean ABSerr: 3.4878203868865967
2023-04-30 16:24:25.605 | INFO     | utils.logging:log_training_results:290 - val ausat from confmx: 0.3479727804660797
2023-04-30 16:24:25.606 | INFO     | utils.logging:log_training_results:326 - val MCE loss:1.09383 * 0.9
2023-04-30 16:24:25.607 | INFO     | utils.logging:log_training_results:333 - val LLLR :0.37397 * 0.30000000000000004
2023-04-30 16:24:25.608 | INFO     | utils.logging:log_training_results:340 - val weight decay:659.46674 * 0.0004
2023-04-30 16:24:25.664 | INFO     | utils.checkpoint:update_and_save_result:168 - [36mBest value updated![0m
2023-04-30 16:24:25.681 | INFO     | utils.checkpoint:save_checkpoint:83 - [36mSaved checkpoint[0m at step 500.
2023-04-30 16:24:25.684 | INFO     | utils.checkpoint:keep_max_num_saved_models:101 - Removed the oldest model for max_to_keep=1
2023-04-30 16:24:26.767 | INFO     | utils.logging:save_sdre_imgs:710 - Figures saved.
2023-04-30 16:24:27.100 | INFO     | utils.logging:log_training_results:280 - 
2023-04-30 16:24:27.100 | INFO     | utils.logging:log_training_results:281 - Global Step =    500
2023-04-30 16:24:27.100 | INFO     | utils.logging:log_training_results:282 - train mean(MacRec)_t: 0.34469249844551086
2023-04-30 16:24:27.101 | INFO     | utils.logging:log_training_results:287 - train mean ABSerr: 3.4668893814086914
2023-04-30 16:24:27.101 | INFO     | utils.logging:log_training_results:290 - train ausat from confmx: 0.36550018191337585
2023-04-30 16:24:27.101 | INFO     | utils.logging:log_training_results:326 - train MCE loss:1.09438 * 0.9
2023-04-30 16:24:27.102 | INFO     | utils.logging:log_training_results:333 - train LLLR :0.37449 * 0.30000000000000004
2023-04-30 16:24:27.102 | INFO     | utils.logging:log_training_results:340 - train weight decay:659.46667 * 0.0004
2023-04-30 16:24:40.532 | INFO     | utils.logging:log_training_results:280 - 
2023-04-30 16:24:40.533 | INFO     | utils.logging:log_training_results:281 - Global Step =    750
2023-04-30 16:24:40.533 | INFO     | utils.logging:log_training_results:282 - val mean(MacRec)_t: 0.4012100100517273
2023-04-30 16:24:40.534 | INFO     | utils.logging:log_training_results:287 - val mean ABSerr: 3.4723060131073
2023-04-30 16:24:40.534 | INFO     | utils.logging:log_training_results:290 - val ausat from confmx: 0.396004319190979
2023-04-30 16:24:40.534 | INFO     | utils.logging:log_training_results:326 - val MCE loss:1.07896 * 0.9
2023-04-30 16:24:40.535 | INFO     | utils.logging:log_training_results:333 - val LLLR :0.37185 * 0.30000000000000004
2023-04-30 16:24:40.535 | INFO     | utils.logging:log_training_results:340 - val weight decay:568.94159 * 0.0004
2023-04-30 16:24:40.584 | INFO     | utils.checkpoint:update_and_save_result:168 - [36mBest value updated![0m
2023-04-30 16:24:40.595 | INFO     | utils.checkpoint:save_checkpoint:83 - [36mSaved checkpoint[0m at step 750.
2023-04-30 16:24:40.596 | INFO     | utils.checkpoint:keep_max_num_saved_models:101 - Removed the oldest model for max_to_keep=1
2023-04-30 16:24:41.476 | INFO     | utils.logging:save_sdre_imgs:710 - Figures saved.
2023-04-30 16:24:41.781 | INFO     | utils.logging:log_training_results:280 - 
2023-04-30 16:24:41.782 | INFO     | utils.logging:log_training_results:281 - Global Step =    750
2023-04-30 16:24:41.782 | INFO     | utils.logging:log_training_results:282 - train mean(MacRec)_t: 0.393929123878479
2023-04-30 16:24:41.782 | INFO     | utils.logging:log_training_results:287 - train mean ABSerr: 3.4536337852478027
2023-04-30 16:24:41.783 | INFO     | utils.logging:log_training_results:290 - train ausat from confmx: 0.37234485149383545
2023-04-30 16:24:41.783 | INFO     | utils.logging:log_training_results:326 - train MCE loss:1.07963 * 0.9
2023-04-30 16:24:41.783 | INFO     | utils.logging:log_training_results:333 - train LLLR :0.37229 * 0.30000000000000004
2023-04-30 16:24:41.784 | INFO     | utils.logging:log_training_results:340 - train weight decay:568.94159 * 0.0004
2023-04-30 16:24:44.294 | INFO     | __main__:objective:356 - Starting epoch #2.
2023-04-30 16:24:55.333 | INFO     | utils.logging:log_training_results:280 - 
2023-04-30 16:24:55.333 | INFO     | utils.logging:log_training_results:281 - Global Step =   1000
2023-04-30 16:24:55.334 | INFO     | utils.logging:log_training_results:282 - val mean(MacRec)_t: 0.48994001746177673
2023-04-30 16:24:55.334 | INFO     | utils.logging:log_training_results:287 - val mean ABSerr: 3.4122207164764404
2023-04-30 16:24:55.335 | INFO     | utils.logging:log_training_results:290 - val ausat from confmx: 0.4999379813671112
2023-04-30 16:24:55.335 | INFO     | utils.logging:log_training_results:326 - val MCE loss:1.04076 * 0.9
2023-04-30 16:24:55.335 | INFO     | utils.logging:log_training_results:333 - val LLLR :0.36321 * 0.30000000000000004
2023-04-30 16:24:55.336 | INFO     | utils.logging:log_training_results:340 - val weight decay:504.79074 * 0.0004
2023-04-30 16:24:55.383 | INFO     | utils.checkpoint:update_and_save_result:168 - [36mBest value updated![0m
2023-04-30 16:24:55.395 | INFO     | utils.checkpoint:save_checkpoint:83 - [36mSaved checkpoint[0m at step 1000.
2023-04-30 16:24:55.398 | INFO     | utils.checkpoint:keep_max_num_saved_models:101 - Removed the oldest model for max_to_keep=1
2023-04-30 16:24:56.256 | INFO     | utils.logging:save_sdre_imgs:710 - Figures saved.
2023-04-30 16:24:56.573 | INFO     | utils.logging:log_training_results:280 - 
2023-04-30 16:24:56.574 | INFO     | utils.logging:log_training_results:281 - Global Step =   1000
2023-04-30 16:24:56.574 | INFO     | utils.logging:log_training_results:282 - train mean(MacRec)_t: 0.49489882588386536
2023-04-30 16:24:56.575 | INFO     | utils.logging:log_training_results:287 - train mean ABSerr: 3.3632869720458984
2023-04-30 16:24:56.575 | INFO     | utils.logging:log_training_results:290 - train ausat from confmx: 0.5409197807312012
2023-04-30 16:24:56.575 | INFO     | utils.logging:log_training_results:326 - train MCE loss:1.03726 * 0.9
2023-04-30 16:24:56.576 | INFO     | utils.logging:log_training_results:333 - train LLLR :0.36228 * 0.30000000000000004
2023-04-30 16:24:56.576 | INFO     | utils.logging:log_training_results:340 - train weight decay:504.79074 * 0.0004
2023-04-30 16:25:06.293 | INFO     | __main__:objective:356 - Starting epoch #3.
2023-04-30 16:25:09.937 | INFO     | utils.logging:log_training_results:280 - 
2023-04-30 16:25:09.938 | INFO     | utils.logging:log_training_results:281 - Global Step =   1250
2023-04-30 16:25:09.938 | INFO     | utils.logging:log_training_results:282 - val mean(MacRec)_t: 0.7584033012390137
2023-04-30 16:25:09.939 | INFO     | utils.logging:log_training_results:287 - val mean ABSerr: 2.6834828853607178
2023-04-30 16:25:09.939 | INFO     | utils.logging:log_training_results:290 - val ausat from confmx: 0.8535431027412415
2023-04-30 16:25:09.939 | INFO     | utils.logging:log_training_results:326 - val MCE loss:0.96396 * 0.9
2023-04-30 16:25:09.940 | INFO     | utils.logging:log_training_results:333 - val LLLR :0.29403 * 0.30000000000000004
2023-04-30 16:25:09.940 | INFO     | utils.logging:log_training_results:340 - val weight decay:475.50363 * 0.0004
2023-04-30 16:25:09.989 | INFO     | utils.checkpoint:update_and_save_result:168 - [36mBest value updated![0m
2023-04-30 16:25:10.001 | INFO     | utils.checkpoint:save_checkpoint:83 - [36mSaved checkpoint[0m at step 1250.
2023-04-30 16:25:10.005 | INFO     | utils.checkpoint:keep_max_num_saved_models:101 - Removed the oldest model for max_to_keep=1
2023-04-30 16:25:10.831 | INFO     | utils.logging:save_sdre_imgs:710 - Figures saved.
2023-04-30 16:25:11.150 | INFO     | utils.logging:log_training_results:280 - 
2023-04-30 16:25:11.151 | INFO     | utils.logging:log_training_results:281 - Global Step =   1250
2023-04-30 16:25:11.151 | INFO     | utils.logging:log_training_results:282 - train mean(MacRec)_t: 0.755700409412384
2023-04-30 16:25:11.152 | INFO     | utils.logging:log_training_results:287 - train mean ABSerr: 2.8159821033477783
2023-04-30 16:25:11.152 | INFO     | utils.logging:log_training_results:290 - train ausat from confmx: 0.8721652626991272
2023-04-30 16:25:11.152 | INFO     | utils.logging:log_training_results:326 - train MCE loss:0.97117 * 0.9
2023-04-30 16:25:11.153 | INFO     | utils.logging:log_training_results:333 - train LLLR :0.29646 * 0.30000000000000004
2023-04-30 16:25:11.153 | INFO     | utils.logging:log_training_results:340 - train weight decay:475.50360 * 0.0004
2023-04-30 16:25:24.351 | INFO     | utils.logging:log_training_results:280 - 
2023-04-30 16:25:24.351 | INFO     | utils.logging:log_training_results:281 - Global Step =   1500
2023-04-30 16:25:24.352 | INFO     | utils.logging:log_training_results:282 - val mean(MacRec)_t: 0.858500063419342
2023-04-30 16:25:24.352 | INFO     | utils.logging:log_training_results:287 - val mean ABSerr: 1.3520451784133911
2023-04-30 16:25:24.353 | INFO     | utils.logging:log_training_results:290 - val ausat from confmx: 0.9668682217597961
2023-04-30 16:25:24.353 | INFO     | utils.logging:log_training_results:326 - val MCE loss:0.93026 * 0.9
2023-04-30 16:25:24.353 | INFO     | utils.logging:log_training_results:333 - val LLLR :0.25176 * 0.30000000000000004
2023-04-30 16:25:24.354 | INFO     | utils.logging:log_training_results:340 - val weight decay:452.52676 * 0.0004
2023-04-30 16:25:24.403 | INFO     | utils.checkpoint:update_and_save_result:168 - [36mBest value updated![0m
2023-04-30 16:25:24.414 | INFO     | utils.checkpoint:save_checkpoint:83 - [36mSaved checkpoint[0m at step 1500.
2023-04-30 16:25:24.416 | INFO     | utils.checkpoint:keep_max_num_saved_models:101 - Removed the oldest model for max_to_keep=1
2023-04-30 16:25:25.224 | INFO     | utils.logging:save_sdre_imgs:710 - Figures saved.
2023-04-30 16:25:25.524 | INFO     | utils.logging:log_training_results:280 - 
2023-04-30 16:25:25.525 | INFO     | utils.logging:log_training_results:281 - Global Step =   1500
2023-04-30 16:25:25.525 | INFO     | utils.logging:log_training_results:282 - train mean(MacRec)_t: 0.8700542449951172
2023-04-30 16:25:25.526 | INFO     | utils.logging:log_training_results:287 - train mean ABSerr: 1.3473284244537354
2023-04-30 16:25:25.526 | INFO     | utils.logging:log_training_results:290 - train ausat from confmx: 0.9911655783653259
2023-04-30 16:25:25.526 | INFO     | utils.logging:log_training_results:326 - train MCE loss:0.93526 * 0.9
2023-04-30 16:25:25.527 | INFO     | utils.logging:log_training_results:333 - train LLLR :0.24923 * 0.30000000000000004
2023-04-30 16:25:25.527 | INFO     | utils.logging:log_training_results:340 - train weight decay:452.52673 * 0.0004
2023-04-30 16:25:30.452 | INFO     | __main__:objective:356 - Starting epoch #4.
2023-04-30 16:25:38.990 | INFO     | utils.logging:log_training_results:280 - 
2023-04-30 16:25:38.991 | INFO     | utils.logging:log_training_results:281 - Global Step =   1750
2023-04-30 16:25:38.991 | INFO     | utils.logging:log_training_results:282 - val mean(MacRec)_t: 0.8639233112335205
2023-04-30 16:25:38.992 | INFO     | utils.logging:log_training_results:287 - val mean ABSerr: 1.0474916696548462
2023-04-30 16:25:38.992 | INFO     | utils.logging:log_training_results:290 - val ausat from confmx: 0.9697225689888
2023-04-30 16:25:38.993 | INFO     | utils.logging:log_training_results:326 - val MCE loss:0.92642 * 0.9
2023-04-30 16:25:38.993 | INFO     | utils.logging:log_training_results:333 - val LLLR :0.24873 * 0.30000000000000004
2023-04-30 16:25:38.993 | INFO     | utils.logging:log_training_results:340 - val weight decay:420.38693 * 0.0004
2023-04-30 16:25:39.040 | INFO     | utils.checkpoint:update_and_save_result:168 - [36mBest value updated![0m
2023-04-30 16:25:39.053 | INFO     | utils.checkpoint:save_checkpoint:83 - [36mSaved checkpoint[0m at step 1750.
2023-04-30 16:25:39.055 | INFO     | utils.checkpoint:keep_max_num_saved_models:101 - Removed the oldest model for max_to_keep=1
2023-04-30 16:25:39.909 | INFO     | utils.logging:save_sdre_imgs:710 - Figures saved.
2023-04-30 16:25:40.208 | INFO     | utils.logging:log_training_results:280 - 
2023-04-30 16:25:40.209 | INFO     | utils.logging:log_training_results:281 - Global Step =   1750
2023-04-30 16:25:40.209 | INFO     | utils.logging:log_training_results:282 - train mean(MacRec)_t: 0.8769020438194275
2023-04-30 16:25:40.209 | INFO     | utils.logging:log_training_results:287 - train mean ABSerr: 1.0027265548706055
2023-04-30 16:25:40.210 | INFO     | utils.logging:log_training_results:290 - train ausat from confmx: 0.9734194874763489
2023-04-30 16:25:40.210 | INFO     | utils.logging:log_training_results:326 - train MCE loss:0.92292 * 0.9
2023-04-30 16:25:40.210 | INFO     | utils.logging:log_training_results:333 - train LLLR :0.24649 * 0.30000000000000004
2023-04-30 16:25:40.211 | INFO     | utils.logging:log_training_results:340 - train weight decay:420.38693 * 0.0004
2023-04-30 16:25:52.396 | INFO     | __main__:objective:356 - Starting epoch #5.
2023-04-30 16:25:53.597 | INFO     | utils.logging:log_training_results:280 - 
2023-04-30 16:25:53.597 | INFO     | utils.logging:log_training_results:281 - Global Step =   2000
2023-04-30 16:25:53.598 | INFO     | utils.logging:log_training_results:282 - val mean(MacRec)_t: 0.8666133880615234
2023-04-30 16:25:53.598 | INFO     | utils.logging:log_training_results:287 - val mean ABSerr: 0.8797838687896729
2023-04-30 16:25:53.598 | INFO     | utils.logging:log_training_results:290 - val ausat from confmx: 0.9710088968276978
2023-04-30 16:25:53.599 | INFO     | utils.logging:log_training_results:326 - val MCE loss:0.92449 * 0.9
2023-04-30 16:25:53.599 | INFO     | utils.logging:log_training_results:333 - val LLLR :0.24738 * 0.30000000000000004
2023-04-30 16:25:53.600 | INFO     | utils.logging:log_training_results:340 - val weight decay:392.52631 * 0.0004
2023-04-30 16:25:53.650 | INFO     | utils.checkpoint:update_and_save_result:168 - [36mBest value updated![0m
2023-04-30 16:25:53.668 | INFO     | utils.checkpoint:save_checkpoint:83 - [36mSaved checkpoint[0m at step 2000.
2023-04-30 16:25:53.670 | INFO     | utils.checkpoint:keep_max_num_saved_models:101 - Removed the oldest model for max_to_keep=1
2023-04-30 16:25:54.657 | INFO     | utils.logging:save_sdre_imgs:710 - Figures saved.
2023-04-30 16:25:54.943 | INFO     | utils.logging:log_training_results:280 - 
2023-04-30 16:25:54.943 | INFO     | utils.logging:log_training_results:281 - Global Step =   2000
2023-04-30 16:25:54.944 | INFO     | utils.logging:log_training_results:282 - train mean(MacRec)_t: 0.8627510070800781
2023-04-30 16:25:54.944 | INFO     | utils.logging:log_training_results:287 - train mean ABSerr: 0.8514310121536255
2023-04-30 16:25:54.944 | INFO     | utils.logging:log_training_results:290 - train ausat from confmx: 0.9703255295753479
2023-04-30 16:25:54.945 | INFO     | utils.logging:log_training_results:326 - train MCE loss:0.91896 * 0.9
2023-04-30 16:25:54.945 | INFO     | utils.logging:log_training_results:333 - train LLLR :0.24884 * 0.30000000000000004
2023-04-30 16:25:54.945 | INFO     | utils.logging:log_training_results:340 - train weight decay:392.52631 * 0.0004
2023-04-30 16:26:08.486 | INFO     | utils.logging:log_training_results:280 - 
2023-04-30 16:26:08.487 | INFO     | utils.logging:log_training_results:281 - Global Step =   2250
2023-04-30 16:26:08.487 | INFO     | utils.logging:log_training_results:282 - val mean(MacRec)_t: 0.8683999180793762
2023-04-30 16:26:08.488 | INFO     | utils.logging:log_training_results:287 - val mean ABSerr: 0.7611503005027771
2023-04-30 16:26:08.488 | INFO     | utils.logging:log_training_results:290 - val ausat from confmx: 0.9732755422592163
2023-04-30 16:26:08.489 | INFO     | utils.logging:log_training_results:326 - val MCE loss:0.92336 * 0.9
2023-04-30 16:26:08.489 | INFO     | utils.logging:log_training_results:333 - val LLLR :0.24652 * 0.30000000000000004
2023-04-30 16:26:08.489 | INFO     | utils.logging:log_training_results:340 - val weight decay:368.29724 * 0.0004
2023-04-30 16:26:08.538 | INFO     | utils.checkpoint:update_and_save_result:168 - [36mBest value updated![0m
2023-04-30 16:26:08.550 | INFO     | utils.checkpoint:save_checkpoint:83 - [36mSaved checkpoint[0m at step 2250.
2023-04-30 16:26:08.553 | INFO     | utils.checkpoint:keep_max_num_saved_models:101 - Removed the oldest model for max_to_keep=1
2023-04-30 16:26:09.362 | INFO     | utils.logging:save_sdre_imgs:710 - Figures saved.
2023-04-30 16:26:09.644 | INFO     | utils.logging:log_training_results:280 - 
2023-04-30 16:26:09.645 | INFO     | utils.logging:log_training_results:281 - Global Step =   2250
2023-04-30 16:26:09.645 | INFO     | utils.logging:log_training_results:282 - train mean(MacRec)_t: 0.852952241897583
2023-04-30 16:26:09.645 | INFO     | utils.logging:log_training_results:287 - train mean ABSerr: 0.7910391092300415
2023-04-30 16:26:09.646 | INFO     | utils.logging:log_training_results:290 - train ausat from confmx: 0.9650672674179077
2023-04-30 16:26:09.646 | INFO     | utils.logging:log_training_results:326 - train MCE loss:0.93008 * 0.9
2023-04-30 16:26:09.646 | INFO     | utils.logging:log_training_results:333 - train LLLR :0.24876 * 0.30000000000000004
2023-04-30 16:26:09.646 | INFO     | utils.logging:log_training_results:340 - train weight decay:368.29724 * 0.0004
2023-04-30 16:26:17.033 | INFO     | __main__:objective:356 - Starting epoch #6.
2023-04-30 16:26:23.193 | INFO     | utils.logging:log_training_results:280 - 
2023-04-30 16:26:23.194 | INFO     | utils.logging:log_training_results:281 - Global Step =   2500
2023-04-30 16:26:23.194 | INFO     | utils.logging:log_training_results:282 - val mean(MacRec)_t: 0.8695899844169617
2023-04-30 16:26:23.195 | INFO     | utils.logging:log_training_results:287 - val mean ABSerr: 0.6544934511184692
2023-04-30 16:26:23.195 | INFO     | utils.logging:log_training_results:290 - val ausat from confmx: 0.9748762845993042
2023-04-30 16:26:23.195 | INFO     | utils.logging:log_training_results:326 - val MCE loss:0.92267 * 0.9
2023-04-30 16:26:23.196 | INFO     | utils.logging:log_training_results:333 - val LLLR :0.24583 * 0.30000000000000004
2023-04-30 16:26:23.196 | INFO     | utils.logging:log_training_results:340 - val weight decay:346.94116 * 0.0004
2023-04-30 16:26:23.247 | INFO     | utils.checkpoint:update_and_save_result:168 - [36mBest value updated![0m
2023-04-30 16:26:23.260 | INFO     | utils.checkpoint:save_checkpoint:83 - [36mSaved checkpoint[0m at step 2500.
2023-04-30 16:26:23.264 | INFO     | utils.checkpoint:keep_max_num_saved_models:101 - Removed the oldest model for max_to_keep=1
2023-04-30 16:26:24.070 | INFO     | utils.logging:save_sdre_imgs:710 - Figures saved.
2023-04-30 16:26:24.366 | INFO     | utils.logging:log_training_results:280 - 
2023-04-30 16:26:24.366 | INFO     | utils.logging:log_training_results:281 - Global Step =   2500
2023-04-30 16:26:24.367 | INFO     | utils.logging:log_training_results:282 - train mean(MacRec)_t: 0.8913700580596924
2023-04-30 16:26:24.367 | INFO     | utils.logging:log_training_results:287 - train mean ABSerr: 0.6894406080245972
2023-04-30 16:26:24.367 | INFO     | utils.logging:log_training_results:290 - train ausat from confmx: 0.9861717224121094
2023-04-30 16:26:24.368 | INFO     | utils.logging:log_training_results:326 - train MCE loss:0.91917 * 0.9
2023-04-30 16:26:24.368 | INFO     | utils.logging:log_training_results:333 - train LLLR :0.24304 * 0.30000000000000004
2023-04-30 16:26:24.368 | INFO     | utils.logging:log_training_results:340 - train weight decay:346.94116 * 0.0004
2023-04-30 16:26:37.632 | INFO     | utils.logging:log_training_results:280 - 
2023-04-30 16:26:37.633 | INFO     | utils.logging:log_training_results:281 - Global Step =   2750
2023-04-30 16:26:37.633 | INFO     | utils.logging:log_training_results:282 - val mean(MacRec)_t: 0.8703199625015259
2023-04-30 16:26:37.634 | INFO     | utils.logging:log_training_results:287 - val mean ABSerr: 0.596622109413147
2023-04-30 16:26:37.634 | INFO     | utils.logging:log_training_results:290 - val ausat from confmx: 0.9745475649833679
2023-04-30 16:26:37.634 | INFO     | utils.logging:log_training_results:326 - val MCE loss:0.92218 * 0.9
2023-04-30 16:26:37.635 | INFO     | utils.logging:log_training_results:333 - val LLLR :0.24547 * 0.30000000000000004
2023-04-30 16:26:37.635 | INFO     | utils.logging:log_training_results:340 - val weight decay:327.30524 * 0.0004
2023-04-30 16:26:37.681 | INFO     | utils.checkpoint:update_and_save_result:168 - [36mBest value updated![0m
2023-04-30 16:26:37.693 | INFO     | utils.checkpoint:save_checkpoint:83 - [36mSaved checkpoint[0m at step 2750.
2023-04-30 16:26:37.696 | INFO     | utils.checkpoint:keep_max_num_saved_models:101 - Removed the oldest model for max_to_keep=1
2023-04-30 16:26:38.509 | INFO     | utils.logging:save_sdre_imgs:710 - Figures saved.
2023-04-30 16:26:38.787 | INFO     | utils.logging:log_training_results:280 - 
2023-04-30 16:26:38.787 | INFO     | utils.logging:log_training_results:281 - Global Step =   2750
2023-04-30 16:26:38.788 | INFO     | utils.logging:log_training_results:282 - train mean(MacRec)_t: 0.8461577892303467
2023-04-30 16:26:38.788 | INFO     | utils.logging:log_training_results:287 - train mean ABSerr: 0.6153193712234497
2023-04-30 16:26:38.788 | INFO     | utils.logging:log_training_results:290 - train ausat from confmx: 0.9639092683792114
2023-04-30 16:26:38.789 | INFO     | utils.logging:log_training_results:326 - train MCE loss:0.93676 * 0.9
2023-04-30 16:26:38.789 | INFO     | utils.logging:log_training_results:333 - train LLLR :0.25040 * 0.30000000000000004
2023-04-30 16:26:38.789 | INFO     | utils.logging:log_training_results:340 - train weight decay:327.30521 * 0.0004
2023-04-30 16:26:41.209 | INFO     | __main__:objective:356 - Starting epoch #7.
2023-04-30 16:26:52.116 | INFO     | utils.logging:log_training_results:280 - 
2023-04-30 16:26:52.120 | INFO     | utils.logging:log_training_results:281 - Global Step =   3000
2023-04-30 16:26:52.121 | INFO     | utils.logging:log_training_results:282 - val mean(MacRec)_t: 0.8704233169555664
2023-04-30 16:26:52.121 | INFO     | utils.logging:log_training_results:287 - val mean ABSerr: 0.5548228025436401
2023-04-30 16:26:52.122 | INFO     | utils.logging:log_training_results:290 - val ausat from confmx: 0.9749820232391357
2023-04-30 16:26:52.123 | INFO     | utils.logging:log_training_results:326 - val MCE loss:0.92187 * 0.9
2023-04-30 16:26:52.124 | INFO     | utils.logging:log_training_results:333 - val LLLR :0.24527 * 0.30000000000000004
2023-04-30 16:26:52.124 | INFO     | utils.logging:log_training_results:340 - val weight decay:309.42145 * 0.0004
2023-04-30 16:26:52.172 | INFO     | utils.checkpoint:update_and_save_result:168 - [36mBest value updated![0m
2023-04-30 16:26:52.185 | INFO     | utils.checkpoint:save_checkpoint:83 - [36mSaved checkpoint[0m at step 3000.
2023-04-30 16:26:52.187 | INFO     | utils.checkpoint:keep_max_num_saved_models:101 - Removed the oldest model for max_to_keep=1
2023-04-30 16:26:52.968 | INFO     | utils.logging:save_sdre_imgs:710 - Figures saved.
2023-04-30 16:26:53.254 | INFO     | utils.logging:log_training_results:280 - 
2023-04-30 16:26:53.255 | INFO     | utils.logging:log_training_results:281 - Global Step =   3000
2023-04-30 16:26:53.256 | INFO     | utils.logging:log_training_results:282 - train mean(MacRec)_t: 0.8629046678543091
2023-04-30 16:26:53.256 | INFO     | utils.logging:log_training_results:287 - train mean ABSerr: 0.5498211979866028
2023-04-30 16:26:53.256 | INFO     | utils.logging:log_training_results:290 - train ausat from confmx: 0.972994327545166
2023-04-30 16:26:53.257 | INFO     | utils.logging:log_training_results:326 - train MCE loss:0.92471 * 0.9
2023-04-30 16:26:53.257 | INFO     | utils.logging:log_training_results:333 - train LLLR :0.24753 * 0.30000000000000004
2023-04-30 16:26:53.257 | INFO     | utils.logging:log_training_results:340 - train weight decay:309.42142 * 0.0004
2023-04-30 16:27:03.129 | INFO     | __main__:objective:356 - Starting epoch #8.
2023-04-30 16:27:06.744 | INFO     | utils.logging:log_training_results:280 - 
2023-04-30 16:27:06.745 | INFO     | utils.logging:log_training_results:281 - Global Step =   3250
2023-04-30 16:27:06.745 | INFO     | utils.logging:log_training_results:282 - val mean(MacRec)_t: 0.870836615562439
2023-04-30 16:27:06.746 | INFO     | utils.logging:log_training_results:287 - val mean ABSerr: 0.5136409401893616
2023-04-30 16:27:06.746 | INFO     | utils.logging:log_training_results:290 - val ausat from confmx: 0.975966215133667
2023-04-30 16:27:06.746 | INFO     | utils.logging:log_training_results:326 - val MCE loss:0.92163 * 0.9
2023-04-30 16:27:06.747 | INFO     | utils.logging:log_training_results:333 - val LLLR :0.24504 * 0.30000000000000004
2023-04-30 16:27:06.747 | INFO     | utils.logging:log_training_results:340 - val weight decay:292.94879 * 0.0004
2023-04-30 16:27:06.796 | INFO     | utils.checkpoint:update_and_save_result:168 - [36mBest value updated![0m
2023-04-30 16:27:06.810 | INFO     | utils.checkpoint:save_checkpoint:83 - [36mSaved checkpoint[0m at step 3250.
2023-04-30 16:27:06.812 | INFO     | utils.checkpoint:keep_max_num_saved_models:101 - Removed the oldest model for max_to_keep=1
2023-04-30 16:27:07.617 | INFO     | utils.logging:save_sdre_imgs:710 - Figures saved.
2023-04-30 16:27:07.896 | INFO     | utils.logging:log_training_results:280 - 
2023-04-30 16:27:07.897 | INFO     | utils.logging:log_training_results:281 - Global Step =   3250
2023-04-30 16:27:07.897 | INFO     | utils.logging:log_training_results:282 - train mean(MacRec)_t: 0.8768028020858765
2023-04-30 16:27:07.897 | INFO     | utils.logging:log_training_results:287 - train mean ABSerr: 0.5011012554168701
2023-04-30 16:27:07.898 | INFO     | utils.logging:log_training_results:290 - train ausat from confmx: 0.9772528409957886
2023-04-30 16:27:07.898 | INFO     | utils.logging:log_training_results:326 - train MCE loss:0.92354 * 0.9
2023-04-30 16:27:07.898 | INFO     | utils.logging:log_training_results:333 - train LLLR :0.24355 * 0.30000000000000004
2023-04-30 16:27:07.899 | INFO     | utils.logging:log_training_results:340 - train weight decay:292.94876 * 0.0004
2023-04-30 16:27:21.340 | INFO     | utils.logging:log_training_results:280 - 
2023-04-30 16:27:21.340 | INFO     | utils.logging:log_training_results:281 - Global Step =   3500
2023-04-30 16:27:21.341 | INFO     | utils.logging:log_training_results:282 - val mean(MacRec)_t: 0.8709633350372314
2023-04-30 16:27:21.341 | INFO     | utils.logging:log_training_results:287 - val mean ABSerr: 0.4903737008571625
2023-04-30 16:27:21.342 | INFO     | utils.logging:log_training_results:290 - val ausat from confmx: 0.974800169467926
2023-04-30 16:27:21.342 | INFO     | utils.logging:log_training_results:326 - val MCE loss:0.92150 * 0.9
2023-04-30 16:27:21.342 | INFO     | utils.logging:log_training_results:333 - val LLLR :0.24477 * 0.30000000000000004
2023-04-30 16:27:21.343 | INFO     | utils.logging:log_training_results:340 - val weight decay:277.64905 * 0.0004
2023-04-30 16:27:21.390 | INFO     | utils.checkpoint:update_and_save_result:168 - [36mBest value updated![0m
2023-04-30 16:27:21.402 | INFO     | utils.checkpoint:save_checkpoint:83 - [36mSaved checkpoint[0m at step 3500.
2023-04-30 16:27:21.405 | INFO     | utils.checkpoint:keep_max_num_saved_models:101 - Removed the oldest model for max_to_keep=1
2023-04-30 16:27:22.176 | INFO     | utils.logging:save_sdre_imgs:710 - Figures saved.
2023-04-30 16:27:22.481 | INFO     | utils.logging:log_training_results:280 - 
2023-04-30 16:27:22.483 | INFO     | utils.logging:log_training_results:281 - Global Step =   3500
2023-04-30 16:27:22.483 | INFO     | utils.logging:log_training_results:282 - train mean(MacRec)_t: 0.8746159672737122
2023-04-30 16:27:22.483 | INFO     | utils.logging:log_training_results:287 - train mean ABSerr: 0.4580424726009369
2023-04-30 16:27:22.484 | INFO     | utils.logging:log_training_results:290 - train ausat from confmx: 0.9786117076873779
2023-04-30 16:27:22.484 | INFO     | utils.logging:log_training_results:326 - train MCE loss:0.91252 * 0.9
2023-04-30 16:27:22.484 | INFO     | utils.logging:log_training_results:333 - train LLLR :0.24323 * 0.30000000000000004
2023-04-30 16:27:22.485 | INFO     | utils.logging:log_training_results:340 - train weight decay:277.64905 * 0.0004
2023-04-30 16:27:27.271 | INFO     | __main__:objective:356 - Starting epoch #9.
2023-04-30 16:27:35.520 | INFO     | utils.logging:log_training_results:280 - 
2023-04-30 16:27:35.521 | INFO     | utils.logging:log_training_results:281 - Global Step =   3750
2023-04-30 16:27:35.521 | INFO     | utils.logging:log_training_results:282 - val mean(MacRec)_t: 0.8715533018112183
2023-04-30 16:27:35.522 | INFO     | utils.logging:log_training_results:287 - val mean ABSerr: 0.46062013506889343
2023-04-30 16:27:35.522 | INFO     | utils.logging:log_training_results:290 - val ausat from confmx: 0.9769341349601746
2023-04-30 16:27:35.523 | INFO     | utils.logging:log_training_results:326 - val MCE loss:0.92136 * 0.9
2023-04-30 16:27:35.523 | INFO     | utils.logging:log_training_results:333 - val LLLR :0.24456 * 0.30000000000000004
2023-04-30 16:27:35.523 | INFO     | utils.logging:log_training_results:340 - val weight decay:263.25406 * 0.0004
2023-04-30 16:27:35.575 | INFO     | utils.checkpoint:update_and_save_result:168 - [36mBest value updated![0m
2023-04-30 16:27:35.588 | INFO     | utils.checkpoint:save_checkpoint:83 - [36mSaved checkpoint[0m at step 3750.
2023-04-30 16:27:35.592 | INFO     | utils.checkpoint:keep_max_num_saved_models:101 - Removed the oldest model for max_to_keep=1
2023-04-30 16:27:36.614 | INFO     | utils.logging:save_sdre_imgs:710 - Figures saved.
2023-04-30 16:27:36.892 | INFO     | utils.logging:log_training_results:280 - 
2023-04-30 16:27:36.892 | INFO     | utils.logging:log_training_results:281 - Global Step =   3750
2023-04-30 16:27:36.893 | INFO     | utils.logging:log_training_results:282 - train mean(MacRec)_t: 0.8785097599029541
2023-04-30 16:27:36.893 | INFO     | utils.logging:log_training_results:287 - train mean ABSerr: 0.48186177015304565
2023-04-30 16:27:36.893 | INFO     | utils.logging:log_training_results:290 - train ausat from confmx: 0.9836274981498718
2023-04-30 16:27:36.895 | INFO     | utils.logging:log_training_results:326 - train MCE loss:0.91710 * 0.9
2023-04-30 16:27:36.896 | INFO     | utils.logging:log_training_results:333 - train LLLR :0.24229 * 0.30000000000000004
2023-04-30 16:27:36.896 | INFO     | utils.logging:log_training_results:340 - train weight decay:263.25406 * 0.0004
2023-04-30 16:27:49.410 | INFO     | utils.logging:investigate_log:155 - num_warning=0/num_error=0 in the .log file.
2023-04-30 16:27:49.604 | INFO     | optuna.study.study:_log_completed_trial:1020 - Trial 29 finished with value: 0.12844669818878174 and parameters: {'LIST_IS_POSITIONAL_ENCODING': False, 'LIST_MODEL_BACKBONE': 'LSTM', 'LIST_WEIGHT_DECAY': 0.0004, 'LIST_LEARNING_RATE': 0.00014403315926810324, 'LIST_LLLR_VERSION': 'LLLR', 'LIST_ACTIVATION_FC': 'B2Bsqrt', 'LIST_PARAM_MULTIPLET_LOSS': 0.9, 'LIST_PARAM_LLR_LOSS': 0.30000000000000004, 'LIST_IS_ADAPTIVE_LOSS': False, 'LIST_ORDER_SPRT': 3, 'LIST_OPTIMIZER': 'adam', 'LIST_IS_NORMALIZE': False, 'LIST_NUM_THRESH': 500, 'LIST_SPARSITY': 'lograndom', 'LIST_ACTIVATION_OUTPUT': 'tanh', 'LIST_ACTIVATION_INPUT': 'tanh', 'LIST_WIDTH_LSTM': 43}. Best is trial 16 with value: 0.12354999780654907.
2023-04-30 16:27:49.625 | INFO     | utils.hyperparameter_tuning:suggest_parameters:560 - [33mStarting a tuning phase.[0m
2023-04-30 16:27:50.079 | INFO     | utils.hyperparameter_tuning:print:394 - 
+------------------------------------------+
|   Hyperparameteres suggested by Optuna   |
+------------------------+-----------------+
|     Parameter name     | Suggested value |
+------------------------+-----------------+
|     ACTIVATION_FC      |    B2BsqrtV2    |
|        DROPOUT         |       0.4       |
|         FF_DIM         |        64       |
|    IS_ADAPTIVE_LOSS    |       True      |
|      IS_NORMALIZE      |      False      |
| IS_POSITIONAL_ENCODING |      False      |
|     LEARNING_RATE      |    5.8254e-05   |
|      LLLR_VERSION      |       LSEL      |
|       MLP_UNITS        |        64       |
|     MODEL_BACKBONE     |   Transformer   |
|       NUM_BLOCKS       |        2        |
|       NUM_HEADS        |        4        |
|       NUM_THRESH       |       1000      |
|       OPTIMIZER        |       adam      |
|       ORDER_SPRT       |        4        |
|     PARAM_LLR_LOSS     |       0.2       |
|  PARAM_MULTIPLET_LOSS  |       0.6       |
|        SPARSITY        |     logspace    |
|      WEIGHT_DECAY      |      0.001      |
+------------------------+-----------------+
2023-04-30 16:27:50.080 | INFO     | utils.misc:create_directories_and_log:291 - [33mA new log directory was created: [0m/home/afe/Dropbox/GitHub/SPRT-TANDEM-PyTorch/logs/public_offset0_5_optimmacrec_tuning/checkpoints/Transformer_20230430_162750080/configs
2023-04-30 16:27:50.081 | INFO     | utils.misc:create_directories_and_log:291 - [33mA new log directory was created: [0m/home/afe/Dropbox/GitHub/SPRT-TANDEM-PyTorch/logs/public_offset0_5_optimmacrec_tuning/TensorBoard_events/Transformer_20230430_162750080
