2023-04-30 17:55:09.974 | INFO     | utils.misc:fix_random_seed:405 - Random seed is not fixed.
2023-04-30 17:55:10.081 | INFO     | models.temporal_integrators:summarize:568 - 
:'######::'########::'########::'########::::::::::::::::::::::
'##... ##: ##.... ##: ##.... ##:... ##..:::::::::::::::::::::::
 ##:::..:: ##:::: ##: ##:::: ##:::: ##:::::::::::::::::::::::::
. ######:: ########:: ########::::: ##::::'#######:::::::::::::
:..... ##: ##.....::: ##.. ##:::::: ##::::........:::::::::::::
'##::: ##: ##:::::::: ##::. ##::::: ##:::::::::::::::::::::::::
. ######:: ##:::::::: ##:::. ##:::: ##:::::::::::::::::::::::::
:......:::..:::::::::..:::::..:::::..::::::::::::::::::::::::::
'########::::'###::::'##::: ##:'########::'########:'##::::'##:
... ##..::::'## ##::: ###:: ##: ##.... ##: ##.....:: ###::'###:
::: ##:::::'##:. ##:: ####: ##: ##:::: ##: ##::::::: ####'####:
::: ##::::'##:::. ##: ## ## ##: ##:::: ##: ######::: ## ### ##:
::: ##:::: #########: ##. ####: ##:::: ##: ##...:::: ##. #: ##:
::: ##:::: ##.... ##: ##:. ###: ##:::: ##: ##::::::: ##:.:: ##:
::: ##:::: ##:::: ##: ##::. ##: ########:: ########: ##:::: ##:
:::..:::::..:::::..::..::::..::........:::........::..:::::..::

2023-04-30 17:55:10.082 | INFO     | models.temporal_integrators:summarize:571 - [34mofficial PyTorch implementation.[0m
2023-04-30 17:55:10.206 | INFO     | models.temporal_integrators:summarize:593 - Network summary:
==========================================================================================
Layer (type:depth-idx)                   Output Shape              Param #
==========================================================================================
B2BsqrtTANDEM                            [150, 50, 3, 3]           --
├─PositionalEncoding: 1-1                [6750, 6, 128]            --
│    └─Dropout: 2-1                      [6, 6750, 128]            --
├─LSTM: 1-2                              [6750, 6, 125]            127,000
│    └─Tanh: 2-2                         [6750, 125]               --
│    └─Tanh: 2-3                         [6750, 125]               --
│    └─Tanh: 2-4                         [6750, 125]               --
│    └─Tanh: 2-5                         [6750, 125]               --
│    └─Tanh: 2-6                         [6750, 125]               --
│    └─Tanh: 2-7                         [6750, 125]               --
│    └─Tanh: 2-8                         [6750, 125]               --
│    └─Tanh: 2-9                         [6750, 125]               --
│    └─Tanh: 2-10                        [6750, 125]               --
│    └─Tanh: 2-11                        [6750, 125]               --
│    └─Tanh: 2-12                        [6750, 125]               --
│    └─Tanh: 2-13                        [6750, 125]               --
│    └─Tanh: 2-14                        [6750, 125]               --
│    └─Tanh: 2-15                        [6750, 125]               --
│    └─Tanh: 2-16                        [6750, 125]               --
│    └─Tanh: 2-17                        [6750, 125]               --
│    └─Tanh: 2-18                        [6750, 125]               --
│    └─Tanh: 2-19                        [6750, 125]               --
├─ReLU: 1-3                              [6750, 125]               --
├─Linear: 1-4                            [6750, 3]                 378
├─ReLU: 1-5                              [6750, 125]               --
├─Linear: 1-6                            [6750, 3]                 (recursive)
├─ReLU: 1-7                              [6750, 125]               --
├─Linear: 1-8                            [6750, 3]                 (recursive)
├─ReLU: 1-9                              [6750, 125]               --
├─Linear: 1-10                           [6750, 3]                 (recursive)
├─ReLU: 1-11                             [6750, 125]               --
├─Linear: 1-12                           [6750, 3]                 (recursive)
├─ReLU: 1-13                             [6750, 125]               --
├─Linear: 1-14                           [6750, 3]                 (recursive)
==========================================================================================
Total params: 127,378
Trainable params: 127,378
Non-trainable params: 0
Total mult-adds (M): 15.31
==========================================================================================
Input size (MB): 3.84
Forward/backward pass size (MB): 0.97
Params size (MB): 0.00
Estimated Total Size (MB): 4.81
==========================================================================================
2023-04-30 17:55:10.207 | INFO     | models.temporal_integrators:summarize:594 - Example input shape: torch.Size([150, 50, 128])
2023-04-30 17:55:10.207 | INFO     | models.temporal_integrators:summarize:595 - Example output shape: torch.Size([150, 50, 3, 3])
2023-04-30 17:55:10.209 | INFO     | models.temporal_integrators:import_model:58 - model moved onto: [33mcuda.[0m
2023-04-30 17:55:10.210 | INFO     | models.optimizers:initialize_optimizer:44 - Optimizer:
AdamW (
Parameter Group 0
    amsgrad: False
    betas: (0.9, 0.999)
    capturable: False
    differentiable: False
    eps: 1e-08
    foreach: None
    fused: None
    lr: 4.47015103173924e-05
    maximize: False
    weight_decay: 0.0005
)
2023-04-30 17:55:10.210 | INFO     | datasets.data_processing:lmdb_dataloaders:293 - loading data... 
2023-04-30 17:55:10.211 | INFO     | datasets.data_processing:lmdb_dataloaders:295 - If this process takes long, consider setting is_load_onto_memory=False or use LMDBIterableDataset.
2023-04-30 17:55:13.478 | INFO     | __main__:objective:356 - Starting epoch #0.
2023-04-30 17:55:14.731 | INFO     | utils.logging:log_training_results:280 - 
2023-04-30 17:55:14.732 | INFO     | utils.logging:log_training_results:281 - Global Step =      0
2023-04-30 17:55:14.732 | INFO     | utils.logging:log_training_results:282 - val mean(MacRec)_t: 0.34673330187797546
2023-04-30 17:55:14.733 | INFO     | utils.logging:log_training_results:287 - val mean ABSerr: 3.490501880645752
2023-04-30 17:55:14.733 | INFO     | utils.logging:log_training_results:290 - val ausat from confmx: 0.3595385253429413
2023-04-30 17:55:14.734 | INFO     | utils.logging:log_training_results:326 - val MCE loss:1.10161 * 1.0
2023-04-30 17:55:14.734 | INFO     | utils.logging:log_training_results:333 - val LLLR :0.37442 * 0.4
2023-04-30 17:55:14.734 | INFO     | utils.logging:log_training_results:340 - val weight decay:1005.60986 * 0.0005
2023-04-30 17:55:15.659 | INFO     | utils.logging:save_sdre_imgs:710 - Figures saved.
2023-04-30 17:55:15.991 | INFO     | utils.logging:log_training_results:280 - 
2023-04-30 17:55:15.991 | INFO     | utils.logging:log_training_results:281 - Global Step =      0
2023-04-30 17:55:15.992 | INFO     | utils.logging:log_training_results:282 - train mean(MacRec)_t: 0.35252004861831665
2023-04-30 17:55:15.992 | INFO     | utils.logging:log_training_results:287 - train mean ABSerr: 3.5446324348449707
2023-04-30 17:55:15.992 | INFO     | utils.logging:log_training_results:290 - train ausat from confmx: 0.3210489749908447
2023-04-30 17:55:15.993 | INFO     | utils.logging:log_training_results:326 - train MCE loss:1.10322 * 1.0
2023-04-30 17:55:15.993 | INFO     | utils.logging:log_training_results:333 - train LLLR :0.37431 * 0.4
2023-04-30 17:55:15.993 | INFO     | utils.logging:log_training_results:340 - train weight decay:1005.60986 * 0.0005
2023-04-30 17:55:31.388 | INFO     | utils.logging:log_training_results:280 - 
2023-04-30 17:55:31.389 | INFO     | utils.logging:log_training_results:281 - Global Step =    250
2023-04-30 17:55:31.389 | INFO     | utils.logging:log_training_results:282 - val mean(MacRec)_t: 0.37403997778892517
2023-04-30 17:55:31.390 | INFO     | utils.logging:log_training_results:287 - val mean ABSerr: 3.481837511062622
2023-04-30 17:55:31.390 | INFO     | utils.logging:log_training_results:290 - val ausat from confmx: 0.3765784204006195
2023-04-30 17:55:31.391 | INFO     | utils.logging:log_training_results:326 - val MCE loss:1.09693 * 1.0
2023-04-30 17:55:31.391 | INFO     | utils.logging:log_training_results:333 - val LLLR :0.37306 * 0.4
2023-04-30 17:55:31.391 | INFO     | utils.logging:log_training_results:340 - val weight decay:834.47473 * 0.0005
2023-04-30 17:55:31.444 | INFO     | utils.checkpoint:update_and_save_result:168 - [36mBest value updated![0m
2023-04-30 17:55:31.457 | INFO     | utils.checkpoint:save_checkpoint:83 - [36mSaved checkpoint[0m at step 250.
2023-04-30 17:55:32.334 | INFO     | utils.logging:save_sdre_imgs:710 - Figures saved.
2023-04-30 17:55:32.689 | INFO     | utils.logging:log_training_results:280 - 
2023-04-30 17:55:32.689 | INFO     | utils.logging:log_training_results:281 - Global Step =    250
2023-04-30 17:55:32.690 | INFO     | utils.logging:log_training_results:282 - train mean(MacRec)_t: 0.33127710223197937
2023-04-30 17:55:32.691 | INFO     | utils.logging:log_training_results:287 - train mean ABSerr: 3.4058125019073486
2023-04-30 17:55:32.692 | INFO     | utils.logging:log_training_results:290 - train ausat from confmx: 0.3348235487937927
2023-04-30 17:55:32.692 | INFO     | utils.logging:log_training_results:326 - train MCE loss:1.09662 * 1.0
2023-04-30 17:55:32.692 | INFO     | utils.logging:log_training_results:333 - train LLLR :0.37501 * 0.4
2023-04-30 17:55:32.693 | INFO     | utils.logging:log_training_results:340 - train weight decay:834.47467 * 0.0005
2023-04-30 17:55:41.204 | INFO     | __main__:objective:356 - Starting epoch #1.
2023-04-30 17:55:48.221 | INFO     | utils.logging:log_training_results:280 - 
2023-04-30 17:55:48.222 | INFO     | utils.logging:log_training_results:281 - Global Step =    500
2023-04-30 17:55:48.222 | INFO     | utils.logging:log_training_results:282 - val mean(MacRec)_t: 0.3527633249759674
2023-04-30 17:55:48.223 | INFO     | utils.logging:log_training_results:287 - val mean ABSerr: 3.4594430923461914
2023-04-30 17:55:48.223 | INFO     | utils.logging:log_training_results:290 - val ausat from confmx: 0.3344700336456299
2023-04-30 17:55:48.224 | INFO     | utils.logging:log_training_results:326 - val MCE loss:1.08873 * 1.0
2023-04-30 17:55:48.224 | INFO     | utils.logging:log_training_results:333 - val LLLR :0.36893 * 0.4
2023-04-30 17:55:48.224 | INFO     | utils.logging:log_training_results:340 - val weight decay:691.27509 * 0.0005
2023-04-30 17:55:49.138 | INFO     | utils.logging:save_sdre_imgs:710 - Figures saved.
2023-04-30 17:55:49.437 | INFO     | utils.logging:log_training_results:280 - 
2023-04-30 17:55:49.437 | INFO     | utils.logging:log_training_results:281 - Global Step =    500
2023-04-30 17:55:49.438 | INFO     | utils.logging:log_training_results:282 - train mean(MacRec)_t: 0.4002704620361328
2023-04-30 17:55:49.438 | INFO     | utils.logging:log_training_results:287 - train mean ABSerr: 3.419025421142578
2023-04-30 17:55:49.439 | INFO     | utils.logging:log_training_results:290 - train ausat from confmx: 0.3800676465034485
2023-04-30 17:55:49.439 | INFO     | utils.logging:log_training_results:326 - train MCE loss:1.09065 * 1.0
2023-04-30 17:55:49.439 | INFO     | utils.logging:log_training_results:333 - train LLLR :0.37115 * 0.4
2023-04-30 17:55:49.440 | INFO     | utils.logging:log_training_results:340 - train weight decay:691.27509 * 0.0005
2023-04-30 17:56:05.297 | INFO     | utils.logging:log_training_results:280 - 
2023-04-30 17:56:05.298 | INFO     | utils.logging:log_training_results:281 - Global Step =    750
2023-04-30 17:56:05.298 | INFO     | utils.logging:log_training_results:282 - val mean(MacRec)_t: 0.554473340511322
2023-04-30 17:56:05.298 | INFO     | utils.logging:log_training_results:287 - val mean ABSerr: 3.3034262657165527
2023-04-30 17:56:05.299 | INFO     | utils.logging:log_training_results:290 - val ausat from confmx: 0.5052556395530701
2023-04-30 17:56:05.299 | INFO     | utils.logging:log_training_results:326 - val MCE loss:1.06516 * 1.0
2023-04-30 17:56:05.300 | INFO     | utils.logging:log_training_results:333 - val LLLR :0.34744 * 0.4
2023-04-30 17:56:05.300 | INFO     | utils.logging:log_training_results:340 - val weight decay:574.01849 * 0.0005
2023-04-30 17:56:05.348 | INFO     | utils.checkpoint:update_and_save_result:168 - [36mBest value updated![0m
2023-04-30 17:56:05.360 | INFO     | utils.checkpoint:save_checkpoint:83 - [36mSaved checkpoint[0m at step 750.
2023-04-30 17:56:05.362 | INFO     | utils.checkpoint:keep_max_num_saved_models:101 - Removed the oldest model for max_to_keep=1
2023-04-30 17:56:06.422 | INFO     | utils.logging:save_sdre_imgs:710 - Figures saved.
2023-04-30 17:56:06.765 | INFO     | utils.logging:log_training_results:280 - 
2023-04-30 17:56:06.766 | INFO     | utils.logging:log_training_results:281 - Global Step =    750
2023-04-30 17:56:06.766 | INFO     | utils.logging:log_training_results:282 - train mean(MacRec)_t: 0.5257702469825745
2023-04-30 17:56:06.767 | INFO     | utils.logging:log_training_results:287 - train mean ABSerr: 3.327547073364258
2023-04-30 17:56:06.768 | INFO     | utils.logging:log_training_results:290 - train ausat from confmx: 0.5385222434997559
2023-04-30 17:56:06.768 | INFO     | utils.logging:log_training_results:326 - train MCE loss:1.06827 * 1.0
2023-04-30 17:56:06.768 | INFO     | utils.logging:log_training_results:333 - train LLLR :0.35058 * 0.4
2023-04-30 17:56:06.769 | INFO     | utils.logging:log_training_results:340 - train weight decay:574.01843 * 0.0005
2023-04-30 17:56:09.741 | INFO     | __main__:objective:356 - Starting epoch #2.
2023-04-30 17:56:22.480 | INFO     | utils.logging:log_training_results:280 - 
2023-04-30 17:56:22.480 | INFO     | utils.logging:log_training_results:281 - Global Step =   1000
2023-04-30 17:56:22.481 | INFO     | utils.logging:log_training_results:282 - val mean(MacRec)_t: 0.8004400730133057
2023-04-30 17:56:22.481 | INFO     | utils.logging:log_training_results:287 - val mean ABSerr: 2.5792224407196045
2023-04-30 17:56:22.482 | INFO     | utils.logging:log_training_results:290 - val ausat from confmx: 0.9317096471786499
2023-04-30 17:56:22.483 | INFO     | utils.logging:log_training_results:326 - val MCE loss:1.00173 * 1.0
2023-04-30 17:56:22.484 | INFO     | utils.logging:log_training_results:333 - val LLLR :0.28781 * 0.4
2023-04-30 17:56:22.484 | INFO     | utils.logging:log_training_results:340 - val weight decay:484.72470 * 0.0005
2023-04-30 17:56:22.530 | INFO     | utils.checkpoint:update_and_save_result:168 - [36mBest value updated![0m
2023-04-30 17:56:22.544 | INFO     | utils.checkpoint:save_checkpoint:83 - [36mSaved checkpoint[0m at step 1000.
2023-04-30 17:56:22.547 | INFO     | utils.checkpoint:keep_max_num_saved_models:101 - Removed the oldest model for max_to_keep=1
2023-04-30 17:56:23.403 | INFO     | utils.logging:save_sdre_imgs:710 - Figures saved.
2023-04-30 17:56:23.688 | INFO     | utils.logging:log_training_results:280 - 
2023-04-30 17:56:23.689 | INFO     | utils.logging:log_training_results:281 - Global Step =   1000
2023-04-30 17:56:23.689 | INFO     | utils.logging:log_training_results:282 - train mean(MacRec)_t: 0.7728114128112793
2023-04-30 17:56:23.689 | INFO     | utils.logging:log_training_results:287 - train mean ABSerr: 2.682032346725464
2023-04-30 17:56:23.690 | INFO     | utils.logging:log_training_results:290 - train ausat from confmx: 0.8984684944152832
2023-04-30 17:56:23.690 | INFO     | utils.logging:log_training_results:326 - train MCE loss:1.01349 * 1.0
2023-04-30 17:56:23.690 | INFO     | utils.logging:log_training_results:333 - train LLLR :0.29297 * 0.4
2023-04-30 17:56:23.691 | INFO     | utils.logging:log_training_results:340 - train weight decay:484.72473 * 0.0005
2023-04-30 17:56:35.174 | INFO     | __main__:objective:356 - Starting epoch #3.
2023-04-30 17:56:39.291 | INFO     | utils.logging:log_training_results:280 - 
2023-04-30 17:56:39.291 | INFO     | utils.logging:log_training_results:281 - Global Step =   1250
2023-04-30 17:56:39.292 | INFO     | utils.logging:log_training_results:282 - val mean(MacRec)_t: 0.8436800241470337
2023-04-30 17:56:39.292 | INFO     | utils.logging:log_training_results:287 - val mean ABSerr: 1.061767339706421
2023-04-30 17:56:39.293 | INFO     | utils.logging:log_training_results:290 - val ausat from confmx: 0.9603992700576782
2023-04-30 17:56:39.293 | INFO     | utils.logging:log_training_results:326 - val MCE loss:0.92590 * 1.0
2023-04-30 17:56:39.294 | INFO     | utils.logging:log_training_results:333 - val LLLR :0.25300 * 0.4
2023-04-30 17:56:39.294 | INFO     | utils.logging:log_training_results:340 - val weight decay:417.43723 * 0.0005
2023-04-30 17:56:39.344 | INFO     | utils.checkpoint:update_and_save_result:168 - [36mBest value updated![0m
2023-04-30 17:56:39.357 | INFO     | utils.checkpoint:save_checkpoint:83 - [36mSaved checkpoint[0m at step 1250.
2023-04-30 17:56:39.359 | INFO     | utils.checkpoint:keep_max_num_saved_models:101 - Removed the oldest model for max_to_keep=1
2023-04-30 17:56:40.143 | INFO     | utils.logging:save_sdre_imgs:710 - Figures saved.
2023-04-30 17:56:40.427 | INFO     | utils.logging:log_training_results:280 - 
2023-04-30 17:56:40.428 | INFO     | utils.logging:log_training_results:281 - Global Step =   1250
2023-04-30 17:56:40.428 | INFO     | utils.logging:log_training_results:282 - train mean(MacRec)_t: 0.8424343466758728
2023-04-30 17:56:40.428 | INFO     | utils.logging:log_training_results:287 - train mean ABSerr: 1.2620036602020264
2023-04-30 17:56:40.429 | INFO     | utils.logging:log_training_results:290 - train ausat from confmx: 0.9521933794021606
2023-04-30 17:56:40.429 | INFO     | utils.logging:log_training_results:326 - train MCE loss:0.94896 * 1.0
2023-04-30 17:56:40.429 | INFO     | utils.logging:log_training_results:333 - train LLLR :0.25466 * 0.4
2023-04-30 17:56:40.430 | INFO     | utils.logging:log_training_results:340 - train weight decay:417.43719 * 0.0005
2023-04-30 17:56:56.052 | INFO     | utils.logging:log_training_results:280 - 
2023-04-30 17:56:56.052 | INFO     | utils.logging:log_training_results:281 - Global Step =   1500
2023-04-30 17:56:56.053 | INFO     | utils.logging:log_training_results:282 - val mean(MacRec)_t: 0.854669988155365
2023-04-30 17:56:56.053 | INFO     | utils.logging:log_training_results:287 - val mean ABSerr: 1.321216106414795
2023-04-30 17:56:56.054 | INFO     | utils.logging:log_training_results:290 - val ausat from confmx: 0.9664895534515381
2023-04-30 17:56:56.054 | INFO     | utils.logging:log_training_results:326 - val MCE loss:0.89746 * 1.0
2023-04-30 17:56:56.055 | INFO     | utils.logging:log_training_results:333 - val LLLR :0.24699 * 0.4
2023-04-30 17:56:56.055 | INFO     | utils.logging:log_training_results:340 - val weight decay:359.69302 * 0.0005
2023-04-30 17:56:56.100 | INFO     | utils.checkpoint:update_and_save_result:168 - [36mBest value updated![0m
2023-04-30 17:56:56.113 | INFO     | utils.checkpoint:save_checkpoint:83 - [36mSaved checkpoint[0m at step 1500.
2023-04-30 17:56:56.117 | INFO     | utils.checkpoint:keep_max_num_saved_models:101 - Removed the oldest model for max_to_keep=1
2023-04-30 17:56:56.909 | INFO     | utils.logging:save_sdre_imgs:710 - Figures saved.
2023-04-30 17:56:57.188 | INFO     | utils.logging:log_training_results:280 - 
2023-04-30 17:56:57.189 | INFO     | utils.logging:log_training_results:281 - Global Step =   1500
2023-04-30 17:56:57.189 | INFO     | utils.logging:log_training_results:282 - train mean(MacRec)_t: 0.8391470313072205
2023-04-30 17:56:57.189 | INFO     | utils.logging:log_training_results:287 - train mean ABSerr: 1.2982470989227295
2023-04-30 17:56:57.190 | INFO     | utils.logging:log_training_results:290 - train ausat from confmx: 0.9603241682052612
2023-04-30 17:56:57.191 | INFO     | utils.logging:log_training_results:326 - train MCE loss:0.93144 * 1.0
2023-04-30 17:56:57.191 | INFO     | utils.logging:log_training_results:333 - train LLLR :0.25044 * 0.4
2023-04-30 17:56:57.191 | INFO     | utils.logging:log_training_results:340 - train weight decay:359.69302 * 0.0005
2023-04-30 17:57:03.141 | INFO     | __main__:objective:356 - Starting epoch #4.
2023-04-30 17:57:13.034 | INFO     | utils.logging:log_training_results:280 - 
2023-04-30 17:57:13.034 | INFO     | utils.logging:log_training_results:281 - Global Step =   1750
2023-04-30 17:57:13.035 | INFO     | utils.logging:log_training_results:282 - val mean(MacRec)_t: 0.8586666584014893
2023-04-30 17:57:13.035 | INFO     | utils.logging:log_training_results:287 - val mean ABSerr: 1.3779963254928589
2023-04-30 17:57:13.036 | INFO     | utils.logging:log_training_results:290 - val ausat from confmx: 0.9674669504165649
2023-04-30 17:57:13.036 | INFO     | utils.logging:log_training_results:326 - val MCE loss:0.88722 * 1.0
2023-04-30 17:57:13.037 | INFO     | utils.logging:log_training_results:333 - val LLLR :0.24562 * 0.4
2023-04-30 17:57:13.037 | INFO     | utils.logging:log_training_results:340 - val weight decay:311.06006 * 0.0005
2023-04-30 17:57:13.086 | INFO     | utils.checkpoint:update_and_save_result:168 - [36mBest value updated![0m
2023-04-30 17:57:13.098 | INFO     | utils.checkpoint:save_checkpoint:83 - [36mSaved checkpoint[0m at step 1750.
2023-04-30 17:57:13.101 | INFO     | utils.checkpoint:keep_max_num_saved_models:101 - Removed the oldest model for max_to_keep=1
2023-04-30 17:57:13.903 | INFO     | utils.logging:save_sdre_imgs:710 - Figures saved.
2023-04-30 17:57:14.193 | INFO     | utils.logging:log_training_results:280 - 
2023-04-30 17:57:14.193 | INFO     | utils.logging:log_training_results:281 - Global Step =   1750
2023-04-30 17:57:14.193 | INFO     | utils.logging:log_training_results:282 - train mean(MacRec)_t: 0.8637263774871826
2023-04-30 17:57:14.194 | INFO     | utils.logging:log_training_results:287 - train mean ABSerr: 1.217314600944519
2023-04-30 17:57:14.194 | INFO     | utils.logging:log_training_results:290 - train ausat from confmx: 0.9474896788597107
2023-04-30 17:57:14.195 | INFO     | utils.logging:log_training_results:326 - train MCE loss:0.91525 * 1.0
2023-04-30 17:57:14.195 | INFO     | utils.logging:log_training_results:333 - train LLLR :0.24765 * 0.4
2023-04-30 17:57:14.195 | INFO     | utils.logging:log_training_results:340 - train weight decay:311.06006 * 0.0005
2023-04-30 17:57:28.519 | INFO     | __main__:objective:356 - Starting epoch #5.
2023-04-30 17:57:29.783 | INFO     | utils.logging:log_training_results:280 - 
2023-04-30 17:57:29.783 | INFO     | utils.logging:log_training_results:281 - Global Step =   2000
2023-04-30 17:57:29.784 | INFO     | utils.logging:log_training_results:282 - val mean(MacRec)_t: 0.8617633581161499
2023-04-30 17:57:29.784 | INFO     | utils.logging:log_training_results:287 - val mean ABSerr: 1.3164482116699219
2023-04-30 17:57:29.785 | INFO     | utils.logging:log_training_results:290 - val ausat from confmx: 0.9672184586524963
2023-04-30 17:57:29.785 | INFO     | utils.logging:log_training_results:326 - val MCE loss:0.88150 * 1.0
2023-04-30 17:57:29.785 | INFO     | utils.logging:log_training_results:333 - val LLLR :0.24503 * 0.4
2023-04-30 17:57:29.786 | INFO     | utils.logging:log_training_results:340 - val weight decay:271.21124 * 0.0005
2023-04-30 17:57:29.833 | INFO     | utils.checkpoint:update_and_save_result:168 - [36mBest value updated![0m
2023-04-30 17:57:29.845 | INFO     | utils.checkpoint:save_checkpoint:83 - [36mSaved checkpoint[0m at step 2000.
2023-04-30 17:57:29.850 | INFO     | utils.checkpoint:keep_max_num_saved_models:101 - Removed the oldest model for max_to_keep=1
2023-04-30 17:57:30.658 | INFO     | utils.logging:save_sdre_imgs:710 - Figures saved.
2023-04-30 17:57:30.931 | INFO     | utils.logging:log_training_results:280 - 
2023-04-30 17:57:30.932 | INFO     | utils.logging:log_training_results:281 - Global Step =   2000
2023-04-30 17:57:30.932 | INFO     | utils.logging:log_training_results:282 - train mean(MacRec)_t: 0.8541395664215088
2023-04-30 17:57:30.933 | INFO     | utils.logging:log_training_results:287 - train mean ABSerr: 1.2834522724151611
2023-04-30 17:57:30.933 | INFO     | utils.logging:log_training_results:290 - train ausat from confmx: 0.9505362510681152
2023-04-30 17:57:30.933 | INFO     | utils.logging:log_training_results:326 - train MCE loss:0.91785 * 1.0
2023-04-30 17:57:30.934 | INFO     | utils.logging:log_training_results:333 - train LLLR :0.24596 * 0.4
2023-04-30 17:57:30.934 | INFO     | utils.logging:log_training_results:340 - train weight decay:271.21124 * 0.0005
2023-04-30 17:57:46.351 | INFO     | utils.logging:log_training_results:280 - 
2023-04-30 17:57:46.352 | INFO     | utils.logging:log_training_results:281 - Global Step =   2250
2023-04-30 17:57:46.352 | INFO     | utils.logging:log_training_results:282 - val mean(MacRec)_t: 0.8621433973312378
2023-04-30 17:57:46.353 | INFO     | utils.logging:log_training_results:287 - val mean ABSerr: 1.2448369264602661
2023-04-30 17:57:46.354 | INFO     | utils.logging:log_training_results:290 - val ausat from confmx: 0.9662851095199585
2023-04-30 17:57:46.354 | INFO     | utils.logging:log_training_results:326 - val MCE loss:0.87792 * 1.0
2023-04-30 17:57:46.355 | INFO     | utils.logging:log_training_results:333 - val LLLR :0.24498 * 0.4
2023-04-30 17:57:46.356 | INFO     | utils.logging:log_training_results:340 - val weight decay:238.54927 * 0.0005
2023-04-30 17:57:46.404 | INFO     | utils.checkpoint:update_and_save_result:168 - [36mBest value updated![0m
2023-04-30 17:57:46.416 | INFO     | utils.checkpoint:save_checkpoint:83 - [36mSaved checkpoint[0m at step 2250.
2023-04-30 17:57:46.419 | INFO     | utils.checkpoint:keep_max_num_saved_models:101 - Removed the oldest model for max_to_keep=1
2023-04-30 17:57:47.212 | INFO     | utils.logging:save_sdre_imgs:710 - Figures saved.
2023-04-30 17:57:47.479 | INFO     | utils.logging:log_training_results:280 - 
2023-04-30 17:57:47.480 | INFO     | utils.logging:log_training_results:281 - Global Step =   2250
2023-04-30 17:57:47.480 | INFO     | utils.logging:log_training_results:282 - train mean(MacRec)_t: 0.8745425343513489
2023-04-30 17:57:47.480 | INFO     | utils.logging:log_training_results:287 - train mean ABSerr: 1.2698227167129517
2023-04-30 17:57:47.481 | INFO     | utils.logging:log_training_results:290 - train ausat from confmx: 0.9645243883132935
2023-04-30 17:57:47.481 | INFO     | utils.logging:log_training_results:326 - train MCE loss:0.89243 * 1.0
2023-04-30 17:57:47.481 | INFO     | utils.logging:log_training_results:333 - train LLLR :0.24495 * 0.4
2023-04-30 17:57:47.482 | INFO     | utils.logging:log_training_results:340 - train weight decay:238.54929 * 0.0005
2023-04-30 17:57:56.239 | INFO     | __main__:objective:356 - Starting epoch #6.
2023-04-30 17:58:03.141 | INFO     | utils.logging:log_training_results:280 - 
2023-04-30 17:58:03.142 | INFO     | utils.logging:log_training_results:281 - Global Step =   2500
2023-04-30 17:58:03.142 | INFO     | utils.logging:log_training_results:282 - val mean(MacRec)_t: 0.8634300231933594
2023-04-30 17:58:03.143 | INFO     | utils.logging:log_training_results:287 - val mean ABSerr: 1.2613074779510498
2023-04-30 17:58:03.143 | INFO     | utils.logging:log_training_results:290 - val ausat from confmx: 0.9698649048805237
2023-04-30 17:58:03.144 | INFO     | utils.logging:log_training_results:326 - val MCE loss:0.87496 * 1.0
2023-04-30 17:58:03.145 | INFO     | utils.logging:log_training_results:333 - val LLLR :0.24481 * 0.4
2023-04-30 17:58:03.145 | INFO     | utils.logging:log_training_results:340 - val weight decay:211.87511 * 0.0005
2023-04-30 17:58:03.194 | INFO     | utils.checkpoint:update_and_save_result:168 - [36mBest value updated![0m
2023-04-30 17:58:03.205 | INFO     | utils.checkpoint:save_checkpoint:83 - [36mSaved checkpoint[0m at step 2500.
2023-04-30 17:58:03.208 | INFO     | utils.checkpoint:keep_max_num_saved_models:101 - Removed the oldest model for max_to_keep=1
2023-04-30 17:58:04.199 | INFO     | utils.logging:save_sdre_imgs:710 - Figures saved.
2023-04-30 17:58:04.463 | INFO     | utils.logging:log_training_results:280 - 
2023-04-30 17:58:04.464 | INFO     | utils.logging:log_training_results:281 - Global Step =   2500
2023-04-30 17:58:04.464 | INFO     | utils.logging:log_training_results:282 - train mean(MacRec)_t: 0.8726170063018799
2023-04-30 17:58:04.465 | INFO     | utils.logging:log_training_results:287 - train mean ABSerr: 1.2838765382766724
2023-04-30 17:58:04.465 | INFO     | utils.logging:log_training_results:290 - train ausat from confmx: 0.9778209924697876
2023-04-30 17:58:04.466 | INFO     | utils.logging:log_training_results:326 - train MCE loss:0.90494 * 1.0
2023-04-30 17:58:04.467 | INFO     | utils.logging:log_training_results:333 - train LLLR :0.24179 * 0.4
2023-04-30 17:58:04.467 | INFO     | utils.logging:log_training_results:340 - train weight decay:211.87511 * 0.0005
2023-04-30 17:58:20.183 | INFO     | utils.logging:log_training_results:280 - 
2023-04-30 17:58:20.183 | INFO     | utils.logging:log_training_results:281 - Global Step =   2750
2023-04-30 17:58:20.184 | INFO     | utils.logging:log_training_results:282 - val mean(MacRec)_t: 0.8636900186538696
2023-04-30 17:58:20.184 | INFO     | utils.logging:log_training_results:287 - val mean ABSerr: 1.0454448461532593
2023-04-30 17:58:20.185 | INFO     | utils.logging:log_training_results:290 - val ausat from confmx: 0.9691552519798279
2023-04-30 17:58:20.185 | INFO     | utils.logging:log_training_results:326 - val MCE loss:0.87437 * 1.0
2023-04-30 17:58:20.185 | INFO     | utils.logging:log_training_results:333 - val LLLR :0.24475 * 0.4
2023-04-30 17:58:20.186 | INFO     | utils.logging:log_training_results:340 - val weight decay:190.10818 * 0.0005
2023-04-30 17:58:20.231 | INFO     | utils.checkpoint:update_and_save_result:168 - [36mBest value updated![0m
2023-04-30 17:58:20.243 | INFO     | utils.checkpoint:save_checkpoint:83 - [36mSaved checkpoint[0m at step 2750.
2023-04-30 17:58:20.247 | INFO     | utils.checkpoint:keep_max_num_saved_models:101 - Removed the oldest model for max_to_keep=1
2023-04-30 17:58:21.082 | INFO     | utils.logging:save_sdre_imgs:710 - Figures saved.
2023-04-30 17:58:21.360 | INFO     | utils.logging:log_training_results:280 - 
2023-04-30 17:58:21.361 | INFO     | utils.logging:log_training_results:281 - Global Step =   2750
2023-04-30 17:58:21.361 | INFO     | utils.logging:log_training_results:282 - train mean(MacRec)_t: 0.8761904835700989
2023-04-30 17:58:21.362 | INFO     | utils.logging:log_training_results:287 - train mean ABSerr: 1.0382074117660522
2023-04-30 17:58:21.362 | INFO     | utils.logging:log_training_results:290 - train ausat from confmx: 0.9900907278060913
2023-04-30 17:58:21.362 | INFO     | utils.logging:log_training_results:326 - train MCE loss:0.88858 * 1.0
2023-04-30 17:58:21.363 | INFO     | utils.logging:log_training_results:333 - train LLLR :0.24297 * 0.4
2023-04-30 17:58:21.363 | INFO     | utils.logging:log_training_results:340 - train weight decay:190.10817 * 0.0005
2023-04-30 17:58:24.264 | INFO     | __main__:objective:356 - Starting epoch #7.
2023-04-30 17:58:37.116 | INFO     | utils.logging:log_training_results:280 - 
2023-04-30 17:58:37.117 | INFO     | utils.logging:log_training_results:281 - Global Step =   3000
2023-04-30 17:58:37.117 | INFO     | utils.logging:log_training_results:282 - val mean(MacRec)_t: 0.8672900199890137
2023-04-30 17:58:37.118 | INFO     | utils.logging:log_training_results:287 - val mean ABSerr: 0.9897885322570801
2023-04-30 17:58:37.118 | INFO     | utils.logging:log_training_results:290 - val ausat from confmx: 0.9716365933418274
2023-04-30 17:58:37.118 | INFO     | utils.logging:log_training_results:326 - val MCE loss:0.87196 * 1.0
2023-04-30 17:58:37.119 | INFO     | utils.logging:log_training_results:333 - val LLLR :0.24421 * 0.4
2023-04-30 17:58:37.119 | INFO     | utils.logging:log_training_results:340 - val weight decay:172.21582 * 0.0005
2023-04-30 17:58:37.169 | INFO     | utils.checkpoint:update_and_save_result:168 - [36mBest value updated![0m
2023-04-30 17:58:37.181 | INFO     | utils.checkpoint:save_checkpoint:83 - [36mSaved checkpoint[0m at step 3000.
2023-04-30 17:58:37.184 | INFO     | utils.checkpoint:keep_max_num_saved_models:101 - Removed the oldest model for max_to_keep=1
2023-04-30 17:58:38.015 | INFO     | utils.logging:save_sdre_imgs:710 - Figures saved.
2023-04-30 17:58:38.290 | INFO     | utils.logging:log_training_results:280 - 
2023-04-30 17:58:38.291 | INFO     | utils.logging:log_training_results:281 - Global Step =   3000
2023-04-30 17:58:38.291 | INFO     | utils.logging:log_training_results:282 - train mean(MacRec)_t: 0.8417089581489563
2023-04-30 17:58:38.292 | INFO     | utils.logging:log_training_results:287 - train mean ABSerr: 1.071851134300232
2023-04-30 17:58:38.292 | INFO     | utils.logging:log_training_results:290 - train ausat from confmx: 0.9442803263664246
2023-04-30 17:58:38.292 | INFO     | utils.logging:log_training_results:326 - train MCE loss:0.89383 * 1.0
2023-04-30 17:58:38.293 | INFO     | utils.logging:log_training_results:333 - train LLLR :0.24943 * 0.4
2023-04-30 17:58:38.293 | INFO     | utils.logging:log_training_results:340 - train weight decay:172.21582 * 0.0005
2023-04-30 17:58:49.897 | INFO     | __main__:objective:356 - Starting epoch #8.
2023-04-30 17:58:54.031 | INFO     | utils.logging:log_training_results:280 - 
2023-04-30 17:58:54.032 | INFO     | utils.logging:log_training_results:281 - Global Step =   3250
2023-04-30 17:58:54.032 | INFO     | utils.logging:log_training_results:282 - val mean(MacRec)_t: 0.8683733344078064
2023-04-30 17:58:54.033 | INFO     | utils.logging:log_training_results:287 - val mean ABSerr: 0.9392337203025818
2023-04-30 17:58:54.033 | INFO     | utils.logging:log_training_results:290 - val ausat from confmx: 0.9731798768043518
2023-04-30 17:58:54.034 | INFO     | utils.logging:log_training_results:326 - val MCE loss:0.87072 * 1.0
2023-04-30 17:58:54.034 | INFO     | utils.logging:log_training_results:333 - val LLLR :0.24400 * 0.4
2023-04-30 17:58:54.034 | INFO     | utils.logging:log_training_results:340 - val weight decay:157.72115 * 0.0005
2023-04-30 17:58:54.080 | INFO     | utils.checkpoint:update_and_save_result:168 - [36mBest value updated![0m
2023-04-30 17:58:54.091 | INFO     | utils.checkpoint:save_checkpoint:83 - [36mSaved checkpoint[0m at step 3250.
2023-04-30 17:58:54.094 | INFO     | utils.checkpoint:keep_max_num_saved_models:101 - Removed the oldest model for max_to_keep=1
2023-04-30 17:58:54.921 | INFO     | utils.logging:save_sdre_imgs:710 - Figures saved.
2023-04-30 17:58:55.189 | INFO     | utils.logging:log_training_results:280 - 
2023-04-30 17:58:55.190 | INFO     | utils.logging:log_training_results:281 - Global Step =   3250
2023-04-30 17:58:55.190 | INFO     | utils.logging:log_training_results:282 - train mean(MacRec)_t: 0.8530276417732239
2023-04-30 17:58:55.191 | INFO     | utils.logging:log_training_results:287 - train mean ABSerr: 0.9890129566192627
2023-04-30 17:58:55.191 | INFO     | utils.logging:log_training_results:290 - train ausat from confmx: 0.9643306136131287
2023-04-30 17:58:55.191 | INFO     | utils.logging:log_training_results:326 - train MCE loss:0.90864 * 1.0
2023-04-30 17:58:55.192 | INFO     | utils.logging:log_training_results:333 - train LLLR :0.24772 * 0.4
2023-04-30 17:58:55.192 | INFO     | utils.logging:log_training_results:340 - train weight decay:157.72115 * 0.0005
2023-04-30 17:59:10.759 | INFO     | utils.logging:log_training_results:280 - 
2023-04-30 17:59:10.760 | INFO     | utils.logging:log_training_results:281 - Global Step =   3500
2023-04-30 17:59:10.760 | INFO     | utils.logging:log_training_results:282 - val mean(MacRec)_t: 0.8671000599861145
2023-04-30 17:59:10.761 | INFO     | utils.logging:log_training_results:287 - val mean ABSerr: 0.9288914799690247
2023-04-30 17:59:10.761 | INFO     | utils.logging:log_training_results:290 - val ausat from confmx: 0.9721348285675049
2023-04-30 17:59:10.762 | INFO     | utils.logging:log_training_results:326 - val MCE loss:0.86997 * 1.0
2023-04-30 17:59:10.762 | INFO     | utils.logging:log_training_results:333 - val LLLR :0.24418 * 0.4
2023-04-30 17:59:10.762 | INFO     | utils.logging:log_training_results:340 - val weight decay:145.85130 * 0.0005
2023-04-30 17:59:11.629 | INFO     | utils.logging:save_sdre_imgs:710 - Figures saved.
2023-04-30 17:59:11.919 | INFO     | utils.logging:log_training_results:280 - 
2023-04-30 17:59:11.919 | INFO     | utils.logging:log_training_results:281 - Global Step =   3500
2023-04-30 17:59:11.920 | INFO     | utils.logging:log_training_results:282 - train mean(MacRec)_t: 0.8654199242591858
2023-04-30 17:59:11.920 | INFO     | utils.logging:log_training_results:287 - train mean ABSerr: 0.9477499127388
2023-04-30 17:59:11.920 | INFO     | utils.logging:log_training_results:290 - train ausat from confmx: 0.9695242047309875
2023-04-30 17:59:11.921 | INFO     | utils.logging:log_training_results:326 - train MCE loss:0.90902 * 1.0
2023-04-30 17:59:11.921 | INFO     | utils.logging:log_training_results:333 - train LLLR :0.24696 * 0.4
2023-04-30 17:59:11.921 | INFO     | utils.logging:log_training_results:340 - train weight decay:145.85130 * 0.0005
2023-04-30 17:59:17.799 | INFO     | __main__:objective:356 - Starting epoch #9.
2023-04-30 17:59:27.749 | INFO     | utils.logging:log_training_results:280 - 
2023-04-30 17:59:27.750 | INFO     | utils.logging:log_training_results:281 - Global Step =   3750
2023-04-30 17:59:27.751 | INFO     | utils.logging:log_training_results:282 - val mean(MacRec)_t: 0.865423321723938
2023-04-30 17:59:27.751 | INFO     | utils.logging:log_training_results:287 - val mean ABSerr: 0.963992714881897
2023-04-30 17:59:27.751 | INFO     | utils.logging:log_training_results:290 - val ausat from confmx: 0.9682545065879822
2023-04-30 17:59:27.756 | INFO     | utils.logging:log_training_results:326 - val MCE loss:0.86948 * 1.0
2023-04-30 17:59:27.756 | INFO     | utils.logging:log_training_results:333 - val LLLR :0.24458 * 0.4
2023-04-30 17:59:27.757 | INFO     | utils.logging:log_training_results:340 - val weight decay:136.03911 * 0.0005
2023-04-30 17:59:28.617 | INFO     | utils.logging:save_sdre_imgs:710 - Figures saved.
2023-04-30 17:59:28.900 | INFO     | utils.logging:log_training_results:280 - 
2023-04-30 17:59:28.901 | INFO     | utils.logging:log_training_results:281 - Global Step =   3750
2023-04-30 17:59:28.901 | INFO     | utils.logging:log_training_results:282 - train mean(MacRec)_t: 0.8293894529342651
2023-04-30 17:59:28.902 | INFO     | utils.logging:log_training_results:287 - train mean ABSerr: 1.0473648309707642
2023-04-30 17:59:28.902 | INFO     | utils.logging:log_training_results:290 - train ausat from confmx: 0.974441647529602
2023-04-30 17:59:28.902 | INFO     | utils.logging:log_training_results:326 - train MCE loss:0.89594 * 1.0
2023-04-30 17:59:28.903 | INFO     | utils.logging:log_training_results:333 - train LLLR :0.25166 * 0.4
2023-04-30 17:59:28.903 | INFO     | utils.logging:log_training_results:340 - train weight decay:136.03911 * 0.0005
2023-04-30 17:59:43.116 | INFO     | utils.logging:investigate_log:155 - num_warning=0/num_error=0 in the .log file.
2023-04-30 17:59:43.301 | INFO     | optuna.study.study:_log_completed_trial:1020 - Trial 36 finished with value: 0.1316266655921936 and parameters: {'LIST_IS_POSITIONAL_ENCODING': True, 'LIST_IS_TRAINABLE_ENCODING': False, 'LIST_MODEL_BACKBONE': 'LSTM', 'LIST_WEIGHT_DECAY': 0.0005, 'LIST_LEARNING_RATE': 4.47015103173924e-05, 'LIST_LLLR_VERSION': 'LLLR', 'LIST_ACTIVATION_FC': 'relu', 'LIST_PARAM_MULTIPLET_LOSS': 1.0, 'LIST_PARAM_LLR_LOSS': 0.4, 'LIST_IS_ADAPTIVE_LOSS': False, 'LIST_ORDER_SPRT': 5, 'LIST_OPTIMIZER': 'adam', 'LIST_IS_NORMALIZE': False, 'LIST_NUM_THRESH': 500, 'LIST_SPARSITY': 'unirandom', 'LIST_ACTIVATION_OUTPUT': 'B2Bsqrt', 'LIST_ACTIVATION_INPUT': 'tanh', 'LIST_WIDTH_LSTM': 125}. Best is trial 16 with value: 0.12354999780654907.
2023-04-30 17:59:43.327 | INFO     | utils.hyperparameter_tuning:suggest_parameters:560 - [33mStarting a tuning phase.[0m
2023-04-30 17:59:44.132 | INFO     | utils.hyperparameter_tuning:print:394 - 
+------------------------------------------+
|   Hyperparameteres suggested by Optuna   |
+------------------------+-----------------+
|     Parameter name     | Suggested value |
+------------------------+-----------------+
|     ACTIVATION_FC      |     B2Bcbrt     |
|        DROPOUT         |       0.3       |
|         FF_DIM         |        64       |
|    IS_ADAPTIVE_LOSS    |      False      |
|      IS_NORMALIZE      |      False      |
| IS_POSITIONAL_ENCODING |      False      |
|     LEARNING_RATE      |    1.5749e-05   |
|      LLLR_VERSION      |       LSEL      |
|       MLP_UNITS        |        64       |
|     MODEL_BACKBONE     |   Transformer   |
|       NUM_BLOCKS       |        2        |
|       NUM_HEADS        |        2        |
|       NUM_THRESH       |       500       |
|       OPTIMIZER        |       adam      |
|       ORDER_SPRT       |        5        |
|     PARAM_LLR_LOSS     |       0.2       |
|  PARAM_MULTIPLET_LOSS  |       0.9       |
|        SPARSITY        |     logspace    |
|      WEIGHT_DECAY      |       0.0       |
+------------------------+-----------------+
2023-04-30 17:59:44.133 | INFO     | utils.misc:create_directories_and_log:291 - [33mA new log directory was created: [0m/home/afe/Dropbox/GitHub/SPRT-TANDEM-PyTorch/logs/public_offset0_5_optimmacrec_tuning/checkpoints/Transformer_20230430_175944132/configs
2023-04-30 17:59:44.134 | INFO     | utils.misc:create_directories_and_log:291 - [33mA new log directory was created: [0m/home/afe/Dropbox/GitHub/SPRT-TANDEM-PyTorch/logs/public_offset0_5_optimmacrec_tuning/TensorBoard_events/Transformer_20230430_175944132
