2023-04-30 12:47:46.945 | INFO     | utils.misc:fix_random_seed:405 - Random seed is not fixed.
2023-04-30 12:47:46.979 | INFO     | models.temporal_integrators:summarize:568 - 
:'######::'########::'########::'########::::::::::::::::::::::
'##... ##: ##.... ##: ##.... ##:... ##..:::::::::::::::::::::::
 ##:::..:: ##:::: ##: ##:::: ##:::: ##:::::::::::::::::::::::::
. ######:: ########:: ########::::: ##::::'#######:::::::::::::
:..... ##: ##.....::: ##.. ##:::::: ##::::........:::::::::::::
'##::: ##: ##:::::::: ##::. ##::::: ##:::::::::::::::::::::::::
. ######:: ##:::::::: ##:::. ##:::: ##:::::::::::::::::::::::::
:......:::..:::::::::..:::::..:::::..::::::::::::::::::::::::::
'########::::'###::::'##::: ##:'########::'########:'##::::'##:
... ##..::::'## ##::: ###:: ##: ##.... ##: ##.....:: ###::'###:
::: ##:::::'##:. ##:: ####: ##: ##:::: ##: ##::::::: ####'####:
::: ##::::'##:::. ##: ## ## ##: ##:::: ##: ######::: ## ### ##:
::: ##:::: #########: ##. ####: ##:::: ##: ##...:::: ##. #: ##:
::: ##:::: ##.... ##: ##:. ###: ##:::: ##: ##::::::: ##:.:: ##:
::: ##:::: ##:::: ##: ##::. ##: ########:: ########: ##:::: ##:
:::..:::::..:::::..::..::::..::........:::........::..:::::..::

2023-04-30 12:47:46.981 | INFO     | models.temporal_integrators:summarize:571 - [34mofficial PyTorch implementation.[0m
2023-04-30 12:47:47.236 | INFO     | models.temporal_integrators:summarize:593 - Network summary:
===============================================================================================
Layer (type:depth-idx)                        Output Shape              Param #
===============================================================================================
TANDEMformer                                  [150, 50, 3, 3]           643
├─TransformerEncoder: 1-1                     [6900, 1, 128]            --
│    └─ModuleList: 2-5                        --                        (recursive)
│    │    └─TransformerEncoderLayer: 3-1      [6900, 1, 128]            83,136
│    │    └─TransformerEncoderLayer: 3-2      [6900, 1, 128]            83,136
├─Linear: 1-2                                 [6900, 64]                8,256
├─Dropout: 1-3                                [6900, 64]                --
├─TransformerEncoder: 1-4                     [6900, 2, 128]            (recursive)
│    └─ModuleList: 2-5                        --                        (recursive)
│    │    └─TransformerEncoderLayer: 3-3      [6900, 2, 128]            (recursive)
│    │    └─TransformerEncoderLayer: 3-4      [6900, 2, 128]            (recursive)
├─Linear: 1-5                                 [6900, 64]                (recursive)
├─Dropout: 1-6                                [6900, 64]                --
├─TransformerEncoder: 1-7                     [6900, 3, 128]            (recursive)
│    └─ModuleList: 2-5                        --                        (recursive)
│    │    └─TransformerEncoderLayer: 3-5      [6900, 3, 128]            (recursive)
│    │    └─TransformerEncoderLayer: 3-6      [6900, 3, 128]            (recursive)
├─Linear: 1-8                                 [6900, 64]                (recursive)
├─Dropout: 1-9                                [6900, 64]                --
├─TransformerEncoder: 1-10                    [6900, 4, 128]            (recursive)
│    └─ModuleList: 2-5                        --                        (recursive)
│    │    └─TransformerEncoderLayer: 3-7      [6900, 4, 128]            (recursive)
│    │    └─TransformerEncoderLayer: 3-8      [6900, 4, 128]            (recursive)
├─Linear: 1-11                                [6900, 64]                (recursive)
├─Dropout: 1-12                               [6900, 64]                --
├─TransformerEncoder: 1-13                    [6900, 5, 128]            (recursive)
│    └─ModuleList: 2-5                        --                        (recursive)
│    │    └─TransformerEncoderLayer: 3-9      [6900, 5, 128]            (recursive)
│    │    └─TransformerEncoderLayer: 3-10     [6900, 5, 128]            (recursive)
├─Linear: 1-14                                [6900, 64]                (recursive)
├─Dropout: 1-15                               [6900, 64]                --
├─Linear: 1-16                                [6900, 3]                 195
├─Linear: 1-17                                [6900, 3]                 (recursive)
├─Linear: 1-18                                [6900, 3]                 (recursive)
├─Linear: 1-19                                [6900, 3]                 (recursive)
├─Linear: 1-20                                [6900, 3]                 (recursive)
===============================================================================================
Total params: 175,366
Trainable params: 175,366
Non-trainable params: 0
Total mult-adds (G): 1.47
===============================================================================================
Input size (MB): 3.84
Forward/backward pass size (MB): 760.38
Params size (MB): 0.17
Estimated Total Size (MB): 764.39
===============================================================================================
2023-04-30 12:47:47.237 | INFO     | models.temporal_integrators:summarize:594 - Example input shape: torch.Size([150, 50, 128])
2023-04-30 12:47:47.238 | INFO     | models.temporal_integrators:summarize:595 - Example output shape: torch.Size([150, 50, 3, 3])
2023-04-30 12:47:47.240 | INFO     | models.temporal_integrators:import_model:58 - model moved onto: [33mcuda.[0m
2023-04-30 12:47:47.241 | INFO     | models.optimizers:initialize_optimizer:44 - Optimizer:
AdamW (
Parameter Group 0
    amsgrad: False
    betas: (0.9, 0.999)
    capturable: False
    differentiable: False
    eps: 1e-08
    foreach: None
    fused: None
    lr: 3.418735769412404e-05
    maximize: False
    weight_decay: 0.00030000000000000003
)
2023-04-30 12:47:47.241 | INFO     | datasets.data_processing:lmdb_dataloaders:293 - loading data... 
2023-04-30 12:47:47.242 | INFO     | datasets.data_processing:lmdb_dataloaders:295 - If this process takes long, consider setting is_load_onto_memory=False or use LMDBIterableDataset.
2023-04-30 12:47:50.708 | INFO     | __main__:objective:356 - Starting epoch #0.
2023-04-30 12:47:56.218 | INFO     | utils.logging:log_training_results:280 - 
2023-04-30 12:47:56.219 | INFO     | utils.logging:log_training_results:281 - Global Step =      0
2023-04-30 12:47:56.219 | INFO     | utils.logging:log_training_results:282 - val mean(MacRec)_t: 0.3955366313457489
2023-04-30 12:47:56.219 | INFO     | utils.logging:log_training_results:287 - val mean ABSerr: 3.4495904445648193
2023-04-30 12:47:56.220 | INFO     | utils.logging:log_training_results:290 - val ausat from confmx: 0.4204370081424713
2023-04-30 12:47:56.220 | INFO     | utils.logging:log_training_results:301 - val MCE loss:1.09656 * 1.0 * -0.47522
2023-04-30 12:47:56.221 | INFO     | utils.logging:log_training_results:309 - val LLLR :1.08634 * 0.0 * 3.13305
2023-04-30 12:47:56.221 | INFO     | utils.logging:log_training_results:317 - val weight decay:1727.67151 * 0.00030000000000000003 * -0.32214
2023-04-30 12:47:57.423 | INFO     | utils.logging:save_sdre_imgs:710 - Figures saved.
2023-04-30 12:47:57.895 | INFO     | utils.logging:log_training_results:280 - 
2023-04-30 12:47:57.895 | INFO     | utils.logging:log_training_results:281 - Global Step =      0
2023-04-30 12:47:57.896 | INFO     | utils.logging:log_training_results:282 - train mean(MacRec)_t: 0.36982467770576477
2023-04-30 12:47:57.896 | INFO     | utils.logging:log_training_results:287 - train mean ABSerr: 3.3139023780822754
2023-04-30 12:47:57.897 | INFO     | utils.logging:log_training_results:290 - train ausat from confmx: 0.3684573471546173
2023-04-30 12:47:57.897 | INFO     | utils.logging:log_training_results:301 - train MCE loss:1.09932 * 1.0 * -0.47526
2023-04-30 12:47:57.897 | INFO     | utils.logging:log_training_results:309 - train LLLR :1.18027 * 0.0 * 3.13302
2023-04-30 12:47:57.898 | INFO     | utils.logging:log_training_results:317 - train weight decay:1727.67163 * 0.00030000000000000003 * -0.32217
2023-04-30 12:48:51.618 | INFO     | utils.logging:log_training_results:280 - 
2023-04-30 12:48:51.620 | INFO     | utils.logging:log_training_results:281 - Global Step =    250
2023-04-30 12:48:51.620 | INFO     | utils.logging:log_training_results:282 - val mean(MacRec)_t: 0.8126299977302551
2023-04-30 12:48:51.621 | INFO     | utils.logging:log_training_results:287 - val mean ABSerr: 2.4502358436584473
2023-04-30 12:48:51.621 | INFO     | utils.logging:log_training_results:290 - val ausat from confmx: 0.9350647330284119
2023-04-30 12:48:51.622 | INFO     | utils.logging:log_training_results:301 - val MCE loss:0.99389 * 1.0 * -0.48337
2023-04-30 12:48:51.622 | INFO     | utils.logging:log_training_results:309 - val LLLR :0.50332 * 0.0 * 3.12452
2023-04-30 12:48:51.622 | INFO     | utils.logging:log_training_results:317 - val weight decay:1614.69531 * 0.00030000000000000003 * -0.33027
2023-04-30 12:48:51.673 | INFO     | utils.checkpoint:update_and_save_result:168 - [36mBest value updated![0m
2023-04-30 12:48:51.697 | INFO     | utils.checkpoint:save_checkpoint:83 - [36mSaved checkpoint[0m at step 250.
2023-04-30 12:48:52.597 | INFO     | utils.logging:save_sdre_imgs:710 - Figures saved.
2023-04-30 12:48:53.026 | INFO     | utils.logging:log_training_results:280 - 
2023-04-30 12:48:53.026 | INFO     | utils.logging:log_training_results:281 - Global Step =    250
2023-04-30 12:48:53.027 | INFO     | utils.logging:log_training_results:282 - train mean(MacRec)_t: 0.75093674659729
2023-04-30 12:48:53.027 | INFO     | utils.logging:log_training_results:287 - train mean ABSerr: 2.529484748840332
2023-04-30 12:48:53.027 | INFO     | utils.logging:log_training_results:290 - train ausat from confmx: 0.8636374473571777
2023-04-30 12:48:53.028 | INFO     | utils.logging:log_training_results:301 - train MCE loss:1.00225 * 1.0 * -0.48340
2023-04-30 12:48:53.028 | INFO     | utils.logging:log_training_results:309 - train LLLR :0.58671 * 0.0 * 3.12449
2023-04-30 12:48:53.029 | INFO     | utils.logging:log_training_results:317 - train weight decay:1614.69531 * 0.00030000000000000003 * -0.33030
2023-04-30 12:49:20.629 | INFO     | __main__:objective:356 - Starting epoch #1.
2023-04-30 12:49:43.682 | INFO     | utils.logging:log_training_results:280 - 
2023-04-30 12:49:43.683 | INFO     | utils.logging:log_training_results:281 - Global Step =    500
2023-04-30 12:49:43.683 | INFO     | utils.logging:log_training_results:282 - val mean(MacRec)_t: 0.8724733591079712
2023-04-30 12:49:43.683 | INFO     | utils.logging:log_training_results:287 - val mean ABSerr: 0.3318507671356201
2023-04-30 12:49:43.684 | INFO     | utils.logging:log_training_results:290 - val ausat from confmx: 0.9771148562431335
2023-04-30 12:49:43.684 | INFO     | utils.logging:log_training_results:301 - val MCE loss:0.89067 * 1.0 * -0.49022
2023-04-30 12:49:43.685 | INFO     | utils.logging:log_training_results:309 - val LLLR :0.30076 * 0.0 * 3.11594
2023-04-30 12:49:43.685 | INFO     | utils.logging:log_training_results:317 - val weight decay:1534.75525 * 0.00030000000000000003 * -0.33763
2023-04-30 12:49:43.735 | INFO     | utils.checkpoint:update_and_save_result:168 - [36mBest value updated![0m
2023-04-30 12:49:43.757 | INFO     | utils.checkpoint:save_checkpoint:83 - [36mSaved checkpoint[0m at step 500.
2023-04-30 12:49:43.761 | INFO     | utils.checkpoint:keep_max_num_saved_models:101 - Removed the oldest model for max_to_keep=1
2023-04-30 12:49:44.597 | INFO     | utils.logging:save_sdre_imgs:710 - Figures saved.
2023-04-30 12:49:45.005 | INFO     | utils.logging:log_training_results:280 - 
2023-04-30 12:49:45.005 | INFO     | utils.logging:log_training_results:281 - Global Step =    500
2023-04-30 12:49:45.006 | INFO     | utils.logging:log_training_results:282 - train mean(MacRec)_t: 0.8248972296714783
2023-04-30 12:49:45.006 | INFO     | utils.logging:log_training_results:287 - train mean ABSerr: 1.1357076168060303
2023-04-30 12:49:45.007 | INFO     | utils.logging:log_training_results:290 - train ausat from confmx: 0.9502808451652527
2023-04-30 12:49:45.007 | INFO     | utils.logging:log_training_results:301 - train MCE loss:0.91109 * 1.0 * -0.49025
2023-04-30 12:49:45.008 | INFO     | utils.logging:log_training_results:309 - train LLLR :0.42473 * 0.0 * 3.11590
2023-04-30 12:49:45.008 | INFO     | utils.logging:log_training_results:317 - train weight decay:1534.75513 * 0.00030000000000000003 * -0.33766
2023-04-30 12:50:34.752 | INFO     | utils.logging:log_training_results:280 - 
2023-04-30 12:50:34.753 | INFO     | utils.logging:log_training_results:281 - Global Step =    750
2023-04-30 12:50:34.753 | INFO     | utils.logging:log_training_results:282 - val mean(MacRec)_t: 0.8750666379928589
2023-04-30 12:50:34.754 | INFO     | utils.logging:log_training_results:287 - val mean ABSerr: 0.2418918013572693
2023-04-30 12:50:34.754 | INFO     | utils.logging:log_training_results:290 - val ausat from confmx: 0.9784155488014221
2023-04-30 12:50:34.755 | INFO     | utils.logging:log_training_results:301 - val MCE loss:0.88715 * 1.0 * -0.49691
2023-04-30 12:50:34.755 | INFO     | utils.logging:log_training_results:309 - val LLLR :0.29557 * 0.0 * 3.10735
2023-04-30 12:50:34.755 | INFO     | utils.logging:log_training_results:317 - val weight decay:1463.23474 * 0.00030000000000000003 * -0.34432
2023-04-30 12:50:34.801 | INFO     | utils.checkpoint:update_and_save_result:168 - [36mBest value updated![0m
2023-04-30 12:50:34.824 | INFO     | utils.checkpoint:save_checkpoint:83 - [36mSaved checkpoint[0m at step 750.
2023-04-30 12:50:34.827 | INFO     | utils.checkpoint:keep_max_num_saved_models:101 - Removed the oldest model for max_to_keep=1
2023-04-30 12:50:35.639 | INFO     | utils.logging:save_sdre_imgs:710 - Figures saved.
2023-04-30 12:50:36.038 | INFO     | utils.logging:log_training_results:280 - 
2023-04-30 12:50:36.039 | INFO     | utils.logging:log_training_results:281 - Global Step =    750
2023-04-30 12:50:36.040 | INFO     | utils.logging:log_training_results:282 - train mean(MacRec)_t: 0.8753362894058228
2023-04-30 12:50:36.040 | INFO     | utils.logging:log_training_results:287 - train mean ABSerr: 1.0704609155654907
2023-04-30 12:50:36.040 | INFO     | utils.logging:log_training_results:290 - train ausat from confmx: 0.9738863706588745
2023-04-30 12:50:36.041 | INFO     | utils.logging:log_training_results:301 - train MCE loss:0.88848 * 1.0 * -0.49694
2023-04-30 12:50:36.041 | INFO     | utils.logging:log_training_results:309 - train LLLR :0.31254 * 0.0 * 3.10732
2023-04-30 12:50:36.041 | INFO     | utils.logging:log_training_results:317 - train weight decay:1463.23474 * 0.00030000000000000003 * -0.34435
2023-04-30 12:50:44.862 | INFO     | __main__:objective:356 - Starting epoch #2.
2023-04-30 12:51:25.485 | INFO     | utils.logging:log_training_results:280 - 
2023-04-30 12:51:25.486 | INFO     | utils.logging:log_training_results:281 - Global Step =   1000
2023-04-30 12:51:25.486 | INFO     | utils.logging:log_training_results:282 - val mean(MacRec)_t: 0.8751933574676514
2023-04-30 12:51:25.487 | INFO     | utils.logging:log_training_results:287 - val mean ABSerr: 0.2721196115016937
2023-04-30 12:51:25.487 | INFO     | utils.logging:log_training_results:290 - val ausat from confmx: 0.9780702590942383
2023-04-30 12:51:25.487 | INFO     | utils.logging:log_training_results:301 - val MCE loss:0.88636 * 1.0 * -0.50367
2023-04-30 12:51:25.488 | INFO     | utils.logging:log_training_results:309 - val LLLR :0.29565 * 0.0 * 3.09877
2023-04-30 12:51:25.488 | INFO     | utils.logging:log_training_results:317 - val weight decay:1402.08923 * 0.00030000000000000003 * -0.35043
2023-04-30 12:51:25.537 | INFO     | utils.checkpoint:update_and_save_result:168 - [36mBest value updated![0m
2023-04-30 12:51:25.557 | INFO     | utils.checkpoint:save_checkpoint:83 - [36mSaved checkpoint[0m at step 1000.
2023-04-30 12:51:25.560 | INFO     | utils.checkpoint:keep_max_num_saved_models:101 - Removed the oldest model for max_to_keep=1
2023-04-30 12:51:26.373 | INFO     | utils.logging:save_sdre_imgs:710 - Figures saved.
2023-04-30 12:51:26.776 | INFO     | utils.logging:log_training_results:280 - 
2023-04-30 12:51:26.777 | INFO     | utils.logging:log_training_results:281 - Global Step =   1000
2023-04-30 12:51:26.777 | INFO     | utils.logging:log_training_results:282 - train mean(MacRec)_t: 0.8335131406784058
2023-04-30 12:51:26.778 | INFO     | utils.logging:log_training_results:287 - train mean ABSerr: 1.0716534852981567
2023-04-30 12:51:26.778 | INFO     | utils.logging:log_training_results:290 - train ausat from confmx: 0.9692903161048889
2023-04-30 12:51:26.778 | INFO     | utils.logging:log_training_results:301 - train MCE loss:0.87797 * 1.0 * -0.50370
2023-04-30 12:51:26.779 | INFO     | utils.logging:log_training_results:309 - train LLLR :0.43441 * 0.0 * 3.09874
2023-04-30 12:51:26.779 | INFO     | utils.logging:log_training_results:317 - train weight decay:1402.08923 * 0.00030000000000000003 * -0.35046
2023-04-30 12:52:05.597 | INFO     | __main__:objective:356 - Starting epoch #3.
2023-04-30 12:52:20.043 | INFO     | utils.logging:log_training_results:280 - 
2023-04-30 12:52:20.043 | INFO     | utils.logging:log_training_results:281 - Global Step =   1250
2023-04-30 12:52:20.044 | INFO     | utils.logging:log_training_results:282 - val mean(MacRec)_t: 0.8754366636276245
2023-04-30 12:52:20.044 | INFO     | utils.logging:log_training_results:287 - val mean ABSerr: 0.21405476331710815
2023-04-30 12:52:20.045 | INFO     | utils.logging:log_training_results:290 - val ausat from confmx: 0.9770309925079346
2023-04-30 12:52:20.045 | INFO     | utils.logging:log_training_results:301 - val MCE loss:0.88596 * 1.0 * -0.51040
2023-04-30 12:52:20.046 | INFO     | utils.logging:log_training_results:309 - val LLLR :0.29459 * 0.0 * 3.09019
2023-04-30 12:52:20.046 | INFO     | utils.logging:log_training_results:317 - val weight decay:1348.10571 * 0.00030000000000000003 * -0.35603
2023-04-30 12:52:20.099 | INFO     | utils.checkpoint:update_and_save_result:168 - [36mBest value updated![0m
2023-04-30 12:52:20.149 | INFO     | utils.checkpoint:save_checkpoint:83 - [36mSaved checkpoint[0m at step 1250.
2023-04-30 12:52:20.163 | INFO     | utils.checkpoint:keep_max_num_saved_models:101 - Removed the oldest model for max_to_keep=1
2023-04-30 12:52:21.073 | INFO     | utils.logging:save_sdre_imgs:710 - Figures saved.
2023-04-30 12:52:21.485 | INFO     | utils.logging:log_training_results:280 - 
2023-04-30 12:52:21.485 | INFO     | utils.logging:log_training_results:281 - Global Step =   1250
2023-04-30 12:52:21.485 | INFO     | utils.logging:log_training_results:282 - train mean(MacRec)_t: 0.8547263741493225
2023-04-30 12:52:21.486 | INFO     | utils.logging:log_training_results:287 - train mean ABSerr: 1.0249521732330322
2023-04-30 12:52:21.486 | INFO     | utils.logging:log_training_results:290 - train ausat from confmx: 0.9760135412216187
2023-04-30 12:52:21.487 | INFO     | utils.logging:log_training_results:301 - train MCE loss:0.88990 * 1.0 * -0.51043
2023-04-30 12:52:21.487 | INFO     | utils.logging:log_training_results:309 - train LLLR :0.39044 * 0.0 * 3.09015
2023-04-30 12:52:21.488 | INFO     | utils.logging:log_training_results:317 - train weight decay:1348.10571 * 0.00030000000000000003 * -0.35605
2023-04-30 12:53:12.118 | INFO     | utils.logging:log_training_results:280 - 
2023-04-30 12:53:12.119 | INFO     | utils.logging:log_training_results:281 - Global Step =   1500
2023-04-30 12:53:12.119 | INFO     | utils.logging:log_training_results:282 - val mean(MacRec)_t: 0.875666618347168
2023-04-30 12:53:12.120 | INFO     | utils.logging:log_training_results:287 - val mean ABSerr: 0.19573727250099182
2023-04-30 12:53:12.120 | INFO     | utils.logging:log_training_results:290 - val ausat from confmx: 0.9773308038711548
2023-04-30 12:53:12.121 | INFO     | utils.logging:log_training_results:301 - val MCE loss:0.88561 * 1.0 * -0.51705
2023-04-30 12:53:12.121 | INFO     | utils.logging:log_training_results:309 - val LLLR :0.29411 * 0.0 * 3.08160
2023-04-30 12:53:12.122 | INFO     | utils.logging:log_training_results:317 - val weight decay:1299.72058 * 0.00030000000000000003 * -0.36114
2023-04-30 12:53:12.172 | INFO     | utils.checkpoint:update_and_save_result:168 - [36mBest value updated![0m
2023-04-30 12:53:12.195 | INFO     | utils.checkpoint:save_checkpoint:83 - [36mSaved checkpoint[0m at step 1500.
2023-04-30 12:53:12.198 | INFO     | utils.checkpoint:keep_max_num_saved_models:101 - Removed the oldest model for max_to_keep=1
2023-04-30 12:53:13.006 | INFO     | utils.logging:save_sdre_imgs:710 - Figures saved.
2023-04-30 12:53:13.420 | INFO     | utils.logging:log_training_results:280 - 
2023-04-30 12:53:13.421 | INFO     | utils.logging:log_training_results:281 - Global Step =   1500
2023-04-30 12:53:13.421 | INFO     | utils.logging:log_training_results:282 - train mean(MacRec)_t: 0.8776773810386658
2023-04-30 12:53:13.422 | INFO     | utils.logging:log_training_results:287 - train mean ABSerr: 1.032665729522705
2023-04-30 12:53:13.422 | INFO     | utils.logging:log_training_results:290 - train ausat from confmx: 0.9788476824760437
2023-04-30 12:53:13.423 | INFO     | utils.logging:log_training_results:301 - train MCE loss:0.89364 * 1.0 * -0.51708
2023-04-30 12:53:13.423 | INFO     | utils.logging:log_training_results:309 - train LLLR :0.31925 * 0.0 * 3.08157
2023-04-30 12:53:13.424 | INFO     | utils.logging:log_training_results:317 - train weight decay:1299.72046 * 0.00030000000000000003 * -0.36116
2023-04-30 12:53:31.556 | INFO     | __main__:objective:356 - Starting epoch #4.
2023-04-30 12:54:04.141 | INFO     | utils.logging:log_training_results:280 - 
2023-04-30 12:54:04.142 | INFO     | utils.logging:log_training_results:281 - Global Step =   1750
2023-04-30 12:54:04.142 | INFO     | utils.logging:log_training_results:282 - val mean(MacRec)_t: 0.8759199976921082
2023-04-30 12:54:04.143 | INFO     | utils.logging:log_training_results:287 - val mean ABSerr: 0.18399585783481598
2023-04-30 12:54:04.143 | INFO     | utils.logging:log_training_results:290 - val ausat from confmx: 0.978221595287323
2023-04-30 12:54:04.145 | INFO     | utils.logging:log_training_results:301 - val MCE loss:0.88540 * 1.0 * -0.52362
2023-04-30 12:54:04.146 | INFO     | utils.logging:log_training_results:309 - val LLLR :0.29377 * 0.0 * 3.07302
2023-04-30 12:54:04.146 | INFO     | utils.logging:log_training_results:317 - val weight decay:1255.94067 * 0.00030000000000000003 * -0.36581
2023-04-30 12:54:04.198 | INFO     | utils.checkpoint:update_and_save_result:168 - [36mBest value updated![0m
2023-04-30 12:54:04.218 | INFO     | utils.checkpoint:save_checkpoint:83 - [36mSaved checkpoint[0m at step 1750.
2023-04-30 12:54:04.221 | INFO     | utils.checkpoint:keep_max_num_saved_models:101 - Removed the oldest model for max_to_keep=1
2023-04-30 12:54:05.245 | INFO     | utils.logging:save_sdre_imgs:710 - Figures saved.
2023-04-30 12:54:05.655 | INFO     | utils.logging:log_training_results:280 - 
2023-04-30 12:54:05.656 | INFO     | utils.logging:log_training_results:281 - Global Step =   1750
2023-04-30 12:54:05.656 | INFO     | utils.logging:log_training_results:282 - train mean(MacRec)_t: 0.8499006628990173
2023-04-30 12:54:05.657 | INFO     | utils.logging:log_training_results:287 - train mean ABSerr: 0.9255015850067139
2023-04-30 12:54:05.657 | INFO     | utils.logging:log_training_results:290 - train ausat from confmx: 0.9540265202522278
2023-04-30 12:54:05.657 | INFO     | utils.logging:log_training_results:301 - train MCE loss:0.88460 * 1.0 * -0.52365
2023-04-30 12:54:05.658 | INFO     | utils.logging:log_training_results:309 - train LLLR :0.33989 * 0.0 * 3.07299
2023-04-30 12:54:05.658 | INFO     | utils.logging:log_training_results:317 - train weight decay:1255.94055 * 0.00030000000000000003 * -0.36582
2023-04-30 12:54:52.397 | INFO     | __main__:objective:356 - Starting epoch #5.
2023-04-30 12:54:57.671 | INFO     | utils.logging:log_training_results:280 - 
2023-04-30 12:54:57.672 | INFO     | utils.logging:log_training_results:281 - Global Step =   2000
2023-04-30 12:54:57.672 | INFO     | utils.logging:log_training_results:282 - val mean(MacRec)_t: 0.8759599924087524
2023-04-30 12:54:57.673 | INFO     | utils.logging:log_training_results:287 - val mean ABSerr: 0.16475503146648407
2023-04-30 12:54:57.673 | INFO     | utils.logging:log_training_results:290 - val ausat from confmx: 0.9771437048912048
2023-04-30 12:54:57.674 | INFO     | utils.logging:log_training_results:301 - val MCE loss:0.88520 * 1.0 * -0.53011
2023-04-30 12:54:57.674 | INFO     | utils.logging:log_training_results:309 - val LLLR :0.29350 * 0.0 * 3.06444
2023-04-30 12:54:57.675 | INFO     | utils.logging:log_training_results:317 - val weight decay:1215.93054 * 0.00030000000000000003 * -0.37003
2023-04-30 12:54:57.746 | INFO     | utils.checkpoint:update_and_save_result:168 - [36mBest value updated![0m
2023-04-30 12:54:57.771 | INFO     | utils.checkpoint:save_checkpoint:83 - [36mSaved checkpoint[0m at step 2000.
2023-04-30 12:54:57.774 | INFO     | utils.checkpoint:keep_max_num_saved_models:101 - Removed the oldest model for max_to_keep=1
2023-04-30 12:54:58.619 | INFO     | utils.logging:save_sdre_imgs:710 - Figures saved.
2023-04-30 12:54:59.032 | INFO     | utils.logging:log_training_results:280 - 
2023-04-30 12:54:59.032 | INFO     | utils.logging:log_training_results:281 - Global Step =   2000
2023-04-30 12:54:59.033 | INFO     | utils.logging:log_training_results:282 - train mean(MacRec)_t: 0.868069589138031
2023-04-30 12:54:59.033 | INFO     | utils.logging:log_training_results:287 - train mean ABSerr: 0.9731684923171997
2023-04-30 12:54:59.033 | INFO     | utils.logging:log_training_results:290 - train ausat from confmx: 0.9654058218002319
2023-04-30 12:54:59.034 | INFO     | utils.logging:log_training_results:301 - train MCE loss:0.89403 * 1.0 * -0.53014
2023-04-30 12:54:59.034 | INFO     | utils.logging:log_training_results:309 - train LLLR :0.33373 * 0.0 * 3.06440
2023-04-30 12:54:59.035 | INFO     | utils.logging:log_training_results:317 - train weight decay:1215.93042 * 0.00030000000000000003 * -0.37004
2023-04-30 12:55:50.066 | INFO     | utils.logging:log_training_results:280 - 
2023-04-30 12:55:50.067 | INFO     | utils.logging:log_training_results:281 - Global Step =   2250
2023-04-30 12:55:50.067 | INFO     | utils.logging:log_training_results:282 - val mean(MacRec)_t: 0.8760100603103638
2023-04-30 12:55:50.068 | INFO     | utils.logging:log_training_results:287 - val mean ABSerr: 0.20874792337417603
2023-04-30 12:55:50.068 | INFO     | utils.logging:log_training_results:290 - val ausat from confmx: 0.9778945446014404
2023-04-30 12:55:50.069 | INFO     | utils.logging:log_training_results:301 - val MCE loss:0.88520 * 1.0 * -0.53649
2023-04-30 12:55:50.069 | INFO     | utils.logging:log_training_results:309 - val LLLR :0.29392 * 0.0 * 3.05585
2023-04-30 12:55:50.069 | INFO     | utils.logging:log_training_results:317 - val weight decay:1179.21533 * 0.00030000000000000003 * -0.37381
2023-04-30 12:55:50.116 | INFO     | utils.checkpoint:update_and_save_result:168 - [36mBest value updated![0m
2023-04-30 12:55:50.137 | INFO     | utils.checkpoint:save_checkpoint:83 - [36mSaved checkpoint[0m at step 2250.
2023-04-30 12:55:50.140 | INFO     | utils.checkpoint:keep_max_num_saved_models:101 - Removed the oldest model for max_to_keep=1
2023-04-30 12:55:50.943 | INFO     | utils.logging:save_sdre_imgs:710 - Figures saved.
2023-04-30 12:55:51.346 | INFO     | utils.logging:log_training_results:280 - 
2023-04-30 12:55:51.347 | INFO     | utils.logging:log_training_results:281 - Global Step =   2250
2023-04-30 12:55:51.347 | INFO     | utils.logging:log_training_results:282 - train mean(MacRec)_t: 0.8667587637901306
2023-04-30 12:55:51.347 | INFO     | utils.logging:log_training_results:287 - train mean ABSerr: 0.9235730171203613
2023-04-30 12:55:51.348 | INFO     | utils.logging:log_training_results:290 - train ausat from confmx: 0.9797957539558411
2023-04-30 12:55:51.348 | INFO     | utils.logging:log_training_results:301 - train MCE loss:0.88349 * 1.0 * -0.53651
2023-04-30 12:55:51.349 | INFO     | utils.logging:log_training_results:309 - train LLLR :0.34187 * 0.0 * 3.05582
2023-04-30 12:55:51.349 | INFO     | utils.logging:log_training_results:317 - train weight decay:1179.21533 * 0.00030000000000000003 * -0.37382
2023-04-30 12:56:18.883 | INFO     | __main__:objective:356 - Starting epoch #6.
2023-04-30 12:56:42.588 | INFO     | utils.logging:log_training_results:280 - 
2023-04-30 12:56:42.589 | INFO     | utils.logging:log_training_results:281 - Global Step =   2500
2023-04-30 12:56:42.589 | INFO     | utils.logging:log_training_results:282 - val mean(MacRec)_t: 0.8759866952896118
2023-04-30 12:56:42.590 | INFO     | utils.logging:log_training_results:287 - val mean ABSerr: 0.17760756611824036
2023-04-30 12:56:42.590 | INFO     | utils.logging:log_training_results:290 - val ausat from confmx: 0.9777559638023376
2023-04-30 12:56:42.591 | INFO     | utils.logging:log_training_results:301 - val MCE loss:0.88517 * 1.0 * -0.54275
2023-04-30 12:56:42.591 | INFO     | utils.logging:log_training_results:309 - val LLLR :0.29362 * 0.0 * 3.04727
2023-04-30 12:56:42.592 | INFO     | utils.logging:log_training_results:317 - val weight decay:1145.39734 * 0.00030000000000000003 * -0.37714
2023-04-30 12:56:43.444 | INFO     | utils.logging:save_sdre_imgs:710 - Figures saved.
2023-04-30 12:56:43.866 | INFO     | utils.logging:log_training_results:280 - 
2023-04-30 12:56:43.866 | INFO     | utils.logging:log_training_results:281 - Global Step =   2500
2023-04-30 12:56:43.867 | INFO     | utils.logging:log_training_results:282 - train mean(MacRec)_t: 0.8811613917350769
2023-04-30 12:56:43.867 | INFO     | utils.logging:log_training_results:287 - train mean ABSerr: 0.979759693145752
2023-04-30 12:56:43.868 | INFO     | utils.logging:log_training_results:290 - train ausat from confmx: 0.9796674847602844
2023-04-30 12:56:43.868 | INFO     | utils.logging:log_training_results:301 - train MCE loss:0.90089 * 1.0 * -0.54277
2023-04-30 12:56:43.868 | INFO     | utils.logging:log_training_results:309 - train LLLR :0.30988 * 0.0 * 3.04724
2023-04-30 12:56:43.869 | INFO     | utils.logging:log_training_results:317 - train weight decay:1145.39734 * 0.00030000000000000003 * -0.37715
2023-04-30 12:57:35.050 | INFO     | utils.logging:log_training_results:280 - 
2023-04-30 12:57:35.055 | INFO     | utils.logging:log_training_results:281 - Global Step =   2750
2023-04-30 12:57:35.056 | INFO     | utils.logging:log_training_results:282 - val mean(MacRec)_t: 0.8760733008384705
2023-04-30 12:57:35.056 | INFO     | utils.logging:log_training_results:287 - val mean ABSerr: 0.15233753621578217
2023-04-30 12:57:35.056 | INFO     | utils.logging:log_training_results:290 - val ausat from confmx: 0.9779204726219177
2023-04-30 12:57:35.058 | INFO     | utils.logging:log_training_results:301 - val MCE loss:0.88499 * 1.0 * -0.54892
2023-04-30 12:57:35.058 | INFO     | utils.logging:log_training_results:309 - val LLLR :0.29359 * 0.0 * 3.03864
2023-04-30 12:57:35.059 | INFO     | utils.logging:log_training_results:317 - val weight decay:1114.16736 * 0.00030000000000000003 * -0.38001
2023-04-30 12:57:35.112 | INFO     | utils.checkpoint:update_and_save_result:168 - [36mBest value updated![0m
2023-04-30 12:57:35.137 | INFO     | utils.checkpoint:save_checkpoint:83 - [36mSaved checkpoint[0m at step 2750.
2023-04-30 12:57:35.139 | INFO     | utils.checkpoint:keep_max_num_saved_models:101 - Removed the oldest model for max_to_keep=1
2023-04-30 12:57:36.036 | INFO     | utils.logging:save_sdre_imgs:710 - Figures saved.
2023-04-30 12:57:36.470 | INFO     | utils.logging:log_training_results:280 - 
2023-04-30 12:57:36.471 | INFO     | utils.logging:log_training_results:281 - Global Step =   2750
2023-04-30 12:57:36.472 | INFO     | utils.logging:log_training_results:282 - train mean(MacRec)_t: 0.857542872428894
2023-04-30 12:57:36.472 | INFO     | utils.logging:log_training_results:287 - train mean ABSerr: 0.8787961602210999
2023-04-30 12:57:36.473 | INFO     | utils.logging:log_training_results:290 - train ausat from confmx: 0.9608170390129089
2023-04-30 12:57:36.473 | INFO     | utils.logging:log_training_results:301 - train MCE loss:0.89733 * 1.0 * -0.54894
2023-04-30 12:57:36.475 | INFO     | utils.logging:log_training_results:309 - train LLLR :0.35486 * 0.0 * 3.03861
2023-04-30 12:57:36.476 | INFO     | utils.logging:log_training_results:317 - train weight decay:1114.16736 * 0.00030000000000000003 * -0.38002
2023-04-30 12:57:45.870 | INFO     | __main__:objective:356 - Starting epoch #7.
2023-04-30 12:58:27.616 | INFO     | utils.logging:log_training_results:280 - 
2023-04-30 12:58:27.617 | INFO     | utils.logging:log_training_results:281 - Global Step =   3000
2023-04-30 12:58:27.617 | INFO     | utils.logging:log_training_results:282 - val mean(MacRec)_t: 0.876153290271759
2023-04-30 12:58:27.618 | INFO     | utils.logging:log_training_results:287 - val mean ABSerr: 0.1368640512228012
2023-04-30 12:58:27.618 | INFO     | utils.logging:log_training_results:290 - val ausat from confmx: 0.9775198101997375
2023-04-30 12:58:27.618 | INFO     | utils.logging:log_training_results:301 - val MCE loss:0.88496 * 1.0 * -0.55502
2023-04-30 12:58:27.619 | INFO     | utils.logging:log_training_results:309 - val LLLR :0.29303 * 0.0 * 3.03000
2023-04-30 12:58:27.619 | INFO     | utils.logging:log_training_results:317 - val weight decay:1085.00745 * 0.00030000000000000003 * -0.38239
2023-04-30 12:58:27.671 | INFO     | utils.checkpoint:update_and_save_result:168 - [36mBest value updated![0m
2023-04-30 12:58:27.699 | INFO     | utils.checkpoint:save_checkpoint:83 - [36mSaved checkpoint[0m at step 3000.
2023-04-30 12:58:27.702 | INFO     | utils.checkpoint:keep_max_num_saved_models:101 - Removed the oldest model for max_to_keep=1
2023-04-30 12:58:28.571 | INFO     | utils.logging:save_sdre_imgs:710 - Figures saved.
2023-04-30 12:58:28.984 | INFO     | utils.logging:log_training_results:280 - 
2023-04-30 12:58:28.985 | INFO     | utils.logging:log_training_results:281 - Global Step =   3000
2023-04-30 12:58:28.985 | INFO     | utils.logging:log_training_results:282 - train mean(MacRec)_t: 0.8545244932174683
2023-04-30 12:58:28.986 | INFO     | utils.logging:log_training_results:287 - train mean ABSerr: 0.8665180206298828
2023-04-30 12:58:28.986 | INFO     | utils.logging:log_training_results:290 - train ausat from confmx: 0.9654431343078613
2023-04-30 12:58:28.986 | INFO     | utils.logging:log_training_results:301 - train MCE loss:0.91091 * 1.0 * -0.55504
2023-04-30 12:58:28.987 | INFO     | utils.logging:log_training_results:309 - train LLLR :0.35270 * 0.0 * 3.02996
2023-04-30 12:58:28.987 | INFO     | utils.logging:log_training_results:317 - train weight decay:1085.00745 * 0.00030000000000000003 * -0.38240
2023-04-30 12:59:05.291 | INFO     | __main__:objective:356 - Starting epoch #8.
2023-04-30 12:59:19.185 | INFO     | utils.logging:log_training_results:280 - 
2023-04-30 12:59:19.185 | INFO     | utils.logging:log_training_results:281 - Global Step =   3250
2023-04-30 12:59:19.186 | INFO     | utils.logging:log_training_results:282 - val mean(MacRec)_t: 0.875896692276001
2023-04-30 12:59:19.186 | INFO     | utils.logging:log_training_results:287 - val mean ABSerr: 0.16826081275939941
2023-04-30 12:59:19.187 | INFO     | utils.logging:log_training_results:290 - val ausat from confmx: 0.9776226878166199
2023-04-30 12:59:19.187 | INFO     | utils.logging:log_training_results:301 - val MCE loss:0.88496 * 1.0 * -0.56097
2023-04-30 12:59:19.187 | INFO     | utils.logging:log_training_results:309 - val LLLR :0.29347 * 0.0 * 3.02136
2023-04-30 12:59:19.188 | INFO     | utils.logging:log_training_results:317 - val weight decay:1057.89441 * 0.00030000000000000003 * -0.38425
2023-04-30 12:59:20.017 | INFO     | utils.logging:save_sdre_imgs:710 - Figures saved.
2023-04-30 12:59:20.428 | INFO     | utils.logging:log_training_results:280 - 
2023-04-30 12:59:20.429 | INFO     | utils.logging:log_training_results:281 - Global Step =   3250
2023-04-30 12:59:20.430 | INFO     | utils.logging:log_training_results:282 - train mean(MacRec)_t: 0.8591728210449219
2023-04-30 12:59:20.430 | INFO     | utils.logging:log_training_results:287 - train mean ABSerr: 0.935764729976654
2023-04-30 12:59:20.430 | INFO     | utils.logging:log_training_results:290 - train ausat from confmx: 0.9465898275375366
2023-04-30 12:59:20.431 | INFO     | utils.logging:log_training_results:301 - train MCE loss:0.88455 * 1.0 * -0.56100
2023-04-30 12:59:20.432 | INFO     | utils.logging:log_training_results:309 - train LLLR :0.34666 * 0.0 * 3.02132
2023-04-30 12:59:20.432 | INFO     | utils.logging:log_training_results:317 - train weight decay:1057.89441 * 0.00030000000000000003 * -0.38426
2023-04-30 13:00:10.107 | INFO     | utils.logging:log_training_results:280 - 
2023-04-30 13:00:10.108 | INFO     | utils.logging:log_training_results:281 - Global Step =   3500
2023-04-30 13:00:10.108 | INFO     | utils.logging:log_training_results:282 - val mean(MacRec)_t: 0.8761700391769409
2023-04-30 13:00:10.109 | INFO     | utils.logging:log_training_results:287 - val mean ABSerr: 0.13215811550617218
2023-04-30 13:00:10.109 | INFO     | utils.logging:log_training_results:290 - val ausat from confmx: 0.9772117137908936
2023-04-30 13:00:10.110 | INFO     | utils.logging:log_training_results:301 - val MCE loss:0.88485 * 1.0 * -0.56686
2023-04-30 13:00:10.110 | INFO     | utils.logging:log_training_results:309 - val LLLR :0.29304 * 0.0 * 3.01271
2023-04-30 13:00:10.110 | INFO     | utils.logging:log_training_results:317 - val weight decay:1032.35681 * 0.00030000000000000003 * -0.38556
2023-04-30 13:00:10.158 | INFO     | utils.checkpoint:update_and_save_result:168 - [36mBest value updated![0m
2023-04-30 13:00:10.179 | INFO     | utils.checkpoint:save_checkpoint:83 - [36mSaved checkpoint[0m at step 3500.
2023-04-30 13:00:10.182 | INFO     | utils.checkpoint:keep_max_num_saved_models:101 - Removed the oldest model for max_to_keep=1
2023-04-30 13:00:11.221 | INFO     | utils.logging:save_sdre_imgs:710 - Figures saved.
2023-04-30 13:00:11.633 | INFO     | utils.logging:log_training_results:280 - 
2023-04-30 13:00:11.633 | INFO     | utils.logging:log_training_results:281 - Global Step =   3500
2023-04-30 13:00:11.634 | INFO     | utils.logging:log_training_results:282 - train mean(MacRec)_t: 0.8543645143508911
2023-04-30 13:00:11.634 | INFO     | utils.logging:log_training_results:287 - train mean ABSerr: 0.9440761804580688
2023-04-30 13:00:11.634 | INFO     | utils.logging:log_training_results:290 - train ausat from confmx: 0.951919436454773
2023-04-30 13:00:11.635 | INFO     | utils.logging:log_training_results:301 - train MCE loss:0.87803 * 1.0 * -0.56688
2023-04-30 13:00:11.635 | INFO     | utils.logging:log_training_results:309 - train LLLR :0.37761 * 0.0 * 3.01268
2023-04-30 13:00:11.636 | INFO     | utils.logging:log_training_results:317 - train weight decay:1032.35681 * 0.00030000000000000003 * -0.38556
2023-04-30 13:00:29.721 | INFO     | __main__:objective:356 - Starting epoch #9.
2023-04-30 13:01:04.035 | INFO     | utils.logging:log_training_results:280 - 
2023-04-30 13:01:04.037 | INFO     | utils.logging:log_training_results:281 - Global Step =   3750
2023-04-30 13:01:04.038 | INFO     | utils.logging:log_training_results:282 - val mean(MacRec)_t: 0.875736653804779
2023-04-30 13:01:04.038 | INFO     | utils.logging:log_training_results:287 - val mean ABSerr: 0.15702277421951294
2023-04-30 13:01:04.038 | INFO     | utils.logging:log_training_results:290 - val ausat from confmx: 0.9775618314743042
2023-04-30 13:01:04.039 | INFO     | utils.logging:log_training_results:301 - val MCE loss:0.88482 * 1.0 * -0.57264
2023-04-30 13:01:04.039 | INFO     | utils.logging:log_training_results:309 - val LLLR :0.29383 * 0.0 * 3.00407
2023-04-30 13:01:04.040 | INFO     | utils.logging:log_training_results:317 - val weight decay:1008.31232 * 0.00030000000000000003 * -0.38626
2023-04-30 13:01:04.963 | INFO     | utils.logging:save_sdre_imgs:710 - Figures saved.
2023-04-30 13:01:05.368 | INFO     | utils.logging:log_training_results:280 - 
2023-04-30 13:01:05.369 | INFO     | utils.logging:log_training_results:281 - Global Step =   3750
2023-04-30 13:01:05.369 | INFO     | utils.logging:log_training_results:282 - train mean(MacRec)_t: 0.8550699353218079
2023-04-30 13:01:05.370 | INFO     | utils.logging:log_training_results:287 - train mean ABSerr: 0.8539172410964966
2023-04-30 13:01:05.370 | INFO     | utils.logging:log_training_results:290 - train ausat from confmx: 0.9707287549972534
2023-04-30 13:01:05.371 | INFO     | utils.logging:log_training_results:301 - train MCE loss:0.88337 * 1.0 * -0.57266
2023-04-30 13:01:05.371 | INFO     | utils.logging:log_training_results:309 - train LLLR :0.32677 * 0.0 * 3.00404
2023-04-30 13:01:05.371 | INFO     | utils.logging:log_training_results:317 - train weight decay:1008.31232 * 0.00030000000000000003 * -0.38626
2023-04-30 13:01:49.605 | INFO     | utils.logging:investigate_log:155 - num_warning=0/num_error=0 in the .log file.
2023-04-30 13:01:49.784 | INFO     | optuna.study.study:_log_completed_trial:1020 - Trial 15 finished with value: 0.12382996082305908 and parameters: {'LIST_IS_POSITIONAL_ENCODING': False, 'LIST_MODEL_BACKBONE': 'Transformer', 'LIST_WEIGHT_DECAY': 0.00030000000000000003, 'LIST_LEARNING_RATE': 3.418735769412404e-05, 'LIST_LLLR_VERSION': 'LSEL', 'LIST_ACTIVATION_FC': 'B2BsqrtV2', 'LIST_PARAM_MULTIPLET_LOSS': 1.0, 'LIST_PARAM_LLR_LOSS': 0.0, 'LIST_IS_ADAPTIVE_LOSS': True, 'LIST_ORDER_SPRT': 4, 'LIST_OPTIMIZER': 'adam', 'LIST_IS_NORMALIZE': False, 'LIST_NUM_THRESH': 500, 'LIST_SPARSITY': 'logspace', 'LIST_NUM_BLOCKS': 2, 'LIST_NUM_HEADS': 2, 'LIST_DROPOUT': 0.2, 'LIST_FF_DIM': 64, 'LIST_MLP_UNITS': 64}. Best is trial 14 with value: 0.12376999855041504.
2023-04-30 13:01:49.804 | INFO     | utils.hyperparameter_tuning:suggest_parameters:560 - [33mStarting a tuning phase.[0m
2023-04-30 13:01:50.342 | INFO     | utils.hyperparameter_tuning:print:394 - 
+------------------------------------------+
|   Hyperparameteres suggested by Optuna   |
+------------------------+-----------------+
|     Parameter name     | Suggested value |
+------------------------+-----------------+
|     ACTIVATION_FC      |    B2BsqrtV2    |
|        DROPOUT         |       0.2       |
|         FF_DIM         |        64       |
|    IS_ADAPTIVE_LOSS    |       True      |
|      IS_NORMALIZE      |      False      |
| IS_POSITIONAL_ENCODING |      False      |
|     LEARNING_RATE      |    3.2511e-05   |
|      LLLR_VERSION      |       LSEL      |
|       MLP_UNITS        |        64       |
|     MODEL_BACKBONE     |   Transformer   |
|       NUM_BLOCKS       |        2        |
|       NUM_HEADS        |        4        |
|       NUM_THRESH       |       500       |
|       OPTIMIZER        |       adam      |
|       ORDER_SPRT       |        4        |
|     PARAM_LLR_LOSS     |       0.0       |
|  PARAM_MULTIPLET_LOSS  |       1.0       |
|        SPARSITY        |     logspace    |
|      WEIGHT_DECAY      |      0.0004     |
+------------------------+-----------------+
2023-04-30 13:01:50.343 | INFO     | utils.misc:create_directories_and_log:291 - [33mA new log directory was created: [0m/home/afe/Dropbox/GitHub/SPRT-TANDEM-PyTorch/logs/public_offset0_5_optimmacrec_tuning/checkpoints/Transformer_20230430_130150342/configs
2023-04-30 13:01:50.344 | INFO     | utils.misc:create_directories_and_log:291 - [33mA new log directory was created: [0m/home/afe/Dropbox/GitHub/SPRT-TANDEM-PyTorch/logs/public_offset0_5_optimmacrec_tuning/TensorBoard_events/Transformer_20230430_130150342
