2023-04-30 13:01:50.367 | INFO     | utils.misc:fix_random_seed:405 - Random seed is not fixed.
2023-04-30 13:01:50.396 | INFO     | models.temporal_integrators:summarize:568 - 
:'######::'########::'########::'########::::::::::::::::::::::
'##... ##: ##.... ##: ##.... ##:... ##..:::::::::::::::::::::::
 ##:::..:: ##:::: ##: ##:::: ##:::: ##:::::::::::::::::::::::::
. ######:: ########:: ########::::: ##::::'#######:::::::::::::
:..... ##: ##.....::: ##.. ##:::::: ##::::........:::::::::::::
'##::: ##: ##:::::::: ##::. ##::::: ##:::::::::::::::::::::::::
. ######:: ##:::::::: ##:::. ##:::: ##:::::::::::::::::::::::::
:......:::..:::::::::..:::::..:::::..::::::::::::::::::::::::::
'########::::'###::::'##::: ##:'########::'########:'##::::'##:
... ##..::::'## ##::: ###:: ##: ##.... ##: ##.....:: ###::'###:
::: ##:::::'##:. ##:: ####: ##: ##:::: ##: ##::::::: ####'####:
::: ##::::'##:::. ##: ## ## ##: ##:::: ##: ######::: ## ### ##:
::: ##:::: #########: ##. ####: ##:::: ##: ##...:::: ##. #: ##:
::: ##:::: ##.... ##: ##:. ###: ##:::: ##: ##::::::: ##:.:: ##:
::: ##:::: ##:::: ##: ##::. ##: ########:: ########: ##:::: ##:
:::..:::::..:::::..::..::::..::........:::........::..:::::..::

2023-04-30 13:01:50.398 | INFO     | models.temporal_integrators:summarize:571 - [34mofficial PyTorch implementation.[0m
2023-04-30 13:01:50.671 | INFO     | models.temporal_integrators:summarize:593 - Network summary:
===============================================================================================
Layer (type:depth-idx)                        Output Shape              Param #
===============================================================================================
TANDEMformer                                  [150, 50, 3, 3]           643
├─TransformerEncoder: 1-1                     [6900, 1, 128]            --
│    └─ModuleList: 2-5                        --                        (recursive)
│    │    └─TransformerEncoderLayer: 3-1      [6900, 1, 128]            83,136
│    │    └─TransformerEncoderLayer: 3-2      [6900, 1, 128]            83,136
├─Linear: 1-2                                 [6900, 64]                8,256
├─Dropout: 1-3                                [6900, 64]                --
├─TransformerEncoder: 1-4                     [6900, 2, 128]            (recursive)
│    └─ModuleList: 2-5                        --                        (recursive)
│    │    └─TransformerEncoderLayer: 3-3      [6900, 2, 128]            (recursive)
│    │    └─TransformerEncoderLayer: 3-4      [6900, 2, 128]            (recursive)
├─Linear: 1-5                                 [6900, 64]                (recursive)
├─Dropout: 1-6                                [6900, 64]                --
├─TransformerEncoder: 1-7                     [6900, 3, 128]            (recursive)
│    └─ModuleList: 2-5                        --                        (recursive)
│    │    └─TransformerEncoderLayer: 3-5      [6900, 3, 128]            (recursive)
│    │    └─TransformerEncoderLayer: 3-6      [6900, 3, 128]            (recursive)
├─Linear: 1-8                                 [6900, 64]                (recursive)
├─Dropout: 1-9                                [6900, 64]                --
├─TransformerEncoder: 1-10                    [6900, 4, 128]            (recursive)
│    └─ModuleList: 2-5                        --                        (recursive)
│    │    └─TransformerEncoderLayer: 3-7      [6900, 4, 128]            (recursive)
│    │    └─TransformerEncoderLayer: 3-8      [6900, 4, 128]            (recursive)
├─Linear: 1-11                                [6900, 64]                (recursive)
├─Dropout: 1-12                               [6900, 64]                --
├─TransformerEncoder: 1-13                    [6900, 5, 128]            (recursive)
│    └─ModuleList: 2-5                        --                        (recursive)
│    │    └─TransformerEncoderLayer: 3-9      [6900, 5, 128]            (recursive)
│    │    └─TransformerEncoderLayer: 3-10     [6900, 5, 128]            (recursive)
├─Linear: 1-14                                [6900, 64]                (recursive)
├─Dropout: 1-15                               [6900, 64]                --
├─Linear: 1-16                                [6900, 3]                 195
├─Linear: 1-17                                [6900, 3]                 (recursive)
├─Linear: 1-18                                [6900, 3]                 (recursive)
├─Linear: 1-19                                [6900, 3]                 (recursive)
├─Linear: 1-20                                [6900, 3]                 (recursive)
===============================================================================================
Total params: 175,366
Trainable params: 175,366
Non-trainable params: 0
Total mult-adds (G): 1.47
===============================================================================================
Input size (MB): 3.84
Forward/backward pass size (MB): 760.38
Params size (MB): 0.17
Estimated Total Size (MB): 764.39
===============================================================================================
2023-04-30 13:01:50.672 | INFO     | models.temporal_integrators:summarize:594 - Example input shape: torch.Size([150, 50, 128])
2023-04-30 13:01:50.672 | INFO     | models.temporal_integrators:summarize:595 - Example output shape: torch.Size([150, 50, 3, 3])
2023-04-30 13:01:50.674 | INFO     | models.temporal_integrators:import_model:58 - model moved onto: [33mcuda.[0m
2023-04-30 13:01:50.675 | INFO     | models.optimizers:initialize_optimizer:44 - Optimizer:
AdamW (
Parameter Group 0
    amsgrad: False
    betas: (0.9, 0.999)
    capturable: False
    differentiable: False
    eps: 1e-08
    foreach: None
    fused: None
    lr: 3.251099680355604e-05
    maximize: False
    weight_decay: 0.0004
)
2023-04-30 13:01:50.675 | INFO     | datasets.data_processing:lmdb_dataloaders:293 - loading data... 
2023-04-30 13:01:50.676 | INFO     | datasets.data_processing:lmdb_dataloaders:295 - If this process takes long, consider setting is_load_onto_memory=False or use LMDBIterableDataset.
2023-04-30 13:01:54.013 | INFO     | __main__:objective:356 - Starting epoch #0.
2023-04-30 13:01:59.797 | INFO     | utils.logging:log_training_results:280 - 
2023-04-30 13:01:59.798 | INFO     | utils.logging:log_training_results:281 - Global Step =      0
2023-04-30 13:01:59.799 | INFO     | utils.logging:log_training_results:282 - val mean(MacRec)_t: 0.33131998777389526
2023-04-30 13:01:59.799 | INFO     | utils.logging:log_training_results:287 - val mean ABSerr: 3.5069503784179688
2023-04-30 13:01:59.799 | INFO     | utils.logging:log_training_results:290 - val ausat from confmx: 0.33152392506599426
2023-04-30 13:01:59.800 | INFO     | utils.logging:log_training_results:301 - val MCE loss:1.10381 * 1.0 * -0.50002
2023-04-30 13:01:59.801 | INFO     | utils.logging:log_training_results:309 - val LLLR :1.15380 * 0.0 * -0.76655
2023-04-30 13:01:59.801 | INFO     | utils.logging:log_training_results:317 - val weight decay:1767.27698 * 0.0004 * 0.95105
2023-04-30 13:02:00.778 | INFO     | utils.logging:save_sdre_imgs:710 - Figures saved.
2023-04-30 13:02:01.256 | INFO     | utils.logging:log_training_results:280 - 
2023-04-30 13:02:01.256 | INFO     | utils.logging:log_training_results:281 - Global Step =      0
2023-04-30 13:02:01.257 | INFO     | utils.logging:log_training_results:282 - train mean(MacRec)_t: 0.35788577795028687
2023-04-30 13:02:01.257 | INFO     | utils.logging:log_training_results:287 - train mean ABSerr: 3.573077917098999
2023-04-30 13:02:01.257 | INFO     | utils.logging:log_training_results:290 - train ausat from confmx: 0.3006591498851776
2023-04-30 13:02:01.258 | INFO     | utils.logging:log_training_results:301 - train MCE loss:1.10363 * 1.0 * -0.50005
2023-04-30 13:02:01.258 | INFO     | utils.logging:log_training_results:309 - train LLLR :1.27178 * 0.0 * -0.76651
2023-04-30 13:02:01.259 | INFO     | utils.logging:log_training_results:317 - train weight decay:1767.27686 * 0.0004 * 0.95102
2023-04-30 13:02:54.543 | INFO     | utils.logging:log_training_results:280 - 
2023-04-30 13:02:54.543 | INFO     | utils.logging:log_training_results:281 - Global Step =    250
2023-04-30 13:02:54.544 | INFO     | utils.logging:log_training_results:282 - val mean(MacRec)_t: 0.811406672000885
2023-04-30 13:02:54.544 | INFO     | utils.logging:log_training_results:287 - val mean ABSerr: 2.3846566677093506
2023-04-30 13:02:54.545 | INFO     | utils.logging:log_training_results:290 - val ausat from confmx: 0.9396755695343018
2023-04-30 13:02:54.545 | INFO     | utils.logging:log_training_results:301 - val MCE loss:0.99270 * 1.0 * -0.50773
2023-04-30 13:02:54.546 | INFO     | utils.logging:log_training_results:309 - val LLLR :0.49266 * 0.0 * -0.75840
2023-04-30 13:02:54.546 | INFO     | utils.logging:log_training_results:317 - val weight decay:1704.93982 * 0.0004 * 0.94289
2023-04-30 13:02:54.595 | INFO     | utils.checkpoint:update_and_save_result:168 - [36mBest value updated![0m
2023-04-30 13:02:54.619 | INFO     | utils.checkpoint:save_checkpoint:83 - [36mSaved checkpoint[0m at step 250.
2023-04-30 13:02:55.417 | INFO     | utils.logging:save_sdre_imgs:710 - Figures saved.
2023-04-30 13:02:55.860 | INFO     | utils.logging:log_training_results:280 - 
2023-04-30 13:02:55.860 | INFO     | utils.logging:log_training_results:281 - Global Step =    250
2023-04-30 13:02:55.861 | INFO     | utils.logging:log_training_results:282 - train mean(MacRec)_t: 0.7542205452919006
2023-04-30 13:02:55.861 | INFO     | utils.logging:log_training_results:287 - train mean ABSerr: 2.6397597789764404
2023-04-30 13:02:55.861 | INFO     | utils.logging:log_training_results:290 - train ausat from confmx: 0.8841187953948975
2023-04-30 13:02:55.862 | INFO     | utils.logging:log_training_results:301 - train MCE loss:0.99049 * 1.0 * -0.50776
2023-04-30 13:02:55.862 | INFO     | utils.logging:log_training_results:309 - train LLLR :0.55951 * 0.0 * -0.75837
2023-04-30 13:02:55.862 | INFO     | utils.logging:log_training_results:317 - train weight decay:1704.93970 * 0.0004 * 0.94285
2023-04-30 13:03:24.853 | INFO     | __main__:objective:356 - Starting epoch #1.
2023-04-30 13:03:55.090 | INFO     | utils.logging:log_training_results:280 - 
2023-04-30 13:03:55.093 | INFO     | utils.logging:log_training_results:281 - Global Step =    500
2023-04-30 13:03:55.094 | INFO     | utils.logging:log_training_results:282 - val mean(MacRec)_t: 0.8738833665847778
2023-04-30 13:03:55.094 | INFO     | utils.logging:log_training_results:287 - val mean ABSerr: 0.37048426270484924
2023-04-30 13:03:55.095 | INFO     | utils.logging:log_training_results:290 - val ausat from confmx: 0.975928783416748
2023-04-30 13:03:55.096 | INFO     | utils.logging:log_training_results:301 - val MCE loss:0.89078 * 1.0 * -0.51410
2023-04-30 13:03:55.097 | INFO     | utils.logging:log_training_results:309 - val LLLR :0.29958 * 0.0 * -0.75021
2023-04-30 13:03:55.097 | INFO     | utils.logging:log_training_results:317 - val weight decay:1667.42249 * 0.0004 * 0.93468
2023-04-30 13:03:55.151 | INFO     | utils.checkpoint:update_and_save_result:168 - [36mBest value updated![0m
2023-04-30 13:03:55.179 | INFO     | utils.checkpoint:save_checkpoint:83 - [36mSaved checkpoint[0m at step 500.
2023-04-30 13:03:55.183 | INFO     | utils.checkpoint:keep_max_num_saved_models:101 - Removed the oldest model for max_to_keep=1
2023-04-30 13:03:56.066 | INFO     | utils.logging:save_sdre_imgs:710 - Figures saved.
2023-04-30 13:03:56.513 | INFO     | utils.logging:log_training_results:280 - 
2023-04-30 13:03:56.514 | INFO     | utils.logging:log_training_results:281 - Global Step =    500
2023-04-30 13:03:56.514 | INFO     | utils.logging:log_training_results:282 - train mean(MacRec)_t: 0.8370896577835083
2023-04-30 13:03:56.515 | INFO     | utils.logging:log_training_results:287 - train mean ABSerr: 1.1284650564193726
2023-04-30 13:03:56.515 | INFO     | utils.logging:log_training_results:290 - train ausat from confmx: 0.9625611901283264
2023-04-30 13:03:56.516 | INFO     | utils.logging:log_training_results:301 - train MCE loss:0.90692 * 1.0 * -0.51413
2023-04-30 13:03:56.516 | INFO     | utils.logging:log_training_results:309 - train LLLR :0.39340 * 0.0 * -0.75018
2023-04-30 13:03:56.516 | INFO     | utils.logging:log_training_results:317 - train weight decay:1667.42249 * 0.0004 * 0.93464
2023-04-30 13:04:49.309 | INFO     | utils.logging:log_training_results:280 - 
2023-04-30 13:04:49.309 | INFO     | utils.logging:log_training_results:281 - Global Step =    750
2023-04-30 13:04:49.310 | INFO     | utils.logging:log_training_results:282 - val mean(MacRec)_t: 0.8750733733177185
2023-04-30 13:04:49.310 | INFO     | utils.logging:log_training_results:287 - val mean ABSerr: 0.3985131084918976
2023-04-30 13:04:49.310 | INFO     | utils.logging:log_training_results:290 - val ausat from confmx: 0.9756402969360352
2023-04-30 13:04:49.311 | INFO     | utils.logging:log_training_results:301 - val MCE loss:0.88823 * 1.0 * -0.52033
2023-04-30 13:04:49.311 | INFO     | utils.logging:log_training_results:309 - val LLLR :0.29771 * 0.0 * -0.74199
2023-04-30 13:04:49.312 | INFO     | utils.logging:log_training_results:317 - val weight decay:1631.78003 * 0.0004 * 0.92644
2023-04-30 13:04:49.373 | INFO     | utils.checkpoint:update_and_save_result:168 - [36mBest value updated![0m
2023-04-30 13:04:49.396 | INFO     | utils.checkpoint:save_checkpoint:83 - [36mSaved checkpoint[0m at step 750.
2023-04-30 13:04:49.399 | INFO     | utils.checkpoint:keep_max_num_saved_models:101 - Removed the oldest model for max_to_keep=1
2023-04-30 13:04:50.255 | INFO     | utils.logging:save_sdre_imgs:710 - Figures saved.
2023-04-30 13:04:50.691 | INFO     | utils.logging:log_training_results:280 - 
2023-04-30 13:04:50.691 | INFO     | utils.logging:log_training_results:281 - Global Step =    750
2023-04-30 13:04:50.692 | INFO     | utils.logging:log_training_results:282 - train mean(MacRec)_t: 0.8298157453536987
2023-04-30 13:04:50.692 | INFO     | utils.logging:log_training_results:287 - train mean ABSerr: 1.2116822004318237
2023-04-30 13:04:50.692 | INFO     | utils.logging:log_training_results:290 - train ausat from confmx: 0.9566332697868347
2023-04-30 13:04:50.693 | INFO     | utils.logging:log_training_results:301 - train MCE loss:0.90311 * 1.0 * -0.52036
2023-04-30 13:04:50.693 | INFO     | utils.logging:log_training_results:309 - train LLLR :0.40878 * 0.0 * -0.74196
2023-04-30 13:04:50.694 | INFO     | utils.logging:log_training_results:317 - train weight decay:1631.78003 * 0.0004 * 0.92641
2023-04-30 13:05:00.241 | INFO     | __main__:objective:356 - Starting epoch #2.
2023-04-30 13:05:43.479 | INFO     | utils.logging:log_training_results:280 - 
2023-04-30 13:05:43.480 | INFO     | utils.logging:log_training_results:281 - Global Step =   1000
2023-04-30 13:05:43.480 | INFO     | utils.logging:log_training_results:282 - val mean(MacRec)_t: 0.8754033446311951
2023-04-30 13:05:43.480 | INFO     | utils.logging:log_training_results:287 - val mean ABSerr: 0.41787415742874146
2023-04-30 13:05:43.481 | INFO     | utils.logging:log_training_results:290 - val ausat from confmx: 0.9760787487030029
2023-04-30 13:05:43.481 | INFO     | utils.logging:log_training_results:301 - val MCE loss:0.88762 * 1.0 * -0.52668
2023-04-30 13:05:43.482 | INFO     | utils.logging:log_training_results:309 - val LLLR :0.29709 * 0.0 * -0.73373
2023-04-30 13:05:43.482 | INFO     | utils.logging:log_training_results:317 - val weight decay:1598.70544 * 0.0004 * 0.91817
2023-04-30 13:05:43.542 | INFO     | utils.checkpoint:update_and_save_result:168 - [36mBest value updated![0m
2023-04-30 13:05:43.562 | INFO     | utils.checkpoint:save_checkpoint:83 - [36mSaved checkpoint[0m at step 1000.
2023-04-30 13:05:43.566 | INFO     | utils.checkpoint:keep_max_num_saved_models:101 - Removed the oldest model for max_to_keep=1
2023-04-30 13:05:44.589 | INFO     | utils.logging:save_sdre_imgs:710 - Figures saved.
2023-04-30 13:05:45.011 | INFO     | utils.logging:log_training_results:280 - 
2023-04-30 13:05:45.012 | INFO     | utils.logging:log_training_results:281 - Global Step =   1000
2023-04-30 13:05:45.012 | INFO     | utils.logging:log_training_results:282 - train mean(MacRec)_t: 0.8418930768966675
2023-04-30 13:05:45.012 | INFO     | utils.logging:log_training_results:287 - train mean ABSerr: 1.1418883800506592
2023-04-30 13:05:45.013 | INFO     | utils.logging:log_training_results:290 - train ausat from confmx: 0.9631500840187073
2023-04-30 13:05:45.013 | INFO     | utils.logging:log_training_results:301 - train MCE loss:0.89514 * 1.0 * -0.52670
2023-04-30 13:05:45.013 | INFO     | utils.logging:log_training_results:309 - train LLLR :0.36332 * 0.0 * -0.73370
2023-04-30 13:05:45.014 | INFO     | utils.logging:log_training_results:317 - train weight decay:1598.70544 * 0.0004 * 0.91814
2023-04-30 13:06:24.359 | INFO     | __main__:objective:356 - Starting epoch #3.
2023-04-30 13:06:42.392 | INFO     | utils.logging:log_training_results:280 - 
2023-04-30 13:06:42.394 | INFO     | utils.logging:log_training_results:281 - Global Step =   1250
2023-04-30 13:06:42.394 | INFO     | utils.logging:log_training_results:282 - val mean(MacRec)_t: 0.8760532736778259
2023-04-30 13:06:42.395 | INFO     | utils.logging:log_training_results:287 - val mean ABSerr: 0.3733576834201813
2023-04-30 13:06:42.395 | INFO     | utils.logging:log_training_results:290 - val ausat from confmx: 0.9767911434173584
2023-04-30 13:06:42.396 | INFO     | utils.logging:log_training_results:301 - val MCE loss:0.88719 * 1.0 * -0.53302
2023-04-30 13:06:42.397 | INFO     | utils.logging:log_training_results:309 - val LLLR :0.29555 * 0.0 * -0.72544
2023-04-30 13:06:42.397 | INFO     | utils.logging:log_training_results:317 - val weight decay:1566.69482 * 0.0004 * 0.90988
2023-04-30 13:06:42.458 | INFO     | utils.checkpoint:update_and_save_result:168 - [36mBest value updated![0m
2023-04-30 13:06:42.487 | INFO     | utils.checkpoint:save_checkpoint:83 - [36mSaved checkpoint[0m at step 1250.
2023-04-30 13:06:42.489 | INFO     | utils.checkpoint:keep_max_num_saved_models:101 - Removed the oldest model for max_to_keep=1
2023-04-30 13:06:43.369 | INFO     | utils.logging:save_sdre_imgs:710 - Figures saved.
2023-04-30 13:06:44.013 | INFO     | utils.logging:log_training_results:280 - 
2023-04-30 13:06:44.014 | INFO     | utils.logging:log_training_results:281 - Global Step =   1250
2023-04-30 13:06:44.014 | INFO     | utils.logging:log_training_results:282 - train mean(MacRec)_t: 0.8478149771690369
2023-04-30 13:06:44.015 | INFO     | utils.logging:log_training_results:287 - train mean ABSerr: 1.0805920362472534
2023-04-30 13:06:44.015 | INFO     | utils.logging:log_training_results:290 - train ausat from confmx: 0.9767682552337646
2023-04-30 13:06:44.016 | INFO     | utils.logging:log_training_results:301 - train MCE loss:0.91224 * 1.0 * -0.53304
2023-04-30 13:06:44.016 | INFO     | utils.logging:log_training_results:309 - train LLLR :0.37475 * 0.0 * -0.72541
2023-04-30 13:06:44.016 | INFO     | utils.logging:log_training_results:317 - train weight decay:1566.69482 * 0.0004 * 0.90985
2023-04-30 13:07:37.446 | INFO     | utils.logging:log_training_results:280 - 
2023-04-30 13:07:37.448 | INFO     | utils.logging:log_training_results:281 - Global Step =   1500
2023-04-30 13:07:37.448 | INFO     | utils.logging:log_training_results:282 - val mean(MacRec)_t: 0.8758099675178528
2023-04-30 13:07:37.449 | INFO     | utils.logging:log_training_results:287 - val mean ABSerr: 0.3797183930873871
2023-04-30 13:07:37.449 | INFO     | utils.logging:log_training_results:290 - val ausat from confmx: 0.9771031141281128
2023-04-30 13:07:37.449 | INFO     | utils.logging:log_training_results:301 - val MCE loss:0.88674 * 1.0 * -0.53929
2023-04-30 13:07:37.450 | INFO     | utils.logging:log_training_results:309 - val LLLR :0.29562 * 0.0 * -0.71712
2023-04-30 13:07:37.450 | INFO     | utils.logging:log_training_results:317 - val weight decay:1535.46265 * 0.0004 * 0.90157
2023-04-30 13:07:38.375 | INFO     | utils.logging:save_sdre_imgs:710 - Figures saved.
2023-04-30 13:07:38.811 | INFO     | utils.logging:log_training_results:280 - 
2023-04-30 13:07:38.812 | INFO     | utils.logging:log_training_results:281 - Global Step =   1500
2023-04-30 13:07:38.813 | INFO     | utils.logging:log_training_results:282 - train mean(MacRec)_t: 0.8763425946235657
2023-04-30 13:07:38.813 | INFO     | utils.logging:log_training_results:287 - train mean ABSerr: 1.0783737897872925
2023-04-30 13:07:38.813 | INFO     | utils.logging:log_training_results:290 - train ausat from confmx: 0.9826774597167969
2023-04-30 13:07:38.814 | INFO     | utils.logging:log_training_results:301 - train MCE loss:0.90829 * 1.0 * -0.53931
2023-04-30 13:07:38.814 | INFO     | utils.logging:log_training_results:309 - train LLLR :0.31775 * 0.0 * -0.71709
2023-04-30 13:07:38.815 | INFO     | utils.logging:log_training_results:317 - train weight decay:1535.46265 * 0.0004 * 0.90154
2023-04-30 13:07:57.790 | INFO     | __main__:objective:356 - Starting epoch #4.
2023-04-30 13:08:31.791 | INFO     | utils.logging:log_training_results:280 - 
2023-04-30 13:08:31.792 | INFO     | utils.logging:log_training_results:281 - Global Step =   1750
2023-04-30 13:08:31.792 | INFO     | utils.logging:log_training_results:282 - val mean(MacRec)_t: 0.8757667541503906
2023-04-30 13:08:31.792 | INFO     | utils.logging:log_training_results:287 - val mean ABSerr: 0.3767607510089874
2023-04-30 13:08:31.793 | INFO     | utils.logging:log_training_results:290 - val ausat from confmx: 0.9767554402351379
2023-04-30 13:08:31.796 | INFO     | utils.logging:log_training_results:301 - val MCE loss:0.88657 * 1.0 * -0.54549
2023-04-30 13:08:31.796 | INFO     | utils.logging:log_training_results:309 - val LLLR :0.29575 * 0.0 * -0.70877
2023-04-30 13:08:31.797 | INFO     | utils.logging:log_training_results:317 - val weight decay:1504.67615 * 0.0004 * 0.89324
2023-04-30 13:08:32.699 | INFO     | utils.logging:save_sdre_imgs:710 - Figures saved.
2023-04-30 13:08:33.119 | INFO     | utils.logging:log_training_results:280 - 
2023-04-30 13:08:33.119 | INFO     | utils.logging:log_training_results:281 - Global Step =   1750
2023-04-30 13:08:33.120 | INFO     | utils.logging:log_training_results:282 - train mean(MacRec)_t: 0.8661593198776245
2023-04-30 13:08:33.120 | INFO     | utils.logging:log_training_results:287 - train mean ABSerr: 1.0207948684692383
2023-04-30 13:08:33.120 | INFO     | utils.logging:log_training_results:290 - train ausat from confmx: 0.9706045985221863
2023-04-30 13:08:33.121 | INFO     | utils.logging:log_training_results:301 - train MCE loss:0.88641 * 1.0 * -0.54551
2023-04-30 13:08:33.121 | INFO     | utils.logging:log_training_results:309 - train LLLR :0.32717 * 0.0 * -0.70874
2023-04-30 13:08:33.122 | INFO     | utils.logging:log_training_results:317 - train weight decay:1504.67615 * 0.0004 * 0.89321
2023-04-30 13:09:21.127 | INFO     | __main__:objective:356 - Starting epoch #5.
2023-04-30 13:09:26.450 | INFO     | utils.logging:log_training_results:280 - 
2023-04-30 13:09:26.450 | INFO     | utils.logging:log_training_results:281 - Global Step =   2000
2023-04-30 13:09:26.451 | INFO     | utils.logging:log_training_results:282 - val mean(MacRec)_t: 0.8762866854667664
2023-04-30 13:09:26.451 | INFO     | utils.logging:log_training_results:287 - val mean ABSerr: 0.3778008222579956
2023-04-30 13:09:26.452 | INFO     | utils.logging:log_training_results:290 - val ausat from confmx: 0.9770480990409851
2023-04-30 13:09:26.452 | INFO     | utils.logging:log_training_results:301 - val MCE loss:0.88622 * 1.0 * -0.55158
2023-04-30 13:09:26.453 | INFO     | utils.logging:log_training_results:309 - val LLLR :0.29483 * 0.0 * -0.70041
2023-04-30 13:09:26.453 | INFO     | utils.logging:log_training_results:317 - val weight decay:1474.26746 * 0.0004 * 0.88489
2023-04-30 13:09:26.503 | INFO     | utils.checkpoint:update_and_save_result:168 - [36mBest value updated![0m
2023-04-30 13:09:26.527 | INFO     | utils.checkpoint:save_checkpoint:83 - [36mSaved checkpoint[0m at step 2000.
2023-04-30 13:09:26.531 | INFO     | utils.checkpoint:keep_max_num_saved_models:101 - Removed the oldest model for max_to_keep=1
2023-04-30 13:09:27.421 | INFO     | utils.logging:save_sdre_imgs:710 - Figures saved.
2023-04-30 13:09:27.884 | INFO     | utils.logging:log_training_results:280 - 
2023-04-30 13:09:27.884 | INFO     | utils.logging:log_training_results:281 - Global Step =   2000
2023-04-30 13:09:27.885 | INFO     | utils.logging:log_training_results:282 - train mean(MacRec)_t: 0.8622662425041199
2023-04-30 13:09:27.885 | INFO     | utils.logging:log_training_results:287 - train mean ABSerr: 1.0082623958587646
2023-04-30 13:09:27.885 | INFO     | utils.logging:log_training_results:290 - train ausat from confmx: 0.9717142581939697
2023-04-30 13:09:27.886 | INFO     | utils.logging:log_training_results:301 - train MCE loss:0.89708 * 1.0 * -0.55160
2023-04-30 13:09:27.886 | INFO     | utils.logging:log_training_results:309 - train LLLR :0.35495 * 0.0 * -0.70037
2023-04-30 13:09:27.887 | INFO     | utils.logging:log_training_results:317 - train weight decay:1474.26746 * 0.0004 * 0.88486
2023-04-30 13:10:34.501 | INFO     | utils.logging:log_training_results:280 - 
2023-04-30 13:10:34.502 | INFO     | utils.logging:log_training_results:281 - Global Step =   2250
2023-04-30 13:10:34.502 | INFO     | utils.logging:log_training_results:282 - val mean(MacRec)_t: 0.8757799863815308
2023-04-30 13:10:34.503 | INFO     | utils.logging:log_training_results:287 - val mean ABSerr: 0.3533328175544739
2023-04-30 13:10:34.503 | INFO     | utils.logging:log_training_results:290 - val ausat from confmx: 0.9770708680152893
2023-04-30 13:10:34.503 | INFO     | utils.logging:log_training_results:301 - val MCE loss:0.88613 * 1.0 * -0.55757
2023-04-30 13:10:34.504 | INFO     | utils.logging:log_training_results:309 - val LLLR :0.29493 * 0.0 * -0.69201
2023-04-30 13:10:34.504 | INFO     | utils.logging:log_training_results:317 - val weight decay:1444.12769 * 0.0004 * 0.87653
2023-04-30 13:10:35.421 | INFO     | utils.logging:save_sdre_imgs:710 - Figures saved.
2023-04-30 13:10:35.870 | INFO     | utils.logging:log_training_results:280 - 
2023-04-30 13:10:35.871 | INFO     | utils.logging:log_training_results:281 - Global Step =   2250
2023-04-30 13:10:35.871 | INFO     | utils.logging:log_training_results:282 - train mean(MacRec)_t: 0.8639990091323853
2023-04-30 13:10:35.871 | INFO     | utils.logging:log_training_results:287 - train mean ABSerr: 1.0227583646774292
2023-04-30 13:10:35.872 | INFO     | utils.logging:log_training_results:290 - train ausat from confmx: 0.9735915064811707
2023-04-30 13:10:35.872 | INFO     | utils.logging:log_training_results:301 - train MCE loss:0.89064 * 1.0 * -0.55760
2023-04-30 13:10:35.874 | INFO     | utils.logging:log_training_results:309 - train LLLR :0.34726 * 0.0 * -0.69198
2023-04-30 13:10:35.875 | INFO     | utils.logging:log_training_results:317 - train weight decay:1444.12769 * 0.0004 * 0.87649
2023-04-30 13:11:06.597 | INFO     | __main__:objective:356 - Starting epoch #6.
2023-04-30 13:11:33.105 | INFO     | utils.logging:log_training_results:280 - 
2023-04-30 13:11:33.106 | INFO     | utils.logging:log_training_results:281 - Global Step =   2500
2023-04-30 13:11:33.106 | INFO     | utils.logging:log_training_results:282 - val mean(MacRec)_t: 0.8759300112724304
2023-04-30 13:11:33.107 | INFO     | utils.logging:log_training_results:287 - val mean ABSerr: 0.3445250391960144
2023-04-30 13:11:33.107 | INFO     | utils.logging:log_training_results:290 - val ausat from confmx: 0.9777870178222656
2023-04-30 13:11:33.108 | INFO     | utils.logging:log_training_results:301 - val MCE loss:0.88599 * 1.0 * -0.56346
2023-04-30 13:11:33.108 | INFO     | utils.logging:log_training_results:309 - val LLLR :0.29452 * 0.0 * -0.68360
2023-04-30 13:11:33.109 | INFO     | utils.logging:log_training_results:317 - val weight decay:1414.39880 * 0.0004 * 0.86814
2023-04-30 13:11:33.951 | INFO     | utils.logging:save_sdre_imgs:710 - Figures saved.
2023-04-30 13:11:34.381 | INFO     | utils.logging:log_training_results:280 - 
2023-04-30 13:11:34.382 | INFO     | utils.logging:log_training_results:281 - Global Step =   2500
2023-04-30 13:11:34.382 | INFO     | utils.logging:log_training_results:282 - train mean(MacRec)_t: 0.862954318523407
2023-04-30 13:11:34.383 | INFO     | utils.logging:log_training_results:287 - train mean ABSerr: 0.9730268716812134
2023-04-30 13:11:34.383 | INFO     | utils.logging:log_training_results:290 - train ausat from confmx: 0.9585675001144409
2023-04-30 13:11:34.384 | INFO     | utils.logging:log_training_results:301 - train MCE loss:0.90440 * 1.0 * -0.56349
2023-04-30 13:11:34.385 | INFO     | utils.logging:log_training_results:309 - train LLLR :0.34745 * 0.0 * -0.68357
2023-04-30 13:11:34.385 | INFO     | utils.logging:log_training_results:317 - train weight decay:1414.39868 * 0.0004 * 0.86811
2023-04-30 13:12:31.551 | INFO     | utils.logging:log_training_results:280 - 
2023-04-30 13:12:31.552 | INFO     | utils.logging:log_training_results:281 - Global Step =   2750
2023-04-30 13:12:31.552 | INFO     | utils.logging:log_training_results:282 - val mean(MacRec)_t: 0.8757299780845642
2023-04-30 13:12:31.553 | INFO     | utils.logging:log_training_results:287 - val mean ABSerr: 0.3107946217060089
2023-04-30 13:12:31.553 | INFO     | utils.logging:log_training_results:290 - val ausat from confmx: 0.9763979911804199
2023-04-30 13:12:31.553 | INFO     | utils.logging:log_training_results:301 - val MCE loss:0.88587 * 1.0 * -0.56926
2023-04-30 13:12:31.554 | INFO     | utils.logging:log_training_results:309 - val LLLR :0.29462 * 0.0 * -0.67517
2023-04-30 13:12:31.554 | INFO     | utils.logging:log_training_results:317 - val weight decay:1384.86670 * 0.0004 * 0.85975
2023-04-30 13:12:32.732 | INFO     | utils.logging:save_sdre_imgs:710 - Figures saved.
2023-04-30 13:12:33.231 | INFO     | utils.logging:log_training_results:280 - 
2023-04-30 13:12:33.232 | INFO     | utils.logging:log_training_results:281 - Global Step =   2750
2023-04-30 13:12:33.233 | INFO     | utils.logging:log_training_results:282 - train mean(MacRec)_t: 0.8717198967933655
2023-04-30 13:12:33.233 | INFO     | utils.logging:log_training_results:287 - train mean ABSerr: 0.9568806886672974
2023-04-30 13:12:33.233 | INFO     | utils.logging:log_training_results:290 - train ausat from confmx: 0.9786242246627808
2023-04-30 13:12:33.234 | INFO     | utils.logging:log_training_results:301 - train MCE loss:0.88638 * 1.0 * -0.56928
2023-04-30 13:12:33.234 | INFO     | utils.logging:log_training_results:309 - train LLLR :0.31282 * 0.0 * -0.67513
2023-04-30 13:12:33.234 | INFO     | utils.logging:log_training_results:317 - train weight decay:1384.86670 * 0.0004 * 0.85972
2023-04-30 13:12:42.993 | INFO     | __main__:objective:356 - Starting epoch #7.
2023-04-30 13:13:28.347 | INFO     | utils.logging:log_training_results:280 - 
2023-04-30 13:13:28.350 | INFO     | utils.logging:log_training_results:281 - Global Step =   3000
2023-04-30 13:13:28.352 | INFO     | utils.logging:log_training_results:282 - val mean(MacRec)_t: 0.8756600022315979
2023-04-30 13:13:28.353 | INFO     | utils.logging:log_training_results:287 - val mean ABSerr: 0.325128972530365
2023-04-30 13:13:28.353 | INFO     | utils.logging:log_training_results:290 - val ausat from confmx: 0.9776845574378967
2023-04-30 13:13:28.354 | INFO     | utils.logging:log_training_results:301 - val MCE loss:0.88570 * 1.0 * -0.57494
2023-04-30 13:13:28.354 | INFO     | utils.logging:log_training_results:309 - val LLLR :0.29464 * 0.0 * -0.66672
2023-04-30 13:13:28.355 | INFO     | utils.logging:log_training_results:317 - val weight decay:1355.80420 * 0.0004 * 0.85134
2023-04-30 13:13:29.240 | INFO     | utils.logging:save_sdre_imgs:710 - Figures saved.
2023-04-30 13:13:29.667 | INFO     | utils.logging:log_training_results:280 - 
2023-04-30 13:13:29.667 | INFO     | utils.logging:log_training_results:281 - Global Step =   3000
2023-04-30 13:13:29.668 | INFO     | utils.logging:log_training_results:282 - train mean(MacRec)_t: 0.8763245344161987
2023-04-30 13:13:29.668 | INFO     | utils.logging:log_training_results:287 - train mean ABSerr: 0.932761013507843
2023-04-30 13:13:29.668 | INFO     | utils.logging:log_training_results:290 - train ausat from confmx: 0.9811134934425354
2023-04-30 13:13:29.669 | INFO     | utils.logging:log_training_results:301 - train MCE loss:0.88682 * 1.0 * -0.57496
2023-04-30 13:13:29.669 | INFO     | utils.logging:log_training_results:309 - train LLLR :0.31574 * 0.0 * -0.66669
2023-04-30 13:13:29.670 | INFO     | utils.logging:log_training_results:317 - train weight decay:1355.80420 * 0.0004 * 0.85131
2023-04-30 13:14:09.940 | INFO     | __main__:objective:356 - Starting epoch #8.
2023-04-30 13:14:25.889 | INFO     | utils.logging:log_training_results:280 - 
2023-04-30 13:14:25.889 | INFO     | utils.logging:log_training_results:281 - Global Step =   3250
2023-04-30 13:14:25.890 | INFO     | utils.logging:log_training_results:282 - val mean(MacRec)_t: 0.8753600120544434
2023-04-30 13:14:25.890 | INFO     | utils.logging:log_training_results:287 - val mean ABSerr: 0.32395634055137634
2023-04-30 13:14:25.891 | INFO     | utils.logging:log_training_results:290 - val ausat from confmx: 0.9769167304039001
2023-04-30 13:14:25.891 | INFO     | utils.logging:log_training_results:301 - val MCE loss:0.88575 * 1.0 * -0.58052
2023-04-30 13:14:25.892 | INFO     | utils.logging:log_training_results:309 - val LLLR :0.29571 * 0.0 * -0.65826
2023-04-30 13:14:25.893 | INFO     | utils.logging:log_training_results:317 - val weight decay:1326.99866 * 0.0004 * 0.84292
2023-04-30 13:14:26.749 | INFO     | utils.logging:save_sdre_imgs:710 - Figures saved.
2023-04-30 13:14:27.179 | INFO     | utils.logging:log_training_results:280 - 
2023-04-30 13:14:27.180 | INFO     | utils.logging:log_training_results:281 - Global Step =   3250
2023-04-30 13:14:27.182 | INFO     | utils.logging:log_training_results:282 - train mean(MacRec)_t: 0.8613888621330261
2023-04-30 13:14:27.183 | INFO     | utils.logging:log_training_results:287 - train mean ABSerr: 1.0051120519638062
2023-04-30 13:14:27.184 | INFO     | utils.logging:log_training_results:290 - train ausat from confmx: 0.9584547281265259
2023-04-30 13:14:27.184 | INFO     | utils.logging:log_training_results:301 - train MCE loss:0.89634 * 1.0 * -0.58054
2023-04-30 13:14:27.185 | INFO     | utils.logging:log_training_results:309 - train LLLR :0.36053 * 0.0 * -0.65823
2023-04-30 13:14:27.186 | INFO     | utils.logging:log_training_results:317 - train weight decay:1326.99866 * 0.0004 * 0.84289
2023-04-30 13:15:23.570 | INFO     | utils.logging:log_training_results:280 - 
2023-04-30 13:15:23.571 | INFO     | utils.logging:log_training_results:281 - Global Step =   3500
2023-04-30 13:15:23.571 | INFO     | utils.logging:log_training_results:282 - val mean(MacRec)_t: 0.8764500021934509
2023-04-30 13:15:23.572 | INFO     | utils.logging:log_training_results:287 - val mean ABSerr: 0.28315189480781555
2023-04-30 13:15:23.572 | INFO     | utils.logging:log_training_results:290 - val ausat from confmx: 0.9773684740066528
2023-04-30 13:15:23.572 | INFO     | utils.logging:log_training_results:301 - val MCE loss:0.88537 * 1.0 * -0.58600
2023-04-30 13:15:23.573 | INFO     | utils.logging:log_training_results:309 - val LLLR :0.29383 * 0.0 * -0.64978
2023-04-30 13:15:23.573 | INFO     | utils.logging:log_training_results:317 - val weight decay:1298.59888 * 0.0004 * 0.83450
2023-04-30 13:15:23.628 | INFO     | utils.checkpoint:update_and_save_result:168 - [36mBest value updated![0m
2023-04-30 13:15:23.652 | INFO     | utils.checkpoint:save_checkpoint:83 - [36mSaved checkpoint[0m at step 3500.
2023-04-30 13:15:23.655 | INFO     | utils.checkpoint:keep_max_num_saved_models:101 - Removed the oldest model for max_to_keep=1
2023-04-30 13:15:24.477 | INFO     | utils.logging:save_sdre_imgs:710 - Figures saved.
2023-04-30 13:15:24.895 | INFO     | utils.logging:log_training_results:280 - 
2023-04-30 13:15:24.896 | INFO     | utils.logging:log_training_results:281 - Global Step =   3500
2023-04-30 13:15:24.897 | INFO     | utils.logging:log_training_results:282 - train mean(MacRec)_t: 0.867498517036438
2023-04-30 13:15:24.897 | INFO     | utils.logging:log_training_results:287 - train mean ABSerr: 0.9116057753562927
2023-04-30 13:15:24.897 | INFO     | utils.logging:log_training_results:290 - train ausat from confmx: 0.9729759693145752
2023-04-30 13:15:24.898 | INFO     | utils.logging:log_training_results:301 - train MCE loss:0.89023 * 1.0 * -0.58603
2023-04-30 13:15:24.898 | INFO     | utils.logging:log_training_results:309 - train LLLR :0.33908 * 0.0 * -0.64975
2023-04-30 13:15:24.899 | INFO     | utils.logging:log_training_results:317 - train weight decay:1298.59875 * 0.0004 * 0.83446
2023-04-30 13:15:45.224 | INFO     | __main__:objective:356 - Starting epoch #9.
2023-04-30 13:16:21.407 | INFO     | utils.logging:log_training_results:280 - 
2023-04-30 13:16:21.408 | INFO     | utils.logging:log_training_results:281 - Global Step =   3750
2023-04-30 13:16:21.408 | INFO     | utils.logging:log_training_results:282 - val mean(MacRec)_t: 0.8763532638549805
2023-04-30 13:16:21.408 | INFO     | utils.logging:log_training_results:287 - val mean ABSerr: 0.3110644817352295
2023-04-30 13:16:21.409 | INFO     | utils.logging:log_training_results:290 - val ausat from confmx: 0.9773297309875488
2023-04-30 13:16:21.409 | INFO     | utils.logging:log_training_results:301 - val MCE loss:0.88542 * 1.0 * -0.59136
2023-04-30 13:16:21.410 | INFO     | utils.logging:log_training_results:309 - val LLLR :0.29448 * 0.0 * -0.64130
2023-04-30 13:16:21.410 | INFO     | utils.logging:log_training_results:317 - val weight decay:1270.65356 * 0.0004 * 0.82606
2023-04-30 13:16:22.251 | INFO     | utils.logging:save_sdre_imgs:710 - Figures saved.
2023-04-30 13:16:22.676 | INFO     | utils.logging:log_training_results:280 - 
2023-04-30 13:16:22.677 | INFO     | utils.logging:log_training_results:281 - Global Step =   3750
2023-04-30 13:16:22.677 | INFO     | utils.logging:log_training_results:282 - train mean(MacRec)_t: 0.8822993040084839
2023-04-30 13:16:22.678 | INFO     | utils.logging:log_training_results:287 - train mean ABSerr: 0.9080578684806824
2023-04-30 13:16:22.678 | INFO     | utils.logging:log_training_results:290 - train ausat from confmx: 0.9787347316741943
2023-04-30 13:16:22.679 | INFO     | utils.logging:log_training_results:301 - train MCE loss:0.86908 * 1.0 * -0.59139
2023-04-30 13:16:22.679 | INFO     | utils.logging:log_training_results:309 - train LLLR :0.28931 * 0.0 * -0.64126
2023-04-30 13:16:22.679 | INFO     | utils.logging:log_training_results:317 - train weight decay:1270.65344 * 0.0004 * 0.82603
2023-04-30 13:17:13.006 | INFO     | utils.logging:investigate_log:155 - num_warning=0/num_error=0 in the .log file.
2023-04-30 13:17:13.207 | INFO     | optuna.study.study:_log_completed_trial:1020 - Trial 16 finished with value: 0.12354999780654907 and parameters: {'LIST_IS_POSITIONAL_ENCODING': False, 'LIST_MODEL_BACKBONE': 'Transformer', 'LIST_WEIGHT_DECAY': 0.0004, 'LIST_LEARNING_RATE': 3.251099680355604e-05, 'LIST_LLLR_VERSION': 'LSEL', 'LIST_ACTIVATION_FC': 'B2BsqrtV2', 'LIST_PARAM_MULTIPLET_LOSS': 1.0, 'LIST_PARAM_LLR_LOSS': 0.0, 'LIST_IS_ADAPTIVE_LOSS': True, 'LIST_ORDER_SPRT': 4, 'LIST_OPTIMIZER': 'adam', 'LIST_IS_NORMALIZE': False, 'LIST_NUM_THRESH': 500, 'LIST_SPARSITY': 'logspace', 'LIST_NUM_BLOCKS': 2, 'LIST_NUM_HEADS': 4, 'LIST_DROPOUT': 0.2, 'LIST_FF_DIM': 64, 'LIST_MLP_UNITS': 64}. Best is trial 16 with value: 0.12354999780654907.
2023-04-30 13:17:13.224 | INFO     | utils.hyperparameter_tuning:suggest_parameters:560 - [33mStarting a tuning phase.[0m
2023-04-30 13:17:13.793 | INFO     | utils.hyperparameter_tuning:print:394 - 
+------------------------------------------+
|   Hyperparameteres suggested by Optuna   |
+------------------------+-----------------+
|     Parameter name     | Suggested value |
+------------------------+-----------------+
|     ACTIVATION_FC      |    B2BsqrtV2    |
|        DROPOUT         |       0.2       |
|         FF_DIM         |        64       |
|    IS_ADAPTIVE_LOSS    |       True      |
|      IS_NORMALIZE      |      False      |
| IS_POSITIONAL_ENCODING |      False      |
|     LEARNING_RATE      |    1.2913e-05   |
|      LLLR_VERSION      |       LSEL      |
|       MLP_UNITS        |        64       |
|     MODEL_BACKBONE     |   Transformer   |
|       NUM_BLOCKS       |        2        |
|       NUM_HEADS        |        4        |
|       NUM_THRESH       |       1000      |
|       OPTIMIZER        |       adam      |
|       ORDER_SPRT       |        4        |
|     PARAM_LLR_LOSS     |       0.0       |
|  PARAM_MULTIPLET_LOSS  |       0.8       |
|        SPARSITY        |     logspace    |
|      WEIGHT_DECAY      |      0.0004     |
+------------------------+-----------------+
2023-04-30 13:17:13.796 | INFO     | utils.misc:create_directories_and_log:291 - [33mA new log directory was created: [0m/home/afe/Dropbox/GitHub/SPRT-TANDEM-PyTorch/logs/public_offset0_5_optimmacrec_tuning/checkpoints/Transformer_20230430_131713793/configs
2023-04-30 13:17:13.797 | INFO     | utils.misc:create_directories_and_log:291 - [33mA new log directory was created: [0m/home/afe/Dropbox/GitHub/SPRT-TANDEM-PyTorch/logs/public_offset0_5_optimmacrec_tuning/TensorBoard_events/Transformer_20230430_131713793
