2023-04-30 10:29:14.018 | INFO     | utils.misc:fix_random_seed:405 - Random seed is not fixed.
2023-04-30 10:29:14.052 | INFO     | models.temporal_integrators:summarize:568 - 
:'######::'########::'########::'########::::::::::::::::::::::
'##... ##: ##.... ##: ##.... ##:... ##..:::::::::::::::::::::::
 ##:::..:: ##:::: ##: ##:::: ##:::: ##:::::::::::::::::::::::::
. ######:: ########:: ########::::: ##::::'#######:::::::::::::
:..... ##: ##.....::: ##.. ##:::::: ##::::........:::::::::::::
'##::: ##: ##:::::::: ##::. ##::::: ##:::::::::::::::::::::::::
. ######:: ##:::::::: ##:::. ##:::: ##:::::::::::::::::::::::::
:......:::..:::::::::..:::::..:::::..::::::::::::::::::::::::::
'########::::'###::::'##::: ##:'########::'########:'##::::'##:
... ##..::::'## ##::: ###:: ##: ##.... ##: ##.....:: ###::'###:
::: ##:::::'##:. ##:: ####: ##: ##:::: ##: ##::::::: ####'####:
::: ##::::'##:::. ##: ## ## ##: ##:::: ##: ######::: ## ### ##:
::: ##:::: #########: ##. ####: ##:::: ##: ##...:::: ##. #: ##:
::: ##:::: ##.... ##: ##:. ###: ##:::: ##: ##::::::: ##:.:: ##:
::: ##:::: ##:::: ##: ##::. ##: ########:: ########: ##:::: ##:
:::..:::::..:::::..::..::::..::........:::........::..:::::..::

2023-04-30 10:29:14.053 | INFO     | models.temporal_integrators:summarize:571 - [34mofficial PyTorch implementation.[0m
2023-04-30 10:29:14.131 | INFO     | models.temporal_integrators:summarize:593 - Network summary:
===============================================================================================
Layer (type:depth-idx)                        Output Shape              Param #
===============================================================================================
TANDEMformer                                  [150, 50, 3, 3]           256
├─TransformerEncoder: 1-1                     [7350, 1, 128]            --
│    └─ModuleList: 2-2                        --                        (recursive)
│    │    └─TransformerEncoderLayer: 3-1      [7350, 1, 128]            74,912
├─Linear: 1-2                                 [7350, 32]                4,128
├─Dropout: 1-3                                [7350, 32]                --
├─TransformerEncoder: 1-4                     [7350, 2, 128]            (recursive)
│    └─ModuleList: 2-2                        --                        (recursive)
│    │    └─TransformerEncoderLayer: 3-2      [7350, 2, 128]            (recursive)
├─Linear: 1-5                                 [7350, 32]                (recursive)
├─Dropout: 1-6                                [7350, 32]                --
├─Linear: 1-7                                 [7350, 3]                 99
├─Linear: 1-8                                 [7350, 3]                 (recursive)
===============================================================================================
Total params: 79,395
Trainable params: 79,395
Non-trainable params: 0
Total mult-adds (M): 192.44
===============================================================================================
Input size (MB): 3.84
Forward/backward pass size (MB): 77.50
Params size (MB): 0.05
Estimated Total Size (MB): 81.39
===============================================================================================
2023-04-30 10:29:14.132 | INFO     | models.temporal_integrators:summarize:594 - Example input shape: torch.Size([150, 50, 128])
2023-04-30 10:29:14.133 | INFO     | models.temporal_integrators:summarize:595 - Example output shape: torch.Size([150, 50, 3, 3])
2023-04-30 10:29:14.134 | INFO     | models.temporal_integrators:import_model:58 - model moved onto: [33mcuda.[0m
2023-04-30 10:29:14.135 | INFO     | models.optimizers:initialize_optimizer:44 - Optimizer:
RMSprop (
Parameter Group 0
    alpha: 0.99
    centered: False
    differentiable: False
    eps: 1e-08
    foreach: None
    lr: 7.647690965563958e-05
    maximize: False
    momentum: 0
    weight_decay: 0.0006000000000000001
)
2023-04-30 10:29:14.136 | INFO     | datasets.data_processing:lmdb_dataloaders:293 - loading data... 
2023-04-30 10:29:14.136 | INFO     | datasets.data_processing:lmdb_dataloaders:295 - If this process takes long, consider setting is_load_onto_memory=False or use LMDBIterableDataset.
2023-04-30 10:29:17.004 | INFO     | __main__:objective:356 - Starting epoch #0.
2023-04-30 10:29:19.307 | INFO     | utils.logging:log_training_results:280 - 
2023-04-30 10:29:19.307 | INFO     | utils.logging:log_training_results:281 - Global Step =      0
2023-04-30 10:29:19.308 | INFO     | utils.logging:log_training_results:282 - val mean(MacRec)_t: 0.3433566689491272
2023-04-30 10:29:19.308 | INFO     | utils.logging:log_training_results:287 - val mean ABSerr: 3.519974946975708
2023-04-30 10:29:19.308 | INFO     | utils.logging:log_training_results:290 - val ausat from confmx: 0.33941251039505005
2023-04-30 10:29:19.309 | INFO     | utils.logging:log_training_results:326 - val MCE loss:1.10255 * 0.1
2023-04-30 10:29:19.309 | INFO     | utils.logging:log_training_results:333 - val LLLR :1.25946 * 0.4
2023-04-30 10:29:19.309 | INFO     | utils.logging:log_training_results:340 - val weight decay:786.56512 * 0.0006000000000000001
2023-04-30 10:29:20.325 | INFO     | utils.logging:save_sdre_imgs:710 - Figures saved.
2023-04-30 10:29:20.660 | INFO     | utils.logging:log_training_results:280 - 
2023-04-30 10:29:20.661 | INFO     | utils.logging:log_training_results:281 - Global Step =      0
2023-04-30 10:29:20.662 | INFO     | utils.logging:log_training_results:282 - train mean(MacRec)_t: 0.3273613750934601
2023-04-30 10:29:20.662 | INFO     | utils.logging:log_training_results:287 - train mean ABSerr: 3.5719361305236816
2023-04-30 10:29:20.662 | INFO     | utils.logging:log_training_results:290 - train ausat from confmx: 0.3269386291503906
2023-04-30 10:29:20.663 | INFO     | utils.logging:log_training_results:326 - train MCE loss:1.10269 * 0.1
2023-04-30 10:29:20.663 | INFO     | utils.logging:log_training_results:333 - train LLLR :1.35499 * 0.4
2023-04-30 10:29:20.664 | INFO     | utils.logging:log_training_results:340 - train weight decay:786.56512 * 0.0006000000000000001
2023-04-30 10:29:40.788 | INFO     | utils.logging:log_training_results:280 - 
2023-04-30 10:29:40.788 | INFO     | utils.logging:log_training_results:281 - Global Step =    250
2023-04-30 10:29:40.789 | INFO     | utils.logging:log_training_results:282 - val mean(MacRec)_t: 0.8080599904060364
2023-04-30 10:29:40.789 | INFO     | utils.logging:log_training_results:287 - val mean ABSerr: 2.48828387260437
2023-04-30 10:29:40.789 | INFO     | utils.logging:log_training_results:290 - val ausat from confmx: 0.9335362911224365
2023-04-30 10:29:40.790 | INFO     | utils.logging:log_training_results:326 - val MCE loss:1.06725 * 0.1
2023-04-30 10:29:40.790 | INFO     | utils.logging:log_training_results:333 - val LLLR :0.51426 * 0.4
2023-04-30 10:29:40.790 | INFO     | utils.logging:log_training_results:340 - val weight decay:748.38312 * 0.0006000000000000001
2023-04-30 10:29:40.914 | INFO     | utils.checkpoint:update_and_save_result:168 - [36mBest value updated![0m
2023-04-30 10:29:40.925 | INFO     | utils.checkpoint:save_checkpoint:83 - [36mSaved checkpoint[0m at step 250.
2023-04-30 10:29:41.724 | INFO     | utils.logging:save_sdre_imgs:710 - Figures saved.
2023-04-30 10:29:42.051 | INFO     | utils.logging:log_training_results:280 - 
2023-04-30 10:29:42.051 | INFO     | utils.logging:log_training_results:281 - Global Step =    250
2023-04-30 10:29:42.052 | INFO     | utils.logging:log_training_results:282 - train mean(MacRec)_t: 0.6992201209068298
2023-04-30 10:29:42.052 | INFO     | utils.logging:log_training_results:287 - train mean ABSerr: 2.6328060626983643
2023-04-30 10:29:42.052 | INFO     | utils.logging:log_training_results:290 - train ausat from confmx: 0.8131707906723022
2023-04-30 10:29:42.053 | INFO     | utils.logging:log_training_results:326 - train MCE loss:1.07896 * 0.1
2023-04-30 10:29:42.053 | INFO     | utils.logging:log_training_results:333 - train LLLR :0.66781 * 0.4
2023-04-30 10:29:42.053 | INFO     | utils.logging:log_training_results:340 - train weight decay:748.38312 * 0.0006000000000000001
2023-04-30 10:29:52.793 | INFO     | __main__:objective:356 - Starting epoch #1.
2023-04-30 10:30:02.154 | INFO     | utils.logging:log_training_results:280 - 
2023-04-30 10:30:02.154 | INFO     | utils.logging:log_training_results:281 - Global Step =    500
2023-04-30 10:30:02.155 | INFO     | utils.logging:log_training_results:282 - val mean(MacRec)_t: 0.8508399724960327
2023-04-30 10:30:02.155 | INFO     | utils.logging:log_training_results:287 - val mean ABSerr: 1.666821837425232
2023-04-30 10:30:02.155 | INFO     | utils.logging:log_training_results:290 - val ausat from confmx: 0.9730399250984192
2023-04-30 10:30:02.156 | INFO     | utils.logging:log_training_results:326 - val MCE loss:1.04419 * 0.1
2023-04-30 10:30:02.156 | INFO     | utils.logging:log_training_results:333 - val LLLR :0.37250 * 0.4
2023-04-30 10:30:02.156 | INFO     | utils.logging:log_training_results:340 - val weight decay:725.71069 * 0.0006000000000000001
2023-04-30 10:30:02.288 | INFO     | utils.checkpoint:update_and_save_result:168 - [36mBest value updated![0m
2023-04-30 10:30:02.300 | INFO     | utils.checkpoint:save_checkpoint:83 - [36mSaved checkpoint[0m at step 500.
2023-04-30 10:30:02.303 | INFO     | utils.checkpoint:keep_max_num_saved_models:101 - Removed the oldest model for max_to_keep=1
2023-04-30 10:30:03.351 | INFO     | utils.logging:save_sdre_imgs:710 - Figures saved.
2023-04-30 10:30:03.662 | INFO     | utils.logging:log_training_results:280 - 
2023-04-30 10:30:03.663 | INFO     | utils.logging:log_training_results:281 - Global Step =    500
2023-04-30 10:30:03.663 | INFO     | utils.logging:log_training_results:282 - train mean(MacRec)_t: 0.7993293404579163
2023-04-30 10:30:03.664 | INFO     | utils.logging:log_training_results:287 - train mean ABSerr: 1.9409734010696411
2023-04-30 10:30:03.664 | INFO     | utils.logging:log_training_results:290 - train ausat from confmx: 0.9447199702262878
2023-04-30 10:30:03.667 | INFO     | utils.logging:log_training_results:326 - train MCE loss:1.05237 * 0.1
2023-04-30 10:30:03.667 | INFO     | utils.logging:log_training_results:333 - train LLLR :0.46247 * 0.4
2023-04-30 10:30:03.668 | INFO     | utils.logging:log_training_results:340 - train weight decay:725.71069 * 0.0006000000000000001
2023-04-30 10:30:24.210 | INFO     | utils.logging:log_training_results:280 - 
2023-04-30 10:30:24.211 | INFO     | utils.logging:log_training_results:281 - Global Step =    750
2023-04-30 10:30:24.212 | INFO     | utils.logging:log_training_results:282 - val mean(MacRec)_t: 0.8606699705123901
2023-04-30 10:30:24.212 | INFO     | utils.logging:log_training_results:287 - val mean ABSerr: 1.178283452987671
2023-04-30 10:30:24.213 | INFO     | utils.logging:log_training_results:290 - val ausat from confmx: 0.9785404205322266
2023-04-30 10:30:24.213 | INFO     | utils.logging:log_training_results:326 - val MCE loss:1.03097 * 0.1
2023-04-30 10:30:24.213 | INFO     | utils.logging:log_training_results:333 - val LLLR :0.33579 * 0.4
2023-04-30 10:30:24.214 | INFO     | utils.logging:log_training_results:340 - val weight decay:701.44446 * 0.0006000000000000001
2023-04-30 10:30:24.351 | INFO     | utils.checkpoint:update_and_save_result:168 - [36mBest value updated![0m
2023-04-30 10:30:24.361 | INFO     | utils.checkpoint:save_checkpoint:83 - [36mSaved checkpoint[0m at step 750.
2023-04-30 10:30:24.364 | INFO     | utils.checkpoint:keep_max_num_saved_models:101 - Removed the oldest model for max_to_keep=1
2023-04-30 10:30:25.169 | INFO     | utils.logging:save_sdre_imgs:710 - Figures saved.
2023-04-30 10:30:25.814 | INFO     | utils.logging:log_training_results:280 - 
2023-04-30 10:30:25.815 | INFO     | utils.logging:log_training_results:281 - Global Step =    750
2023-04-30 10:30:25.815 | INFO     | utils.logging:log_training_results:282 - train mean(MacRec)_t: 0.841611921787262
2023-04-30 10:30:25.816 | INFO     | utils.logging:log_training_results:287 - train mean ABSerr: 1.6063090562820435
2023-04-30 10:30:25.816 | INFO     | utils.logging:log_training_results:290 - train ausat from confmx: 0.9711620211601257
2023-04-30 10:30:25.816 | INFO     | utils.logging:log_training_results:326 - train MCE loss:1.04185 * 0.1
2023-04-30 10:30:25.817 | INFO     | utils.logging:log_training_results:333 - train LLLR :0.37926 * 0.4
2023-04-30 10:30:25.817 | INFO     | utils.logging:log_training_results:340 - train weight decay:701.44440 * 0.0006000000000000001
2023-04-30 10:30:29.632 | INFO     | __main__:objective:356 - Starting epoch #2.
2023-04-30 10:30:46.308 | INFO     | utils.logging:log_training_results:280 - 
2023-04-30 10:30:46.308 | INFO     | utils.logging:log_training_results:281 - Global Step =   1000
2023-04-30 10:30:46.309 | INFO     | utils.logging:log_training_results:282 - val mean(MacRec)_t: 0.8595567345619202
2023-04-30 10:30:46.309 | INFO     | utils.logging:log_training_results:287 - val mean ABSerr: 1.0620356798171997
2023-04-30 10:30:46.310 | INFO     | utils.logging:log_training_results:290 - val ausat from confmx: 0.970247209072113
2023-04-30 10:30:46.310 | INFO     | utils.logging:log_training_results:326 - val MCE loss:1.02377 * 0.1
2023-04-30 10:30:46.310 | INFO     | utils.logging:log_training_results:333 - val LLLR :0.33764 * 0.4
2023-04-30 10:30:46.311 | INFO     | utils.logging:log_training_results:340 - val weight decay:676.18158 * 0.0006000000000000001
2023-04-30 10:30:47.782 | INFO     | utils.logging:save_sdre_imgs:710 - Figures saved.
2023-04-30 10:30:48.083 | INFO     | utils.logging:log_training_results:280 - 
2023-04-30 10:30:48.084 | INFO     | utils.logging:log_training_results:281 - Global Step =   1000
2023-04-30 10:30:48.084 | INFO     | utils.logging:log_training_results:282 - train mean(MacRec)_t: 0.8544796705245972
2023-04-30 10:30:48.085 | INFO     | utils.logging:log_training_results:287 - train mean ABSerr: 1.4230380058288574
2023-04-30 10:30:48.085 | INFO     | utils.logging:log_training_results:290 - train ausat from confmx: 0.9659813642501831
2023-04-30 10:30:48.085 | INFO     | utils.logging:log_training_results:326 - train MCE loss:1.02922 * 0.1
2023-04-30 10:30:48.086 | INFO     | utils.logging:log_training_results:333 - train LLLR :0.34927 * 0.4
2023-04-30 10:30:48.086 | INFO     | utils.logging:log_training_results:340 - train weight decay:676.18158 * 0.0006000000000000001
2023-04-30 10:31:02.396 | INFO     | __main__:objective:356 - Starting epoch #3.
2023-04-30 10:31:08.198 | INFO     | utils.logging:log_training_results:280 - 
2023-04-30 10:31:08.199 | INFO     | utils.logging:log_training_results:281 - Global Step =   1250
2023-04-30 10:31:08.199 | INFO     | utils.logging:log_training_results:282 - val mean(MacRec)_t: 0.8600300550460815
2023-04-30 10:31:08.200 | INFO     | utils.logging:log_training_results:287 - val mean ABSerr: 0.8734071254730225
2023-04-30 10:31:08.200 | INFO     | utils.logging:log_training_results:290 - val ausat from confmx: 0.9753742814064026
2023-04-30 10:31:08.200 | INFO     | utils.logging:log_training_results:326 - val MCE loss:1.01915 * 0.1
2023-04-30 10:31:08.201 | INFO     | utils.logging:log_training_results:333 - val LLLR :0.33282 * 0.4
2023-04-30 10:31:08.201 | INFO     | utils.logging:log_training_results:340 - val weight decay:650.84241 * 0.0006000000000000001
2023-04-30 10:31:09.126 | INFO     | utils.logging:save_sdre_imgs:710 - Figures saved.
2023-04-30 10:31:09.431 | INFO     | utils.logging:log_training_results:280 - 
2023-04-30 10:31:09.432 | INFO     | utils.logging:log_training_results:281 - Global Step =   1250
2023-04-30 10:31:09.432 | INFO     | utils.logging:log_training_results:282 - train mean(MacRec)_t: 0.8595159649848938
2023-04-30 10:31:09.432 | INFO     | utils.logging:log_training_results:287 - train mean ABSerr: 1.2240359783172607
2023-04-30 10:31:09.433 | INFO     | utils.logging:log_training_results:290 - train ausat from confmx: 0.9631091356277466
2023-04-30 10:31:09.433 | INFO     | utils.logging:log_training_results:326 - train MCE loss:1.02603 * 0.1
2023-04-30 10:31:09.433 | INFO     | utils.logging:log_training_results:333 - train LLLR :0.34541 * 0.4
2023-04-30 10:31:09.434 | INFO     | utils.logging:log_training_results:340 - train weight decay:650.84241 * 0.0006000000000000001
2023-04-30 10:31:29.530 | INFO     | utils.logging:log_training_results:280 - 
2023-04-30 10:31:29.531 | INFO     | utils.logging:log_training_results:281 - Global Step =   1500
2023-04-30 10:31:29.531 | INFO     | utils.logging:log_training_results:282 - val mean(MacRec)_t: 0.8664532899856567
2023-04-30 10:31:29.532 | INFO     | utils.logging:log_training_results:287 - val mean ABSerr: 0.7436485290527344
2023-04-30 10:31:29.532 | INFO     | utils.logging:log_training_results:290 - val ausat from confmx: 0.9797642827033997
2023-04-30 10:31:29.532 | INFO     | utils.logging:log_training_results:326 - val MCE loss:1.01583 * 0.1
2023-04-30 10:31:29.533 | INFO     | utils.logging:log_training_results:333 - val LLLR :0.31760 * 0.4
2023-04-30 10:31:29.533 | INFO     | utils.logging:log_training_results:340 - val weight decay:626.14008 * 0.0006000000000000001
2023-04-30 10:31:29.654 | INFO     | utils.checkpoint:update_and_save_result:168 - [36mBest value updated![0m
2023-04-30 10:31:29.665 | INFO     | utils.checkpoint:save_checkpoint:83 - [36mSaved checkpoint[0m at step 1500.
2023-04-30 10:31:29.668 | INFO     | utils.checkpoint:keep_max_num_saved_models:101 - Removed the oldest model for max_to_keep=1
2023-04-30 10:31:30.484 | INFO     | utils.logging:save_sdre_imgs:710 - Figures saved.
2023-04-30 10:31:30.791 | INFO     | utils.logging:log_training_results:280 - 
2023-04-30 10:31:30.793 | INFO     | utils.logging:log_training_results:281 - Global Step =   1500
2023-04-30 10:31:30.794 | INFO     | utils.logging:log_training_results:282 - train mean(MacRec)_t: 0.870988667011261
2023-04-30 10:31:30.794 | INFO     | utils.logging:log_training_results:287 - train mean ABSerr: 1.0366146564483643
2023-04-30 10:31:30.794 | INFO     | utils.logging:log_training_results:290 - train ausat from confmx: 0.9901289939880371
2023-04-30 10:31:30.795 | INFO     | utils.logging:log_training_results:326 - train MCE loss:1.02360 * 0.1
2023-04-30 10:31:30.795 | INFO     | utils.logging:log_training_results:333 - train LLLR :0.29884 * 0.4
2023-04-30 10:31:30.795 | INFO     | utils.logging:log_training_results:340 - train weight decay:626.14008 * 0.0006000000000000001
2023-04-30 10:31:38.033 | INFO     | __main__:objective:356 - Starting epoch #4.
2023-04-30 10:31:51.133 | INFO     | utils.logging:log_training_results:280 - 
2023-04-30 10:31:51.134 | INFO     | utils.logging:log_training_results:281 - Global Step =   1750
2023-04-30 10:31:51.134 | INFO     | utils.logging:log_training_results:282 - val mean(MacRec)_t: 0.8681333065032959
2023-04-30 10:31:51.134 | INFO     | utils.logging:log_training_results:287 - val mean ABSerr: 0.6554754376411438
2023-04-30 10:31:51.135 | INFO     | utils.logging:log_training_results:290 - val ausat from confmx: 0.9815622568130493
2023-04-30 10:31:51.135 | INFO     | utils.logging:log_training_results:326 - val MCE loss:1.01308 * 0.1
2023-04-30 10:31:51.136 | INFO     | utils.logging:log_training_results:333 - val LLLR :0.31241 * 0.4
2023-04-30 10:31:51.136 | INFO     | utils.logging:log_training_results:340 - val weight decay:601.76624 * 0.0006000000000000001
2023-04-30 10:31:51.266 | INFO     | utils.checkpoint:update_and_save_result:168 - [36mBest value updated![0m
2023-04-30 10:31:51.276 | INFO     | utils.checkpoint:save_checkpoint:83 - [36mSaved checkpoint[0m at step 1750.
2023-04-30 10:31:51.280 | INFO     | utils.checkpoint:keep_max_num_saved_models:101 - Removed the oldest model for max_to_keep=1
2023-04-30 10:31:52.102 | INFO     | utils.logging:save_sdre_imgs:710 - Figures saved.
2023-04-30 10:31:52.417 | INFO     | utils.logging:log_training_results:280 - 
2023-04-30 10:31:52.418 | INFO     | utils.logging:log_training_results:281 - Global Step =   1750
2023-04-30 10:31:52.418 | INFO     | utils.logging:log_training_results:282 - train mean(MacRec)_t: 0.855371356010437
2023-04-30 10:31:52.419 | INFO     | utils.logging:log_training_results:287 - train mean ABSerr: 1.110451102256775
2023-04-30 10:31:52.419 | INFO     | utils.logging:log_training_results:290 - train ausat from confmx: 0.98454749584198
2023-04-30 10:31:52.419 | INFO     | utils.logging:log_training_results:326 - train MCE loss:1.01762 * 0.1
2023-04-30 10:31:52.420 | INFO     | utils.logging:log_training_results:333 - train LLLR :0.33383 * 0.4
2023-04-30 10:31:52.420 | INFO     | utils.logging:log_training_results:340 - train weight decay:601.76624 * 0.0006000000000000001
2023-04-30 10:32:10.490 | INFO     | __main__:objective:356 - Starting epoch #5.
2023-04-30 10:32:12.805 | INFO     | utils.logging:log_training_results:280 - 
2023-04-30 10:32:12.806 | INFO     | utils.logging:log_training_results:281 - Global Step =   2000
2023-04-30 10:32:12.806 | INFO     | utils.logging:log_training_results:282 - val mean(MacRec)_t: 0.8674867153167725
2023-04-30 10:32:12.807 | INFO     | utils.logging:log_training_results:287 - val mean ABSerr: 0.6039988398551941
2023-04-30 10:32:12.807 | INFO     | utils.logging:log_training_results:290 - val ausat from confmx: 0.9793683886528015
2023-04-30 10:32:12.808 | INFO     | utils.logging:log_training_results:326 - val MCE loss:1.01105 * 0.1
2023-04-30 10:32:12.808 | INFO     | utils.logging:log_training_results:333 - val LLLR :0.31386 * 0.4
2023-04-30 10:32:12.808 | INFO     | utils.logging:log_training_results:340 - val weight decay:578.13019 * 0.0006000000000000001
2023-04-30 10:32:13.722 | INFO     | utils.logging:save_sdre_imgs:710 - Figures saved.
2023-04-30 10:32:14.032 | INFO     | utils.logging:log_training_results:280 - 
2023-04-30 10:32:14.032 | INFO     | utils.logging:log_training_results:281 - Global Step =   2000
2023-04-30 10:32:14.032 | INFO     | utils.logging:log_training_results:282 - train mean(MacRec)_t: 0.8485704064369202
2023-04-30 10:32:14.033 | INFO     | utils.logging:log_training_results:287 - train mean ABSerr: 1.0060794353485107
2023-04-30 10:32:14.033 | INFO     | utils.logging:log_training_results:290 - train ausat from confmx: 0.9521555304527283
2023-04-30 10:32:14.033 | INFO     | utils.logging:log_training_results:326 - train MCE loss:1.02076 * 0.1
2023-04-30 10:32:14.034 | INFO     | utils.logging:log_training_results:333 - train LLLR :0.36669 * 0.4
2023-04-30 10:32:14.034 | INFO     | utils.logging:log_training_results:340 - train weight decay:578.13019 * 0.0006000000000000001
2023-04-30 10:32:34.156 | INFO     | utils.logging:log_training_results:280 - 
2023-04-30 10:32:34.157 | INFO     | utils.logging:log_training_results:281 - Global Step =   2250
2023-04-30 10:32:34.158 | INFO     | utils.logging:log_training_results:282 - val mean(MacRec)_t: 0.8680433630943298
2023-04-30 10:32:34.158 | INFO     | utils.logging:log_training_results:287 - val mean ABSerr: 0.6301301717758179
2023-04-30 10:32:34.158 | INFO     | utils.logging:log_training_results:290 - val ausat from confmx: 0.9796338677406311
2023-04-30 10:32:34.159 | INFO     | utils.logging:log_training_results:326 - val MCE loss:1.00908 * 0.1
2023-04-30 10:32:34.159 | INFO     | utils.logging:log_training_results:333 - val LLLR :0.31311 * 0.4
2023-04-30 10:32:34.160 | INFO     | utils.logging:log_training_results:340 - val weight decay:554.83899 * 0.0006000000000000001
2023-04-30 10:32:35.254 | INFO     | utils.logging:save_sdre_imgs:710 - Figures saved.
2023-04-30 10:32:35.576 | INFO     | utils.logging:log_training_results:280 - 
2023-04-30 10:32:35.577 | INFO     | utils.logging:log_training_results:281 - Global Step =   2250
2023-04-30 10:32:35.577 | INFO     | utils.logging:log_training_results:282 - train mean(MacRec)_t: 0.8600883483886719
2023-04-30 10:32:35.578 | INFO     | utils.logging:log_training_results:287 - train mean ABSerr: 1.0047633647918701
2023-04-30 10:32:35.578 | INFO     | utils.logging:log_training_results:290 - train ausat from confmx: 0.9742975234985352
2023-04-30 10:32:35.578 | INFO     | utils.logging:log_training_results:326 - train MCE loss:1.01785 * 0.1
2023-04-30 10:32:35.579 | INFO     | utils.logging:log_training_results:333 - train LLLR :0.37607 * 0.4
2023-04-30 10:32:35.579 | INFO     | utils.logging:log_training_results:340 - train weight decay:554.83899 * 0.0006000000000000001
2023-04-30 10:32:46.397 | INFO     | __main__:objective:356 - Starting epoch #6.
2023-04-30 10:32:55.868 | INFO     | utils.logging:log_training_results:280 - 
2023-04-30 10:32:55.869 | INFO     | utils.logging:log_training_results:281 - Global Step =   2500
2023-04-30 10:32:55.869 | INFO     | utils.logging:log_training_results:282 - val mean(MacRec)_t: 0.8684499859809875
2023-04-30 10:32:55.870 | INFO     | utils.logging:log_training_results:287 - val mean ABSerr: 0.580207109451294
2023-04-30 10:32:55.870 | INFO     | utils.logging:log_training_results:290 - val ausat from confmx: 0.980045735836029
2023-04-30 10:32:55.871 | INFO     | utils.logging:log_training_results:326 - val MCE loss:1.00723 * 0.1
2023-04-30 10:32:55.871 | INFO     | utils.logging:log_training_results:333 - val LLLR :0.31151 * 0.4
2023-04-30 10:32:55.871 | INFO     | utils.logging:log_training_results:340 - val weight decay:532.41107 * 0.0006000000000000001
2023-04-30 10:32:55.997 | INFO     | utils.checkpoint:update_and_save_result:168 - [36mBest value updated![0m
2023-04-30 10:32:56.010 | INFO     | utils.checkpoint:save_checkpoint:83 - [36mSaved checkpoint[0m at step 2500.
2023-04-30 10:32:56.012 | INFO     | utils.checkpoint:keep_max_num_saved_models:101 - Removed the oldest model for max_to_keep=1
2023-04-30 10:32:56.819 | INFO     | utils.logging:save_sdre_imgs:710 - Figures saved.
2023-04-30 10:32:57.129 | INFO     | utils.logging:log_training_results:280 - 
2023-04-30 10:32:57.132 | INFO     | utils.logging:log_training_results:281 - Global Step =   2500
2023-04-30 10:32:57.132 | INFO     | utils.logging:log_training_results:282 - train mean(MacRec)_t: 0.8871030807495117
2023-04-30 10:32:57.132 | INFO     | utils.logging:log_training_results:287 - train mean ABSerr: 0.962608814239502
2023-04-30 10:32:57.133 | INFO     | utils.logging:log_training_results:290 - train ausat from confmx: 0.9852883219718933
2023-04-30 10:32:57.133 | INFO     | utils.logging:log_training_results:326 - train MCE loss:1.01923 * 0.1
2023-04-30 10:32:57.134 | INFO     | utils.logging:log_training_results:333 - train LLLR :0.30006 * 0.4
2023-04-30 10:32:57.134 | INFO     | utils.logging:log_training_results:340 - train weight decay:532.41107 * 0.0006000000000000001
2023-04-30 10:33:17.406 | INFO     | utils.logging:log_training_results:280 - 
2023-04-30 10:33:17.407 | INFO     | utils.logging:log_training_results:281 - Global Step =   2750
2023-04-30 10:33:17.407 | INFO     | utils.logging:log_training_results:282 - val mean(MacRec)_t: 0.8667333126068115
2023-04-30 10:33:17.407 | INFO     | utils.logging:log_training_results:287 - val mean ABSerr: 0.6918982863426208
2023-04-30 10:33:17.408 | INFO     | utils.logging:log_training_results:290 - val ausat from confmx: 0.9772626161575317
2023-04-30 10:33:17.408 | INFO     | utils.logging:log_training_results:326 - val MCE loss:1.00658 * 0.1
2023-04-30 10:33:17.408 | INFO     | utils.logging:log_training_results:333 - val LLLR :0.31684 * 0.4
2023-04-30 10:33:17.409 | INFO     | utils.logging:log_training_results:340 - val weight decay:511.14819 * 0.0006000000000000001
2023-04-30 10:33:18.323 | INFO     | utils.logging:save_sdre_imgs:710 - Figures saved.
2023-04-30 10:33:18.626 | INFO     | utils.logging:log_training_results:280 - 
2023-04-30 10:33:18.628 | INFO     | utils.logging:log_training_results:281 - Global Step =   2750
2023-04-30 10:33:18.629 | INFO     | utils.logging:log_training_results:282 - train mean(MacRec)_t: 0.849240779876709
2023-04-30 10:33:18.629 | INFO     | utils.logging:log_training_results:287 - train mean ABSerr: 1.0252166986465454
2023-04-30 10:33:18.630 | INFO     | utils.logging:log_training_results:290 - train ausat from confmx: 0.9585049748420715
2023-04-30 10:33:18.630 | INFO     | utils.logging:log_training_results:326 - train MCE loss:1.01381 * 0.1
2023-04-30 10:33:18.631 | INFO     | utils.logging:log_training_results:333 - train LLLR :0.35453 * 0.4
2023-04-30 10:33:18.631 | INFO     | utils.logging:log_training_results:340 - train weight decay:511.14819 * 0.0006000000000000001
2023-04-30 10:33:22.228 | INFO     | __main__:objective:356 - Starting epoch #7.
2023-04-30 10:33:38.923 | INFO     | utils.logging:log_training_results:280 - 
2023-04-30 10:33:38.924 | INFO     | utils.logging:log_training_results:281 - Global Step =   3000
2023-04-30 10:33:38.924 | INFO     | utils.logging:log_training_results:282 - val mean(MacRec)_t: 0.8698232769966125
2023-04-30 10:33:38.924 | INFO     | utils.logging:log_training_results:287 - val mean ABSerr: 0.530230700969696
2023-04-30 10:33:38.925 | INFO     | utils.logging:log_training_results:290 - val ausat from confmx: 0.9804587960243225
2023-04-30 10:33:38.925 | INFO     | utils.logging:log_training_results:326 - val MCE loss:1.00486 * 0.1
2023-04-30 10:33:38.925 | INFO     | utils.logging:log_training_results:333 - val LLLR :0.30790 * 0.4
2023-04-30 10:33:38.926 | INFO     | utils.logging:log_training_results:340 - val weight decay:490.42706 * 0.0006000000000000001
2023-04-30 10:33:39.123 | INFO     | utils.checkpoint:update_and_save_result:168 - [36mBest value updated![0m
2023-04-30 10:33:39.140 | INFO     | utils.checkpoint:save_checkpoint:83 - [36mSaved checkpoint[0m at step 3000.
2023-04-30 10:33:39.143 | INFO     | utils.checkpoint:keep_max_num_saved_models:101 - Removed the oldest model for max_to_keep=1
2023-04-30 10:33:39.952 | INFO     | utils.logging:save_sdre_imgs:710 - Figures saved.
2023-04-30 10:33:40.255 | INFO     | utils.logging:log_training_results:280 - 
2023-04-30 10:33:40.255 | INFO     | utils.logging:log_training_results:281 - Global Step =   3000
2023-04-30 10:33:40.256 | INFO     | utils.logging:log_training_results:282 - train mean(MacRec)_t: 0.8699453473091125
2023-04-30 10:33:40.256 | INFO     | utils.logging:log_training_results:287 - train mean ABSerr: 0.9068254232406616
2023-04-30 10:33:40.256 | INFO     | utils.logging:log_training_results:290 - train ausat from confmx: 0.9709509015083313
2023-04-30 10:33:40.257 | INFO     | utils.logging:log_training_results:326 - train MCE loss:1.01318 * 0.1
2023-04-30 10:33:40.257 | INFO     | utils.logging:log_training_results:333 - train LLLR :0.31616 * 0.4
2023-04-30 10:33:40.257 | INFO     | utils.logging:log_training_results:340 - train weight decay:490.42706 * 0.0006000000000000001
2023-04-30 10:33:54.761 | INFO     | __main__:objective:356 - Starting epoch #8.
2023-04-30 10:34:00.662 | INFO     | utils.logging:log_training_results:280 - 
2023-04-30 10:34:00.662 | INFO     | utils.logging:log_training_results:281 - Global Step =   3250
2023-04-30 10:34:00.663 | INFO     | utils.logging:log_training_results:282 - val mean(MacRec)_t: 0.864696741104126
2023-04-30 10:34:00.663 | INFO     | utils.logging:log_training_results:287 - val mean ABSerr: 0.6499754786491394
2023-04-30 10:34:00.664 | INFO     | utils.logging:log_training_results:290 - val ausat from confmx: 0.976803719997406
2023-04-30 10:34:00.664 | INFO     | utils.logging:log_training_results:326 - val MCE loss:1.00388 * 0.1
2023-04-30 10:34:00.664 | INFO     | utils.logging:log_training_results:333 - val LLLR :0.32028 * 0.4
2023-04-30 10:34:00.665 | INFO     | utils.logging:log_training_results:340 - val weight decay:470.73727 * 0.0006000000000000001
2023-04-30 10:34:01.590 | INFO     | utils.logging:save_sdre_imgs:710 - Figures saved.
2023-04-30 10:34:01.903 | INFO     | utils.logging:log_training_results:280 - 
2023-04-30 10:34:01.904 | INFO     | utils.logging:log_training_results:281 - Global Step =   3250
2023-04-30 10:34:01.904 | INFO     | utils.logging:log_training_results:282 - train mean(MacRec)_t: 0.8643284440040588
2023-04-30 10:34:01.904 | INFO     | utils.logging:log_training_results:287 - train mean ABSerr: 0.9860673546791077
2023-04-30 10:34:01.905 | INFO     | utils.logging:log_training_results:290 - train ausat from confmx: 0.9596121311187744
2023-04-30 10:34:01.905 | INFO     | utils.logging:log_training_results:326 - train MCE loss:1.01179 * 0.1
2023-04-30 10:34:01.906 | INFO     | utils.logging:log_training_results:333 - train LLLR :0.32585 * 0.4
2023-04-30 10:34:01.906 | INFO     | utils.logging:log_training_results:340 - train weight decay:470.73727 * 0.0006000000000000001
2023-04-30 10:34:22.223 | INFO     | utils.logging:log_training_results:280 - 
2023-04-30 10:34:22.224 | INFO     | utils.logging:log_training_results:281 - Global Step =   3500
2023-04-30 10:34:22.224 | INFO     | utils.logging:log_training_results:282 - val mean(MacRec)_t: 0.8711100816726685
2023-04-30 10:34:22.225 | INFO     | utils.logging:log_training_results:287 - val mean ABSerr: 0.5001898407936096
2023-04-30 10:34:22.225 | INFO     | utils.logging:log_training_results:290 - val ausat from confmx: 0.9823927283287048
2023-04-30 10:34:22.226 | INFO     | utils.logging:log_training_results:326 - val MCE loss:1.00281 * 0.1
2023-04-30 10:34:22.226 | INFO     | utils.logging:log_training_results:333 - val LLLR :0.30493 * 0.4
2023-04-30 10:34:22.227 | INFO     | utils.logging:log_training_results:340 - val weight decay:451.53439 * 0.0006000000000000001
2023-04-30 10:34:22.353 | INFO     | utils.checkpoint:update_and_save_result:168 - [36mBest value updated![0m
2023-04-30 10:34:22.364 | INFO     | utils.checkpoint:save_checkpoint:83 - [36mSaved checkpoint[0m at step 3500.
2023-04-30 10:34:22.367 | INFO     | utils.checkpoint:keep_max_num_saved_models:101 - Removed the oldest model for max_to_keep=1
2023-04-30 10:34:23.181 | INFO     | utils.logging:save_sdre_imgs:710 - Figures saved.
2023-04-30 10:34:23.478 | INFO     | utils.logging:log_training_results:280 - 
2023-04-30 10:34:23.478 | INFO     | utils.logging:log_training_results:281 - Global Step =   3500
2023-04-30 10:34:23.479 | INFO     | utils.logging:log_training_results:282 - train mean(MacRec)_t: 0.8252418041229248
2023-04-30 10:34:23.479 | INFO     | utils.logging:log_training_results:287 - train mean ABSerr: 0.8677526712417603
2023-04-30 10:34:23.479 | INFO     | utils.logging:log_training_results:290 - train ausat from confmx: 0.9821354150772095
2023-04-30 10:34:23.480 | INFO     | utils.logging:log_training_results:326 - train MCE loss:1.01597 * 0.1
2023-04-30 10:34:23.480 | INFO     | utils.logging:log_training_results:333 - train LLLR :0.41016 * 0.4
2023-04-30 10:34:23.480 | INFO     | utils.logging:log_training_results:340 - train weight decay:451.53436 * 0.0006000000000000001
2023-04-30 10:34:30.805 | INFO     | __main__:objective:356 - Starting epoch #9.
2023-04-30 10:34:43.901 | INFO     | utils.logging:log_training_results:280 - 
2023-04-30 10:34:43.901 | INFO     | utils.logging:log_training_results:281 - Global Step =   3750
2023-04-30 10:34:43.902 | INFO     | utils.logging:log_training_results:282 - val mean(MacRec)_t: 0.8709399700164795
2023-04-30 10:34:43.902 | INFO     | utils.logging:log_training_results:287 - val mean ABSerr: 0.4625365734100342
2023-04-30 10:34:43.903 | INFO     | utils.logging:log_training_results:290 - val ausat from confmx: 0.9819046854972839
2023-04-30 10:34:43.903 | INFO     | utils.logging:log_training_results:326 - val MCE loss:1.00132 * 0.1
2023-04-30 10:34:43.903 | INFO     | utils.logging:log_training_results:333 - val LLLR :0.30486 * 0.4
2023-04-30 10:34:43.904 | INFO     | utils.logging:log_training_results:340 - val weight decay:432.90134 * 0.0006000000000000001
2023-04-30 10:34:45.027 | INFO     | utils.logging:save_sdre_imgs:710 - Figures saved.
2023-04-30 10:34:45.326 | INFO     | utils.logging:log_training_results:280 - 
2023-04-30 10:34:45.329 | INFO     | utils.logging:log_training_results:281 - Global Step =   3750
2023-04-30 10:34:45.329 | INFO     | utils.logging:log_training_results:282 - train mean(MacRec)_t: 0.8768450617790222
2023-04-30 10:34:45.329 | INFO     | utils.logging:log_training_results:287 - train mean ABSerr: 0.8107797503471375
2023-04-30 10:34:45.330 | INFO     | utils.logging:log_training_results:290 - train ausat from confmx: 0.9720590710639954
2023-04-30 10:34:45.330 | INFO     | utils.logging:log_training_results:326 - train MCE loss:1.00602 * 0.1
2023-04-30 10:34:45.331 | INFO     | utils.logging:log_training_results:333 - train LLLR :0.30780 * 0.4
2023-04-30 10:34:45.331 | INFO     | utils.logging:log_training_results:340 - train weight decay:432.90134 * 0.0006000000000000001
2023-04-30 10:35:03.593 | INFO     | utils.logging:investigate_log:155 - num_warning=0/num_error=0 in the .log file.
2023-04-30 10:35:03.763 | INFO     | optuna.study.study:_log_completed_trial:1020 - Trial 5 finished with value: 0.12888991832733154 and parameters: {'LIST_IS_POSITIONAL_ENCODING': True, 'LIST_IS_TRAINABLE_ENCODING': True, 'LIST_MODEL_BACKBONE': 'Transformer', 'LIST_WEIGHT_DECAY': 0.0006000000000000001, 'LIST_LEARNING_RATE': 7.647690965563958e-05, 'LIST_LLLR_VERSION': 'LSEL', 'LIST_ACTIVATION_FC': 'B2Bcbrt', 'LIST_PARAM_MULTIPLET_LOSS': 0.1, 'LIST_PARAM_LLR_LOSS': 0.4, 'LIST_IS_ADAPTIVE_LOSS': False, 'LIST_ORDER_SPRT': 1, 'LIST_OPTIMIZER': 'rmsprop', 'LIST_IS_NORMALIZE': False, 'LIST_NUM_THRESH': 1500, 'LIST_SPARSITY': 'unirandom', 'LIST_NUM_BLOCKS': 1, 'LIST_NUM_HEADS': 4, 'LIST_DROPOUT': 0.30000000000000004, 'LIST_FF_DIM': 32, 'LIST_MLP_UNITS': 32}. Best is trial 0 with value: 0.12630009651184082.
2023-04-30 10:35:03.783 | INFO     | utils.hyperparameter_tuning:suggest_parameters:560 - [33mStarting a tuning phase.[0m
2023-04-30 10:35:04.103 | INFO     | utils.hyperparameter_tuning:print:394 - 
+------------------------------------------+
|   Hyperparameteres suggested by Optuna   |
+------------------------+-----------------+
|     Parameter name     | Suggested value |
+------------------------+-----------------+
|     ACTIVATION_FC      |     B2Bsqrt     |
|        DROPOUT         |       0.5       |
|         FF_DIM         |        32       |
|    IS_ADAPTIVE_LOSS    |      False      |
|      IS_NORMALIZE      |      False      |
| IS_POSITIONAL_ENCODING |      False      |
|     LEARNING_RATE      |    0.00027577   |
|      LLLR_VERSION      |       LLLR      |
|       MLP_UNITS        |        32       |
|     MODEL_BACKBONE     |   Transformer   |
|       NUM_BLOCKS       |        1        |
|       NUM_HEADS        |        2        |
|       NUM_THRESH       |       1000      |
|       OPTIMIZER        |       adam      |
|       ORDER_SPRT       |        1        |
|     PARAM_LLR_LOSS     |       0.8       |
|  PARAM_MULTIPLET_LOSS  |       0.0       |
|        SPARSITY        |     logspace    |
|      WEIGHT_DECAY      |      0.0001     |
+------------------------+-----------------+
2023-04-30 10:35:04.105 | INFO     | utils.misc:create_directories_and_log:291 - [33mA new log directory was created: [0m/home/afe/Dropbox/GitHub/SPRT-TANDEM-PyTorch/logs/public_offset0_5_optimmacrec_tuning/checkpoints/Transformer_20230430_103504104/configs
2023-04-30 10:35:04.105 | INFO     | utils.misc:create_directories_and_log:291 - [33mA new log directory was created: [0m/home/afe/Dropbox/GitHub/SPRT-TANDEM-PyTorch/logs/public_offset0_5_optimmacrec_tuning/TensorBoard_events/Transformer_20230430_103504104
