2023-05-01 00:16:11.813 | INFO     | utils.misc:fix_random_seed:405 - Random seed is not fixed.
2023-05-01 00:16:11.843 | INFO     | models.temporal_integrators:summarize:568 - 
:'######::'########::'########::'########::::::::::::::::::::::
'##... ##: ##.... ##: ##.... ##:... ##..:::::::::::::::::::::::
 ##:::..:: ##:::: ##: ##:::: ##:::: ##:::::::::::::::::::::::::
. ######:: ########:: ########::::: ##::::'#######:::::::::::::
:..... ##: ##.....::: ##.. ##:::::: ##::::........:::::::::::::
'##::: ##: ##:::::::: ##::. ##::::: ##:::::::::::::::::::::::::
. ######:: ##:::::::: ##:::. ##:::: ##:::::::::::::::::::::::::
:......:::..:::::::::..:::::..:::::..::::::::::::::::::::::::::
'########::::'###::::'##::: ##:'########::'########:'##::::'##:
... ##..::::'## ##::: ###:: ##: ##.... ##: ##.....:: ###::'###:
::: ##:::::'##:. ##:: ####: ##: ##:::: ##: ##::::::: ####'####:
::: ##::::'##:::. ##: ## ## ##: ##:::: ##: ######::: ## ### ##:
::: ##:::: #########: ##. ####: ##:::: ##: ##...:::: ##. #: ##:
::: ##:::: ##.... ##: ##:. ###: ##:::: ##: ##::::::: ##:.:: ##:
::: ##:::: ##:::: ##: ##::. ##: ########:: ########: ##:::: ##:
:::..:::::..:::::..::..::::..::........:::........::..:::::..::

2023-05-01 00:16:11.844 | INFO     | models.temporal_integrators:summarize:571 - [34mofficial PyTorch implementation.[0m
2023-05-01 00:16:12.097 | INFO     | models.temporal_integrators:summarize:593 - Network summary:
===============================================================================================
Layer (type:depth-idx)                        Output Shape              Param #
===============================================================================================
TANDEMformer                                  [150, 50, 3, 3]           643
├─TransformerEncoder: 1-1                     [6900, 1, 128]            --
│    └─ModuleList: 2-5                        --                        (recursive)
│    │    └─TransformerEncoderLayer: 3-1      [6900, 1, 128]            83,136
│    │    └─TransformerEncoderLayer: 3-2      [6900, 1, 128]            83,136
├─Linear: 1-2                                 [6900, 64]                8,256
├─Dropout: 1-3                                [6900, 64]                --
├─TransformerEncoder: 1-4                     [6900, 2, 128]            (recursive)
│    └─ModuleList: 2-5                        --                        (recursive)
│    │    └─TransformerEncoderLayer: 3-3      [6900, 2, 128]            (recursive)
│    │    └─TransformerEncoderLayer: 3-4      [6900, 2, 128]            (recursive)
├─Linear: 1-5                                 [6900, 64]                (recursive)
├─Dropout: 1-6                                [6900, 64]                --
├─TransformerEncoder: 1-7                     [6900, 3, 128]            (recursive)
│    └─ModuleList: 2-5                        --                        (recursive)
│    │    └─TransformerEncoderLayer: 3-5      [6900, 3, 128]            (recursive)
│    │    └─TransformerEncoderLayer: 3-6      [6900, 3, 128]            (recursive)
├─Linear: 1-8                                 [6900, 64]                (recursive)
├─Dropout: 1-9                                [6900, 64]                --
├─TransformerEncoder: 1-10                    [6900, 4, 128]            (recursive)
│    └─ModuleList: 2-5                        --                        (recursive)
│    │    └─TransformerEncoderLayer: 3-7      [6900, 4, 128]            (recursive)
│    │    └─TransformerEncoderLayer: 3-8      [6900, 4, 128]            (recursive)
├─Linear: 1-11                                [6900, 64]                (recursive)
├─Dropout: 1-12                               [6900, 64]                --
├─TransformerEncoder: 1-13                    [6900, 5, 128]            (recursive)
│    └─ModuleList: 2-5                        --                        (recursive)
│    │    └─TransformerEncoderLayer: 3-9      [6900, 5, 128]            (recursive)
│    │    └─TransformerEncoderLayer: 3-10     [6900, 5, 128]            (recursive)
├─Linear: 1-14                                [6900, 64]                (recursive)
├─Dropout: 1-15                               [6900, 64]                --
├─Linear: 1-16                                [6900, 3]                 195
├─Linear: 1-17                                [6900, 3]                 (recursive)
├─Linear: 1-18                                [6900, 3]                 (recursive)
├─Linear: 1-19                                [6900, 3]                 (recursive)
├─Linear: 1-20                                [6900, 3]                 (recursive)
===============================================================================================
Total params: 175,366
Trainable params: 175,366
Non-trainable params: 0
Total mult-adds (G): 1.47
===============================================================================================
Input size (MB): 3.84
Forward/backward pass size (MB): 760.38
Params size (MB): 0.17
Estimated Total Size (MB): 764.39
===============================================================================================
2023-05-01 00:16:12.098 | INFO     | models.temporal_integrators:summarize:594 - Example input shape: torch.Size([150, 50, 128])
2023-05-01 00:16:12.098 | INFO     | models.temporal_integrators:summarize:595 - Example output shape: torch.Size([150, 50, 3, 3])
2023-05-01 00:16:12.100 | INFO     | models.temporal_integrators:import_model:58 - model moved onto: [33mcuda.[0m
2023-05-01 00:16:12.101 | INFO     | models.optimizers:initialize_optimizer:44 - Optimizer:
AdamW (
Parameter Group 0
    amsgrad: False
    betas: (0.9, 0.999)
    capturable: False
    differentiable: False
    eps: 1e-08
    foreach: None
    fused: None
    lr: 1.5327663782819415e-05
    maximize: False
    weight_decay: 0.00030000000000000003
)
2023-05-01 00:16:12.101 | INFO     | datasets.data_processing:lmdb_dataloaders:293 - loading data... 
2023-05-01 00:16:12.101 | INFO     | datasets.data_processing:lmdb_dataloaders:295 - If this process takes long, consider setting is_load_onto_memory=False or use LMDBIterableDataset.
2023-05-01 00:16:14.586 | INFO     | __main__:objective:356 - Starting epoch #0.
2023-05-01 00:16:19.904 | INFO     | utils.logging:log_training_results:280 - 
2023-05-01 00:16:19.905 | INFO     | utils.logging:log_training_results:281 - Global Step =      0
2023-05-01 00:16:19.906 | INFO     | utils.logging:log_training_results:282 - val mean(MacRec)_t: 0.3243033289909363
2023-05-01 00:16:19.906 | INFO     | utils.logging:log_training_results:287 - val mean ABSerr: 3.5475430488586426
2023-05-01 00:16:19.906 | INFO     | utils.logging:log_training_results:290 - val ausat from confmx: 0.331129252910614
2023-05-01 00:16:19.907 | INFO     | utils.logging:log_training_results:301 - val MCE loss:1.11118 * 1.0 * -0.45256
2023-05-01 00:16:19.907 | INFO     | utils.logging:log_training_results:309 - val LLLR :1.23129 * 0.1 * 1.09347
2023-05-01 00:16:19.908 | INFO     | utils.logging:log_training_results:317 - val weight decay:1688.89929 * 0.00030000000000000003 * -0.45588
2023-05-01 00:16:20.764 | INFO     | utils.logging:save_sdre_imgs:710 - Figures saved.
2023-05-01 00:16:21.212 | INFO     | utils.logging:log_training_results:280 - 
2023-05-01 00:16:21.212 | INFO     | utils.logging:log_training_results:281 - Global Step =      0
2023-05-01 00:16:21.213 | INFO     | utils.logging:log_training_results:282 - train mean(MacRec)_t: 0.3604141175746918
2023-05-01 00:16:21.213 | INFO     | utils.logging:log_training_results:287 - train mean ABSerr: 3.560148000717163
2023-05-01 00:16:21.213 | INFO     | utils.logging:log_training_results:290 - train ausat from confmx: 0.338370144367218
2023-05-01 00:16:21.214 | INFO     | utils.logging:log_training_results:301 - train MCE loss:1.10905 * 1.0 * -0.45258
2023-05-01 00:16:21.214 | INFO     | utils.logging:log_training_results:309 - train LLLR :1.30174 * 0.1 * 1.09346
2023-05-01 00:16:21.215 | INFO     | utils.logging:log_training_results:317 - train weight decay:1688.89917 * 0.00030000000000000003 * -0.45589
2023-05-01 00:17:12.987 | INFO     | utils.logging:log_training_results:280 - 
2023-05-01 00:17:12.988 | INFO     | utils.logging:log_training_results:281 - Global Step =    250
2023-05-01 00:17:12.989 | INFO     | utils.logging:log_training_results:282 - val mean(MacRec)_t: 0.646506667137146
2023-05-01 00:17:12.989 | INFO     | utils.logging:log_training_results:287 - val mean ABSerr: 3.1790573596954346
2023-05-01 00:17:12.989 | INFO     | utils.logging:log_training_results:290 - val ausat from confmx: 0.7516525387763977
2023-05-01 00:17:12.990 | INFO     | utils.logging:log_training_results:301 - val MCE loss:1.06519 * 1.0 * -0.45632
2023-05-01 00:17:12.990 | INFO     | utils.logging:log_training_results:309 - val LLLR :0.84108 * 0.1 * 1.08962
2023-05-01 00:17:12.991 | INFO     | utils.logging:log_training_results:317 - val weight decay:1650.43091 * 0.00030000000000000003 * -0.45951
2023-05-01 00:17:13.037 | INFO     | utils.checkpoint:update_and_save_result:168 - [36mBest value updated![0m
2023-05-01 00:17:13.055 | INFO     | utils.checkpoint:save_checkpoint:83 - [36mSaved checkpoint[0m at step 250.
2023-05-01 00:17:13.903 | INFO     | utils.logging:save_sdre_imgs:710 - Figures saved.
2023-05-01 00:17:14.324 | INFO     | utils.logging:log_training_results:280 - 
2023-05-01 00:17:14.325 | INFO     | utils.logging:log_training_results:281 - Global Step =    250
2023-05-01 00:17:14.326 | INFO     | utils.logging:log_training_results:282 - train mean(MacRec)_t: 0.486393541097641
2023-05-01 00:17:14.326 | INFO     | utils.logging:log_training_results:287 - train mean ABSerr: 3.361030101776123
2023-05-01 00:17:14.326 | INFO     | utils.logging:log_training_results:290 - train ausat from confmx: 0.5576506853103638
2023-05-01 00:17:14.327 | INFO     | utils.logging:log_training_results:301 - train MCE loss:1.07167 * 1.0 * -0.45633
2023-05-01 00:17:14.327 | INFO     | utils.logging:log_training_results:309 - train LLLR :1.02660 * 0.1 * 1.08961
2023-05-01 00:17:14.328 | INFO     | utils.logging:log_training_results:317 - train weight decay:1650.43091 * 0.00030000000000000003 * -0.45953
2023-05-01 00:17:42.422 | INFO     | __main__:objective:356 - Starting epoch #1.
2023-05-01 00:18:06.572 | INFO     | utils.logging:log_training_results:280 - 
2023-05-01 00:18:06.573 | INFO     | utils.logging:log_training_results:281 - Global Step =    500
2023-05-01 00:18:06.574 | INFO     | utils.logging:log_training_results:282 - val mean(MacRec)_t: 0.8017799854278564
2023-05-01 00:18:06.574 | INFO     | utils.logging:log_training_results:287 - val mean ABSerr: 2.542902946472168
2023-05-01 00:18:06.574 | INFO     | utils.logging:log_training_results:290 - val ausat from confmx: 0.9293265342712402
2023-05-01 00:18:06.575 | INFO     | utils.logging:log_training_results:301 - val MCE loss:1.00472 * 1.0 * -0.45988
2023-05-01 00:18:06.575 | INFO     | utils.logging:log_training_results:309 - val LLLR :0.53253 * 0.1 * 1.08575
2023-05-01 00:18:06.576 | INFO     | utils.logging:log_training_results:317 - val weight decay:1616.58044 * 0.00030000000000000003 * -0.46270
2023-05-01 00:18:06.624 | INFO     | utils.checkpoint:update_and_save_result:168 - [36mBest value updated![0m
2023-05-01 00:18:06.647 | INFO     | utils.checkpoint:save_checkpoint:83 - [36mSaved checkpoint[0m at step 500.
2023-05-01 00:18:06.651 | INFO     | utils.checkpoint:keep_max_num_saved_models:101 - Removed the oldest model for max_to_keep=1
2023-05-01 00:18:07.479 | INFO     | utils.logging:save_sdre_imgs:710 - Figures saved.
2023-05-01 00:18:07.896 | INFO     | utils.logging:log_training_results:280 - 
2023-05-01 00:18:07.897 | INFO     | utils.logging:log_training_results:281 - Global Step =    500
2023-05-01 00:18:07.897 | INFO     | utils.logging:log_training_results:282 - train mean(MacRec)_t: 0.7064353823661804
2023-05-01 00:18:07.898 | INFO     | utils.logging:log_training_results:287 - train mean ABSerr: 2.567939043045044
2023-05-01 00:18:07.898 | INFO     | utils.logging:log_training_results:290 - train ausat from confmx: 0.8287891745567322
2023-05-01 00:18:07.899 | INFO     | utils.logging:log_training_results:301 - train MCE loss:1.01077 * 1.0 * -0.45989
2023-05-01 00:18:07.899 | INFO     | utils.logging:log_training_results:309 - train LLLR :0.68373 * 0.1 * 1.08573
2023-05-01 00:18:07.899 | INFO     | utils.logging:log_training_results:317 - train weight decay:1616.58044 * 0.00030000000000000003 * -0.46271
2023-05-01 00:18:59.888 | INFO     | utils.logging:log_training_results:280 - 
2023-05-01 00:18:59.888 | INFO     | utils.logging:log_training_results:281 - Global Step =    750
2023-05-01 00:18:59.889 | INFO     | utils.logging:log_training_results:282 - val mean(MacRec)_t: 0.8534999489784241
2023-05-01 00:18:59.889 | INFO     | utils.logging:log_training_results:287 - val mean ABSerr: 1.4771660566329956
2023-05-01 00:18:59.890 | INFO     | utils.logging:log_training_results:290 - val ausat from confmx: 0.9654009342193604
2023-05-01 00:18:59.890 | INFO     | utils.logging:log_training_results:301 - val MCE loss:0.93432 * 1.0 * -0.46318
2023-05-01 00:18:59.891 | INFO     | utils.logging:log_training_results:309 - val LLLR :0.35825 * 0.1 * 1.08185
2023-05-01 00:18:59.891 | INFO     | utils.logging:log_training_results:317 - val weight decay:1588.75452 * 0.00030000000000000003 * -0.46545
2023-05-01 00:18:59.938 | INFO     | utils.checkpoint:update_and_save_result:168 - [36mBest value updated![0m
2023-05-01 00:18:59.958 | INFO     | utils.checkpoint:save_checkpoint:83 - [36mSaved checkpoint[0m at step 750.
2023-05-01 00:18:59.961 | INFO     | utils.checkpoint:keep_max_num_saved_models:101 - Removed the oldest model for max_to_keep=1
2023-05-01 00:19:00.965 | INFO     | utils.logging:save_sdre_imgs:710 - Figures saved.
2023-05-01 00:19:01.364 | INFO     | utils.logging:log_training_results:280 - 
2023-05-01 00:19:01.365 | INFO     | utils.logging:log_training_results:281 - Global Step =    750
2023-05-01 00:19:01.365 | INFO     | utils.logging:log_training_results:282 - train mean(MacRec)_t: 0.7513147592544556
2023-05-01 00:19:01.366 | INFO     | utils.logging:log_training_results:287 - train mean ABSerr: 1.8488601446151733
2023-05-01 00:19:01.366 | INFO     | utils.logging:log_training_results:290 - train ausat from confmx: 0.8837366104125977
2023-05-01 00:19:01.367 | INFO     | utils.logging:log_training_results:301 - train MCE loss:0.95934 * 1.0 * -0.46319
2023-05-01 00:19:01.367 | INFO     | utils.logging:log_training_results:309 - train LLLR :0.57652 * 0.1 * 1.08183
2023-05-01 00:19:01.367 | INFO     | utils.logging:log_training_results:317 - train weight decay:1588.75452 * 0.00030000000000000003 * -0.46546
2023-05-01 00:19:10.693 | INFO     | __main__:objective:356 - Starting epoch #2.
2023-05-01 00:19:53.667 | INFO     | utils.logging:log_training_results:280 - 
2023-05-01 00:19:53.668 | INFO     | utils.logging:log_training_results:281 - Global Step =   1000
2023-05-01 00:19:53.669 | INFO     | utils.logging:log_training_results:282 - val mean(MacRec)_t: 0.8704200387001038
2023-05-01 00:19:53.670 | INFO     | utils.logging:log_training_results:287 - val mean ABSerr: 0.5559360980987549
2023-05-01 00:19:53.671 | INFO     | utils.logging:log_training_results:290 - val ausat from confmx: 0.975153386592865
2023-05-01 00:19:53.671 | INFO     | utils.logging:log_training_results:301 - val MCE loss:0.89811 * 1.0 * -0.46631
2023-05-01 00:19:53.672 | INFO     | utils.logging:log_training_results:309 - val LLLR :0.30594 * 0.1 * 1.07794
2023-05-01 00:19:53.673 | INFO     | utils.logging:log_training_results:317 - val weight decay:1563.61755 * 0.00030000000000000003 * -0.46777
2023-05-01 00:19:53.724 | INFO     | utils.checkpoint:update_and_save_result:168 - [36mBest value updated![0m
2023-05-01 00:19:53.760 | INFO     | utils.checkpoint:save_checkpoint:83 - [36mSaved checkpoint[0m at step 1000.
2023-05-01 00:19:53.764 | INFO     | utils.checkpoint:keep_max_num_saved_models:101 - Removed the oldest model for max_to_keep=1
2023-05-01 00:19:54.589 | INFO     | utils.logging:save_sdre_imgs:710 - Figures saved.
2023-05-01 00:19:55.001 | INFO     | utils.logging:log_training_results:280 - 
2023-05-01 00:19:55.002 | INFO     | utils.logging:log_training_results:281 - Global Step =   1000
2023-05-01 00:19:55.002 | INFO     | utils.logging:log_training_results:282 - train mean(MacRec)_t: 0.820222020149231
2023-05-01 00:19:55.003 | INFO     | utils.logging:log_training_results:287 - train mean ABSerr: 1.4422111511230469
2023-05-01 00:19:55.003 | INFO     | utils.logging:log_training_results:290 - train ausat from confmx: 0.9443528056144714
2023-05-01 00:19:55.003 | INFO     | utils.logging:log_training_results:301 - train MCE loss:0.91941 * 1.0 * -0.46632
2023-05-01 00:19:55.004 | INFO     | utils.logging:log_training_results:309 - train LLLR :0.44483 * 0.1 * 1.07793
2023-05-01 00:19:55.004 | INFO     | utils.logging:log_training_results:317 - train weight decay:1563.61743 * 0.00030000000000000003 * -0.46778
2023-05-01 00:20:32.588 | INFO     | __main__:objective:356 - Starting epoch #3.
2023-05-01 00:20:47.419 | INFO     | utils.logging:log_training_results:280 - 
2023-05-01 00:20:47.420 | INFO     | utils.logging:log_training_results:281 - Global Step =   1250
2023-05-01 00:20:47.420 | INFO     | utils.logging:log_training_results:282 - val mean(MacRec)_t: 0.8739399313926697
2023-05-01 00:20:47.421 | INFO     | utils.logging:log_training_results:287 - val mean ABSerr: 0.31287533044815063
2023-05-01 00:20:47.421 | INFO     | utils.logging:log_training_results:290 - val ausat from confmx: 0.9763050675392151
2023-05-01 00:20:47.422 | INFO     | utils.logging:log_training_results:301 - val MCE loss:0.88973 * 1.0 * -0.46943
2023-05-01 00:20:47.422 | INFO     | utils.logging:log_training_results:309 - val LLLR :0.29736 * 0.1 * 1.07406
2023-05-01 00:20:47.423 | INFO     | utils.logging:log_training_results:317 - val weight decay:1539.24976 * 0.00030000000000000003 * -0.46961
2023-05-01 00:20:47.475 | INFO     | utils.checkpoint:update_and_save_result:168 - [36mBest value updated![0m
2023-05-01 00:20:47.497 | INFO     | utils.checkpoint:save_checkpoint:83 - [36mSaved checkpoint[0m at step 1250.
2023-05-01 00:20:47.499 | INFO     | utils.checkpoint:keep_max_num_saved_models:101 - Removed the oldest model for max_to_keep=1
2023-05-01 00:20:48.299 | INFO     | utils.logging:save_sdre_imgs:710 - Figures saved.
2023-05-01 00:20:48.751 | INFO     | utils.logging:log_training_results:280 - 
2023-05-01 00:20:48.751 | INFO     | utils.logging:log_training_results:281 - Global Step =   1250
2023-05-01 00:20:48.752 | INFO     | utils.logging:log_training_results:282 - train mean(MacRec)_t: 0.8406478762626648
2023-05-01 00:20:48.752 | INFO     | utils.logging:log_training_results:287 - train mean ABSerr: 1.4366509914398193
2023-05-01 00:20:48.752 | INFO     | utils.logging:log_training_results:290 - train ausat from confmx: 0.9442566633224487
2023-05-01 00:20:48.753 | INFO     | utils.logging:log_training_results:301 - train MCE loss:0.89818 * 1.0 * -0.46944
2023-05-01 00:20:48.753 | INFO     | utils.logging:log_training_results:309 - train LLLR :0.42754 * 0.1 * 1.07404
2023-05-01 00:20:48.754 | INFO     | utils.logging:log_training_results:317 - train weight decay:1539.24976 * 0.00030000000000000003 * -0.46962
2023-05-01 00:21:41.302 | INFO     | utils.logging:log_training_results:280 - 
2023-05-01 00:21:41.302 | INFO     | utils.logging:log_training_results:281 - Global Step =   1500
2023-05-01 00:21:41.303 | INFO     | utils.logging:log_training_results:282 - val mean(MacRec)_t: 0.874750018119812
2023-05-01 00:21:41.303 | INFO     | utils.logging:log_training_results:287 - val mean ABSerr: 0.2951410114765167
2023-05-01 00:21:41.304 | INFO     | utils.logging:log_training_results:290 - val ausat from confmx: 0.9776365756988525
2023-05-01 00:21:41.304 | INFO     | utils.logging:log_training_results:301 - val MCE loss:0.88808 * 1.0 * -0.47260
2023-05-01 00:21:41.305 | INFO     | utils.logging:log_training_results:309 - val LLLR :0.29593 * 0.1 * 1.07018
2023-05-01 00:21:41.305 | INFO     | utils.logging:log_training_results:317 - val weight decay:1515.91479 * 0.00030000000000000003 * -0.47090
2023-05-01 00:21:41.354 | INFO     | utils.checkpoint:update_and_save_result:168 - [36mBest value updated![0m
2023-05-01 00:21:41.373 | INFO     | utils.checkpoint:save_checkpoint:83 - [36mSaved checkpoint[0m at step 1500.
2023-05-01 00:21:41.376 | INFO     | utils.checkpoint:keep_max_num_saved_models:101 - Removed the oldest model for max_to_keep=1
2023-05-01 00:21:42.173 | INFO     | utils.logging:save_sdre_imgs:710 - Figures saved.
2023-05-01 00:21:42.595 | INFO     | utils.logging:log_training_results:280 - 
2023-05-01 00:21:42.596 | INFO     | utils.logging:log_training_results:281 - Global Step =   1500
2023-05-01 00:21:42.596 | INFO     | utils.logging:log_training_results:282 - train mean(MacRec)_t: 0.8433557748794556
2023-05-01 00:21:42.597 | INFO     | utils.logging:log_training_results:287 - train mean ABSerr: 1.5060615539550781
2023-05-01 00:21:42.597 | INFO     | utils.logging:log_training_results:290 - train ausat from confmx: 0.9263009428977966
2023-05-01 00:21:42.597 | INFO     | utils.logging:log_training_results:301 - train MCE loss:0.90538 * 1.0 * -0.47261
2023-05-01 00:21:42.598 | INFO     | utils.logging:log_training_results:309 - train LLLR :0.40879 * 0.1 * 1.07017
2023-05-01 00:21:42.598 | INFO     | utils.logging:log_training_results:317 - train weight decay:1515.91479 * 0.00030000000000000003 * -0.47091
2023-05-01 00:22:01.407 | INFO     | __main__:objective:356 - Starting epoch #4.
2023-05-01 00:22:35.135 | INFO     | utils.logging:log_training_results:280 - 
2023-05-01 00:22:35.136 | INFO     | utils.logging:log_training_results:281 - Global Step =   1750
2023-05-01 00:22:35.137 | INFO     | utils.logging:log_training_results:282 - val mean(MacRec)_t: 0.8751633167266846
2023-05-01 00:22:35.137 | INFO     | utils.logging:log_training_results:287 - val mean ABSerr: 0.3037976026535034
2023-05-01 00:22:35.137 | INFO     | utils.logging:log_training_results:290 - val ausat from confmx: 0.9777451157569885
2023-05-01 00:22:35.138 | INFO     | utils.logging:log_training_results:301 - val MCE loss:0.88743 * 1.0 * -0.47580
2023-05-01 00:22:35.138 | INFO     | utils.logging:log_training_results:309 - val LLLR :0.29546 * 0.1 * 1.06631
2023-05-01 00:22:35.139 | INFO     | utils.logging:log_training_results:317 - val weight decay:1493.62146 * 0.00030000000000000003 * -0.47158
2023-05-01 00:22:35.187 | INFO     | utils.checkpoint:update_and_save_result:168 - [36mBest value updated![0m
2023-05-01 00:22:35.205 | INFO     | utils.checkpoint:save_checkpoint:83 - [36mSaved checkpoint[0m at step 1750.
2023-05-01 00:22:35.208 | INFO     | utils.checkpoint:keep_max_num_saved_models:101 - Removed the oldest model for max_to_keep=1
2023-05-01 00:22:36.013 | INFO     | utils.logging:save_sdre_imgs:710 - Figures saved.
2023-05-01 00:22:36.433 | INFO     | utils.logging:log_training_results:280 - 
2023-05-01 00:22:36.434 | INFO     | utils.logging:log_training_results:281 - Global Step =   1750
2023-05-01 00:22:36.434 | INFO     | utils.logging:log_training_results:282 - train mean(MacRec)_t: 0.8528333306312561
2023-05-01 00:22:36.435 | INFO     | utils.logging:log_training_results:287 - train mean ABSerr: 1.4836996793746948
2023-05-01 00:22:36.435 | INFO     | utils.logging:log_training_results:290 - train ausat from confmx: 0.9612559676170349
2023-05-01 00:22:36.435 | INFO     | utils.logging:log_training_results:301 - train MCE loss:0.90624 * 1.0 * -0.47581
2023-05-01 00:22:36.436 | INFO     | utils.logging:log_training_results:309 - train LLLR :0.36596 * 0.1 * 1.06629
2023-05-01 00:22:36.436 | INFO     | utils.logging:log_training_results:317 - train weight decay:1493.62146 * 0.00030000000000000003 * -0.47158
2023-05-01 00:23:23.498 | INFO     | __main__:objective:356 - Starting epoch #5.
2023-05-01 00:23:28.850 | INFO     | utils.logging:log_training_results:280 - 
2023-05-01 00:23:28.851 | INFO     | utils.logging:log_training_results:281 - Global Step =   2000
2023-05-01 00:23:28.851 | INFO     | utils.logging:log_training_results:282 - val mean(MacRec)_t: 0.8754633665084839
2023-05-01 00:23:28.852 | INFO     | utils.logging:log_training_results:287 - val mean ABSerr: 0.2989128828048706
2023-05-01 00:23:28.852 | INFO     | utils.logging:log_training_results:290 - val ausat from confmx: 0.977733314037323
2023-05-01 00:23:28.853 | INFO     | utils.logging:log_training_results:301 - val MCE loss:0.88706 * 1.0 * -0.47903
2023-05-01 00:23:28.853 | INFO     | utils.logging:log_training_results:309 - val LLLR :0.29486 * 0.1 * 1.06244
2023-05-01 00:23:28.853 | INFO     | utils.logging:log_training_results:317 - val weight decay:1472.02234 * 0.00030000000000000003 * -0.47159
2023-05-01 00:23:28.908 | INFO     | utils.checkpoint:update_and_save_result:168 - [36mBest value updated![0m
2023-05-01 00:23:28.930 | INFO     | utils.checkpoint:save_checkpoint:83 - [36mSaved checkpoint[0m at step 2000.
2023-05-01 00:23:28.933 | INFO     | utils.checkpoint:keep_max_num_saved_models:101 - Removed the oldest model for max_to_keep=1
2023-05-01 00:23:29.745 | INFO     | utils.logging:save_sdre_imgs:710 - Figures saved.
2023-05-01 00:23:30.168 | INFO     | utils.logging:log_training_results:280 - 
2023-05-01 00:23:30.169 | INFO     | utils.logging:log_training_results:281 - Global Step =   2000
2023-05-01 00:23:30.169 | INFO     | utils.logging:log_training_results:282 - train mean(MacRec)_t: 0.8337519764900208
2023-05-01 00:23:30.169 | INFO     | utils.logging:log_training_results:287 - train mean ABSerr: 1.3646960258483887
2023-05-01 00:23:30.170 | INFO     | utils.logging:log_training_results:290 - train ausat from confmx: 0.9398561120033264
2023-05-01 00:23:30.170 | INFO     | utils.logging:log_training_results:301 - train MCE loss:0.89330 * 1.0 * -0.47905
2023-05-01 00:23:30.171 | INFO     | utils.logging:log_training_results:309 - train LLLR :0.42871 * 0.1 * 1.06242
2023-05-01 00:23:30.171 | INFO     | utils.logging:log_training_results:317 - train weight decay:1472.02234 * 0.00030000000000000003 * -0.47158
2023-05-01 00:24:22.303 | INFO     | utils.logging:log_training_results:280 - 
2023-05-01 00:24:22.303 | INFO     | utils.logging:log_training_results:281 - Global Step =   2250
2023-05-01 00:24:22.304 | INFO     | utils.logging:log_training_results:282 - val mean(MacRec)_t: 0.8753333687782288
2023-05-01 00:24:22.304 | INFO     | utils.logging:log_training_results:287 - val mean ABSerr: 0.2935858964920044
2023-05-01 00:24:22.305 | INFO     | utils.logging:log_training_results:290 - val ausat from confmx: 0.9780845046043396
2023-05-01 00:24:22.305 | INFO     | utils.logging:log_training_results:301 - val MCE loss:0.88679 * 1.0 * -0.48228
2023-05-01 00:24:22.305 | INFO     | utils.logging:log_training_results:309 - val LLLR :0.29482 * 0.1 * 1.05856
2023-05-01 00:24:22.306 | INFO     | utils.logging:log_training_results:317 - val weight decay:1450.98279 * 0.00030000000000000003 * -0.47087
2023-05-01 00:24:23.161 | INFO     | utils.logging:save_sdre_imgs:710 - Figures saved.
2023-05-01 00:24:23.572 | INFO     | utils.logging:log_training_results:280 - 
2023-05-01 00:24:23.572 | INFO     | utils.logging:log_training_results:281 - Global Step =   2250
2023-05-01 00:24:23.573 | INFO     | utils.logging:log_training_results:282 - train mean(MacRec)_t: 0.8050780892372131
2023-05-01 00:24:23.573 | INFO     | utils.logging:log_training_results:287 - train mean ABSerr: 1.3742619752883911
2023-05-01 00:24:23.573 | INFO     | utils.logging:log_training_results:290 - train ausat from confmx: 0.9500492215156555
2023-05-01 00:24:23.574 | INFO     | utils.logging:log_training_results:301 - train MCE loss:0.91803 * 1.0 * -0.48229
2023-05-01 00:24:23.574 | INFO     | utils.logging:log_training_results:309 - train LLLR :0.50259 * 0.1 * 1.05855
2023-05-01 00:24:23.575 | INFO     | utils.logging:log_training_results:317 - train weight decay:1450.98279 * 0.00030000000000000003 * -0.47087
2023-05-01 00:24:51.599 | INFO     | __main__:objective:356 - Starting epoch #6.
2023-05-01 00:25:15.815 | INFO     | utils.logging:log_training_results:280 - 
2023-05-01 00:25:15.816 | INFO     | utils.logging:log_training_results:281 - Global Step =   2500
2023-05-01 00:25:15.817 | INFO     | utils.logging:log_training_results:282 - val mean(MacRec)_t: 0.8753133416175842
2023-05-01 00:25:15.817 | INFO     | utils.logging:log_training_results:287 - val mean ABSerr: 0.2949487864971161
2023-05-01 00:25:15.817 | INFO     | utils.logging:log_training_results:290 - val ausat from confmx: 0.977536678314209
2023-05-01 00:25:15.818 | INFO     | utils.logging:log_training_results:301 - val MCE loss:0.88664 * 1.0 * -0.48553
2023-05-01 00:25:15.818 | INFO     | utils.logging:log_training_results:309 - val LLLR :0.29464 * 0.1 * 1.05469
2023-05-01 00:25:15.819 | INFO     | utils.logging:log_training_results:317 - val weight decay:1430.33630 * 0.00030000000000000003 * -0.46945
2023-05-01 00:25:16.918 | INFO     | utils.logging:save_sdre_imgs:710 - Figures saved.
2023-05-01 00:25:17.363 | INFO     | utils.logging:log_training_results:280 - 
2023-05-01 00:25:17.363 | INFO     | utils.logging:log_training_results:281 - Global Step =   2500
2023-05-01 00:25:17.364 | INFO     | utils.logging:log_training_results:282 - train mean(MacRec)_t: 0.8717007040977478
2023-05-01 00:25:17.364 | INFO     | utils.logging:log_training_results:287 - train mean ABSerr: 1.312034010887146
2023-05-01 00:25:17.364 | INFO     | utils.logging:log_training_results:290 - train ausat from confmx: 0.95805823802948
2023-05-01 00:25:17.365 | INFO     | utils.logging:log_training_results:301 - train MCE loss:0.88636 * 1.0 * -0.48555
2023-05-01 00:25:17.365 | INFO     | utils.logging:log_training_results:309 - train LLLR :0.33433 * 0.1 * 1.05467
2023-05-01 00:25:17.365 | INFO     | utils.logging:log_training_results:317 - train weight decay:1430.33630 * 0.00030000000000000003 * -0.46945
2023-05-01 00:26:09.819 | INFO     | utils.logging:log_training_results:280 - 
2023-05-01 00:26:09.820 | INFO     | utils.logging:log_training_results:281 - Global Step =   2750
2023-05-01 00:26:09.821 | INFO     | utils.logging:log_training_results:282 - val mean(MacRec)_t: 0.8755199909210205
2023-05-01 00:26:09.821 | INFO     | utils.logging:log_training_results:287 - val mean ABSerr: 0.28105849027633667
2023-05-01 00:26:09.821 | INFO     | utils.logging:log_training_results:290 - val ausat from confmx: 0.977177619934082
2023-05-01 00:26:09.822 | INFO     | utils.logging:log_training_results:301 - val MCE loss:0.88641 * 1.0 * -0.48879
2023-05-01 00:26:09.822 | INFO     | utils.logging:log_training_results:309 - val LLLR :0.29424 * 0.1 * 1.05081
2023-05-01 00:26:09.823 | INFO     | utils.logging:log_training_results:317 - val weight decay:1409.94690 * 0.00030000000000000003 * -0.46739
2023-05-01 00:26:09.872 | INFO     | utils.checkpoint:update_and_save_result:168 - [36mBest value updated![0m
2023-05-01 00:26:09.891 | INFO     | utils.checkpoint:save_checkpoint:83 - [36mSaved checkpoint[0m at step 2750.
2023-05-01 00:26:09.894 | INFO     | utils.checkpoint:keep_max_num_saved_models:101 - Removed the oldest model for max_to_keep=1
2023-05-01 00:26:10.697 | INFO     | utils.logging:save_sdre_imgs:710 - Figures saved.
2023-05-01 00:26:11.122 | INFO     | utils.logging:log_training_results:280 - 
2023-05-01 00:26:11.123 | INFO     | utils.logging:log_training_results:281 - Global Step =   2750
2023-05-01 00:26:11.123 | INFO     | utils.logging:log_training_results:282 - train mean(MacRec)_t: 0.8554494976997375
2023-05-01 00:26:11.123 | INFO     | utils.logging:log_training_results:287 - train mean ABSerr: 1.2910405397415161
2023-05-01 00:26:11.124 | INFO     | utils.logging:log_training_results:290 - train ausat from confmx: 0.9655140042304993
2023-05-01 00:26:11.124 | INFO     | utils.logging:log_training_results:301 - train MCE loss:0.89237 * 1.0 * -0.48881
2023-05-01 00:26:11.125 | INFO     | utils.logging:log_training_results:309 - train LLLR :0.36067 * 0.1 * 1.05080
2023-05-01 00:26:11.125 | INFO     | utils.logging:log_training_results:317 - train weight decay:1409.94690 * 0.00030000000000000003 * -0.46738
2023-05-01 00:26:20.408 | INFO     | __main__:objective:356 - Starting epoch #7.
2023-05-01 00:27:03.193 | INFO     | utils.logging:log_training_results:280 - 
2023-05-01 00:27:03.194 | INFO     | utils.logging:log_training_results:281 - Global Step =   3000
2023-05-01 00:27:03.195 | INFO     | utils.logging:log_training_results:282 - val mean(MacRec)_t: 0.8755733370780945
2023-05-01 00:27:03.195 | INFO     | utils.logging:log_training_results:287 - val mean ABSerr: 0.2763339877128601
2023-05-01 00:27:03.195 | INFO     | utils.logging:log_training_results:290 - val ausat from confmx: 0.9778395295143127
2023-05-01 00:27:03.196 | INFO     | utils.logging:log_training_results:301 - val MCE loss:0.88622 * 1.0 * -0.49206
2023-05-01 00:27:03.196 | INFO     | utils.logging:log_training_results:309 - val LLLR :0.29415 * 0.1 * 1.04694
2023-05-01 00:27:03.197 | INFO     | utils.logging:log_training_results:317 - val weight decay:1389.75916 * 0.00030000000000000003 * -0.46481
2023-05-01 00:27:03.243 | INFO     | utils.checkpoint:update_and_save_result:168 - [36mBest value updated![0m
2023-05-01 00:27:03.262 | INFO     | utils.checkpoint:save_checkpoint:83 - [36mSaved checkpoint[0m at step 3000.
2023-05-01 00:27:03.265 | INFO     | utils.checkpoint:keep_max_num_saved_models:101 - Removed the oldest model for max_to_keep=1
2023-05-01 00:27:04.075 | INFO     | utils.logging:save_sdre_imgs:710 - Figures saved.
2023-05-01 00:27:04.486 | INFO     | utils.logging:log_training_results:280 - 
2023-05-01 00:27:04.486 | INFO     | utils.logging:log_training_results:281 - Global Step =   3000
2023-05-01 00:27:04.487 | INFO     | utils.logging:log_training_results:282 - train mean(MacRec)_t: 0.8094222545623779
2023-05-01 00:27:04.487 | INFO     | utils.logging:log_training_results:287 - train mean ABSerr: 1.2906501293182373
2023-05-01 00:27:04.488 | INFO     | utils.logging:log_training_results:290 - train ausat from confmx: 0.9415151476860046
2023-05-01 00:27:04.488 | INFO     | utils.logging:log_training_results:301 - train MCE loss:0.91184 * 1.0 * -0.49207
2023-05-01 00:27:04.488 | INFO     | utils.logging:log_training_results:309 - train LLLR :0.48051 * 0.1 * 1.04692
2023-05-01 00:27:04.489 | INFO     | utils.logging:log_training_results:317 - train weight decay:1389.75903 * 0.00030000000000000003 * -0.46480
2023-05-01 00:27:41.860 | INFO     | __main__:objective:356 - Starting epoch #8.
2023-05-01 00:27:56.637 | INFO     | utils.logging:log_training_results:280 - 
2023-05-01 00:27:56.638 | INFO     | utils.logging:log_training_results:281 - Global Step =   3250
2023-05-01 00:27:56.639 | INFO     | utils.logging:log_training_results:282 - val mean(MacRec)_t: 0.8756466507911682
2023-05-01 00:27:56.639 | INFO     | utils.logging:log_training_results:287 - val mean ABSerr: 0.2791122794151306
2023-05-01 00:27:56.639 | INFO     | utils.logging:log_training_results:290 - val ausat from confmx: 0.9783262014389038
2023-05-01 00:27:56.640 | INFO     | utils.logging:log_training_results:301 - val MCE loss:0.88610 * 1.0 * -0.49531
2023-05-01 00:27:56.640 | INFO     | utils.logging:log_training_results:309 - val LLLR :0.29405 * 0.1 * 1.04306
2023-05-01 00:27:56.641 | INFO     | utils.logging:log_training_results:317 - val weight decay:1369.74219 * 0.00030000000000000003 * -0.46185
2023-05-01 00:27:56.690 | INFO     | utils.checkpoint:update_and_save_result:168 - [36mBest value updated![0m
2023-05-01 00:27:56.709 | INFO     | utils.checkpoint:save_checkpoint:83 - [36mSaved checkpoint[0m at step 3250.
2023-05-01 00:27:56.712 | INFO     | utils.checkpoint:keep_max_num_saved_models:101 - Removed the oldest model for max_to_keep=1
2023-05-01 00:27:57.508 | INFO     | utils.logging:save_sdre_imgs:710 - Figures saved.
2023-05-01 00:27:57.918 | INFO     | utils.logging:log_training_results:280 - 
2023-05-01 00:27:57.919 | INFO     | utils.logging:log_training_results:281 - Global Step =   3250
2023-05-01 00:27:57.919 | INFO     | utils.logging:log_training_results:282 - train mean(MacRec)_t: 0.8151190876960754
2023-05-01 00:27:57.919 | INFO     | utils.logging:log_training_results:287 - train mean ABSerr: 1.3001898527145386
2023-05-01 00:27:57.920 | INFO     | utils.logging:log_training_results:290 - train ausat from confmx: 0.9488694071769714
2023-05-01 00:27:57.920 | INFO     | utils.logging:log_training_results:301 - train MCE loss:0.91541 * 1.0 * -0.49532
2023-05-01 00:27:57.921 | INFO     | utils.logging:log_training_results:309 - train LLLR :0.43503 * 0.1 * 1.04305
2023-05-01 00:27:57.921 | INFO     | utils.logging:log_training_results:317 - train weight decay:1369.74219 * 0.00030000000000000003 * -0.46183
2023-05-01 00:28:50.277 | INFO     | utils.logging:log_training_results:280 - 
2023-05-01 00:28:50.277 | INFO     | utils.logging:log_training_results:281 - Global Step =   3500
2023-05-01 00:28:50.278 | INFO     | utils.logging:log_training_results:282 - val mean(MacRec)_t: 0.8757900595664978
2023-05-01 00:28:50.278 | INFO     | utils.logging:log_training_results:287 - val mean ABSerr: 0.2842991352081299
2023-05-01 00:28:50.279 | INFO     | utils.logging:log_training_results:290 - val ausat from confmx: 0.9775970578193665
2023-05-01 00:28:50.279 | INFO     | utils.logging:log_training_results:301 - val MCE loss:0.88591 * 1.0 * -0.49856
2023-05-01 00:28:50.280 | INFO     | utils.logging:log_training_results:309 - val LLLR :0.29398 * 0.1 * 1.03919
2023-05-01 00:28:50.280 | INFO     | utils.logging:log_training_results:317 - val weight decay:1349.87732 * 0.00030000000000000003 * -0.45863
2023-05-01 00:28:50.333 | INFO     | utils.checkpoint:update_and_save_result:168 - [36mBest value updated![0m
2023-05-01 00:28:50.353 | INFO     | utils.checkpoint:save_checkpoint:83 - [36mSaved checkpoint[0m at step 3500.
2023-05-01 00:28:50.356 | INFO     | utils.checkpoint:keep_max_num_saved_models:101 - Removed the oldest model for max_to_keep=1
2023-05-01 00:28:51.201 | INFO     | utils.logging:save_sdre_imgs:710 - Figures saved.
2023-05-01 00:28:51.612 | INFO     | utils.logging:log_training_results:280 - 
2023-05-01 00:28:51.613 | INFO     | utils.logging:log_training_results:281 - Global Step =   3500
2023-05-01 00:28:51.613 | INFO     | utils.logging:log_training_results:282 - train mean(MacRec)_t: 0.8461931943893433
2023-05-01 00:28:51.614 | INFO     | utils.logging:log_training_results:287 - train mean ABSerr: 1.2380034923553467
2023-05-01 00:28:51.614 | INFO     | utils.logging:log_training_results:290 - train ausat from confmx: 0.9584458470344543
2023-05-01 00:28:51.614 | INFO     | utils.logging:log_training_results:301 - train MCE loss:0.91479 * 1.0 * -0.49857
2023-05-01 00:28:51.615 | INFO     | utils.logging:log_training_results:309 - train LLLR :0.39629 * 0.1 * 1.03917
2023-05-01 00:28:51.615 | INFO     | utils.logging:log_training_results:317 - train weight decay:1349.87732 * 0.00030000000000000003 * -0.45862
2023-05-01 00:29:10.290 | INFO     | __main__:objective:356 - Starting epoch #9.
2023-05-01 00:29:43.697 | INFO     | utils.logging:log_training_results:280 - 
2023-05-01 00:29:43.698 | INFO     | utils.logging:log_training_results:281 - Global Step =   3750
2023-05-01 00:29:43.698 | INFO     | utils.logging:log_training_results:282 - val mean(MacRec)_t: 0.8758333325386047
2023-05-01 00:29:43.699 | INFO     | utils.logging:log_training_results:287 - val mean ABSerr: 0.2781399190425873
2023-05-01 00:29:43.699 | INFO     | utils.logging:log_training_results:290 - val ausat from confmx: 0.9778645634651184
2023-05-01 00:29:43.700 | INFO     | utils.logging:log_training_results:301 - val MCE loss:0.88586 * 1.0 * -0.50181
2023-05-01 00:29:43.700 | INFO     | utils.logging:log_training_results:309 - val LLLR :0.29393 * 0.1 * 1.03531
2023-05-01 00:29:43.700 | INFO     | utils.logging:log_training_results:317 - val weight decay:1330.13757 * 0.00030000000000000003 * -0.45525
2023-05-01 00:29:43.750 | INFO     | utils.checkpoint:update_and_save_result:168 - [36mBest value updated![0m
2023-05-01 00:29:43.768 | INFO     | utils.checkpoint:save_checkpoint:83 - [36mSaved checkpoint[0m at step 3750.
2023-05-01 00:29:43.771 | INFO     | utils.checkpoint:keep_max_num_saved_models:101 - Removed the oldest model for max_to_keep=1
2023-05-01 00:29:44.573 | INFO     | utils.logging:save_sdre_imgs:710 - Figures saved.
2023-05-01 00:29:44.988 | INFO     | utils.logging:log_training_results:280 - 
2023-05-01 00:29:44.988 | INFO     | utils.logging:log_training_results:281 - Global Step =   3750
2023-05-01 00:29:44.989 | INFO     | utils.logging:log_training_results:282 - train mean(MacRec)_t: 0.8491485118865967
2023-05-01 00:29:44.989 | INFO     | utils.logging:log_training_results:287 - train mean ABSerr: 1.325240969657898
2023-05-01 00:29:44.989 | INFO     | utils.logging:log_training_results:290 - train ausat from confmx: 0.9349371790885925
2023-05-01 00:29:44.990 | INFO     | utils.logging:log_training_results:301 - train MCE loss:0.90404 * 1.0 * -0.50182
2023-05-01 00:29:44.990 | INFO     | utils.logging:log_training_results:309 - train LLLR :0.38093 * 0.1 * 1.03530
2023-05-01 00:29:44.991 | INFO     | utils.logging:log_training_results:317 - train weight decay:1330.13757 * 0.00030000000000000003 * -0.45524
2023-05-01 00:30:31.354 | INFO     | utils.logging:investigate_log:155 - num_warning=0/num_error=0 in the .log file.
2023-05-01 00:30:31.548 | INFO     | optuna.study.study:_log_completed_trial:1020 - Trial 64 finished with value: 0.12416666746139526 and parameters: {'LIST_IS_POSITIONAL_ENCODING': False, 'LIST_MODEL_BACKBONE': 'Transformer', 'LIST_WEIGHT_DECAY': 0.00030000000000000003, 'LIST_LEARNING_RATE': 1.5327663782819415e-05, 'LIST_LLLR_VERSION': 'LSEL', 'LIST_ACTIVATION_FC': 'B2BsqrtV2', 'LIST_PARAM_MULTIPLET_LOSS': 1.0, 'LIST_PARAM_LLR_LOSS': 0.1, 'LIST_IS_ADAPTIVE_LOSS': True, 'LIST_ORDER_SPRT': 4, 'LIST_OPTIMIZER': 'adam', 'LIST_IS_NORMALIZE': False, 'LIST_NUM_THRESH': 500, 'LIST_SPARSITY': 'logspace', 'LIST_NUM_BLOCKS': 2, 'LIST_NUM_HEADS': 2, 'LIST_DROPOUT': 0.30000000000000004, 'LIST_FF_DIM': 64, 'LIST_MLP_UNITS': 64}. Best is trial 16 with value: 0.12354999780654907.
2023-05-01 00:30:31.569 | INFO     | utils.hyperparameter_tuning:suggest_parameters:560 - [33mStarting a tuning phase.[0m
2023-05-01 00:30:32.075 | INFO     | utils.hyperparameter_tuning:print:394 - 
+------------------------------------------+
|   Hyperparameteres suggested by Optuna   |
+------------------------+-----------------+
|     Parameter name     | Suggested value |
+------------------------+-----------------+
|     ACTIVATION_FC      |     B2Bsqrt     |
|        DROPOUT         |       0.2       |
|         FF_DIM         |        64       |
|    IS_ADAPTIVE_LOSS    |       True      |
|      IS_NORMALIZE      |      False      |
| IS_POSITIONAL_ENCODING |      False      |
|     LEARNING_RATE      |    3.6789e-05   |
|      LLLR_VERSION      |       LSEL      |
|       MLP_UNITS        |        64       |
|     MODEL_BACKBONE     |   Transformer   |
|       NUM_BLOCKS       |        2        |
|       NUM_HEADS        |        2        |
|       NUM_THRESH       |       500       |
|       OPTIMIZER        |       adam      |
|       ORDER_SPRT       |        4        |
|     PARAM_LLR_LOSS     |       0.0       |
|  PARAM_MULTIPLET_LOSS  |       0.9       |
|        SPARSITY        |    lograndom    |
|      WEIGHT_DECAY      |      0.0004     |
+------------------------+-----------------+
2023-05-01 00:30:32.076 | INFO     | utils.misc:create_directories_and_log:291 - [33mA new log directory was created: [0m/home/afe/Dropbox/GitHub/SPRT-TANDEM-PyTorch/logs/public_offset0_5_optimmacrec_tuning/checkpoints/Transformer_20230501_003032075/configs
2023-05-01 00:30:32.077 | INFO     | utils.misc:create_directories_and_log:291 - [33mA new log directory was created: [0m/home/afe/Dropbox/GitHub/SPRT-TANDEM-PyTorch/logs/public_offset0_5_optimmacrec_tuning/TensorBoard_events/Transformer_20230501_003032075
