2023-05-01 04:20:33.866 | INFO     | utils.misc:fix_random_seed:405 - Random seed is not fixed.
2023-05-01 04:20:33.907 | INFO     | models.temporal_integrators:summarize:568 - 
:'######::'########::'########::'########::::::::::::::::::::::
'##... ##: ##.... ##: ##.... ##:... ##..:::::::::::::::::::::::
 ##:::..:: ##:::: ##: ##:::: ##:::: ##:::::::::::::::::::::::::
. ######:: ########:: ########::::: ##::::'#######:::::::::::::
:..... ##: ##.....::: ##.. ##:::::: ##::::........:::::::::::::
'##::: ##: ##:::::::: ##::. ##::::: ##:::::::::::::::::::::::::
. ######:: ##:::::::: ##:::. ##:::: ##:::::::::::::::::::::::::
:......:::..:::::::::..:::::..:::::..::::::::::::::::::::::::::
'########::::'###::::'##::: ##:'########::'########:'##::::'##:
... ##..::::'## ##::: ###:: ##: ##.... ##: ##.....:: ###::'###:
::: ##:::::'##:. ##:: ####: ##: ##:::: ##: ##::::::: ####'####:
::: ##::::'##:::. ##: ## ## ##: ##:::: ##: ######::: ## ### ##:
::: ##:::: #########: ##. ####: ##:::: ##: ##...:::: ##. #: ##:
::: ##:::: ##.... ##: ##:. ###: ##:::: ##: ##::::::: ##:.:: ##:
::: ##:::: ##:::: ##: ##::. ##: ########:: ########: ##:::: ##:
:::..:::::..:::::..::..::::..::........:::........::..:::::..::

2023-05-01 04:20:33.909 | INFO     | models.temporal_integrators:summarize:571 - [34mofficial PyTorch implementation.[0m
2023-05-01 04:20:34.269 | INFO     | models.temporal_integrators:summarize:593 - Network summary:
===============================================================================================
Layer (type:depth-idx)                        Output Shape              Param #
===============================================================================================
TANDEMformer                                  [150, 50, 3, 3]           771
├─TransformerEncoder: 1-1                     [6750, 1, 128]            --
│    └─ModuleList: 2-6                        --                        (recursive)
│    │    └─TransformerEncoderLayer: 3-1      [6750, 1, 128]            83,136
│    │    └─TransformerEncoderLayer: 3-2      [6750, 1, 128]            83,136
├─Linear: 1-2                                 [6750, 64]                8,256
├─Dropout: 1-3                                [6750, 64]                --
├─TransformerEncoder: 1-4                     [6750, 2, 128]            (recursive)
│    └─ModuleList: 2-6                        --                        (recursive)
│    │    └─TransformerEncoderLayer: 3-3      [6750, 2, 128]            (recursive)
│    │    └─TransformerEncoderLayer: 3-4      [6750, 2, 128]            (recursive)
├─Linear: 1-5                                 [6750, 64]                (recursive)
├─Dropout: 1-6                                [6750, 64]                --
├─TransformerEncoder: 1-7                     [6750, 3, 128]            (recursive)
│    └─ModuleList: 2-6                        --                        (recursive)
│    │    └─TransformerEncoderLayer: 3-5      [6750, 3, 128]            (recursive)
│    │    └─TransformerEncoderLayer: 3-6      [6750, 3, 128]            (recursive)
├─Linear: 1-8                                 [6750, 64]                (recursive)
├─Dropout: 1-9                                [6750, 64]                --
├─TransformerEncoder: 1-10                    [6750, 4, 128]            (recursive)
│    └─ModuleList: 2-6                        --                        (recursive)
│    │    └─TransformerEncoderLayer: 3-7      [6750, 4, 128]            (recursive)
│    │    └─TransformerEncoderLayer: 3-8      [6750, 4, 128]            (recursive)
├─Linear: 1-11                                [6750, 64]                (recursive)
├─Dropout: 1-12                               [6750, 64]                --
├─TransformerEncoder: 1-13                    [6750, 5, 128]            (recursive)
│    └─ModuleList: 2-6                        --                        (recursive)
│    │    └─TransformerEncoderLayer: 3-9      [6750, 5, 128]            (recursive)
│    │    └─TransformerEncoderLayer: 3-10     [6750, 5, 128]            (recursive)
├─Linear: 1-14                                [6750, 64]                (recursive)
├─Dropout: 1-15                               [6750, 64]                --
├─TransformerEncoder: 1-16                    [6750, 6, 128]            (recursive)
│    └─ModuleList: 2-6                        --                        (recursive)
│    │    └─TransformerEncoderLayer: 3-11     [6750, 6, 128]            (recursive)
│    │    └─TransformerEncoderLayer: 3-12     [6750, 6, 128]            (recursive)
├─Linear: 1-17                                [6750, 64]                (recursive)
├─Dropout: 1-18                               [6750, 64]                --
├─Linear: 1-19                                [6750, 3]                 195
├─Linear: 1-20                                [6750, 3]                 (recursive)
├─Linear: 1-21                                [6750, 3]                 (recursive)
├─Linear: 1-22                                [6750, 3]                 (recursive)
├─Linear: 1-23                                [6750, 3]                 (recursive)
├─Linear: 1-24                                [6750, 3]                 (recursive)
===============================================================================================
Total params: 175,494
Trainable params: 175,494
Non-trainable params: 0
Total mult-adds (G): 1.73
===============================================================================================
Input size (MB): 3.84
Forward/backward pass size (MB): 1037.77
Params size (MB): 0.17
Estimated Total Size (MB): 1041.78
===============================================================================================
2023-05-01 04:20:34.270 | INFO     | models.temporal_integrators:summarize:594 - Example input shape: torch.Size([150, 50, 128])
2023-05-01 04:20:34.270 | INFO     | models.temporal_integrators:summarize:595 - Example output shape: torch.Size([150, 50, 3, 3])
2023-05-01 04:20:34.273 | INFO     | models.temporal_integrators:import_model:58 - model moved onto: [33mcuda.[0m
2023-05-01 04:20:34.275 | INFO     | models.optimizers:initialize_optimizer:44 - Optimizer:
AdamW (
Parameter Group 0
    amsgrad: False
    betas: (0.9, 0.999)
    capturable: False
    differentiable: False
    eps: 1e-08
    foreach: None
    fused: None
    lr: 3.1407967745660814e-05
    maximize: False
    weight_decay: 0.00030000000000000003
)
2023-05-01 04:20:34.276 | INFO     | datasets.data_processing:lmdb_dataloaders:293 - loading data... 
2023-05-01 04:20:34.277 | INFO     | datasets.data_processing:lmdb_dataloaders:295 - If this process takes long, consider setting is_load_onto_memory=False or use LMDBIterableDataset.
2023-05-01 04:20:36.882 | INFO     | __main__:objective:356 - Starting epoch #0.
2023-05-01 04:20:43.430 | INFO     | utils.logging:log_training_results:280 - 
2023-05-01 04:20:43.431 | INFO     | utils.logging:log_training_results:281 - Global Step =      0
2023-05-01 04:20:43.431 | INFO     | utils.logging:log_training_results:282 - val mean(MacRec)_t: 0.3360033333301544
2023-05-01 04:20:43.432 | INFO     | utils.logging:log_training_results:287 - val mean ABSerr: 3.501002550125122
2023-05-01 04:20:43.432 | INFO     | utils.logging:log_training_results:290 - val ausat from confmx: 0.3327639400959015
2023-05-01 04:20:43.433 | INFO     | utils.logging:log_training_results:301 - val MCE loss:1.10263 * 1.0 * -0.47257
2023-05-01 04:20:43.433 | INFO     | utils.logging:log_training_results:309 - val LLLR :1.15146 * 0.0 * 0.39637
2023-05-01 04:20:43.434 | INFO     | utils.logging:log_training_results:317 - val weight decay:1925.12036 * 0.00030000000000000003 * -1.06172
2023-05-01 04:20:44.413 | INFO     | utils.logging:save_sdre_imgs:710 - Figures saved.
2023-05-01 04:20:44.892 | INFO     | utils.logging:log_training_results:280 - 
2023-05-01 04:20:44.892 | INFO     | utils.logging:log_training_results:281 - Global Step =      0
2023-05-01 04:20:44.893 | INFO     | utils.logging:log_training_results:282 - train mean(MacRec)_t: 0.32086852192878723
2023-05-01 04:20:44.893 | INFO     | utils.logging:log_training_results:287 - train mean ABSerr: 3.405484676361084
2023-05-01 04:20:44.893 | INFO     | utils.logging:log_training_results:290 - train ausat from confmx: 0.28032350540161133
2023-05-01 04:20:44.894 | INFO     | utils.logging:log_training_results:301 - train MCE loss:1.10576 * 1.0 * -0.47260
2023-05-01 04:20:44.894 | INFO     | utils.logging:log_training_results:309 - train LLLR :1.35304 * 0.0 * 0.39634
2023-05-01 04:20:44.895 | INFO     | utils.logging:log_training_results:317 - train weight decay:1925.12036 * 0.00030000000000000003 * -1.06169
2023-05-01 04:21:48.552 | INFO     | utils.logging:log_training_results:280 - 
2023-05-01 04:21:48.553 | INFO     | utils.logging:log_training_results:281 - Global Step =    250
2023-05-01 04:21:48.553 | INFO     | utils.logging:log_training_results:282 - val mean(MacRec)_t: 0.8009233474731445
2023-05-01 04:21:48.554 | INFO     | utils.logging:log_training_results:287 - val mean ABSerr: 2.3775553703308105
2023-05-01 04:21:48.554 | INFO     | utils.logging:log_training_results:290 - val ausat from confmx: 0.9313551783561707
2023-05-01 04:21:48.555 | INFO     | utils.logging:log_training_results:301 - val MCE loss:0.97806 * 1.0 * -0.48005
2023-05-01 04:21:48.556 | INFO     | utils.logging:log_training_results:309 - val LLLR :0.50282 * 0.0 * 0.38849
2023-05-01 04:21:48.556 | INFO     | utils.logging:log_training_results:317 - val weight decay:1879.86877 * 0.00030000000000000003 * -1.05385
2023-05-01 04:21:48.617 | INFO     | utils.checkpoint:update_and_save_result:168 - [36mBest value updated![0m
2023-05-01 04:21:48.641 | INFO     | utils.checkpoint:save_checkpoint:83 - [36mSaved checkpoint[0m at step 250.
2023-05-01 04:21:49.657 | INFO     | utils.logging:save_sdre_imgs:710 - Figures saved.
2023-05-01 04:21:50.220 | INFO     | utils.logging:log_training_results:280 - 
2023-05-01 04:21:50.221 | INFO     | utils.logging:log_training_results:281 - Global Step =    250
2023-05-01 04:21:50.221 | INFO     | utils.logging:log_training_results:282 - train mean(MacRec)_t: 0.6365779042243958
2023-05-01 04:21:50.222 | INFO     | utils.logging:log_training_results:287 - train mean ABSerr: 2.702608823776245
2023-05-01 04:21:50.222 | INFO     | utils.logging:log_training_results:290 - train ausat from confmx: 0.7512125968933105
2023-05-01 04:21:50.223 | INFO     | utils.logging:log_training_results:301 - train MCE loss:1.00258 * 1.0 * -0.48008
2023-05-01 04:21:50.223 | INFO     | utils.logging:log_training_results:309 - train LLLR :0.81598 * 0.0 * 0.38845
2023-05-01 04:21:50.223 | INFO     | utils.logging:log_training_results:317 - train weight decay:1879.86865 * 0.00030000000000000003 * -1.05382
2023-05-01 04:22:25.464 | INFO     | __main__:objective:356 - Starting epoch #1.
2023-05-01 04:22:55.277 | INFO     | utils.logging:log_training_results:280 - 
2023-05-01 04:22:55.278 | INFO     | utils.logging:log_training_results:281 - Global Step =    500
2023-05-01 04:22:55.279 | INFO     | utils.logging:log_training_results:282 - val mean(MacRec)_t: 0.8712066411972046
2023-05-01 04:22:55.279 | INFO     | utils.logging:log_training_results:287 - val mean ABSerr: 0.4702572226524353
2023-05-01 04:22:55.280 | INFO     | utils.logging:log_training_results:290 - val ausat from confmx: 0.9751729965209961
2023-05-01 04:22:55.280 | INFO     | utils.logging:log_training_results:301 - val MCE loss:0.86578 * 1.0 * -0.48635
2023-05-01 04:22:55.281 | INFO     | utils.logging:log_training_results:309 - val LLLR :0.30578 * 0.0 * 0.38053
2023-05-01 04:22:55.281 | INFO     | utils.logging:log_training_results:317 - val weight decay:1852.00330 * 0.00030000000000000003 * -1.04595
2023-05-01 04:22:55.337 | INFO     | utils.checkpoint:update_and_save_result:168 - [36mBest value updated![0m
2023-05-01 04:22:55.359 | INFO     | utils.checkpoint:save_checkpoint:83 - [36mSaved checkpoint[0m at step 500.
2023-05-01 04:22:55.361 | INFO     | utils.checkpoint:keep_max_num_saved_models:101 - Removed the oldest model for max_to_keep=1
2023-05-01 04:22:56.309 | INFO     | utils.logging:save_sdre_imgs:710 - Figures saved.
2023-05-01 04:22:56.849 | INFO     | utils.logging:log_training_results:280 - 
2023-05-01 04:22:56.850 | INFO     | utils.logging:log_training_results:281 - Global Step =    500
2023-05-01 04:22:56.850 | INFO     | utils.logging:log_training_results:282 - train mean(MacRec)_t: 0.8007643222808838
2023-05-01 04:22:56.851 | INFO     | utils.logging:log_training_results:287 - train mean ABSerr: 1.9193280935287476
2023-05-01 04:22:56.851 | INFO     | utils.logging:log_training_results:290 - train ausat from confmx: 0.9200267195701599
2023-05-01 04:22:56.853 | INFO     | utils.logging:log_training_results:301 - train MCE loss:0.88432 * 1.0 * -0.48638
2023-05-01 04:22:56.853 | INFO     | utils.logging:log_training_results:309 - train LLLR :0.48464 * 0.0 * 0.38050
2023-05-01 04:22:56.853 | INFO     | utils.logging:log_training_results:317 - train weight decay:1852.00330 * 0.00030000000000000003 * -1.04592
2023-05-01 04:23:59.650 | INFO     | utils.logging:log_training_results:280 - 
2023-05-01 04:23:59.651 | INFO     | utils.logging:log_training_results:281 - Global Step =    750
2023-05-01 04:23:59.652 | INFO     | utils.logging:log_training_results:282 - val mean(MacRec)_t: 0.8747700452804565
2023-05-01 04:23:59.652 | INFO     | utils.logging:log_training_results:287 - val mean ABSerr: 0.509836733341217
2023-05-01 04:23:59.653 | INFO     | utils.logging:log_training_results:290 - val ausat from confmx: 0.9777719378471375
2023-05-01 04:23:59.653 | INFO     | utils.logging:log_training_results:301 - val MCE loss:0.86007 * 1.0 * -0.49246
2023-05-01 04:23:59.654 | INFO     | utils.logging:log_training_results:309 - val LLLR :0.29873 * 0.0 * 0.37250
2023-05-01 04:23:59.654 | INFO     | utils.logging:log_training_results:317 - val weight decay:1824.78894 * 0.00030000000000000003 * -1.03803
2023-05-01 04:23:59.708 | INFO     | utils.checkpoint:update_and_save_result:168 - [36mBest value updated![0m
2023-05-01 04:23:59.728 | INFO     | utils.checkpoint:save_checkpoint:83 - [36mSaved checkpoint[0m at step 750.
2023-05-01 04:23:59.730 | INFO     | utils.checkpoint:keep_max_num_saved_models:101 - Removed the oldest model for max_to_keep=1
2023-05-01 04:24:00.721 | INFO     | utils.logging:save_sdre_imgs:710 - Figures saved.
2023-05-01 04:24:01.187 | INFO     | utils.logging:log_training_results:280 - 
2023-05-01 04:24:01.188 | INFO     | utils.logging:log_training_results:281 - Global Step =    750
2023-05-01 04:24:01.188 | INFO     | utils.logging:log_training_results:282 - train mean(MacRec)_t: 0.7802487015724182
2023-05-01 04:24:01.188 | INFO     | utils.logging:log_training_results:287 - train mean ABSerr: 1.7246655225753784
2023-05-01 04:24:01.189 | INFO     | utils.logging:log_training_results:290 - train ausat from confmx: 0.9012168645858765
2023-05-01 04:24:01.189 | INFO     | utils.logging:log_training_results:301 - train MCE loss:0.88858 * 1.0 * -0.49249
2023-05-01 04:24:01.190 | INFO     | utils.logging:log_training_results:309 - train LLLR :0.58023 * 0.0 * 0.37247
2023-05-01 04:24:01.190 | INFO     | utils.logging:log_training_results:317 - train weight decay:1824.78894 * 0.00030000000000000003 * -1.03800
2023-05-01 04:24:12.714 | INFO     | __main__:objective:356 - Starting epoch #2.
2023-05-01 04:25:05.304 | INFO     | utils.logging:log_training_results:280 - 
2023-05-01 04:25:05.305 | INFO     | utils.logging:log_training_results:281 - Global Step =   1000
2023-05-01 04:25:05.306 | INFO     | utils.logging:log_training_results:282 - val mean(MacRec)_t: 0.874893307685852
2023-05-01 04:25:05.306 | INFO     | utils.logging:log_training_results:287 - val mean ABSerr: 0.5556363463401794
2023-05-01 04:25:05.307 | INFO     | utils.logging:log_training_results:290 - val ausat from confmx: 0.9767773747444153
2023-05-01 04:25:05.307 | INFO     | utils.logging:log_training_results:301 - val MCE loss:0.85938 * 1.0 * -0.49865
2023-05-01 04:25:05.308 | INFO     | utils.logging:log_training_results:309 - val LLLR :0.29924 * 0.0 * 0.36440
2023-05-01 04:25:05.308 | INFO     | utils.logging:log_training_results:317 - val weight decay:1799.11328 * 0.00030000000000000003 * -1.03009
2023-05-01 04:25:05.365 | INFO     | utils.checkpoint:update_and_save_result:168 - [36mBest value updated![0m
2023-05-01 04:25:05.388 | INFO     | utils.checkpoint:save_checkpoint:83 - [36mSaved checkpoint[0m at step 1000.
2023-05-01 04:25:05.390 | INFO     | utils.checkpoint:keep_max_num_saved_models:101 - Removed the oldest model for max_to_keep=1
2023-05-01 04:25:06.392 | INFO     | utils.logging:save_sdre_imgs:710 - Figures saved.
2023-05-01 04:25:06.940 | INFO     | utils.logging:log_training_results:280 - 
2023-05-01 04:25:06.942 | INFO     | utils.logging:log_training_results:281 - Global Step =   1000
2023-05-01 04:25:06.943 | INFO     | utils.logging:log_training_results:282 - train mean(MacRec)_t: 0.804175853729248
2023-05-01 04:25:06.944 | INFO     | utils.logging:log_training_results:287 - train mean ABSerr: 1.6764637231826782
2023-05-01 04:25:06.945 | INFO     | utils.logging:log_training_results:290 - train ausat from confmx: 0.9236897230148315
2023-05-01 04:25:06.946 | INFO     | utils.logging:log_training_results:301 - train MCE loss:0.88359 * 1.0 * -0.49867
2023-05-01 04:25:06.947 | INFO     | utils.logging:log_training_results:309 - train LLLR :0.51007 * 0.0 * 0.36437
2023-05-01 04:25:06.953 | INFO     | utils.logging:log_training_results:317 - train weight decay:1799.11328 * 0.00030000000000000003 * -1.03006
2023-05-01 04:25:52.939 | INFO     | __main__:objective:356 - Starting epoch #3.
2023-05-01 04:26:10.900 | INFO     | utils.logging:log_training_results:280 - 
2023-05-01 04:26:10.901 | INFO     | utils.logging:log_training_results:281 - Global Step =   1250
2023-05-01 04:26:10.902 | INFO     | utils.logging:log_training_results:282 - val mean(MacRec)_t: 0.8752866983413696
2023-05-01 04:26:10.902 | INFO     | utils.logging:log_training_results:287 - val mean ABSerr: 0.5783393383026123
2023-05-01 04:26:10.903 | INFO     | utils.logging:log_training_results:290 - val ausat from confmx: 0.9770351052284241
2023-05-01 04:26:10.903 | INFO     | utils.logging:log_training_results:301 - val MCE loss:0.85907 * 1.0 * -0.50482
2023-05-01 04:26:10.904 | INFO     | utils.logging:log_training_results:309 - val LLLR :0.29852 * 0.0 * 0.35624
2023-05-01 04:26:10.904 | INFO     | utils.logging:log_training_results:317 - val weight decay:1774.28027 * 0.00030000000000000003 * -1.02214
2023-05-01 04:26:10.965 | INFO     | utils.checkpoint:update_and_save_result:168 - [36mBest value updated![0m
2023-05-01 04:26:10.985 | INFO     | utils.checkpoint:save_checkpoint:83 - [36mSaved checkpoint[0m at step 1250.
2023-05-01 04:26:10.988 | INFO     | utils.checkpoint:keep_max_num_saved_models:101 - Removed the oldest model for max_to_keep=1
2023-05-01 04:26:12.251 | INFO     | utils.logging:save_sdre_imgs:710 - Figures saved.
2023-05-01 04:26:12.774 | INFO     | utils.logging:log_training_results:280 - 
2023-05-01 04:26:12.774 | INFO     | utils.logging:log_training_results:281 - Global Step =   1250
2023-05-01 04:26:12.775 | INFO     | utils.logging:log_training_results:282 - train mean(MacRec)_t: 0.7907750606536865
2023-05-01 04:26:12.775 | INFO     | utils.logging:log_training_results:287 - train mean ABSerr: 1.7219126224517822
2023-05-01 04:26:12.776 | INFO     | utils.logging:log_training_results:290 - train ausat from confmx: 0.9051951169967651
2023-05-01 04:26:12.776 | INFO     | utils.logging:log_training_results:301 - train MCE loss:0.89802 * 1.0 * -0.50484
2023-05-01 04:26:12.776 | INFO     | utils.logging:log_training_results:309 - train LLLR :0.59760 * 0.0 * 0.35621
2023-05-01 04:26:12.777 | INFO     | utils.logging:log_training_results:317 - train weight decay:1774.28027 * 0.00030000000000000003 * -1.02210
2023-05-01 04:27:16.727 | INFO     | utils.logging:log_training_results:280 - 
2023-05-01 04:27:16.728 | INFO     | utils.logging:log_training_results:281 - Global Step =   1500
2023-05-01 04:27:16.729 | INFO     | utils.logging:log_training_results:282 - val mean(MacRec)_t: 0.8750766515731812
2023-05-01 04:27:16.729 | INFO     | utils.logging:log_training_results:287 - val mean ABSerr: 0.5522132515907288
2023-05-01 04:27:16.729 | INFO     | utils.logging:log_training_results:290 - val ausat from confmx: 0.9772517085075378
2023-05-01 04:27:16.730 | INFO     | utils.logging:log_training_results:301 - val MCE loss:0.85864 * 1.0 * -0.51094
2023-05-01 04:27:16.730 | INFO     | utils.logging:log_training_results:309 - val LLLR :0.29873 * 0.0 * 0.34802
2023-05-01 04:27:16.731 | INFO     | utils.logging:log_training_results:317 - val weight decay:1749.74451 * 0.00030000000000000003 * -1.01416
2023-05-01 04:27:17.795 | INFO     | utils.logging:save_sdre_imgs:710 - Figures saved.
2023-05-01 04:27:18.309 | INFO     | utils.logging:log_training_results:280 - 
2023-05-01 04:27:18.309 | INFO     | utils.logging:log_training_results:281 - Global Step =   1500
2023-05-01 04:27:18.310 | INFO     | utils.logging:log_training_results:282 - train mean(MacRec)_t: 0.7958950400352478
2023-05-01 04:27:18.310 | INFO     | utils.logging:log_training_results:287 - train mean ABSerr: 1.6313884258270264
2023-05-01 04:27:18.310 | INFO     | utils.logging:log_training_results:290 - train ausat from confmx: 0.9356356263160706
2023-05-01 04:27:18.311 | INFO     | utils.logging:log_training_results:301 - train MCE loss:0.90234 * 1.0 * -0.51097
2023-05-01 04:27:18.312 | INFO     | utils.logging:log_training_results:309 - train LLLR :0.55684 * 0.0 * 0.34799
2023-05-01 04:27:18.312 | INFO     | utils.logging:log_training_results:317 - train weight decay:1749.74438 * 0.00030000000000000003 * -1.01413
2023-05-01 04:27:41.667 | INFO     | __main__:objective:356 - Starting epoch #4.
2023-05-01 04:28:23.569 | INFO     | utils.logging:log_training_results:280 - 
2023-05-01 04:28:23.570 | INFO     | utils.logging:log_training_results:281 - Global Step =   1750
2023-05-01 04:28:23.570 | INFO     | utils.logging:log_training_results:282 - val mean(MacRec)_t: 0.8757433295249939
2023-05-01 04:28:23.571 | INFO     | utils.logging:log_training_results:287 - val mean ABSerr: 0.5538443326950073
2023-05-01 04:28:23.571 | INFO     | utils.logging:log_training_results:290 - val ausat from confmx: 0.9776493310928345
2023-05-01 04:28:23.572 | INFO     | utils.logging:log_training_results:301 - val MCE loss:0.85819 * 1.0 * -0.51701
2023-05-01 04:28:23.572 | INFO     | utils.logging:log_training_results:309 - val LLLR :0.29726 * 0.0 * 0.33975
2023-05-01 04:28:23.573 | INFO     | utils.logging:log_training_results:317 - val weight decay:1725.46448 * 0.00030000000000000003 * -1.00618
2023-05-01 04:28:23.628 | INFO     | utils.checkpoint:update_and_save_result:168 - [36mBest value updated![0m
2023-05-01 04:28:23.650 | INFO     | utils.checkpoint:save_checkpoint:83 - [36mSaved checkpoint[0m at step 1750.
2023-05-01 04:28:23.653 | INFO     | utils.checkpoint:keep_max_num_saved_models:101 - Removed the oldest model for max_to_keep=1
2023-05-01 04:28:24.664 | INFO     | utils.logging:save_sdre_imgs:710 - Figures saved.
2023-05-01 04:28:25.192 | INFO     | utils.logging:log_training_results:280 - 
2023-05-01 04:28:25.193 | INFO     | utils.logging:log_training_results:281 - Global Step =   1750
2023-05-01 04:28:25.193 | INFO     | utils.logging:log_training_results:282 - train mean(MacRec)_t: 0.797836422920227
2023-05-01 04:28:25.193 | INFO     | utils.logging:log_training_results:287 - train mean ABSerr: 1.6381726264953613
2023-05-01 04:28:25.194 | INFO     | utils.logging:log_training_results:290 - train ausat from confmx: 0.9250887036323547
2023-05-01 04:28:25.194 | INFO     | utils.logging:log_training_results:301 - train MCE loss:0.87329 * 1.0 * -0.51703
2023-05-01 04:28:25.195 | INFO     | utils.logging:log_training_results:309 - train LLLR :0.56081 * 0.0 * 0.33972
2023-05-01 04:28:25.195 | INFO     | utils.logging:log_training_results:317 - train weight decay:1725.46448 * 0.00030000000000000003 * -1.00614
2023-05-01 04:29:22.149 | INFO     | __main__:objective:356 - Starting epoch #5.
2023-05-01 04:29:28.424 | INFO     | utils.logging:log_training_results:280 - 
2023-05-01 04:29:28.425 | INFO     | utils.logging:log_training_results:281 - Global Step =   2000
2023-05-01 04:29:28.425 | INFO     | utils.logging:log_training_results:282 - val mean(MacRec)_t: 0.8757899403572083
2023-05-01 04:29:28.426 | INFO     | utils.logging:log_training_results:287 - val mean ABSerr: 0.5470185279846191
2023-05-01 04:29:28.426 | INFO     | utils.logging:log_training_results:290 - val ausat from confmx: 0.978032112121582
2023-05-01 04:29:28.426 | INFO     | utils.logging:log_training_results:301 - val MCE loss:0.85795 * 1.0 * -0.52298
2023-05-01 04:29:28.427 | INFO     | utils.logging:log_training_results:309 - val LLLR :0.29718 * 0.0 * 0.33142
2023-05-01 04:29:28.427 | INFO     | utils.logging:log_training_results:317 - val weight decay:1701.25916 * 0.00030000000000000003 * -0.99818
2023-05-01 04:29:28.479 | INFO     | utils.checkpoint:update_and_save_result:168 - [36mBest value updated![0m
2023-05-01 04:29:28.499 | INFO     | utils.checkpoint:save_checkpoint:83 - [36mSaved checkpoint[0m at step 2000.
2023-05-01 04:29:28.502 | INFO     | utils.checkpoint:keep_max_num_saved_models:101 - Removed the oldest model for max_to_keep=1
2023-05-01 04:29:29.410 | INFO     | utils.logging:save_sdre_imgs:710 - Figures saved.
2023-05-01 04:29:29.925 | INFO     | utils.logging:log_training_results:280 - 
2023-05-01 04:29:29.925 | INFO     | utils.logging:log_training_results:281 - Global Step =   2000
2023-05-01 04:29:29.926 | INFO     | utils.logging:log_training_results:282 - train mean(MacRec)_t: 0.8446031808853149
2023-05-01 04:29:29.926 | INFO     | utils.logging:log_training_results:287 - train mean ABSerr: 1.5184073448181152
2023-05-01 04:29:29.926 | INFO     | utils.logging:log_training_results:290 - train ausat from confmx: 0.944841742515564
2023-05-01 04:29:29.927 | INFO     | utils.logging:log_training_results:301 - train MCE loss:0.86621 * 1.0 * -0.52301
2023-05-01 04:29:29.927 | INFO     | utils.logging:log_training_results:309 - train LLLR :0.40949 * 0.0 * 0.33139
2023-05-01 04:29:29.928 | INFO     | utils.logging:log_training_results:317 - train weight decay:1701.25916 * 0.00030000000000000003 * -0.99815
2023-05-01 04:30:33.204 | INFO     | utils.logging:log_training_results:280 - 
2023-05-01 04:30:33.205 | INFO     | utils.logging:log_training_results:281 - Global Step =   2250
2023-05-01 04:30:33.206 | INFO     | utils.logging:log_training_results:282 - val mean(MacRec)_t: 0.8756833672523499
2023-05-01 04:30:33.206 | INFO     | utils.logging:log_training_results:287 - val mean ABSerr: 0.5339770317077637
2023-05-01 04:30:33.207 | INFO     | utils.logging:log_training_results:290 - val ausat from confmx: 0.9780346751213074
2023-05-01 04:30:33.207 | INFO     | utils.logging:log_training_results:301 - val MCE loss:0.85772 * 1.0 * -0.52888
2023-05-01 04:30:33.208 | INFO     | utils.logging:log_training_results:309 - val LLLR :0.29736 * 0.0 * 0.32305
2023-05-01 04:30:33.208 | INFO     | utils.logging:log_training_results:317 - val weight decay:1677.07971 * 0.00030000000000000003 * -0.99016
2023-05-01 04:30:34.250 | INFO     | utils.logging:save_sdre_imgs:710 - Figures saved.
2023-05-01 04:30:34.739 | INFO     | utils.logging:log_training_results:280 - 
2023-05-01 04:30:34.739 | INFO     | utils.logging:log_training_results:281 - Global Step =   2250
2023-05-01 04:30:34.740 | INFO     | utils.logging:log_training_results:282 - train mean(MacRec)_t: 0.7993226647377014
2023-05-01 04:30:34.740 | INFO     | utils.logging:log_training_results:287 - train mean ABSerr: 1.5885039567947388
2023-05-01 04:30:34.740 | INFO     | utils.logging:log_training_results:290 - train ausat from confmx: 0.9437844157218933
2023-05-01 04:30:34.741 | INFO     | utils.logging:log_training_results:301 - train MCE loss:0.88240 * 1.0 * -0.52890
2023-05-01 04:30:34.741 | INFO     | utils.logging:log_training_results:309 - train LLLR :0.52335 * 0.0 * 0.32301
2023-05-01 04:30:34.742 | INFO     | utils.logging:log_training_results:317 - train weight decay:1677.07983 * 0.00030000000000000003 * -0.99013
2023-05-01 04:31:08.792 | INFO     | __main__:objective:356 - Starting epoch #6.
2023-05-01 04:31:39.269 | INFO     | utils.logging:log_training_results:280 - 
2023-05-01 04:31:39.270 | INFO     | utils.logging:log_training_results:281 - Global Step =   2500
2023-05-01 04:31:39.270 | INFO     | utils.logging:log_training_results:282 - val mean(MacRec)_t: 0.8759133815765381
2023-05-01 04:31:39.271 | INFO     | utils.logging:log_training_results:287 - val mean ABSerr: 0.515379786491394
2023-05-01 04:31:39.271 | INFO     | utils.logging:log_training_results:290 - val ausat from confmx: 0.9773648977279663
2023-05-01 04:31:39.272 | INFO     | utils.logging:log_training_results:301 - val MCE loss:0.85735 * 1.0 * -0.53469
2023-05-01 04:31:39.272 | INFO     | utils.logging:log_training_results:309 - val LLLR :0.29648 * 0.0 * 0.31463
2023-05-01 04:31:39.273 | INFO     | utils.logging:log_training_results:317 - val weight decay:1652.90564 * 0.00030000000000000003 * -0.98214
2023-05-01 04:31:39.324 | INFO     | utils.checkpoint:update_and_save_result:168 - [36mBest value updated![0m
2023-05-01 04:31:39.345 | INFO     | utils.checkpoint:save_checkpoint:83 - [36mSaved checkpoint[0m at step 2500.
2023-05-01 04:31:39.346 | INFO     | utils.checkpoint:keep_max_num_saved_models:101 - Removed the oldest model for max_to_keep=1
2023-05-01 04:31:40.334 | INFO     | utils.logging:save_sdre_imgs:710 - Figures saved.
2023-05-01 04:31:40.873 | INFO     | utils.logging:log_training_results:280 - 
2023-05-01 04:31:40.874 | INFO     | utils.logging:log_training_results:281 - Global Step =   2500
2023-05-01 04:31:40.874 | INFO     | utils.logging:log_training_results:282 - train mean(MacRec)_t: 0.820769190788269
2023-05-01 04:31:40.875 | INFO     | utils.logging:log_training_results:287 - train mean ABSerr: 1.5099047422409058
2023-05-01 04:31:40.875 | INFO     | utils.logging:log_training_results:290 - train ausat from confmx: 0.9576038718223572
2023-05-01 04:31:40.876 | INFO     | utils.logging:log_training_results:301 - train MCE loss:0.86111 * 1.0 * -0.53472
2023-05-01 04:31:40.876 | INFO     | utils.logging:log_training_results:309 - train LLLR :0.47146 * 0.0 * 0.31459
2023-05-01 04:31:40.877 | INFO     | utils.logging:log_training_results:317 - train weight decay:1652.90564 * 0.00030000000000000003 * -0.98211
