2023-05-01 03:28:24.629 | INFO     | utils.misc:fix_random_seed:405 - Random seed is not fixed.
2023-05-01 03:28:24.654 | INFO     | models.temporal_integrators:summarize:568 - 
:'######::'########::'########::'########::::::::::::::::::::::
'##... ##: ##.... ##: ##.... ##:... ##..:::::::::::::::::::::::
 ##:::..:: ##:::: ##: ##:::: ##:::: ##:::::::::::::::::::::::::
. ######:: ########:: ########::::: ##::::'#######:::::::::::::
:..... ##: ##.....::: ##.. ##:::::: ##::::........:::::::::::::
'##::: ##: ##:::::::: ##::. ##::::: ##:::::::::::::::::::::::::
. ######:: ##:::::::: ##:::. ##:::: ##:::::::::::::::::::::::::
:......:::..:::::::::..:::::..:::::..::::::::::::::::::::::::::
'########::::'###::::'##::: ##:'########::'########:'##::::'##:
... ##..::::'## ##::: ###:: ##: ##.... ##: ##.....:: ###::'###:
::: ##:::::'##:. ##:: ####: ##: ##:::: ##: ##::::::: ####'####:
::: ##::::'##:::. ##: ## ## ##: ##:::: ##: ######::: ## ### ##:
::: ##:::: #########: ##. ####: ##:::: ##: ##...:::: ##. #: ##:
::: ##:::: ##.... ##: ##:. ###: ##:::: ##: ##::::::: ##:.:: ##:
::: ##:::: ##:::: ##: ##::. ##: ########:: ########: ##:::: ##:
:::..:::::..:::::..::..::::..::........:::........::..:::::..::

2023-05-01 03:28:24.655 | INFO     | models.temporal_integrators:summarize:571 - [34mofficial PyTorch implementation.[0m
2023-05-01 03:28:24.780 | INFO     | models.temporal_integrators:summarize:593 - Network summary:
===============================================================================================
Layer (type:depth-idx)                        Output Shape              Param #
===============================================================================================
TANDEMformer                                  [150, 50, 3, 3]           3
├─PositionalEncoding: 1-1                     [6750, 1, 128]            --
│    └─Dropout: 2-1                           [1, 6750, 128]            --
├─TransformerEncoder: 1-2                     [6750, 1, 128]            --
│    └─ModuleList: 2-12                       --                        (recursive)
│    │    └─TransformerEncoderLayer: 3-1      [6750, 1, 128]            83,136
│    │    └─TransformerEncoderLayer: 3-2      [6750, 1, 128]            83,136
├─Linear: 1-3                                 [6750, 64]                8,256
├─Dropout: 1-4                                [6750, 64]                --
├─PositionalEncoding: 1-5                     [6750, 2, 128]            --
│    └─Dropout: 2-3                           [2, 6750, 128]            --
├─TransformerEncoder: 1-6                     [6750, 2, 128]            (recursive)
│    └─ModuleList: 2-12                       --                        (recursive)
│    │    └─TransformerEncoderLayer: 3-3      [6750, 2, 128]            (recursive)
│    │    └─TransformerEncoderLayer: 3-4      [6750, 2, 128]            (recursive)
├─Linear: 1-7                                 [6750, 64]                (recursive)
├─Dropout: 1-8                                [6750, 64]                --
├─PositionalEncoding: 1-9                     [6750, 3, 128]            --
│    └─Dropout: 2-5                           [3, 6750, 128]            --
├─TransformerEncoder: 1-10                    [6750, 3, 128]            (recursive)
│    └─ModuleList: 2-12                       --                        (recursive)
│    │    └─TransformerEncoderLayer: 3-5      [6750, 3, 128]            (recursive)
│    │    └─TransformerEncoderLayer: 3-6      [6750, 3, 128]            (recursive)
├─Linear: 1-11                                [6750, 64]                (recursive)
├─Dropout: 1-12                               [6750, 64]                --
├─PositionalEncoding: 1-13                    [6750, 4, 128]            --
│    └─Dropout: 2-7                           [4, 6750, 128]            --
├─TransformerEncoder: 1-14                    [6750, 4, 128]            (recursive)
│    └─ModuleList: 2-12                       --                        (recursive)
│    │    └─TransformerEncoderLayer: 3-7      [6750, 4, 128]            (recursive)
│    │    └─TransformerEncoderLayer: 3-8      [6750, 4, 128]            (recursive)
├─Linear: 1-15                                [6750, 64]                (recursive)
├─Dropout: 1-16                               [6750, 64]                --
├─PositionalEncoding: 1-17                    [6750, 5, 128]            --
│    └─Dropout: 2-9                           [5, 6750, 128]            --
├─TransformerEncoder: 1-18                    [6750, 5, 128]            (recursive)
│    └─ModuleList: 2-12                       --                        (recursive)
│    │    └─TransformerEncoderLayer: 3-9      [6750, 5, 128]            (recursive)
│    │    └─TransformerEncoderLayer: 3-10     [6750, 5, 128]            (recursive)
├─Linear: 1-19                                [6750, 64]                (recursive)
├─Dropout: 1-20                               [6750, 64]                --
├─PositionalEncoding: 1-21                    [6750, 6, 128]            --
│    └─Dropout: 2-11                          [6, 6750, 128]            --
├─TransformerEncoder: 1-22                    [6750, 6, 128]            (recursive)
│    └─ModuleList: 2-12                       --                        (recursive)
│    │    └─TransformerEncoderLayer: 3-11     [6750, 6, 128]            (recursive)
│    │    └─TransformerEncoderLayer: 3-12     [6750, 6, 128]            (recursive)
├─Linear: 1-23                                [6750, 64]                (recursive)
├─Dropout: 1-24                               [6750, 64]                --
├─Linear: 1-25                                [6750, 3]                 195
├─Linear: 1-26                                [6750, 3]                 (recursive)
├─Linear: 1-27                                [6750, 3]                 (recursive)
├─Linear: 1-28                                [6750, 3]                 (recursive)
├─Linear: 1-29                                [6750, 3]                 (recursive)
├─Linear: 1-30                                [6750, 3]                 (recursive)
===============================================================================================
Total params: 174,726
Trainable params: 174,726
Non-trainable params: 0
Total mult-adds (G): 1.73
===============================================================================================
Input size (MB): 3.84
Forward/backward pass size (MB): 1037.77
Params size (MB): 0.17
Estimated Total Size (MB): 1041.78
===============================================================================================
2023-05-01 03:28:24.782 | INFO     | models.temporal_integrators:summarize:594 - Example input shape: torch.Size([150, 50, 128])
2023-05-01 03:28:24.782 | INFO     | models.temporal_integrators:summarize:595 - Example output shape: torch.Size([150, 50, 3, 3])
2023-05-01 03:28:24.787 | INFO     | models.temporal_integrators:import_model:58 - model moved onto: [33mcuda.[0m
2023-05-01 03:28:24.790 | INFO     | models.optimizers:initialize_optimizer:44 - Optimizer:
AdamW (
Parameter Group 0
    amsgrad: False
    betas: (0.9, 0.999)
    capturable: False
    differentiable: False
    eps: 1e-08
    foreach: None
    fused: None
    lr: 6.235842135283546e-05
    maximize: False
    weight_decay: 0.00030000000000000003
)
2023-05-01 03:28:24.791 | INFO     | datasets.data_processing:lmdb_dataloaders:293 - loading data... 
2023-05-01 03:28:24.792 | INFO     | datasets.data_processing:lmdb_dataloaders:295 - If this process takes long, consider setting is_load_onto_memory=False or use LMDBIterableDataset.
2023-05-01 03:28:27.558 | INFO     | __main__:objective:356 - Starting epoch #0.
2023-05-01 03:28:30.513 | INFO     | utils.logging:log_training_results:280 - 
2023-05-01 03:28:30.514 | INFO     | utils.logging:log_training_results:281 - Global Step =      0
2023-05-01 03:28:30.514 | INFO     | utils.logging:log_training_results:282 - val mean(MacRec)_t: 0.3465433418750763
2023-05-01 03:28:30.515 | INFO     | utils.logging:log_training_results:287 - val mean ABSerr: 3.5446600914001465
2023-05-01 03:28:30.515 | INFO     | utils.logging:log_training_results:290 - val ausat from confmx: 0.3450782001018524
2023-05-01 03:28:30.516 | INFO     | utils.logging:log_training_results:301 - val MCE loss:1.10436 * 0.8 * -0.50763
2023-05-01 03:28:30.516 | INFO     | utils.logging:log_training_results:309 - val LLLR :1.33559 * 0.4 * -0.31776
2023-05-01 03:28:30.517 | INFO     | utils.logging:log_training_results:317 - val weight decay:1135.97791 * 0.00030000000000000003 * 0.50368
2023-05-01 03:28:31.452 | INFO     | utils.logging:save_sdre_imgs:710 - Figures saved.
2023-05-01 03:28:31.808 | INFO     | utils.logging:log_training_results:280 - 
2023-05-01 03:28:31.808 | INFO     | utils.logging:log_training_results:281 - Global Step =      0
2023-05-01 03:28:31.809 | INFO     | utils.logging:log_training_results:282 - train mean(MacRec)_t: 0.30441468954086304
2023-05-01 03:28:31.809 | INFO     | utils.logging:log_training_results:287 - train mean ABSerr: 3.5993552207946777
2023-05-01 03:28:31.810 | INFO     | utils.logging:log_training_results:290 - train ausat from confmx: 0.36592262983322144
2023-05-01 03:28:31.810 | INFO     | utils.logging:log_training_results:301 - train MCE loss:1.10794 * 0.8 * -0.50770
2023-05-01 03:28:31.810 | INFO     | utils.logging:log_training_results:309 - train LLLR :1.62392 * 0.4 * -0.31783
2023-05-01 03:28:31.811 | INFO     | utils.logging:log_training_results:317 - train weight decay:1135.97791 * 0.00030000000000000003 * 0.50362
2023-05-01 03:29:09.374 | INFO     | utils.logging:log_training_results:280 - 
2023-05-01 03:29:09.374 | INFO     | utils.logging:log_training_results:281 - Global Step =    250
2023-05-01 03:29:09.375 | INFO     | utils.logging:log_training_results:282 - val mean(MacRec)_t: 0.6858999729156494
2023-05-01 03:29:09.375 | INFO     | utils.logging:log_training_results:287 - val mean ABSerr: 3.3597893714904785
2023-05-01 03:29:09.376 | INFO     | utils.logging:log_training_results:290 - val ausat from confmx: 0.7981915473937988
2023-05-01 03:29:09.376 | INFO     | utils.logging:log_training_results:301 - val MCE loss:1.07961 * 0.8 * -0.52254
2023-05-01 03:29:09.377 | INFO     | utils.logging:log_training_results:309 - val LLLR :0.95664 * 0.4 * -0.33155
2023-05-01 03:29:09.378 | INFO     | utils.logging:log_training_results:317 - val weight decay:1126.26318 * 0.00030000000000000003 * 0.48837
2023-05-01 03:29:09.430 | INFO     | utils.checkpoint:update_and_save_result:168 - [36mBest value updated![0m
2023-05-01 03:29:09.452 | INFO     | utils.checkpoint:save_checkpoint:83 - [36mSaved checkpoint[0m at step 250.
2023-05-01 03:29:10.478 | INFO     | utils.logging:save_sdre_imgs:710 - Figures saved.
2023-05-01 03:29:10.882 | INFO     | utils.logging:log_training_results:280 - 
2023-05-01 03:29:10.883 | INFO     | utils.logging:log_training_results:281 - Global Step =    250
2023-05-01 03:29:10.883 | INFO     | utils.logging:log_training_results:282 - train mean(MacRec)_t: 0.3446887135505676
2023-05-01 03:29:10.884 | INFO     | utils.logging:log_training_results:287 - train mean ABSerr: 3.3523199558258057
2023-05-01 03:29:10.884 | INFO     | utils.logging:log_training_results:290 - train ausat from confmx: 0.3281349539756775
2023-05-01 03:29:10.885 | INFO     | utils.logging:log_training_results:301 - train MCE loss:1.09354 * 0.8 * -0.52260
2023-05-01 03:29:10.885 | INFO     | utils.logging:log_training_results:309 - train LLLR :1.24399 * 0.4 * -0.33160
2023-05-01 03:29:10.886 | INFO     | utils.logging:log_training_results:317 - train weight decay:1126.26318 * 0.00030000000000000003 * 0.48831
2023-05-01 03:29:31.860 | INFO     | __main__:objective:356 - Starting epoch #1.
2023-05-01 03:29:48.533 | INFO     | utils.logging:log_training_results:280 - 
2023-05-01 03:29:48.533 | INFO     | utils.logging:log_training_results:281 - Global Step =    500
2023-05-01 03:29:48.534 | INFO     | utils.logging:log_training_results:282 - val mean(MacRec)_t: 0.7958366274833679
2023-05-01 03:29:48.535 | INFO     | utils.logging:log_training_results:287 - val mean ABSerr: 3.2862799167633057
2023-05-01 03:29:48.535 | INFO     | utils.logging:log_training_results:290 - val ausat from confmx: 0.9224517941474915
2023-05-01 03:29:48.536 | INFO     | utils.logging:log_training_results:301 - val MCE loss:1.07019 * 0.8 * -0.53615
2023-05-01 03:29:48.536 | INFO     | utils.logging:log_training_results:309 - val LLLR :0.88233 * 0.4 * -0.34327
2023-05-01 03:29:48.537 | INFO     | utils.logging:log_training_results:317 - val weight decay:1114.36023 * 0.00030000000000000003 * 0.47376
2023-05-01 03:29:48.594 | INFO     | utils.checkpoint:update_and_save_result:168 - [36mBest value updated![0m
2023-05-01 03:29:48.614 | INFO     | utils.checkpoint:save_checkpoint:83 - [36mSaved checkpoint[0m at step 500.
2023-05-01 03:29:48.617 | INFO     | utils.checkpoint:keep_max_num_saved_models:101 - Removed the oldest model for max_to_keep=1
2023-05-01 03:29:49.499 | INFO     | utils.logging:save_sdre_imgs:710 - Figures saved.
2023-05-01 03:29:49.887 | INFO     | utils.logging:log_training_results:280 - 
2023-05-01 03:29:49.888 | INFO     | utils.logging:log_training_results:281 - Global Step =    500
2023-05-01 03:29:49.889 | INFO     | utils.logging:log_training_results:282 - train mean(MacRec)_t: 0.4748017489910126
2023-05-01 03:29:49.889 | INFO     | utils.logging:log_training_results:287 - train mean ABSerr: 3.3877899646759033
2023-05-01 03:29:49.890 | INFO     | utils.logging:log_training_results:290 - train ausat from confmx: 0.49990054965019226
2023-05-01 03:29:49.890 | INFO     | utils.logging:log_training_results:301 - train MCE loss:1.08575 * 0.8 * -0.53620
2023-05-01 03:29:49.891 | INFO     | utils.logging:log_training_results:309 - train LLLR :1.04128 * 0.4 * -0.34332
2023-05-01 03:29:49.892 | INFO     | utils.logging:log_training_results:317 - train weight decay:1114.36011 * 0.00030000000000000003 * 0.47370
2023-05-01 03:30:27.410 | INFO     | utils.logging:log_training_results:280 - 
2023-05-01 03:30:27.410 | INFO     | utils.logging:log_training_results:281 - Global Step =    750
2023-05-01 03:30:27.411 | INFO     | utils.logging:log_training_results:282 - val mean(MacRec)_t: 0.8215499520301819
2023-05-01 03:30:27.411 | INFO     | utils.logging:log_training_results:287 - val mean ABSerr: 3.217211961746216
2023-05-01 03:30:27.412 | INFO     | utils.logging:log_training_results:290 - val ausat from confmx: 0.9391859769821167
2023-05-01 03:30:27.412 | INFO     | utils.logging:log_training_results:301 - val MCE loss:1.06313 * 0.8 * -0.54867
2023-05-01 03:30:27.413 | INFO     | utils.logging:log_training_results:309 - val LLLR :0.82165 * 0.4 * -0.35374
2023-05-01 03:30:27.413 | INFO     | utils.logging:log_training_results:317 - val weight decay:1100.87817 * 0.00030000000000000003 * 0.45994
2023-05-01 03:30:27.459 | INFO     | utils.checkpoint:update_and_save_result:168 - [36mBest value updated![0m
2023-05-01 03:30:27.479 | INFO     | utils.checkpoint:save_checkpoint:83 - [36mSaved checkpoint[0m at step 750.
2023-05-01 03:30:27.483 | INFO     | utils.checkpoint:keep_max_num_saved_models:101 - Removed the oldest model for max_to_keep=1
2023-05-01 03:30:28.349 | INFO     | utils.logging:save_sdre_imgs:710 - Figures saved.
2023-05-01 03:30:28.721 | INFO     | utils.logging:log_training_results:280 - 
2023-05-01 03:30:28.722 | INFO     | utils.logging:log_training_results:281 - Global Step =    750
2023-05-01 03:30:28.722 | INFO     | utils.logging:log_training_results:282 - train mean(MacRec)_t: 0.4587703347206116
2023-05-01 03:30:28.723 | INFO     | utils.logging:log_training_results:287 - train mean ABSerr: 3.399867534637451
2023-05-01 03:30:28.723 | INFO     | utils.logging:log_training_results:290 - train ausat from confmx: 0.480871319770813
2023-05-01 03:30:28.724 | INFO     | utils.logging:log_training_results:301 - train MCE loss:1.08227 * 0.8 * -0.54872
2023-05-01 03:30:28.724 | INFO     | utils.logging:log_training_results:309 - train LLLR :1.06966 * 0.4 * -0.35378
2023-05-01 03:30:28.724 | INFO     | utils.logging:log_training_results:317 - train weight decay:1100.87805 * 0.00030000000000000003 * 0.45989
2023-05-01 03:30:35.519 | INFO     | __main__:objective:356 - Starting epoch #2.
2023-05-01 03:31:06.035 | INFO     | utils.logging:log_training_results:280 - 
2023-05-01 03:31:06.036 | INFO     | utils.logging:log_training_results:281 - Global Step =   1000
2023-05-01 03:31:06.036 | INFO     | utils.logging:log_training_results:282 - val mean(MacRec)_t: 0.8328733444213867
2023-05-01 03:31:06.037 | INFO     | utils.logging:log_training_results:287 - val mean ABSerr: 3.1563384532928467
2023-05-01 03:31:06.037 | INFO     | utils.logging:log_training_results:290 - val ausat from confmx: 0.9405083656311035
2023-05-01 03:31:06.038 | INFO     | utils.logging:log_training_results:301 - val MCE loss:1.05870 * 0.8 * -0.56022
2023-05-01 03:31:06.038 | INFO     | utils.logging:log_training_results:309 - val LLLR :0.77414 * 0.4 * -0.36318
2023-05-01 03:31:06.038 | INFO     | utils.logging:log_training_results:317 - val weight decay:1085.97131 * 0.00030000000000000003 * 0.44703
2023-05-01 03:31:06.089 | INFO     | utils.checkpoint:update_and_save_result:168 - [36mBest value updated![0m
2023-05-01 03:31:06.110 | INFO     | utils.checkpoint:save_checkpoint:83 - [36mSaved checkpoint[0m at step 1000.
2023-05-01 03:31:06.112 | INFO     | utils.checkpoint:keep_max_num_saved_models:101 - Removed the oldest model for max_to_keep=1
2023-05-01 03:31:07.177 | INFO     | utils.logging:save_sdre_imgs:710 - Figures saved.
2023-05-01 03:31:07.532 | INFO     | utils.logging:log_training_results:280 - 
2023-05-01 03:31:07.533 | INFO     | utils.logging:log_training_results:281 - Global Step =   1000
2023-05-01 03:31:07.533 | INFO     | utils.logging:log_training_results:282 - train mean(MacRec)_t: 0.45610687136650085
2023-05-01 03:31:07.533 | INFO     | utils.logging:log_training_results:287 - train mean ABSerr: 3.5023810863494873
2023-05-01 03:31:07.534 | INFO     | utils.logging:log_training_results:290 - train ausat from confmx: 0.49745193123817444
2023-05-01 03:31:07.534 | INFO     | utils.logging:log_training_results:301 - train MCE loss:1.07487 * 0.8 * -0.56026
2023-05-01 03:31:07.538 | INFO     | utils.logging:log_training_results:309 - train LLLR :1.07597 * 0.4 * -0.36322
2023-05-01 03:31:07.538 | INFO     | utils.logging:log_training_results:317 - train weight decay:1085.97131 * 0.00030000000000000003 * 0.44698
2023-05-01 03:31:35.547 | INFO     | __main__:objective:356 - Starting epoch #3.
2023-05-01 03:31:45.841 | INFO     | utils.logging:log_training_results:280 - 
2023-05-01 03:31:45.842 | INFO     | utils.logging:log_training_results:281 - Global Step =   1250
2023-05-01 03:31:45.842 | INFO     | utils.logging:log_training_results:282 - val mean(MacRec)_t: 0.8401699662208557
2023-05-01 03:31:45.843 | INFO     | utils.logging:log_training_results:287 - val mean ABSerr: 3.0837602615356445
2023-05-01 03:31:45.843 | INFO     | utils.logging:log_training_results:290 - val ausat from confmx: 0.9539245367050171
2023-05-01 03:31:45.844 | INFO     | utils.logging:log_training_results:301 - val MCE loss:1.05650 * 0.8 * -0.57092
2023-05-01 03:31:45.844 | INFO     | utils.logging:log_training_results:309 - val LLLR :0.72262 * 0.4 * -0.37166
2023-05-01 03:31:45.844 | INFO     | utils.logging:log_training_results:317 - val weight decay:1069.61023 * 0.00030000000000000003 * 0.43510
2023-05-01 03:31:45.906 | INFO     | utils.checkpoint:update_and_save_result:168 - [36mBest value updated![0m
2023-05-01 03:31:45.933 | INFO     | utils.checkpoint:save_checkpoint:83 - [36mSaved checkpoint[0m at step 1250.
2023-05-01 03:31:45.937 | INFO     | utils.checkpoint:keep_max_num_saved_models:101 - Removed the oldest model for max_to_keep=1
2023-05-01 03:31:46.832 | INFO     | utils.logging:save_sdre_imgs:710 - Figures saved.
2023-05-01 03:31:47.199 | INFO     | utils.logging:log_training_results:280 - 
2023-05-01 03:31:47.200 | INFO     | utils.logging:log_training_results:281 - Global Step =   1250
2023-05-01 03:31:47.200 | INFO     | utils.logging:log_training_results:282 - train mean(MacRec)_t: 0.4916420876979828
2023-05-01 03:31:47.201 | INFO     | utils.logging:log_training_results:287 - train mean ABSerr: 3.320631742477417
2023-05-01 03:31:47.201 | INFO     | utils.logging:log_training_results:290 - train ausat from confmx: 0.5599654316902161
2023-05-01 03:31:47.201 | INFO     | utils.logging:log_training_results:301 - train MCE loss:1.07085 * 0.8 * -0.57096
2023-05-01 03:31:47.202 | INFO     | utils.logging:log_training_results:309 - train LLLR :1.01343 * 0.4 * -0.37169
2023-05-01 03:31:47.202 | INFO     | utils.logging:log_training_results:317 - train weight decay:1069.61011 * 0.00030000000000000003 * 0.43505
2023-05-01 03:32:24.477 | INFO     | utils.logging:log_training_results:280 - 
2023-05-01 03:32:24.478 | INFO     | utils.logging:log_training_results:281 - Global Step =   1500
2023-05-01 03:32:24.479 | INFO     | utils.logging:log_training_results:282 - val mean(MacRec)_t: 0.8344366550445557
2023-05-01 03:32:24.479 | INFO     | utils.logging:log_training_results:287 - val mean ABSerr: 2.9725890159606934
2023-05-01 03:32:24.479 | INFO     | utils.logging:log_training_results:290 - val ausat from confmx: 0.9684004187583923
2023-05-01 03:32:24.480 | INFO     | utils.logging:log_training_results:301 - val MCE loss:1.05883 * 0.8 * -0.58082
2023-05-01 03:32:24.480 | INFO     | utils.logging:log_training_results:309 - val LLLR :0.65686 * 0.4 * -0.37889
2023-05-01 03:32:24.481 | INFO     | utils.logging:log_training_results:317 - val weight decay:1052.03406 * 0.00030000000000000003 * 0.42423
2023-05-01 03:32:25.406 | INFO     | utils.logging:save_sdre_imgs:710 - Figures saved.
2023-05-01 03:32:25.865 | INFO     | utils.logging:log_training_results:280 - 
2023-05-01 03:32:25.865 | INFO     | utils.logging:log_training_results:281 - Global Step =   1500
2023-05-01 03:32:25.866 | INFO     | utils.logging:log_training_results:282 - train mean(MacRec)_t: 0.5366421937942505
2023-05-01 03:32:25.866 | INFO     | utils.logging:log_training_results:287 - train mean ABSerr: 3.2207257747650146
2023-05-01 03:32:25.867 | INFO     | utils.logging:log_training_results:290 - train ausat from confmx: 0.5869972109794617
2023-05-01 03:32:25.867 | INFO     | utils.logging:log_training_results:301 - train MCE loss:1.07412 * 0.8 * -0.58086
2023-05-01 03:32:25.868 | INFO     | utils.logging:log_training_results:309 - train LLLR :0.97914 * 0.4 * -0.37892
2023-05-01 03:32:25.868 | INFO     | utils.logging:log_training_results:317 - train weight decay:1052.03406 * 0.00030000000000000003 * 0.42419
2023-05-01 03:32:39.431 | INFO     | __main__:objective:356 - Starting epoch #4.
2023-05-01 03:33:02.732 | INFO     | utils.logging:log_training_results:280 - 
2023-05-01 03:33:02.733 | INFO     | utils.logging:log_training_results:281 - Global Step =   1750
2023-05-01 03:33:02.733 | INFO     | utils.logging:log_training_results:282 - val mean(MacRec)_t: 0.8168099522590637
2023-05-01 03:33:02.733 | INFO     | utils.logging:log_training_results:287 - val mean ABSerr: 2.7286767959594727
2023-05-01 03:33:02.734 | INFO     | utils.logging:log_training_results:290 - val ausat from confmx: 0.956341028213501
2023-05-01 03:33:02.734 | INFO     | utils.logging:log_training_results:301 - val MCE loss:1.06460 * 0.8 * -0.59006
2023-05-01 03:33:02.735 | INFO     | utils.logging:log_training_results:309 - val LLLR :0.56658 * 0.4 * -0.38443
2023-05-01 03:33:02.735 | INFO     | utils.logging:log_training_results:317 - val weight decay:1033.48145 * 0.00030000000000000003 * 0.41446
2023-05-01 03:33:04.106 | INFO     | utils.logging:save_sdre_imgs:710 - Figures saved.
2023-05-01 03:33:04.493 | INFO     | utils.logging:log_training_results:280 - 
2023-05-01 03:33:04.494 | INFO     | utils.logging:log_training_results:281 - Global Step =   1750
2023-05-01 03:33:04.495 | INFO     | utils.logging:log_training_results:282 - train mean(MacRec)_t: 0.5753430128097534
2023-05-01 03:33:04.495 | INFO     | utils.logging:log_training_results:287 - train mean ABSerr: 3.0937387943267822
2023-05-01 03:33:04.496 | INFO     | utils.logging:log_training_results:290 - train ausat from confmx: 0.6291271448135376
2023-05-01 03:33:04.496 | INFO     | utils.logging:log_training_results:301 - train MCE loss:1.07469 * 0.8 * -0.59009
2023-05-01 03:33:04.497 | INFO     | utils.logging:log_training_results:309 - train LLLR :0.91777 * 0.4 * -0.38445
2023-05-01 03:33:04.497 | INFO     | utils.logging:log_training_results:317 - train weight decay:1033.48145 * 0.00030000000000000003 * 0.41442
2023-05-01 03:33:39.621 | INFO     | __main__:objective:356 - Starting epoch #5.
2023-05-01 03:33:42.506 | INFO     | utils.logging:log_training_results:280 - 
2023-05-01 03:33:42.507 | INFO     | utils.logging:log_training_results:281 - Global Step =   2000
2023-05-01 03:33:42.508 | INFO     | utils.logging:log_training_results:282 - val mean(MacRec)_t: 0.7869099974632263
2023-05-01 03:33:42.509 | INFO     | utils.logging:log_training_results:287 - val mean ABSerr: 2.4195148944854736
2023-05-01 03:33:42.509 | INFO     | utils.logging:log_training_results:290 - val ausat from confmx: 0.9252457022666931
2023-05-01 03:33:42.511 | INFO     | utils.logging:log_training_results:301 - val MCE loss:1.06582 * 0.8 * -0.59864
2023-05-01 03:33:42.513 | INFO     | utils.logging:log_training_results:309 - val LLLR :0.52909 * 0.4 * -0.38777
2023-05-01 03:33:42.514 | INFO     | utils.logging:log_training_results:317 - val weight decay:1013.63763 * 0.00030000000000000003 * 0.40577
2023-05-01 03:33:43.505 | INFO     | utils.logging:save_sdre_imgs:710 - Figures saved.
2023-05-01 03:33:43.885 | INFO     | utils.logging:log_training_results:280 - 
2023-05-01 03:33:43.886 | INFO     | utils.logging:log_training_results:281 - Global Step =   2000
2023-05-01 03:33:43.887 | INFO     | utils.logging:log_training_results:282 - train mean(MacRec)_t: 0.6379848122596741
2023-05-01 03:33:43.887 | INFO     | utils.logging:log_training_results:287 - train mean ABSerr: 2.95420503616333
2023-05-01 03:33:43.888 | INFO     | utils.logging:log_training_results:290 - train ausat from confmx: 0.7526097893714905
2023-05-01 03:33:43.888 | INFO     | utils.logging:log_training_results:301 - train MCE loss:1.07517 * 0.8 * -0.59868
2023-05-01 03:33:43.889 | INFO     | utils.logging:log_training_results:309 - train LLLR :0.78119 * 0.4 * -0.38778
2023-05-01 03:33:43.889 | INFO     | utils.logging:log_training_results:317 - train weight decay:1013.63763 * 0.00030000000000000003 * 0.40574
2023-05-01 03:34:22.062 | INFO     | utils.logging:log_training_results:280 - 
2023-05-01 03:34:22.063 | INFO     | utils.logging:log_training_results:281 - Global Step =   2250
2023-05-01 03:34:22.064 | INFO     | utils.logging:log_training_results:282 - val mean(MacRec)_t: 0.7587133646011353
2023-05-01 03:34:22.064 | INFO     | utils.logging:log_training_results:287 - val mean ABSerr: 2.2594692707061768
2023-05-01 03:34:22.065 | INFO     | utils.logging:log_training_results:290 - val ausat from confmx: 0.8777509331703186
2023-05-01 03:34:22.065 | INFO     | utils.logging:log_training_results:301 - val MCE loss:1.06691 * 0.8 * -0.60657
2023-05-01 03:34:22.066 | INFO     | utils.logging:log_training_results:309 - val LLLR :0.57483 * 0.4 * -0.38932
2023-05-01 03:34:22.066 | INFO     | utils.logging:log_training_results:317 - val weight decay:992.22797 * 0.00030000000000000003 * 0.39802
2023-05-01 03:34:23.057 | INFO     | utils.logging:save_sdre_imgs:710 - Figures saved.
2023-05-01 03:34:23.470 | INFO     | utils.logging:log_training_results:280 - 
2023-05-01 03:34:23.471 | INFO     | utils.logging:log_training_results:281 - Global Step =   2250
2023-05-01 03:34:23.471 | INFO     | utils.logging:log_training_results:282 - train mean(MacRec)_t: 0.5891916751861572
2023-05-01 03:34:23.472 | INFO     | utils.logging:log_training_results:287 - train mean ABSerr: 2.827852249145508
2023-05-01 03:34:23.472 | INFO     | utils.logging:log_training_results:290 - train ausat from confmx: 0.7370461821556091
2023-05-01 03:34:23.473 | INFO     | utils.logging:log_training_results:301 - train MCE loss:1.07700 * 0.8 * -0.60660
2023-05-01 03:34:23.473 | INFO     | utils.logging:log_training_results:309 - train LLLR :0.86073 * 0.4 * -0.38933
2023-05-01 03:34:23.473 | INFO     | utils.logging:log_training_results:317 - train weight decay:992.22791 * 0.00030000000000000003 * 0.39799
2023-05-01 03:34:45.897 | INFO     | __main__:objective:356 - Starting epoch #6.
2023-05-01 03:35:03.158 | INFO     | utils.logging:log_training_results:280 - 
2023-05-01 03:35:03.162 | INFO     | utils.logging:log_training_results:281 - Global Step =   2500
2023-05-01 03:35:03.163 | INFO     | utils.logging:log_training_results:282 - val mean(MacRec)_t: 0.7888932824134827
2023-05-01 03:35:03.164 | INFO     | utils.logging:log_training_results:287 - val mean ABSerr: 1.9640659093856812
2023-05-01 03:35:03.165 | INFO     | utils.logging:log_training_results:290 - val ausat from confmx: 0.9164035320281982
2023-05-01 03:35:03.166 | INFO     | utils.logging:log_training_results:301 - val MCE loss:1.06255 * 0.8 * -0.61383
2023-05-01 03:35:03.167 | INFO     | utils.logging:log_training_results:309 - val LLLR :0.50134 * 0.4 * -0.38956
2023-05-01 03:35:03.168 | INFO     | utils.logging:log_training_results:317 - val weight decay:969.60175 * 0.00030000000000000003 * 0.39100
2023-05-01 03:35:04.110 | INFO     | utils.logging:save_sdre_imgs:710 - Figures saved.
2023-05-01 03:35:04.482 | INFO     | utils.logging:log_training_results:280 - 
2023-05-01 03:35:04.483 | INFO     | utils.logging:log_training_results:281 - Global Step =   2500
2023-05-01 03:35:04.484 | INFO     | utils.logging:log_training_results:282 - train mean(MacRec)_t: 0.6797322630882263
2023-05-01 03:35:04.484 | INFO     | utils.logging:log_training_results:287 - train mean ABSerr: 2.7936556339263916
2023-05-01 03:35:04.485 | INFO     | utils.logging:log_training_results:290 - train ausat from confmx: 0.8115442395210266
2023-05-01 03:35:04.485 | INFO     | utils.logging:log_training_results:301 - train MCE loss:1.07261 * 0.8 * -0.61386
2023-05-01 03:35:04.486 | INFO     | utils.logging:log_training_results:309 - train LLLR :0.71043 * 0.4 * -0.38956
2023-05-01 03:35:04.486 | INFO     | utils.logging:log_training_results:317 - train weight decay:969.60181 * 0.00030000000000000003 * 0.39097
2023-05-01 03:35:43.605 | INFO     | utils.logging:log_training_results:280 - 
2023-05-01 03:35:43.605 | INFO     | utils.logging:log_training_results:281 - Global Step =   2750
2023-05-01 03:35:43.606 | INFO     | utils.logging:log_training_results:282 - val mean(MacRec)_t: 0.7828333973884583
2023-05-01 03:35:43.606 | INFO     | utils.logging:log_training_results:287 - val mean ABSerr: 1.8582979440689087
2023-05-01 03:35:43.607 | INFO     | utils.logging:log_training_results:290 - val ausat from confmx: 0.9093923568725586
2023-05-01 03:35:43.607 | INFO     | utils.logging:log_training_results:301 - val MCE loss:1.06167 * 0.8 * -0.62043
2023-05-01 03:35:43.608 | INFO     | utils.logging:log_training_results:309 - val LLLR :0.51184 * 0.4 * -0.38879
2023-05-01 03:35:43.608 | INFO     | utils.logging:log_training_results:317 - val weight decay:946.11426 * 0.00030000000000000003 * 0.38451
2023-05-01 03:35:44.991 | INFO     | utils.logging:save_sdre_imgs:710 - Figures saved.
2023-05-01 03:35:45.385 | INFO     | utils.logging:log_training_results:280 - 
2023-05-01 03:35:45.389 | INFO     | utils.logging:log_training_results:281 - Global Step =   2750
2023-05-01 03:35:45.393 | INFO     | utils.logging:log_training_results:282 - train mean(MacRec)_t: 0.6332842707633972
2023-05-01 03:35:45.396 | INFO     | utils.logging:log_training_results:287 - train mean ABSerr: 2.7493786811828613
2023-05-01 03:35:45.397 | INFO     | utils.logging:log_training_results:290 - train ausat from confmx: 0.8371858596801758
2023-05-01 03:35:45.398 | INFO     | utils.logging:log_training_results:301 - train MCE loss:1.07154 * 0.8 * -0.62046
2023-05-01 03:35:45.400 | INFO     | utils.logging:log_training_results:309 - train LLLR :0.80031 * 0.4 * -0.38878
2023-05-01 03:35:45.401 | INFO     | utils.logging:log_training_results:317 - train weight decay:946.11426 * 0.00030000000000000003 * 0.38448
2023-05-01 03:35:52.476 | INFO     | __main__:objective:356 - Starting epoch #7.
2023-05-01 03:36:23.320 | INFO     | utils.logging:log_training_results:280 - 
2023-05-01 03:36:23.321 | INFO     | utils.logging:log_training_results:281 - Global Step =   3000
2023-05-01 03:36:23.322 | INFO     | utils.logging:log_training_results:282 - val mean(MacRec)_t: 0.7961533069610596
2023-05-01 03:36:23.322 | INFO     | utils.logging:log_training_results:287 - val mean ABSerr: 1.788681149482727
2023-05-01 03:36:23.322 | INFO     | utils.logging:log_training_results:290 - val ausat from confmx: 0.9228833317756653
2023-05-01 03:36:23.323 | INFO     | utils.logging:log_training_results:301 - val MCE loss:1.06121 * 0.8 * -0.62636
2023-05-01 03:36:23.323 | INFO     | utils.logging:log_training_results:309 - val LLLR :0.48380 * 0.4 * -0.38704
2023-05-01 03:36:23.324 | INFO     | utils.logging:log_training_results:317 - val weight decay:922.08362 * 0.00030000000000000003 * 0.37835
2023-05-01 03:36:24.209 | INFO     | utils.logging:save_sdre_imgs:710 - Figures saved.
2023-05-01 03:36:24.569 | INFO     | utils.logging:log_training_results:280 - 
2023-05-01 03:36:24.570 | INFO     | utils.logging:log_training_results:281 - Global Step =   3000
2023-05-01 03:36:24.571 | INFO     | utils.logging:log_training_results:282 - train mean(MacRec)_t: 0.7068372964859009
2023-05-01 03:36:24.571 | INFO     | utils.logging:log_training_results:287 - train mean ABSerr: 2.7815213203430176
2023-05-01 03:36:24.572 | INFO     | utils.logging:log_training_results:290 - train ausat from confmx: 0.8326557278633118
2023-05-01 03:36:24.572 | INFO     | utils.logging:log_training_results:301 - train MCE loss:1.06765 * 0.8 * -0.62639
2023-05-01 03:36:24.572 | INFO     | utils.logging:log_training_results:309 - train LLLR :0.65796 * 0.4 * -0.38703
2023-05-01 03:36:24.573 | INFO     | utils.logging:log_training_results:317 - train weight decay:922.08362 * 0.00030000000000000003 * 0.37833
2023-05-01 03:36:54.039 | INFO     | __main__:objective:356 - Starting epoch #8.
