2023-05-01 11:13:19.641 | INFO     | utils.misc:fix_random_seed:405 - Random seed is not fixed.
2023-05-01 11:13:19.661 | INFO     | models.temporal_integrators:summarize:568 - 
:'######::'########::'########::'########::::::::::::::::::::::
'##... ##: ##.... ##: ##.... ##:... ##..:::::::::::::::::::::::
 ##:::..:: ##:::: ##: ##:::: ##:::: ##:::::::::::::::::::::::::
. ######:: ########:: ########::::: ##::::'#######:::::::::::::
:..... ##: ##.....::: ##.. ##:::::: ##::::........:::::::::::::
'##::: ##: ##:::::::: ##::. ##::::: ##:::::::::::::::::::::::::
. ######:: ##:::::::: ##:::. ##:::: ##:::::::::::::::::::::::::
:......:::..:::::::::..:::::..:::::..::::::::::::::::::::::::::
'########::::'###::::'##::: ##:'########::'########:'##::::'##:
... ##..::::'## ##::: ###:: ##: ##.... ##: ##.....:: ###::'###:
::: ##:::::'##:. ##:: ####: ##: ##:::: ##: ##::::::: ####'####:
::: ##::::'##:::. ##: ## ## ##: ##:::: ##: ######::: ## ### ##:
::: ##:::: #########: ##. ####: ##:::: ##: ##...:::: ##. #: ##:
::: ##:::: ##.... ##: ##:. ###: ##:::: ##: ##::::::: ##:.:: ##:
::: ##:::: ##:::: ##: ##::. ##: ########:: ########: ##:::: ##:
:::..:::::..:::::..::..::::..::........:::........::..:::::..::

2023-05-01 11:13:19.662 | INFO     | models.temporal_integrators:summarize:571 - [34mofficial PyTorch implementation.[0m
2023-05-01 11:13:20.076 | INFO     | models.temporal_integrators:summarize:593 - Network summary:
===============================================================================================
Layer (type:depth-idx)                        Output Shape              Param #
===============================================================================================
TANDEMformer                                  [150, 50, 3, 3]           771
├─TransformerEncoder: 1-1                     [6750, 1, 128]            --
│    └─ModuleList: 2-6                        --                        (recursive)
│    │    └─TransformerEncoderLayer: 3-1      [6750, 1, 128]            83,136
├─Linear: 1-2                                 [6750, 32]                4,128
├─Dropout: 1-3                                [6750, 32]                --
├─TransformerEncoder: 1-4                     [6750, 2, 128]            (recursive)
│    └─ModuleList: 2-6                        --                        (recursive)
│    │    └─TransformerEncoderLayer: 3-2      [6750, 2, 128]            (recursive)
├─Linear: 1-5                                 [6750, 32]                (recursive)
├─Dropout: 1-6                                [6750, 32]                --
├─TransformerEncoder: 1-7                     [6750, 3, 128]            (recursive)
│    └─ModuleList: 2-6                        --                        (recursive)
│    │    └─TransformerEncoderLayer: 3-3      [6750, 3, 128]            (recursive)
├─Linear: 1-8                                 [6750, 32]                (recursive)
├─Dropout: 1-9                                [6750, 32]                --
├─TransformerEncoder: 1-10                    [6750, 4, 128]            (recursive)
│    └─ModuleList: 2-6                        --                        (recursive)
│    │    └─TransformerEncoderLayer: 3-4      [6750, 4, 128]            (recursive)
├─Linear: 1-11                                [6750, 32]                (recursive)
├─Dropout: 1-12                               [6750, 32]                --
├─TransformerEncoder: 1-13                    [6750, 5, 128]            (recursive)
│    └─ModuleList: 2-6                        --                        (recursive)
│    │    └─TransformerEncoderLayer: 3-5      [6750, 5, 128]            (recursive)
├─Linear: 1-14                                [6750, 32]                (recursive)
├─Dropout: 1-15                               [6750, 32]                --
├─TransformerEncoder: 1-16                    [6750, 6, 128]            (recursive)
│    └─ModuleList: 2-6                        --                        (recursive)
│    │    └─TransformerEncoderLayer: 3-6      [6750, 6, 128]            (recursive)
├─Linear: 1-17                                [6750, 32]                (recursive)
├─Dropout: 1-18                               [6750, 32]                --
├─Linear: 1-19                                [6750, 3]                 99
├─Linear: 1-20                                [6750, 3]                 (recursive)
├─Linear: 1-21                                [6750, 3]                 (recursive)
├─Linear: 1-22                                [6750, 3]                 (recursive)
├─Linear: 1-23                                [6750, 3]                 (recursive)
├─Linear: 1-24                                [6750, 3]                 (recursive)
===============================================================================================
Total params: 88,134
Trainable params: 88,134
Non-trainable params: 0
Total mult-adds (M): 863.26
===============================================================================================
Input size (MB): 3.84
Forward/backward pass size (MB): 519.37
Params size (MB): 0.09
Estimated Total Size (MB): 523.30
===============================================================================================
2023-05-01 11:13:20.077 | INFO     | models.temporal_integrators:summarize:594 - Example input shape: torch.Size([150, 50, 128])
2023-05-01 11:13:20.078 | INFO     | models.temporal_integrators:summarize:595 - Example output shape: torch.Size([150, 50, 3, 3])
2023-05-01 11:13:20.079 | INFO     | models.temporal_integrators:import_model:58 - model moved onto: [33mcuda.[0m
2023-05-01 11:13:20.080 | INFO     | models.optimizers:initialize_optimizer:44 - Optimizer:
AdamW (
Parameter Group 0
    amsgrad: False
    betas: (0.9, 0.999)
    capturable: False
    differentiable: False
    eps: 1e-08
    foreach: None
    fused: None
    lr: 2.5050326798166005e-05
    maximize: False
    weight_decay: 0.0005
)
2023-05-01 11:13:20.081 | INFO     | datasets.data_processing:lmdb_dataloaders:293 - loading data... 
2023-05-01 11:13:20.081 | INFO     | datasets.data_processing:lmdb_dataloaders:295 - If this process takes long, consider setting is_load_onto_memory=False or use LMDBIterableDataset.
2023-05-01 11:13:22.624 | INFO     | __main__:objective:357 - Starting epoch #0.
2023-05-01 11:13:31.521 | INFO     | utils.logging:log_training_results:280 - 
2023-05-01 11:13:31.522 | INFO     | utils.logging:log_training_results:281 - Global Step =      0
2023-05-01 11:13:31.522 | INFO     | utils.logging:log_training_results:282 - val mean(MacRec)_t: 0.31488335132598877
2023-05-01 11:13:31.523 | INFO     | utils.logging:log_training_results:287 - val mean ABSerr: 3.5029919147491455
2023-05-01 11:13:31.523 | INFO     | utils.logging:log_training_results:290 - val ausat from confmx: 0.3102323114871979
2023-05-01 11:13:31.524 | INFO     | utils.logging:log_training_results:301 - val MCE loss:1.10138 * 1.0 * 0.30028
2023-05-01 11:13:31.524 | INFO     | utils.logging:log_training_results:309 - val LLLR :1.12069 * 0.0 * -0.13865
2023-05-01 11:13:31.524 | INFO     | utils.logging:log_training_results:317 - val weight decay:1351.43542 * 0.0005 * 0.17924
2023-05-01 11:13:33.178 | INFO     | utils.logging:save_sdre_imgs:710 - Figures saved.
2023-05-01 11:13:33.690 | INFO     | utils.logging:log_training_results:280 - 
2023-05-01 11:13:33.691 | INFO     | utils.logging:log_training_results:281 - Global Step =      0
2023-05-01 11:13:33.691 | INFO     | utils.logging:log_training_results:282 - train mean(MacRec)_t: 0.3608928620815277
2023-05-01 11:13:33.691 | INFO     | utils.logging:log_training_results:287 - train mean ABSerr: 3.5584943294525146
2023-05-01 11:13:33.692 | INFO     | utils.logging:log_training_results:290 - train ausat from confmx: 0.3809468448162079
2023-05-01 11:13:33.692 | INFO     | utils.logging:log_training_results:301 - train MCE loss:1.10137 * 1.0 * 0.30030
2023-05-01 11:13:33.693 | INFO     | utils.logging:log_training_results:309 - train LLLR :1.13394 * 0.0 * -0.13862
2023-05-01 11:13:33.693 | INFO     | utils.logging:log_training_results:317 - train weight decay:1351.43542 * 0.0005 * 0.17927
2023-05-01 11:14:41.422 | INFO     | utils.logging:log_training_results:280 - 
2023-05-01 11:14:41.423 | INFO     | utils.logging:log_training_results:281 - Global Step =    250
2023-05-01 11:14:41.424 | INFO     | utils.logging:log_training_results:282 - val mean(MacRec)_t: 0.5619500279426575
2023-05-01 11:14:41.424 | INFO     | utils.logging:log_training_results:287 - val mean ABSerr: 3.3990066051483154
2023-05-01 11:14:41.425 | INFO     | utils.logging:log_training_results:290 - val ausat from confmx: 0.648242712020874
2023-05-01 11:14:41.425 | INFO     | utils.logging:log_training_results:301 - val MCE loss:1.08480 * 1.0 * 0.30643
2023-05-01 11:14:41.426 | INFO     | utils.logging:log_training_results:309 - val LLLR :1.00210 * 0.0 * -0.13233
2023-05-01 11:14:41.426 | INFO     | utils.logging:log_training_results:317 - val weight decay:1295.55078 * 0.0005 * 0.18530
2023-05-01 11:14:42.304 | INFO     | utils.checkpoint:update_and_save_result:168 - [36mBest value updated![0m
2023-05-01 11:14:42.320 | INFO     | utils.checkpoint:save_checkpoint:83 - [36mSaved checkpoint[0m at step 250.
2023-05-01 11:14:43.125 | INFO     | utils.logging:save_sdre_imgs:710 - Figures saved.
2023-05-01 11:14:43.613 | INFO     | utils.logging:log_training_results:280 - 
2023-05-01 11:14:43.613 | INFO     | utils.logging:log_training_results:281 - Global Step =    250
2023-05-01 11:14:43.614 | INFO     | utils.logging:log_training_results:282 - train mean(MacRec)_t: 0.46824607253074646
2023-05-01 11:14:43.614 | INFO     | utils.logging:log_training_results:287 - train mean ABSerr: 3.3559060096740723
2023-05-01 11:14:43.615 | INFO     | utils.logging:log_training_results:290 - train ausat from confmx: 0.4623565077781677
2023-05-01 11:14:43.615 | INFO     | utils.logging:log_training_results:301 - train MCE loss:1.08496 * 1.0 * 0.30645
2023-05-01 11:14:43.615 | INFO     | utils.logging:log_training_results:309 - train LLLR :1.02430 * 0.0 * -0.13230
2023-05-01 11:14:43.616 | INFO     | utils.logging:log_training_results:317 - train weight decay:1295.55078 * 0.0005 * 0.18533
2023-05-01 11:15:19.901 | INFO     | __main__:objective:357 - Starting epoch #1.
2023-05-01 11:15:52.506 | INFO     | utils.logging:log_training_results:280 - 
2023-05-01 11:15:52.506 | INFO     | utils.logging:log_training_results:281 - Global Step =    500
2023-05-01 11:15:52.507 | INFO     | utils.logging:log_training_results:282 - val mean(MacRec)_t: 0.7301933169364929
2023-05-01 11:15:52.507 | INFO     | utils.logging:log_training_results:287 - val mean ABSerr: 3.2028303146362305
2023-05-01 11:15:52.508 | INFO     | utils.logging:log_training_results:290 - val ausat from confmx: 0.8533857464790344
2023-05-01 11:15:52.508 | INFO     | utils.logging:log_training_results:301 - val MCE loss:1.05635 * 1.0 * 0.31232
2023-05-01 11:15:52.508 | INFO     | utils.logging:log_training_results:309 - val LLLR :0.82739 * 0.0 * -0.12586
2023-05-01 11:15:52.509 | INFO     | utils.logging:log_training_results:317 - val weight decay:1250.05945 * 0.0005 * 0.19096
2023-05-01 11:15:53.390 | INFO     | utils.checkpoint:update_and_save_result:168 - [36mBest value updated![0m
2023-05-01 11:15:53.405 | INFO     | utils.checkpoint:save_checkpoint:83 - [36mSaved checkpoint[0m at step 500.
2023-05-01 11:15:53.408 | INFO     | utils.checkpoint:keep_max_num_saved_models:101 - Removed the oldest model for max_to_keep=1
2023-05-01 11:15:54.213 | INFO     | utils.logging:save_sdre_imgs:710 - Figures saved.
2023-05-01 11:15:54.682 | INFO     | utils.logging:log_training_results:280 - 
2023-05-01 11:15:54.684 | INFO     | utils.logging:log_training_results:281 - Global Step =    500
2023-05-01 11:15:54.685 | INFO     | utils.logging:log_training_results:282 - train mean(MacRec)_t: 0.6074037551879883
2023-05-01 11:15:54.685 | INFO     | utils.logging:log_training_results:287 - train mean ABSerr: 3.2175588607788086
2023-05-01 11:15:54.686 | INFO     | utils.logging:log_training_results:290 - train ausat from confmx: 0.7026262879371643
2023-05-01 11:15:54.686 | INFO     | utils.logging:log_training_results:301 - train MCE loss:1.05694 * 1.0 * 0.31234
2023-05-01 11:15:54.687 | INFO     | utils.logging:log_training_results:309 - train LLLR :0.87865 * 0.0 * -0.12584
2023-05-01 11:15:54.687 | INFO     | utils.logging:log_training_results:317 - train weight decay:1250.05933 * 0.0005 * 0.19099
2023-05-01 11:17:02.127 | INFO     | utils.logging:log_training_results:280 - 
2023-05-01 11:17:02.128 | INFO     | utils.logging:log_training_results:281 - Global Step =    750
2023-05-01 11:17:02.129 | INFO     | utils.logging:log_training_results:282 - val mean(MacRec)_t: 0.8249300122261047
2023-05-01 11:17:02.129 | INFO     | utils.logging:log_training_results:287 - val mean ABSerr: 2.667665481567383
2023-05-01 11:17:02.130 | INFO     | utils.logging:log_training_results:290 - val ausat from confmx: 0.9413442611694336
2023-05-01 11:17:02.130 | INFO     | utils.logging:log_training_results:301 - val MCE loss:0.99130 * 1.0 * 0.31786
2023-05-01 11:17:02.131 | INFO     | utils.logging:log_training_results:309 - val LLLR :0.55486 * 0.0 * -0.11925
2023-05-01 11:17:02.131 | INFO     | utils.logging:log_training_results:317 - val weight decay:1215.74561 * 0.0005 * 0.19632
2023-05-01 11:17:02.898 | INFO     | utils.checkpoint:update_and_save_result:168 - [36mBest value updated![0m
2023-05-01 11:17:02.913 | INFO     | utils.checkpoint:save_checkpoint:83 - [36mSaved checkpoint[0m at step 750.
2023-05-01 11:17:02.916 | INFO     | utils.checkpoint:keep_max_num_saved_models:101 - Removed the oldest model for max_to_keep=1
2023-05-01 11:17:04.018 | INFO     | utils.logging:save_sdre_imgs:710 - Figures saved.
2023-05-01 11:17:04.485 | INFO     | utils.logging:log_training_results:280 - 
2023-05-01 11:17:04.485 | INFO     | utils.logging:log_training_results:281 - Global Step =    750
2023-05-01 11:17:04.486 | INFO     | utils.logging:log_training_results:282 - train mean(MacRec)_t: 0.7706465125083923
2023-05-01 11:17:04.486 | INFO     | utils.logging:log_training_results:287 - train mean ABSerr: 2.6967649459838867
2023-05-01 11:17:04.486 | INFO     | utils.logging:log_training_results:290 - train ausat from confmx: 0.9127601981163025
2023-05-01 11:17:04.489 | INFO     | utils.logging:log_training_results:301 - train MCE loss:0.98772 * 1.0 * 0.31788
2023-05-01 11:17:04.493 | INFO     | utils.logging:log_training_results:309 - train LLLR :0.58710 * 0.0 * -0.11923
2023-05-01 11:17:04.495 | INFO     | utils.logging:log_training_results:317 - train weight decay:1215.74561 * 0.0005 * 0.19634
2023-05-01 11:17:16.631 | INFO     | __main__:objective:357 - Starting epoch #2.
2023-05-01 11:18:14.433 | INFO     | utils.logging:log_training_results:280 - 
2023-05-01 11:18:14.434 | INFO     | utils.logging:log_training_results:281 - Global Step =   1000
2023-05-01 11:18:14.434 | INFO     | utils.logging:log_training_results:282 - val mean(MacRec)_t: 0.864216685295105
2023-05-01 11:18:14.435 | INFO     | utils.logging:log_training_results:287 - val mean ABSerr: 1.7135673761367798
2023-05-01 11:18:14.435 | INFO     | utils.logging:log_training_results:290 - val ausat from confmx: 0.9699294567108154
2023-05-01 11:18:14.435 | INFO     | utils.logging:log_training_results:301 - val MCE loss:0.90878 * 1.0 * 0.32295
2023-05-01 11:18:14.436 | INFO     | utils.logging:log_training_results:309 - val LLLR :0.35995 * 0.0 * -0.11250
2023-05-01 11:18:14.436 | INFO     | utils.logging:log_training_results:317 - val weight decay:1190.01135 * 0.0005 * 0.20145
2023-05-01 11:18:15.233 | INFO     | utils.checkpoint:update_and_save_result:168 - [36mBest value updated![0m
2023-05-01 11:18:15.251 | INFO     | utils.checkpoint:save_checkpoint:83 - [36mSaved checkpoint[0m at step 1000.
2023-05-01 11:18:15.254 | INFO     | utils.checkpoint:keep_max_num_saved_models:101 - Removed the oldest model for max_to_keep=1
2023-05-01 11:18:16.117 | INFO     | utils.logging:save_sdre_imgs:710 - Figures saved.
2023-05-01 11:18:16.608 | INFO     | utils.logging:log_training_results:280 - 
2023-05-01 11:18:16.609 | INFO     | utils.logging:log_training_results:281 - Global Step =   1000
2023-05-01 11:18:16.609 | INFO     | utils.logging:log_training_results:282 - train mean(MacRec)_t: 0.8135201334953308
2023-05-01 11:18:16.609 | INFO     | utils.logging:log_training_results:287 - train mean ABSerr: 1.830499529838562
2023-05-01 11:18:16.610 | INFO     | utils.logging:log_training_results:290 - train ausat from confmx: 0.9096311330795288
2023-05-01 11:18:16.610 | INFO     | utils.logging:log_training_results:301 - train MCE loss:0.91599 * 1.0 * 0.32297
2023-05-01 11:18:16.610 | INFO     | utils.logging:log_training_results:309 - train LLLR :0.44977 * 0.0 * -0.11247
2023-05-01 11:18:16.611 | INFO     | utils.logging:log_training_results:317 - train weight decay:1190.01135 * 0.0005 * 0.20147
2023-05-01 11:19:04.613 | INFO     | __main__:objective:357 - Starting epoch #3.
2023-05-01 11:19:25.411 | INFO     | utils.logging:log_training_results:280 - 
2023-05-01 11:19:25.412 | INFO     | utils.logging:log_training_results:281 - Global Step =   1250
2023-05-01 11:19:25.412 | INFO     | utils.logging:log_training_results:282 - val mean(MacRec)_t: 0.8737933039665222
2023-05-01 11:19:25.413 | INFO     | utils.logging:log_training_results:287 - val mean ABSerr: 0.7323780655860901
2023-05-01 11:19:25.413 | INFO     | utils.logging:log_training_results:290 - val ausat from confmx: 0.9764727354049683
2023-05-01 11:19:25.414 | INFO     | utils.logging:log_training_results:301 - val MCE loss:0.86544 * 1.0 * 0.32771
2023-05-01 11:19:25.414 | INFO     | utils.logging:log_training_results:309 - val LLLR :0.30154 * 0.0 * -0.10559
2023-05-01 11:19:25.414 | INFO     | utils.logging:log_training_results:317 - val weight decay:1165.66541 * 0.0005 * 0.20640
2023-05-01 11:19:26.340 | INFO     | utils.checkpoint:update_and_save_result:168 - [36mBest value updated![0m
2023-05-01 11:19:26.355 | INFO     | utils.checkpoint:save_checkpoint:83 - [36mSaved checkpoint[0m at step 1250.
2023-05-01 11:19:26.358 | INFO     | utils.checkpoint:keep_max_num_saved_models:101 - Removed the oldest model for max_to_keep=1
2023-05-01 11:19:27.201 | INFO     | utils.logging:save_sdre_imgs:710 - Figures saved.
2023-05-01 11:19:27.665 | INFO     | utils.logging:log_training_results:280 - 
2023-05-01 11:19:27.666 | INFO     | utils.logging:log_training_results:281 - Global Step =   1250
2023-05-01 11:19:27.666 | INFO     | utils.logging:log_training_results:282 - train mean(MacRec)_t: 0.8364706039428711
2023-05-01 11:19:27.666 | INFO     | utils.logging:log_training_results:287 - train mean ABSerr: 1.1873085498809814
2023-05-01 11:19:27.667 | INFO     | utils.logging:log_training_results:290 - train ausat from confmx: 0.9502735733985901
2023-05-01 11:19:27.667 | INFO     | utils.logging:log_training_results:301 - train MCE loss:0.88969 * 1.0 * 0.32773
2023-05-01 11:19:27.668 | INFO     | utils.logging:log_training_results:309 - train LLLR :0.37749 * 0.0 * -0.10556
2023-05-01 11:19:27.668 | INFO     | utils.logging:log_training_results:317 - train weight decay:1165.66541 * 0.0005 * 0.20642
2023-05-01 11:20:33.869 | INFO     | utils.logging:log_training_results:280 - 
2023-05-01 11:20:33.870 | INFO     | utils.logging:log_training_results:281 - Global Step =   1500
2023-05-01 11:20:33.870 | INFO     | utils.logging:log_training_results:282 - val mean(MacRec)_t: 0.8747066855430603
2023-05-01 11:20:33.871 | INFO     | utils.logging:log_training_results:287 - val mean ABSerr: 0.3592270016670227
2023-05-01 11:20:33.871 | INFO     | utils.logging:log_training_results:290 - val ausat from confmx: 0.9772984981536865
2023-05-01 11:20:33.872 | INFO     | utils.logging:log_training_results:301 - val MCE loss:0.85820 * 1.0 * 0.33243
2023-05-01 11:20:33.872 | INFO     | utils.logging:log_training_results:309 - val LLLR :0.29566 * 0.0 * -0.09853
2023-05-01 11:20:33.872 | INFO     | utils.logging:log_training_results:317 - val weight decay:1140.42566 * 0.0005 * 0.21119
2023-05-01 11:20:34.702 | INFO     | utils.checkpoint:update_and_save_result:168 - [36mBest value updated![0m
2023-05-01 11:20:34.718 | INFO     | utils.checkpoint:save_checkpoint:83 - [36mSaved checkpoint[0m at step 1500.
2023-05-01 11:20:34.722 | INFO     | utils.checkpoint:keep_max_num_saved_models:101 - Removed the oldest model for max_to_keep=1
2023-05-01 11:20:35.552 | INFO     | utils.logging:save_sdre_imgs:710 - Figures saved.
2023-05-01 11:20:36.028 | INFO     | utils.logging:log_training_results:280 - 
2023-05-01 11:20:36.029 | INFO     | utils.logging:log_training_results:281 - Global Step =   1500
2023-05-01 11:20:36.029 | INFO     | utils.logging:log_training_results:282 - train mean(MacRec)_t: 0.8570342659950256
2023-05-01 11:20:36.029 | INFO     | utils.logging:log_training_results:287 - train mean ABSerr: 1.1227589845657349
2023-05-01 11:20:36.030 | INFO     | utils.logging:log_training_results:290 - train ausat from confmx: 0.9412155151367188
2023-05-01 11:20:36.030 | INFO     | utils.logging:log_training_results:301 - train MCE loss:0.84430 * 1.0 * 0.33245
2023-05-01 11:20:36.031 | INFO     | utils.logging:log_training_results:309 - train LLLR :0.36560 * 0.0 * -0.09850
2023-05-01 11:20:36.031 | INFO     | utils.logging:log_training_results:317 - train weight decay:1140.42554 * 0.0005 * 0.21121
2023-05-01 11:21:00.142 | INFO     | __main__:objective:357 - Starting epoch #4.
2023-05-01 11:21:44.940 | INFO     | utils.logging:log_training_results:280 - 
2023-05-01 11:21:44.940 | INFO     | utils.logging:log_training_results:281 - Global Step =   1750
2023-05-01 11:21:44.941 | INFO     | utils.logging:log_training_results:282 - val mean(MacRec)_t: 0.8753666281700134
2023-05-01 11:21:44.941 | INFO     | utils.logging:log_training_results:287 - val mean ABSerr: 0.28119200468063354
2023-05-01 11:21:44.942 | INFO     | utils.logging:log_training_results:290 - val ausat from confmx: 0.977527916431427
2023-05-01 11:21:44.942 | INFO     | utils.logging:log_training_results:301 - val MCE loss:0.85704 * 1.0 * 0.33721
2023-05-01 11:21:44.943 | INFO     | utils.logging:log_training_results:309 - val LLLR :0.29434 * 0.0 * -0.09131
2023-05-01 11:21:44.943 | INFO     | utils.logging:log_training_results:317 - val weight decay:1116.55530 * 0.0005 * 0.21583
2023-05-01 11:21:45.864 | INFO     | utils.checkpoint:update_and_save_result:168 - [36mBest value updated![0m
2023-05-01 11:21:45.879 | INFO     | utils.checkpoint:save_checkpoint:83 - [36mSaved checkpoint[0m at step 1750.
2023-05-01 11:21:45.882 | INFO     | utils.checkpoint:keep_max_num_saved_models:101 - Removed the oldest model for max_to_keep=1
2023-05-01 11:21:46.734 | INFO     | utils.logging:save_sdre_imgs:710 - Figures saved.
2023-05-01 11:21:47.207 | INFO     | utils.logging:log_training_results:280 - 
2023-05-01 11:21:47.207 | INFO     | utils.logging:log_training_results:281 - Global Step =   1750
2023-05-01 11:21:47.208 | INFO     | utils.logging:log_training_results:282 - train mean(MacRec)_t: 0.8441386222839355
2023-05-01 11:21:47.208 | INFO     | utils.logging:log_training_results:287 - train mean ABSerr: 1.156558871269226
2023-05-01 11:21:47.208 | INFO     | utils.logging:log_training_results:290 - train ausat from confmx: 0.9583317041397095
2023-05-01 11:21:47.209 | INFO     | utils.logging:log_training_results:301 - train MCE loss:0.87389 * 1.0 * 0.33723
2023-05-01 11:21:47.209 | INFO     | utils.logging:log_training_results:309 - train LLLR :0.40790 * 0.0 * -0.09128
2023-05-01 11:21:47.210 | INFO     | utils.logging:log_training_results:317 - train weight decay:1116.55530 * 0.0005 * 0.21585
2023-05-01 11:22:47.442 | INFO     | __main__:objective:357 - Starting epoch #5.
2023-05-01 11:22:56.399 | INFO     | utils.logging:log_training_results:280 - 
2023-05-01 11:22:56.400 | INFO     | utils.logging:log_training_results:281 - Global Step =   2000
2023-05-01 11:22:56.401 | INFO     | utils.logging:log_training_results:282 - val mean(MacRec)_t: 0.875676691532135
2023-05-01 11:22:56.401 | INFO     | utils.logging:log_training_results:287 - val mean ABSerr: 0.24103102087974548
2023-05-01 11:22:56.401 | INFO     | utils.logging:log_training_results:290 - val ausat from confmx: 0.9769783020019531
2023-05-01 11:22:56.402 | INFO     | utils.logging:log_training_results:301 - val MCE loss:0.85649 * 1.0 * 0.34203
2023-05-01 11:22:56.402 | INFO     | utils.logging:log_training_results:309 - val LLLR :0.29355 * 0.0 * -0.08391
2023-05-01 11:22:56.403 | INFO     | utils.logging:log_training_results:317 - val weight decay:1094.77625 * 0.0005 * 0.22035
2023-05-01 11:22:57.155 | INFO     | utils.checkpoint:update_and_save_result:168 - [36mBest value updated![0m
2023-05-01 11:22:57.170 | INFO     | utils.checkpoint:save_checkpoint:83 - [36mSaved checkpoint[0m at step 2000.
2023-05-01 11:22:57.174 | INFO     | utils.checkpoint:keep_max_num_saved_models:101 - Removed the oldest model for max_to_keep=1
2023-05-01 11:22:58.002 | INFO     | utils.logging:save_sdre_imgs:710 - Figures saved.
2023-05-01 11:22:58.484 | INFO     | utils.logging:log_training_results:280 - 
2023-05-01 11:22:58.485 | INFO     | utils.logging:log_training_results:281 - Global Step =   2000
2023-05-01 11:22:58.486 | INFO     | utils.logging:log_training_results:282 - train mean(MacRec)_t: 0.8474080562591553
2023-05-01 11:22:58.486 | INFO     | utils.logging:log_training_results:287 - train mean ABSerr: 1.1313661336898804
2023-05-01 11:22:58.486 | INFO     | utils.logging:log_training_results:290 - train ausat from confmx: 0.9784216284751892
2023-05-01 11:22:58.487 | INFO     | utils.logging:log_training_results:301 - train MCE loss:0.85612 * 1.0 * 0.34205
2023-05-01 11:22:58.487 | INFO     | utils.logging:log_training_results:309 - train LLLR :0.38105 * 0.0 * -0.08388
2023-05-01 11:22:58.488 | INFO     | utils.logging:log_training_results:317 - train weight decay:1094.77612 * 0.0005 * 0.22037
2023-05-01 11:24:05.885 | INFO     | utils.logging:log_training_results:280 - 
2023-05-01 11:24:05.886 | INFO     | utils.logging:log_training_results:281 - Global Step =   2250
2023-05-01 11:24:05.886 | INFO     | utils.logging:log_training_results:282 - val mean(MacRec)_t: 0.8756400346755981
2023-05-01 11:24:05.887 | INFO     | utils.logging:log_training_results:287 - val mean ABSerr: 0.23396870493888855
2023-05-01 11:24:05.887 | INFO     | utils.logging:log_training_results:290 - val ausat from confmx: 0.9765536785125732
2023-05-01 11:24:05.887 | INFO     | utils.logging:log_training_results:301 - val MCE loss:0.85624 * 1.0 * 0.34687
2023-05-01 11:24:05.888 | INFO     | utils.logging:log_training_results:309 - val LLLR :0.29343 * 0.0 * -0.07632
2023-05-01 11:24:05.888 | INFO     | utils.logging:log_training_results:317 - val weight decay:1074.65710 * 0.0005 * 0.22478
2023-05-01 11:24:07.617 | INFO     | utils.logging:save_sdre_imgs:710 - Figures saved.
2023-05-01 11:24:08.092 | INFO     | utils.logging:log_training_results:280 - 
2023-05-01 11:24:08.092 | INFO     | utils.logging:log_training_results:281 - Global Step =   2250
2023-05-01 11:24:08.093 | INFO     | utils.logging:log_training_results:282 - train mean(MacRec)_t: 0.848438560962677
2023-05-01 11:24:08.093 | INFO     | utils.logging:log_training_results:287 - train mean ABSerr: 1.145652174949646
2023-05-01 11:24:08.094 | INFO     | utils.logging:log_training_results:290 - train ausat from confmx: 0.9574803709983826
2023-05-01 11:24:08.094 | INFO     | utils.logging:log_training_results:301 - train MCE loss:0.86699 * 1.0 * 0.34689
2023-05-01 11:24:08.094 | INFO     | utils.logging:log_training_results:309 - train LLLR :0.34401 * 0.0 * -0.07629
2023-05-01 11:24:08.095 | INFO     | utils.logging:log_training_results:317 - train weight decay:1074.65698 * 0.0005 * 0.22480
2023-05-01 11:24:44.429 | INFO     | __main__:objective:357 - Starting epoch #6.
2023-05-01 11:25:16.617 | INFO     | utils.logging:log_training_results:280 - 
2023-05-01 11:25:16.618 | INFO     | utils.logging:log_training_results:281 - Global Step =   2500
2023-05-01 11:25:16.618 | INFO     | utils.logging:log_training_results:282 - val mean(MacRec)_t: 0.8753199577331543
2023-05-01 11:25:16.619 | INFO     | utils.logging:log_training_results:287 - val mean ABSerr: 0.2198488414287567
2023-05-01 11:25:16.619 | INFO     | utils.logging:log_training_results:290 - val ausat from confmx: 0.977685809135437
2023-05-01 11:25:16.619 | INFO     | utils.logging:log_training_results:301 - val MCE loss:0.85614 * 1.0 * 0.35172
2023-05-01 11:25:16.620 | INFO     | utils.logging:log_training_results:309 - val LLLR :0.29384 * 0.0 * -0.06852
2023-05-01 11:25:16.620 | INFO     | utils.logging:log_training_results:317 - val weight decay:1056.07959 * 0.0005 * 0.22913
2023-05-01 11:25:18.582 | INFO     | utils.logging:save_sdre_imgs:710 - Figures saved.
2023-05-01 11:25:19.044 | INFO     | utils.logging:log_training_results:280 - 
2023-05-01 11:25:19.044 | INFO     | utils.logging:log_training_results:281 - Global Step =   2500
2023-05-01 11:25:19.044 | INFO     | utils.logging:log_training_results:282 - train mean(MacRec)_t: 0.8450671434402466
2023-05-01 11:25:19.045 | INFO     | utils.logging:log_training_results:287 - train mean ABSerr: 1.1019158363342285
2023-05-01 11:25:19.045 | INFO     | utils.logging:log_training_results:290 - train ausat from confmx: 0.9234580397605896
2023-05-01 11:25:19.045 | INFO     | utils.logging:log_training_results:301 - train MCE loss:0.88225 * 1.0 * 0.35174
2023-05-01 11:25:19.046 | INFO     | utils.logging:log_training_results:309 - train LLLR :0.38625 * 0.0 * -0.06849
2023-05-01 11:25:19.046 | INFO     | utils.logging:log_training_results:317 - train weight decay:1056.07959 * 0.0005 * 0.22915
2023-05-01 11:26:24.274 | INFO     | utils.logging:log_training_results:280 - 
2023-05-01 11:26:24.275 | INFO     | utils.logging:log_training_results:281 - Global Step =   2750
2023-05-01 11:26:24.276 | INFO     | utils.logging:log_training_results:282 - val mean(MacRec)_t: 0.8759166598320007
2023-05-01 11:26:24.276 | INFO     | utils.logging:log_training_results:287 - val mean ABSerr: 0.21725763380527496
2023-05-01 11:26:24.277 | INFO     | utils.logging:log_training_results:290 - val ausat from confmx: 0.9772982001304626
2023-05-01 11:26:24.277 | INFO     | utils.logging:log_training_results:301 - val MCE loss:0.85591 * 1.0 * 0.35659
2023-05-01 11:26:24.278 | INFO     | utils.logging:log_training_results:309 - val LLLR :0.29318 * 0.0 * -0.06047
2023-05-01 11:26:24.278 | INFO     | utils.logging:log_training_results:317 - val weight decay:1038.62463 * 0.0005 * 0.23341
2023-05-01 11:26:25.098 | INFO     | utils.checkpoint:update_and_save_result:168 - [36mBest value updated![0m
2023-05-01 11:26:25.112 | INFO     | utils.checkpoint:save_checkpoint:83 - [36mSaved checkpoint[0m at step 2750.
2023-05-01 11:26:25.115 | INFO     | utils.checkpoint:keep_max_num_saved_models:101 - Removed the oldest model for max_to_keep=1
2023-05-01 11:26:25.944 | INFO     | utils.logging:save_sdre_imgs:710 - Figures saved.
2023-05-01 11:26:26.416 | INFO     | utils.logging:log_training_results:280 - 
2023-05-01 11:26:26.417 | INFO     | utils.logging:log_training_results:281 - Global Step =   2750
2023-05-01 11:26:26.417 | INFO     | utils.logging:log_training_results:282 - train mean(MacRec)_t: 0.853919267654419
2023-05-01 11:26:26.418 | INFO     | utils.logging:log_training_results:287 - train mean ABSerr: 1.11773681640625
2023-05-01 11:26:26.418 | INFO     | utils.logging:log_training_results:290 - train ausat from confmx: 0.9582117199897766
2023-05-01 11:26:26.418 | INFO     | utils.logging:log_training_results:301 - train MCE loss:0.88071 * 1.0 * 0.35661
2023-05-01 11:26:26.419 | INFO     | utils.logging:log_training_results:309 - train LLLR :0.36321 * 0.0 * -0.06044
2023-05-01 11:26:26.419 | INFO     | utils.logging:log_training_results:317 - train weight decay:1038.62463 * 0.0005 * 0.23343
2023-05-01 11:26:38.654 | INFO     | __main__:objective:357 - Starting epoch #7.
2023-05-01 11:27:35.819 | INFO     | utils.logging:log_training_results:280 - 
2023-05-01 11:27:35.820 | INFO     | utils.logging:log_training_results:281 - Global Step =   3000
2023-05-01 11:27:35.820 | INFO     | utils.logging:log_training_results:282 - val mean(MacRec)_t: 0.8756333589553833
2023-05-01 11:27:35.821 | INFO     | utils.logging:log_training_results:287 - val mean ABSerr: 0.21583226323127747
2023-05-01 11:27:35.821 | INFO     | utils.logging:log_training_results:290 - val ausat from confmx: 0.9773815870285034
2023-05-01 11:27:35.821 | INFO     | utils.logging:log_training_results:301 - val MCE loss:0.85599 * 1.0 * 0.36146
2023-05-01 11:27:35.822 | INFO     | utils.logging:log_training_results:309 - val LLLR :0.29335 * 0.0 * -0.05211
2023-05-01 11:27:35.822 | INFO     | utils.logging:log_training_results:317 - val weight decay:1022.26019 * 0.0005 * 0.23764
2023-05-01 11:27:37.560 | INFO     | utils.logging:save_sdre_imgs:710 - Figures saved.
2023-05-01 11:27:38.041 | INFO     | utils.logging:log_training_results:280 - 
2023-05-01 11:27:38.042 | INFO     | utils.logging:log_training_results:281 - Global Step =   3000
2023-05-01 11:27:38.042 | INFO     | utils.logging:log_training_results:282 - train mean(MacRec)_t: 0.8412819504737854
2023-05-01 11:27:38.043 | INFO     | utils.logging:log_training_results:287 - train mean ABSerr: 1.096936821937561
2023-05-01 11:27:38.043 | INFO     | utils.logging:log_training_results:290 - train ausat from confmx: 0.9633296728134155
2023-05-01 11:27:38.043 | INFO     | utils.logging:log_training_results:301 - train MCE loss:0.86212 * 1.0 * 0.36148
2023-05-01 11:27:38.044 | INFO     | utils.logging:log_training_results:309 - train LLLR :0.36620 * 0.0 * -0.05208
2023-05-01 11:27:38.044 | INFO     | utils.logging:log_training_results:317 - train weight decay:1022.26019 * 0.0005 * 0.23766
2023-05-01 11:28:26.064 | INFO     | __main__:objective:357 - Starting epoch #8.
2023-05-01 11:28:46.957 | INFO     | utils.logging:log_training_results:280 - 
2023-05-01 11:28:46.958 | INFO     | utils.logging:log_training_results:281 - Global Step =   3250
2023-05-01 11:28:46.958 | INFO     | utils.logging:log_training_results:282 - val mean(MacRec)_t: 0.8760799765586853
2023-05-01 11:28:46.959 | INFO     | utils.logging:log_training_results:287 - val mean ABSerr: 0.20159494876861572
2023-05-01 11:28:46.959 | INFO     | utils.logging:log_training_results:290 - val ausat from confmx: 0.9774752855300903
2023-05-01 11:28:46.959 | INFO     | utils.logging:log_training_results:301 - val MCE loss:0.85563 * 1.0 * 0.36633
2023-05-01 11:28:46.960 | INFO     | utils.logging:log_training_results:309 - val LLLR :0.29283 * 0.0 * -0.04335
2023-05-01 11:28:46.960 | INFO     | utils.logging:log_training_results:317 - val weight decay:1006.88916 * 0.0005 * 0.24182
2023-05-01 11:28:47.870 | INFO     | utils.checkpoint:update_and_save_result:168 - [36mBest value updated![0m
2023-05-01 11:28:47.885 | INFO     | utils.checkpoint:save_checkpoint:83 - [36mSaved checkpoint[0m at step 3250.
2023-05-01 11:28:47.889 | INFO     | utils.checkpoint:keep_max_num_saved_models:101 - Removed the oldest model for max_to_keep=1
2023-05-01 11:28:48.745 | INFO     | utils.logging:save_sdre_imgs:710 - Figures saved.
2023-05-01 11:28:49.223 | INFO     | utils.logging:log_training_results:280 - 
2023-05-01 11:28:49.224 | INFO     | utils.logging:log_training_results:281 - Global Step =   3250
2023-05-01 11:28:49.224 | INFO     | utils.logging:log_training_results:282 - train mean(MacRec)_t: 0.8462520241737366
2023-05-01 11:28:49.225 | INFO     | utils.logging:log_training_results:287 - train mean ABSerr: 1.089874505996704
2023-05-01 11:28:49.225 | INFO     | utils.logging:log_training_results:290 - train ausat from confmx: 0.9637967944145203
2023-05-01 11:28:49.225 | INFO     | utils.logging:log_training_results:301 - train MCE loss:0.86639 * 1.0 * 0.36635
2023-05-01 11:28:49.226 | INFO     | utils.logging:log_training_results:309 - train LLLR :0.37702 * 0.0 * -0.04331
2023-05-01 11:28:49.226 | INFO     | utils.logging:log_training_results:317 - train weight decay:1006.88916 * 0.0005 * 0.24184
2023-05-01 11:29:56.178 | INFO     | utils.logging:log_training_results:280 - 
2023-05-01 11:29:56.182 | INFO     | utils.logging:log_training_results:281 - Global Step =   3500
2023-05-01 11:29:56.182 | INFO     | utils.logging:log_training_results:282 - val mean(MacRec)_t: 0.8759300112724304
2023-05-01 11:29:56.183 | INFO     | utils.logging:log_training_results:287 - val mean ABSerr: 0.19765986502170563
2023-05-01 11:29:56.183 | INFO     | utils.logging:log_training_results:290 - val ausat from confmx: 0.9781343936920166
2023-05-01 11:29:56.184 | INFO     | utils.logging:log_training_results:301 - val MCE loss:0.85561 * 1.0 * 0.37118
2023-05-01 11:29:56.184 | INFO     | utils.logging:log_training_results:309 - val LLLR :0.29311 * 0.0 * -0.03401
2023-05-01 11:29:56.185 | INFO     | utils.logging:log_training_results:317 - val weight decay:992.33850 * 0.0005 * 0.24597
2023-05-01 11:29:57.801 | INFO     | utils.logging:save_sdre_imgs:710 - Figures saved.
2023-05-01 11:29:58.274 | INFO     | utils.logging:log_training_results:280 - 
2023-05-01 11:29:58.274 | INFO     | utils.logging:log_training_results:281 - Global Step =   3500
2023-05-01 11:29:58.275 | INFO     | utils.logging:log_training_results:282 - train mean(MacRec)_t: 0.8550489544868469
2023-05-01 11:29:58.275 | INFO     | utils.logging:log_training_results:287 - train mean ABSerr: 1.0540870428085327
2023-05-01 11:29:58.275 | INFO     | utils.logging:log_training_results:290 - train ausat from confmx: 0.9591307640075684
2023-05-01 11:29:58.276 | INFO     | utils.logging:log_training_results:301 - train MCE loss:0.86127 * 1.0 * 0.37120
2023-05-01 11:29:58.276 | INFO     | utils.logging:log_training_results:309 - train LLLR :0.35256 * 0.0 * -0.03397
2023-05-01 11:29:58.277 | INFO     | utils.logging:log_training_results:317 - train weight decay:992.33850 * 0.0005 * 0.24599
2023-05-01 11:30:22.546 | INFO     | __main__:objective:357 - Starting epoch #9.
2023-05-01 11:31:07.216 | INFO     | utils.logging:log_training_results:280 - 
2023-05-01 11:31:07.217 | INFO     | utils.logging:log_training_results:281 - Global Step =   3750
2023-05-01 11:31:07.218 | INFO     | utils.logging:log_training_results:282 - val mean(MacRec)_t: 0.8761267066001892
2023-05-01 11:31:07.218 | INFO     | utils.logging:log_training_results:287 - val mean ABSerr: 0.20253275334835052
2023-05-01 11:31:07.218 | INFO     | utils.logging:log_training_results:290 - val ausat from confmx: 0.9782190918922424
2023-05-01 11:31:07.219 | INFO     | utils.logging:log_training_results:301 - val MCE loss:0.85559 * 1.0 * 0.37606
2023-05-01 11:31:07.219 | INFO     | utils.logging:log_training_results:309 - val LLLR :0.29291 * 0.0 * -0.02372
2023-05-01 11:31:07.220 | INFO     | utils.logging:log_training_results:317 - val weight decay:978.48193 * 0.0005 * 0.25009
2023-05-01 11:31:08.084 | INFO     | utils.checkpoint:update_and_save_result:168 - [36mBest value updated![0m
2023-05-01 11:31:08.099 | INFO     | utils.checkpoint:save_checkpoint:83 - [36mSaved checkpoint[0m at step 3750.
2023-05-01 11:31:08.101 | INFO     | utils.checkpoint:keep_max_num_saved_models:101 - Removed the oldest model for max_to_keep=1
2023-05-01 11:31:08.936 | INFO     | utils.logging:save_sdre_imgs:710 - Figures saved.
2023-05-01 11:31:09.411 | INFO     | utils.logging:log_training_results:280 - 
2023-05-01 11:31:09.411 | INFO     | utils.logging:log_training_results:281 - Global Step =   3750
2023-05-01 11:31:09.412 | INFO     | utils.logging:log_training_results:282 - train mean(MacRec)_t: 0.8533006310462952
2023-05-01 11:31:09.412 | INFO     | utils.logging:log_training_results:287 - train mean ABSerr: 1.100128412246704
2023-05-01 11:31:09.413 | INFO     | utils.logging:log_training_results:290 - train ausat from confmx: 0.9699236750602722
2023-05-01 11:31:09.413 | INFO     | utils.logging:log_training_results:301 - train MCE loss:0.85182 * 1.0 * 0.37608
2023-05-01 11:31:09.413 | INFO     | utils.logging:log_training_results:309 - train LLLR :0.33588 * 0.0 * -0.02368
2023-05-01 11:31:09.414 | INFO     | utils.logging:log_training_results:317 - train weight decay:978.48193 * 0.0005 * 0.25011
2023-05-01 11:32:09.632 | INFO     | utils.logging:investigate_log:155 - num_warning=0/num_error=0 in the .log file.
2023-05-01 11:32:09.990 | INFO     | optuna.study.study:_log_completed_trial:1020 - Trial 102 finished with value: 0.12387329339981079 and parameters: {'LIST_IS_POSITIONAL_ENCODING': False, 'LIST_MODEL_BACKBONE': 'Transformer', 'LIST_WEIGHT_DECAY': 0.0005, 'LIST_LEARNING_RATE': 2.5050326798166005e-05, 'LIST_LLLR_VERSION': 'LSEL', 'LIST_ACTIVATION_FC': 'B2BsqrtV2', 'LIST_PARAM_MULTIPLET_LOSS': 1.0, 'LIST_PARAM_LLR_LOSS': 0.0, 'LIST_IS_ADAPTIVE_LOSS': True, 'LIST_ORDER_SPRT': 5, 'LIST_OPTIMIZER': 'adam', 'LIST_IS_NORMALIZE': False, 'LIST_NUM_THRESH': 500, 'LIST_SPARSITY': 'logspace', 'LIST_NUM_BLOCKS': 1, 'LIST_NUM_HEADS': 2, 'LIST_DROPOUT': 0.2, 'LIST_FF_DIM': 64, 'LIST_MLP_UNITS': 32}. Best is trial 71 with value: 0.12331002950668335.
2023-05-01 11:32:10.371 | INFO     | utils.hyperparameter_tuning:suggest_parameters:560 - [33mStarting a tuning phase.[0m
2023-05-01 11:32:13.424 | INFO     | utils.hyperparameter_tuning:print:394 - 
+------------------------------------------+
|   Hyperparameteres suggested by Optuna   |
+------------------------+-----------------+
|     Parameter name     | Suggested value |
+------------------------+-----------------+
|     ACTIVATION_FC      |     B2Bsqrt     |
|        DROPOUT         |       0.2       |
|         FF_DIM         |        64       |
|    IS_ADAPTIVE_LOSS    |       True      |
|      IS_NORMALIZE      |      False      |
| IS_POSITIONAL_ENCODING |      False      |
|     LEARNING_RATE      |    2.0069e-05   |
|      LLLR_VERSION      |       LSEL      |
|       MLP_UNITS        |        64       |
|     MODEL_BACKBONE     |   Transformer   |
|       NUM_BLOCKS       |        2        |
|       NUM_HEADS        |        2        |
|       NUM_THRESH       |       500       |
|       OPTIMIZER        |       adam      |
|       ORDER_SPRT       |        5        |
|     PARAM_LLR_LOSS     |       0.0       |
|  PARAM_MULTIPLET_LOSS  |       1.0       |
|        SPARSITY        |     logspace    |
|      WEIGHT_DECAY      |      0.0001     |
+------------------------+-----------------+
2023-05-01 11:32:13.426 | INFO     | utils.misc:create_directories_and_log:291 - [33mA new log directory was created: [0m/home/afe/Dropbox/GitHub/SPRT-TANDEM-PyTorch/logs/public_offset0_5_optimmacrec_tuning/checkpoints/Transformer_20230501_113213425/configs
2023-05-01 11:32:13.426 | INFO     | utils.misc:create_directories_and_log:291 - [33mA new log directory was created: [0m/home/afe/Dropbox/GitHub/SPRT-TANDEM-PyTorch/logs/public_offset0_5_optimmacrec_tuning/TensorBoard_events/Transformer_20230501_113213425
