2023-04-30 11:56:23.062 | INFO     | utils.misc:fix_random_seed:405 - Random seed is not fixed.
2023-04-30 11:56:23.101 | INFO     | models.temporal_integrators:summarize:568 - 
:'######::'########::'########::'########::::::::::::::::::::::
'##... ##: ##.... ##: ##.... ##:... ##..:::::::::::::::::::::::
 ##:::..:: ##:::: ##: ##:::: ##:::: ##:::::::::::::::::::::::::
. ######:: ########:: ########::::: ##::::'#######:::::::::::::
:..... ##: ##.....::: ##.. ##:::::: ##::::........:::::::::::::
'##::: ##: ##:::::::: ##::. ##::::: ##:::::::::::::::::::::::::
. ######:: ##:::::::: ##:::. ##:::: ##:::::::::::::::::::::::::
:......:::..:::::::::..:::::..:::::..::::::::::::::::::::::::::
'########::::'###::::'##::: ##:'########::'########:'##::::'##:
... ##..::::'## ##::: ###:: ##: ##.... ##: ##.....:: ###::'###:
::: ##:::::'##:. ##:: ####: ##: ##:::: ##: ##::::::: ####'####:
::: ##::::'##:::. ##: ## ## ##: ##:::: ##: ######::: ## ### ##:
::: ##:::: #########: ##. ####: ##:::: ##: ##...:::: ##. #: ##:
::: ##:::: ##.... ##: ##:. ###: ##:::: ##: ##::::::: ##:.:: ##:
::: ##:::: ##:::: ##: ##::. ##: ########:: ########: ##:::: ##:
:::..:::::..:::::..::..::::..::........:::........::..:::::..::

2023-04-30 11:56:23.102 | INFO     | models.temporal_integrators:summarize:571 - [34mofficial PyTorch implementation.[0m
2023-04-30 11:56:23.369 | INFO     | models.temporal_integrators:summarize:593 - Network summary:
===============================================================================================
Layer (type:depth-idx)                        Output Shape              Param #
===============================================================================================
TANDEMformer                                  [150, 50, 3, 3]           512
├─TransformerEncoder: 1-1                     [7050, 1, 128]            --
│    └─ModuleList: 2-4                        --                        (recursive)
│    │    └─TransformerEncoderLayer: 3-1      [7050, 1, 128]            83,136
│    │    └─TransformerEncoderLayer: 3-2      [7050, 1, 128]            83,136
├─Linear: 1-2                                 [7050, 64]                8,256
├─Dropout: 1-3                                [7050, 64]                --
├─TransformerEncoder: 1-4                     [7050, 2, 128]            (recursive)
│    └─ModuleList: 2-4                        --                        (recursive)
│    │    └─TransformerEncoderLayer: 3-3      [7050, 2, 128]            (recursive)
│    │    └─TransformerEncoderLayer: 3-4      [7050, 2, 128]            (recursive)
├─Linear: 1-5                                 [7050, 64]                (recursive)
├─Dropout: 1-6                                [7050, 64]                --
├─TransformerEncoder: 1-7                     [7050, 3, 128]            (recursive)
│    └─ModuleList: 2-4                        --                        (recursive)
│    │    └─TransformerEncoderLayer: 3-5      [7050, 3, 128]            (recursive)
│    │    └─TransformerEncoderLayer: 3-6      [7050, 3, 128]            (recursive)
├─Linear: 1-8                                 [7050, 64]                (recursive)
├─Dropout: 1-9                                [7050, 64]                --
├─TransformerEncoder: 1-10                    [7050, 4, 128]            (recursive)
│    └─ModuleList: 2-4                        --                        (recursive)
│    │    └─TransformerEncoderLayer: 3-7      [7050, 4, 128]            (recursive)
│    │    └─TransformerEncoderLayer: 3-8      [7050, 4, 128]            (recursive)
├─Linear: 1-11                                [7050, 64]                (recursive)
├─Dropout: 1-12                               [7050, 64]                --
├─Linear: 1-13                                [7050, 3]                 195
├─Linear: 1-14                                [7050, 3]                 (recursive)
├─Linear: 1-15                                [7050, 3]                 (recursive)
├─Linear: 1-16                                [7050, 3]                 (recursive)
===============================================================================================
Total params: 175,235
Trainable params: 175,235
Non-trainable params: 0
Total mult-adds (G): 1.20
===============================================================================================
Input size (MB): 3.84
Forward/backward pass size (MB): 520.46
Params size (MB): 0.17
Estimated Total Size (MB): 524.47
===============================================================================================
2023-04-30 11:56:23.372 | INFO     | models.temporal_integrators:summarize:594 - Example input shape: torch.Size([150, 50, 128])
2023-04-30 11:56:23.373 | INFO     | models.temporal_integrators:summarize:595 - Example output shape: torch.Size([150, 50, 3, 3])
2023-04-30 11:56:23.376 | INFO     | models.temporal_integrators:import_model:58 - model moved onto: [33mcuda.[0m
2023-04-30 11:56:23.377 | INFO     | models.optimizers:initialize_optimizer:44 - Optimizer:
AdamW (
Parameter Group 0
    amsgrad: False
    betas: (0.9, 0.999)
    capturable: False
    differentiable: False
    eps: 1e-08
    foreach: None
    fused: None
    lr: 8.980868745398078e-05
    maximize: False
    weight_decay: 0.00030000000000000003
)
2023-04-30 11:56:23.377 | INFO     | datasets.data_processing:lmdb_dataloaders:293 - loading data... 
2023-04-30 11:56:23.378 | INFO     | datasets.data_processing:lmdb_dataloaders:295 - If this process takes long, consider setting is_load_onto_memory=False or use LMDBIterableDataset.
2023-04-30 11:56:26.143 | INFO     | __main__:objective:356 - Starting epoch #0.
2023-04-30 11:56:31.277 | INFO     | utils.logging:log_training_results:280 - 
2023-04-30 11:56:31.278 | INFO     | utils.logging:log_training_results:281 - Global Step =      0
2023-04-30 11:56:31.279 | INFO     | utils.logging:log_training_results:282 - val mean(MacRec)_t: 0.3485266864299774
2023-04-30 11:56:31.280 | INFO     | utils.logging:log_training_results:287 - val mean ABSerr: 3.5064926147460938
2023-04-30 11:56:31.280 | INFO     | utils.logging:log_training_results:290 - val ausat from confmx: 0.3529118597507477
2023-04-30 11:56:31.280 | INFO     | utils.logging:log_training_results:326 - val MCE loss:1.10536 * 1.0
2023-04-30 11:56:31.281 | INFO     | utils.logging:log_training_results:333 - val LLLR :0.37413 * 0.6000000000000001
2023-04-30 11:56:31.281 | INFO     | utils.logging:log_training_results:340 - val weight decay:1613.83826 * 0.00030000000000000003
2023-04-30 11:56:32.207 | INFO     | utils.logging:save_sdre_imgs:710 - Figures saved.
2023-04-30 11:56:32.634 | INFO     | utils.logging:log_training_results:280 - 
2023-04-30 11:56:32.634 | INFO     | utils.logging:log_training_results:281 - Global Step =      0
2023-04-30 11:56:32.635 | INFO     | utils.logging:log_training_results:282 - train mean(MacRec)_t: 0.37047457695007324
2023-04-30 11:56:32.635 | INFO     | utils.logging:log_training_results:287 - train mean ABSerr: 3.4562594890594482
2023-04-30 11:56:32.636 | INFO     | utils.logging:log_training_results:290 - train ausat from confmx: 0.40063348412513733
2023-04-30 11:56:32.636 | INFO     | utils.logging:log_training_results:326 - train MCE loss:1.10853 * 1.0
2023-04-30 11:56:32.636 | INFO     | utils.logging:log_training_results:333 - train LLLR :0.37049 * 0.6000000000000001
2023-04-30 11:56:32.637 | INFO     | utils.logging:log_training_results:340 - train weight decay:1613.83813 * 0.00030000000000000003
2023-04-30 11:57:16.335 | INFO     | utils.logging:log_training_results:280 - 
2023-04-30 11:57:16.336 | INFO     | utils.logging:log_training_results:281 - Global Step =    250
2023-04-30 11:57:16.337 | INFO     | utils.logging:log_training_results:282 - val mean(MacRec)_t: 0.870473325252533
2023-04-30 11:57:16.337 | INFO     | utils.logging:log_training_results:287 - val mean ABSerr: 0.505027711391449
2023-04-30 11:57:16.338 | INFO     | utils.logging:log_training_results:290 - val ausat from confmx: 0.9751011729240417
2023-04-30 11:57:16.338 | INFO     | utils.logging:log_training_results:326 - val MCE loss:0.92401 * 1.0
2023-04-30 11:57:16.339 | INFO     | utils.logging:log_training_results:333 - val LLLR :0.24397 * 0.6000000000000001
2023-04-30 11:57:16.339 | INFO     | utils.logging:log_training_results:340 - val weight decay:1473.41931 * 0.00030000000000000003
2023-04-30 11:57:16.386 | INFO     | utils.checkpoint:update_and_save_result:168 - [36mBest value updated![0m
2023-04-30 11:57:16.413 | INFO     | utils.checkpoint:save_checkpoint:83 - [36mSaved checkpoint[0m at step 250.
2023-04-30 11:57:17.181 | INFO     | utils.logging:save_sdre_imgs:710 - Figures saved.
2023-04-30 11:57:17.557 | INFO     | utils.logging:log_training_results:280 - 
2023-04-30 11:57:17.558 | INFO     | utils.logging:log_training_results:281 - Global Step =    250
2023-04-30 11:57:17.558 | INFO     | utils.logging:log_training_results:282 - train mean(MacRec)_t: 0.7632104158401489
2023-04-30 11:57:17.559 | INFO     | utils.logging:log_training_results:287 - train mean ABSerr: 1.9327040910720825
2023-04-30 11:57:17.559 | INFO     | utils.logging:log_training_results:290 - train ausat from confmx: 0.8456017971038818
2023-04-30 11:57:17.559 | INFO     | utils.logging:log_training_results:326 - train MCE loss:0.96292 * 1.0
2023-04-30 11:57:17.560 | INFO     | utils.logging:log_training_results:333 - train LLLR :0.26699 * 0.6000000000000001
2023-04-30 11:57:17.560 | INFO     | utils.logging:log_training_results:340 - train weight decay:1473.41931 * 0.00030000000000000003
2023-04-30 11:57:41.696 | INFO     | __main__:objective:356 - Starting epoch #1.
2023-04-30 11:58:02.301 | INFO     | utils.logging:log_training_results:280 - 
2023-04-30 11:58:02.302 | INFO     | utils.logging:log_training_results:281 - Global Step =    500
2023-04-30 11:58:02.303 | INFO     | utils.logging:log_training_results:282 - val mean(MacRec)_t: 0.874750018119812
2023-04-30 11:58:02.303 | INFO     | utils.logging:log_training_results:287 - val mean ABSerr: 0.6065613031387329
2023-04-30 11:58:02.303 | INFO     | utils.logging:log_training_results:290 - val ausat from confmx: 0.9772701859474182
2023-04-30 11:58:02.304 | INFO     | utils.logging:log_training_results:326 - val MCE loss:0.91855 * 1.0
2023-04-30 11:58:02.304 | INFO     | utils.logging:log_training_results:333 - val LLLR :0.24206 * 0.6000000000000001
2023-04-30 11:58:02.305 | INFO     | utils.logging:log_training_results:340 - val weight decay:1353.05762 * 0.00030000000000000003
2023-04-30 11:58:02.365 | INFO     | utils.checkpoint:update_and_save_result:168 - [36mBest value updated![0m
2023-04-30 11:58:02.387 | INFO     | utils.checkpoint:save_checkpoint:83 - [36mSaved checkpoint[0m at step 500.
2023-04-30 11:58:02.390 | INFO     | utils.checkpoint:keep_max_num_saved_models:101 - Removed the oldest model for max_to_keep=1
2023-04-30 11:58:03.198 | INFO     | utils.logging:save_sdre_imgs:710 - Figures saved.
2023-04-30 11:58:03.580 | INFO     | utils.logging:log_training_results:280 - 
2023-04-30 11:58:03.581 | INFO     | utils.logging:log_training_results:281 - Global Step =    500
2023-04-30 11:58:03.581 | INFO     | utils.logging:log_training_results:282 - train mean(MacRec)_t: 0.8579331040382385
2023-04-30 11:58:03.581 | INFO     | utils.logging:log_training_results:287 - train mean ABSerr: 1.822764277458191
2023-04-30 11:58:03.582 | INFO     | utils.logging:log_training_results:290 - train ausat from confmx: 0.9592984914779663
2023-04-30 11:58:03.582 | INFO     | utils.logging:log_training_results:326 - train MCE loss:0.93288 * 1.0
2023-04-30 11:58:03.582 | INFO     | utils.logging:log_training_results:333 - train LLLR :0.24603 * 0.6000000000000001
2023-04-30 11:58:03.583 | INFO     | utils.logging:log_training_results:340 - train weight decay:1353.05762 * 0.00030000000000000003
2023-04-30 11:58:47.367 | INFO     | utils.logging:log_training_results:280 - 
2023-04-30 11:58:47.367 | INFO     | utils.logging:log_training_results:281 - Global Step =    750
2023-04-30 11:58:47.368 | INFO     | utils.logging:log_training_results:282 - val mean(MacRec)_t: 0.8747000098228455
2023-04-30 11:58:47.369 | INFO     | utils.logging:log_training_results:287 - val mean ABSerr: 0.5766689777374268
2023-04-30 11:58:47.369 | INFO     | utils.logging:log_training_results:290 - val ausat from confmx: 0.9769919514656067
2023-04-30 11:58:47.369 | INFO     | utils.logging:log_training_results:326 - val MCE loss:0.91811 * 1.0
2023-04-30 11:58:47.370 | INFO     | utils.logging:log_training_results:333 - val LLLR :0.24204 * 0.6000000000000001
2023-04-30 11:58:47.370 | INFO     | utils.logging:log_training_results:340 - val weight decay:1248.75317 * 0.00030000000000000003
2023-04-30 11:58:48.203 | INFO     | utils.logging:save_sdre_imgs:710 - Figures saved.
2023-04-30 11:58:48.602 | INFO     | utils.logging:log_training_results:280 - 
2023-04-30 11:58:48.603 | INFO     | utils.logging:log_training_results:281 - Global Step =    750
2023-04-30 11:58:48.605 | INFO     | utils.logging:log_training_results:282 - train mean(MacRec)_t: 0.7950347661972046
2023-04-30 11:58:48.606 | INFO     | utils.logging:log_training_results:287 - train mean ABSerr: 1.681060791015625
2023-04-30 11:58:48.606 | INFO     | utils.logging:log_training_results:290 - train ausat from confmx: 0.9135012626647949
2023-04-30 11:58:48.606 | INFO     | utils.logging:log_training_results:326 - train MCE loss:0.95564 * 1.0
2023-04-30 11:58:48.607 | INFO     | utils.logging:log_training_results:333 - train LLLR :0.26059 * 0.6000000000000001
2023-04-30 11:58:48.607 | INFO     | utils.logging:log_training_results:340 - train weight decay:1248.75317 * 0.00030000000000000003
2023-04-30 11:58:56.403 | INFO     | __main__:objective:356 - Starting epoch #2.
2023-04-30 11:59:32.527 | INFO     | utils.logging:log_training_results:280 - 
2023-04-30 11:59:32.528 | INFO     | utils.logging:log_training_results:281 - Global Step =   1000
2023-04-30 11:59:32.529 | INFO     | utils.logging:log_training_results:282 - val mean(MacRec)_t: 0.8754166960716248
2023-04-30 11:59:32.529 | INFO     | utils.logging:log_training_results:287 - val mean ABSerr: 0.5137826204299927
2023-04-30 11:59:32.530 | INFO     | utils.logging:log_training_results:290 - val ausat from confmx: 0.9777688384056091
2023-04-30 11:59:32.530 | INFO     | utils.logging:log_training_results:326 - val MCE loss:0.91752 * 1.0
2023-04-30 11:59:32.531 | INFO     | utils.logging:log_training_results:333 - val LLLR :0.24204 * 0.6000000000000001
2023-04-30 11:59:32.531 | INFO     | utils.logging:log_training_results:340 - val weight decay:1157.56104 * 0.00030000000000000003
2023-04-30 11:59:32.583 | INFO     | utils.checkpoint:update_and_save_result:168 - [36mBest value updated![0m
2023-04-30 11:59:32.603 | INFO     | utils.checkpoint:save_checkpoint:83 - [36mSaved checkpoint[0m at step 1000.
2023-04-30 11:59:32.606 | INFO     | utils.checkpoint:keep_max_num_saved_models:101 - Removed the oldest model for max_to_keep=1
2023-04-30 11:59:33.428 | INFO     | utils.logging:save_sdre_imgs:710 - Figures saved.
2023-04-30 11:59:33.843 | INFO     | utils.logging:log_training_results:280 - 
2023-04-30 11:59:33.843 | INFO     | utils.logging:log_training_results:281 - Global Step =   1000
2023-04-30 11:59:33.844 | INFO     | utils.logging:log_training_results:282 - train mean(MacRec)_t: 0.8617138266563416
2023-04-30 11:59:33.844 | INFO     | utils.logging:log_training_results:287 - train mean ABSerr: 1.5049055814743042
2023-04-30 11:59:33.844 | INFO     | utils.logging:log_training_results:290 - train ausat from confmx: 0.9846924543380737
2023-04-30 11:59:33.845 | INFO     | utils.logging:log_training_results:326 - train MCE loss:0.93808 * 1.0
2023-04-30 11:59:33.845 | INFO     | utils.logging:log_training_results:333 - train LLLR :0.24441 * 0.6000000000000001
2023-04-30 11:59:33.845 | INFO     | utils.logging:log_training_results:340 - train weight decay:1157.56104 * 0.00030000000000000003
2023-04-30 12:00:05.123 | INFO     | __main__:objective:356 - Starting epoch #3.
2023-04-30 12:00:17.812 | INFO     | utils.logging:log_training_results:280 - 
2023-04-30 12:00:17.813 | INFO     | utils.logging:log_training_results:281 - Global Step =   1250
2023-04-30 12:00:17.813 | INFO     | utils.logging:log_training_results:282 - val mean(MacRec)_t: 0.8757099509239197
2023-04-30 12:00:17.813 | INFO     | utils.logging:log_training_results:287 - val mean ABSerr: 0.4648761749267578
2023-04-30 12:00:17.814 | INFO     | utils.logging:log_training_results:290 - val ausat from confmx: 0.9781355857849121
2023-04-30 12:00:17.814 | INFO     | utils.logging:log_training_results:326 - val MCE loss:0.91723 * 1.0
2023-04-30 12:00:17.815 | INFO     | utils.logging:log_training_results:333 - val LLLR :0.24211 * 0.6000000000000001
2023-04-30 12:00:17.815 | INFO     | utils.logging:log_training_results:340 - val weight decay:1077.75708 * 0.00030000000000000003
2023-04-30 12:00:17.864 | INFO     | utils.checkpoint:update_and_save_result:168 - [36mBest value updated![0m
2023-04-30 12:00:17.883 | INFO     | utils.checkpoint:save_checkpoint:83 - [36mSaved checkpoint[0m at step 1250.
2023-04-30 12:00:17.887 | INFO     | utils.checkpoint:keep_max_num_saved_models:101 - Removed the oldest model for max_to_keep=1
2023-04-30 12:00:18.892 | INFO     | utils.logging:save_sdre_imgs:710 - Figures saved.
2023-04-30 12:00:19.279 | INFO     | utils.logging:log_training_results:280 - 
2023-04-30 12:00:19.279 | INFO     | utils.logging:log_training_results:281 - Global Step =   1250
2023-04-30 12:00:19.280 | INFO     | utils.logging:log_training_results:282 - train mean(MacRec)_t: 0.8549740314483643
2023-04-30 12:00:19.280 | INFO     | utils.logging:log_training_results:287 - train mean ABSerr: 1.4088819026947021
2023-04-30 12:00:19.281 | INFO     | utils.logging:log_training_results:290 - train ausat from confmx: 0.9540216326713562
2023-04-30 12:00:19.281 | INFO     | utils.logging:log_training_results:326 - train MCE loss:0.92606 * 1.0
2023-04-30 12:00:19.281 | INFO     | utils.logging:log_training_results:333 - train LLLR :0.24624 * 0.6000000000000001
2023-04-30 12:00:19.282 | INFO     | utils.logging:log_training_results:340 - train weight decay:1077.75708 * 0.00030000000000000003
2023-04-30 12:01:05.582 | INFO     | utils.logging:log_training_results:280 - 
2023-04-30 12:01:05.583 | INFO     | utils.logging:log_training_results:281 - Global Step =   1500
2023-04-30 12:01:05.583 | INFO     | utils.logging:log_training_results:282 - val mean(MacRec)_t: 0.875290036201477
2023-04-30 12:01:05.584 | INFO     | utils.logging:log_training_results:287 - val mean ABSerr: 0.395274817943573
2023-04-30 12:01:05.584 | INFO     | utils.logging:log_training_results:290 - val ausat from confmx: 0.9781439900398254
2023-04-30 12:01:05.585 | INFO     | utils.logging:log_training_results:326 - val MCE loss:0.91728 * 1.0
2023-04-30 12:01:05.585 | INFO     | utils.logging:log_training_results:333 - val LLLR :0.24244 * 0.6000000000000001
2023-04-30 12:01:05.585 | INFO     | utils.logging:log_training_results:340 - val weight decay:1007.72327 * 0.00030000000000000003
2023-04-30 12:01:06.471 | INFO     | utils.logging:save_sdre_imgs:710 - Figures saved.
2023-04-30 12:01:06.876 | INFO     | utils.logging:log_training_results:280 - 
2023-04-30 12:01:06.878 | INFO     | utils.logging:log_training_results:281 - Global Step =   1500
2023-04-30 12:01:06.879 | INFO     | utils.logging:log_training_results:282 - train mean(MacRec)_t: 0.829710066318512
2023-04-30 12:01:06.879 | INFO     | utils.logging:log_training_results:287 - train mean ABSerr: 1.313679575920105
2023-04-30 12:01:06.879 | INFO     | utils.logging:log_training_results:290 - train ausat from confmx: 0.9512027502059937
2023-04-30 12:01:06.880 | INFO     | utils.logging:log_training_results:326 - train MCE loss:0.94917 * 1.0
2023-04-30 12:01:06.880 | INFO     | utils.logging:log_training_results:333 - train LLLR :0.25168 * 0.6000000000000001
2023-04-30 12:01:06.881 | INFO     | utils.logging:log_training_results:340 - train weight decay:1007.72327 * 0.00030000000000000003
2023-04-30 12:01:22.918 | INFO     | __main__:objective:356 - Starting epoch #4.
2023-04-30 12:01:51.528 | INFO     | utils.logging:log_training_results:280 - 
2023-04-30 12:01:51.532 | INFO     | utils.logging:log_training_results:281 - Global Step =   1750
2023-04-30 12:01:51.533 | INFO     | utils.logging:log_training_results:282 - val mean(MacRec)_t: 0.8750967383384705
2023-04-30 12:01:51.534 | INFO     | utils.logging:log_training_results:287 - val mean ABSerr: 0.3535839319229126
2023-04-30 12:01:51.535 | INFO     | utils.logging:log_training_results:290 - val ausat from confmx: 0.976996660232544
2023-04-30 12:01:51.536 | INFO     | utils.logging:log_training_results:326 - val MCE loss:0.91699 * 1.0
2023-04-30 12:01:51.536 | INFO     | utils.logging:log_training_results:333 - val LLLR :0.24265 * 0.6000000000000001
2023-04-30 12:01:51.537 | INFO     | utils.logging:log_training_results:340 - val weight decay:945.99280 * 0.00030000000000000003
2023-04-30 12:01:52.411 | INFO     | utils.logging:save_sdre_imgs:710 - Figures saved.
2023-04-30 12:01:52.817 | INFO     | utils.logging:log_training_results:280 - 
2023-04-30 12:01:52.818 | INFO     | utils.logging:log_training_results:281 - Global Step =   1750
2023-04-30 12:01:52.818 | INFO     | utils.logging:log_training_results:282 - train mean(MacRec)_t: 0.8399296402931213
2023-04-30 12:01:52.819 | INFO     | utils.logging:log_training_results:287 - train mean ABSerr: 1.3061167001724243
2023-04-30 12:01:52.819 | INFO     | utils.logging:log_training_results:290 - train ausat from confmx: 0.9684919714927673
2023-04-30 12:01:52.820 | INFO     | utils.logging:log_training_results:326 - train MCE loss:0.92532 * 1.0
2023-04-30 12:01:52.820 | INFO     | utils.logging:log_training_results:333 - train LLLR :0.24944 * 0.6000000000000001
2023-04-30 12:01:52.820 | INFO     | utils.logging:log_training_results:340 - train weight decay:945.99280 * 0.00030000000000000003
2023-04-30 12:02:32.736 | INFO     | __main__:objective:356 - Starting epoch #5.
2023-04-30 12:02:37.541 | INFO     | utils.logging:log_training_results:280 - 
2023-04-30 12:02:37.542 | INFO     | utils.logging:log_training_results:281 - Global Step =   2000
2023-04-30 12:02:37.543 | INFO     | utils.logging:log_training_results:282 - val mean(MacRec)_t: 0.8754599690437317
2023-04-30 12:02:37.543 | INFO     | utils.logging:log_training_results:287 - val mean ABSerr: 0.32130661606788635
2023-04-30 12:02:37.543 | INFO     | utils.logging:log_training_results:290 - val ausat from confmx: 0.977141797542572
2023-04-30 12:02:37.544 | INFO     | utils.logging:log_training_results:326 - val MCE loss:0.91674 * 1.0
2023-04-30 12:02:37.544 | INFO     | utils.logging:log_training_results:333 - val LLLR :0.24265 * 0.6000000000000001
2023-04-30 12:02:37.544 | INFO     | utils.logging:log_training_results:340 - val weight decay:891.17511 * 0.00030000000000000003
2023-04-30 12:02:38.390 | INFO     | utils.logging:save_sdre_imgs:710 - Figures saved.
2023-04-30 12:02:38.799 | INFO     | utils.logging:log_training_results:280 - 
2023-04-30 12:02:38.800 | INFO     | utils.logging:log_training_results:281 - Global Step =   2000
2023-04-30 12:02:38.800 | INFO     | utils.logging:log_training_results:282 - train mean(MacRec)_t: 0.8465156555175781
2023-04-30 12:02:38.800 | INFO     | utils.logging:log_training_results:287 - train mean ABSerr: 1.2560993432998657
2023-04-30 12:02:38.801 | INFO     | utils.logging:log_training_results:290 - train ausat from confmx: 0.9643037915229797
2023-04-30 12:02:38.801 | INFO     | utils.logging:log_training_results:326 - train MCE loss:0.93522 * 1.0
2023-04-30 12:02:38.802 | INFO     | utils.logging:log_training_results:333 - train LLLR :0.24997 * 0.6000000000000001
2023-04-30 12:02:38.802 | INFO     | utils.logging:log_training_results:340 - train weight decay:891.17511 * 0.00030000000000000003
2023-04-30 12:03:22.724 | INFO     | utils.logging:log_training_results:280 - 
2023-04-30 12:03:22.725 | INFO     | utils.logging:log_training_results:281 - Global Step =   2250
2023-04-30 12:03:22.725 | INFO     | utils.logging:log_training_results:282 - val mean(MacRec)_t: 0.8753566741943359
2023-04-30 12:03:22.726 | INFO     | utils.logging:log_training_results:287 - val mean ABSerr: 0.24980522692203522
2023-04-30 12:03:22.726 | INFO     | utils.logging:log_training_results:290 - val ausat from confmx: 0.9774797558784485
2023-04-30 12:03:22.726 | INFO     | utils.logging:log_training_results:326 - val MCE loss:0.91658 * 1.0
2023-04-30 12:03:22.727 | INFO     | utils.logging:log_training_results:333 - val LLLR :0.24294 * 0.6000000000000001
2023-04-30 12:03:22.727 | INFO     | utils.logging:log_training_results:340 - val weight decay:841.94153 * 0.00030000000000000003
2023-04-30 12:03:23.604 | INFO     | utils.logging:save_sdre_imgs:710 - Figures saved.
2023-04-30 12:03:23.985 | INFO     | utils.logging:log_training_results:280 - 
2023-04-30 12:03:23.985 | INFO     | utils.logging:log_training_results:281 - Global Step =   2250
2023-04-30 12:03:23.986 | INFO     | utils.logging:log_training_results:282 - train mean(MacRec)_t: 0.8194883465766907
2023-04-30 12:03:23.986 | INFO     | utils.logging:log_training_results:287 - train mean ABSerr: 1.1257128715515137
2023-04-30 12:03:23.987 | INFO     | utils.logging:log_training_results:290 - train ausat from confmx: 0.9568347334861755
2023-04-30 12:03:23.987 | INFO     | utils.logging:log_training_results:326 - train MCE loss:0.93325 * 1.0
2023-04-30 12:03:23.987 | INFO     | utils.logging:log_training_results:333 - train LLLR :0.25379 * 0.6000000000000001
2023-04-30 12:03:23.988 | INFO     | utils.logging:log_training_results:340 - train weight decay:841.94147 * 0.00030000000000000003
2023-04-30 12:03:48.145 | INFO     | __main__:objective:356 - Starting epoch #6.
2023-04-30 12:04:09.029 | INFO     | utils.logging:log_training_results:280 - 
2023-04-30 12:04:09.030 | INFO     | utils.logging:log_training_results:281 - Global Step =   2500
2023-04-30 12:04:09.030 | INFO     | utils.logging:log_training_results:282 - val mean(MacRec)_t: 0.8756733536720276
2023-04-30 12:04:09.031 | INFO     | utils.logging:log_training_results:287 - val mean ABSerr: 0.25083744525909424
2023-04-30 12:04:09.031 | INFO     | utils.logging:log_training_results:290 - val ausat from confmx: 0.9774466156959534
2023-04-30 12:04:09.031 | INFO     | utils.logging:log_training_results:326 - val MCE loss:0.91668 * 1.0
2023-04-30 12:04:09.032 | INFO     | utils.logging:log_training_results:333 - val LLLR :0.24297 * 0.6000000000000001
2023-04-30 12:04:09.032 | INFO     | utils.logging:log_training_results:340 - val weight decay:797.32001 * 0.00030000000000000003
2023-04-30 12:04:09.901 | INFO     | utils.logging:save_sdre_imgs:710 - Figures saved.
2023-04-30 12:04:10.285 | INFO     | utils.logging:log_training_results:280 - 
2023-04-30 12:04:10.286 | INFO     | utils.logging:log_training_results:281 - Global Step =   2500
2023-04-30 12:04:10.286 | INFO     | utils.logging:log_training_results:282 - train mean(MacRec)_t: 0.8636860251426697
2023-04-30 12:04:10.287 | INFO     | utils.logging:log_training_results:287 - train mean ABSerr: 1.1209520101547241
2023-04-30 12:04:10.287 | INFO     | utils.logging:log_training_results:290 - train ausat from confmx: 0.9600266218185425
2023-04-30 12:04:10.288 | INFO     | utils.logging:log_training_results:326 - train MCE loss:0.91779 * 1.0
2023-04-30 12:04:10.288 | INFO     | utils.logging:log_training_results:333 - train LLLR :0.24440 * 0.6000000000000001
2023-04-30 12:04:10.289 | INFO     | utils.logging:log_training_results:340 - train weight decay:797.32001 * 0.00030000000000000003
2023-04-30 12:04:54.428 | INFO     | utils.logging:log_training_results:280 - 
2023-04-30 12:04:54.429 | INFO     | utils.logging:log_training_results:281 - Global Step =   2750
2023-04-30 12:04:54.429 | INFO     | utils.logging:log_training_results:282 - val mean(MacRec)_t: 0.8757799863815308
2023-04-30 12:04:54.430 | INFO     | utils.logging:log_training_results:287 - val mean ABSerr: 0.2466292828321457
2023-04-30 12:04:54.430 | INFO     | utils.logging:log_training_results:290 - val ausat from confmx: 0.977639377117157
2023-04-30 12:04:54.431 | INFO     | utils.logging:log_training_results:326 - val MCE loss:0.91659 * 1.0
2023-04-30 12:04:54.431 | INFO     | utils.logging:log_training_results:333 - val LLLR :0.24287 * 0.6000000000000001
2023-04-30 12:04:54.431 | INFO     | utils.logging:log_training_results:340 - val weight decay:756.31348 * 0.00030000000000000003
2023-04-30 12:04:54.481 | INFO     | utils.checkpoint:update_and_save_result:168 - [36mBest value updated![0m
2023-04-30 12:04:54.514 | INFO     | utils.checkpoint:save_checkpoint:83 - [36mSaved checkpoint[0m at step 2750.
2023-04-30 12:04:54.517 | INFO     | utils.checkpoint:keep_max_num_saved_models:101 - Removed the oldest model for max_to_keep=1
2023-04-30 12:04:55.330 | INFO     | utils.logging:save_sdre_imgs:710 - Figures saved.
2023-04-30 12:04:55.706 | INFO     | utils.logging:log_training_results:280 - 
2023-04-30 12:04:55.707 | INFO     | utils.logging:log_training_results:281 - Global Step =   2750
2023-04-30 12:04:55.707 | INFO     | utils.logging:log_training_results:282 - train mean(MacRec)_t: 0.8321714401245117
2023-04-30 12:04:55.708 | INFO     | utils.logging:log_training_results:287 - train mean ABSerr: 1.0598958730697632
2023-04-30 12:04:55.708 | INFO     | utils.logging:log_training_results:290 - train ausat from confmx: 0.9691393971443176
2023-04-30 12:04:55.709 | INFO     | utils.logging:log_training_results:326 - train MCE loss:0.91827 * 1.0
2023-04-30 12:04:55.709 | INFO     | utils.logging:log_training_results:333 - train LLLR :0.25201 * 0.6000000000000001
2023-04-30 12:04:55.709 | INFO     | utils.logging:log_training_results:340 - train weight decay:756.31348 * 0.00030000000000000003
2023-04-30 12:05:03.444 | INFO     | __main__:objective:356 - Starting epoch #7.
2023-04-30 12:05:39.574 | INFO     | utils.logging:log_training_results:280 - 
2023-04-30 12:05:39.575 | INFO     | utils.logging:log_training_results:281 - Global Step =   3000
2023-04-30 12:05:39.575 | INFO     | utils.logging:log_training_results:282 - val mean(MacRec)_t: 0.8752033710479736
2023-04-30 12:05:39.576 | INFO     | utils.logging:log_training_results:287 - val mean ABSerr: 0.20817822217941284
2023-04-30 12:05:39.576 | INFO     | utils.logging:log_training_results:290 - val ausat from confmx: 0.9771867990493774
2023-04-30 12:05:39.577 | INFO     | utils.logging:log_training_results:326 - val MCE loss:0.91650 * 1.0
2023-04-30 12:05:39.577 | INFO     | utils.logging:log_training_results:333 - val LLLR :0.24323 * 0.6000000000000001
2023-04-30 12:05:39.577 | INFO     | utils.logging:log_training_results:340 - val weight decay:718.31781 * 0.00030000000000000003
2023-04-30 12:05:40.652 | INFO     | utils.logging:save_sdre_imgs:710 - Figures saved.
2023-04-30 12:05:41.031 | INFO     | utils.logging:log_training_results:280 - 
2023-04-30 12:05:41.031 | INFO     | utils.logging:log_training_results:281 - Global Step =   3000
2023-04-30 12:05:41.032 | INFO     | utils.logging:log_training_results:282 - train mean(MacRec)_t: 0.8665919899940491
2023-04-30 12:05:41.032 | INFO     | utils.logging:log_training_results:287 - train mean ABSerr: 0.9756618142127991
2023-04-30 12:05:41.033 | INFO     | utils.logging:log_training_results:290 - train ausat from confmx: 0.9767904281616211
2023-04-30 12:05:41.033 | INFO     | utils.logging:log_training_results:326 - train MCE loss:0.92184 * 1.0
2023-04-30 12:05:41.033 | INFO     | utils.logging:log_training_results:333 - train LLLR :0.24396 * 0.6000000000000001
2023-04-30 12:05:41.033 | INFO     | utils.logging:log_training_results:340 - train weight decay:718.31781 * 0.00030000000000000003
2023-04-30 12:06:12.522 | INFO     | __main__:objective:356 - Starting epoch #8.
2023-04-30 12:06:24.873 | INFO     | utils.logging:log_training_results:280 - 
2023-04-30 12:06:24.873 | INFO     | utils.logging:log_training_results:281 - Global Step =   3250
2023-04-30 12:06:24.874 | INFO     | utils.logging:log_training_results:282 - val mean(MacRec)_t: 0.8744666576385498
2023-04-30 12:06:24.874 | INFO     | utils.logging:log_training_results:287 - val mean ABSerr: 0.2661787271499634
2023-04-30 12:06:24.874 | INFO     | utils.logging:log_training_results:290 - val ausat from confmx: 0.9758933782577515
2023-04-30 12:06:24.875 | INFO     | utils.logging:log_training_results:326 - val MCE loss:0.91681 * 1.0
2023-04-30 12:06:24.875 | INFO     | utils.logging:log_training_results:333 - val LLLR :0.24339 * 0.6000000000000001
2023-04-30 12:06:24.876 | INFO     | utils.logging:log_training_results:340 - val weight decay:682.85919 * 0.00030000000000000003
2023-04-30 12:06:25.725 | INFO     | utils.logging:save_sdre_imgs:710 - Figures saved.
2023-04-30 12:06:26.110 | INFO     | utils.logging:log_training_results:280 - 
2023-04-30 12:06:26.112 | INFO     | utils.logging:log_training_results:281 - Global Step =   3250
2023-04-30 12:06:26.113 | INFO     | utils.logging:log_training_results:282 - train mean(MacRec)_t: 0.8232961297035217
2023-04-30 12:06:26.113 | INFO     | utils.logging:log_training_results:287 - train mean ABSerr: 1.0045982599258423
2023-04-30 12:06:26.114 | INFO     | utils.logging:log_training_results:290 - train ausat from confmx: 0.9432199001312256
2023-04-30 12:06:26.114 | INFO     | utils.logging:log_training_results:326 - train MCE loss:0.94436 * 1.0
2023-04-30 12:06:26.114 | INFO     | utils.logging:log_training_results:333 - train LLLR :0.25328 * 0.6000000000000001
2023-04-30 12:06:26.115 | INFO     | utils.logging:log_training_results:340 - train weight decay:682.85919 * 0.00030000000000000003
2023-04-30 12:07:11.328 | INFO     | utils.logging:log_training_results:280 - 
2023-04-30 12:07:11.330 | INFO     | utils.logging:log_training_results:281 - Global Step =   3500
2023-04-30 12:07:11.331 | INFO     | utils.logging:log_training_results:282 - val mean(MacRec)_t: 0.8756200075149536
2023-04-30 12:07:11.331 | INFO     | utils.logging:log_training_results:287 - val mean ABSerr: 0.2206125408411026
2023-04-30 12:07:11.332 | INFO     | utils.logging:log_training_results:290 - val ausat from confmx: 0.9777947664260864
2023-04-30 12:07:11.332 | INFO     | utils.logging:log_training_results:326 - val MCE loss:0.91677 * 1.0
2023-04-30 12:07:11.332 | INFO     | utils.logging:log_training_results:333 - val LLLR :0.24316 * 0.6000000000000001
2023-04-30 12:07:11.333 | INFO     | utils.logging:log_training_results:340 - val weight decay:649.54114 * 0.00030000000000000003
2023-04-30 12:07:12.254 | INFO     | utils.logging:save_sdre_imgs:710 - Figures saved.
2023-04-30 12:07:12.640 | INFO     | utils.logging:log_training_results:280 - 
2023-04-30 12:07:12.641 | INFO     | utils.logging:log_training_results:281 - Global Step =   3500
2023-04-30 12:07:12.641 | INFO     | utils.logging:log_training_results:282 - train mean(MacRec)_t: 0.8555690050125122
2023-04-30 12:07:12.641 | INFO     | utils.logging:log_training_results:287 - train mean ABSerr: 1.0464074611663818
2023-04-30 12:07:12.642 | INFO     | utils.logging:log_training_results:290 - train ausat from confmx: 0.9593859314918518
2023-04-30 12:07:12.642 | INFO     | utils.logging:log_training_results:326 - train MCE loss:0.92414 * 1.0
2023-04-30 12:07:12.643 | INFO     | utils.logging:log_training_results:333 - train LLLR :0.24743 * 0.6000000000000001
2023-04-30 12:07:12.643 | INFO     | utils.logging:log_training_results:340 - train weight decay:649.54114 * 0.00030000000000000003
2023-04-30 12:07:28.456 | INFO     | __main__:objective:356 - Starting epoch #9.
2023-04-30 12:07:56.992 | INFO     | utils.logging:log_training_results:280 - 
2023-04-30 12:07:56.992 | INFO     | utils.logging:log_training_results:281 - Global Step =   3750
2023-04-30 12:07:56.993 | INFO     | utils.logging:log_training_results:282 - val mean(MacRec)_t: 0.8753700256347656
2023-04-30 12:07:56.993 | INFO     | utils.logging:log_training_results:287 - val mean ABSerr: 0.20990943908691406
2023-04-30 12:07:56.994 | INFO     | utils.logging:log_training_results:290 - val ausat from confmx: 0.9774336218833923
2023-04-30 12:07:56.994 | INFO     | utils.logging:log_training_results:326 - val MCE loss:0.91682 * 1.0
2023-04-30 12:07:56.994 | INFO     | utils.logging:log_training_results:333 - val LLLR :0.24337 * 0.6000000000000001
2023-04-30 12:07:56.995 | INFO     | utils.logging:log_training_results:340 - val weight decay:618.04730 * 0.00030000000000000003
2023-04-30 12:07:57.867 | INFO     | utils.logging:save_sdre_imgs:710 - Figures saved.
2023-04-30 12:07:58.265 | INFO     | utils.logging:log_training_results:280 - 
2023-04-30 12:07:58.265 | INFO     | utils.logging:log_training_results:281 - Global Step =   3750
2023-04-30 12:07:58.265 | INFO     | utils.logging:log_training_results:282 - train mean(MacRec)_t: 0.8519226908683777
2023-04-30 12:07:58.266 | INFO     | utils.logging:log_training_results:287 - train mean ABSerr: 0.9716162085533142
2023-04-30 12:07:58.266 | INFO     | utils.logging:log_training_results:290 - train ausat from confmx: 0.9768362045288086
2023-04-30 12:07:58.267 | INFO     | utils.logging:log_training_results:326 - train MCE loss:0.92494 * 1.0
2023-04-30 12:07:58.267 | INFO     | utils.logging:log_training_results:333 - train LLLR :0.24863 * 0.6000000000000001
2023-04-30 12:07:58.267 | INFO     | utils.logging:log_training_results:340 - train weight decay:618.04724 * 0.00030000000000000003
2023-04-30 12:08:37.022 | INFO     | utils.logging:investigate_log:155 - num_warning=0/num_error=0 in the .log file.
2023-04-30 12:08:37.209 | INFO     | optuna.study.study:_log_completed_trial:1020 - Trial 11 finished with value: 0.12422001361846924 and parameters: {'LIST_IS_POSITIONAL_ENCODING': False, 'LIST_MODEL_BACKBONE': 'Transformer', 'LIST_WEIGHT_DECAY': 0.00030000000000000003, 'LIST_LEARNING_RATE': 8.980868745398078e-05, 'LIST_LLLR_VERSION': 'LLLR', 'LIST_ACTIVATION_FC': 'B2Bsqrt', 'LIST_PARAM_MULTIPLET_LOSS': 1.0, 'LIST_PARAM_LLR_LOSS': 0.6000000000000001, 'LIST_IS_ADAPTIVE_LOSS': False, 'LIST_ORDER_SPRT': 3, 'LIST_OPTIMIZER': 'adam', 'LIST_IS_NORMALIZE': False, 'LIST_NUM_THRESH': 500, 'LIST_SPARSITY': 'logspace', 'LIST_NUM_BLOCKS': 2, 'LIST_NUM_HEADS': 2, 'LIST_DROPOUT': 0.5, 'LIST_FF_DIM': 64, 'LIST_MLP_UNITS': 64}. Best is trial 11 with value: 0.12422001361846924.
2023-04-30 12:08:37.229 | INFO     | utils.hyperparameter_tuning:suggest_parameters:560 - [33mStarting a tuning phase.[0m
2023-04-30 12:08:37.906 | INFO     | utils.hyperparameter_tuning:print:394 - 
+------------------------------------------+
|   Hyperparameteres suggested by Optuna   |
+------------------------+-----------------+
|     Parameter name     | Suggested value |
+------------------------+-----------------+
|     ACTIVATION_FC      |     B2Bsqrt     |
|        DROPOUT         |       0.5       |
|         FF_DIM         |        64       |
|    IS_ADAPTIVE_LOSS    |      False      |
|      IS_NORMALIZE      |      False      |
| IS_POSITIONAL_ENCODING |      False      |
|     LEARNING_RATE      |    2.1605e-05   |
|      LLLR_VERSION      |       LLLR      |
|       MLP_UNITS        |        64       |
|     MODEL_BACKBONE     |   Transformer   |
|       NUM_BLOCKS       |        2        |
|       NUM_HEADS        |        2        |
|       NUM_THRESH       |       500       |
|       OPTIMIZER        |       adam      |
|       ORDER_SPRT       |        3        |
|     PARAM_LLR_LOSS     |       0.7       |
|  PARAM_MULTIPLET_LOSS  |       0.8       |
|        SPARSITY        |     logspace    |
|      WEIGHT_DECAY      |      0.0003     |
+------------------------+-----------------+
2023-04-30 12:08:37.907 | INFO     | utils.misc:create_directories_and_log:291 - [33mA new log directory was created: [0m/home/afe/Dropbox/GitHub/SPRT-TANDEM-PyTorch/logs/public_offset0_5_optimmacrec_tuning/checkpoints/Transformer_20230430_120837907/configs
2023-04-30 12:08:37.908 | INFO     | utils.misc:create_directories_and_log:291 - [33mA new log directory was created: [0m/home/afe/Dropbox/GitHub/SPRT-TANDEM-PyTorch/logs/public_offset0_5_optimmacrec_tuning/TensorBoard_events/Transformer_20230430_120837907
