2023-05-01 09:15:06.942 | INFO     | utils.misc:fix_random_seed:405 - Random seed is not fixed.
2023-05-01 09:15:06.966 | INFO     | models.temporal_integrators:summarize:568 - 
:'######::'########::'########::'########::::::::::::::::::::::
'##... ##: ##.... ##: ##.... ##:... ##..:::::::::::::::::::::::
 ##:::..:: ##:::: ##: ##:::: ##:::: ##:::::::::::::::::::::::::
. ######:: ########:: ########::::: ##::::'#######:::::::::::::
:..... ##: ##.....::: ##.. ##:::::: ##::::........:::::::::::::
'##::: ##: ##:::::::: ##::. ##::::: ##:::::::::::::::::::::::::
. ######:: ##:::::::: ##:::. ##:::: ##:::::::::::::::::::::::::
:......:::..:::::::::..:::::..:::::..::::::::::::::::::::::::::
'########::::'###::::'##::: ##:'########::'########:'##::::'##:
... ##..::::'## ##::: ###:: ##: ##.... ##: ##.....:: ###::'###:
::: ##:::::'##:. ##:: ####: ##: ##:::: ##: ##::::::: ####'####:
::: ##::::'##:::. ##: ## ## ##: ##:::: ##: ######::: ## ### ##:
::: ##:::: #########: ##. ####: ##:::: ##: ##...:::: ##. #: ##:
::: ##:::: ##.... ##: ##:. ###: ##:::: ##: ##::::::: ##:.:: ##:
::: ##:::: ##:::: ##: ##::. ##: ########:: ########: ##:::: ##:
:::..:::::..:::::..::..::::..::........:::........::..:::::..::

2023-05-01 09:15:06.967 | INFO     | models.temporal_integrators:summarize:571 - [34mofficial PyTorch implementation.[0m
2023-05-01 09:15:07.402 | INFO     | models.temporal_integrators:summarize:593 - Network summary:
===============================================================================================
Layer (type:depth-idx)                        Output Shape              Param #
===============================================================================================
TANDEMformer                                  [150, 50, 3, 3]           643
├─TransformerEncoder: 1-1                     [6900, 1, 128]            --
│    └─ModuleList: 2-5                        --                        (recursive)
│    │    └─TransformerEncoderLayer: 3-1      [6900, 1, 128]            83,136
│    │    └─TransformerEncoderLayer: 3-2      [6900, 1, 128]            83,136
├─Linear: 1-2                                 [6900, 64]                8,256
├─Dropout: 1-3                                [6900, 64]                --
├─TransformerEncoder: 1-4                     [6900, 2, 128]            (recursive)
│    └─ModuleList: 2-5                        --                        (recursive)
│    │    └─TransformerEncoderLayer: 3-3      [6900, 2, 128]            (recursive)
│    │    └─TransformerEncoderLayer: 3-4      [6900, 2, 128]            (recursive)
├─Linear: 1-5                                 [6900, 64]                (recursive)
├─Dropout: 1-6                                [6900, 64]                --
├─TransformerEncoder: 1-7                     [6900, 3, 128]            (recursive)
│    └─ModuleList: 2-5                        --                        (recursive)
│    │    └─TransformerEncoderLayer: 3-5      [6900, 3, 128]            (recursive)
│    │    └─TransformerEncoderLayer: 3-6      [6900, 3, 128]            (recursive)
├─Linear: 1-8                                 [6900, 64]                (recursive)
├─Dropout: 1-9                                [6900, 64]                --
├─TransformerEncoder: 1-10                    [6900, 4, 128]            (recursive)
│    └─ModuleList: 2-5                        --                        (recursive)
│    │    └─TransformerEncoderLayer: 3-7      [6900, 4, 128]            (recursive)
│    │    └─TransformerEncoderLayer: 3-8      [6900, 4, 128]            (recursive)
├─Linear: 1-11                                [6900, 64]                (recursive)
├─Dropout: 1-12                               [6900, 64]                --
├─TransformerEncoder: 1-13                    [6900, 5, 128]            (recursive)
│    └─ModuleList: 2-5                        --                        (recursive)
│    │    └─TransformerEncoderLayer: 3-9      [6900, 5, 128]            (recursive)
│    │    └─TransformerEncoderLayer: 3-10     [6900, 5, 128]            (recursive)
├─Linear: 1-14                                [6900, 64]                (recursive)
├─Dropout: 1-15                               [6900, 64]                --
├─Tanh: 1-16                                  [6900, 64]                --
├─Linear: 1-17                                [6900, 3]                 195
├─Tanh: 1-18                                  [6900, 64]                --
├─Linear: 1-19                                [6900, 3]                 (recursive)
├─Tanh: 1-20                                  [6900, 64]                --
├─Linear: 1-21                                [6900, 3]                 (recursive)
├─Tanh: 1-22                                  [6900, 64]                --
├─Linear: 1-23                                [6900, 3]                 (recursive)
├─Tanh: 1-24                                  [6900, 64]                --
├─Linear: 1-25                                [6900, 3]                 (recursive)
===============================================================================================
Total params: 175,366
Trainable params: 175,366
Non-trainable params: 0
Total mult-adds (G): 1.47
===============================================================================================
Input size (MB): 3.84
Forward/backward pass size (MB): 760.38
Params size (MB): 0.17
Estimated Total Size (MB): 764.39
===============================================================================================
2023-05-01 09:15:07.403 | INFO     | models.temporal_integrators:summarize:594 - Example input shape: torch.Size([150, 50, 128])
2023-05-01 09:15:07.403 | INFO     | models.temporal_integrators:summarize:595 - Example output shape: torch.Size([150, 50, 3, 3])
2023-05-01 09:15:07.406 | INFO     | models.temporal_integrators:import_model:58 - model moved onto: [33mcuda.[0m
2023-05-01 09:15:07.408 | INFO     | models.optimizers:initialize_optimizer:44 - Optimizer:
AdamW (
Parameter Group 0
    amsgrad: False
    betas: (0.9, 0.999)
    capturable: False
    differentiable: False
    eps: 1e-08
    foreach: None
    fused: None
    lr: 2.8640656929984352e-05
    maximize: False
    weight_decay: 0.0004
)
2023-05-01 09:15:07.408 | INFO     | datasets.data_processing:lmdb_dataloaders:293 - loading data... 
2023-05-01 09:15:07.409 | INFO     | datasets.data_processing:lmdb_dataloaders:295 - If this process takes long, consider setting is_load_onto_memory=False or use LMDBIterableDataset.
2023-05-01 09:15:09.836 | INFO     | __main__:objective:357 - Starting epoch #0.
2023-05-01 09:15:19.697 | INFO     | utils.logging:log_training_results:280 - 
2023-05-01 09:15:19.698 | INFO     | utils.logging:log_training_results:281 - Global Step =      0
2023-05-01 09:15:19.699 | INFO     | utils.logging:log_training_results:282 - val mean(MacRec)_t: 0.39750999212265015
2023-05-01 09:15:19.699 | INFO     | utils.logging:log_training_results:287 - val mean ABSerr: 3.4563422203063965
2023-05-01 09:15:19.700 | INFO     | utils.logging:log_training_results:290 - val ausat from confmx: 0.41601863503456116
2023-05-01 09:15:19.700 | INFO     | utils.logging:log_training_results:301 - val MCE loss:1.09671 * 0.9 * -1.40919
2023-05-01 09:15:19.701 | INFO     | utils.logging:log_training_results:309 - val LLLR :1.11691 * 0.0 * -0.23914
2023-05-01 09:15:19.701 | INFO     | utils.logging:log_training_results:317 - val weight decay:1795.20349 * 0.0004 * -0.70560
2023-05-01 09:15:21.628 | INFO     | utils.logging:save_sdre_imgs:710 - Figures saved.
2023-05-01 09:15:22.124 | INFO     | utils.logging:log_training_results:280 - 
2023-05-01 09:15:22.125 | INFO     | utils.logging:log_training_results:281 - Global Step =      0
2023-05-01 09:15:22.125 | INFO     | utils.logging:log_training_results:282 - train mean(MacRec)_t: 0.334002286195755
2023-05-01 09:15:22.126 | INFO     | utils.logging:log_training_results:287 - train mean ABSerr: 3.485063314437866
2023-05-01 09:15:22.126 | INFO     | utils.logging:log_training_results:290 - train ausat from confmx: 0.3249526023864746
2023-05-01 09:15:22.126 | INFO     | utils.logging:log_training_results:301 - train MCE loss:1.10041 * 0.9 * -1.40917
2023-05-01 09:15:22.127 | INFO     | utils.logging:log_training_results:309 - train LLLR :1.20470 * 0.0 * -0.23911
2023-05-01 09:15:22.127 | INFO     | utils.logging:log_training_results:317 - train weight decay:1795.20361 * 0.0004 * -0.70557
2023-05-01 09:16:32.706 | INFO     | utils.logging:log_training_results:280 - 
2023-05-01 09:16:32.707 | INFO     | utils.logging:log_training_results:281 - Global Step =    250
2023-05-01 09:16:32.707 | INFO     | utils.logging:log_training_results:282 - val mean(MacRec)_t: 0.7913867235183716
2023-05-01 09:16:32.708 | INFO     | utils.logging:log_training_results:287 - val mean ABSerr: 2.685123920440674
2023-05-01 09:16:32.708 | INFO     | utils.logging:log_training_results:290 - val ausat from confmx: 0.9199803471565247
2023-05-01 09:16:32.709 | INFO     | utils.logging:log_training_results:301 - val MCE loss:1.01408 * 0.9 * -1.40200
2023-05-01 09:16:32.709 | INFO     | utils.logging:log_training_results:309 - val LLLR :0.57331 * 0.0 * -0.23193
2023-05-01 09:16:32.709 | INFO     | utils.logging:log_training_results:317 - val weight decay:1681.79675 * 0.0004 * -0.69826
2023-05-01 09:16:33.563 | INFO     | utils.checkpoint:update_and_save_result:168 - [36mBest value updated![0m
2023-05-01 09:16:33.584 | INFO     | utils.checkpoint:save_checkpoint:83 - [36mSaved checkpoint[0m at step 250.
2023-05-01 09:16:34.388 | INFO     | utils.logging:save_sdre_imgs:710 - Figures saved.
2023-05-01 09:16:34.895 | INFO     | utils.logging:log_training_results:280 - 
2023-05-01 09:16:34.895 | INFO     | utils.logging:log_training_results:281 - Global Step =    250
2023-05-01 09:16:34.896 | INFO     | utils.logging:log_training_results:282 - train mean(MacRec)_t: 0.7599810361862183
2023-05-01 09:16:34.896 | INFO     | utils.logging:log_training_results:287 - train mean ABSerr: 2.7272355556488037
2023-05-01 09:16:34.896 | INFO     | utils.logging:log_training_results:290 - train ausat from confmx: 0.9081524610519409
2023-05-01 09:16:34.897 | INFO     | utils.logging:log_training_results:301 - train MCE loss:1.02126 * 0.9 * -1.40197
2023-05-01 09:16:34.897 | INFO     | utils.logging:log_training_results:309 - train LLLR :0.61283 * 0.0 * -0.23190
2023-05-01 09:16:34.897 | INFO     | utils.logging:log_training_results:317 - train weight decay:1681.79675 * 0.0004 * -0.69823
2023-05-01 09:17:12.823 | INFO     | __main__:objective:357 - Starting epoch #1.
2023-05-01 09:17:48.058 | INFO     | utils.logging:log_training_results:280 - 
2023-05-01 09:17:48.059 | INFO     | utils.logging:log_training_results:281 - Global Step =    500
2023-05-01 09:17:48.060 | INFO     | utils.logging:log_training_results:282 - val mean(MacRec)_t: 0.8662033081054688
2023-05-01 09:17:48.060 | INFO     | utils.logging:log_training_results:287 - val mean ABSerr: 0.9067954421043396
2023-05-01 09:17:48.061 | INFO     | utils.logging:log_training_results:290 - val ausat from confmx: 0.9714732766151428
2023-05-01 09:17:48.061 | INFO     | utils.logging:log_training_results:301 - val MCE loss:0.90773 * 0.9 * -1.39468
2023-05-01 09:17:48.062 | INFO     | utils.logging:log_training_results:309 - val LLLR :0.31963 * 0.0 * -0.22462
2023-05-01 09:17:48.062 | INFO     | utils.logging:log_training_results:317 - val weight decay:1590.73340 * 0.0004 * -0.69064
2023-05-01 09:17:48.995 | INFO     | utils.checkpoint:update_and_save_result:168 - [36mBest value updated![0m
2023-05-01 09:17:49.016 | INFO     | utils.checkpoint:save_checkpoint:83 - [36mSaved checkpoint[0m at step 500.
2023-05-01 09:17:49.018 | INFO     | utils.checkpoint:keep_max_num_saved_models:101 - Removed the oldest model for max_to_keep=1
2023-05-01 09:17:49.867 | INFO     | utils.logging:save_sdre_imgs:710 - Figures saved.
2023-05-01 09:17:50.374 | INFO     | utils.logging:log_training_results:280 - 
2023-05-01 09:17:50.375 | INFO     | utils.logging:log_training_results:281 - Global Step =    500
2023-05-01 09:17:50.375 | INFO     | utils.logging:log_training_results:282 - train mean(MacRec)_t: 0.8525305986404419
2023-05-01 09:17:50.376 | INFO     | utils.logging:log_training_results:287 - train mean ABSerr: 1.1709805727005005
2023-05-01 09:17:50.376 | INFO     | utils.logging:log_training_results:290 - train ausat from confmx: 0.9694804549217224
2023-05-01 09:17:50.377 | INFO     | utils.logging:log_training_results:301 - train MCE loss:0.90294 * 0.9 * -1.39465
2023-05-01 09:17:50.377 | INFO     | utils.logging:log_training_results:309 - train LLLR :0.34274 * 0.0 * -0.22459
2023-05-01 09:17:50.377 | INFO     | utils.logging:log_training_results:317 - train weight decay:1590.73340 * 0.0004 * -0.69061
2023-05-01 09:19:02.139 | INFO     | utils.logging:log_training_results:280 - 
2023-05-01 09:19:02.139 | INFO     | utils.logging:log_training_results:281 - Global Step =    750
2023-05-01 09:19:02.140 | INFO     | utils.logging:log_training_results:282 - val mean(MacRec)_t: 0.8738799691200256
2023-05-01 09:19:02.140 | INFO     | utils.logging:log_training_results:287 - val mean ABSerr: 0.3010989725589752
2023-05-01 09:19:02.141 | INFO     | utils.logging:log_training_results:290 - val ausat from confmx: 0.9766735434532166
2023-05-01 09:19:02.141 | INFO     | utils.logging:log_training_results:301 - val MCE loss:0.88885 * 0.9 * -1.38733
2023-05-01 09:19:02.142 | INFO     | utils.logging:log_training_results:309 - val LLLR :0.29764 * 0.0 * -0.21721
2023-05-01 09:19:02.142 | INFO     | utils.logging:log_training_results:317 - val weight decay:1508.78589 * 0.0004 * -0.68286
2023-05-01 09:19:03.045 | INFO     | utils.checkpoint:update_and_save_result:168 - [36mBest value updated![0m
2023-05-01 09:19:03.068 | INFO     | utils.checkpoint:save_checkpoint:83 - [36mSaved checkpoint[0m at step 750.
2023-05-01 09:19:03.070 | INFO     | utils.checkpoint:keep_max_num_saved_models:101 - Removed the oldest model for max_to_keep=1
2023-05-01 09:19:03.885 | INFO     | utils.logging:save_sdre_imgs:710 - Figures saved.
2023-05-01 09:19:04.380 | INFO     | utils.logging:log_training_results:280 - 
2023-05-01 09:19:04.381 | INFO     | utils.logging:log_training_results:281 - Global Step =    750
2023-05-01 09:19:04.381 | INFO     | utils.logging:log_training_results:282 - train mean(MacRec)_t: 0.8538773655891418
2023-05-01 09:19:04.381 | INFO     | utils.logging:log_training_results:287 - train mean ABSerr: 0.7788517475128174
2023-05-01 09:19:04.382 | INFO     | utils.logging:log_training_results:290 - train ausat from confmx: 0.9445555210113525
2023-05-01 09:19:04.382 | INFO     | utils.logging:log_training_results:301 - train MCE loss:0.89663 * 0.9 * -1.38730
2023-05-01 09:19:04.383 | INFO     | utils.logging:log_training_results:309 - train LLLR :0.34188 * 0.0 * -0.21718
2023-05-01 09:19:04.383 | INFO     | utils.logging:log_training_results:317 - train weight decay:1508.78589 * 0.0004 * -0.68282
2023-05-01 09:19:17.811 | INFO     | __main__:objective:357 - Starting epoch #2.
2023-05-01 09:20:17.931 | INFO     | utils.logging:log_training_results:280 - 
2023-05-01 09:20:17.932 | INFO     | utils.logging:log_training_results:281 - Global Step =   1000
2023-05-01 09:20:17.933 | INFO     | utils.logging:log_training_results:282 - val mean(MacRec)_t: 0.8754833936691284
2023-05-01 09:20:17.933 | INFO     | utils.logging:log_training_results:287 - val mean ABSerr: 0.2210424840450287
2023-05-01 09:20:17.933 | INFO     | utils.logging:log_training_results:290 - val ausat from confmx: 0.9773879051208496
2023-05-01 09:20:17.934 | INFO     | utils.logging:log_training_results:301 - val MCE loss:0.88681 * 0.9 * -1.38004
2023-05-01 09:20:17.934 | INFO     | utils.logging:log_training_results:309 - val LLLR :0.29454 * 0.0 * -0.20970
2023-05-01 09:20:17.935 | INFO     | utils.logging:log_training_results:317 - val weight decay:1435.98340 * 0.0004 * -0.67495
2023-05-01 09:20:18.748 | INFO     | utils.checkpoint:update_and_save_result:168 - [36mBest value updated![0m
2023-05-01 09:20:18.769 | INFO     | utils.checkpoint:save_checkpoint:83 - [36mSaved checkpoint[0m at step 1000.
2023-05-01 09:20:18.773 | INFO     | utils.checkpoint:keep_max_num_saved_models:101 - Removed the oldest model for max_to_keep=1
2023-05-01 09:20:19.598 | INFO     | utils.logging:save_sdre_imgs:710 - Figures saved.
2023-05-01 09:20:20.088 | INFO     | utils.logging:log_training_results:280 - 
2023-05-01 09:20:20.088 | INFO     | utils.logging:log_training_results:281 - Global Step =   1000
2023-05-01 09:20:20.089 | INFO     | utils.logging:log_training_results:282 - train mean(MacRec)_t: 0.860802412033081
2023-05-01 09:20:20.089 | INFO     | utils.logging:log_training_results:287 - train mean ABSerr: 0.7321129441261292
2023-05-01 09:20:20.089 | INFO     | utils.logging:log_training_results:290 - train ausat from confmx: 0.9787197709083557
2023-05-01 09:20:20.090 | INFO     | utils.logging:log_training_results:301 - train MCE loss:0.90027 * 0.9 * -1.38001
2023-05-01 09:20:20.090 | INFO     | utils.logging:log_training_results:309 - train LLLR :0.32678 * 0.0 * -0.20967
2023-05-01 09:20:20.091 | INFO     | utils.logging:log_training_results:317 - train weight decay:1435.98340 * 0.0004 * -0.67492
2023-05-01 09:21:10.934 | INFO     | __main__:objective:357 - Starting epoch #3.
2023-05-01 09:21:33.020 | INFO     | utils.logging:log_training_results:280 - 
2023-05-01 09:21:33.021 | INFO     | utils.logging:log_training_results:281 - Global Step =   1250
2023-05-01 09:21:33.022 | INFO     | utils.logging:log_training_results:282 - val mean(MacRec)_t: 0.8755533695220947
2023-05-01 09:21:33.022 | INFO     | utils.logging:log_training_results:287 - val mean ABSerr: 0.19577333331108093
2023-05-01 09:21:33.023 | INFO     | utils.logging:log_training_results:290 - val ausat from confmx: 0.9770448803901672
2023-05-01 09:21:33.023 | INFO     | utils.logging:log_training_results:301 - val MCE loss:0.88617 * 0.9 * -1.37277
2023-05-01 09:21:33.024 | INFO     | utils.logging:log_training_results:309 - val LLLR :0.29417 * 0.0 * -0.20209
2023-05-01 09:21:33.024 | INFO     | utils.logging:log_training_results:317 - val weight decay:1371.72815 * 0.0004 * -0.66700
2023-05-01 09:21:33.871 | INFO     | utils.checkpoint:update_and_save_result:168 - [36mBest value updated![0m
2023-05-01 09:21:33.891 | INFO     | utils.checkpoint:save_checkpoint:83 - [36mSaved checkpoint[0m at step 1250.
2023-05-01 09:21:33.894 | INFO     | utils.checkpoint:keep_max_num_saved_models:101 - Removed the oldest model for max_to_keep=1
2023-05-01 09:21:34.739 | INFO     | utils.logging:save_sdre_imgs:710 - Figures saved.
2023-05-01 09:21:35.236 | INFO     | utils.logging:log_training_results:280 - 
2023-05-01 09:21:35.236 | INFO     | utils.logging:log_training_results:281 - Global Step =   1250
2023-05-01 09:21:35.237 | INFO     | utils.logging:log_training_results:282 - train mean(MacRec)_t: 0.8864591717720032
2023-05-01 09:21:35.237 | INFO     | utils.logging:log_training_results:287 - train mean ABSerr: 0.7442592978477478
2023-05-01 09:21:35.237 | INFO     | utils.logging:log_training_results:290 - train ausat from confmx: 0.9660590291023254
2023-05-01 09:21:35.238 | INFO     | utils.logging:log_training_results:301 - train MCE loss:0.87563 * 0.9 * -1.37274
2023-05-01 09:21:35.238 | INFO     | utils.logging:log_training_results:309 - train LLLR :0.29254 * 0.0 * -0.20206
2023-05-01 09:21:35.238 | INFO     | utils.logging:log_training_results:317 - train weight decay:1371.72815 * 0.0004 * -0.66696
2023-05-01 09:22:46.300 | INFO     | utils.logging:log_training_results:280 - 
2023-05-01 09:22:46.301 | INFO     | utils.logging:log_training_results:281 - Global Step =   1500
2023-05-01 09:22:46.301 | INFO     | utils.logging:log_training_results:282 - val mean(MacRec)_t: 0.8755699992179871
2023-05-01 09:22:46.302 | INFO     | utils.logging:log_training_results:287 - val mean ABSerr: 0.1839914321899414
2023-05-01 09:22:46.302 | INFO     | utils.logging:log_training_results:290 - val ausat from confmx: 0.9776558876037598
2023-05-01 09:22:46.302 | INFO     | utils.logging:log_training_results:301 - val MCE loss:0.88577 * 0.9 * -1.36552
2023-05-01 09:22:46.303 | INFO     | utils.logging:log_training_results:309 - val LLLR :0.29374 * 0.0 * -0.19439
2023-05-01 09:22:46.303 | INFO     | utils.logging:log_training_results:317 - val weight decay:1314.59534 * 0.0004 * -0.65902
2023-05-01 09:22:47.174 | INFO     | utils.checkpoint:update_and_save_result:168 - [36mBest value updated![0m
2023-05-01 09:22:47.196 | INFO     | utils.checkpoint:save_checkpoint:83 - [36mSaved checkpoint[0m at step 1500.
2023-05-01 09:22:47.198 | INFO     | utils.checkpoint:keep_max_num_saved_models:101 - Removed the oldest model for max_to_keep=1
2023-05-01 09:22:48.013 | INFO     | utils.logging:save_sdre_imgs:710 - Figures saved.
2023-05-01 09:22:48.512 | INFO     | utils.logging:log_training_results:280 - 
2023-05-01 09:22:48.513 | INFO     | utils.logging:log_training_results:281 - Global Step =   1500
2023-05-01 09:22:48.513 | INFO     | utils.logging:log_training_results:282 - train mean(MacRec)_t: 0.8852889537811279
2023-05-01 09:22:48.514 | INFO     | utils.logging:log_training_results:287 - train mean ABSerr: 0.6998623609542847
2023-05-01 09:22:48.514 | INFO     | utils.logging:log_training_results:290 - train ausat from confmx: 0.9926794767379761
2023-05-01 09:22:48.514 | INFO     | utils.logging:log_training_results:301 - train MCE loss:0.87937 * 0.9 * -1.36549
2023-05-01 09:22:48.515 | INFO     | utils.logging:log_training_results:309 - train LLLR :0.27044 * 0.0 * -0.19436
2023-05-01 09:22:48.515 | INFO     | utils.logging:log_training_results:317 - train weight decay:1314.59534 * 0.0004 * -0.65899
2023-05-01 09:23:14.199 | INFO     | __main__:objective:357 - Starting epoch #4.
2023-05-01 09:24:01.912 | INFO     | utils.logging:log_training_results:280 - 
2023-05-01 09:24:01.913 | INFO     | utils.logging:log_training_results:281 - Global Step =   1750
2023-05-01 09:24:01.913 | INFO     | utils.logging:log_training_results:282 - val mean(MacRec)_t: 0.875736653804779
2023-05-01 09:24:01.913 | INFO     | utils.logging:log_training_results:287 - val mean ABSerr: 0.18274733424186707
2023-05-01 09:24:01.914 | INFO     | utils.logging:log_training_results:290 - val ausat from confmx: 0.9763031601905823
2023-05-01 09:24:01.914 | INFO     | utils.logging:log_training_results:301 - val MCE loss:0.88564 * 0.9 * -1.35828
2023-05-01 09:24:01.915 | INFO     | utils.logging:log_training_results:309 - val LLLR :0.29372 * 0.0 * -0.18660
2023-05-01 09:24:01.915 | INFO     | utils.logging:log_training_results:317 - val weight decay:1263.69263 * 0.0004 * -0.65106
2023-05-01 09:24:02.788 | INFO     | utils.checkpoint:update_and_save_result:168 - [36mBest value updated![0m
2023-05-01 09:24:02.810 | INFO     | utils.checkpoint:save_checkpoint:83 - [36mSaved checkpoint[0m at step 1750.
2023-05-01 09:24:02.813 | INFO     | utils.checkpoint:keep_max_num_saved_models:101 - Removed the oldest model for max_to_keep=1
2023-05-01 09:24:03.913 | INFO     | utils.logging:save_sdre_imgs:710 - Figures saved.
2023-05-01 09:24:04.405 | INFO     | utils.logging:log_training_results:280 - 
2023-05-01 09:24:04.405 | INFO     | utils.logging:log_training_results:281 - Global Step =   1750
2023-05-01 09:24:04.406 | INFO     | utils.logging:log_training_results:282 - train mean(MacRec)_t: 0.868732213973999
2023-05-01 09:24:04.406 | INFO     | utils.logging:log_training_results:287 - train mean ABSerr: 0.6929983496665955
2023-05-01 09:24:04.407 | INFO     | utils.logging:log_training_results:290 - train ausat from confmx: 0.9750955700874329
2023-05-01 09:24:04.407 | INFO     | utils.logging:log_training_results:301 - train MCE loss:0.88783 * 0.9 * -1.35825
2023-05-01 09:24:04.407 | INFO     | utils.logging:log_training_results:309 - train LLLR :0.31767 * 0.0 * -0.18657
2023-05-01 09:24:04.408 | INFO     | utils.logging:log_training_results:317 - train weight decay:1263.69263 * 0.0004 * -0.65103
2023-05-01 09:25:07.267 | INFO     | __main__:objective:357 - Starting epoch #5.
2023-05-01 09:25:16.777 | INFO     | utils.logging:log_training_results:280 - 
2023-05-01 09:25:16.778 | INFO     | utils.logging:log_training_results:281 - Global Step =   2000
2023-05-01 09:25:16.779 | INFO     | utils.logging:log_training_results:282 - val mean(MacRec)_t: 0.8760466575622559
2023-05-01 09:25:16.779 | INFO     | utils.logging:log_training_results:287 - val mean ABSerr: 0.17448538541793823
2023-05-01 09:25:16.779 | INFO     | utils.logging:log_training_results:290 - val ausat from confmx: 0.9772717952728271
2023-05-01 09:25:16.780 | INFO     | utils.logging:log_training_results:301 - val MCE loss:0.88545 * 0.9 * -1.35104
2023-05-01 09:25:16.780 | INFO     | utils.logging:log_training_results:309 - val LLLR :0.29337 * 0.0 * -0.17872
2023-05-01 09:25:16.781 | INFO     | utils.logging:log_training_results:317 - val weight decay:1218.27344 * 0.0004 * -0.64312
2023-05-01 09:25:17.686 | INFO     | utils.checkpoint:update_and_save_result:168 - [36mBest value updated![0m
2023-05-01 09:25:17.706 | INFO     | utils.checkpoint:save_checkpoint:83 - [36mSaved checkpoint[0m at step 2000.
2023-05-01 09:25:17.709 | INFO     | utils.checkpoint:keep_max_num_saved_models:101 - Removed the oldest model for max_to_keep=1
2023-05-01 09:25:18.547 | INFO     | utils.logging:save_sdre_imgs:710 - Figures saved.
2023-05-01 09:25:19.043 | INFO     | utils.logging:log_training_results:280 - 
2023-05-01 09:25:19.044 | INFO     | utils.logging:log_training_results:281 - Global Step =   2000
2023-05-01 09:25:19.044 | INFO     | utils.logging:log_training_results:282 - train mean(MacRec)_t: 0.8781776428222656
2023-05-01 09:25:19.044 | INFO     | utils.logging:log_training_results:287 - train mean ABSerr: 0.6318544149398804
2023-05-01 09:25:19.045 | INFO     | utils.logging:log_training_results:290 - train ausat from confmx: 0.9732576608657837
2023-05-01 09:25:19.045 | INFO     | utils.logging:log_training_results:301 - train MCE loss:0.88041 * 0.9 * -1.35101
2023-05-01 09:25:19.045 | INFO     | utils.logging:log_training_results:309 - train LLLR :0.28633 * 0.0 * -0.17869
2023-05-01 09:25:19.046 | INFO     | utils.logging:log_training_results:317 - train weight decay:1218.27344 * 0.0004 * -0.64309
2023-05-01 09:26:30.823 | INFO     | utils.logging:log_training_results:280 - 
2023-05-01 09:26:30.824 | INFO     | utils.logging:log_training_results:281 - Global Step =   2250
2023-05-01 09:26:30.825 | INFO     | utils.logging:log_training_results:282 - val mean(MacRec)_t: 0.8757566809654236
2023-05-01 09:26:30.825 | INFO     | utils.logging:log_training_results:287 - val mean ABSerr: 0.18127645552158356
2023-05-01 09:26:30.826 | INFO     | utils.logging:log_training_results:290 - val ausat from confmx: 0.9769436717033386
2023-05-01 09:26:30.826 | INFO     | utils.logging:log_training_results:301 - val MCE loss:0.88523 * 0.9 * -1.34380
2023-05-01 09:26:30.827 | INFO     | utils.logging:log_training_results:309 - val LLLR :0.29320 * 0.0 * -0.17075
2023-05-01 09:26:30.827 | INFO     | utils.logging:log_training_results:317 - val weight decay:1177.69714 * 0.0004 * -0.63522
2023-05-01 09:26:32.590 | INFO     | utils.logging:save_sdre_imgs:710 - Figures saved.
2023-05-01 09:26:33.085 | INFO     | utils.logging:log_training_results:280 - 
2023-05-01 09:26:33.086 | INFO     | utils.logging:log_training_results:281 - Global Step =   2250
2023-05-01 09:26:33.086 | INFO     | utils.logging:log_training_results:282 - train mean(MacRec)_t: 0.8755841851234436
2023-05-01 09:26:33.086 | INFO     | utils.logging:log_training_results:287 - train mean ABSerr: 0.6459320783615112
2023-05-01 09:26:33.087 | INFO     | utils.logging:log_training_results:290 - train ausat from confmx: 0.9839745759963989
2023-05-01 09:26:33.087 | INFO     | utils.logging:log_training_results:301 - train MCE loss:0.88838 * 0.9 * -1.34377
2023-05-01 09:26:33.087 | INFO     | utils.logging:log_training_results:309 - train LLLR :0.27985 * 0.0 * -0.17072
2023-05-01 09:26:33.088 | INFO     | utils.logging:log_training_results:317 - train weight decay:1177.69714 * 0.0004 * -0.63519
2023-05-01 09:27:11.346 | INFO     | __main__:objective:357 - Starting epoch #6.
2023-05-01 09:27:46.176 | INFO     | utils.logging:log_training_results:280 - 
2023-05-01 09:27:46.176 | INFO     | utils.logging:log_training_results:281 - Global Step =   2500
2023-05-01 09:27:46.177 | INFO     | utils.logging:log_training_results:282 - val mean(MacRec)_t: 0.8760066628456116
2023-05-01 09:27:46.177 | INFO     | utils.logging:log_training_results:287 - val mean ABSerr: 0.16816753149032593
2023-05-01 09:27:46.178 | INFO     | utils.logging:log_training_results:290 - val ausat from confmx: 0.9774927496910095
2023-05-01 09:27:46.178 | INFO     | utils.logging:log_training_results:301 - val MCE loss:0.88528 * 0.9 * -1.33657
2023-05-01 09:27:46.179 | INFO     | utils.logging:log_training_results:309 - val LLLR :0.29291 * 0.0 * -0.16270
2023-05-01 09:27:46.179 | INFO     | utils.logging:log_training_results:317 - val weight decay:1141.30603 * 0.0004 * -0.62737
2023-05-01 09:27:47.934 | INFO     | utils.logging:save_sdre_imgs:710 - Figures saved.
2023-05-01 09:27:48.436 | INFO     | utils.logging:log_training_results:280 - 
2023-05-01 09:27:48.437 | INFO     | utils.logging:log_training_results:281 - Global Step =   2500
2023-05-01 09:27:48.437 | INFO     | utils.logging:log_training_results:282 - train mean(MacRec)_t: 0.8823984861373901
2023-05-01 09:27:48.437 | INFO     | utils.logging:log_training_results:287 - train mean ABSerr: 0.648932158946991
2023-05-01 09:27:48.438 | INFO     | utils.logging:log_training_results:290 - train ausat from confmx: 0.9792598485946655
2023-05-01 09:27:48.438 | INFO     | utils.logging:log_training_results:301 - train MCE loss:0.89869 * 0.9 * -1.33654
2023-05-01 09:27:48.439 | INFO     | utils.logging:log_training_results:309 - train LLLR :0.27437 * 0.0 * -0.16266
2023-05-01 09:27:48.439 | INFO     | utils.logging:log_training_results:317 - train weight decay:1141.30603 * 0.0004 * -0.62734
2023-05-01 09:28:59.248 | INFO     | utils.logging:log_training_results:280 - 
2023-05-01 09:28:59.249 | INFO     | utils.logging:log_training_results:281 - Global Step =   2750
2023-05-01 09:28:59.249 | INFO     | utils.logging:log_training_results:282 - val mean(MacRec)_t: 0.8752166628837585
2023-05-01 09:28:59.250 | INFO     | utils.logging:log_training_results:287 - val mean ABSerr: 0.19777534902095795
2023-05-01 09:28:59.250 | INFO     | utils.logging:log_training_results:290 - val ausat from confmx: 0.9773831367492676
2023-05-01 09:28:59.250 | INFO     | utils.logging:log_training_results:301 - val MCE loss:0.88522 * 0.9 * -1.32934
2023-05-01 09:28:59.251 | INFO     | utils.logging:log_training_results:309 - val LLLR :0.29497 * 0.0 * -0.15455
2023-05-01 09:28:59.251 | INFO     | utils.logging:log_training_results:317 - val weight decay:1108.67224 * 0.0004 * -0.61957
2023-05-01 09:29:00.994 | INFO     | utils.logging:save_sdre_imgs:710 - Figures saved.
2023-05-01 09:29:01.486 | INFO     | utils.logging:log_training_results:280 - 
2023-05-01 09:29:01.486 | INFO     | utils.logging:log_training_results:281 - Global Step =   2750
2023-05-01 09:29:01.487 | INFO     | utils.logging:log_training_results:282 - train mean(MacRec)_t: 0.8529307246208191
2023-05-01 09:29:01.487 | INFO     | utils.logging:log_training_results:287 - train mean ABSerr: 0.6162257194519043
2023-05-01 09:29:01.487 | INFO     | utils.logging:log_training_results:290 - train ausat from confmx: 0.9709673523902893
2023-05-01 09:29:01.488 | INFO     | utils.logging:log_training_results:301 - train MCE loss:0.90719 * 0.9 * -1.32931
2023-05-01 09:29:01.488 | INFO     | utils.logging:log_training_results:309 - train LLLR :0.36479 * 0.0 * -0.15452
2023-05-01 09:29:01.488 | INFO     | utils.logging:log_training_results:317 - train weight decay:1108.67224 * 0.0004 * -0.61954
2023-05-01 09:29:14.628 | INFO     | __main__:objective:357 - Starting epoch #7.
2023-05-01 09:30:14.508 | INFO     | utils.logging:log_training_results:280 - 
2023-05-01 09:30:14.508 | INFO     | utils.logging:log_training_results:281 - Global Step =   3000
2023-05-01 09:30:14.509 | INFO     | utils.logging:log_training_results:282 - val mean(MacRec)_t: 0.8747267127037048
2023-05-01 09:30:14.509 | INFO     | utils.logging:log_training_results:287 - val mean ABSerr: 0.24278931319713593
2023-05-01 09:30:14.510 | INFO     | utils.logging:log_training_results:290 - val ausat from confmx: 0.9763916730880737
2023-05-01 09:30:14.510 | INFO     | utils.logging:log_training_results:301 - val MCE loss:0.88551 * 0.9 * -1.32212
2023-05-01 09:30:14.511 | INFO     | utils.logging:log_training_results:309 - val LLLR :0.29563 * 0.0 * -0.14632
2023-05-01 09:30:14.511 | INFO     | utils.logging:log_training_results:317 - val weight decay:1079.20654 * 0.0004 * -0.61183
2023-05-01 09:30:16.269 | INFO     | utils.logging:save_sdre_imgs:710 - Figures saved.
2023-05-01 09:30:16.772 | INFO     | utils.logging:log_training_results:280 - 
2023-05-01 09:30:16.775 | INFO     | utils.logging:log_training_results:281 - Global Step =   3000
2023-05-01 09:30:16.775 | INFO     | utils.logging:log_training_results:282 - train mean(MacRec)_t: 0.8628100156784058
2023-05-01 09:30:16.775 | INFO     | utils.logging:log_training_results:287 - train mean ABSerr: 0.6568872332572937
2023-05-01 09:30:16.776 | INFO     | utils.logging:log_training_results:290 - train ausat from confmx: 0.9826589226722717
2023-05-01 09:30:16.776 | INFO     | utils.logging:log_training_results:301 - train MCE loss:0.89439 * 0.9 * -1.32209
2023-05-01 09:30:16.778 | INFO     | utils.logging:log_training_results:309 - train LLLR :0.32583 * 0.0 * -0.14628
2023-05-01 09:30:16.779 | INFO     | utils.logging:log_training_results:317 - train weight decay:1079.20654 * 0.0004 * -0.61180
2023-05-01 09:31:07.109 | INFO     | __main__:objective:357 - Starting epoch #8.
2023-05-01 09:31:29.085 | INFO     | utils.logging:log_training_results:280 - 
2023-05-01 09:31:29.086 | INFO     | utils.logging:log_training_results:281 - Global Step =   3250
2023-05-01 09:31:29.086 | INFO     | utils.logging:log_training_results:282 - val mean(MacRec)_t: 0.8754265904426575
2023-05-01 09:31:29.087 | INFO     | utils.logging:log_training_results:287 - val mean ABSerr: 0.2128487527370453
2023-05-01 09:31:29.087 | INFO     | utils.logging:log_training_results:290 - val ausat from confmx: 0.9767211079597473
2023-05-01 09:31:29.087 | INFO     | utils.logging:log_training_results:301 - val MCE loss:0.88538 * 0.9 * -1.31489
2023-05-01 09:31:29.088 | INFO     | utils.logging:log_training_results:309 - val LLLR :0.29426 * 0.0 * -0.13799
2023-05-01 09:31:29.088 | INFO     | utils.logging:log_training_results:317 - val weight decay:1052.60010 * 0.0004 * -0.60415
2023-05-01 09:31:30.829 | INFO     | utils.logging:save_sdre_imgs:710 - Figures saved.
2023-05-01 09:31:31.346 | INFO     | utils.logging:log_training_results:280 - 
2023-05-01 09:31:31.346 | INFO     | utils.logging:log_training_results:281 - Global Step =   3250
2023-05-01 09:31:31.347 | INFO     | utils.logging:log_training_results:282 - train mean(MacRec)_t: 0.8905015587806702
2023-05-01 09:31:31.347 | INFO     | utils.logging:log_training_results:287 - train mean ABSerr: 0.6360594630241394
2023-05-01 09:31:31.348 | INFO     | utils.logging:log_training_results:290 - train ausat from confmx: 0.9841669797897339
2023-05-01 09:31:31.348 | INFO     | utils.logging:log_training_results:301 - train MCE loss:0.88736 * 0.9 * -1.31486
2023-05-01 09:31:31.348 | INFO     | utils.logging:log_training_results:309 - train LLLR :0.27455 * 0.0 * -0.13795
2023-05-01 09:31:31.349 | INFO     | utils.logging:log_training_results:317 - train weight decay:1052.60010 * 0.0004 * -0.60412
2023-05-01 09:32:41.916 | INFO     | utils.logging:log_training_results:280 - 
2023-05-01 09:32:41.917 | INFO     | utils.logging:log_training_results:281 - Global Step =   3500
2023-05-01 09:32:41.918 | INFO     | utils.logging:log_training_results:282 - val mean(MacRec)_t: 0.875853419303894
2023-05-01 09:32:41.918 | INFO     | utils.logging:log_training_results:287 - val mean ABSerr: 0.17004826664924622
2023-05-01 09:32:41.919 | INFO     | utils.logging:log_training_results:290 - val ausat from confmx: 0.9775582551956177
2023-05-01 09:32:41.919 | INFO     | utils.logging:log_training_results:301 - val MCE loss:0.88506 * 0.9 * -1.30767
2023-05-01 09:32:41.919 | INFO     | utils.logging:log_training_results:309 - val LLLR :0.29313 * 0.0 * -0.12956
2023-05-01 09:32:41.920 | INFO     | utils.logging:log_training_results:317 - val weight decay:1028.38562 * 0.0004 * -0.59653
2023-05-01 09:32:43.526 | INFO     | utils.logging:save_sdre_imgs:710 - Figures saved.
2023-05-01 09:32:44.014 | INFO     | utils.logging:log_training_results:280 - 
2023-05-01 09:32:44.015 | INFO     | utils.logging:log_training_results:281 - Global Step =   3500
2023-05-01 09:32:44.015 | INFO     | utils.logging:log_training_results:282 - train mean(MacRec)_t: 0.8656589984893799
2023-05-01 09:32:44.016 | INFO     | utils.logging:log_training_results:287 - train mean ABSerr: 0.6482046246528625
2023-05-01 09:32:44.016 | INFO     | utils.logging:log_training_results:290 - train ausat from confmx: 0.9723665714263916
2023-05-01 09:32:44.016 | INFO     | utils.logging:log_training_results:301 - train MCE loss:0.86991 * 0.9 * -1.30764
2023-05-01 09:32:44.017 | INFO     | utils.logging:log_training_results:309 - train LLLR :0.32309 * 0.0 * -0.12953
2023-05-01 09:32:44.017 | INFO     | utils.logging:log_training_results:317 - train weight decay:1028.38550 * 0.0004 * -0.59649
2023-05-01 09:33:09.487 | INFO     | __main__:objective:357 - Starting epoch #9.
2023-05-01 09:33:56.004 | INFO     | utils.logging:log_training_results:280 - 
2023-05-01 09:33:56.005 | INFO     | utils.logging:log_training_results:281 - Global Step =   3750
2023-05-01 09:33:56.006 | INFO     | utils.logging:log_training_results:282 - val mean(MacRec)_t: 0.8760266900062561
2023-05-01 09:33:56.006 | INFO     | utils.logging:log_training_results:287 - val mean ABSerr: 0.18804825842380524
2023-05-01 09:33:56.006 | INFO     | utils.logging:log_training_results:290 - val ausat from confmx: 0.9767596125602722
2023-05-01 09:33:56.007 | INFO     | utils.logging:log_training_results:301 - val MCE loss:0.88508 * 0.9 * -1.30045
2023-05-01 09:33:56.007 | INFO     | utils.logging:log_training_results:309 - val LLLR :0.29335 * 0.0 * -0.12103
2023-05-01 09:33:56.008 | INFO     | utils.logging:log_training_results:317 - val weight decay:1006.14203 * 0.0004 * -0.58896
2023-05-01 09:33:57.654 | INFO     | utils.logging:save_sdre_imgs:710 - Figures saved.
2023-05-01 09:33:58.142 | INFO     | utils.logging:log_training_results:280 - 
2023-05-01 09:33:58.142 | INFO     | utils.logging:log_training_results:281 - Global Step =   3750
2023-05-01 09:33:58.143 | INFO     | utils.logging:log_training_results:282 - train mean(MacRec)_t: 0.8296307325363159
2023-05-01 09:33:58.143 | INFO     | utils.logging:log_training_results:287 - train mean ABSerr: 0.6229076385498047
2023-05-01 09:33:58.144 | INFO     | utils.logging:log_training_results:290 - train ausat from confmx: 0.9577378034591675
2023-05-01 09:33:58.144 | INFO     | utils.logging:log_training_results:301 - train MCE loss:0.90090 * 0.9 * -1.30042
2023-05-01 09:33:58.144 | INFO     | utils.logging:log_training_results:309 - train LLLR :0.41792 * 0.0 * -0.12099
2023-05-01 09:33:58.145 | INFO     | utils.logging:log_training_results:317 - train weight decay:1006.14197 * 0.0004 * -0.58893
2023-05-01 09:35:00.487 | INFO     | utils.logging:investigate_log:155 - num_warning=0/num_error=0 in the .log file.
2023-05-01 09:35:00.744 | INFO     | optuna.study.study:_log_completed_trial:1020 - Trial 96 finished with value: 0.12395334243774414 and parameters: {'LIST_IS_POSITIONAL_ENCODING': False, 'LIST_MODEL_BACKBONE': 'Transformer', 'LIST_WEIGHT_DECAY': 0.0004, 'LIST_LEARNING_RATE': 2.8640656929984352e-05, 'LIST_LLLR_VERSION': 'LSEL', 'LIST_ACTIVATION_FC': 'tanh', 'LIST_PARAM_MULTIPLET_LOSS': 0.9, 'LIST_PARAM_LLR_LOSS': 0.0, 'LIST_IS_ADAPTIVE_LOSS': True, 'LIST_ORDER_SPRT': 4, 'LIST_OPTIMIZER': 'adam', 'LIST_IS_NORMALIZE': False, 'LIST_NUM_THRESH': 500, 'LIST_SPARSITY': 'logspace', 'LIST_NUM_BLOCKS': 2, 'LIST_NUM_HEADS': 2, 'LIST_DROPOUT': 0.1, 'LIST_FF_DIM': 64, 'LIST_MLP_UNITS': 64}. Best is trial 71 with value: 0.12331002950668335.
2023-05-01 09:35:00.776 | INFO     | utils.hyperparameter_tuning:suggest_parameters:560 - [33mStarting a tuning phase.[0m
2023-05-01 09:35:01.489 | INFO     | utils.hyperparameter_tuning:print:394 - 
+------------------------------------------+
|   Hyperparameteres suggested by Optuna   |
+------------------------+-----------------+
|     Parameter name     | Suggested value |
+------------------------+-----------------+
|     ACTIVATION_FC      |    B2BsqrtV2    |
|        DROPOUT         |       0.2       |
|         FF_DIM         |        64       |
|    IS_ADAPTIVE_LOSS    |       True      |
|      IS_NORMALIZE      |      False      |
| IS_POSITIONAL_ENCODING |      False      |
|     LEARNING_RATE      |    3.8179e-05   |
|      LLLR_VERSION      |       LSEL      |
|       MLP_UNITS        |        64       |
|     MODEL_BACKBONE     |   Transformer   |
|       NUM_BLOCKS       |        2        |
|       NUM_HEADS        |        2        |
|       NUM_THRESH       |       500       |
|       OPTIMIZER        |       adam      |
|       ORDER_SPRT       |        5        |
|     PARAM_LLR_LOSS     |       0.0       |
|  PARAM_MULTIPLET_LOSS  |       1.0       |
|        SPARSITY        |     logspace    |
|      WEIGHT_DECAY      |      0.0005     |
+------------------------+-----------------+
2023-05-01 09:35:01.490 | INFO     | utils.misc:create_directories_and_log:291 - [33mA new log directory was created: [0m/home/afe/Dropbox/GitHub/SPRT-TANDEM-PyTorch/logs/public_offset0_5_optimmacrec_tuning/checkpoints/Transformer_20230501_093501489/configs
2023-05-01 09:35:01.491 | INFO     | utils.misc:create_directories_and_log:291 - [33mA new log directory was created: [0m/home/afe/Dropbox/GitHub/SPRT-TANDEM-PyTorch/logs/public_offset0_5_optimmacrec_tuning/TensorBoard_events/Transformer_20230501_093501489
