2023-05-01 11:32:13.463 | INFO     | utils.misc:fix_random_seed:405 - Random seed is not fixed.
2023-05-01 11:32:13.488 | INFO     | models.temporal_integrators:summarize:568 - 
:'######::'########::'########::'########::::::::::::::::::::::
'##... ##: ##.... ##: ##.... ##:... ##..:::::::::::::::::::::::
 ##:::..:: ##:::: ##: ##:::: ##:::: ##:::::::::::::::::::::::::
. ######:: ########:: ########::::: ##::::'#######:::::::::::::
:..... ##: ##.....::: ##.. ##:::::: ##::::........:::::::::::::
'##::: ##: ##:::::::: ##::. ##::::: ##:::::::::::::::::::::::::
. ######:: ##:::::::: ##:::. ##:::: ##:::::::::::::::::::::::::
:......:::..:::::::::..:::::..:::::..::::::::::::::::::::::::::
'########::::'###::::'##::: ##:'########::'########:'##::::'##:
... ##..::::'## ##::: ###:: ##: ##.... ##: ##.....:: ###::'###:
::: ##:::::'##:. ##:: ####: ##: ##:::: ##: ##::::::: ####'####:
::: ##::::'##:::. ##: ## ## ##: ##:::: ##: ######::: ## ### ##:
::: ##:::: #########: ##. ####: ##:::: ##: ##...:::: ##. #: ##:
::: ##:::: ##.... ##: ##:. ###: ##:::: ##: ##::::::: ##:.:: ##:
::: ##:::: ##:::: ##: ##::. ##: ########:: ########: ##:::: ##:
:::..:::::..:::::..::..::::..::........:::........::..:::::..::

2023-05-01 11:32:13.489 | INFO     | models.temporal_integrators:summarize:571 - [34mofficial PyTorch implementation.[0m
2023-05-01 11:32:13.953 | INFO     | models.temporal_integrators:summarize:593 - Network summary:
===============================================================================================
Layer (type:depth-idx)                        Output Shape              Param #
===============================================================================================
TANDEMformer                                  [150, 50, 3, 3]           771
├─TransformerEncoder: 1-1                     [6750, 1, 128]            --
│    └─ModuleList: 2-6                        --                        (recursive)
│    │    └─TransformerEncoderLayer: 3-1      [6750, 1, 128]            83,136
│    │    └─TransformerEncoderLayer: 3-2      [6750, 1, 128]            83,136
├─Linear: 1-2                                 [6750, 64]                8,256
├─Dropout: 1-3                                [6750, 64]                --
├─TransformerEncoder: 1-4                     [6750, 2, 128]            (recursive)
│    └─ModuleList: 2-6                        --                        (recursive)
│    │    └─TransformerEncoderLayer: 3-3      [6750, 2, 128]            (recursive)
│    │    └─TransformerEncoderLayer: 3-4      [6750, 2, 128]            (recursive)
├─Linear: 1-5                                 [6750, 64]                (recursive)
├─Dropout: 1-6                                [6750, 64]                --
├─TransformerEncoder: 1-7                     [6750, 3, 128]            (recursive)
│    └─ModuleList: 2-6                        --                        (recursive)
│    │    └─TransformerEncoderLayer: 3-5      [6750, 3, 128]            (recursive)
│    │    └─TransformerEncoderLayer: 3-6      [6750, 3, 128]            (recursive)
├─Linear: 1-8                                 [6750, 64]                (recursive)
├─Dropout: 1-9                                [6750, 64]                --
├─TransformerEncoder: 1-10                    [6750, 4, 128]            (recursive)
│    └─ModuleList: 2-6                        --                        (recursive)
│    │    └─TransformerEncoderLayer: 3-7      [6750, 4, 128]            (recursive)
│    │    └─TransformerEncoderLayer: 3-8      [6750, 4, 128]            (recursive)
├─Linear: 1-11                                [6750, 64]                (recursive)
├─Dropout: 1-12                               [6750, 64]                --
├─TransformerEncoder: 1-13                    [6750, 5, 128]            (recursive)
│    └─ModuleList: 2-6                        --                        (recursive)
│    │    └─TransformerEncoderLayer: 3-9      [6750, 5, 128]            (recursive)
│    │    └─TransformerEncoderLayer: 3-10     [6750, 5, 128]            (recursive)
├─Linear: 1-14                                [6750, 64]                (recursive)
├─Dropout: 1-15                               [6750, 64]                --
├─TransformerEncoder: 1-16                    [6750, 6, 128]            (recursive)
│    └─ModuleList: 2-6                        --                        (recursive)
│    │    └─TransformerEncoderLayer: 3-11     [6750, 6, 128]            (recursive)
│    │    └─TransformerEncoderLayer: 3-12     [6750, 6, 128]            (recursive)
├─Linear: 1-17                                [6750, 64]                (recursive)
├─Dropout: 1-18                               [6750, 64]                --
├─Linear: 1-19                                [6750, 3]                 195
├─Linear: 1-20                                [6750, 3]                 (recursive)
├─Linear: 1-21                                [6750, 3]                 (recursive)
├─Linear: 1-22                                [6750, 3]                 (recursive)
├─Linear: 1-23                                [6750, 3]                 (recursive)
├─Linear: 1-24                                [6750, 3]                 (recursive)
===============================================================================================
Total params: 175,494
Trainable params: 175,494
Non-trainable params: 0
Total mult-adds (G): 1.73
===============================================================================================
Input size (MB): 3.84
Forward/backward pass size (MB): 1037.77
Params size (MB): 0.17
Estimated Total Size (MB): 1041.78
===============================================================================================
2023-05-01 11:32:13.954 | INFO     | models.temporal_integrators:summarize:594 - Example input shape: torch.Size([150, 50, 128])
2023-05-01 11:32:13.954 | INFO     | models.temporal_integrators:summarize:595 - Example output shape: torch.Size([150, 50, 3, 3])
2023-05-01 11:32:13.957 | INFO     | models.temporal_integrators:import_model:58 - model moved onto: [33mcuda.[0m
2023-05-01 11:32:13.959 | INFO     | models.optimizers:initialize_optimizer:44 - Optimizer:
AdamW (
Parameter Group 0
    amsgrad: False
    betas: (0.9, 0.999)
    capturable: False
    differentiable: False
    eps: 1e-08
    foreach: None
    fused: None
    lr: 2.006912226112875e-05
    maximize: False
    weight_decay: 0.0001
)
2023-05-01 11:32:13.960 | INFO     | datasets.data_processing:lmdb_dataloaders:293 - loading data... 
2023-05-01 11:32:13.960 | INFO     | datasets.data_processing:lmdb_dataloaders:295 - If this process takes long, consider setting is_load_onto_memory=False or use LMDBIterableDataset.
2023-05-01 11:32:16.479 | INFO     | __main__:objective:357 - Starting epoch #0.
2023-05-01 11:32:26.118 | INFO     | utils.logging:log_training_results:280 - 
2023-05-01 11:32:26.121 | INFO     | utils.logging:log_training_results:281 - Global Step =      0
2023-05-01 11:32:26.122 | INFO     | utils.logging:log_training_results:282 - val mean(MacRec)_t: 0.357369989156723
2023-05-01 11:32:26.122 | INFO     | utils.logging:log_training_results:287 - val mean ABSerr: 3.483335494995117
2023-05-01 11:32:26.123 | INFO     | utils.logging:log_training_results:290 - val ausat from confmx: 0.3647972047328949
2023-05-01 11:32:26.123 | INFO     | utils.logging:log_training_results:301 - val MCE loss:1.10004 * 1.0 * 0.36506
2023-05-01 11:32:26.124 | INFO     | utils.logging:log_training_results:309 - val LLLR :1.11361 * 0.0 * 1.10735
2023-05-01 11:32:26.124 | INFO     | utils.logging:log_training_results:317 - val weight decay:1886.16492 * 0.0001 * -0.90473
2023-05-01 11:32:27.871 | INFO     | utils.logging:save_sdre_imgs:710 - Figures saved.
2023-05-01 11:32:28.396 | INFO     | utils.logging:log_training_results:280 - 
2023-05-01 11:32:28.396 | INFO     | utils.logging:log_training_results:281 - Global Step =      0
2023-05-01 11:32:28.396 | INFO     | utils.logging:log_training_results:282 - train mean(MacRec)_t: 0.3150216042995453
2023-05-01 11:32:28.397 | INFO     | utils.logging:log_training_results:287 - train mean ABSerr: 3.512101411819458
2023-05-01 11:32:28.397 | INFO     | utils.logging:log_training_results:290 - train ausat from confmx: 0.2991940677165985
2023-05-01 11:32:28.398 | INFO     | utils.logging:log_training_results:301 - train MCE loss:1.10308 * 1.0 * 0.36508
2023-05-01 11:32:28.398 | INFO     | utils.logging:log_training_results:309 - train LLLR :1.23456 * 0.0 * 1.10733
2023-05-01 11:32:28.398 | INFO     | utils.logging:log_training_results:317 - train weight decay:1886.16479 * 0.0001 * -0.90471
2023-05-01 11:33:45.952 | INFO     | utils.logging:log_training_results:280 - 
2023-05-01 11:33:45.953 | INFO     | utils.logging:log_training_results:281 - Global Step =    250
2023-05-01 11:33:45.954 | INFO     | utils.logging:log_training_results:282 - val mean(MacRec)_t: 0.7199166417121887
2023-05-01 11:33:45.954 | INFO     | utils.logging:log_training_results:287 - val mean ABSerr: 3.0633647441864014
2023-05-01 11:33:45.954 | INFO     | utils.logging:log_training_results:290 - val ausat from confmx: 0.846339225769043
2023-05-01 11:33:45.955 | INFO     | utils.logging:log_training_results:301 - val MCE loss:1.04329 * 1.0 * 0.36996
2023-05-01 11:33:45.955 | INFO     | utils.logging:log_training_results:309 - val LLLR :0.75054 * 0.0 * 1.10233
2023-05-01 11:33:45.956 | INFO     | utils.logging:log_training_results:317 - val weight decay:1871.07361 * 0.0001 * -0.89971
2023-05-01 11:33:46.788 | INFO     | utils.checkpoint:update_and_save_result:168 - [36mBest value updated![0m
2023-05-01 11:33:46.810 | INFO     | utils.checkpoint:save_checkpoint:83 - [36mSaved checkpoint[0m at step 250.
2023-05-01 11:33:47.937 | INFO     | utils.logging:save_sdre_imgs:710 - Figures saved.
2023-05-01 11:33:48.463 | INFO     | utils.logging:log_training_results:280 - 
2023-05-01 11:33:48.466 | INFO     | utils.logging:log_training_results:281 - Global Step =    250
2023-05-01 11:33:48.467 | INFO     | utils.logging:log_training_results:282 - train mean(MacRec)_t: 0.6156531572341919
2023-05-01 11:33:48.467 | INFO     | utils.logging:log_training_results:287 - train mean ABSerr: 2.953775405883789
2023-05-01 11:33:48.468 | INFO     | utils.logging:log_training_results:290 - train ausat from confmx: 0.6998773813247681
2023-05-01 11:33:48.468 | INFO     | utils.logging:log_training_results:301 - train MCE loss:1.04782 * 1.0 * 0.36998
2023-05-01 11:33:48.469 | INFO     | utils.logging:log_training_results:309 - train LLLR :0.84736 * 0.0 * 1.10231
2023-05-01 11:33:48.469 | INFO     | utils.logging:log_training_results:317 - train weight decay:1871.07361 * 0.0001 * -0.89969
2023-05-01 11:34:29.365 | INFO     | __main__:objective:357 - Starting epoch #1.
2023-05-01 11:35:07.149 | INFO     | utils.logging:log_training_results:280 - 
2023-05-01 11:35:07.149 | INFO     | utils.logging:log_training_results:281 - Global Step =    500
2023-05-01 11:35:07.150 | INFO     | utils.logging:log_training_results:282 - val mean(MacRec)_t: 0.8391433358192444
2023-05-01 11:35:07.150 | INFO     | utils.logging:log_training_results:287 - val mean ABSerr: 1.8007447719573975
2023-05-01 11:35:07.151 | INFO     | utils.logging:log_training_results:290 - val ausat from confmx: 0.9589399099349976
2023-05-01 11:35:07.151 | INFO     | utils.logging:log_training_results:301 - val MCE loss:0.93247 * 1.0 * 0.37448
2023-05-01 11:35:07.152 | INFO     | utils.logging:log_training_results:309 - val LLLR :0.40059 * 0.0 * 1.09729
2023-05-01 11:35:07.152 | INFO     | utils.logging:log_training_results:317 - val weight decay:1861.43518 * 0.0001 * -0.89468
2023-05-01 11:35:07.997 | INFO     | utils.checkpoint:update_and_save_result:168 - [36mBest value updated![0m
2023-05-01 11:35:08.018 | INFO     | utils.checkpoint:save_checkpoint:83 - [36mSaved checkpoint[0m at step 500.
2023-05-01 11:35:08.022 | INFO     | utils.checkpoint:keep_max_num_saved_models:101 - Removed the oldest model for max_to_keep=1
2023-05-01 11:35:08.879 | INFO     | utils.logging:save_sdre_imgs:710 - Figures saved.
2023-05-01 11:35:09.401 | INFO     | utils.logging:log_training_results:280 - 
2023-05-01 11:35:09.401 | INFO     | utils.logging:log_training_results:281 - Global Step =    500
2023-05-01 11:35:09.402 | INFO     | utils.logging:log_training_results:282 - train mean(MacRec)_t: 0.7953426241874695
2023-05-01 11:35:09.402 | INFO     | utils.logging:log_training_results:287 - train mean ABSerr: 2.040057420730591
2023-05-01 11:35:09.402 | INFO     | utils.logging:log_training_results:290 - train ausat from confmx: 0.9203282594680786
2023-05-01 11:35:09.403 | INFO     | utils.logging:log_training_results:301 - train MCE loss:0.92679 * 1.0 * 0.37449
2023-05-01 11:35:09.403 | INFO     | utils.logging:log_training_results:309 - train LLLR :0.47034 * 0.0 * 1.09727
2023-05-01 11:35:09.404 | INFO     | utils.logging:log_training_results:317 - train weight decay:1861.43506 * 0.0001 * -0.89466
2023-05-01 11:36:27.982 | INFO     | utils.logging:log_training_results:280 - 
2023-05-01 11:36:27.983 | INFO     | utils.logging:log_training_results:281 - Global Step =    750
2023-05-01 11:36:27.983 | INFO     | utils.logging:log_training_results:282 - val mean(MacRec)_t: 0.8714099526405334
2023-05-01 11:36:27.984 | INFO     | utils.logging:log_training_results:287 - val mean ABSerr: 0.4493774175643921
2023-05-01 11:36:27.984 | INFO     | utils.logging:log_training_results:290 - val ausat from confmx: 0.9748695492744446
2023-05-01 11:36:27.985 | INFO     | utils.logging:log_training_results:301 - val MCE loss:0.86714 * 1.0 * 0.37857
2023-05-01 11:36:27.985 | INFO     | utils.logging:log_training_results:309 - val LLLR :0.30562 * 0.0 * 1.09226
2023-05-01 11:36:27.986 | INFO     | utils.logging:log_training_results:317 - val weight decay:1853.87146 * 0.0001 * -0.88963
2023-05-01 11:36:28.895 | INFO     | utils.checkpoint:update_and_save_result:168 - [36mBest value updated![0m
2023-05-01 11:36:28.915 | INFO     | utils.checkpoint:save_checkpoint:83 - [36mSaved checkpoint[0m at step 750.
2023-05-01 11:36:28.919 | INFO     | utils.checkpoint:keep_max_num_saved_models:101 - Removed the oldest model for max_to_keep=1
2023-05-01 11:36:29.870 | INFO     | utils.logging:save_sdre_imgs:710 - Figures saved.
2023-05-01 11:36:30.446 | INFO     | utils.logging:log_training_results:280 - 
2023-05-01 11:36:30.447 | INFO     | utils.logging:log_training_results:281 - Global Step =    750
2023-05-01 11:36:30.448 | INFO     | utils.logging:log_training_results:282 - train mean(MacRec)_t: 0.8317297101020813
2023-05-01 11:36:30.448 | INFO     | utils.logging:log_training_results:287 - train mean ABSerr: 1.1968501806259155
2023-05-01 11:36:30.448 | INFO     | utils.logging:log_training_results:290 - train ausat from confmx: 0.9622665047645569
2023-05-01 11:36:30.449 | INFO     | utils.logging:log_training_results:301 - train MCE loss:0.87469 * 1.0 * 0.37858
2023-05-01 11:36:30.449 | INFO     | utils.logging:log_training_results:309 - train LLLR :0.43022 * 0.0 * 1.09224
2023-05-01 11:36:30.450 | INFO     | utils.logging:log_training_results:317 - train weight decay:1853.87158 * 0.0001 * -0.88961
2023-05-01 11:36:45.601 | INFO     | __main__:objective:357 - Starting epoch #2.
2023-05-01 11:37:52.573 | INFO     | utils.logging:log_training_results:280 - 
2023-05-01 11:37:52.574 | INFO     | utils.logging:log_training_results:281 - Global Step =   1000
2023-05-01 11:37:52.575 | INFO     | utils.logging:log_training_results:282 - val mean(MacRec)_t: 0.8736900091171265
2023-05-01 11:37:52.575 | INFO     | utils.logging:log_training_results:287 - val mean ABSerr: 0.40553203225135803
2023-05-01 11:37:52.576 | INFO     | utils.logging:log_training_results:290 - val ausat from confmx: 0.9762497544288635
2023-05-01 11:37:52.576 | INFO     | utils.logging:log_training_results:301 - val MCE loss:0.86179 * 1.0 * 0.38264
2023-05-01 11:37:52.577 | INFO     | utils.logging:log_training_results:309 - val LLLR :0.30059 * 0.0 * 1.08721
2023-05-01 11:37:52.577 | INFO     | utils.logging:log_training_results:317 - val weight decay:1843.64685 * 0.0001 * -0.88458
2023-05-01 11:37:53.361 | INFO     | utils.checkpoint:update_and_save_result:168 - [36mBest value updated![0m
2023-05-01 11:37:53.385 | INFO     | utils.checkpoint:save_checkpoint:83 - [36mSaved checkpoint[0m at step 1000.
2023-05-01 11:37:53.389 | INFO     | utils.checkpoint:keep_max_num_saved_models:101 - Removed the oldest model for max_to_keep=1
2023-05-01 11:37:54.250 | INFO     | utils.logging:save_sdre_imgs:710 - Figures saved.
2023-05-01 11:37:54.771 | INFO     | utils.logging:log_training_results:280 - 
2023-05-01 11:37:54.773 | INFO     | utils.logging:log_training_results:281 - Global Step =   1000
2023-05-01 11:37:54.774 | INFO     | utils.logging:log_training_results:282 - train mean(MacRec)_t: 0.8405563831329346
2023-05-01 11:37:54.774 | INFO     | utils.logging:log_training_results:287 - train mean ABSerr: 1.2844386100769043
2023-05-01 11:37:54.775 | INFO     | utils.logging:log_training_results:290 - train ausat from confmx: 0.9456335306167603
2023-05-01 11:37:54.775 | INFO     | utils.logging:log_training_results:301 - train MCE loss:0.87021 * 1.0 * 0.38266
2023-05-01 11:37:54.776 | INFO     | utils.logging:log_training_results:309 - train LLLR :0.44381 * 0.0 * 1.08719
2023-05-01 11:37:54.776 | INFO     | utils.logging:log_training_results:317 - train weight decay:1843.64697 * 0.0001 * -0.88456
2023-05-01 11:38:50.707 | INFO     | __main__:objective:357 - Starting epoch #3.
2023-05-01 11:39:13.970 | INFO     | utils.logging:log_training_results:280 - 
2023-05-01 11:39:13.971 | INFO     | utils.logging:log_training_results:281 - Global Step =   1250
2023-05-01 11:39:13.971 | INFO     | utils.logging:log_training_results:282 - val mean(MacRec)_t: 0.8741933107376099
2023-05-01 11:39:13.971 | INFO     | utils.logging:log_training_results:287 - val mean ABSerr: 0.42324429750442505
2023-05-01 11:39:13.972 | INFO     | utils.logging:log_training_results:290 - val ausat from confmx: 0.9763555526733398
2023-05-01 11:39:13.972 | INFO     | utils.logging:log_training_results:301 - val MCE loss:0.86102 * 1.0 * 0.38679
2023-05-01 11:39:13.973 | INFO     | utils.logging:log_training_results:309 - val LLLR :0.30026 * 0.0 * 1.08214
2023-05-01 11:39:13.973 | INFO     | utils.logging:log_training_results:317 - val weight decay:1833.29651 * 0.0001 * -0.87952
2023-05-01 11:39:14.745 | INFO     | utils.checkpoint:update_and_save_result:168 - [36mBest value updated![0m
2023-05-01 11:39:14.768 | INFO     | utils.checkpoint:save_checkpoint:83 - [36mSaved checkpoint[0m at step 1250.
2023-05-01 11:39:14.771 | INFO     | utils.checkpoint:keep_max_num_saved_models:101 - Removed the oldest model for max_to_keep=1
2023-05-01 11:39:15.615 | INFO     | utils.logging:save_sdre_imgs:710 - Figures saved.
2023-05-01 11:39:16.143 | INFO     | utils.logging:log_training_results:280 - 
2023-05-01 11:39:16.144 | INFO     | utils.logging:log_training_results:281 - Global Step =   1250
2023-05-01 11:39:16.144 | INFO     | utils.logging:log_training_results:282 - train mean(MacRec)_t: 0.8453269600868225
2023-05-01 11:39:16.145 | INFO     | utils.logging:log_training_results:287 - train mean ABSerr: 1.2944540977478027
2023-05-01 11:39:16.145 | INFO     | utils.logging:log_training_results:290 - train ausat from confmx: 0.9708846807479858
2023-05-01 11:39:16.145 | INFO     | utils.logging:log_training_results:301 - train MCE loss:0.87077 * 1.0 * 0.38681
2023-05-01 11:39:16.146 | INFO     | utils.logging:log_training_results:309 - train LLLR :0.40010 * 0.0 * 1.08212
2023-05-01 11:39:16.146 | INFO     | utils.logging:log_training_results:317 - train weight decay:1833.29663 * 0.0001 * -0.87950
2023-05-01 11:40:33.075 | INFO     | utils.logging:log_training_results:280 - 
2023-05-01 11:40:33.076 | INFO     | utils.logging:log_training_results:281 - Global Step =   1500
2023-05-01 11:40:33.076 | INFO     | utils.logging:log_training_results:282 - val mean(MacRec)_t: 0.8742366433143616
2023-05-01 11:40:33.077 | INFO     | utils.logging:log_training_results:287 - val mean ABSerr: 0.4162648320198059
2023-05-01 11:40:33.077 | INFO     | utils.logging:log_training_results:290 - val ausat from confmx: 0.9767857789993286
2023-05-01 11:40:33.078 | INFO     | utils.logging:log_training_results:301 - val MCE loss:0.86056 * 1.0 * 0.39097
2023-05-01 11:40:33.078 | INFO     | utils.logging:log_training_results:309 - val LLLR :0.29991 * 0.0 * 1.07708
2023-05-01 11:40:33.079 | INFO     | utils.logging:log_training_results:317 - val weight decay:1823.21997 * 0.0001 * -0.87445
2023-05-01 11:40:33.943 | INFO     | utils.checkpoint:update_and_save_result:168 - [36mBest value updated![0m
2023-05-01 11:40:33.964 | INFO     | utils.checkpoint:save_checkpoint:83 - [36mSaved checkpoint[0m at step 1500.
2023-05-01 11:40:33.966 | INFO     | utils.checkpoint:keep_max_num_saved_models:101 - Removed the oldest model for max_to_keep=1
2023-05-01 11:40:34.812 | INFO     | utils.logging:save_sdre_imgs:710 - Figures saved.
2023-05-01 11:40:35.336 | INFO     | utils.logging:log_training_results:280 - 
2023-05-01 11:40:35.337 | INFO     | utils.logging:log_training_results:281 - Global Step =   1500
2023-05-01 11:40:35.337 | INFO     | utils.logging:log_training_results:282 - train mean(MacRec)_t: 0.8444876074790955
2023-05-01 11:40:35.338 | INFO     | utils.logging:log_training_results:287 - train mean ABSerr: 1.2517180442810059
2023-05-01 11:40:35.338 | INFO     | utils.logging:log_training_results:290 - train ausat from confmx: 0.935633659362793
2023-05-01 11:40:35.338 | INFO     | utils.logging:log_training_results:301 - train MCE loss:0.85264 * 1.0 * 0.39099
2023-05-01 11:40:35.339 | INFO     | utils.logging:log_training_results:309 - train LLLR :0.39194 * 0.0 * 1.07706
2023-05-01 11:40:35.339 | INFO     | utils.logging:log_training_results:317 - train weight decay:1823.21985 * 0.0001 * -0.87443
2023-05-01 11:41:03.318 | INFO     | __main__:objective:357 - Starting epoch #4.
2023-05-01 11:41:54.231 | INFO     | utils.logging:log_training_results:280 - 
2023-05-01 11:41:54.232 | INFO     | utils.logging:log_training_results:281 - Global Step =   1750
2023-05-01 11:41:54.233 | INFO     | utils.logging:log_training_results:282 - val mean(MacRec)_t: 0.874496579170227
2023-05-01 11:41:54.233 | INFO     | utils.logging:log_training_results:287 - val mean ABSerr: 0.4140656590461731
2023-05-01 11:41:54.234 | INFO     | utils.logging:log_training_results:290 - val ausat from confmx: 0.9763582944869995
2023-05-01 11:41:54.234 | INFO     | utils.logging:log_training_results:301 - val MCE loss:0.86033 * 1.0 * 0.39517
2023-05-01 11:41:54.234 | INFO     | utils.logging:log_training_results:309 - val LLLR :0.29920 * 0.0 * 1.07201
2023-05-01 11:41:54.235 | INFO     | utils.logging:log_training_results:317 - val weight decay:1813.35046 * 0.0001 * -0.86937
2023-05-01 11:41:55.055 | INFO     | utils.checkpoint:update_and_save_result:168 - [36mBest value updated![0m
2023-05-01 11:41:55.075 | INFO     | utils.checkpoint:save_checkpoint:83 - [36mSaved checkpoint[0m at step 1750.
2023-05-01 11:41:55.078 | INFO     | utils.checkpoint:keep_max_num_saved_models:101 - Removed the oldest model for max_to_keep=1
2023-05-01 11:41:55.926 | INFO     | utils.logging:save_sdre_imgs:710 - Figures saved.
2023-05-01 11:41:56.456 | INFO     | utils.logging:log_training_results:280 - 
2023-05-01 11:41:56.457 | INFO     | utils.logging:log_training_results:281 - Global Step =   1750
2023-05-01 11:41:56.457 | INFO     | utils.logging:log_training_results:282 - train mean(MacRec)_t: 0.8484110832214355
2023-05-01 11:41:56.457 | INFO     | utils.logging:log_training_results:287 - train mean ABSerr: 1.2508656978607178
2023-05-01 11:41:56.458 | INFO     | utils.logging:log_training_results:290 - train ausat from confmx: 0.9515594840049744
2023-05-01 11:41:56.458 | INFO     | utils.logging:log_training_results:301 - train MCE loss:0.86089 * 1.0 * 0.39519
2023-05-01 11:41:56.459 | INFO     | utils.logging:log_training_results:309 - train LLLR :0.41851 * 0.0 * 1.07199
2023-05-01 11:41:56.459 | INFO     | utils.logging:log_training_results:317 - train weight decay:1813.35046 * 0.0001 * -0.86935
2023-05-01 11:43:05.400 | INFO     | __main__:objective:357 - Starting epoch #5.
2023-05-01 11:43:15.014 | INFO     | utils.logging:log_training_results:280 - 
2023-05-01 11:43:15.015 | INFO     | utils.logging:log_training_results:281 - Global Step =   2000
2023-05-01 11:43:15.016 | INFO     | utils.logging:log_training_results:282 - val mean(MacRec)_t: 0.8744000196456909
2023-05-01 11:43:15.016 | INFO     | utils.logging:log_training_results:287 - val mean ABSerr: 0.40813592076301575
2023-05-01 11:43:15.016 | INFO     | utils.logging:log_training_results:290 - val ausat from confmx: 0.9756410121917725
2023-05-01 11:43:15.017 | INFO     | utils.logging:log_training_results:301 - val MCE loss:0.85997 * 1.0 * 0.39937
2023-05-01 11:43:15.018 | INFO     | utils.logging:log_training_results:309 - val LLLR :0.29912 * 0.0 * 1.06694
2023-05-01 11:43:15.018 | INFO     | utils.logging:log_training_results:317 - val weight decay:1803.58398 * 0.0001 * -0.86429
2023-05-01 11:43:17.136 | INFO     | utils.logging:save_sdre_imgs:710 - Figures saved.
2023-05-01 11:43:17.647 | INFO     | utils.logging:log_training_results:280 - 
2023-05-01 11:43:17.647 | INFO     | utils.logging:log_training_results:281 - Global Step =   2000
2023-05-01 11:43:17.648 | INFO     | utils.logging:log_training_results:282 - train mean(MacRec)_t: 0.8468798398971558
2023-05-01 11:43:17.648 | INFO     | utils.logging:log_training_results:287 - train mean ABSerr: 1.1944541931152344
2023-05-01 11:43:17.648 | INFO     | utils.logging:log_training_results:290 - train ausat from confmx: 0.9451939463615417
2023-05-01 11:43:17.649 | INFO     | utils.logging:log_training_results:301 - train MCE loss:0.88614 * 1.0 * 0.39939
2023-05-01 11:43:17.649 | INFO     | utils.logging:log_training_results:309 - train LLLR :0.41740 * 0.0 * 1.06692
2023-05-01 11:43:17.649 | INFO     | utils.logging:log_training_results:317 - train weight decay:1803.58398 * 0.0001 * -0.86427
2023-05-01 11:44:33.345 | INFO     | utils.logging:log_training_results:280 - 
2023-05-01 11:44:33.346 | INFO     | utils.logging:log_training_results:281 - Global Step =   2250
2023-05-01 11:44:33.346 | INFO     | utils.logging:log_training_results:282 - val mean(MacRec)_t: 0.8744600415229797
2023-05-01 11:44:33.347 | INFO     | utils.logging:log_training_results:287 - val mean ABSerr: 0.428350567817688
2023-05-01 11:44:33.347 | INFO     | utils.logging:log_training_results:290 - val ausat from confmx: 0.9758753776550293
2023-05-01 11:44:33.348 | INFO     | utils.logging:log_training_results:301 - val MCE loss:0.85982 * 1.0 * 0.40357
2023-05-01 11:44:33.348 | INFO     | utils.logging:log_training_results:309 - val LLLR :0.29914 * 0.0 * 1.06185
2023-05-01 11:44:33.348 | INFO     | utils.logging:log_training_results:317 - val weight decay:1793.96606 * 0.0001 * -0.85921
2023-05-01 11:44:35.055 | INFO     | utils.logging:save_sdre_imgs:710 - Figures saved.
2023-05-01 11:44:35.568 | INFO     | utils.logging:log_training_results:280 - 
2023-05-01 11:44:35.569 | INFO     | utils.logging:log_training_results:281 - Global Step =   2250
2023-05-01 11:44:35.569 | INFO     | utils.logging:log_training_results:282 - train mean(MacRec)_t: 0.8416708707809448
2023-05-01 11:44:35.570 | INFO     | utils.logging:log_training_results:287 - train mean ABSerr: 1.260545253753662
2023-05-01 11:44:35.570 | INFO     | utils.logging:log_training_results:290 - train ausat from confmx: 0.9451285004615784
2023-05-01 11:44:35.570 | INFO     | utils.logging:log_training_results:301 - train MCE loss:0.85824 * 1.0 * 0.40359
2023-05-01 11:44:35.571 | INFO     | utils.logging:log_training_results:309 - train LLLR :0.39655 * 0.0 * 1.06183
2023-05-01 11:44:35.571 | INFO     | utils.logging:log_training_results:317 - train weight decay:1793.96594 * 0.0001 * -0.85919
2023-05-01 11:45:16.749 | INFO     | __main__:objective:357 - Starting epoch #6.
2023-05-01 11:45:54.038 | INFO     | utils.logging:log_training_results:280 - 
2023-05-01 11:45:54.039 | INFO     | utils.logging:log_training_results:281 - Global Step =   2500
2023-05-01 11:45:54.039 | INFO     | utils.logging:log_training_results:282 - val mean(MacRec)_t: 0.8747199773788452
2023-05-01 11:45:54.040 | INFO     | utils.logging:log_training_results:287 - val mean ABSerr: 0.4105876088142395
2023-05-01 11:45:54.040 | INFO     | utils.logging:log_training_results:290 - val ausat from confmx: 0.976449728012085
2023-05-01 11:45:54.041 | INFO     | utils.logging:log_training_results:301 - val MCE loss:0.85946 * 1.0 * 0.40775
2023-05-01 11:45:54.041 | INFO     | utils.logging:log_training_results:309 - val LLLR :0.29849 * 0.0 * 1.05675
2023-05-01 11:45:54.041 | INFO     | utils.logging:log_training_results:317 - val weight decay:1784.31018 * 0.0001 * -0.85411
2023-05-01 11:45:54.889 | INFO     | utils.checkpoint:update_and_save_result:168 - [36mBest value updated![0m
2023-05-01 11:45:54.911 | INFO     | utils.checkpoint:save_checkpoint:83 - [36mSaved checkpoint[0m at step 2500.
2023-05-01 11:45:54.914 | INFO     | utils.checkpoint:keep_max_num_saved_models:101 - Removed the oldest model for max_to_keep=1
2023-05-01 11:45:55.767 | INFO     | utils.logging:save_sdre_imgs:710 - Figures saved.
2023-05-01 11:45:56.290 | INFO     | utils.logging:log_training_results:280 - 
2023-05-01 11:45:56.291 | INFO     | utils.logging:log_training_results:281 - Global Step =   2500
2023-05-01 11:45:56.291 | INFO     | utils.logging:log_training_results:282 - train mean(MacRec)_t: 0.834313690662384
2023-05-01 11:45:56.291 | INFO     | utils.logging:log_training_results:287 - train mean ABSerr: 1.2253451347351074
2023-05-01 11:45:56.292 | INFO     | utils.logging:log_training_results:290 - train ausat from confmx: 0.9635968208312988
2023-05-01 11:45:56.292 | INFO     | utils.logging:log_training_results:301 - train MCE loss:0.86397 * 1.0 * 0.40777
2023-05-01 11:45:56.293 | INFO     | utils.logging:log_training_results:309 - train LLLR :0.38291 * 0.0 * 1.05673
2023-05-01 11:45:56.293 | INFO     | utils.logging:log_training_results:317 - train weight decay:1784.31018 * 0.0001 * -0.85409
2023-05-01 11:47:13.395 | INFO     | utils.logging:log_training_results:280 - 
2023-05-01 11:47:13.396 | INFO     | utils.logging:log_training_results:281 - Global Step =   2750
2023-05-01 11:47:13.396 | INFO     | utils.logging:log_training_results:282 - val mean(MacRec)_t: 0.8747267127037048
2023-05-01 11:47:13.396 | INFO     | utils.logging:log_training_results:287 - val mean ABSerr: 0.412431538105011
2023-05-01 11:47:13.397 | INFO     | utils.logging:log_training_results:290 - val ausat from confmx: 0.9761500954627991
2023-05-01 11:47:13.397 | INFO     | utils.logging:log_training_results:301 - val MCE loss:0.85934 * 1.0 * 0.41193
2023-05-01 11:47:13.398 | INFO     | utils.logging:log_training_results:309 - val LLLR :0.29855 * 0.0 * 1.05166
2023-05-01 11:47:13.398 | INFO     | utils.logging:log_training_results:317 - val weight decay:1774.70630 * 0.0001 * -0.84902
2023-05-01 11:47:14.301 | INFO     | utils.checkpoint:update_and_save_result:168 - [36mBest value updated![0m
2023-05-01 11:47:14.326 | INFO     | utils.checkpoint:save_checkpoint:83 - [36mSaved checkpoint[0m at step 2750.
2023-05-01 11:47:14.331 | INFO     | utils.checkpoint:keep_max_num_saved_models:101 - Removed the oldest model for max_to_keep=1
2023-05-01 11:47:15.165 | INFO     | utils.logging:save_sdre_imgs:710 - Figures saved.
2023-05-01 11:47:15.690 | INFO     | utils.logging:log_training_results:280 - 
2023-05-01 11:47:15.690 | INFO     | utils.logging:log_training_results:281 - Global Step =   2750
2023-05-01 11:47:15.691 | INFO     | utils.logging:log_training_results:282 - train mean(MacRec)_t: 0.8603434562683105
2023-05-01 11:47:15.691 | INFO     | utils.logging:log_training_results:287 - train mean ABSerr: 1.1580537557601929
2023-05-01 11:47:15.692 | INFO     | utils.logging:log_training_results:290 - train ausat from confmx: 0.952724277973175
2023-05-01 11:47:15.692 | INFO     | utils.logging:log_training_results:301 - train MCE loss:0.85699 * 1.0 * 0.41194
2023-05-01 11:47:15.692 | INFO     | utils.logging:log_training_results:309 - train LLLR :0.31893 * 0.0 * 1.05164
2023-05-01 11:47:15.693 | INFO     | utils.logging:log_training_results:317 - train weight decay:1774.70630 * 0.0001 * -0.84900
2023-05-01 11:47:30.037 | INFO     | __main__:objective:357 - Starting epoch #7.
2023-05-01 11:48:35.631 | INFO     | utils.logging:log_training_results:280 - 
2023-05-01 11:48:35.632 | INFO     | utils.logging:log_training_results:281 - Global Step =   3000
2023-05-01 11:48:35.633 | INFO     | utils.logging:log_training_results:282 - val mean(MacRec)_t: 0.8751499652862549
2023-05-01 11:48:35.633 | INFO     | utils.logging:log_training_results:287 - val mean ABSerr: 0.4119513928890228
2023-05-01 11:48:35.633 | INFO     | utils.logging:log_training_results:290 - val ausat from confmx: 0.976760983467102
2023-05-01 11:48:35.634 | INFO     | utils.logging:log_training_results:301 - val MCE loss:0.85908 * 1.0 * 0.41609
2023-05-01 11:48:35.634 | INFO     | utils.logging:log_training_results:309 - val LLLR :0.29767 * 0.0 * 1.04656
2023-05-01 11:48:35.635 | INFO     | utils.logging:log_training_results:317 - val weight decay:1765.14685 * 0.0001 * -0.84392
2023-05-01 11:48:36.399 | INFO     | utils.checkpoint:update_and_save_result:168 - [36mBest value updated![0m
2023-05-01 11:48:36.419 | INFO     | utils.checkpoint:save_checkpoint:83 - [36mSaved checkpoint[0m at step 3000.
2023-05-01 11:48:36.422 | INFO     | utils.checkpoint:keep_max_num_saved_models:101 - Removed the oldest model for max_to_keep=1
2023-05-01 11:48:37.293 | INFO     | utils.logging:save_sdre_imgs:710 - Figures saved.
2023-05-01 11:48:37.806 | INFO     | utils.logging:log_training_results:280 - 
2023-05-01 11:48:37.807 | INFO     | utils.logging:log_training_results:281 - Global Step =   3000
2023-05-01 11:48:37.808 | INFO     | utils.logging:log_training_results:282 - train mean(MacRec)_t: 0.8537570238113403
2023-05-01 11:48:37.808 | INFO     | utils.logging:log_training_results:287 - train mean ABSerr: 1.2129993438720703
2023-05-01 11:48:37.808 | INFO     | utils.logging:log_training_results:290 - train ausat from confmx: 0.9640207290649414
2023-05-01 11:48:37.809 | INFO     | utils.logging:log_training_results:301 - train MCE loss:0.86942 * 1.0 * 0.41610
2023-05-01 11:48:37.809 | INFO     | utils.logging:log_training_results:309 - train LLLR :0.35833 * 0.0 * 1.04654
2023-05-01 11:48:37.809 | INFO     | utils.logging:log_training_results:317 - train weight decay:1765.14697 * 0.0001 * -0.84390
2023-05-01 11:49:32.674 | INFO     | __main__:objective:357 - Starting epoch #8.
2023-05-01 11:49:55.873 | INFO     | utils.logging:log_training_results:280 - 
2023-05-01 11:49:55.874 | INFO     | utils.logging:log_training_results:281 - Global Step =   3250
2023-05-01 11:49:55.874 | INFO     | utils.logging:log_training_results:282 - val mean(MacRec)_t: 0.8748167157173157
2023-05-01 11:49:55.875 | INFO     | utils.logging:log_training_results:287 - val mean ABSerr: 0.43059977889060974
2023-05-01 11:49:55.875 | INFO     | utils.logging:log_training_results:290 - val ausat from confmx: 0.9768229126930237
2023-05-01 11:49:55.876 | INFO     | utils.logging:log_training_results:301 - val MCE loss:0.85902 * 1.0 * 0.42023
2023-05-01 11:49:55.876 | INFO     | utils.logging:log_training_results:309 - val LLLR :0.29869 * 0.0 * 1.04146
2023-05-01 11:49:55.876 | INFO     | utils.logging:log_training_results:317 - val weight decay:1755.61365 * 0.0001 * -0.83882
2023-05-01 11:49:57.518 | INFO     | utils.logging:save_sdre_imgs:710 - Figures saved.
2023-05-01 11:49:58.057 | INFO     | utils.logging:log_training_results:280 - 
2023-05-01 11:49:58.058 | INFO     | utils.logging:log_training_results:281 - Global Step =   3250
2023-05-01 11:49:58.058 | INFO     | utils.logging:log_training_results:282 - train mean(MacRec)_t: 0.8397021293640137
2023-05-01 11:49:58.059 | INFO     | utils.logging:log_training_results:287 - train mean ABSerr: 1.1117748022079468
2023-05-01 11:49:58.059 | INFO     | utils.logging:log_training_results:290 - train ausat from confmx: 0.950861930847168
2023-05-01 11:49:58.060 | INFO     | utils.logging:log_training_results:301 - train MCE loss:0.88132 * 1.0 * 0.42025
2023-05-01 11:49:58.060 | INFO     | utils.logging:log_training_results:309 - train LLLR :0.42625 * 0.0 * 1.04144
2023-05-01 11:49:58.060 | INFO     | utils.logging:log_training_results:317 - train weight decay:1755.61377 * 0.0001 * -0.83880
2023-05-01 11:51:14.322 | INFO     | utils.logging:log_training_results:280 - 
2023-05-01 11:51:14.323 | INFO     | utils.logging:log_training_results:281 - Global Step =   3500
2023-05-01 11:51:14.323 | INFO     | utils.logging:log_training_results:282 - val mean(MacRec)_t: 0.8748366832733154
2023-05-01 11:51:14.324 | INFO     | utils.logging:log_training_results:287 - val mean ABSerr: 0.4276915192604065
2023-05-01 11:51:14.324 | INFO     | utils.logging:log_training_results:290 - val ausat from confmx: 0.9775128960609436
2023-05-01 11:51:14.325 | INFO     | utils.logging:log_training_results:301 - val MCE loss:0.85878 * 1.0 * 0.42437
2023-05-01 11:51:14.325 | INFO     | utils.logging:log_training_results:309 - val LLLR :0.29854 * 0.0 * 1.03637
2023-05-01 11:51:14.325 | INFO     | utils.logging:log_training_results:317 - val weight decay:1746.03357 * 0.0001 * -0.83371
2023-05-01 11:51:15.979 | INFO     | utils.logging:save_sdre_imgs:710 - Figures saved.
2023-05-01 11:51:16.524 | INFO     | utils.logging:log_training_results:280 - 
2023-05-01 11:51:16.525 | INFO     | utils.logging:log_training_results:281 - Global Step =   3500
2023-05-01 11:51:16.525 | INFO     | utils.logging:log_training_results:282 - train mean(MacRec)_t: 0.8596530556678772
2023-05-01 11:51:16.525 | INFO     | utils.logging:log_training_results:287 - train mean ABSerr: 1.1287750005722046
2023-05-01 11:51:16.526 | INFO     | utils.logging:log_training_results:290 - train ausat from confmx: 0.9648836851119995
2023-05-01 11:51:16.526 | INFO     | utils.logging:log_training_results:301 - train MCE loss:0.86198 * 1.0 * 0.42439
2023-05-01 11:51:16.526 | INFO     | utils.logging:log_training_results:309 - train LLLR :0.34182 * 0.0 * 1.03635
2023-05-01 11:51:16.527 | INFO     | utils.logging:log_training_results:317 - train weight decay:1746.03357 * 0.0001 * -0.83369
2023-05-01 11:51:44.763 | INFO     | __main__:objective:357 - Starting epoch #9.
2023-05-01 11:52:36.603 | INFO     | utils.logging:log_training_results:280 - 
2023-05-01 11:52:36.604 | INFO     | utils.logging:log_training_results:281 - Global Step =   3750
2023-05-01 11:52:36.604 | INFO     | utils.logging:log_training_results:282 - val mean(MacRec)_t: 0.875059962272644
2023-05-01 11:52:36.605 | INFO     | utils.logging:log_training_results:287 - val mean ABSerr: 0.40743497014045715
2023-05-01 11:52:36.605 | INFO     | utils.logging:log_training_results:290 - val ausat from confmx: 0.9761624336242676
2023-05-01 11:52:36.605 | INFO     | utils.logging:log_training_results:301 - val MCE loss:0.85864 * 1.0 * 0.42850
2023-05-01 11:52:36.606 | INFO     | utils.logging:log_training_results:309 - val LLLR :0.29755 * 0.0 * 1.03127
2023-05-01 11:52:36.606 | INFO     | utils.logging:log_training_results:317 - val weight decay:1736.41931 * 0.0001 * -0.82860
2023-05-01 11:52:38.626 | INFO     | utils.logging:save_sdre_imgs:710 - Figures saved.
2023-05-01 11:52:39.207 | INFO     | utils.logging:log_training_results:280 - 
2023-05-01 11:52:39.207 | INFO     | utils.logging:log_training_results:281 - Global Step =   3750
2023-05-01 11:52:39.208 | INFO     | utils.logging:log_training_results:282 - train mean(MacRec)_t: 0.8186492919921875
2023-05-01 11:52:39.208 | INFO     | utils.logging:log_training_results:287 - train mean ABSerr: 1.0584698915481567
2023-05-01 11:52:39.209 | INFO     | utils.logging:log_training_results:290 - train ausat from confmx: 0.9372785091400146
2023-05-01 11:52:39.209 | INFO     | utils.logging:log_training_results:301 - train MCE loss:0.90203 * 1.0 * 0.42852
2023-05-01 11:52:39.209 | INFO     | utils.logging:log_training_results:309 - train LLLR :0.44643 * 0.0 * 1.03125
2023-05-01 11:52:39.210 | INFO     | utils.logging:log_training_results:317 - train weight decay:1736.41931 * 0.0001 * -0.82858
2023-05-01 11:53:48.132 | INFO     | utils.logging:investigate_log:155 - num_warning=0/num_error=0 in the .log file.
2023-05-01 11:53:48.530 | INFO     | optuna.study.study:_log_completed_trial:1020 - Trial 103 finished with value: 0.12485003471374512 and parameters: {'LIST_IS_POSITIONAL_ENCODING': False, 'LIST_MODEL_BACKBONE': 'Transformer', 'LIST_WEIGHT_DECAY': 0.0001, 'LIST_LEARNING_RATE': 2.006912226112875e-05, 'LIST_LLLR_VERSION': 'LSEL', 'LIST_ACTIVATION_FC': 'B2Bsqrt', 'LIST_PARAM_MULTIPLET_LOSS': 1.0, 'LIST_PARAM_LLR_LOSS': 0.0, 'LIST_IS_ADAPTIVE_LOSS': True, 'LIST_ORDER_SPRT': 5, 'LIST_OPTIMIZER': 'adam', 'LIST_IS_NORMALIZE': False, 'LIST_NUM_THRESH': 500, 'LIST_SPARSITY': 'logspace', 'LIST_NUM_BLOCKS': 2, 'LIST_NUM_HEADS': 2, 'LIST_DROPOUT': 0.2, 'LIST_FF_DIM': 64, 'LIST_MLP_UNITS': 64}. Best is trial 71 with value: 0.12331002950668335.
2023-05-01 11:53:48.769 | INFO     | utils.hyperparameter_tuning:suggest_parameters:560 - [33mStarting a tuning phase.[0m
2023-05-01 11:53:52.024 | INFO     | utils.hyperparameter_tuning:print:394 - 
+------------------------------------------+
|   Hyperparameteres suggested by Optuna   |
+------------------------+-----------------+
|     Parameter name     | Suggested value |
+------------------------+-----------------+
|     ACTIVATION_FC      |     B2Bcbrt     |
|        DROPOUT         |       0.2       |
|         FF_DIM         |        64       |
|    IS_ADAPTIVE_LOSS    |       True      |
|      IS_NORMALIZE      |      False      |
| IS_POSITIONAL_ENCODING |      False      |
|     LEARNING_RATE      |    7.0109e-05   |
|      LLLR_VERSION      |       LSEL      |
|       MLP_UNITS        |        64       |
|     MODEL_BACKBONE     |   Transformer   |
|       NUM_BLOCKS       |        2        |
|       NUM_HEADS        |        2        |
|       NUM_THRESH       |       500       |
|       OPTIMIZER        |       adam      |
|       ORDER_SPRT       |        5        |
|     PARAM_LLR_LOSS     |       0.0       |
|  PARAM_MULTIPLET_LOSS  |       1.0       |
|        SPARSITY        |     logspace    |
|      WEIGHT_DECAY      |      0.0004     |
+------------------------+-----------------+
2023-05-01 11:53:52.026 | INFO     | utils.misc:create_directories_and_log:291 - [33mA new log directory was created: [0m/home/afe/Dropbox/GitHub/SPRT-TANDEM-PyTorch/logs/public_offset0_5_optimmacrec_tuning/checkpoints/Transformer_20230501_115352025/configs
2023-05-01 11:53:52.026 | INFO     | utils.misc:create_directories_and_log:291 - [33mA new log directory was created: [0m/home/afe/Dropbox/GitHub/SPRT-TANDEM-PyTorch/logs/public_offset0_5_optimmacrec_tuning/TensorBoard_events/Transformer_20230501_115352025
