2023-04-30 14:30:30.781 | INFO     | utils.misc:fix_random_seed:405 - Random seed is not fixed.
2023-04-30 14:30:30.825 | INFO     | models.temporal_integrators:summarize:568 - 
:'######::'########::'########::'########::::::::::::::::::::::
'##... ##: ##.... ##: ##.... ##:... ##..:::::::::::::::::::::::
 ##:::..:: ##:::: ##: ##:::: ##:::: ##:::::::::::::::::::::::::
. ######:: ########:: ########::::: ##::::'#######:::::::::::::
:..... ##: ##.....::: ##.. ##:::::: ##::::........:::::::::::::
'##::: ##: ##:::::::: ##::. ##::::: ##:::::::::::::::::::::::::
. ######:: ##:::::::: ##:::. ##:::: ##:::::::::::::::::::::::::
:......:::..:::::::::..:::::..:::::..::::::::::::::::::::::::::
'########::::'###::::'##::: ##:'########::'########:'##::::'##:
... ##..::::'## ##::: ###:: ##: ##.... ##: ##.....:: ###::'###:
::: ##:::::'##:. ##:: ####: ##: ##:::: ##: ##::::::: ####'####:
::: ##::::'##:::. ##: ## ## ##: ##:::: ##: ######::: ## ### ##:
::: ##:::: #########: ##. ####: ##:::: ##: ##...:::: ##. #: ##:
::: ##:::: ##.... ##: ##:. ###: ##:::: ##: ##::::::: ##:.:: ##:
::: ##:::: ##:::: ##: ##::. ##: ########:: ########: ##:::: ##:
:::..:::::..:::::..::..::::..::........:::........::..:::::..::

2023-04-30 14:30:30.826 | INFO     | models.temporal_integrators:summarize:571 - [34mofficial PyTorch implementation.[0m
2023-04-30 14:30:31.103 | INFO     | models.temporal_integrators:summarize:593 - Network summary:
===============================================================================================
Layer (type:depth-idx)                        Output Shape              Param #
===============================================================================================
TANDEMformer                                  [150, 50, 3, 3]           771
├─TransformerEncoder: 1-1                     [6750, 1, 128]            --
│    └─ModuleList: 2-6                        --                        (recursive)
│    │    └─TransformerEncoderLayer: 3-1      [6750, 1, 128]            83,136
│    │    └─TransformerEncoderLayer: 3-2      [6750, 1, 128]            83,136
├─Linear: 1-2                                 [6750, 64]                8,256
├─Dropout: 1-3                                [6750, 64]                --
├─TransformerEncoder: 1-4                     [6750, 2, 128]            (recursive)
│    └─ModuleList: 2-6                        --                        (recursive)
│    │    └─TransformerEncoderLayer: 3-3      [6750, 2, 128]            (recursive)
│    │    └─TransformerEncoderLayer: 3-4      [6750, 2, 128]            (recursive)
├─Linear: 1-5                                 [6750, 64]                (recursive)
├─Dropout: 1-6                                [6750, 64]                --
├─TransformerEncoder: 1-7                     [6750, 3, 128]            (recursive)
│    └─ModuleList: 2-6                        --                        (recursive)
│    │    └─TransformerEncoderLayer: 3-5      [6750, 3, 128]            (recursive)
│    │    └─TransformerEncoderLayer: 3-6      [6750, 3, 128]            (recursive)
├─Linear: 1-8                                 [6750, 64]                (recursive)
├─Dropout: 1-9                                [6750, 64]                --
├─TransformerEncoder: 1-10                    [6750, 4, 128]            (recursive)
│    └─ModuleList: 2-6                        --                        (recursive)
│    │    └─TransformerEncoderLayer: 3-7      [6750, 4, 128]            (recursive)
│    │    └─TransformerEncoderLayer: 3-8      [6750, 4, 128]            (recursive)
├─Linear: 1-11                                [6750, 64]                (recursive)
├─Dropout: 1-12                               [6750, 64]                --
├─TransformerEncoder: 1-13                    [6750, 5, 128]            (recursive)
│    └─ModuleList: 2-6                        --                        (recursive)
│    │    └─TransformerEncoderLayer: 3-9      [6750, 5, 128]            (recursive)
│    │    └─TransformerEncoderLayer: 3-10     [6750, 5, 128]            (recursive)
├─Linear: 1-14                                [6750, 64]                (recursive)
├─Dropout: 1-15                               [6750, 64]                --
├─TransformerEncoder: 1-16                    [6750, 6, 128]            (recursive)
│    └─ModuleList: 2-6                        --                        (recursive)
│    │    └─TransformerEncoderLayer: 3-11     [6750, 6, 128]            (recursive)
│    │    └─TransformerEncoderLayer: 3-12     [6750, 6, 128]            (recursive)
├─Linear: 1-17                                [6750, 64]                (recursive)
├─Dropout: 1-18                               [6750, 64]                --
├─Linear: 1-19                                [6750, 3]                 195
├─Linear: 1-20                                [6750, 3]                 (recursive)
├─Linear: 1-21                                [6750, 3]                 (recursive)
├─Linear: 1-22                                [6750, 3]                 (recursive)
├─Linear: 1-23                                [6750, 3]                 (recursive)
├─Linear: 1-24                                [6750, 3]                 (recursive)
===============================================================================================
Total params: 175,494
Trainable params: 175,494
Non-trainable params: 0
Total mult-adds (G): 1.73
===============================================================================================
Input size (MB): 3.84
Forward/backward pass size (MB): 1037.77
Params size (MB): 0.17
Estimated Total Size (MB): 1041.78
===============================================================================================
2023-04-30 14:30:31.108 | INFO     | models.temporal_integrators:summarize:594 - Example input shape: torch.Size([150, 50, 128])
2023-04-30 14:30:31.109 | INFO     | models.temporal_integrators:summarize:595 - Example output shape: torch.Size([150, 50, 3, 3])
2023-04-30 14:30:31.111 | INFO     | models.temporal_integrators:import_model:58 - model moved onto: [33mcuda.[0m
2023-04-30 14:30:31.113 | INFO     | models.optimizers:initialize_optimizer:44 - Optimizer:
AdamW (
Parameter Group 0
    amsgrad: False
    betas: (0.9, 0.999)
    capturable: False
    differentiable: False
    eps: 1e-08
    foreach: None
    fused: None
    lr: 4.3757633360558113e-05
    maximize: False
    weight_decay: 0.0002
)
2023-04-30 14:30:31.113 | INFO     | datasets.data_processing:lmdb_dataloaders:293 - loading data... 
2023-04-30 14:30:31.114 | INFO     | datasets.data_processing:lmdb_dataloaders:295 - If this process takes long, consider setting is_load_onto_memory=False or use LMDBIterableDataset.
2023-04-30 14:30:33.810 | INFO     | __main__:objective:356 - Starting epoch #0.
2023-04-30 14:30:40.233 | INFO     | utils.logging:log_training_results:280 - 
2023-04-30 14:30:40.233 | INFO     | utils.logging:log_training_results:281 - Global Step =      0
2023-04-30 14:30:40.234 | INFO     | utils.logging:log_training_results:282 - val mean(MacRec)_t: 0.36608999967575073
2023-04-30 14:30:40.234 | INFO     | utils.logging:log_training_results:287 - val mean ABSerr: 3.4738779067993164
2023-04-30 14:30:40.235 | INFO     | utils.logging:log_training_results:290 - val ausat from confmx: 0.37059298157691956
2023-04-30 14:30:40.235 | INFO     | utils.logging:log_training_results:301 - val MCE loss:1.09953 * 0.9 * 2.22344
2023-04-30 14:30:40.236 | INFO     | utils.logging:log_training_results:309 - val LLLR :1.11452 * 0.1 * 0.56759
2023-04-30 14:30:40.236 | INFO     | utils.logging:log_training_results:317 - val weight decay:1928.64771 * 0.0002 * -0.67498
2023-04-30 14:30:41.171 | INFO     | utils.logging:save_sdre_imgs:710 - Figures saved.
2023-04-30 14:30:41.667 | INFO     | utils.logging:log_training_results:280 - 
2023-04-30 14:30:41.667 | INFO     | utils.logging:log_training_results:281 - Global Step =      0
2023-04-30 14:30:41.668 | INFO     | utils.logging:log_training_results:282 - train mean(MacRec)_t: 0.30361512303352356
2023-04-30 14:30:41.668 | INFO     | utils.logging:log_training_results:287 - train mean ABSerr: 3.5433237552642822
2023-04-30 14:30:41.668 | INFO     | utils.logging:log_training_results:290 - train ausat from confmx: 0.32012099027633667
2023-04-30 14:30:41.669 | INFO     | utils.logging:log_training_results:301 - train MCE loss:1.10335 * 0.9 * 2.22340
2023-04-30 14:30:41.669 | INFO     | utils.logging:log_training_results:309 - train LLLR :1.32078 * 0.1 * 0.56755
2023-04-30 14:30:41.670 | INFO     | utils.logging:log_training_results:317 - train weight decay:1928.64771 * 0.0002 * -0.67494
2023-04-30 14:31:43.993 | INFO     | utils.logging:log_training_results:280 - 
2023-04-30 14:31:43.994 | INFO     | utils.logging:log_training_results:281 - Global Step =    250
2023-04-30 14:31:43.994 | INFO     | utils.logging:log_training_results:282 - val mean(MacRec)_t: 0.7883833050727844
2023-04-30 14:31:43.995 | INFO     | utils.logging:log_training_results:287 - val mean ABSerr: 2.8509953022003174
2023-04-30 14:31:43.995 | INFO     | utils.logging:log_training_results:290 - val ausat from confmx: 0.9182464480400085
2023-04-30 14:31:43.996 | INFO     | utils.logging:log_training_results:301 - val MCE loss:1.01751 * 0.9 * 2.21247
2023-04-30 14:31:43.996 | INFO     | utils.logging:log_training_results:309 - val LLLR :0.62780 * 0.1 * 0.55642
2023-04-30 14:31:43.996 | INFO     | utils.logging:log_training_results:317 - val weight decay:1871.65906 * 0.0002 * -0.66401
2023-04-30 14:31:44.045 | INFO     | utils.checkpoint:update_and_save_result:168 - [36mBest value updated![0m
2023-04-30 14:31:44.069 | INFO     | utils.checkpoint:save_checkpoint:83 - [36mSaved checkpoint[0m at step 250.
2023-04-30 14:31:44.881 | INFO     | utils.logging:save_sdre_imgs:710 - Figures saved.
2023-04-30 14:31:45.350 | INFO     | utils.logging:log_training_results:280 - 
2023-04-30 14:31:45.350 | INFO     | utils.logging:log_training_results:281 - Global Step =    250
2023-04-30 14:31:45.351 | INFO     | utils.logging:log_training_results:282 - train mean(MacRec)_t: 0.6795833706855774
2023-04-30 14:31:45.351 | INFO     | utils.logging:log_training_results:287 - train mean ABSerr: 2.862396240234375
2023-04-30 14:31:45.352 | INFO     | utils.logging:log_training_results:290 - train ausat from confmx: 0.8149951100349426
2023-04-30 14:31:45.352 | INFO     | utils.logging:log_training_results:301 - train MCE loss:1.02363 * 0.9 * 2.21243
2023-04-30 14:31:45.352 | INFO     | utils.logging:log_training_results:309 - train LLLR :0.73585 * 0.1 * 0.55637
2023-04-30 14:31:45.353 | INFO     | utils.logging:log_training_results:317 - train weight decay:1871.65894 * 0.0002 * -0.66396
2023-04-30 14:32:18.680 | INFO     | __main__:objective:356 - Starting epoch #1.
2023-04-30 14:32:46.544 | INFO     | utils.logging:log_training_results:280 - 
2023-04-30 14:32:46.545 | INFO     | utils.logging:log_training_results:281 - Global Step =    500
2023-04-30 14:32:46.546 | INFO     | utils.logging:log_training_results:282 - val mean(MacRec)_t: 0.851276695728302
2023-04-30 14:32:46.546 | INFO     | utils.logging:log_training_results:287 - val mean ABSerr: 1.8295918703079224
2023-04-30 14:32:46.546 | INFO     | utils.logging:log_training_results:290 - val ausat from confmx: 0.9664488434791565
2023-04-30 14:32:46.547 | INFO     | utils.logging:log_training_results:301 - val MCE loss:0.92723 * 0.9 * 2.20144
2023-04-30 14:32:46.548 | INFO     | utils.logging:log_training_results:309 - val LLLR :0.38289 * 0.1 * 0.54489
2023-04-30 14:32:46.548 | INFO     | utils.logging:log_training_results:317 - val weight decay:1816.97620 * 0.0002 * -0.65296
2023-04-30 14:32:46.597 | INFO     | utils.checkpoint:update_and_save_result:168 - [36mBest value updated![0m
2023-04-30 14:32:46.618 | INFO     | utils.checkpoint:save_checkpoint:83 - [36mSaved checkpoint[0m at step 500.
2023-04-30 14:32:46.621 | INFO     | utils.checkpoint:keep_max_num_saved_models:101 - Removed the oldest model for max_to_keep=1
2023-04-30 14:32:47.430 | INFO     | utils.logging:save_sdre_imgs:710 - Figures saved.
2023-04-30 14:32:47.886 | INFO     | utils.logging:log_training_results:280 - 
2023-04-30 14:32:47.887 | INFO     | utils.logging:log_training_results:281 - Global Step =    500
2023-04-30 14:32:47.887 | INFO     | utils.logging:log_training_results:282 - train mean(MacRec)_t: 0.8082329630851746
2023-04-30 14:32:47.888 | INFO     | utils.logging:log_training_results:287 - train mean ABSerr: 1.9754078388214111
2023-04-30 14:32:47.888 | INFO     | utils.logging:log_training_results:290 - train ausat from confmx: 0.9286544919013977
2023-04-30 14:32:47.889 | INFO     | utils.logging:log_training_results:301 - train MCE loss:0.94491 * 0.9 * 2.20140
2023-04-30 14:32:47.889 | INFO     | utils.logging:log_training_results:309 - train LLLR :0.47349 * 0.1 * 0.54484
2023-04-30 14:32:47.890 | INFO     | utils.logging:log_training_results:317 - train weight decay:1816.97620 * 0.0002 * -0.65292
2023-04-30 14:33:49.437 | INFO     | utils.logging:log_training_results:280 - 
2023-04-30 14:33:49.438 | INFO     | utils.logging:log_training_results:281 - Global Step =    750
2023-04-30 14:33:49.438 | INFO     | utils.logging:log_training_results:282 - val mean(MacRec)_t: 0.8691099882125854
2023-04-30 14:33:49.439 | INFO     | utils.logging:log_training_results:287 - val mean ABSerr: 0.9521185159683228
2023-04-30 14:33:49.439 | INFO     | utils.logging:log_training_results:290 - val ausat from confmx: 0.9742300510406494
2023-04-30 14:33:49.440 | INFO     | utils.logging:log_training_results:301 - val MCE loss:0.88045 * 0.9 * 2.19036
2023-04-30 14:33:49.440 | INFO     | utils.logging:log_training_results:309 - val LLLR :0.31537 * 0.1 * 0.53328
2023-04-30 14:33:49.440 | INFO     | utils.logging:log_training_results:317 - val weight decay:1764.23889 * 0.0002 * -0.64186
2023-04-30 14:33:49.490 | INFO     | utils.checkpoint:update_and_save_result:168 - [36mBest value updated![0m
2023-04-30 14:33:49.510 | INFO     | utils.checkpoint:save_checkpoint:83 - [36mSaved checkpoint[0m at step 750.
2023-04-30 14:33:49.513 | INFO     | utils.checkpoint:keep_max_num_saved_models:101 - Removed the oldest model for max_to_keep=1
2023-04-30 14:33:50.331 | INFO     | utils.logging:save_sdre_imgs:710 - Figures saved.
2023-04-30 14:33:50.786 | INFO     | utils.logging:log_training_results:280 - 
2023-04-30 14:33:50.787 | INFO     | utils.logging:log_training_results:281 - Global Step =    750
2023-04-30 14:33:50.787 | INFO     | utils.logging:log_training_results:282 - train mean(MacRec)_t: 0.8294865489006042
2023-04-30 14:33:50.787 | INFO     | utils.logging:log_training_results:287 - train mean ABSerr: 1.3337832689285278
2023-04-30 14:33:50.788 | INFO     | utils.logging:log_training_results:290 - train ausat from confmx: 0.9428073167800903
2023-04-30 14:33:50.788 | INFO     | utils.logging:log_training_results:301 - train MCE loss:0.90070 * 0.9 * 2.19031
2023-04-30 14:33:50.789 | INFO     | utils.logging:log_training_results:309 - train LLLR :0.43707 * 0.1 * 0.53324
2023-04-30 14:33:50.789 | INFO     | utils.logging:log_training_results:317 - train weight decay:1764.23889 * 0.0002 * -0.64182
2023-04-30 14:34:02.190 | INFO     | __main__:objective:356 - Starting epoch #2.
2023-04-30 14:34:54.968 | INFO     | utils.logging:log_training_results:280 - 
2023-04-30 14:34:54.969 | INFO     | utils.logging:log_training_results:281 - Global Step =   1000
2023-04-30 14:34:54.969 | INFO     | utils.logging:log_training_results:282 - val mean(MacRec)_t: 0.8733866810798645
2023-04-30 14:34:54.970 | INFO     | utils.logging:log_training_results:287 - val mean ABSerr: 0.5585444569587708
2023-04-30 14:34:54.970 | INFO     | utils.logging:log_training_results:290 - val ausat from confmx: 0.9764307141304016
2023-04-30 14:34:54.970 | INFO     | utils.logging:log_training_results:301 - val MCE loss:0.86750 * 0.9 * 2.17927
2023-04-30 14:34:54.971 | INFO     | utils.logging:log_training_results:309 - val LLLR :0.30154 * 0.1 * 0.52171
2023-04-30 14:34:54.971 | INFO     | utils.logging:log_training_results:317 - val weight decay:1712.50000 * 0.0002 * -0.63070
2023-04-30 14:34:55.028 | INFO     | utils.checkpoint:update_and_save_result:168 - [36mBest value updated![0m
2023-04-30 14:34:55.049 | INFO     | utils.checkpoint:save_checkpoint:83 - [36mSaved checkpoint[0m at step 1000.
2023-04-30 14:34:55.051 | INFO     | utils.checkpoint:keep_max_num_saved_models:101 - Removed the oldest model for max_to_keep=1
2023-04-30 14:34:56.083 | INFO     | utils.logging:save_sdre_imgs:710 - Figures saved.
2023-04-30 14:34:56.558 | INFO     | utils.logging:log_training_results:280 - 
2023-04-30 14:34:56.559 | INFO     | utils.logging:log_training_results:281 - Global Step =   1000
2023-04-30 14:34:56.559 | INFO     | utils.logging:log_training_results:282 - train mean(MacRec)_t: 0.8300411701202393
2023-04-30 14:34:56.560 | INFO     | utils.logging:log_training_results:287 - train mean ABSerr: 1.1522395610809326
2023-04-30 14:34:56.560 | INFO     | utils.logging:log_training_results:290 - train ausat from confmx: 0.9395064115524292
2023-04-30 14:34:56.561 | INFO     | utils.logging:log_training_results:301 - train MCE loss:0.88064 * 0.9 * 2.17923
2023-04-30 14:34:56.561 | INFO     | utils.logging:log_training_results:309 - train LLLR :0.40946 * 0.1 * 0.52166
2023-04-30 14:34:56.561 | INFO     | utils.logging:log_training_results:317 - train weight decay:1712.50000 * 0.0002 * -0.63066
2023-04-30 14:35:42.569 | INFO     | __main__:objective:356 - Starting epoch #3.
2023-04-30 14:36:00.275 | INFO     | utils.logging:log_training_results:280 - 
2023-04-30 14:36:00.275 | INFO     | utils.logging:log_training_results:281 - Global Step =   1250
2023-04-30 14:36:00.276 | INFO     | utils.logging:log_training_results:282 - val mean(MacRec)_t: 0.8744333386421204
2023-04-30 14:36:00.276 | INFO     | utils.logging:log_training_results:287 - val mean ABSerr: 0.42054668068885803
2023-04-30 14:36:00.277 | INFO     | utils.logging:log_training_results:290 - val ausat from confmx: 0.9772124886512756
2023-04-30 14:36:00.278 | INFO     | utils.logging:log_training_results:301 - val MCE loss:0.86390 * 0.9 * 2.16818
2023-04-30 14:36:00.278 | INFO     | utils.logging:log_training_results:309 - val LLLR :0.29813 * 0.1 * 0.51016
2023-04-30 14:36:00.279 | INFO     | utils.logging:log_training_results:317 - val weight decay:1661.66541 * 0.0002 * -0.61950
2023-04-30 14:36:00.332 | INFO     | utils.checkpoint:update_and_save_result:168 - [36mBest value updated![0m
2023-04-30 14:36:00.352 | INFO     | utils.checkpoint:save_checkpoint:83 - [36mSaved checkpoint[0m at step 1250.
2023-04-30 14:36:00.355 | INFO     | utils.checkpoint:keep_max_num_saved_models:101 - Removed the oldest model for max_to_keep=1
2023-04-30 14:36:01.151 | INFO     | utils.logging:save_sdre_imgs:710 - Figures saved.
2023-04-30 14:36:01.619 | INFO     | utils.logging:log_training_results:280 - 
2023-04-30 14:36:01.620 | INFO     | utils.logging:log_training_results:281 - Global Step =   1250
2023-04-30 14:36:01.620 | INFO     | utils.logging:log_training_results:282 - train mean(MacRec)_t: 0.8640029430389404
2023-04-30 14:36:01.620 | INFO     | utils.logging:log_training_results:287 - train mean ABSerr: 1.113405704498291
2023-04-30 14:36:01.621 | INFO     | utils.logging:log_training_results:290 - train ausat from confmx: 0.9634703993797302
2023-04-30 14:36:01.621 | INFO     | utils.logging:log_training_results:301 - train MCE loss:0.87242 * 0.9 * 2.16814
2023-04-30 14:36:01.621 | INFO     | utils.logging:log_training_results:309 - train LLLR :0.34309 * 0.1 * 0.51011
2023-04-30 14:36:01.622 | INFO     | utils.logging:log_training_results:317 - train weight decay:1661.66541 * 0.0002 * -0.61945
2023-04-30 14:37:04.303 | INFO     | utils.logging:log_training_results:280 - 
2023-04-30 14:37:04.304 | INFO     | utils.logging:log_training_results:281 - Global Step =   1500
2023-04-30 14:37:04.304 | INFO     | utils.logging:log_training_results:282 - val mean(MacRec)_t: 0.8745866417884827
2023-04-30 14:37:04.305 | INFO     | utils.logging:log_training_results:287 - val mean ABSerr: 0.348945289850235
2023-04-30 14:37:04.305 | INFO     | utils.logging:log_training_results:290 - val ausat from confmx: 0.9770019054412842
2023-04-30 14:37:04.306 | INFO     | utils.logging:log_training_results:301 - val MCE loss:0.86226 * 0.9 * 2.15710
2023-04-30 14:37:04.306 | INFO     | utils.logging:log_training_results:309 - val LLLR :0.29713 * 0.1 * 0.49860
2023-04-30 14:37:04.306 | INFO     | utils.logging:log_training_results:317 - val weight decay:1611.91455 * 0.0002 * -0.60825
2023-04-30 14:37:04.361 | INFO     | utils.checkpoint:update_and_save_result:168 - [36mBest value updated![0m
2023-04-30 14:37:04.382 | INFO     | utils.checkpoint:save_checkpoint:83 - [36mSaved checkpoint[0m at step 1500.
2023-04-30 14:37:04.386 | INFO     | utils.checkpoint:keep_max_num_saved_models:101 - Removed the oldest model for max_to_keep=1
2023-04-30 14:37:05.194 | INFO     | utils.logging:save_sdre_imgs:710 - Figures saved.
2023-04-30 14:37:05.631 | INFO     | utils.logging:log_training_results:280 - 
2023-04-30 14:37:05.632 | INFO     | utils.logging:log_training_results:281 - Global Step =   1500
2023-04-30 14:37:05.632 | INFO     | utils.logging:log_training_results:282 - train mean(MacRec)_t: 0.8357899188995361
2023-04-30 14:37:05.633 | INFO     | utils.logging:log_training_results:287 - train mean ABSerr: 1.0548315048217773
2023-04-30 14:37:05.633 | INFO     | utils.logging:log_training_results:290 - train ausat from confmx: 0.9466056227684021
2023-04-30 14:37:05.634 | INFO     | utils.logging:log_training_results:301 - train MCE loss:0.87497 * 0.9 * 2.15705
2023-04-30 14:37:05.634 | INFO     | utils.logging:log_training_results:309 - train LLLR :0.41299 * 0.1 * 0.49855
2023-04-30 14:37:05.634 | INFO     | utils.logging:log_training_results:317 - train weight decay:1611.91455 * 0.0002 * -0.60820
2023-04-30 14:37:27.783 | INFO     | __main__:objective:356 - Starting epoch #4.
2023-04-30 14:38:07.264 | INFO     | utils.logging:log_training_results:280 - 
2023-04-30 14:38:07.265 | INFO     | utils.logging:log_training_results:281 - Global Step =   1750
2023-04-30 14:38:07.265 | INFO     | utils.logging:log_training_results:282 - val mean(MacRec)_t: 0.8756733536720276
2023-04-30 14:38:07.266 | INFO     | utils.logging:log_training_results:287 - val mean ABSerr: 0.32624027132987976
2023-04-30 14:38:07.266 | INFO     | utils.logging:log_training_results:290 - val ausat from confmx: 0.9779759049415588
2023-04-30 14:38:07.267 | INFO     | utils.logging:log_training_results:301 - val MCE loss:0.86162 * 0.9 * 2.14601
2023-04-30 14:38:07.267 | INFO     | utils.logging:log_training_results:309 - val LLLR :0.29564 * 0.1 * 0.48702
2023-04-30 14:38:07.267 | INFO     | utils.logging:log_training_results:317 - val weight decay:1562.90796 * 0.0002 * -0.59696
2023-04-30 14:38:07.316 | INFO     | utils.checkpoint:update_and_save_result:168 - [36mBest value updated![0m
2023-04-30 14:38:07.336 | INFO     | utils.checkpoint:save_checkpoint:83 - [36mSaved checkpoint[0m at step 1750.
2023-04-30 14:38:07.339 | INFO     | utils.checkpoint:keep_max_num_saved_models:101 - Removed the oldest model for max_to_keep=1
2023-04-30 14:38:08.168 | INFO     | utils.logging:save_sdre_imgs:710 - Figures saved.
2023-04-30 14:38:08.612 | INFO     | utils.logging:log_training_results:280 - 
2023-04-30 14:38:08.612 | INFO     | utils.logging:log_training_results:281 - Global Step =   1750
2023-04-30 14:38:08.613 | INFO     | utils.logging:log_training_results:282 - train mean(MacRec)_t: 0.8716281056404114
2023-04-30 14:38:08.613 | INFO     | utils.logging:log_training_results:287 - train mean ABSerr: 0.977876603603363
2023-04-30 14:38:08.613 | INFO     | utils.logging:log_training_results:290 - train ausat from confmx: 0.970007598400116
2023-04-30 14:38:08.614 | INFO     | utils.logging:log_training_results:301 - train MCE loss:0.85138 * 0.9 * 2.14597
2023-04-30 14:38:08.614 | INFO     | utils.logging:log_training_results:309 - train LLLR :0.31807 * 0.1 * 0.48697
2023-04-30 14:38:08.615 | INFO     | utils.logging:log_training_results:317 - train weight decay:1562.90796 * 0.0002 * -0.59691
2023-04-30 14:39:04.367 | INFO     | __main__:objective:356 - Starting epoch #5.
2023-04-30 14:39:10.264 | INFO     | utils.logging:log_training_results:280 - 
2023-04-30 14:39:10.264 | INFO     | utils.logging:log_training_results:281 - Global Step =   2000
2023-04-30 14:39:10.265 | INFO     | utils.logging:log_training_results:282 - val mean(MacRec)_t: 0.8757400512695312
2023-04-30 14:39:10.265 | INFO     | utils.logging:log_training_results:287 - val mean ABSerr: 0.3488999903202057
2023-04-30 14:39:10.266 | INFO     | utils.logging:log_training_results:290 - val ausat from confmx: 0.9773924946784973
2023-04-30 14:39:10.266 | INFO     | utils.logging:log_training_results:301 - val MCE loss:0.86192 * 0.9 * 2.13492
2023-04-30 14:39:10.267 | INFO     | utils.logging:log_training_results:309 - val LLLR :0.29537 * 0.1 * 0.47542
2023-04-30 14:39:10.267 | INFO     | utils.logging:log_training_results:317 - val weight decay:1514.63220 * 0.0002 * -0.58563
2023-04-30 14:39:10.321 | INFO     | utils.checkpoint:update_and_save_result:168 - [36mBest value updated![0m
2023-04-30 14:39:10.341 | INFO     | utils.checkpoint:save_checkpoint:83 - [36mSaved checkpoint[0m at step 2000.
2023-04-30 14:39:10.345 | INFO     | utils.checkpoint:keep_max_num_saved_models:101 - Removed the oldest model for max_to_keep=1
2023-04-30 14:39:11.151 | INFO     | utils.logging:save_sdre_imgs:710 - Figures saved.
2023-04-30 14:39:11.586 | INFO     | utils.logging:log_training_results:280 - 
2023-04-30 14:39:11.587 | INFO     | utils.logging:log_training_results:281 - Global Step =   2000
2023-04-30 14:39:11.587 | INFO     | utils.logging:log_training_results:282 - train mean(MacRec)_t: 0.8570156693458557
2023-04-30 14:39:11.587 | INFO     | utils.logging:log_training_results:287 - train mean ABSerr: 1.0108877420425415
2023-04-30 14:39:11.588 | INFO     | utils.logging:log_training_results:290 - train ausat from confmx: 0.9785741567611694
2023-04-30 14:39:11.588 | INFO     | utils.logging:log_training_results:301 - train MCE loss:0.84859 * 0.9 * 2.13488
2023-04-30 14:39:11.589 | INFO     | utils.logging:log_training_results:309 - train LLLR :0.34640 * 0.1 * 0.47537
2023-04-30 14:39:11.589 | INFO     | utils.logging:log_training_results:317 - train weight decay:1514.63208 * 0.0002 * -0.58558
2023-04-30 14:40:12.324 | INFO     | utils.logging:log_training_results:280 - 
2023-04-30 14:40:12.325 | INFO     | utils.logging:log_training_results:281 - Global Step =   2250
2023-04-30 14:40:12.325 | INFO     | utils.logging:log_training_results:282 - val mean(MacRec)_t: 0.8756367564201355
2023-04-30 14:40:12.325 | INFO     | utils.logging:log_training_results:287 - val mean ABSerr: 0.32240116596221924
2023-04-30 14:40:12.326 | INFO     | utils.logging:log_training_results:290 - val ausat from confmx: 0.9774884581565857
2023-04-30 14:40:12.327 | INFO     | utils.logging:log_training_results:301 - val MCE loss:0.86142 * 0.9 * 2.12384
2023-04-30 14:40:12.327 | INFO     | utils.logging:log_training_results:309 - val LLLR :0.29560 * 0.1 * 0.46378
2023-04-30 14:40:12.328 | INFO     | utils.logging:log_training_results:317 - val weight decay:1467.49805 * 0.0002 * -0.57427
2023-04-30 14:40:13.185 | INFO     | utils.logging:save_sdre_imgs:710 - Figures saved.
2023-04-30 14:40:13.643 | INFO     | utils.logging:log_training_results:280 - 
2023-04-30 14:40:13.644 | INFO     | utils.logging:log_training_results:281 - Global Step =   2250
2023-04-30 14:40:13.644 | INFO     | utils.logging:log_training_results:282 - train mean(MacRec)_t: 0.8251069188117981
2023-04-30 14:40:13.645 | INFO     | utils.logging:log_training_results:287 - train mean ABSerr: 0.9717103838920593
2023-04-30 14:40:13.645 | INFO     | utils.logging:log_training_results:290 - train ausat from confmx: 0.9510834217071533
2023-04-30 14:40:13.646 | INFO     | utils.logging:log_training_results:301 - train MCE loss:0.88091 * 0.9 * 2.12379
2023-04-30 14:40:13.646 | INFO     | utils.logging:log_training_results:309 - train LLLR :0.42722 * 0.1 * 0.46374
2023-04-30 14:40:13.647 | INFO     | utils.logging:log_training_results:317 - train weight decay:1467.49805 * 0.0002 * -0.57423
2023-04-30 14:40:46.242 | INFO     | __main__:objective:356 - Starting epoch #6.
2023-04-30 14:41:14.088 | INFO     | utils.logging:log_training_results:280 - 
2023-04-30 14:41:14.089 | INFO     | utils.logging:log_training_results:281 - Global Step =   2500
2023-04-30 14:41:14.089 | INFO     | utils.logging:log_training_results:282 - val mean(MacRec)_t: 0.8749499917030334
2023-04-30 14:41:14.090 | INFO     | utils.logging:log_training_results:287 - val mean ABSerr: 0.319566011428833
2023-04-30 14:41:14.090 | INFO     | utils.logging:log_training_results:290 - val ausat from confmx: 0.9763277173042297
2023-04-30 14:41:14.091 | INFO     | utils.logging:log_training_results:301 - val MCE loss:0.86130 * 0.9 * 2.11275
2023-04-30 14:41:14.091 | INFO     | utils.logging:log_training_results:309 - val LLLR :0.29620 * 0.1 * 0.45212
2023-04-30 14:41:14.092 | INFO     | utils.logging:log_training_results:317 - val weight decay:1421.35278 * 0.0002 * -0.56289
2023-04-30 14:41:14.968 | INFO     | utils.logging:save_sdre_imgs:710 - Figures saved.
2023-04-30 14:41:15.424 | INFO     | utils.logging:log_training_results:280 - 
2023-04-30 14:41:15.425 | INFO     | utils.logging:log_training_results:281 - Global Step =   2500
2023-04-30 14:41:15.425 | INFO     | utils.logging:log_training_results:282 - train mean(MacRec)_t: 0.8428305387496948
2023-04-30 14:41:15.425 | INFO     | utils.logging:log_training_results:287 - train mean ABSerr: 0.9508264064788818
2023-04-30 14:41:15.426 | INFO     | utils.logging:log_training_results:290 - train ausat from confmx: 0.9496340751647949
2023-04-30 14:41:15.426 | INFO     | utils.logging:log_training_results:301 - train MCE loss:0.88674 * 0.9 * 2.11271
2023-04-30 14:41:15.427 | INFO     | utils.logging:log_training_results:309 - train LLLR :0.35912 * 0.1 * 0.45207
2023-04-30 14:41:15.427 | INFO     | utils.logging:log_training_results:317 - train weight decay:1421.35266 * 0.0002 * -0.56285
2023-04-30 14:42:16.352 | INFO     | utils.logging:log_training_results:280 - 
2023-04-30 14:42:16.353 | INFO     | utils.logging:log_training_results:281 - Global Step =   2750
2023-04-30 14:42:16.353 | INFO     | utils.logging:log_training_results:282 - val mean(MacRec)_t: 0.8758500218391418
2023-04-30 14:42:16.353 | INFO     | utils.logging:log_training_results:287 - val mean ABSerr: 0.3233985900878906
2023-04-30 14:42:16.354 | INFO     | utils.logging:log_training_results:290 - val ausat from confmx: 0.9766719937324524
2023-04-30 14:42:16.355 | INFO     | utils.logging:log_training_results:301 - val MCE loss:0.86106 * 0.9 * 2.10167
2023-04-30 14:42:16.355 | INFO     | utils.logging:log_training_results:309 - val LLLR :0.29493 * 0.1 * 0.44042
2023-04-30 14:42:16.356 | INFO     | utils.logging:log_training_results:317 - val weight decay:1376.27039 * 0.0002 * -0.55149
2023-04-30 14:42:16.409 | INFO     | utils.checkpoint:update_and_save_result:168 - [36mBest value updated![0m
2023-04-30 14:42:16.428 | INFO     | utils.checkpoint:save_checkpoint:83 - [36mSaved checkpoint[0m at step 2750.
2023-04-30 14:42:16.430 | INFO     | utils.checkpoint:keep_max_num_saved_models:101 - Removed the oldest model for max_to_keep=1
2023-04-30 14:42:17.470 | INFO     | utils.logging:save_sdre_imgs:710 - Figures saved.
2023-04-30 14:42:17.920 | INFO     | utils.logging:log_training_results:280 - 
2023-04-30 14:42:17.920 | INFO     | utils.logging:log_training_results:281 - Global Step =   2750
2023-04-30 14:42:17.921 | INFO     | utils.logging:log_training_results:282 - train mean(MacRec)_t: 0.8229010105133057
2023-04-30 14:42:17.921 | INFO     | utils.logging:log_training_results:287 - train mean ABSerr: 0.9559858441352844
2023-04-30 14:42:17.921 | INFO     | utils.logging:log_training_results:290 - train ausat from confmx: 0.9680706858634949
2023-04-30 14:42:17.922 | INFO     | utils.logging:log_training_results:301 - train MCE loss:0.86339 * 0.9 * 2.10162
2023-04-30 14:42:17.922 | INFO     | utils.logging:log_training_results:309 - train LLLR :0.45525 * 0.1 * 0.44037
2023-04-30 14:42:17.923 | INFO     | utils.logging:log_training_results:317 - train weight decay:1376.27039 * 0.0002 * -0.55145
2023-04-30 14:42:28.821 | INFO     | __main__:objective:356 - Starting epoch #7.
2023-04-30 14:43:18.195 | INFO     | utils.logging:log_training_results:280 - 
2023-04-30 14:43:18.196 | INFO     | utils.logging:log_training_results:281 - Global Step =   3000
2023-04-30 14:43:18.197 | INFO     | utils.logging:log_training_results:282 - val mean(MacRec)_t: 0.8756600022315979
2023-04-30 14:43:18.197 | INFO     | utils.logging:log_training_results:287 - val mean ABSerr: 0.32351869344711304
2023-04-30 14:43:18.197 | INFO     | utils.logging:log_training_results:290 - val ausat from confmx: 0.9769937992095947
2023-04-30 14:43:18.198 | INFO     | utils.logging:log_training_results:301 - val MCE loss:0.86121 * 0.9 * 2.09058
2023-04-30 14:43:18.198 | INFO     | utils.logging:log_training_results:309 - val LLLR :0.29517 * 0.1 * 0.42870
2023-04-30 14:43:18.199 | INFO     | utils.logging:log_training_results:317 - val weight decay:1332.45703 * 0.0002 * -0.54008
2023-04-30 14:43:19.065 | INFO     | utils.logging:save_sdre_imgs:710 - Figures saved.
2023-04-30 14:43:19.507 | INFO     | utils.logging:log_training_results:280 - 
2023-04-30 14:43:19.508 | INFO     | utils.logging:log_training_results:281 - Global Step =   3000
2023-04-30 14:43:19.508 | INFO     | utils.logging:log_training_results:282 - train mean(MacRec)_t: 0.8465532660484314
2023-04-30 14:43:19.509 | INFO     | utils.logging:log_training_results:287 - train mean ABSerr: 1.0024893283843994
2023-04-30 14:43:19.509 | INFO     | utils.logging:log_training_results:290 - train ausat from confmx: 0.9646865725517273
2023-04-30 14:43:19.509 | INFO     | utils.logging:log_training_results:301 - train MCE loss:0.87571 * 0.9 * 2.09053
2023-04-30 14:43:19.510 | INFO     | utils.logging:log_training_results:309 - train LLLR :0.37269 * 0.1 * 0.42866
2023-04-30 14:43:19.510 | INFO     | utils.logging:log_training_results:317 - train weight decay:1332.45703 * 0.0002 * -0.54003
2023-04-30 14:44:03.065 | INFO     | __main__:objective:356 - Starting epoch #8.
2023-04-30 14:44:19.775 | INFO     | utils.logging:log_training_results:280 - 
2023-04-30 14:44:19.776 | INFO     | utils.logging:log_training_results:281 - Global Step =   3250
2023-04-30 14:44:19.776 | INFO     | utils.logging:log_training_results:282 - val mean(MacRec)_t: 0.8755700588226318
2023-04-30 14:44:19.776 | INFO     | utils.logging:log_training_results:287 - val mean ABSerr: 0.3080799877643585
2023-04-30 14:44:19.777 | INFO     | utils.logging:log_training_results:290 - val ausat from confmx: 0.9768121242523193
2023-04-30 14:44:19.777 | INFO     | utils.logging:log_training_results:301 - val MCE loss:0.86076 * 0.9 * 2.07949
2023-04-30 14:44:19.778 | INFO     | utils.logging:log_training_results:309 - val LLLR :0.29502 * 0.1 * 0.41695
2023-04-30 14:44:19.778 | INFO     | utils.logging:log_training_results:317 - val weight decay:1290.05725 * 0.0002 * -0.52865
2023-04-30 14:44:20.618 | INFO     | utils.logging:save_sdre_imgs:710 - Figures saved.
2023-04-30 14:44:21.068 | INFO     | utils.logging:log_training_results:280 - 
2023-04-30 14:44:21.068 | INFO     | utils.logging:log_training_results:281 - Global Step =   3250
2023-04-30 14:44:21.069 | INFO     | utils.logging:log_training_results:282 - train mean(MacRec)_t: 0.8471598625183105
2023-04-30 14:44:21.069 | INFO     | utils.logging:log_training_results:287 - train mean ABSerr: 0.944429874420166
2023-04-30 14:44:21.069 | INFO     | utils.logging:log_training_results:290 - train ausat from confmx: 0.977078378200531
2023-04-30 14:44:21.070 | INFO     | utils.logging:log_training_results:301 - train MCE loss:0.88385 * 0.9 * 2.07945
2023-04-30 14:44:21.070 | INFO     | utils.logging:log_training_results:309 - train LLLR :0.40143 * 0.1 * 0.41691
2023-04-30 14:44:21.070 | INFO     | utils.logging:log_training_results:317 - train weight decay:1290.05725 * 0.0002 * -0.52860
2023-04-30 14:45:21.730 | INFO     | utils.logging:log_training_results:280 - 
2023-04-30 14:45:21.731 | INFO     | utils.logging:log_training_results:281 - Global Step =   3500
2023-04-30 14:45:21.732 | INFO     | utils.logging:log_training_results:282 - val mean(MacRec)_t: 0.875540018081665
2023-04-30 14:45:21.732 | INFO     | utils.logging:log_training_results:287 - val mean ABSerr: 0.3055350184440613
2023-04-30 14:45:21.732 | INFO     | utils.logging:log_training_results:290 - val ausat from confmx: 0.9762958288192749
2023-04-30 14:45:21.733 | INFO     | utils.logging:log_training_results:301 - val MCE loss:0.86062 * 0.9 * 2.06841
2023-04-30 14:45:21.733 | INFO     | utils.logging:log_training_results:309 - val LLLR :0.29491 * 0.1 * 0.40517
2023-04-30 14:45:21.734 | INFO     | utils.logging:log_training_results:317 - val weight decay:1249.02979 * 0.0002 * -0.51722
2023-04-30 14:45:22.635 | INFO     | utils.logging:save_sdre_imgs:710 - Figures saved.
2023-04-30 14:45:23.078 | INFO     | utils.logging:log_training_results:280 - 
2023-04-30 14:45:23.079 | INFO     | utils.logging:log_training_results:281 - Global Step =   3500
2023-04-30 14:45:23.079 | INFO     | utils.logging:log_training_results:282 - train mean(MacRec)_t: 0.8534253239631653
2023-04-30 14:45:23.079 | INFO     | utils.logging:log_training_results:287 - train mean ABSerr: 0.8893160820007324
2023-04-30 14:45:23.080 | INFO     | utils.logging:log_training_results:290 - train ausat from confmx: 0.9611156582832336
2023-04-30 14:45:23.080 | INFO     | utils.logging:log_training_results:301 - train MCE loss:0.87302 * 0.9 * 2.06836
2023-04-30 14:45:23.081 | INFO     | utils.logging:log_training_results:309 - train LLLR :0.37439 * 0.1 * 0.40513
2023-04-30 14:45:23.081 | INFO     | utils.logging:log_training_results:317 - train weight decay:1249.02979 * 0.0002 * -0.51717
2023-04-30 14:45:44.844 | INFO     | __main__:objective:356 - Starting epoch #9.
2023-04-30 14:46:22.912 | INFO     | utils.logging:log_training_results:280 - 
2023-04-30 14:46:22.913 | INFO     | utils.logging:log_training_results:281 - Global Step =   3750
2023-04-30 14:46:22.913 | INFO     | utils.logging:log_training_results:282 - val mean(MacRec)_t: 0.8757133483886719
2023-04-30 14:46:22.914 | INFO     | utils.logging:log_training_results:287 - val mean ABSerr: 0.2927202880382538
2023-04-30 14:46:22.914 | INFO     | utils.logging:log_training_results:290 - val ausat from confmx: 0.9773803949356079
2023-04-30 14:46:22.915 | INFO     | utils.logging:log_training_results:301 - val MCE loss:0.86026 * 0.9 * 2.05732
2023-04-30 14:46:22.915 | INFO     | utils.logging:log_training_results:309 - val LLLR :0.29481 * 0.1 * 0.39336
2023-04-30 14:46:22.916 | INFO     | utils.logging:log_training_results:317 - val weight decay:1209.56604 * 0.0002 * -0.50579
2023-04-30 14:46:23.775 | INFO     | utils.logging:save_sdre_imgs:710 - Figures saved.
2023-04-30 14:46:24.207 | INFO     | utils.logging:log_training_results:280 - 
2023-04-30 14:46:24.208 | INFO     | utils.logging:log_training_results:281 - Global Step =   3750
2023-04-30 14:46:24.208 | INFO     | utils.logging:log_training_results:282 - train mean(MacRec)_t: 0.8737354874610901
2023-04-30 14:46:24.209 | INFO     | utils.logging:log_training_results:287 - train mean ABSerr: 0.9397392868995667
2023-04-30 14:46:24.209 | INFO     | utils.logging:log_training_results:290 - train ausat from confmx: 0.9788220524787903
2023-04-30 14:46:24.209 | INFO     | utils.logging:log_training_results:301 - train MCE loss:0.86561 * 0.9 * 2.05727
2023-04-30 14:46:24.210 | INFO     | utils.logging:log_training_results:309 - train LLLR :0.31631 * 0.1 * 0.39332
2023-04-30 14:46:24.210 | INFO     | utils.logging:log_training_results:317 - train weight decay:1209.56604 * 0.0002 * -0.50575
2023-04-30 14:47:18.728 | INFO     | utils.logging:investigate_log:155 - num_warning=0/num_error=0 in the .log file.
2023-04-30 14:47:18.925 | INFO     | optuna.study.study:_log_completed_trial:1020 - Trial 21 finished with value: 0.12414997816085815 and parameters: {'LIST_IS_POSITIONAL_ENCODING': False, 'LIST_MODEL_BACKBONE': 'Transformer', 'LIST_WEIGHT_DECAY': 0.0002, 'LIST_LEARNING_RATE': 4.3757633360558113e-05, 'LIST_LLLR_VERSION': 'LSEL', 'LIST_ACTIVATION_FC': 'B2BsqrtV2', 'LIST_PARAM_MULTIPLET_LOSS': 0.9, 'LIST_PARAM_LLR_LOSS': 0.1, 'LIST_IS_ADAPTIVE_LOSS': True, 'LIST_ORDER_SPRT': 5, 'LIST_OPTIMIZER': 'adam', 'LIST_IS_NORMALIZE': False, 'LIST_NUM_THRESH': 500, 'LIST_SPARSITY': 'logspace', 'LIST_NUM_BLOCKS': 2, 'LIST_NUM_HEADS': 4, 'LIST_DROPOUT': 0.30000000000000004, 'LIST_FF_DIM': 64, 'LIST_MLP_UNITS': 64}. Best is trial 16 with value: 0.12354999780654907.
2023-04-30 14:47:18.942 | INFO     | utils.hyperparameter_tuning:suggest_parameters:560 - [33mStarting a tuning phase.[0m
2023-04-30 14:47:19.398 | INFO     | utils.hyperparameter_tuning:print:394 - 
+------------------------------------------+
|   Hyperparameteres suggested by Optuna   |
+------------------------+-----------------+
|     Parameter name     | Suggested value |
+------------------------+-----------------+
|     ACTIVATION_FC      |    B2BsqrtV2    |
|        DROPOUT         |       0.2       |
|         FF_DIM         |        64       |
|    IS_ADAPTIVE_LOSS    |       True      |
|      IS_NORMALIZE      |      False      |
| IS_POSITIONAL_ENCODING |      False      |
|     LEARNING_RATE      |    5.2239e-05   |
|      LLLR_VERSION      |       LSEL      |
|       MLP_UNITS        |        64       |
|     MODEL_BACKBONE     |   Transformer   |
|       NUM_BLOCKS       |        2        |
|       NUM_HEADS        |        4        |
|       NUM_THRESH       |       500       |
|       OPTIMIZER        |       adam      |
|       ORDER_SPRT       |        5        |
|     PARAM_LLR_LOSS     |       0.1       |
|  PARAM_MULTIPLET_LOSS  |       1.0       |
|        SPARSITY        |     logspace    |
|      WEIGHT_DECAY      |      0.0001     |
+------------------------+-----------------+
2023-04-30 14:47:19.399 | INFO     | utils.misc:create_directories_and_log:291 - [33mA new log directory was created: [0m/home/afe/Dropbox/GitHub/SPRT-TANDEM-PyTorch/logs/public_offset0_5_optimmacrec_tuning/checkpoints/Transformer_20230430_144719398/configs
2023-04-30 14:47:19.400 | INFO     | utils.misc:create_directories_and_log:291 - [33mA new log directory was created: [0m/home/afe/Dropbox/GitHub/SPRT-TANDEM-PyTorch/logs/public_offset0_5_optimmacrec_tuning/TensorBoard_events/Transformer_20230430_144719398
