2023-05-01 04:37:13.808 | INFO     | utils.misc:fix_random_seed:405 - Random seed is not fixed.
2023-05-01 04:37:13.835 | INFO     | models.temporal_integrators:summarize:568 - 
:'######::'########::'########::'########::::::::::::::::::::::
'##... ##: ##.... ##: ##.... ##:... ##..:::::::::::::::::::::::
 ##:::..:: ##:::: ##: ##:::: ##:::: ##:::::::::::::::::::::::::
. ######:: ########:: ########::::: ##::::'#######:::::::::::::
:..... ##: ##.....::: ##.. ##:::::: ##::::........:::::::::::::
'##::: ##: ##:::::::: ##::. ##::::: ##:::::::::::::::::::::::::
. ######:: ##:::::::: ##:::. ##:::: ##:::::::::::::::::::::::::
:......:::..:::::::::..:::::..:::::..::::::::::::::::::::::::::
'########::::'###::::'##::: ##:'########::'########:'##::::'##:
... ##..::::'## ##::: ###:: ##: ##.... ##: ##.....:: ###::'###:
::: ##:::::'##:. ##:: ####: ##: ##:::: ##: ##::::::: ####'####:
::: ##::::'##:::. ##: ## ## ##: ##:::: ##: ######::: ## ### ##:
::: ##:::: #########: ##. ####: ##:::: ##: ##...:::: ##. #: ##:
::: ##:::: ##.... ##: ##:. ###: ##:::: ##: ##::::::: ##:.:: ##:
::: ##:::: ##:::: ##: ##::. ##: ########:: ########: ##:::: ##:
:::..:::::..:::::..::..::::..::........:::........::..:::::..::

2023-05-01 04:37:13.836 | INFO     | models.temporal_integrators:summarize:571 - [34mofficial PyTorch implementation.[0m
2023-05-01 04:37:15.625 | INFO     | models.temporal_integrators:summarize:593 - Network summary:
===============================================================================================
Layer (type:depth-idx)                        Output Shape              Param #
===============================================================================================
TANDEMformer                                  [150, 50, 3, 3]           771
├─TransformerEncoder: 1-1                     [6750, 1, 128]            --
│    └─ModuleList: 2-6                        --                        (recursive)
│    │    └─TransformerEncoderLayer: 3-1      [6750, 1, 128]            83,136
│    │    └─TransformerEncoderLayer: 3-2      [6750, 1, 128]            83,136
├─Linear: 1-2                                 [6750, 64]                8,256
├─Dropout: 1-3                                [6750, 64]                --
├─TransformerEncoder: 1-4                     [6750, 2, 128]            (recursive)
│    └─ModuleList: 2-6                        --                        (recursive)
│    │    └─TransformerEncoderLayer: 3-3      [6750, 2, 128]            (recursive)
│    │    └─TransformerEncoderLayer: 3-4      [6750, 2, 128]            (recursive)
├─Linear: 1-5                                 [6750, 64]                (recursive)
├─Dropout: 1-6                                [6750, 64]                --
├─TransformerEncoder: 1-7                     [6750, 3, 128]            (recursive)
│    └─ModuleList: 2-6                        --                        (recursive)
│    │    └─TransformerEncoderLayer: 3-5      [6750, 3, 128]            (recursive)
│    │    └─TransformerEncoderLayer: 3-6      [6750, 3, 128]            (recursive)
├─Linear: 1-8                                 [6750, 64]                (recursive)
├─Dropout: 1-9                                [6750, 64]                --
├─TransformerEncoder: 1-10                    [6750, 4, 128]            (recursive)
│    └─ModuleList: 2-6                        --                        (recursive)
│    │    └─TransformerEncoderLayer: 3-7      [6750, 4, 128]            (recursive)
│    │    └─TransformerEncoderLayer: 3-8      [6750, 4, 128]            (recursive)
├─Linear: 1-11                                [6750, 64]                (recursive)
├─Dropout: 1-12                               [6750, 64]                --
├─TransformerEncoder: 1-13                    [6750, 5, 128]            (recursive)
│    └─ModuleList: 2-6                        --                        (recursive)
│    │    └─TransformerEncoderLayer: 3-9      [6750, 5, 128]            (recursive)
│    │    └─TransformerEncoderLayer: 3-10     [6750, 5, 128]            (recursive)
├─Linear: 1-14                                [6750, 64]                (recursive)
├─Dropout: 1-15                               [6750, 64]                --
├─TransformerEncoder: 1-16                    [6750, 6, 128]            (recursive)
│    └─ModuleList: 2-6                        --                        (recursive)
│    │    └─TransformerEncoderLayer: 3-11     [6750, 6, 128]            (recursive)
│    │    └─TransformerEncoderLayer: 3-12     [6750, 6, 128]            (recursive)
├─Linear: 1-17                                [6750, 64]                (recursive)
├─Dropout: 1-18                               [6750, 64]                --
├─Linear: 1-19                                [6750, 3]                 195
├─Linear: 1-20                                [6750, 3]                 (recursive)
├─Linear: 1-21                                [6750, 3]                 (recursive)
├─Linear: 1-22                                [6750, 3]                 (recursive)
├─Linear: 1-23                                [6750, 3]                 (recursive)
├─Linear: 1-24                                [6750, 3]                 (recursive)
===============================================================================================
Total params: 175,494
Trainable params: 175,494
Non-trainable params: 0
Total mult-adds (G): 1.73
===============================================================================================
Input size (MB): 3.84
Forward/backward pass size (MB): 1037.77
Params size (MB): 0.17
Estimated Total Size (MB): 1041.78
===============================================================================================
2023-05-01 04:37:15.625 | INFO     | models.temporal_integrators:summarize:594 - Example input shape: torch.Size([150, 50, 128])
2023-05-01 04:37:15.626 | INFO     | models.temporal_integrators:summarize:595 - Example output shape: torch.Size([150, 50, 3, 3])
2023-05-01 04:37:15.628 | INFO     | models.temporal_integrators:import_model:58 - model moved onto: [33mcuda.[0m
2023-05-01 04:37:15.629 | INFO     | models.optimizers:initialize_optimizer:44 - Optimizer:
AdamW (
Parameter Group 0
    amsgrad: False
    betas: (0.9, 0.999)
    capturable: False
    differentiable: False
    eps: 1e-08
    foreach: None
    fused: None
    lr: 3.386755053459101e-05
    maximize: False
    weight_decay: 0.00030000000000000003
)
2023-05-01 04:37:15.629 | INFO     | datasets.data_processing:lmdb_dataloaders:293 - loading data... 
2023-05-01 04:37:15.630 | INFO     | datasets.data_processing:lmdb_dataloaders:295 - If this process takes long, consider setting is_load_onto_memory=False or use LMDBIterableDataset.
2023-05-01 04:37:18.457 | INFO     | __main__:objective:357 - Starting epoch #0.
2023-05-01 04:37:28.959 | INFO     | utils.logging:log_training_results:280 - 
2023-05-01 04:37:28.959 | INFO     | utils.logging:log_training_results:281 - Global Step =      0
2023-05-01 04:37:28.960 | INFO     | utils.logging:log_training_results:282 - val mean(MacRec)_t: 0.36923331022262573
2023-05-01 04:37:28.960 | INFO     | utils.logging:log_training_results:287 - val mean ABSerr: 3.4716036319732666
2023-05-01 04:37:28.961 | INFO     | utils.logging:log_training_results:290 - val ausat from confmx: 0.39091354608535767
2023-05-01 04:37:28.961 | INFO     | utils.logging:log_training_results:301 - val MCE loss:1.09836 * 1.0 * -2.05535
2023-05-01 04:37:28.961 | INFO     | utils.logging:log_training_results:309 - val LLLR :1.10536 * 0.0 * 0.10955
2023-05-01 04:37:28.962 | INFO     | utils.logging:log_training_results:317 - val weight decay:1892.07703 * 0.00030000000000000003 * -0.05940
2023-05-01 04:37:30.943 | INFO     | utils.logging:save_sdre_imgs:710 - Figures saved.
2023-05-01 04:37:31.518 | INFO     | utils.logging:log_training_results:280 - 
2023-05-01 04:37:31.519 | INFO     | utils.logging:log_training_results:281 - Global Step =      0
2023-05-01 04:37:31.519 | INFO     | utils.logging:log_training_results:282 - train mean(MacRec)_t: 0.3466724455356598
2023-05-01 04:37:31.519 | INFO     | utils.logging:log_training_results:287 - train mean ABSerr: 3.376681089401245
2023-05-01 04:37:31.520 | INFO     | utils.logging:log_training_results:290 - train ausat from confmx: 0.3763299882411957
2023-05-01 04:37:31.520 | INFO     | utils.logging:log_training_results:301 - train MCE loss:1.09941 * 1.0 * -2.05532
2023-05-01 04:37:31.521 | INFO     | utils.logging:log_training_results:309 - train LLLR :1.33400 * 0.0 * 0.10952
2023-05-01 04:37:31.521 | INFO     | utils.logging:log_training_results:317 - train weight decay:1892.07690 * 0.00030000000000000003 * -0.05944
2023-05-01 04:38:54.136 | INFO     | utils.logging:log_training_results:280 - 
2023-05-01 04:38:54.137 | INFO     | utils.logging:log_training_results:281 - Global Step =    250
2023-05-01 04:38:54.138 | INFO     | utils.logging:log_training_results:282 - val mean(MacRec)_t: 0.39370331168174744
2023-05-01 04:38:54.138 | INFO     | utils.logging:log_training_results:287 - val mean ABSerr: 3.4651474952697754
2023-05-01 04:38:54.138 | INFO     | utils.logging:log_training_results:290 - val ausat from confmx: 0.4240659177303314
2023-05-01 04:38:54.139 | INFO     | utils.logging:log_training_results:301 - val MCE loss:1.09597 * 1.0 * -2.04695
2023-05-01 04:38:54.139 | INFO     | utils.logging:log_training_results:309 - val LLLR :1.08120 * 0.0 * 0.10094
2023-05-01 04:38:54.140 | INFO     | utils.logging:log_training_results:317 - val weight decay:1745.14490 * 0.00030000000000000003 * -0.06707
2023-05-01 04:38:54.995 | INFO     | utils.checkpoint:update_and_save_result:168 - [36mBest value updated![0m
2023-05-01 04:38:55.157 | INFO     | utils.checkpoint:save_checkpoint:83 - [36mSaved checkpoint[0m at step 250.
2023-05-01 04:38:56.133 | INFO     | utils.logging:save_sdre_imgs:710 - Figures saved.
2023-05-01 04:38:56.746 | INFO     | utils.logging:log_training_results:280 - 
2023-05-01 04:38:56.746 | INFO     | utils.logging:log_training_results:281 - Global Step =    250
2023-05-01 04:38:56.747 | INFO     | utils.logging:log_training_results:282 - train mean(MacRec)_t: 0.3716229200363159
2023-05-01 04:38:56.747 | INFO     | utils.logging:log_training_results:287 - train mean ABSerr: 3.622570276260376
2023-05-01 04:38:56.748 | INFO     | utils.logging:log_training_results:290 - train ausat from confmx: 0.378767728805542
2023-05-01 04:38:56.748 | INFO     | utils.logging:log_training_results:301 - train MCE loss:1.09647 * 1.0 * -2.04692
2023-05-01 04:38:56.748 | INFO     | utils.logging:log_training_results:309 - train LLLR :1.16667 * 0.0 * 0.10091
2023-05-01 04:38:56.749 | INFO     | utils.logging:log_training_results:317 - train weight decay:1745.14502 * 0.00030000000000000003 * -0.06710
2023-05-01 04:39:40.401 | INFO     | __main__:objective:357 - Starting epoch #1.
2023-05-01 04:40:19.493 | INFO     | utils.logging:log_training_results:280 - 
2023-05-01 04:40:19.494 | INFO     | utils.logging:log_training_results:281 - Global Step =    500
2023-05-01 04:40:19.494 | INFO     | utils.logging:log_training_results:282 - val mean(MacRec)_t: 0.4212133288383484
2023-05-01 04:40:19.495 | INFO     | utils.logging:log_training_results:287 - val mean ABSerr: 3.4633567333221436
2023-05-01 04:40:19.495 | INFO     | utils.logging:log_training_results:290 - val ausat from confmx: 0.4678206443786621
2023-05-01 04:40:19.496 | INFO     | utils.logging:log_training_results:301 - val MCE loss:1.09494 * 1.0 * -2.03864
2023-05-01 04:40:19.496 | INFO     | utils.logging:log_training_results:309 - val LLLR :1.07277 * 0.0 * 0.09198
2023-05-01 04:40:19.497 | INFO     | utils.logging:log_training_results:317 - val weight decay:1634.21826 * 0.00030000000000000003 * -0.07341
2023-05-01 04:40:20.429 | INFO     | utils.checkpoint:update_and_save_result:168 - [36mBest value updated![0m
2023-05-01 04:40:20.453 | INFO     | utils.checkpoint:save_checkpoint:83 - [36mSaved checkpoint[0m at step 500.
2023-05-01 04:40:20.456 | INFO     | utils.checkpoint:keep_max_num_saved_models:101 - Removed the oldest model for max_to_keep=1
2023-05-01 04:40:21.458 | INFO     | utils.logging:save_sdre_imgs:710 - Figures saved.
2023-05-01 04:40:22.052 | INFO     | utils.logging:log_training_results:280 - 
2023-05-01 04:40:22.053 | INFO     | utils.logging:log_training_results:281 - Global Step =    500
2023-05-01 04:40:22.053 | INFO     | utils.logging:log_training_results:282 - train mean(MacRec)_t: 0.3310440480709076
2023-05-01 04:40:22.053 | INFO     | utils.logging:log_training_results:287 - train mean ABSerr: 3.5847866535186768
2023-05-01 04:40:22.054 | INFO     | utils.logging:log_training_results:290 - train ausat from confmx: 0.32710108160972595
2023-05-01 04:40:22.054 | INFO     | utils.logging:log_training_results:301 - train MCE loss:1.09381 * 1.0 * -2.03860
2023-05-01 04:40:22.055 | INFO     | utils.logging:log_training_results:309 - train LLLR :1.15908 * 0.0 * 0.09195
2023-05-01 04:40:22.055 | INFO     | utils.logging:log_training_results:317 - train weight decay:1634.21826 * 0.00030000000000000003 * -0.07343
2023-05-01 04:41:43.295 | INFO     | utils.logging:log_training_results:280 - 
2023-05-01 04:41:43.295 | INFO     | utils.logging:log_training_results:281 - Global Step =    750
2023-05-01 04:41:43.296 | INFO     | utils.logging:log_training_results:282 - val mean(MacRec)_t: 0.4445933401584625
2023-05-01 04:41:43.296 | INFO     | utils.logging:log_training_results:287 - val mean ABSerr: 3.4633991718292236
2023-05-01 04:41:43.297 | INFO     | utils.logging:log_training_results:290 - val ausat from confmx: 0.5001310706138611
2023-05-01 04:41:43.297 | INFO     | utils.logging:log_training_results:301 - val MCE loss:1.09451 * 1.0 * -2.03035
2023-05-01 04:41:43.298 | INFO     | utils.logging:log_training_results:309 - val LLLR :1.06924 * 0.0 * 0.08263
2023-05-01 04:41:43.298 | INFO     | utils.logging:log_training_results:317 - val weight decay:1546.01196 * 0.00030000000000000003 * -0.07891
2023-05-01 04:41:44.070 | INFO     | utils.checkpoint:update_and_save_result:168 - [36mBest value updated![0m
2023-05-01 04:41:44.093 | INFO     | utils.checkpoint:save_checkpoint:83 - [36mSaved checkpoint[0m at step 750.
2023-05-01 04:41:44.097 | INFO     | utils.checkpoint:keep_max_num_saved_models:101 - Removed the oldest model for max_to_keep=1
2023-05-01 04:41:45.183 | INFO     | utils.logging:save_sdre_imgs:710 - Figures saved.
2023-05-01 04:41:45.802 | INFO     | utils.logging:log_training_results:280 - 
2023-05-01 04:41:45.802 | INFO     | utils.logging:log_training_results:281 - Global Step =    750
2023-05-01 04:41:45.803 | INFO     | utils.logging:log_training_results:282 - train mean(MacRec)_t: 0.34401190280914307
2023-05-01 04:41:45.803 | INFO     | utils.logging:log_training_results:287 - train mean ABSerr: 3.535611629486084
2023-05-01 04:41:45.804 | INFO     | utils.logging:log_training_results:290 - train ausat from confmx: 0.34935644268989563
2023-05-01 04:41:45.804 | INFO     | utils.logging:log_training_results:301 - train MCE loss:1.09524 * 1.0 * -2.03032
2023-05-01 04:41:45.805 | INFO     | utils.logging:log_training_results:309 - train LLLR :1.14416 * 0.0 * 0.08259
2023-05-01 04:41:45.805 | INFO     | utils.logging:log_training_results:317 - train weight decay:1546.01184 * 0.00030000000000000003 * -0.07893
2023-05-01 04:42:00.987 | INFO     | __main__:objective:357 - Starting epoch #2.
2023-05-01 04:43:11.750 | INFO     | utils.logging:log_training_results:280 - 
2023-05-01 04:43:11.751 | INFO     | utils.logging:log_training_results:281 - Global Step =   1000
2023-05-01 04:43:11.751 | INFO     | utils.logging:log_training_results:282 - val mean(MacRec)_t: 0.46745333075523376
2023-05-01 04:43:11.752 | INFO     | utils.logging:log_training_results:287 - val mean ABSerr: 3.464324951171875
2023-05-01 04:43:11.752 | INFO     | utils.logging:log_training_results:290 - val ausat from confmx: 0.5299052596092224
2023-05-01 04:43:11.752 | INFO     | utils.logging:log_training_results:301 - val MCE loss:1.09440 * 1.0 * -2.02207
2023-05-01 04:43:11.753 | INFO     | utils.logging:log_training_results:309 - val LLLR :1.06839 * 0.0 * 0.07283
2023-05-01 04:43:11.753 | INFO     | utils.logging:log_training_results:317 - val weight decay:1473.53699 * 0.00030000000000000003 * -0.08386
2023-05-01 04:43:12.666 | INFO     | utils.checkpoint:update_and_save_result:168 - [36mBest value updated![0m
2023-05-01 04:43:12.689 | INFO     | utils.checkpoint:save_checkpoint:83 - [36mSaved checkpoint[0m at step 1000.
2023-05-01 04:43:12.693 | INFO     | utils.checkpoint:keep_max_num_saved_models:101 - Removed the oldest model for max_to_keep=1
2023-05-01 04:43:13.691 | INFO     | utils.logging:save_sdre_imgs:710 - Figures saved.
2023-05-01 04:43:14.284 | INFO     | utils.logging:log_training_results:280 - 
2023-05-01 04:43:14.285 | INFO     | utils.logging:log_training_results:281 - Global Step =   1000
2023-05-01 04:43:14.285 | INFO     | utils.logging:log_training_results:282 - train mean(MacRec)_t: 0.41175025701522827
2023-05-01 04:43:14.286 | INFO     | utils.logging:log_training_results:287 - train mean ABSerr: 3.561211585998535
2023-05-01 04:43:14.286 | INFO     | utils.logging:log_training_results:290 - train ausat from confmx: 0.4424585700035095
2023-05-01 04:43:14.286 | INFO     | utils.logging:log_training_results:301 - train MCE loss:1.09375 * 1.0 * -2.02203
2023-05-01 04:43:14.287 | INFO     | utils.logging:log_training_results:309 - train LLLR :1.07398 * 0.0 * 0.07278
2023-05-01 04:43:14.287 | INFO     | utils.logging:log_training_results:317 - train weight decay:1473.53699 * 0.00030000000000000003 * -0.08388
2023-05-01 04:44:13.618 | INFO     | __main__:objective:357 - Starting epoch #3.
2023-05-01 04:44:37.945 | INFO     | utils.logging:log_training_results:280 - 
2023-05-01 04:44:37.946 | INFO     | utils.logging:log_training_results:281 - Global Step =   1250
2023-05-01 04:44:37.946 | INFO     | utils.logging:log_training_results:282 - val mean(MacRec)_t: 0.4900033473968506
2023-05-01 04:44:37.946 | INFO     | utils.logging:log_training_results:287 - val mean ABSerr: 3.4656059741973877
2023-05-01 04:44:37.947 | INFO     | utils.logging:log_training_results:290 - val ausat from confmx: 0.5609459280967712
2023-05-01 04:44:37.947 | INFO     | utils.logging:log_training_results:301 - val MCE loss:1.09445 * 1.0 * -2.01378
2023-05-01 04:44:37.948 | INFO     | utils.logging:log_training_results:309 - val LLLR :1.06867 * 0.0 * 0.06248
2023-05-01 04:44:37.948 | INFO     | utils.logging:log_training_results:317 - val weight decay:1412.62500 * 0.00030000000000000003 * -0.08841
2023-05-01 04:44:38.801 | INFO     | utils.checkpoint:update_and_save_result:168 - [36mBest value updated![0m
2023-05-01 04:44:38.824 | INFO     | utils.checkpoint:save_checkpoint:83 - [36mSaved checkpoint[0m at step 1250.
2023-05-01 04:44:38.827 | INFO     | utils.checkpoint:keep_max_num_saved_models:101 - Removed the oldest model for max_to_keep=1
2023-05-01 04:44:39.757 | INFO     | utils.logging:save_sdre_imgs:710 - Figures saved.
2023-05-01 04:44:40.339 | INFO     | utils.logging:log_training_results:280 - 
2023-05-01 04:44:40.339 | INFO     | utils.logging:log_training_results:281 - Global Step =   1250
2023-05-01 04:44:40.340 | INFO     | utils.logging:log_training_results:282 - train mean(MacRec)_t: 0.4405531883239746
2023-05-01 04:44:40.340 | INFO     | utils.logging:log_training_results:287 - train mean ABSerr: 3.5604026317596436
2023-05-01 04:44:40.340 | INFO     | utils.logging:log_training_results:290 - train ausat from confmx: 0.4425401985645294
2023-05-01 04:44:40.341 | INFO     | utils.logging:log_training_results:301 - train MCE loss:1.09397 * 1.0 * -2.01375
2023-05-01 04:44:40.341 | INFO     | utils.logging:log_training_results:309 - train LLLR :1.07557 * 0.0 * 0.06244
2023-05-01 04:44:40.342 | INFO     | utils.logging:log_training_results:317 - train weight decay:1412.62500 * 0.00030000000000000003 * -0.08843
2023-05-01 04:46:01.696 | INFO     | utils.logging:log_training_results:280 - 
2023-05-01 04:46:01.697 | INFO     | utils.logging:log_training_results:281 - Global Step =   1500
2023-05-01 04:46:01.697 | INFO     | utils.logging:log_training_results:282 - val mean(MacRec)_t: 0.5160800218582153
2023-05-01 04:46:01.698 | INFO     | utils.logging:log_training_results:287 - val mean ABSerr: 3.4670467376708984
2023-05-01 04:46:01.698 | INFO     | utils.logging:log_training_results:290 - val ausat from confmx: 0.5942673087120056
2023-05-01 04:46:01.698 | INFO     | utils.logging:log_training_results:301 - val MCE loss:1.09457 * 1.0 * -2.00550
2023-05-01 04:46:01.699 | INFO     | utils.logging:log_training_results:309 - val LLLR :1.06957 * 0.0 * 0.05146
2023-05-01 04:46:01.699 | INFO     | utils.logging:log_training_results:317 - val weight decay:1360.56482 * 0.00030000000000000003 * -0.09267
2023-05-01 04:46:02.628 | INFO     | utils.checkpoint:update_and_save_result:168 - [36mBest value updated![0m
2023-05-01 04:46:02.655 | INFO     | utils.checkpoint:save_checkpoint:83 - [36mSaved checkpoint[0m at step 1500.
2023-05-01 04:46:02.659 | INFO     | utils.checkpoint:keep_max_num_saved_models:101 - Removed the oldest model for max_to_keep=1
2023-05-01 04:46:03.612 | INFO     | utils.logging:save_sdre_imgs:710 - Figures saved.
2023-05-01 04:46:04.284 | INFO     | utils.logging:log_training_results:280 - 
2023-05-01 04:46:04.285 | INFO     | utils.logging:log_training_results:281 - Global Step =   1500
2023-05-01 04:46:04.285 | INFO     | utils.logging:log_training_results:282 - train mean(MacRec)_t: 0.40179866552352905
2023-05-01 04:46:04.285 | INFO     | utils.logging:log_training_results:287 - train mean ABSerr: 3.3495516777038574
2023-05-01 04:46:04.286 | INFO     | utils.logging:log_training_results:290 - train ausat from confmx: 0.43149080872535706
2023-05-01 04:46:04.286 | INFO     | utils.logging:log_training_results:301 - train MCE loss:1.09503 * 1.0 * -2.00546
2023-05-01 04:46:04.287 | INFO     | utils.logging:log_training_results:309 - train LLLR :1.07955 * 0.0 * 0.05141
2023-05-01 04:46:04.287 | INFO     | utils.logging:log_training_results:317 - train weight decay:1360.56482 * 0.00030000000000000003 * -0.09269
2023-05-01 04:46:34.189 | INFO     | __main__:objective:357 - Starting epoch #4.
2023-05-01 04:47:28.473 | INFO     | utils.logging:log_training_results:280 - 
2023-05-01 04:47:28.474 | INFO     | utils.logging:log_training_results:281 - Global Step =   1750
2023-05-01 04:47:28.474 | INFO     | utils.logging:log_training_results:282 - val mean(MacRec)_t: 0.5410333275794983
2023-05-01 04:47:28.474 | INFO     | utils.logging:log_training_results:287 - val mean ABSerr: 3.4685614109039307
2023-05-01 04:47:28.475 | INFO     | utils.logging:log_training_results:290 - val ausat from confmx: 0.63239985704422
2023-05-01 04:47:28.475 | INFO     | utils.logging:log_training_results:301 - val MCE loss:1.09476 * 1.0 * -1.99720
2023-05-01 04:47:28.476 | INFO     | utils.logging:log_training_results:309 - val LLLR :1.07080 * 0.0 * 0.03947
2023-05-01 04:47:28.476 | INFO     | utils.logging:log_training_results:317 - val weight decay:1315.48230 * 0.00030000000000000003 * -0.09671
2023-05-01 04:47:29.269 | INFO     | utils.checkpoint:update_and_save_result:168 - [36mBest value updated![0m
2023-05-01 04:47:29.295 | INFO     | utils.checkpoint:save_checkpoint:83 - [36mSaved checkpoint[0m at step 1750.
2023-05-01 04:47:29.299 | INFO     | utils.checkpoint:keep_max_num_saved_models:101 - Removed the oldest model for max_to_keep=1
2023-05-01 04:47:30.424 | INFO     | utils.logging:save_sdre_imgs:710 - Figures saved.
2023-05-01 04:47:31.010 | INFO     | utils.logging:log_training_results:280 - 
2023-05-01 04:47:31.011 | INFO     | utils.logging:log_training_results:281 - Global Step =   1750
2023-05-01 04:47:31.011 | INFO     | utils.logging:log_training_results:282 - train mean(MacRec)_t: 0.4364696741104126
2023-05-01 04:47:31.011 | INFO     | utils.logging:log_training_results:287 - train mean ABSerr: 3.477903127670288
2023-05-01 04:47:31.012 | INFO     | utils.logging:log_training_results:290 - train ausat from confmx: 0.47565001249313354
2023-05-01 04:47:31.012 | INFO     | utils.logging:log_training_results:301 - train MCE loss:1.09424 * 1.0 * -1.99717
2023-05-01 04:47:31.013 | INFO     | utils.logging:log_training_results:309 - train LLLR :1.08374 * 0.0 * 0.03942
2023-05-01 04:47:31.013 | INFO     | utils.logging:log_training_results:317 - train weight decay:1315.48230 * 0.00030000000000000003 * -0.09673
2023-05-01 04:48:44.195 | INFO     | __main__:objective:357 - Starting epoch #5.
2023-05-01 04:48:54.671 | INFO     | utils.logging:log_training_results:280 - 
2023-05-01 04:48:54.672 | INFO     | utils.logging:log_training_results:281 - Global Step =   2000
2023-05-01 04:48:54.673 | INFO     | utils.logging:log_training_results:282 - val mean(MacRec)_t: 0.5656700134277344
2023-05-01 04:48:54.673 | INFO     | utils.logging:log_training_results:287 - val mean ABSerr: 3.4702401161193848
2023-05-01 04:48:54.673 | INFO     | utils.logging:log_training_results:290 - val ausat from confmx: 0.6618830561637878
2023-05-01 04:48:54.674 | INFO     | utils.logging:log_training_results:301 - val MCE loss:1.09499 * 1.0 * -1.98888
2023-05-01 04:48:54.674 | INFO     | utils.logging:log_training_results:309 - val LLLR :1.07249 * 0.0 * 0.02585
2023-05-01 04:48:54.675 | INFO     | utils.logging:log_training_results:317 - val weight decay:1276.02234 * 0.00030000000000000003 * -0.10058
2023-05-01 04:48:55.436 | INFO     | utils.checkpoint:update_and_save_result:168 - [36mBest value updated![0m
2023-05-01 04:48:55.459 | INFO     | utils.checkpoint:save_checkpoint:83 - [36mSaved checkpoint[0m at step 2000.
2023-05-01 04:48:55.463 | INFO     | utils.checkpoint:keep_max_num_saved_models:101 - Removed the oldest model for max_to_keep=1
2023-05-01 04:48:56.394 | INFO     | utils.logging:save_sdre_imgs:710 - Figures saved.
2023-05-01 04:48:56.980 | INFO     | utils.logging:log_training_results:280 - 
2023-05-01 04:48:56.981 | INFO     | utils.logging:log_training_results:281 - Global Step =   2000
2023-05-01 04:48:56.981 | INFO     | utils.logging:log_training_results:282 - train mean(MacRec)_t: 0.48312315344810486
2023-05-01 04:48:56.982 | INFO     | utils.logging:log_training_results:287 - train mean ABSerr: 3.4355628490448
2023-05-01 04:48:56.982 | INFO     | utils.logging:log_training_results:290 - train ausat from confmx: 0.4821109473705292
2023-05-01 04:48:56.982 | INFO     | utils.logging:log_training_results:301 - train MCE loss:1.09460 * 1.0 * -1.98885
2023-05-01 04:48:56.983 | INFO     | utils.logging:log_training_results:309 - train LLLR :1.06455 * 0.0 * 0.02579
2023-05-01 04:48:56.983 | INFO     | utils.logging:log_training_results:317 - train weight decay:1276.02234 * 0.00030000000000000003 * -0.10060
2023-05-01 04:50:18.934 | INFO     | utils.logging:log_training_results:280 - 
2023-05-01 04:50:18.935 | INFO     | utils.logging:log_training_results:281 - Global Step =   2250
2023-05-01 04:50:18.935 | INFO     | utils.logging:log_training_results:282 - val mean(MacRec)_t: 0.5913299918174744
2023-05-01 04:50:18.936 | INFO     | utils.logging:log_training_results:287 - val mean ABSerr: 3.4718573093414307
2023-05-01 04:50:18.936 | INFO     | utils.logging:log_training_results:290 - val ausat from confmx: 0.6951150894165039
2023-05-01 04:50:18.937 | INFO     | utils.logging:log_training_results:301 - val MCE loss:1.09523 * 1.0 * -1.98054
2023-05-01 04:50:18.937 | INFO     | utils.logging:log_training_results:309 - val LLLR :1.07418 * 0.0 * 0.00762
2023-05-01 04:50:18.938 | INFO     | utils.logging:log_training_results:317 - val weight decay:1241.16785 * 0.00030000000000000003 * -0.10433
2023-05-01 04:50:19.660 | INFO     | utils.checkpoint:update_and_save_result:168 - [36mBest value updated![0m
2023-05-01 04:50:19.683 | INFO     | utils.checkpoint:save_checkpoint:83 - [36mSaved checkpoint[0m at step 2250.
2023-05-01 04:50:19.688 | INFO     | utils.checkpoint:keep_max_num_saved_models:101 - Removed the oldest model for max_to_keep=1
2023-05-01 04:50:20.706 | INFO     | utils.logging:save_sdre_imgs:710 - Figures saved.
2023-05-01 04:50:21.282 | INFO     | utils.logging:log_training_results:280 - 
2023-05-01 04:50:21.283 | INFO     | utils.logging:log_training_results:281 - Global Step =   2250
2023-05-01 04:50:21.284 | INFO     | utils.logging:log_training_results:282 - train mean(MacRec)_t: 0.40890905261039734
2023-05-01 04:50:21.284 | INFO     | utils.logging:log_training_results:287 - train mean ABSerr: 3.6366021633148193
2023-05-01 04:50:21.284 | INFO     | utils.logging:log_training_results:290 - train ausat from confmx: 0.47411248087882996
2023-05-01 04:50:21.285 | INFO     | utils.logging:log_training_results:301 - train MCE loss:1.09499 * 1.0 * -1.98050
2023-05-01 04:50:21.285 | INFO     | utils.logging:log_training_results:309 - train LLLR :1.08210 * 0.0 * 0.00752
2023-05-01 04:50:21.285 | INFO     | utils.logging:log_training_results:317 - train weight decay:1241.16772 * 0.00030000000000000003 * -0.10434
2023-05-01 04:51:06.321 | INFO     | __main__:objective:357 - Starting epoch #6.
2023-05-01 04:51:45.571 | INFO     | utils.logging:log_training_results:280 - 
2023-05-01 04:51:45.572 | INFO     | utils.logging:log_training_results:281 - Global Step =   2500
2023-05-01 04:51:45.573 | INFO     | utils.logging:log_training_results:282 - val mean(MacRec)_t: 0.6147400140762329
2023-05-01 04:51:45.573 | INFO     | utils.logging:log_training_results:287 - val mean ABSerr: 3.473468065261841
2023-05-01 04:51:45.573 | INFO     | utils.logging:log_training_results:290 - val ausat from confmx: 0.721923291683197
2023-05-01 04:51:45.574 | INFO     | utils.logging:log_training_results:301 - val MCE loss:1.09547 * 1.0 * -1.97218
2023-05-01 04:51:45.574 | INFO     | utils.logging:log_training_results:309 - val LLLR :1.07594 * 0.0 * -0.00000
2023-05-01 04:51:45.575 | INFO     | utils.logging:log_training_results:317 - val weight decay:1210.13464 * 0.00030000000000000003 * -0.10798
2023-05-01 04:51:46.320 | INFO     | utils.checkpoint:update_and_save_result:168 - [36mBest value updated![0m
2023-05-01 04:51:46.347 | INFO     | utils.checkpoint:save_checkpoint:83 - [36mSaved checkpoint[0m at step 2500.
2023-05-01 04:51:46.350 | INFO     | utils.checkpoint:keep_max_num_saved_models:101 - Removed the oldest model for max_to_keep=1
2023-05-01 04:51:47.313 | INFO     | utils.logging:save_sdre_imgs:710 - Figures saved.
2023-05-01 04:51:47.886 | INFO     | utils.logging:log_training_results:280 - 
2023-05-01 04:51:47.887 | INFO     | utils.logging:log_training_results:281 - Global Step =   2500
2023-05-01 04:51:47.887 | INFO     | utils.logging:log_training_results:282 - train mean(MacRec)_t: 0.4494117498397827
2023-05-01 04:51:47.887 | INFO     | utils.logging:log_training_results:287 - train mean ABSerr: 3.3795690536499023
2023-05-01 04:51:47.888 | INFO     | utils.logging:log_training_results:290 - train ausat from confmx: 0.5203890204429626
2023-05-01 04:51:47.888 | INFO     | utils.logging:log_training_results:301 - train MCE loss:1.09560 * 1.0 * -1.97214
2023-05-01 04:51:47.889 | INFO     | utils.logging:log_training_results:309 - train LLLR :1.08078 * 0.0 * -0.00000
2023-05-01 04:51:47.889 | INFO     | utils.logging:log_training_results:317 - train weight decay:1210.13464 * 0.00030000000000000003 * -0.10799
2023-05-01 04:53:10.315 | INFO     | utils.logging:log_training_results:280 - 
2023-05-01 04:53:10.316 | INFO     | utils.logging:log_training_results:281 - Global Step =   2750
2023-05-01 04:53:10.317 | INFO     | utils.logging:log_training_results:282 - val mean(MacRec)_t: 0.6241333484649658
2023-05-01 04:53:10.317 | INFO     | utils.logging:log_training_results:287 - val mean ABSerr: 3.47503924369812
2023-05-01 04:53:10.317 | INFO     | utils.logging:log_training_results:290 - val ausat from confmx: 0.7243035435676575
2023-05-01 04:53:10.318 | INFO     | utils.logging:log_training_results:301 - val MCE loss:1.09572 * 1.0 * -1.96380
2023-05-01 04:53:10.319 | INFO     | utils.logging:log_training_results:309 - val LLLR :1.07770 * 0.0 * -0.00000
2023-05-01 04:53:10.319 | INFO     | utils.logging:log_training_results:317 - val weight decay:1182.30164 * 0.00030000000000000003 * -0.11156
2023-05-01 04:53:11.169 | INFO     | utils.checkpoint:update_and_save_result:168 - [36mBest value updated![0m
2023-05-01 04:53:11.194 | INFO     | utils.checkpoint:save_checkpoint:83 - [36mSaved checkpoint[0m at step 2750.
2023-05-01 04:53:11.199 | INFO     | utils.checkpoint:keep_max_num_saved_models:101 - Removed the oldest model for max_to_keep=1
2023-05-01 04:53:12.184 | INFO     | utils.logging:save_sdre_imgs:710 - Figures saved.
2023-05-01 04:53:12.765 | INFO     | utils.logging:log_training_results:280 - 
2023-05-01 04:53:12.766 | INFO     | utils.logging:log_training_results:281 - Global Step =   2750
2023-05-01 04:53:12.766 | INFO     | utils.logging:log_training_results:282 - train mean(MacRec)_t: 0.49155107140541077
2023-05-01 04:53:12.766 | INFO     | utils.logging:log_training_results:287 - train mean ABSerr: 3.221479654312134
2023-05-01 04:53:12.767 | INFO     | utils.logging:log_training_results:290 - train ausat from confmx: 0.5222668051719666
2023-05-01 04:53:12.767 | INFO     | utils.logging:log_training_results:301 - train MCE loss:1.09594 * 1.0 * -1.96377
2023-05-01 04:53:12.767 | INFO     | utils.logging:log_training_results:309 - train LLLR :1.07595 * 0.0 * -0.00000
2023-05-01 04:53:12.768 | INFO     | utils.logging:log_training_results:317 - train weight decay:1182.30164 * 0.00030000000000000003 * -0.11157
2023-05-01 04:53:27.859 | INFO     | __main__:objective:357 - Starting epoch #7.
2023-05-01 04:54:36.325 | INFO     | utils.logging:log_training_results:280 - 
2023-05-01 04:54:36.326 | INFO     | utils.logging:log_training_results:281 - Global Step =   3000
2023-05-01 04:54:36.326 | INFO     | utils.logging:log_training_results:282 - val mean(MacRec)_t: 0.656190037727356
2023-05-01 04:54:36.327 | INFO     | utils.logging:log_training_results:287 - val mean ABSerr: 3.476625919342041
2023-05-01 04:54:36.327 | INFO     | utils.logging:log_training_results:290 - val ausat from confmx: 0.7632685303688049
2023-05-01 04:54:36.328 | INFO     | utils.logging:log_training_results:301 - val MCE loss:1.09598 * 1.0 * -1.95541
2023-05-01 04:54:36.328 | INFO     | utils.logging:log_training_results:309 - val LLLR :1.07953 * 0.0 * 0.00000
2023-05-01 04:54:36.329 | INFO     | utils.logging:log_training_results:317 - val weight decay:1157.16858 * 0.00030000000000000003 * -0.11509
2023-05-01 04:54:37.211 | INFO     | utils.checkpoint:update_and_save_result:168 - [36mBest value updated![0m
2023-05-01 04:54:37.232 | INFO     | utils.checkpoint:save_checkpoint:83 - [36mSaved checkpoint[0m at step 3000.
2023-05-01 04:54:37.237 | INFO     | utils.checkpoint:keep_max_num_saved_models:101 - Removed the oldest model for max_to_keep=1
2023-05-01 04:54:38.207 | INFO     | utils.logging:save_sdre_imgs:710 - Figures saved.
2023-05-01 04:54:38.792 | INFO     | utils.logging:log_training_results:280 - 
2023-05-01 04:54:38.793 | INFO     | utils.logging:log_training_results:281 - Global Step =   3000
2023-05-01 04:54:38.793 | INFO     | utils.logging:log_training_results:282 - train mean(MacRec)_t: 0.5328857898712158
2023-05-01 04:54:38.794 | INFO     | utils.logging:log_training_results:287 - train mean ABSerr: 3.748015880584717
2023-05-01 04:54:38.794 | INFO     | utils.logging:log_training_results:290 - train ausat from confmx: 0.5684971213340759
2023-05-01 04:54:38.794 | INFO     | utils.logging:log_training_results:301 - train MCE loss:1.09567 * 1.0 * -1.95538
2023-05-01 04:54:38.795 | INFO     | utils.logging:log_training_results:309 - train LLLR :1.07551 * 0.0 * 0.00000
2023-05-01 04:54:38.795 | INFO     | utils.logging:log_training_results:317 - train weight decay:1157.16858 * 0.00030000000000000003 * -0.11510
2023-05-01 04:55:37.684 | INFO     | __main__:objective:357 - Starting epoch #8.
2023-05-01 04:56:02.475 | INFO     | utils.logging:log_training_results:280 - 
2023-05-01 04:56:02.476 | INFO     | utils.logging:log_training_results:281 - Global Step =   3250
2023-05-01 04:56:02.476 | INFO     | utils.logging:log_training_results:282 - val mean(MacRec)_t: 0.6674999594688416
2023-05-01 04:56:02.477 | INFO     | utils.logging:log_training_results:287 - val mean ABSerr: 3.4780454635620117
2023-05-01 04:56:02.477 | INFO     | utils.logging:log_training_results:290 - val ausat from confmx: 0.7671142816543579
2023-05-01 04:56:02.478 | INFO     | utils.logging:log_training_results:301 - val MCE loss:1.09620 * 1.0 * -1.94701
2023-05-01 04:56:02.478 | INFO     | utils.logging:log_training_results:309 - val LLLR :1.08118 * 0.0 * 0.00000
2023-05-01 04:56:02.479 | INFO     | utils.logging:log_training_results:317 - val weight decay:1134.31628 * 0.00030000000000000003 * -0.11858
2023-05-01 04:56:03.385 | INFO     | utils.checkpoint:update_and_save_result:168 - [36mBest value updated![0m
2023-05-01 04:56:03.407 | INFO     | utils.checkpoint:save_checkpoint:83 - [36mSaved checkpoint[0m at step 3250.
2023-05-01 04:56:03.409 | INFO     | utils.checkpoint:keep_max_num_saved_models:101 - Removed the oldest model for max_to_keep=1
2023-05-01 04:56:04.536 | INFO     | utils.logging:save_sdre_imgs:710 - Figures saved.
2023-05-01 04:56:05.101 | INFO     | utils.logging:log_training_results:280 - 
2023-05-01 04:56:05.101 | INFO     | utils.logging:log_training_results:281 - Global Step =   3250
2023-05-01 04:56:05.102 | INFO     | utils.logging:log_training_results:282 - train mean(MacRec)_t: 0.4937659204006195
2023-05-01 04:56:05.102 | INFO     | utils.logging:log_training_results:287 - train mean ABSerr: 3.4334564208984375
2023-05-01 04:56:05.102 | INFO     | utils.logging:log_training_results:290 - train ausat from confmx: 0.5520396828651428
2023-05-01 04:56:05.103 | INFO     | utils.logging:log_training_results:301 - train MCE loss:1.09631 * 1.0 * -1.94697
2023-05-01 04:56:05.103 | INFO     | utils.logging:log_training_results:309 - train LLLR :1.08303 * 0.0 * 0.00000
2023-05-01 04:56:05.104 | INFO     | utils.logging:log_training_results:317 - train weight decay:1134.31628 * 0.00030000000000000003 * -0.11860
2023-05-01 04:57:27.313 | INFO     | utils.logging:log_training_results:280 - 
2023-05-01 04:57:27.314 | INFO     | utils.logging:log_training_results:281 - Global Step =   3500
2023-05-01 04:57:27.314 | INFO     | utils.logging:log_training_results:282 - val mean(MacRec)_t: 0.6943866610527039
2023-05-01 04:57:27.315 | INFO     | utils.logging:log_training_results:287 - val mean ABSerr: 3.479443073272705
2023-05-01 04:57:27.315 | INFO     | utils.logging:log_training_results:290 - val ausat from confmx: 0.8034881353378296
2023-05-01 04:57:27.316 | INFO     | utils.logging:log_training_results:301 - val MCE loss:1.09643 * 1.0 * -1.93859
2023-05-01 04:57:27.316 | INFO     | utils.logging:log_training_results:309 - val LLLR :1.08283 * 0.0 * -0.00000
2023-05-01 04:57:27.316 | INFO     | utils.logging:log_training_results:317 - val weight decay:1113.40552 * 0.00030000000000000003 * -0.12206
2023-05-01 04:57:28.036 | INFO     | utils.checkpoint:update_and_save_result:168 - [36mBest value updated![0m
2023-05-01 04:57:28.063 | INFO     | utils.checkpoint:save_checkpoint:83 - [36mSaved checkpoint[0m at step 3500.
2023-05-01 04:57:28.066 | INFO     | utils.checkpoint:keep_max_num_saved_models:101 - Removed the oldest model for max_to_keep=1
2023-05-01 04:57:29.032 | INFO     | utils.logging:save_sdre_imgs:710 - Figures saved.
2023-05-01 04:57:29.616 | INFO     | utils.logging:log_training_results:280 - 
2023-05-01 04:57:29.617 | INFO     | utils.logging:log_training_results:281 - Global Step =   3500
2023-05-01 04:57:29.617 | INFO     | utils.logging:log_training_results:282 - train mean(MacRec)_t: 0.5314207077026367
2023-05-01 04:57:29.618 | INFO     | utils.logging:log_training_results:287 - train mean ABSerr: 3.3876798152923584
2023-05-01 04:57:29.618 | INFO     | utils.logging:log_training_results:290 - train ausat from confmx: 0.5844058394432068
2023-05-01 04:57:29.618 | INFO     | utils.logging:log_training_results:301 - train MCE loss:1.09649 * 1.0 * -1.93856
2023-05-01 04:57:29.619 | INFO     | utils.logging:log_training_results:309 - train LLLR :1.08059 * 0.0 * -0.00000
2023-05-01 04:57:29.619 | INFO     | utils.logging:log_training_results:317 - train weight decay:1113.40552 * 0.00030000000000000003 * -0.12207
2023-05-01 04:57:59.599 | INFO     | __main__:objective:357 - Starting epoch #9.
2023-05-01 04:58:53.712 | INFO     | utils.logging:log_training_results:280 - 
2023-05-01 04:58:53.713 | INFO     | utils.logging:log_training_results:281 - Global Step =   3750
2023-05-01 04:58:53.714 | INFO     | utils.logging:log_training_results:282 - val mean(MacRec)_t: 0.6964866518974304
2023-05-01 04:58:53.714 | INFO     | utils.logging:log_training_results:287 - val mean ABSerr: 3.4807369709014893
2023-05-01 04:58:53.714 | INFO     | utils.logging:log_training_results:290 - val ausat from confmx: 0.794485867023468
2023-05-01 04:58:53.715 | INFO     | utils.logging:log_training_results:301 - val MCE loss:1.09665 * 1.0 * -1.93016
2023-05-01 04:58:53.715 | INFO     | utils.logging:log_training_results:309 - val LLLR :1.08436 * 0.0 * 0.00000
2023-05-01 04:58:53.716 | INFO     | utils.logging:log_training_results:317 - val weight decay:1094.14221 * 0.00030000000000000003 * -0.12552
2023-05-01 04:58:54.645 | INFO     | utils.checkpoint:update_and_save_result:168 - [36mBest value updated![0m
2023-05-01 04:58:54.668 | INFO     | utils.checkpoint:save_checkpoint:83 - [36mSaved checkpoint[0m at step 3750.
2023-05-01 04:58:54.672 | INFO     | utils.checkpoint:keep_max_num_saved_models:101 - Removed the oldest model for max_to_keep=1
2023-05-01 04:58:55.610 | INFO     | utils.logging:save_sdre_imgs:710 - Figures saved.
2023-05-01 04:58:56.216 | INFO     | utils.logging:log_training_results:280 - 
2023-05-01 04:58:56.217 | INFO     | utils.logging:log_training_results:281 - Global Step =   3750
2023-05-01 04:58:56.217 | INFO     | utils.logging:log_training_results:282 - train mean(MacRec)_t: 0.5012272596359253
2023-05-01 04:58:56.217 | INFO     | utils.logging:log_training_results:287 - train mean ABSerr: 3.5145676136016846
2023-05-01 04:58:56.218 | INFO     | utils.logging:log_training_results:290 - train ausat from confmx: 0.5906744599342346
2023-05-01 04:58:56.218 | INFO     | utils.logging:log_training_results:301 - train MCE loss:1.09658 * 1.0 * -1.93012
2023-05-01 04:58:56.218 | INFO     | utils.logging:log_training_results:309 - train LLLR :1.08431 * 0.0 * 0.00000
2023-05-01 04:58:56.219 | INFO     | utils.logging:log_training_results:317 - train weight decay:1094.14221 * 0.00030000000000000003 * -0.12553
2023-05-01 05:00:11.333 | INFO     | utils.logging:investigate_log:155 - num_warning=0/num_error=0 in the .log file.
2023-05-01 05:00:11.599 | INFO     | optuna.study.study:_log_completed_trial:1020 - Trial 83 finished with value: 0.3035133481025696 and parameters: {'LIST_IS_POSITIONAL_ENCODING': False, 'LIST_MODEL_BACKBONE': 'Transformer', 'LIST_WEIGHT_DECAY': 0.00030000000000000003, 'LIST_LEARNING_RATE': 3.386755053459101e-05, 'LIST_LLLR_VERSION': 'LSEL', 'LIST_ACTIVATION_FC': 'B2Bcbrt', 'LIST_PARAM_MULTIPLET_LOSS': 1.0, 'LIST_PARAM_LLR_LOSS': 0.0, 'LIST_IS_ADAPTIVE_LOSS': True, 'LIST_ORDER_SPRT': 5, 'LIST_OPTIMIZER': 'adam', 'LIST_IS_NORMALIZE': False, 'LIST_NUM_THRESH': 500, 'LIST_SPARSITY': 'logspace', 'LIST_NUM_BLOCKS': 2, 'LIST_NUM_HEADS': 2, 'LIST_DROPOUT': 0.4, 'LIST_FF_DIM': 64, 'LIST_MLP_UNITS': 64}. Best is trial 71 with value: 0.12331002950668335.
2023-05-01 05:00:11.630 | INFO     | utils.hyperparameter_tuning:suggest_parameters:560 - [33mStarting a tuning phase.[0m
2023-05-01 05:00:12.936 | INFO     | utils.hyperparameter_tuning:print:394 - 
+------------------------------------------+
|   Hyperparameteres suggested by Optuna   |
+------------------------+-----------------+
|     Parameter name     | Suggested value |
+------------------------+-----------------+
|     ACTIVATION_FC      |     B2Bcbrt     |
|        DROPOUT         |       0.4       |
|         FF_DIM         |        64       |
|    IS_ADAPTIVE_LOSS    |       True      |
|      IS_NORMALIZE      |      False      |
| IS_POSITIONAL_ENCODING |      False      |
|     LEARNING_RATE      |    6.4472e-05   |
|      LLLR_VERSION      |       LSEL      |
|       MLP_UNITS        |        64       |
|     MODEL_BACKBONE     |   Transformer   |
|       NUM_BLOCKS       |        2        |
|       NUM_HEADS        |        2        |
|       NUM_THRESH       |       500       |
|       OPTIMIZER        |       adam      |
|       ORDER_SPRT       |        5        |
|     PARAM_LLR_LOSS     |       0.0       |
|  PARAM_MULTIPLET_LOSS  |       1.0       |
|        SPARSITY        |    lograndom    |
|      WEIGHT_DECAY      |      0.0004     |
+------------------------+-----------------+
2023-05-01 05:00:12.937 | INFO     | utils.misc:create_directories_and_log:291 - [33mA new log directory was created: [0m/home/afe/Dropbox/GitHub/SPRT-TANDEM-PyTorch/logs/public_offset0_5_optimmacrec_tuning/checkpoints/Transformer_20230501_050012937/configs
2023-05-01 05:00:12.939 | INFO     | utils.misc:create_directories_and_log:291 - [33mA new log directory was created: [0m/home/afe/Dropbox/GitHub/SPRT-TANDEM-PyTorch/logs/public_offset0_5_optimmacrec_tuning/TensorBoard_events/Transformer_20230501_050012937
