2023-04-30 13:53:09.675 | INFO     | utils.misc:fix_random_seed:405 - Random seed is not fixed.
2023-04-30 13:53:09.708 | INFO     | models.temporal_integrators:summarize:568 - 
:'######::'########::'########::'########::::::::::::::::::::::
'##... ##: ##.... ##: ##.... ##:... ##..:::::::::::::::::::::::
 ##:::..:: ##:::: ##: ##:::: ##:::: ##:::::::::::::::::::::::::
. ######:: ########:: ########::::: ##::::'#######:::::::::::::
:..... ##: ##.....::: ##.. ##:::::: ##::::........:::::::::::::
'##::: ##: ##:::::::: ##::. ##::::: ##:::::::::::::::::::::::::
. ######:: ##:::::::: ##:::. ##:::: ##:::::::::::::::::::::::::
:......:::..:::::::::..:::::..:::::..::::::::::::::::::::::::::
'########::::'###::::'##::: ##:'########::'########:'##::::'##:
... ##..::::'## ##::: ###:: ##: ##.... ##: ##.....:: ###::'###:
::: ##:::::'##:. ##:: ####: ##: ##:::: ##: ##::::::: ####'####:
::: ##::::'##:::. ##: ## ## ##: ##:::: ##: ######::: ## ### ##:
::: ##:::: #########: ##. ####: ##:::: ##: ##...:::: ##. #: ##:
::: ##:::: ##.... ##: ##:. ###: ##:::: ##: ##::::::: ##:.:: ##:
::: ##:::: ##:::: ##: ##::. ##: ########:: ########: ##:::: ##:
:::..:::::..:::::..::..::::..::........:::........::..:::::..::

2023-04-30 13:53:09.709 | INFO     | models.temporal_integrators:summarize:571 - [34mofficial PyTorch implementation.[0m
2023-04-30 13:53:10.139 | INFO     | models.temporal_integrators:summarize:593 - Network summary:
===============================================================================================
Layer (type:depth-idx)                        Output Shape              Param #
===============================================================================================
TANDEMformer                                  [150, 50, 3, 3]           643
├─TransformerEncoder: 1-1                     [6900, 1, 128]            --
│    └─ModuleList: 2-5                        --                        (recursive)
│    │    └─TransformerEncoderLayer: 3-1      [6900, 1, 128]            83,136
│    │    └─TransformerEncoderLayer: 3-2      [6900, 1, 128]            83,136
├─Linear: 1-2                                 [6900, 64]                8,256
├─Dropout: 1-3                                [6900, 64]                --
├─TransformerEncoder: 1-4                     [6900, 2, 128]            (recursive)
│    └─ModuleList: 2-5                        --                        (recursive)
│    │    └─TransformerEncoderLayer: 3-3      [6900, 2, 128]            (recursive)
│    │    └─TransformerEncoderLayer: 3-4      [6900, 2, 128]            (recursive)
├─Linear: 1-5                                 [6900, 64]                (recursive)
├─Dropout: 1-6                                [6900, 64]                --
├─TransformerEncoder: 1-7                     [6900, 3, 128]            (recursive)
│    └─ModuleList: 2-5                        --                        (recursive)
│    │    └─TransformerEncoderLayer: 3-5      [6900, 3, 128]            (recursive)
│    │    └─TransformerEncoderLayer: 3-6      [6900, 3, 128]            (recursive)
├─Linear: 1-8                                 [6900, 64]                (recursive)
├─Dropout: 1-9                                [6900, 64]                --
├─TransformerEncoder: 1-10                    [6900, 4, 128]            (recursive)
│    └─ModuleList: 2-5                        --                        (recursive)
│    │    └─TransformerEncoderLayer: 3-7      [6900, 4, 128]            (recursive)
│    │    └─TransformerEncoderLayer: 3-8      [6900, 4, 128]            (recursive)
├─Linear: 1-11                                [6900, 64]                (recursive)
├─Dropout: 1-12                               [6900, 64]                --
├─TransformerEncoder: 1-13                    [6900, 5, 128]            (recursive)
│    └─ModuleList: 2-5                        --                        (recursive)
│    │    └─TransformerEncoderLayer: 3-9      [6900, 5, 128]            (recursive)
│    │    └─TransformerEncoderLayer: 3-10     [6900, 5, 128]            (recursive)
├─Linear: 1-14                                [6900, 64]                (recursive)
├─Dropout: 1-15                               [6900, 64]                --
├─Linear: 1-16                                [6900, 3]                 195
├─Linear: 1-17                                [6900, 3]                 (recursive)
├─Linear: 1-18                                [6900, 3]                 (recursive)
├─Linear: 1-19                                [6900, 3]                 (recursive)
├─Linear: 1-20                                [6900, 3]                 (recursive)
===============================================================================================
Total params: 175,366
Trainable params: 175,366
Non-trainable params: 0
Total mult-adds (G): 1.47
===============================================================================================
Input size (MB): 3.84
Forward/backward pass size (MB): 760.38
Params size (MB): 0.17
Estimated Total Size (MB): 764.39
===============================================================================================
2023-04-30 13:53:10.140 | INFO     | models.temporal_integrators:summarize:594 - Example input shape: torch.Size([150, 50, 128])
2023-04-30 13:53:10.140 | INFO     | models.temporal_integrators:summarize:595 - Example output shape: torch.Size([150, 50, 3, 3])
2023-04-30 13:53:10.142 | INFO     | models.temporal_integrators:import_model:58 - model moved onto: [33mcuda.[0m
2023-04-30 13:53:10.143 | INFO     | models.optimizers:initialize_optimizer:44 - Optimizer:
AdamW (
Parameter Group 0
    amsgrad: False
    betas: (0.9, 0.999)
    capturable: False
    differentiable: False
    eps: 1e-08
    foreach: None
    fused: None
    lr: 2.057551377713282e-05
    maximize: False
    weight_decay: 0.0005
)
2023-04-30 13:53:10.143 | INFO     | datasets.data_processing:lmdb_dataloaders:293 - loading data... 
2023-04-30 13:53:10.144 | INFO     | datasets.data_processing:lmdb_dataloaders:295 - If this process takes long, consider setting is_load_onto_memory=False or use LMDBIterableDataset.
2023-04-30 13:53:12.579 | INFO     | __main__:objective:356 - Starting epoch #0.
2023-04-30 13:53:21.054 | INFO     | utils.logging:log_training_results:280 - 
2023-04-30 13:53:21.055 | INFO     | utils.logging:log_training_results:281 - Global Step =      0
2023-04-30 13:53:21.056 | INFO     | utils.logging:log_training_results:282 - val mean(MacRec)_t: 0.3537900149822235
2023-04-30 13:53:21.057 | INFO     | utils.logging:log_training_results:287 - val mean ABSerr: 3.4773941040039062
2023-04-30 13:53:21.058 | INFO     | utils.logging:log_training_results:290 - val ausat from confmx: 0.3661873936653137
2023-04-30 13:53:21.058 | INFO     | utils.logging:log_training_results:301 - val MCE loss:1.09965 * 0.5 * -1.39365
2023-04-30 13:53:21.059 | INFO     | utils.logging:log_training_results:309 - val LLLR :1.11737 * 0.2 * 0.94286
2023-04-30 13:53:21.060 | INFO     | utils.logging:log_training_results:317 - val weight decay:1809.68518 * 0.0005 * 0.61033
2023-04-30 13:53:22.017 | INFO     | utils.logging:save_sdre_imgs:710 - Figures saved.
2023-04-30 13:53:22.575 | INFO     | utils.logging:log_training_results:280 - 
2023-04-30 13:53:22.575 | INFO     | utils.logging:log_training_results:281 - Global Step =      0
2023-04-30 13:53:22.575 | INFO     | utils.logging:log_training_results:282 - train mean(MacRec)_t: 0.3571139872074127
2023-04-30 13:53:22.576 | INFO     | utils.logging:log_training_results:287 - train mean ABSerr: 3.4236698150634766
2023-04-30 13:53:22.576 | INFO     | utils.logging:log_training_results:290 - train ausat from confmx: 0.37694069743156433
2023-04-30 13:53:22.577 | INFO     | utils.logging:log_training_results:301 - train MCE loss:1.10143 * 0.5 * -1.39363
2023-04-30 13:53:22.577 | INFO     | utils.logging:log_training_results:309 - train LLLR :1.16716 * 0.2 * 0.94284
2023-04-30 13:53:22.577 | INFO     | utils.logging:log_training_results:317 - train weight decay:1809.68506 * 0.0005 * 0.61035
2023-04-30 13:54:35.553 | INFO     | utils.logging:log_training_results:280 - 
2023-04-30 13:54:35.554 | INFO     | utils.logging:log_training_results:281 - Global Step =    250
2023-04-30 13:54:35.554 | INFO     | utils.logging:log_training_results:282 - val mean(MacRec)_t: 0.6999199986457825
2023-04-30 13:54:35.555 | INFO     | utils.logging:log_training_results:287 - val mean ABSerr: 3.13987398147583
2023-04-30 13:54:35.555 | INFO     | utils.logging:log_training_results:290 - val ausat from confmx: 0.8384004235267639
2023-04-30 13:54:35.556 | INFO     | utils.logging:log_training_results:301 - val MCE loss:1.05851 * 0.5 * -1.38850
2023-04-30 13:54:35.556 | INFO     | utils.logging:log_training_results:309 - val LLLR :0.79571 * 0.2 * 0.93767
2023-04-30 13:54:35.556 | INFO     | utils.logging:log_training_results:317 - val weight decay:1745.43201 * 0.0005 * 0.61511
2023-04-30 13:54:35.650 | INFO     | utils.checkpoint:update_and_save_result:168 - [36mBest value updated![0m
2023-04-30 13:54:35.689 | INFO     | utils.checkpoint:save_checkpoint:83 - [36mSaved checkpoint[0m at step 250.
2023-04-30 13:54:36.952 | INFO     | utils.logging:save_sdre_imgs:710 - Figures saved.
2023-04-30 13:54:37.552 | INFO     | utils.logging:log_training_results:280 - 
2023-04-30 13:54:37.553 | INFO     | utils.logging:log_training_results:281 - Global Step =    250
2023-04-30 13:54:37.553 | INFO     | utils.logging:log_training_results:282 - train mean(MacRec)_t: 0.6313852071762085
2023-04-30 13:54:37.553 | INFO     | utils.logging:log_training_results:287 - train mean ABSerr: 3.1790764331817627
2023-04-30 13:54:37.554 | INFO     | utils.logging:log_training_results:290 - train ausat from confmx: 0.7418617010116577
2023-04-30 13:54:37.554 | INFO     | utils.logging:log_training_results:301 - train MCE loss:1.05942 * 0.5 * -1.38847
2023-04-30 13:54:37.554 | INFO     | utils.logging:log_training_results:309 - train LLLR :0.82039 * 0.2 * 0.93764
2023-04-30 13:54:37.555 | INFO     | utils.logging:log_training_results:317 - train weight decay:1745.43201 * 0.0005 * 0.61513
2023-04-30 13:55:17.690 | INFO     | __main__:objective:356 - Starting epoch #1.
2023-04-30 13:55:53.311 | INFO     | utils.logging:log_training_results:280 - 
2023-04-30 13:55:53.311 | INFO     | utils.logging:log_training_results:281 - Global Step =    500
2023-04-30 13:55:53.312 | INFO     | utils.logging:log_training_results:282 - val mean(MacRec)_t: 0.8005500435829163
2023-04-30 13:55:53.312 | INFO     | utils.logging:log_training_results:287 - val mean ABSerr: 2.6414613723754883
2023-04-30 13:55:53.313 | INFO     | utils.logging:log_training_results:290 - val ausat from confmx: 0.9370734095573425
2023-04-30 13:55:53.313 | INFO     | utils.logging:log_training_results:301 - val MCE loss:1.00968 * 0.5 * -1.38332
2023-04-30 13:55:53.314 | INFO     | utils.logging:log_training_results:309 - val LLLR :0.55522 * 0.2 * 0.93239
2023-04-30 13:55:53.314 | INFO     | utils.logging:log_training_results:317 - val weight decay:1686.73083 * 0.0005 * 0.61900
2023-04-30 13:55:53.416 | INFO     | utils.checkpoint:update_and_save_result:168 - [36mBest value updated![0m
2023-04-30 13:55:53.437 | INFO     | utils.checkpoint:save_checkpoint:83 - [36mSaved checkpoint[0m at step 500.
2023-04-30 13:55:53.441 | INFO     | utils.checkpoint:keep_max_num_saved_models:101 - Removed the oldest model for max_to_keep=1
2023-04-30 13:55:54.274 | INFO     | utils.logging:save_sdre_imgs:710 - Figures saved.
2023-04-30 13:55:54.801 | INFO     | utils.logging:log_training_results:280 - 
2023-04-30 13:55:54.801 | INFO     | utils.logging:log_training_results:281 - Global Step =    500
2023-04-30 13:55:54.802 | INFO     | utils.logging:log_training_results:282 - train mean(MacRec)_t: 0.7682237029075623
2023-04-30 13:55:54.802 | INFO     | utils.logging:log_training_results:287 - train mean ABSerr: 2.7581918239593506
2023-04-30 13:55:54.802 | INFO     | utils.logging:log_training_results:290 - train ausat from confmx: 0.8711488246917725
2023-04-30 13:55:54.803 | INFO     | utils.logging:log_training_results:301 - train MCE loss:1.01040 * 0.5 * -1.38330
2023-04-30 13:55:54.804 | INFO     | utils.logging:log_training_results:309 - train LLLR :0.59164 * 0.2 * 0.93236
2023-04-30 13:55:54.804 | INFO     | utils.logging:log_training_results:317 - train weight decay:1686.73096 * 0.0005 * 0.61902
2023-04-30 13:57:10.767 | INFO     | utils.logging:log_training_results:280 - 
2023-04-30 13:57:10.768 | INFO     | utils.logging:log_training_results:281 - Global Step =    750
2023-04-30 13:57:10.768 | INFO     | utils.logging:log_training_results:282 - val mean(MacRec)_t: 0.8418800234794617
2023-04-30 13:57:10.768 | INFO     | utils.logging:log_training_results:287 - val mean ABSerr: 1.9843522310256958
2023-04-30 13:57:10.769 | INFO     | utils.logging:log_training_results:290 - val ausat from confmx: 0.9646522998809814
2023-04-30 13:57:10.769 | INFO     | utils.logging:log_training_results:301 - val MCE loss:0.95934 * 0.5 * -1.37812
2023-04-30 13:57:10.770 | INFO     | utils.logging:log_training_results:309 - val LLLR :0.40864 * 0.2 * 0.92706
2023-04-30 13:57:10.770 | INFO     | utils.logging:log_training_results:317 - val weight decay:1632.89392 * 0.0005 * 0.62186
2023-04-30 13:57:10.866 | INFO     | utils.checkpoint:update_and_save_result:168 - [36mBest value updated![0m
2023-04-30 13:57:10.888 | INFO     | utils.checkpoint:save_checkpoint:83 - [36mSaved checkpoint[0m at step 750.
2023-04-30 13:57:10.891 | INFO     | utils.checkpoint:keep_max_num_saved_models:101 - Removed the oldest model for max_to_keep=1
2023-04-30 13:57:11.889 | INFO     | utils.logging:save_sdre_imgs:710 - Figures saved.
2023-04-30 13:57:12.415 | INFO     | utils.logging:log_training_results:280 - 
2023-04-30 13:57:12.415 | INFO     | utils.logging:log_training_results:281 - Global Step =    750
2023-04-30 13:57:12.416 | INFO     | utils.logging:log_training_results:282 - train mean(MacRec)_t: 0.8358030319213867
2023-04-30 13:57:12.416 | INFO     | utils.logging:log_training_results:287 - train mean ABSerr: 1.9810994863510132
2023-04-30 13:57:12.416 | INFO     | utils.logging:log_training_results:290 - train ausat from confmx: 0.9720271825790405
2023-04-30 13:57:12.417 | INFO     | utils.logging:log_training_results:301 - train MCE loss:0.95818 * 0.5 * -1.37810
2023-04-30 13:57:12.417 | INFO     | utils.logging:log_training_results:309 - train LLLR :0.41122 * 0.2 * 0.92704
2023-04-30 13:57:12.418 | INFO     | utils.logging:log_training_results:317 - train weight decay:1632.89380 * 0.0005 * 0.62187
2023-04-30 13:57:25.747 | INFO     | __main__:objective:356 - Starting epoch #2.
2023-04-30 13:58:28.229 | INFO     | utils.logging:log_training_results:280 - 
2023-04-30 13:58:28.229 | INFO     | utils.logging:log_training_results:281 - Global Step =   1000
2023-04-30 13:58:28.230 | INFO     | utils.logging:log_training_results:282 - val mean(MacRec)_t: 0.8618032932281494
2023-04-30 13:58:28.230 | INFO     | utils.logging:log_training_results:287 - val mean ABSerr: 1.3367496728897095
2023-04-30 13:58:28.231 | INFO     | utils.logging:log_training_results:290 - val ausat from confmx: 0.9759673476219177
2023-04-30 13:58:28.231 | INFO     | utils.logging:log_training_results:301 - val MCE loss:0.92248 * 0.5 * -1.37291
2023-04-30 13:58:28.232 | INFO     | utils.logging:log_training_results:309 - val LLLR :0.33898 * 0.2 * 0.92173
2023-04-30 13:58:28.232 | INFO     | utils.logging:log_training_results:317 - val weight decay:1582.57104 * 0.0005 * 0.62348
2023-04-30 13:58:28.325 | INFO     | utils.checkpoint:update_and_save_result:168 - [36mBest value updated![0m
2023-04-30 13:58:28.346 | INFO     | utils.checkpoint:save_checkpoint:83 - [36mSaved checkpoint[0m at step 1000.
2023-04-30 13:58:28.351 | INFO     | utils.checkpoint:keep_max_num_saved_models:101 - Removed the oldest model for max_to_keep=1
2023-04-30 13:58:29.160 | INFO     | utils.logging:save_sdre_imgs:710 - Figures saved.
2023-04-30 13:58:29.663 | INFO     | utils.logging:log_training_results:280 - 
2023-04-30 13:58:29.663 | INFO     | utils.logging:log_training_results:281 - Global Step =   1000
2023-04-30 13:58:29.664 | INFO     | utils.logging:log_training_results:282 - train mean(MacRec)_t: 0.8834986686706543
2023-04-30 13:58:29.664 | INFO     | utils.logging:log_training_results:287 - train mean ABSerr: 1.3795385360717773
2023-04-30 13:58:29.664 | INFO     | utils.logging:log_training_results:290 - train ausat from confmx: 0.9721764922142029
2023-04-30 13:58:29.665 | INFO     | utils.logging:log_training_results:301 - train MCE loss:0.91944 * 0.5 * -1.37289
2023-04-30 13:58:29.665 | INFO     | utils.logging:log_training_results:309 - train LLLR :0.30974 * 0.2 * 0.92171
2023-04-30 13:58:29.666 | INFO     | utils.logging:log_training_results:317 - train weight decay:1582.57104 * 0.0005 * 0.62348
2023-04-30 13:59:23.385 | INFO     | __main__:objective:356 - Starting epoch #3.
2023-04-30 13:59:45.771 | INFO     | utils.logging:log_training_results:280 - 
2023-04-30 13:59:45.771 | INFO     | utils.logging:log_training_results:281 - Global Step =   1250
2023-04-30 13:59:45.772 | INFO     | utils.logging:log_training_results:282 - val mean(MacRec)_t: 0.8697433471679688
2023-04-30 13:59:45.772 | INFO     | utils.logging:log_training_results:287 - val mean ABSerr: 0.8325244784355164
2023-04-30 13:59:45.773 | INFO     | utils.logging:log_training_results:290 - val ausat from confmx: 0.979824960231781
2023-04-30 13:59:45.773 | INFO     | utils.logging:log_training_results:301 - val MCE loss:0.90258 * 0.5 * -1.36769
2023-04-30 13:59:45.773 | INFO     | utils.logging:log_training_results:309 - val LLLR :0.31123 * 0.2 * 0.91642
2023-04-30 13:59:45.774 | INFO     | utils.logging:log_training_results:317 - val weight decay:1535.05896 * 0.0005 * 0.62360
2023-04-30 13:59:45.871 | INFO     | utils.checkpoint:update_and_save_result:168 - [36mBest value updated![0m
2023-04-30 13:59:45.890 | INFO     | utils.checkpoint:save_checkpoint:83 - [36mSaved checkpoint[0m at step 1250.
2023-04-30 13:59:45.893 | INFO     | utils.checkpoint:keep_max_num_saved_models:101 - Removed the oldest model for max_to_keep=1
2023-04-30 13:59:46.675 | INFO     | utils.logging:save_sdre_imgs:710 - Figures saved.
2023-04-30 13:59:47.187 | INFO     | utils.logging:log_training_results:280 - 
2023-04-30 13:59:47.188 | INFO     | utils.logging:log_training_results:281 - Global Step =   1250
2023-04-30 13:59:47.188 | INFO     | utils.logging:log_training_results:282 - train mean(MacRec)_t: 0.869700014591217
2023-04-30 13:59:47.189 | INFO     | utils.logging:log_training_results:287 - train mean ABSerr: 1.0169826745986938
2023-04-30 13:59:47.189 | INFO     | utils.logging:log_training_results:290 - train ausat from confmx: 0.9895464181900024
2023-04-30 13:59:47.189 | INFO     | utils.logging:log_training_results:301 - train MCE loss:0.89430 * 0.5 * -1.36767
2023-04-30 13:59:47.190 | INFO     | utils.logging:log_training_results:309 - train LLLR :0.30978 * 0.2 * 0.91640
2023-04-30 13:59:47.190 | INFO     | utils.logging:log_training_results:317 - train weight decay:1535.05896 * 0.0005 * 0.62360
2023-04-30 14:01:03.038 | INFO     | utils.logging:log_training_results:280 - 
2023-04-30 14:01:03.038 | INFO     | utils.logging:log_training_results:281 - Global Step =   1500
2023-04-30 14:01:03.039 | INFO     | utils.logging:log_training_results:282 - val mean(MacRec)_t: 0.8730499744415283
2023-04-30 14:01:03.039 | INFO     | utils.logging:log_training_results:287 - val mean ABSerr: 0.5453265905380249
2023-04-30 14:01:03.039 | INFO     | utils.logging:log_training_results:290 - val ausat from confmx: 0.9811945557594299
2023-04-30 14:01:03.040 | INFO     | utils.logging:log_training_results:301 - val MCE loss:0.89414 * 0.5 * -1.36248
2023-04-30 14:01:03.040 | INFO     | utils.logging:log_training_results:309 - val LLLR :0.30096 * 0.2 * 0.91112
2023-04-30 14:01:03.041 | INFO     | utils.logging:log_training_results:317 - val weight decay:1490.03345 * 0.0005 * 0.62200
2023-04-30 14:01:03.136 | INFO     | utils.checkpoint:update_and_save_result:168 - [36mBest value updated![0m
2023-04-30 14:01:03.155 | INFO     | utils.checkpoint:save_checkpoint:83 - [36mSaved checkpoint[0m at step 1500.
2023-04-30 14:01:03.159 | INFO     | utils.checkpoint:keep_max_num_saved_models:101 - Removed the oldest model for max_to_keep=1
2023-04-30 14:01:03.951 | INFO     | utils.logging:save_sdre_imgs:710 - Figures saved.
2023-04-30 14:01:04.456 | INFO     | utils.logging:log_training_results:280 - 
2023-04-30 14:01:04.456 | INFO     | utils.logging:log_training_results:281 - Global Step =   1500
2023-04-30 14:01:04.457 | INFO     | utils.logging:log_training_results:282 - train mean(MacRec)_t: 0.8543791174888611
2023-04-30 14:01:04.457 | INFO     | utils.logging:log_training_results:287 - train mean ABSerr: 0.8143295645713806
2023-04-30 14:01:04.457 | INFO     | utils.logging:log_training_results:290 - train ausat from confmx: 0.9828250408172607
2023-04-30 14:01:04.458 | INFO     | utils.logging:log_training_results:301 - train MCE loss:0.88486 * 0.5 * -1.36245
2023-04-30 14:01:04.458 | INFO     | utils.logging:log_training_results:309 - train LLLR :0.34773 * 0.2 * 0.91110
2023-04-30 14:01:04.459 | INFO     | utils.logging:log_training_results:317 - train weight decay:1490.03333 * 0.0005 * 0.62199
2023-04-30 14:01:31.356 | INFO     | __main__:objective:356 - Starting epoch #4.
2023-04-30 14:02:21.041 | INFO     | utils.logging:log_training_results:280 - 
2023-04-30 14:02:21.042 | INFO     | utils.logging:log_training_results:281 - Global Step =   1750
2023-04-30 14:02:21.042 | INFO     | utils.logging:log_training_results:282 - val mean(MacRec)_t: 0.87416672706604
2023-04-30 14:02:21.042 | INFO     | utils.logging:log_training_results:287 - val mean ABSerr: 0.4072287976741791
2023-04-30 14:02:21.043 | INFO     | utils.logging:log_training_results:290 - val ausat from confmx: 0.981520414352417
2023-04-30 14:02:21.043 | INFO     | utils.logging:log_training_results:301 - val MCE loss:0.89066 * 0.5 * -1.35726
2023-04-30 14:02:21.044 | INFO     | utils.logging:log_training_results:309 - val LLLR :0.29708 * 0.2 * 0.90585
2023-04-30 14:02:21.044 | INFO     | utils.logging:log_training_results:317 - val weight decay:1447.46069 * 0.0005 * 0.61870
2023-04-30 14:02:21.139 | INFO     | utils.checkpoint:update_and_save_result:168 - [36mBest value updated![0m
2023-04-30 14:02:21.158 | INFO     | utils.checkpoint:save_checkpoint:83 - [36mSaved checkpoint[0m at step 1750.
2023-04-30 14:02:21.161 | INFO     | utils.checkpoint:keep_max_num_saved_models:101 - Removed the oldest model for max_to_keep=1
2023-04-30 14:02:21.980 | INFO     | utils.logging:save_sdre_imgs:710 - Figures saved.
2023-04-30 14:02:22.492 | INFO     | utils.logging:log_training_results:280 - 
2023-04-30 14:02:22.493 | INFO     | utils.logging:log_training_results:281 - Global Step =   1750
2023-04-30 14:02:22.493 | INFO     | utils.logging:log_training_results:282 - train mean(MacRec)_t: 0.8837476968765259
2023-04-30 14:02:22.493 | INFO     | utils.logging:log_training_results:287 - train mean ABSerr: 0.7361422777175903
2023-04-30 14:02:22.494 | INFO     | utils.logging:log_training_results:290 - train ausat from confmx: 0.9696658253669739
2023-04-30 14:02:22.494 | INFO     | utils.logging:log_training_results:301 - train MCE loss:0.89098 * 0.5 * -1.35724
2023-04-30 14:02:22.495 | INFO     | utils.logging:log_training_results:309 - train LLLR :0.29652 * 0.2 * 0.90583
2023-04-30 14:02:22.495 | INFO     | utils.logging:log_training_results:317 - train weight decay:1447.46069 * 0.0005 * 0.61869
2023-04-30 14:03:30.052 | INFO     | __main__:objective:356 - Starting epoch #5.
2023-04-30 14:03:39.238 | INFO     | utils.logging:log_training_results:280 - 
2023-04-30 14:03:39.239 | INFO     | utils.logging:log_training_results:281 - Global Step =   2000
2023-04-30 14:03:39.239 | INFO     | utils.logging:log_training_results:282 - val mean(MacRec)_t: 0.8748499751091003
2023-04-30 14:03:39.239 | INFO     | utils.logging:log_training_results:287 - val mean ABSerr: 0.340420663356781
2023-04-30 14:03:39.240 | INFO     | utils.logging:log_training_results:290 - val ausat from confmx: 0.9816380739212036
2023-04-30 14:03:39.240 | INFO     | utils.logging:log_training_results:301 - val MCE loss:0.88909 * 0.5 * -1.35204
2023-04-30 14:03:39.241 | INFO     | utils.logging:log_training_results:309 - val LLLR :0.29592 * 0.2 * 0.90058
2023-04-30 14:03:39.241 | INFO     | utils.logging:log_training_results:317 - val weight decay:1407.22656 * 0.0005 * 0.61406
2023-04-30 14:03:39.341 | INFO     | utils.checkpoint:update_and_save_result:168 - [36mBest value updated![0m
2023-04-30 14:03:39.360 | INFO     | utils.checkpoint:save_checkpoint:83 - [36mSaved checkpoint[0m at step 2000.
2023-04-30 14:03:39.363 | INFO     | utils.checkpoint:keep_max_num_saved_models:101 - Removed the oldest model for max_to_keep=1
2023-04-30 14:03:40.161 | INFO     | utils.logging:save_sdre_imgs:710 - Figures saved.
2023-04-30 14:03:40.681 | INFO     | utils.logging:log_training_results:280 - 
2023-04-30 14:03:40.682 | INFO     | utils.logging:log_training_results:281 - Global Step =   2000
2023-04-30 14:03:40.682 | INFO     | utils.logging:log_training_results:282 - train mean(MacRec)_t: 0.8876476883888245
2023-04-30 14:03:40.683 | INFO     | utils.logging:log_training_results:287 - train mean ABSerr: 0.7030385136604309
2023-04-30 14:03:40.683 | INFO     | utils.logging:log_training_results:290 - train ausat from confmx: 0.9826976656913757
2023-04-30 14:03:40.685 | INFO     | utils.logging:log_training_results:301 - train MCE loss:0.88833 * 0.5 * -1.35202
2023-04-30 14:03:40.686 | INFO     | utils.logging:log_training_results:309 - train LLLR :0.27686 * 0.2 * 0.90056
2023-04-30 14:03:40.686 | INFO     | utils.logging:log_training_results:317 - train weight decay:1407.22656 * 0.0005 * 0.61404
2023-04-30 14:04:56.938 | INFO     | utils.logging:log_training_results:280 - 
2023-04-30 14:04:56.938 | INFO     | utils.logging:log_training_results:281 - Global Step =   2250
2023-04-30 14:04:56.939 | INFO     | utils.logging:log_training_results:282 - val mean(MacRec)_t: 0.8751699924468994
2023-04-30 14:04:56.939 | INFO     | utils.logging:log_training_results:287 - val mean ABSerr: 0.3114466369152069
2023-04-30 14:04:56.939 | INFO     | utils.logging:log_training_results:290 - val ausat from confmx: 0.9815856218338013
2023-04-30 14:04:56.940 | INFO     | utils.logging:log_training_results:301 - val MCE loss:0.88824 * 0.5 * -1.34683
2023-04-30 14:04:56.940 | INFO     | utils.logging:log_training_results:309 - val LLLR :0.29483 * 0.2 * 0.89532
2023-04-30 14:04:56.941 | INFO     | utils.logging:log_training_results:317 - val weight decay:1369.19910 * 0.0005 * 0.60858
2023-04-30 14:04:57.030 | INFO     | utils.checkpoint:update_and_save_result:168 - [36mBest value updated![0m
2023-04-30 14:04:57.050 | INFO     | utils.checkpoint:save_checkpoint:83 - [36mSaved checkpoint[0m at step 2250.
2023-04-30 14:04:57.053 | INFO     | utils.checkpoint:keep_max_num_saved_models:101 - Removed the oldest model for max_to_keep=1
2023-04-30 14:04:57.862 | INFO     | utils.logging:save_sdre_imgs:710 - Figures saved.
2023-04-30 14:04:58.373 | INFO     | utils.logging:log_training_results:280 - 
2023-04-30 14:04:58.374 | INFO     | utils.logging:log_training_results:281 - Global Step =   2250
2023-04-30 14:04:58.374 | INFO     | utils.logging:log_training_results:282 - train mean(MacRec)_t: 0.8508831858634949
2023-04-30 14:04:58.375 | INFO     | utils.logging:log_training_results:287 - train mean ABSerr: 0.6321019530296326
2023-04-30 14:04:58.375 | INFO     | utils.logging:log_training_results:290 - train ausat from confmx: 0.9887452721595764
2023-04-30 14:04:58.376 | INFO     | utils.logging:log_training_results:301 - train MCE loss:0.89556 * 0.5 * -1.34681
2023-04-30 14:04:58.376 | INFO     | utils.logging:log_training_results:309 - train LLLR :0.34242 * 0.2 * 0.89530
2023-04-30 14:04:58.376 | INFO     | utils.logging:log_training_results:317 - train weight decay:1369.19910 * 0.0005 * 0.60856
2023-04-30 14:05:39.384 | INFO     | __main__:objective:356 - Starting epoch #6.
2023-04-30 14:06:15.828 | INFO     | utils.logging:log_training_results:280 - 
2023-04-30 14:06:15.831 | INFO     | utils.logging:log_training_results:281 - Global Step =   2500
2023-04-30 14:06:15.831 | INFO     | utils.logging:log_training_results:282 - val mean(MacRec)_t: 0.8753366470336914
2023-04-30 14:06:15.832 | INFO     | utils.logging:log_training_results:287 - val mean ABSerr: 0.29568129777908325
2023-04-30 14:06:15.832 | INFO     | utils.logging:log_training_results:290 - val ausat from confmx: 0.9826585054397583
2023-04-30 14:06:15.833 | INFO     | utils.logging:log_training_results:301 - val MCE loss:0.88786 * 0.5 * -1.34162
2023-04-30 14:06:15.833 | INFO     | utils.logging:log_training_results:309 - val LLLR :0.29446 * 0.2 * 0.89006
2023-04-30 14:06:15.834 | INFO     | utils.logging:log_training_results:317 - val weight decay:1333.28650 * 0.0005 * 0.60266
2023-04-30 14:06:15.935 | INFO     | utils.checkpoint:update_and_save_result:168 - [36mBest value updated![0m
2023-04-30 14:06:15.954 | INFO     | utils.checkpoint:save_checkpoint:83 - [36mSaved checkpoint[0m at step 2500.
2023-04-30 14:06:15.957 | INFO     | utils.checkpoint:keep_max_num_saved_models:101 - Removed the oldest model for max_to_keep=1
2023-04-30 14:06:16.963 | INFO     | utils.logging:save_sdre_imgs:710 - Figures saved.
2023-04-30 14:06:17.477 | INFO     | utils.logging:log_training_results:280 - 
2023-04-30 14:06:17.478 | INFO     | utils.logging:log_training_results:281 - Global Step =   2500
2023-04-30 14:06:17.478 | INFO     | utils.logging:log_training_results:282 - train mean(MacRec)_t: 0.8632170557975769
2023-04-30 14:06:17.478 | INFO     | utils.logging:log_training_results:287 - train mean ABSerr: 0.6587454080581665
2023-04-30 14:06:17.479 | INFO     | utils.logging:log_training_results:290 - train ausat from confmx: 0.9950399398803711
2023-04-30 14:06:17.479 | INFO     | utils.logging:log_training_results:301 - train MCE loss:0.89590 * 0.5 * -1.34159
2023-04-30 14:06:17.480 | INFO     | utils.logging:log_training_results:309 - train LLLR :0.32754 * 0.2 * 0.89004
2023-04-30 14:06:17.480 | INFO     | utils.logging:log_training_results:317 - train weight decay:1333.28650 * 0.0005 * 0.60264
2023-04-30 14:07:34.818 | INFO     | utils.logging:log_training_results:280 - 
2023-04-30 14:07:34.818 | INFO     | utils.logging:log_training_results:281 - Global Step =   2750
2023-04-30 14:07:34.819 | INFO     | utils.logging:log_training_results:282 - val mean(MacRec)_t: 0.8754032850265503
2023-04-30 14:07:34.819 | INFO     | utils.logging:log_training_results:287 - val mean ABSerr: 0.28150105476379395
2023-04-30 14:07:34.820 | INFO     | utils.logging:log_training_results:290 - val ausat from confmx: 0.981652557849884
2023-04-30 14:07:34.821 | INFO     | utils.logging:log_training_results:301 - val MCE loss:0.88740 * 0.5 * -1.33640
2023-04-30 14:07:34.821 | INFO     | utils.logging:log_training_results:309 - val LLLR :0.29437 * 0.2 * 0.88481
2023-04-30 14:07:34.822 | INFO     | utils.logging:log_training_results:317 - val weight decay:1299.41687 * 0.0005 * 0.59658
2023-04-30 14:07:34.917 | INFO     | utils.checkpoint:update_and_save_result:168 - [36mBest value updated![0m
2023-04-30 14:07:34.936 | INFO     | utils.checkpoint:save_checkpoint:83 - [36mSaved checkpoint[0m at step 2750.
2023-04-30 14:07:34.940 | INFO     | utils.checkpoint:keep_max_num_saved_models:101 - Removed the oldest model for max_to_keep=1
2023-04-30 14:07:35.738 | INFO     | utils.logging:save_sdre_imgs:710 - Figures saved.
2023-04-30 14:07:36.260 | INFO     | utils.logging:log_training_results:280 - 
2023-04-30 14:07:36.261 | INFO     | utils.logging:log_training_results:281 - Global Step =   2750
2023-04-30 14:07:36.261 | INFO     | utils.logging:log_training_results:282 - train mean(MacRec)_t: 0.8654440641403198
2023-04-30 14:07:36.262 | INFO     | utils.logging:log_training_results:287 - train mean ABSerr: 0.6534181833267212
2023-04-30 14:07:36.262 | INFO     | utils.logging:log_training_results:290 - train ausat from confmx: 0.9631941318511963
2023-04-30 14:07:36.262 | INFO     | utils.logging:log_training_results:301 - train MCE loss:0.89375 * 0.5 * -1.33638
2023-04-30 14:07:36.263 | INFO     | utils.logging:log_training_results:309 - train LLLR :0.31261 * 0.2 * 0.88478
2023-04-30 14:07:36.263 | INFO     | utils.logging:log_training_results:317 - train weight decay:1299.41675 * 0.0005 * 0.59655
2023-04-30 14:07:49.820 | INFO     | __main__:objective:356 - Starting epoch #7.
2023-04-30 14:08:53.874 | INFO     | utils.logging:log_training_results:280 - 
2023-04-30 14:08:53.875 | INFO     | utils.logging:log_training_results:281 - Global Step =   3000
2023-04-30 14:08:53.875 | INFO     | utils.logging:log_training_results:282 - val mean(MacRec)_t: 0.8755567073822021
2023-04-30 14:08:53.876 | INFO     | utils.logging:log_training_results:287 - val mean ABSerr: 0.2739028334617615
2023-04-30 14:08:53.876 | INFO     | utils.logging:log_training_results:290 - val ausat from confmx: 0.9822245836257935
2023-04-30 14:08:53.876 | INFO     | utils.logging:log_training_results:301 - val MCE loss:0.88715 * 0.5 * -1.33120
2023-04-30 14:08:53.877 | INFO     | utils.logging:log_training_results:309 - val LLLR :0.29401 * 0.2 * 0.87955
2023-04-30 14:08:53.877 | INFO     | utils.logging:log_training_results:317 - val weight decay:1267.49512 * 0.0005 * 0.59045
2023-04-30 14:08:53.970 | INFO     | utils.checkpoint:update_and_save_result:168 - [36mBest value updated![0m
2023-04-30 14:08:53.991 | INFO     | utils.checkpoint:save_checkpoint:83 - [36mSaved checkpoint[0m at step 3000.
2023-04-30 14:08:53.995 | INFO     | utils.checkpoint:keep_max_num_saved_models:101 - Removed the oldest model for max_to_keep=1
2023-04-30 14:08:54.777 | INFO     | utils.logging:save_sdre_imgs:710 - Figures saved.
2023-04-30 14:08:55.280 | INFO     | utils.logging:log_training_results:280 - 
2023-04-30 14:08:55.280 | INFO     | utils.logging:log_training_results:281 - Global Step =   3000
2023-04-30 14:08:55.280 | INFO     | utils.logging:log_training_results:282 - train mean(MacRec)_t: 0.8824813365936279
2023-04-30 14:08:55.281 | INFO     | utils.logging:log_training_results:287 - train mean ABSerr: 0.6086063385009766
2023-04-30 14:08:55.281 | INFO     | utils.logging:log_training_results:290 - train ausat from confmx: 0.969047486782074
2023-04-30 14:08:55.282 | INFO     | utils.logging:log_training_results:301 - train MCE loss:0.88679 * 0.5 * -1.33118
2023-04-30 14:08:55.282 | INFO     | utils.logging:log_training_results:309 - train LLLR :0.27707 * 0.2 * 0.87953
2023-04-30 14:08:55.282 | INFO     | utils.logging:log_training_results:317 - train weight decay:1267.49512 * 0.0005 * 0.59043
2023-04-30 14:09:49.497 | INFO     | __main__:objective:356 - Starting epoch #8.
2023-04-30 14:10:11.846 | INFO     | utils.logging:log_training_results:280 - 
2023-04-30 14:10:11.846 | INFO     | utils.logging:log_training_results:281 - Global Step =   3250
2023-04-30 14:10:11.847 | INFO     | utils.logging:log_training_results:282 - val mean(MacRec)_t: 0.8756433129310608
2023-04-30 14:10:11.847 | INFO     | utils.logging:log_training_results:287 - val mean ABSerr: 0.28723183274269104
2023-04-30 14:10:11.847 | INFO     | utils.logging:log_training_results:290 - val ausat from confmx: 0.9817907214164734
2023-04-30 14:10:11.848 | INFO     | utils.logging:log_training_results:301 - val MCE loss:0.88713 * 0.5 * -1.32600
2023-04-30 14:10:11.848 | INFO     | utils.logging:log_training_results:309 - val LLLR :0.29391 * 0.2 * 0.87430
2023-04-30 14:10:11.848 | INFO     | utils.logging:log_training_results:317 - val weight decay:1237.41821 * 0.0005 * 0.58437
2023-04-30 14:10:11.940 | INFO     | utils.checkpoint:update_and_save_result:168 - [36mBest value updated![0m
2023-04-30 14:10:11.960 | INFO     | utils.checkpoint:save_checkpoint:83 - [36mSaved checkpoint[0m at step 3250.
2023-04-30 14:10:11.963 | INFO     | utils.checkpoint:keep_max_num_saved_models:101 - Removed the oldest model for max_to_keep=1
2023-04-30 14:10:12.750 | INFO     | utils.logging:save_sdre_imgs:710 - Figures saved.
2023-04-30 14:10:13.261 | INFO     | utils.logging:log_training_results:280 - 
2023-04-30 14:10:13.261 | INFO     | utils.logging:log_training_results:281 - Global Step =   3250
2023-04-30 14:10:13.261 | INFO     | utils.logging:log_training_results:282 - train mean(MacRec)_t: 0.8679636716842651
2023-04-30 14:10:13.262 | INFO     | utils.logging:log_training_results:287 - train mean ABSerr: 0.6209990978240967
2023-04-30 14:10:13.262 | INFO     | utils.logging:log_training_results:290 - train ausat from confmx: 0.9762067198753357
2023-04-30 14:10:13.264 | INFO     | utils.logging:log_training_results:301 - train MCE loss:0.88813 * 0.5 * -1.32598
2023-04-30 14:10:13.264 | INFO     | utils.logging:log_training_results:309 - train LLLR :0.30581 * 0.2 * 0.87428
2023-04-30 14:10:13.264 | INFO     | utils.logging:log_training_results:317 - train weight decay:1237.41821 * 0.0005 * 0.58435
2023-04-30 14:11:29.725 | INFO     | utils.logging:log_training_results:280 - 
2023-04-30 14:11:29.726 | INFO     | utils.logging:log_training_results:281 - Global Step =   3500
2023-04-30 14:11:29.726 | INFO     | utils.logging:log_training_results:282 - val mean(MacRec)_t: 0.8752366304397583
2023-04-30 14:11:29.727 | INFO     | utils.logging:log_training_results:287 - val mean ABSerr: 0.2744503617286682
2023-04-30 14:11:29.727 | INFO     | utils.logging:log_training_results:290 - val ausat from confmx: 0.9817572832107544
2023-04-30 14:11:29.728 | INFO     | utils.logging:log_training_results:301 - val MCE loss:0.88700 * 0.5 * -1.32080
2023-04-30 14:11:29.728 | INFO     | utils.logging:log_training_results:309 - val LLLR :0.29480 * 0.2 * 0.86905
2023-04-30 14:11:29.728 | INFO     | utils.logging:log_training_results:317 - val weight decay:1209.28564 * 0.0005 * 0.57836
2023-04-30 14:11:30.624 | INFO     | utils.logging:save_sdre_imgs:710 - Figures saved.
2023-04-30 14:11:31.136 | INFO     | utils.logging:log_training_results:280 - 
2023-04-30 14:11:31.136 | INFO     | utils.logging:log_training_results:281 - Global Step =   3500
2023-04-30 14:11:31.137 | INFO     | utils.logging:log_training_results:282 - train mean(MacRec)_t: 0.8703597784042358
2023-04-30 14:11:31.137 | INFO     | utils.logging:log_training_results:287 - train mean ABSerr: 0.6195881962776184
2023-04-30 14:11:31.137 | INFO     | utils.logging:log_training_results:290 - train ausat from confmx: 0.970305860042572
2023-04-30 14:11:31.138 | INFO     | utils.logging:log_training_results:301 - train MCE loss:0.88763 * 0.5 * -1.32078
2023-04-30 14:11:31.138 | INFO     | utils.logging:log_training_results:309 - train LLLR :0.34240 * 0.2 * 0.86903
2023-04-30 14:11:31.139 | INFO     | utils.logging:log_training_results:317 - train weight decay:1209.28564 * 0.0005 * 0.57834
2023-04-30 14:11:58.183 | INFO     | __main__:objective:356 - Starting epoch #9.
2023-04-30 14:12:48.020 | INFO     | utils.logging:log_training_results:280 - 
2023-04-30 14:12:48.020 | INFO     | utils.logging:log_training_results:281 - Global Step =   3750
2023-04-30 14:12:48.021 | INFO     | utils.logging:log_training_results:282 - val mean(MacRec)_t: 0.8757333159446716
2023-04-30 14:12:48.021 | INFO     | utils.logging:log_training_results:287 - val mean ABSerr: 0.27022361755371094
2023-04-30 14:12:48.022 | INFO     | utils.logging:log_training_results:290 - val ausat from confmx: 0.981745183467865
2023-04-30 14:12:48.022 | INFO     | utils.logging:log_training_results:301 - val MCE loss:0.88677 * 0.5 * -1.31561
2023-04-30 14:12:48.022 | INFO     | utils.logging:log_training_results:309 - val LLLR :0.29391 * 0.2 * 0.86379
2023-04-30 14:12:48.023 | INFO     | utils.logging:log_training_results:317 - val weight decay:1182.85278 * 0.0005 * 0.57245
2023-04-30 14:12:48.118 | INFO     | utils.checkpoint:update_and_save_result:168 - [36mBest value updated![0m
2023-04-30 14:12:48.141 | INFO     | utils.checkpoint:save_checkpoint:83 - [36mSaved checkpoint[0m at step 3750.
2023-04-30 14:12:48.145 | INFO     | utils.checkpoint:keep_max_num_saved_models:101 - Removed the oldest model for max_to_keep=1
2023-04-30 14:12:48.955 | INFO     | utils.logging:save_sdre_imgs:710 - Figures saved.
2023-04-30 14:12:49.462 | INFO     | utils.logging:log_training_results:280 - 
2023-04-30 14:12:49.463 | INFO     | utils.logging:log_training_results:281 - Global Step =   3750
2023-04-30 14:12:49.463 | INFO     | utils.logging:log_training_results:282 - train mean(MacRec)_t: 0.85993891954422
2023-04-30 14:12:49.463 | INFO     | utils.logging:log_training_results:287 - train mean ABSerr: 0.588706910610199
2023-04-30 14:12:49.464 | INFO     | utils.logging:log_training_results:290 - train ausat from confmx: 0.9758366942405701
2023-04-30 14:12:49.464 | INFO     | utils.logging:log_training_results:301 - train MCE loss:0.88747 * 0.5 * -1.31558
2023-04-30 14:12:49.465 | INFO     | utils.logging:log_training_results:309 - train LLLR :0.35107 * 0.2 * 0.86377
2023-04-30 14:12:49.465 | INFO     | utils.logging:log_training_results:317 - train weight decay:1182.85278 * 0.0005 * 0.57243
2023-04-30 14:13:57.382 | INFO     | utils.logging:investigate_log:155 - num_warning=0/num_error=0 in the .log file.
2023-04-30 14:13:57.561 | INFO     | optuna.study.study:_log_completed_trial:1020 - Trial 19 finished with value: 0.12426668405532837 and parameters: {'LIST_IS_POSITIONAL_ENCODING': False, 'LIST_MODEL_BACKBONE': 'Transformer', 'LIST_WEIGHT_DECAY': 0.0005, 'LIST_LEARNING_RATE': 2.057551377713282e-05, 'LIST_LLLR_VERSION': 'LSEL', 'LIST_ACTIVATION_FC': 'B2BsqrtV2', 'LIST_PARAM_MULTIPLET_LOSS': 0.5, 'LIST_PARAM_LLR_LOSS': 0.2, 'LIST_IS_ADAPTIVE_LOSS': True, 'LIST_ORDER_SPRT': 4, 'LIST_OPTIMIZER': 'adam', 'LIST_IS_NORMALIZE': False, 'LIST_NUM_THRESH': 1000, 'LIST_SPARSITY': 'logspace', 'LIST_NUM_BLOCKS': 2, 'LIST_NUM_HEADS': 4, 'LIST_DROPOUT': 0.1, 'LIST_FF_DIM': 64, 'LIST_MLP_UNITS': 64}. Best is trial 16 with value: 0.12354999780654907.
2023-04-30 14:13:57.578 | INFO     | utils.hyperparameter_tuning:suggest_parameters:560 - [33mStarting a tuning phase.[0m
2023-04-30 14:13:58.023 | INFO     | utils.hyperparameter_tuning:print:394 - 
+------------------------------------------+
|   Hyperparameteres suggested by Optuna   |
+------------------------+-----------------+
|     Parameter name     | Suggested value |
+------------------------+-----------------+
|     ACTIVATION_FC      |    B2BsqrtV2    |
|        DROPOUT         |       0.3       |
|         FF_DIM         |        64       |
|    IS_ADAPTIVE_LOSS    |       True      |
|      IS_NORMALIZE      |      False      |
| IS_POSITIONAL_ENCODING |      False      |
|     LEARNING_RATE      |    4.7876e-05   |
|      LLLR_VERSION      |       LSEL      |
|       MLP_UNITS        |        64       |
|     MODEL_BACKBONE     |   Transformer   |
|       NUM_BLOCKS       |        2        |
|       NUM_HEADS        |        4        |
|       NUM_THRESH       |       500       |
|       OPTIMIZER        |       adam      |
|       ORDER_SPRT       |        5        |
|     PARAM_LLR_LOSS     |       0.1       |
|  PARAM_MULTIPLET_LOSS  |       0.9       |
|        SPARSITY        |     logspace    |
|      WEIGHT_DECAY      |      0.0002     |
+------------------------+-----------------+
2023-04-30 14:13:58.025 | INFO     | utils.misc:create_directories_and_log:291 - [33mA new log directory was created: [0m/home/afe/Dropbox/GitHub/SPRT-TANDEM-PyTorch/logs/public_offset0_5_optimmacrec_tuning/checkpoints/Transformer_20230430_141358024/configs
2023-04-30 14:13:58.026 | INFO     | utils.misc:create_directories_and_log:291 - [33mA new log directory was created: [0m/home/afe/Dropbox/GitHub/SPRT-TANDEM-PyTorch/logs/public_offset0_5_optimmacrec_tuning/TensorBoard_events/Transformer_20230430_141358024
