2023-04-30 22:15:58.845 | INFO     | utils.misc:fix_random_seed:405 - Random seed is not fixed.
2023-04-30 22:15:58.865 | INFO     | models.temporal_integrators:summarize:568 - 
:'######::'########::'########::'########::::::::::::::::::::::
'##... ##: ##.... ##: ##.... ##:... ##..:::::::::::::::::::::::
 ##:::..:: ##:::: ##: ##:::: ##:::: ##:::::::::::::::::::::::::
. ######:: ########:: ########::::: ##::::'#######:::::::::::::
:..... ##: ##.....::: ##.. ##:::::: ##::::........:::::::::::::
'##::: ##: ##:::::::: ##::. ##::::: ##:::::::::::::::::::::::::
. ######:: ##:::::::: ##:::. ##:::: ##:::::::::::::::::::::::::
:......:::..:::::::::..:::::..:::::..::::::::::::::::::::::::::
'########::::'###::::'##::: ##:'########::'########:'##::::'##:
... ##..::::'## ##::: ###:: ##: ##.... ##: ##.....:: ###::'###:
::: ##:::::'##:. ##:: ####: ##: ##:::: ##: ##::::::: ####'####:
::: ##::::'##:::. ##: ## ## ##: ##:::: ##: ######::: ## ### ##:
::: ##:::: #########: ##. ####: ##:::: ##: ##...:::: ##. #: ##:
::: ##:::: ##.... ##: ##:. ###: ##:::: ##: ##::::::: ##:.:: ##:
::: ##:::: ##:::: ##: ##::. ##: ########:: ########: ##:::: ##:
:::..:::::..:::::..::..::::..::........:::........::..:::::..::

2023-04-30 22:15:58.866 | INFO     | models.temporal_integrators:summarize:571 - [34mofficial PyTorch implementation.[0m
2023-04-30 22:15:59.256 | INFO     | models.temporal_integrators:summarize:593 - Network summary:
===============================================================================================
Layer (type:depth-idx)                        Output Shape              Param #
===============================================================================================
TANDEMformer                                  [150, 50, 3, 3]           643
├─TransformerEncoder: 1-1                     [6900, 1, 128]            --
│    └─ModuleList: 2-5                        --                        (recursive)
│    │    └─TransformerEncoderLayer: 3-1      [6900, 1, 128]            83,136
├─Linear: 1-2                                 [6900, 32]                4,128
├─Dropout: 1-3                                [6900, 32]                --
├─TransformerEncoder: 1-4                     [6900, 2, 128]            (recursive)
│    └─ModuleList: 2-5                        --                        (recursive)
│    │    └─TransformerEncoderLayer: 3-2      [6900, 2, 128]            (recursive)
├─Linear: 1-5                                 [6900, 32]                (recursive)
├─Dropout: 1-6                                [6900, 32]                --
├─TransformerEncoder: 1-7                     [6900, 3, 128]            (recursive)
│    └─ModuleList: 2-5                        --                        (recursive)
│    │    └─TransformerEncoderLayer: 3-3      [6900, 3, 128]            (recursive)
├─Linear: 1-8                                 [6900, 32]                (recursive)
├─Dropout: 1-9                                [6900, 32]                --
├─TransformerEncoder: 1-10                    [6900, 4, 128]            (recursive)
│    └─ModuleList: 2-5                        --                        (recursive)
│    │    └─TransformerEncoderLayer: 3-4      [6900, 4, 128]            (recursive)
├─Linear: 1-11                                [6900, 32]                (recursive)
├─Dropout: 1-12                               [6900, 32]                --
├─TransformerEncoder: 1-13                    [6900, 5, 128]            (recursive)
│    └─ModuleList: 2-5                        --                        (recursive)
│    │    └─TransformerEncoderLayer: 3-5      [6900, 5, 128]            (recursive)
├─Linear: 1-14                                [6900, 32]                (recursive)
├─Dropout: 1-15                               [6900, 32]                --
├─Linear: 1-16                                [6900, 3]                 99
├─Linear: 1-17                                [6900, 3]                 (recursive)
├─Linear: 1-18                                [6900, 3]                 (recursive)
├─Linear: 1-19                                [6900, 3]                 (recursive)
├─Linear: 1-20                                [6900, 3]                 (recursive)
===============================================================================================
Total params: 88,006
Trainable params: 88,006
Non-trainable params: 0
Total mult-adds (M): 735.37
===============================================================================================
Input size (MB): 3.84
Forward/backward pass size (MB): 380.60
Params size (MB): 0.09
Estimated Total Size (MB): 384.53
===============================================================================================
2023-04-30 22:15:59.257 | INFO     | models.temporal_integrators:summarize:594 - Example input shape: torch.Size([150, 50, 128])
2023-04-30 22:15:59.257 | INFO     | models.temporal_integrators:summarize:595 - Example output shape: torch.Size([150, 50, 3, 3])
2023-04-30 22:15:59.259 | INFO     | models.temporal_integrators:import_model:58 - model moved onto: [33mcuda.[0m
2023-04-30 22:15:59.260 | INFO     | models.optimizers:initialize_optimizer:44 - Optimizer:
AdamW (
Parameter Group 0
    amsgrad: False
    betas: (0.9, 0.999)
    capturable: False
    differentiable: False
    eps: 1e-08
    foreach: None
    fused: None
    lr: 4.333212395330287e-05
    maximize: False
    weight_decay: 0.0005
)
2023-04-30 22:15:59.260 | INFO     | datasets.data_processing:lmdb_dataloaders:293 - loading data... 
2023-04-30 22:15:59.261 | INFO     | datasets.data_processing:lmdb_dataloaders:295 - If this process takes long, consider setting is_load_onto_memory=False or use LMDBIterableDataset.
2023-04-30 22:16:01.707 | INFO     | __main__:objective:356 - Starting epoch #0.
2023-04-30 22:16:10.171 | INFO     | utils.logging:log_training_results:280 - 
2023-04-30 22:16:10.171 | INFO     | utils.logging:log_training_results:281 - Global Step =      0
2023-04-30 22:16:10.172 | INFO     | utils.logging:log_training_results:282 - val mean(MacRec)_t: 0.2683666944503784
2023-04-30 22:16:10.172 | INFO     | utils.logging:log_training_results:287 - val mean ABSerr: 3.529917001724243
2023-04-30 22:16:10.172 | INFO     | utils.logging:log_training_results:290 - val ausat from confmx: 0.23822933435440063
2023-04-30 22:16:10.173 | INFO     | utils.logging:log_training_results:301 - val MCE loss:1.10503 * 0.8 * 0.00256
2023-04-30 22:16:10.173 | INFO     | utils.logging:log_training_results:309 - val LLLR :1.15678 * 0.0 * -1.46739
2023-04-30 22:16:10.174 | INFO     | utils.logging:log_training_results:317 - val weight decay:1238.01501 * 0.0005 * -2.12944
2023-04-30 22:16:11.093 | INFO     | utils.logging:save_sdre_imgs:710 - Figures saved.
2023-04-30 22:16:11.603 | INFO     | utils.logging:log_training_results:280 - 
2023-04-30 22:16:11.603 | INFO     | utils.logging:log_training_results:281 - Global Step =      0
2023-04-30 22:16:11.604 | INFO     | utils.logging:log_training_results:282 - train mean(MacRec)_t: 0.3467085063457489
2023-04-30 22:16:11.604 | INFO     | utils.logging:log_training_results:287 - train mean ABSerr: 3.543860673904419
2023-04-30 22:16:11.605 | INFO     | utils.logging:log_training_results:290 - train ausat from confmx: 0.31592506170272827
2023-04-30 22:16:11.605 | INFO     | utils.logging:log_training_results:301 - train MCE loss:1.10524 * 0.8 * 0.00260
2023-04-30 22:16:11.606 | INFO     | utils.logging:log_training_results:309 - train LLLR :1.20558 * 0.0 * -1.46734
2023-04-30 22:16:11.606 | INFO     | utils.logging:log_training_results:317 - train weight decay:1238.01501 * 0.0005 * -2.12940
2023-04-30 22:17:18.246 | INFO     | utils.logging:log_training_results:280 - 
2023-04-30 22:17:18.247 | INFO     | utils.logging:log_training_results:281 - Global Step =    250
2023-04-30 22:17:18.247 | INFO     | utils.logging:log_training_results:282 - val mean(MacRec)_t: 0.6148966550827026
2023-04-30 22:17:18.247 | INFO     | utils.logging:log_training_results:287 - val mean ABSerr: 3.3402700424194336
2023-04-30 22:17:18.248 | INFO     | utils.logging:log_training_results:290 - val ausat from confmx: 0.738673985004425
2023-04-30 22:17:18.248 | INFO     | utils.logging:log_training_results:301 - val MCE loss:1.07968 * 0.8 * 0.00700
2023-04-30 22:17:18.249 | INFO     | utils.logging:log_training_results:309 - val LLLR :0.94535 * 0.0 * -1.45653
2023-04-30 22:17:18.249 | INFO     | utils.logging:log_training_results:317 - val weight decay:1227.85742 * 0.0005 * -2.11859
2023-04-30 22:17:18.344 | INFO     | utils.checkpoint:update_and_save_result:168 - [36mBest value updated![0m
2023-04-30 22:17:18.357 | INFO     | utils.checkpoint:save_checkpoint:83 - [36mSaved checkpoint[0m at step 250.
2023-04-30 22:17:19.146 | INFO     | utils.logging:save_sdre_imgs:710 - Figures saved.
2023-04-30 22:17:19.630 | INFO     | utils.logging:log_training_results:280 - 
2023-04-30 22:17:19.631 | INFO     | utils.logging:log_training_results:281 - Global Step =    250
2023-04-30 22:17:19.631 | INFO     | utils.logging:log_training_results:282 - train mean(MacRec)_t: 0.45059388875961304
2023-04-30 22:17:19.631 | INFO     | utils.logging:log_training_results:287 - train mean ABSerr: 3.307021379470825
2023-04-30 22:17:19.632 | INFO     | utils.logging:log_training_results:290 - train ausat from confmx: 0.5358346700668335
2023-04-30 22:17:19.632 | INFO     | utils.logging:log_training_results:301 - train MCE loss:1.08409 * 0.8 * 0.00701
2023-04-30 22:17:19.633 | INFO     | utils.logging:log_training_results:309 - train LLLR :1.09044 * 0.0 * -1.45649
2023-04-30 22:17:19.633 | INFO     | utils.logging:log_training_results:317 - train weight decay:1227.85742 * 0.0005 * -2.11855
2023-04-30 22:17:54.745 | INFO     | __main__:objective:356 - Starting epoch #1.
2023-04-30 22:18:26.674 | INFO     | utils.logging:log_training_results:280 - 
2023-04-30 22:18:26.675 | INFO     | utils.logging:log_training_results:281 - Global Step =    500
2023-04-30 22:18:26.675 | INFO     | utils.logging:log_training_results:282 - val mean(MacRec)_t: 0.7972966432571411
2023-04-30 22:18:26.675 | INFO     | utils.logging:log_training_results:287 - val mean ABSerr: 2.947300434112549
2023-04-30 22:18:26.676 | INFO     | utils.logging:log_training_results:290 - val ausat from confmx: 0.9347074627876282
2023-04-30 22:18:26.676 | INFO     | utils.logging:log_training_results:301 - val MCE loss:1.03442 * 0.8 * 0.00895
2023-04-30 22:18:26.677 | INFO     | utils.logging:log_training_results:309 - val LLLR :0.65972 * 0.0 * -1.44565
2023-04-30 22:18:26.677 | INFO     | utils.logging:log_training_results:317 - val weight decay:1219.45923 * 0.0005 * -2.10774
2023-04-30 22:18:26.769 | INFO     | utils.checkpoint:update_and_save_result:168 - [36mBest value updated![0m
2023-04-30 22:18:26.782 | INFO     | utils.checkpoint:save_checkpoint:83 - [36mSaved checkpoint[0m at step 500.
2023-04-30 22:18:26.784 | INFO     | utils.checkpoint:keep_max_num_saved_models:101 - Removed the oldest model for max_to_keep=1
2023-04-30 22:18:27.570 | INFO     | utils.logging:save_sdre_imgs:710 - Figures saved.
2023-04-30 22:18:28.047 | INFO     | utils.logging:log_training_results:280 - 
2023-04-30 22:18:28.048 | INFO     | utils.logging:log_training_results:281 - Global Step =    500
2023-04-30 22:18:28.048 | INFO     | utils.logging:log_training_results:282 - train mean(MacRec)_t: 0.6068079471588135
2023-04-30 22:18:28.049 | INFO     | utils.logging:log_training_results:287 - train mean ABSerr: 2.894120931625366
2023-04-30 22:18:28.049 | INFO     | utils.logging:log_training_results:290 - train ausat from confmx: 0.7092125415802002
2023-04-30 22:18:28.049 | INFO     | utils.logging:log_training_results:301 - train MCE loss:1.04332 * 0.8 * 0.00895
2023-04-30 22:18:28.050 | INFO     | utils.logging:log_training_results:309 - train LLLR :0.82886 * 0.0 * -1.44560
2023-04-30 22:18:28.050 | INFO     | utils.logging:log_training_results:317 - train weight decay:1219.45923 * 0.0005 * -2.10770
2023-04-30 22:19:35.069 | INFO     | utils.logging:log_training_results:280 - 
2023-04-30 22:19:35.069 | INFO     | utils.logging:log_training_results:281 - Global Step =    750
2023-04-30 22:19:35.070 | INFO     | utils.logging:log_training_results:282 - val mean(MacRec)_t: 0.8657799959182739
2023-04-30 22:19:35.070 | INFO     | utils.logging:log_training_results:287 - val mean ABSerr: 1.683031678199768
2023-04-30 22:19:35.071 | INFO     | utils.logging:log_training_results:290 - val ausat from confmx: 0.9766600728034973
2023-04-30 22:19:35.071 | INFO     | utils.logging:log_training_results:301 - val MCE loss:0.93403 * 0.8 * 0.01036
2023-04-30 22:19:35.072 | INFO     | utils.logging:log_training_results:309 - val LLLR :0.35228 * 0.0 * -1.43472
2023-04-30 22:19:35.072 | INFO     | utils.logging:log_training_results:317 - val weight decay:1214.64929 * 0.0005 * -2.09683
2023-04-30 22:19:35.164 | INFO     | utils.checkpoint:update_and_save_result:168 - [36mBest value updated![0m
2023-04-30 22:19:35.177 | INFO     | utils.checkpoint:save_checkpoint:83 - [36mSaved checkpoint[0m at step 750.
2023-04-30 22:19:35.178 | INFO     | utils.checkpoint:keep_max_num_saved_models:101 - Removed the oldest model for max_to_keep=1
2023-04-30 22:19:35.999 | INFO     | utils.logging:save_sdre_imgs:710 - Figures saved.
2023-04-30 22:19:36.522 | INFO     | utils.logging:log_training_results:280 - 
2023-04-30 22:19:36.522 | INFO     | utils.logging:log_training_results:281 - Global Step =    750
2023-04-30 22:19:36.522 | INFO     | utils.logging:log_training_results:282 - train mean(MacRec)_t: 0.7640129923820496
2023-04-30 22:19:36.523 | INFO     | utils.logging:log_training_results:287 - train mean ABSerr: 1.932719349861145
2023-04-30 22:19:36.523 | INFO     | utils.logging:log_training_results:290 - train ausat from confmx: 0.8991686701774597
2023-04-30 22:19:36.524 | INFO     | utils.logging:log_training_results:301 - train MCE loss:0.97157 * 0.8 * 0.01037
2023-04-30 22:19:36.524 | INFO     | utils.logging:log_training_results:309 - train LLLR :0.55276 * 0.0 * -1.43468
2023-04-30 22:19:36.525 | INFO     | utils.logging:log_training_results:317 - train weight decay:1214.64917 * 0.0005 * -2.09679
2023-04-30 22:19:48.163 | INFO     | __main__:objective:356 - Starting epoch #2.
2023-04-30 22:20:44.057 | INFO     | utils.logging:log_training_results:280 - 
2023-04-30 22:20:44.057 | INFO     | utils.logging:log_training_results:281 - Global Step =   1000
2023-04-30 22:20:44.058 | INFO     | utils.logging:log_training_results:282 - val mean(MacRec)_t: 0.8720099925994873
2023-04-30 22:20:44.058 | INFO     | utils.logging:log_training_results:287 - val mean ABSerr: 0.4421335756778717
2023-04-30 22:20:44.059 | INFO     | utils.logging:log_training_results:290 - val ausat from confmx: 0.979957103729248
2023-04-30 22:20:44.059 | INFO     | utils.logging:log_training_results:301 - val MCE loss:0.89224 * 0.8 * 0.01151
2023-04-30 22:20:44.059 | INFO     | utils.logging:log_training_results:309 - val LLLR :0.30106 * 0.0 * -1.42377
2023-04-30 22:20:44.060 | INFO     | utils.logging:log_training_results:317 - val weight decay:1206.20154 * 0.0005 * -2.08593
2023-04-30 22:20:44.153 | INFO     | utils.checkpoint:update_and_save_result:168 - [36mBest value updated![0m
2023-04-30 22:20:44.167 | INFO     | utils.checkpoint:save_checkpoint:83 - [36mSaved checkpoint[0m at step 1000.
2023-04-30 22:20:44.170 | INFO     | utils.checkpoint:keep_max_num_saved_models:101 - Removed the oldest model for max_to_keep=1
2023-04-30 22:20:45.196 | INFO     | utils.logging:save_sdre_imgs:710 - Figures saved.
2023-04-30 22:20:45.653 | INFO     | utils.logging:log_training_results:280 - 
2023-04-30 22:20:45.653 | INFO     | utils.logging:log_training_results:281 - Global Step =   1000
2023-04-30 22:20:45.654 | INFO     | utils.logging:log_training_results:282 - train mean(MacRec)_t: 0.7829201817512512
2023-04-30 22:20:45.654 | INFO     | utils.logging:log_training_results:287 - train mean ABSerr: 1.7643438577651978
2023-04-30 22:20:45.654 | INFO     | utils.logging:log_training_results:290 - train ausat from confmx: 0.9008296728134155
2023-04-30 22:20:45.655 | INFO     | utils.logging:log_training_results:301 - train MCE loss:0.90936 * 0.8 * 0.01151
2023-04-30 22:20:45.655 | INFO     | utils.logging:log_training_results:309 - train LLLR :0.60909 * 0.0 * -1.42373
2023-04-30 22:20:45.655 | INFO     | utils.logging:log_training_results:317 - train weight decay:1206.20154 * 0.0005 * -2.08588
2023-04-30 22:21:33.122 | INFO     | __main__:objective:356 - Starting epoch #3.
2023-04-30 22:21:53.710 | INFO     | utils.logging:log_training_results:280 - 
2023-04-30 22:21:53.711 | INFO     | utils.logging:log_training_results:281 - Global Step =   1250
2023-04-30 22:21:53.711 | INFO     | utils.logging:log_training_results:282 - val mean(MacRec)_t: 0.8733267188072205
2023-04-30 22:21:53.711 | INFO     | utils.logging:log_training_results:287 - val mean ABSerr: 0.32431191205978394
2023-04-30 22:21:53.712 | INFO     | utils.logging:log_training_results:290 - val ausat from confmx: 0.9804352521896362
2023-04-30 22:21:53.712 | INFO     | utils.logging:log_training_results:301 - val MCE loss:0.88906 * 0.8 * 0.01254
2023-04-30 22:21:53.713 | INFO     | utils.logging:log_training_results:309 - val LLLR :0.29970 * 0.0 * -1.41279
2023-04-30 22:21:53.713 | INFO     | utils.logging:log_training_results:317 - val weight decay:1193.71277 * 0.0005 * -2.07501
2023-04-30 22:21:53.810 | INFO     | utils.checkpoint:update_and_save_result:168 - [36mBest value updated![0m
2023-04-30 22:21:53.822 | INFO     | utils.checkpoint:save_checkpoint:83 - [36mSaved checkpoint[0m at step 1250.
2023-04-30 22:21:53.825 | INFO     | utils.checkpoint:keep_max_num_saved_models:101 - Removed the oldest model for max_to_keep=1
2023-04-30 22:21:54.652 | INFO     | utils.logging:save_sdre_imgs:710 - Figures saved.
2023-04-30 22:21:55.108 | INFO     | utils.logging:log_training_results:280 - 
2023-04-30 22:21:55.108 | INFO     | utils.logging:log_training_results:281 - Global Step =   1250
2023-04-30 22:21:55.109 | INFO     | utils.logging:log_training_results:282 - train mean(MacRec)_t: 0.7895380854606628
2023-04-30 22:21:55.109 | INFO     | utils.logging:log_training_results:287 - train mean ABSerr: 1.835131049156189
2023-04-30 22:21:55.109 | INFO     | utils.logging:log_training_results:290 - train ausat from confmx: 0.9104323983192444
2023-04-30 22:21:55.110 | INFO     | utils.logging:log_training_results:301 - train MCE loss:0.91985 * 0.8 * 0.01255
2023-04-30 22:21:55.110 | INFO     | utils.logging:log_training_results:309 - train LLLR :0.62515 * 0.0 * -1.41275
2023-04-30 22:21:55.111 | INFO     | utils.logging:log_training_results:317 - train weight decay:1193.71265 * 0.0005 * -2.07497
2023-04-30 22:23:02.280 | INFO     | utils.logging:log_training_results:280 - 
2023-04-30 22:23:02.280 | INFO     | utils.logging:log_training_results:281 - Global Step =   1500
2023-04-30 22:23:02.281 | INFO     | utils.logging:log_training_results:282 - val mean(MacRec)_t: 0.8740099668502808
2023-04-30 22:23:02.281 | INFO     | utils.logging:log_training_results:287 - val mean ABSerr: 0.30965399742126465
2023-04-30 22:23:02.282 | INFO     | utils.logging:log_training_results:290 - val ausat from confmx: 0.9806582927703857
2023-04-30 22:23:02.282 | INFO     | utils.logging:log_training_results:301 - val MCE loss:0.88849 * 0.8 * 0.01351
2023-04-30 22:23:02.282 | INFO     | utils.logging:log_training_results:309 - val LLLR :0.29828 * 0.0 * -1.40178
2023-04-30 22:23:02.283 | INFO     | utils.logging:log_training_results:317 - val weight decay:1181.07214 * 0.0005 * -2.06404
2023-04-30 22:23:02.380 | INFO     | utils.checkpoint:update_and_save_result:168 - [36mBest value updated![0m
2023-04-30 22:23:02.395 | INFO     | utils.checkpoint:save_checkpoint:83 - [36mSaved checkpoint[0m at step 1500.
2023-04-30 22:23:02.400 | INFO     | utils.checkpoint:keep_max_num_saved_models:101 - Removed the oldest model for max_to_keep=1
2023-04-30 22:23:03.201 | INFO     | utils.logging:save_sdre_imgs:710 - Figures saved.
2023-04-30 22:23:03.661 | INFO     | utils.logging:log_training_results:280 - 
2023-04-30 22:23:03.661 | INFO     | utils.logging:log_training_results:281 - Global Step =   1500
2023-04-30 22:23:03.662 | INFO     | utils.logging:log_training_results:282 - train mean(MacRec)_t: 0.7928605675697327
2023-04-30 22:23:03.662 | INFO     | utils.logging:log_training_results:287 - train mean ABSerr: 1.8020175695419312
2023-04-30 22:23:03.663 | INFO     | utils.logging:log_training_results:290 - train ausat from confmx: 0.9124757051467896
2023-04-30 22:23:03.663 | INFO     | utils.logging:log_training_results:301 - train MCE loss:0.91959 * 0.8 * 0.01351
2023-04-30 22:23:03.663 | INFO     | utils.logging:log_training_results:309 - train LLLR :0.53855 * 0.0 * -1.40174
2023-04-30 22:23:03.664 | INFO     | utils.logging:log_training_results:317 - train weight decay:1181.07214 * 0.0005 * -2.06400
2023-04-30 22:23:27.166 | INFO     | __main__:objective:356 - Starting epoch #4.
2023-04-30 22:24:10.948 | INFO     | utils.logging:log_training_results:280 - 
2023-04-30 22:24:10.949 | INFO     | utils.logging:log_training_results:281 - Global Step =   1750
2023-04-30 22:24:10.949 | INFO     | utils.logging:log_training_results:282 - val mean(MacRec)_t: 0.8740032911300659
2023-04-30 22:24:10.950 | INFO     | utils.logging:log_training_results:287 - val mean ABSerr: 0.31678301095962524
2023-04-30 22:24:10.950 | INFO     | utils.logging:log_training_results:290 - val ausat from confmx: 0.9808037281036377
2023-04-30 22:24:10.951 | INFO     | utils.logging:log_training_results:301 - val MCE loss:0.88837 * 0.8 * 0.01443
2023-04-30 22:24:10.951 | INFO     | utils.logging:log_training_results:309 - val LLLR :0.29834 * 0.0 * -1.39076
2023-04-30 22:24:10.951 | INFO     | utils.logging:log_training_results:317 - val weight decay:1168.84705 * 0.0005 * -2.05308
2023-04-30 22:24:11.825 | INFO     | utils.logging:save_sdre_imgs:710 - Figures saved.
2023-04-30 22:24:12.285 | INFO     | utils.logging:log_training_results:280 - 
2023-04-30 22:24:12.286 | INFO     | utils.logging:log_training_results:281 - Global Step =   1750
2023-04-30 22:24:12.286 | INFO     | utils.logging:log_training_results:282 - train mean(MacRec)_t: 0.7884893417358398
2023-04-30 22:24:12.287 | INFO     | utils.logging:log_training_results:287 - train mean ABSerr: 1.767233967781067
2023-04-30 22:24:12.287 | INFO     | utils.logging:log_training_results:290 - train ausat from confmx: 0.8975059986114502
2023-04-30 22:24:12.288 | INFO     | utils.logging:log_training_results:301 - train MCE loss:0.90082 * 0.8 * 0.01443
2023-04-30 22:24:12.288 | INFO     | utils.logging:log_training_results:309 - train LLLR :0.58351 * 0.0 * -1.39071
2023-04-30 22:24:12.289 | INFO     | utils.logging:log_training_results:317 - train weight decay:1168.84705 * 0.0005 * -2.05303
2023-04-30 22:25:11.034 | INFO     | __main__:objective:356 - Starting epoch #5.
2023-04-30 22:25:19.433 | INFO     | utils.logging:log_training_results:280 - 
2023-04-30 22:25:19.433 | INFO     | utils.logging:log_training_results:281 - Global Step =   2000
2023-04-30 22:25:19.434 | INFO     | utils.logging:log_training_results:282 - val mean(MacRec)_t: 0.8745033144950867
2023-04-30 22:25:19.434 | INFO     | utils.logging:log_training_results:287 - val mean ABSerr: 0.3207506835460663
2023-04-30 22:25:19.434 | INFO     | utils.logging:log_training_results:290 - val ausat from confmx: 0.9811535477638245
2023-04-30 22:25:19.435 | INFO     | utils.logging:log_training_results:301 - val MCE loss:0.88795 * 0.8 * 0.01531
2023-04-30 22:25:19.435 | INFO     | utils.logging:log_training_results:309 - val LLLR :0.29749 * 0.0 * -1.37970
2023-04-30 22:25:19.436 | INFO     | utils.logging:log_training_results:317 - val weight decay:1157.02930 * 0.0005 * -2.04211
2023-04-30 22:25:19.525 | INFO     | utils.checkpoint:update_and_save_result:168 - [36mBest value updated![0m
2023-04-30 22:25:19.539 | INFO     | utils.checkpoint:save_checkpoint:83 - [36mSaved checkpoint[0m at step 2000.
2023-04-30 22:25:19.542 | INFO     | utils.checkpoint:keep_max_num_saved_models:101 - Removed the oldest model for max_to_keep=1
2023-04-30 22:25:20.327 | INFO     | utils.logging:save_sdre_imgs:710 - Figures saved.
2023-04-30 22:25:20.784 | INFO     | utils.logging:log_training_results:280 - 
2023-04-30 22:25:20.785 | INFO     | utils.logging:log_training_results:281 - Global Step =   2000
2023-04-30 22:25:20.785 | INFO     | utils.logging:log_training_results:282 - train mean(MacRec)_t: 0.802270770072937
2023-04-30 22:25:20.786 | INFO     | utils.logging:log_training_results:287 - train mean ABSerr: 1.750958800315857
2023-04-30 22:25:20.786 | INFO     | utils.logging:log_training_results:290 - train ausat from confmx: 0.9372559189796448
2023-04-30 22:25:20.787 | INFO     | utils.logging:log_training_results:301 - train MCE loss:0.92123 * 0.8 * 0.01531
2023-04-30 22:25:20.787 | INFO     | utils.logging:log_training_results:309 - train LLLR :0.51079 * 0.0 * -1.37965
2023-04-30 22:25:20.787 | INFO     | utils.logging:log_training_results:317 - train weight decay:1157.02930 * 0.0005 * -2.04207
2023-04-30 22:26:27.862 | INFO     | utils.logging:log_training_results:280 - 
2023-04-30 22:26:27.863 | INFO     | utils.logging:log_training_results:281 - Global Step =   2250
2023-04-30 22:26:27.863 | INFO     | utils.logging:log_training_results:282 - val mean(MacRec)_t: 0.8744999766349792
2023-04-30 22:26:27.864 | INFO     | utils.logging:log_training_results:287 - val mean ABSerr: 0.3190324008464813
2023-04-30 22:26:27.864 | INFO     | utils.logging:log_training_results:290 - val ausat from confmx: 0.9810642600059509
2023-04-30 22:26:27.865 | INFO     | utils.logging:log_training_results:301 - val MCE loss:0.88785 * 0.8 * 0.01616
2023-04-30 22:26:27.865 | INFO     | utils.logging:log_training_results:309 - val LLLR :0.29730 * 0.0 * -1.36863
2023-04-30 22:26:27.866 | INFO     | utils.logging:log_training_results:317 - val weight decay:1145.46472 * 0.0005 * -2.03114
2023-04-30 22:26:28.749 | INFO     | utils.logging:save_sdre_imgs:710 - Figures saved.
2023-04-30 22:26:29.209 | INFO     | utils.logging:log_training_results:280 - 
2023-04-30 22:26:29.209 | INFO     | utils.logging:log_training_results:281 - Global Step =   2250
2023-04-30 22:26:29.210 | INFO     | utils.logging:log_training_results:282 - train mean(MacRec)_t: 0.8279818296432495
2023-04-30 22:26:29.210 | INFO     | utils.logging:log_training_results:287 - train mean ABSerr: 1.7808973789215088
2023-04-30 22:26:29.210 | INFO     | utils.logging:log_training_results:290 - train ausat from confmx: 0.9545408487319946
2023-04-30 22:26:29.211 | INFO     | utils.logging:log_training_results:301 - train MCE loss:0.90919 * 0.8 * 0.01617
2023-04-30 22:26:29.211 | INFO     | utils.logging:log_training_results:309 - train LLLR :0.46668 * 0.0 * -1.36858
2023-04-30 22:26:29.211 | INFO     | utils.logging:log_training_results:317 - train weight decay:1145.46472 * 0.0005 * -2.03109
2023-04-30 22:27:04.236 | INFO     | __main__:objective:356 - Starting epoch #6.
2023-04-30 22:27:36.070 | INFO     | utils.logging:log_training_results:280 - 
2023-04-30 22:27:36.071 | INFO     | utils.logging:log_training_results:281 - Global Step =   2500
2023-04-30 22:27:36.071 | INFO     | utils.logging:log_training_results:282 - val mean(MacRec)_t: 0.8743733167648315
2023-04-30 22:27:36.072 | INFO     | utils.logging:log_training_results:287 - val mean ABSerr: 0.3264303505420685
2023-04-30 22:27:36.072 | INFO     | utils.logging:log_training_results:290 - val ausat from confmx: 0.9802333116531372
2023-04-30 22:27:36.073 | INFO     | utils.logging:log_training_results:301 - val MCE loss:0.88793 * 0.8 * 0.01701
2023-04-30 22:27:36.073 | INFO     | utils.logging:log_training_results:309 - val LLLR :0.29771 * 0.0 * -1.35754
2023-04-30 22:27:36.073 | INFO     | utils.logging:log_training_results:317 - val weight decay:1134.21667 * 0.0005 * -2.02011
2023-04-30 22:27:36.964 | INFO     | utils.logging:save_sdre_imgs:710 - Figures saved.
2023-04-30 22:27:37.509 | INFO     | utils.logging:log_training_results:280 - 
2023-04-30 22:27:37.510 | INFO     | utils.logging:log_training_results:281 - Global Step =   2500
2023-04-30 22:27:37.510 | INFO     | utils.logging:log_training_results:282 - train mean(MacRec)_t: 0.7739505767822266
2023-04-30 22:27:37.510 | INFO     | utils.logging:log_training_results:287 - train mean ABSerr: 1.8632597923278809
2023-04-30 22:27:37.511 | INFO     | utils.logging:log_training_results:290 - train ausat from confmx: 0.9341563582420349
2023-04-30 22:27:37.511 | INFO     | utils.logging:log_training_results:301 - train MCE loss:0.90675 * 0.8 * 0.01701
2023-04-30 22:27:37.512 | INFO     | utils.logging:log_training_results:309 - train LLLR :0.60144 * 0.0 * -1.35750
2023-04-30 22:27:37.512 | INFO     | utils.logging:log_training_results:317 - train weight decay:1134.21667 * 0.0005 * -2.02007
2023-04-30 22:28:44.858 | INFO     | utils.logging:log_training_results:280 - 
2023-04-30 22:28:44.859 | INFO     | utils.logging:log_training_results:281 - Global Step =   2750
2023-04-30 22:28:44.859 | INFO     | utils.logging:log_training_results:282 - val mean(MacRec)_t: 0.874709963798523
2023-04-30 22:28:44.860 | INFO     | utils.logging:log_training_results:287 - val mean ABSerr: 0.3180549144744873
2023-04-30 22:28:44.860 | INFO     | utils.logging:log_training_results:290 - val ausat from confmx: 0.9807615280151367
2023-04-30 22:28:44.860 | INFO     | utils.logging:log_training_results:301 - val MCE loss:0.88762 * 0.8 * 0.01784
2023-04-30 22:28:44.861 | INFO     | utils.logging:log_training_results:309 - val LLLR :0.29691 * 0.0 * -1.34643
2023-04-30 22:28:44.861 | INFO     | utils.logging:log_training_results:317 - val weight decay:1123.18091 * 0.0005 * -2.00908
2023-04-30 22:28:44.957 | INFO     | utils.checkpoint:update_and_save_result:168 - [36mBest value updated![0m
2023-04-30 22:28:44.972 | INFO     | utils.checkpoint:save_checkpoint:83 - [36mSaved checkpoint[0m at step 2750.
2023-04-30 22:28:44.975 | INFO     | utils.checkpoint:keep_max_num_saved_models:101 - Removed the oldest model for max_to_keep=1
2023-04-30 22:28:45.939 | INFO     | utils.logging:save_sdre_imgs:710 - Figures saved.
2023-04-30 22:28:46.401 | INFO     | utils.logging:log_training_results:280 - 
2023-04-30 22:28:46.401 | INFO     | utils.logging:log_training_results:281 - Global Step =   2750
2023-04-30 22:28:46.402 | INFO     | utils.logging:log_training_results:282 - train mean(MacRec)_t: 0.817480206489563
2023-04-30 22:28:46.402 | INFO     | utils.logging:log_training_results:287 - train mean ABSerr: 1.7302460670471191
2023-04-30 22:28:46.402 | INFO     | utils.logging:log_training_results:290 - train ausat from confmx: 0.9503483176231384
2023-04-30 22:28:46.403 | INFO     | utils.logging:log_training_results:301 - train MCE loss:0.90231 * 0.8 * 0.01784
2023-04-30 22:28:46.403 | INFO     | utils.logging:log_training_results:309 - train LLLR :0.49784 * 0.0 * -1.34639
2023-04-30 22:28:46.404 | INFO     | utils.logging:log_training_results:317 - train weight decay:1123.18079 * 0.0005 * -2.00904
2023-04-30 22:28:58.094 | INFO     | __main__:objective:356 - Starting epoch #7.
2023-04-30 22:29:53.789 | INFO     | utils.logging:log_training_results:280 - 
2023-04-30 22:29:53.789 | INFO     | utils.logging:log_training_results:281 - Global Step =   3000
2023-04-30 22:29:53.790 | INFO     | utils.logging:log_training_results:282 - val mean(MacRec)_t: 0.8746933341026306
2023-04-30 22:29:53.790 | INFO     | utils.logging:log_training_results:287 - val mean ABSerr: 0.3367127478122711
2023-04-30 22:29:53.790 | INFO     | utils.logging:log_training_results:290 - val ausat from confmx: 0.9814051985740662
2023-04-30 22:29:53.791 | INFO     | utils.logging:log_training_results:301 - val MCE loss:0.88760 * 0.8 * 0.01866
2023-04-30 22:29:53.791 | INFO     | utils.logging:log_training_results:309 - val LLLR :0.29712 * 0.0 * -1.33532
2023-04-30 22:29:53.792 | INFO     | utils.logging:log_training_results:317 - val weight decay:1112.43970 * 0.0005 * -1.99806
2023-04-30 22:29:54.696 | INFO     | utils.logging:save_sdre_imgs:710 - Figures saved.
2023-04-30 22:29:55.157 | INFO     | utils.logging:log_training_results:280 - 
2023-04-30 22:29:55.157 | INFO     | utils.logging:log_training_results:281 - Global Step =   3000
2023-04-30 22:29:55.158 | INFO     | utils.logging:log_training_results:282 - train mean(MacRec)_t: 0.8087371587753296
2023-04-30 22:29:55.158 | INFO     | utils.logging:log_training_results:287 - train mean ABSerr: 1.6880733966827393
2023-04-30 22:29:55.158 | INFO     | utils.logging:log_training_results:290 - train ausat from confmx: 0.931709349155426
2023-04-30 22:29:55.159 | INFO     | utils.logging:log_training_results:301 - train MCE loss:0.91153 * 0.8 * 0.01866
2023-04-30 22:29:55.159 | INFO     | utils.logging:log_training_results:309 - train LLLR :0.48952 * 0.0 * -1.33527
2023-04-30 22:29:55.159 | INFO     | utils.logging:log_training_results:317 - train weight decay:1112.43970 * 0.0005 * -1.99801
2023-04-30 22:30:42.484 | INFO     | __main__:objective:356 - Starting epoch #8.
2023-04-30 22:31:03.004 | INFO     | utils.logging:log_training_results:280 - 
2023-04-30 22:31:03.004 | INFO     | utils.logging:log_training_results:281 - Global Step =   3250
2023-04-30 22:31:03.005 | INFO     | utils.logging:log_training_results:282 - val mean(MacRec)_t: 0.8749067783355713
2023-04-30 22:31:03.005 | INFO     | utils.logging:log_training_results:287 - val mean ABSerr: 0.3218396306037903
2023-04-30 22:31:03.006 | INFO     | utils.logging:log_training_results:290 - val ausat from confmx: 0.98095703125
2023-04-30 22:31:03.006 | INFO     | utils.logging:log_training_results:301 - val MCE loss:0.88744 * 0.8 * 0.01948
2023-04-30 22:31:03.006 | INFO     | utils.logging:log_training_results:309 - val LLLR :0.29681 * 0.0 * -1.32419
2023-04-30 22:31:03.007 | INFO     | utils.logging:log_training_results:317 - val weight decay:1101.79041 * 0.0005 * -1.98703
2023-04-30 22:31:03.102 | INFO     | utils.checkpoint:update_and_save_result:168 - [36mBest value updated![0m
2023-04-30 22:31:03.117 | INFO     | utils.checkpoint:save_checkpoint:83 - [36mSaved checkpoint[0m at step 3250.
2023-04-30 22:31:03.121 | INFO     | utils.checkpoint:keep_max_num_saved_models:101 - Removed the oldest model for max_to_keep=1
2023-04-30 22:31:03.883 | INFO     | utils.logging:save_sdre_imgs:710 - Figures saved.
2023-04-30 22:31:04.353 | INFO     | utils.logging:log_training_results:280 - 
2023-04-30 22:31:04.353 | INFO     | utils.logging:log_training_results:281 - Global Step =   3250
2023-04-30 22:31:04.354 | INFO     | utils.logging:log_training_results:282 - train mean(MacRec)_t: 0.81621253490448
2023-04-30 22:31:04.354 | INFO     | utils.logging:log_training_results:287 - train mean ABSerr: 1.7938488721847534
2023-04-30 22:31:04.355 | INFO     | utils.logging:log_training_results:290 - train ausat from confmx: 0.9497111439704895
2023-04-30 22:31:04.355 | INFO     | utils.logging:log_training_results:301 - train MCE loss:0.90648 * 0.8 * 0.01948
2023-04-30 22:31:04.355 | INFO     | utils.logging:log_training_results:309 - train LLLR :0.47997 * 0.0 * -1.32414
2023-04-30 22:31:04.356 | INFO     | utils.logging:log_training_results:317 - train weight decay:1101.79041 * 0.0005 * -1.98699
2023-04-30 22:32:11.635 | INFO     | utils.logging:log_training_results:280 - 
2023-04-30 22:32:11.636 | INFO     | utils.logging:log_training_results:281 - Global Step =   3500
2023-04-30 22:32:11.636 | INFO     | utils.logging:log_training_results:282 - val mean(MacRec)_t: 0.8750566840171814
2023-04-30 22:32:11.637 | INFO     | utils.logging:log_training_results:287 - val mean ABSerr: 0.32110661268234253
2023-04-30 22:32:11.637 | INFO     | utils.logging:log_training_results:290 - val ausat from confmx: 0.9810481071472168
2023-04-30 22:32:11.638 | INFO     | utils.logging:log_training_results:301 - val MCE loss:0.88741 * 0.8 * 0.02031
2023-04-30 22:32:11.638 | INFO     | utils.logging:log_training_results:309 - val LLLR :0.29650 * 0.0 * -1.31304
2023-04-30 22:32:11.638 | INFO     | utils.logging:log_training_results:317 - val weight decay:1091.38342 * 0.0005 * -1.97600
2023-04-30 22:32:11.733 | INFO     | utils.checkpoint:update_and_save_result:168 - [36mBest value updated![0m
2023-04-30 22:32:11.748 | INFO     | utils.checkpoint:save_checkpoint:83 - [36mSaved checkpoint[0m at step 3500.
2023-04-30 22:32:11.751 | INFO     | utils.checkpoint:keep_max_num_saved_models:101 - Removed the oldest model for max_to_keep=1
2023-04-30 22:32:12.564 | INFO     | utils.logging:save_sdre_imgs:710 - Figures saved.
2023-04-30 22:32:13.025 | INFO     | utils.logging:log_training_results:280 - 
2023-04-30 22:32:13.026 | INFO     | utils.logging:log_training_results:281 - Global Step =   3500
2023-04-30 22:32:13.026 | INFO     | utils.logging:log_training_results:282 - train mean(MacRec)_t: 0.7796560525894165
2023-04-30 22:32:13.026 | INFO     | utils.logging:log_training_results:287 - train mean ABSerr: 1.7493398189544678
2023-04-30 22:32:13.027 | INFO     | utils.logging:log_training_results:290 - train ausat from confmx: 0.8966312408447266
2023-04-30 22:32:13.027 | INFO     | utils.logging:log_training_results:301 - train MCE loss:0.91865 * 0.8 * 0.02031
2023-04-30 22:32:13.028 | INFO     | utils.logging:log_training_results:309 - train LLLR :0.60481 * 0.0 * -1.31300
2023-04-30 22:32:13.028 | INFO     | utils.logging:log_training_results:317 - train weight decay:1091.38342 * 0.0005 * -1.97596
2023-04-30 22:32:36.446 | INFO     | __main__:objective:356 - Starting epoch #9.
2023-04-30 22:33:20.479 | INFO     | utils.logging:log_training_results:280 - 
2023-04-30 22:33:20.480 | INFO     | utils.logging:log_training_results:281 - Global Step =   3750
2023-04-30 22:33:20.480 | INFO     | utils.logging:log_training_results:282 - val mean(MacRec)_t: 0.8751400709152222
2023-04-30 22:33:20.481 | INFO     | utils.logging:log_training_results:287 - val mean ABSerr: 0.32911285758018494
2023-04-30 22:33:20.481 | INFO     | utils.logging:log_training_results:290 - val ausat from confmx: 0.9809526801109314
2023-04-30 22:33:20.482 | INFO     | utils.logging:log_training_results:301 - val MCE loss:0.88729 * 0.8 * 0.02113
2023-04-30 22:33:20.482 | INFO     | utils.logging:log_training_results:309 - val LLLR :0.29643 * 0.0 * -1.30190
2023-04-30 22:33:20.482 | INFO     | utils.logging:log_training_results:317 - val weight decay:1081.20667 * 0.0005 * -1.96497
2023-04-30 22:33:20.586 | INFO     | utils.checkpoint:update_and_save_result:168 - [36mBest value updated![0m
2023-04-30 22:33:20.601 | INFO     | utils.checkpoint:save_checkpoint:83 - [36mSaved checkpoint[0m at step 3750.
2023-04-30 22:33:20.603 | INFO     | utils.checkpoint:keep_max_num_saved_models:101 - Removed the oldest model for max_to_keep=1
2023-04-30 22:33:21.399 | INFO     | utils.logging:save_sdre_imgs:710 - Figures saved.
2023-04-30 22:33:21.862 | INFO     | utils.logging:log_training_results:280 - 
2023-04-30 22:33:21.863 | INFO     | utils.logging:log_training_results:281 - Global Step =   3750
2023-04-30 22:33:21.863 | INFO     | utils.logging:log_training_results:282 - train mean(MacRec)_t: 0.8182817697525024
2023-04-30 22:33:21.863 | INFO     | utils.logging:log_training_results:287 - train mean ABSerr: 1.7462379932403564
2023-04-30 22:33:21.864 | INFO     | utils.logging:log_training_results:290 - train ausat from confmx: 0.9567098617553711
2023-04-30 22:33:21.865 | INFO     | utils.logging:log_training_results:301 - train MCE loss:0.91861 * 0.8 * 0.02114
2023-04-30 22:33:21.865 | INFO     | utils.logging:log_training_results:309 - train LLLR :0.44654 * 0.0 * -1.30185
2023-04-30 22:33:21.866 | INFO     | utils.logging:log_training_results:317 - train weight decay:1081.20667 * 0.0005 * -1.96493
2023-04-30 22:34:21.012 | INFO     | utils.logging:investigate_log:155 - num_warning=0/num_error=0 in the .log file.
2023-04-30 22:34:21.214 | INFO     | optuna.study.study:_log_completed_trial:1020 - Trial 56 finished with value: 0.12485992908477783 and parameters: {'LIST_IS_POSITIONAL_ENCODING': False, 'LIST_MODEL_BACKBONE': 'Transformer', 'LIST_WEIGHT_DECAY': 0.0005, 'LIST_LEARNING_RATE': 4.333212395330287e-05, 'LIST_LLLR_VERSION': 'LSEL', 'LIST_ACTIVATION_FC': 'B2Bsqrt', 'LIST_PARAM_MULTIPLET_LOSS': 0.8, 'LIST_PARAM_LLR_LOSS': 0.0, 'LIST_IS_ADAPTIVE_LOSS': True, 'LIST_ORDER_SPRT': 4, 'LIST_OPTIMIZER': 'adam', 'LIST_IS_NORMALIZE': False, 'LIST_NUM_THRESH': 1000, 'LIST_SPARSITY': 'logspace', 'LIST_NUM_BLOCKS': 1, 'LIST_NUM_HEADS': 2, 'LIST_DROPOUT': 0.4, 'LIST_FF_DIM': 64, 'LIST_MLP_UNITS': 32}. Best is trial 16 with value: 0.12354999780654907.
2023-04-30 22:34:21.236 | INFO     | utils.hyperparameter_tuning:suggest_parameters:560 - [33mStarting a tuning phase.[0m
2023-04-30 22:34:21.736 | INFO     | utils.hyperparameter_tuning:print:394 - 
+------------------------------------------+
|   Hyperparameteres suggested by Optuna   |
+------------------------+-----------------+
|     Parameter name     | Suggested value |
+------------------------+-----------------+
|     ACTIVATION_FC      |     B2Bsqrt     |
|        DROPOUT         |       0.0       |
|         FF_DIM         |        64       |
|    IS_ADAPTIVE_LOSS    |       True      |
|      IS_NORMALIZE      |       True      |
| IS_POSITIONAL_ENCODING |      False      |
|     LEARNING_RATE      |    7.2668e-05   |
|      LLLR_VERSION      |       LSEL      |
|       MLP_UNITS        |        32       |
|     MODEL_BACKBONE     |   Transformer   |
|       NUM_BLOCKS       |        1        |
|       NUM_HEADS        |        4        |
|       NUM_THRESH       |       500       |
|       OPTIMIZER        |       adam      |
|       ORDER_SPRT       |        5        |
|     PARAM_LLR_LOSS     |       0.2       |
|  PARAM_MULTIPLET_LOSS  |       0.9       |
|        SPARSITY        |     logspace    |
|      WEIGHT_DECAY      |      0.0007     |
+------------------------+-----------------+
2023-04-30 22:34:21.736 | INFO     | utils.misc:create_directories_and_log:291 - [33mA new log directory was created: [0m/home/afe/Dropbox/GitHub/SPRT-TANDEM-PyTorch/logs/public_offset0_5_optimmacrec_tuning/checkpoints/Transformer_20230430_223421736/configs
2023-04-30 22:34:21.737 | INFO     | utils.misc:create_directories_and_log:291 - [33mA new log directory was created: [0m/home/afe/Dropbox/GitHub/SPRT-TANDEM-PyTorch/logs/public_offset0_5_optimmacrec_tuning/TensorBoard_events/Transformer_20230430_223421736
