2023-04-30 18:59:12.742 | INFO     | utils.misc:fix_random_seed:405 - Random seed is not fixed.
2023-04-30 18:59:12.763 | INFO     | models.temporal_integrators:summarize:568 - 
:'######::'########::'########::'########::::::::::::::::::::::
'##... ##: ##.... ##: ##.... ##:... ##..:::::::::::::::::::::::
 ##:::..:: ##:::: ##: ##:::: ##:::: ##:::::::::::::::::::::::::
. ######:: ########:: ########::::: ##::::'#######:::::::::::::
:..... ##: ##.....::: ##.. ##:::::: ##::::........:::::::::::::
'##::: ##: ##:::::::: ##::. ##::::: ##:::::::::::::::::::::::::
. ######:: ##:::::::: ##:::. ##:::: ##:::::::::::::::::::::::::
:......:::..:::::::::..:::::..:::::..::::::::::::::::::::::::::
'########::::'###::::'##::: ##:'########::'########:'##::::'##:
... ##..::::'## ##::: ###:: ##: ##.... ##: ##.....:: ###::'###:
::: ##:::::'##:. ##:: ####: ##: ##:::: ##: ##::::::: ####'####:
::: ##::::'##:::. ##: ## ## ##: ##:::: ##: ######::: ## ### ##:
::: ##:::: #########: ##. ####: ##:::: ##: ##...:::: ##. #: ##:
::: ##:::: ##.... ##: ##:. ###: ##:::: ##: ##::::::: ##:.:: ##:
::: ##:::: ##:::: ##: ##::. ##: ########:: ########: ##:::: ##:
:::..:::::..:::::..::..::::..::........:::........::..:::::..::

2023-04-30 18:59:12.764 | INFO     | models.temporal_integrators:summarize:571 - [34mofficial PyTorch implementation.[0m
2023-04-30 18:59:13.077 | INFO     | models.temporal_integrators:summarize:593 - Network summary:
===============================================================================================
Layer (type:depth-idx)                        Output Shape              Param #
===============================================================================================
TANDEMformer                                  [150, 50, 3, 3]           771
├─TransformerEncoder: 1-1                     [6750, 1, 128]            --
│    └─ModuleList: 2-6                        --                        (recursive)
│    │    └─TransformerEncoderLayer: 3-1      [6750, 1, 128]            83,136
│    │    └─TransformerEncoderLayer: 3-2      [6750, 1, 128]            83,136
├─Linear: 1-2                                 [6750, 64]                8,256
├─Dropout: 1-3                                [6750, 64]                --
├─TransformerEncoder: 1-4                     [6750, 2, 128]            (recursive)
│    └─ModuleList: 2-6                        --                        (recursive)
│    │    └─TransformerEncoderLayer: 3-3      [6750, 2, 128]            (recursive)
│    │    └─TransformerEncoderLayer: 3-4      [6750, 2, 128]            (recursive)
├─Linear: 1-5                                 [6750, 64]                (recursive)
├─Dropout: 1-6                                [6750, 64]                --
├─TransformerEncoder: 1-7                     [6750, 3, 128]            (recursive)
│    └─ModuleList: 2-6                        --                        (recursive)
│    │    └─TransformerEncoderLayer: 3-5      [6750, 3, 128]            (recursive)
│    │    └─TransformerEncoderLayer: 3-6      [6750, 3, 128]            (recursive)
├─Linear: 1-8                                 [6750, 64]                (recursive)
├─Dropout: 1-9                                [6750, 64]                --
├─TransformerEncoder: 1-10                    [6750, 4, 128]            (recursive)
│    └─ModuleList: 2-6                        --                        (recursive)
│    │    └─TransformerEncoderLayer: 3-7      [6750, 4, 128]            (recursive)
│    │    └─TransformerEncoderLayer: 3-8      [6750, 4, 128]            (recursive)
├─Linear: 1-11                                [6750, 64]                (recursive)
├─Dropout: 1-12                               [6750, 64]                --
├─TransformerEncoder: 1-13                    [6750, 5, 128]            (recursive)
│    └─ModuleList: 2-6                        --                        (recursive)
│    │    └─TransformerEncoderLayer: 3-9      [6750, 5, 128]            (recursive)
│    │    └─TransformerEncoderLayer: 3-10     [6750, 5, 128]            (recursive)
├─Linear: 1-14                                [6750, 64]                (recursive)
├─Dropout: 1-15                               [6750, 64]                --
├─TransformerEncoder: 1-16                    [6750, 6, 128]            (recursive)
│    └─ModuleList: 2-6                        --                        (recursive)
│    │    └─TransformerEncoderLayer: 3-11     [6750, 6, 128]            (recursive)
│    │    └─TransformerEncoderLayer: 3-12     [6750, 6, 128]            (recursive)
├─Linear: 1-17                                [6750, 64]                (recursive)
├─Dropout: 1-18                               [6750, 64]                --
├─Linear: 1-19                                [6750, 3]                 195
├─Linear: 1-20                                [6750, 3]                 (recursive)
├─Linear: 1-21                                [6750, 3]                 (recursive)
├─Linear: 1-22                                [6750, 3]                 (recursive)
├─Linear: 1-23                                [6750, 3]                 (recursive)
├─Linear: 1-24                                [6750, 3]                 (recursive)
===============================================================================================
Total params: 175,494
Trainable params: 175,494
Non-trainable params: 0
Total mult-adds (G): 1.73
===============================================================================================
Input size (MB): 3.84
Forward/backward pass size (MB): 1037.77
Params size (MB): 0.17
Estimated Total Size (MB): 1041.78
===============================================================================================
2023-04-30 18:59:13.078 | INFO     | models.temporal_integrators:summarize:594 - Example input shape: torch.Size([150, 50, 128])
2023-04-30 18:59:13.079 | INFO     | models.temporal_integrators:summarize:595 - Example output shape: torch.Size([150, 50, 3, 3])
2023-04-30 18:59:13.080 | INFO     | models.temporal_integrators:import_model:58 - model moved onto: [33mcuda.[0m
2023-04-30 18:59:13.082 | INFO     | models.optimizers:initialize_optimizer:44 - Optimizer:
AdamW (
Parameter Group 0
    amsgrad: False
    betas: (0.9, 0.999)
    capturable: False
    differentiable: False
    eps: 1e-08
    foreach: None
    fused: None
    lr: 9.160539585166281e-05
    maximize: False
    weight_decay: 0.0001
)
2023-04-30 18:59:13.082 | INFO     | datasets.data_processing:lmdb_dataloaders:293 - loading data... 
2023-04-30 18:59:13.082 | INFO     | datasets.data_processing:lmdb_dataloaders:295 - If this process takes long, consider setting is_load_onto_memory=False or use LMDBIterableDataset.
2023-04-30 18:59:16.111 | INFO     | __main__:objective:356 - Starting epoch #0.
2023-04-30 18:59:22.273 | INFO     | utils.logging:log_training_results:280 - 
2023-04-30 18:59:22.274 | INFO     | utils.logging:log_training_results:281 - Global Step =      0
2023-04-30 18:59:22.275 | INFO     | utils.logging:log_training_results:282 - val mean(MacRec)_t: 0.32073667645454407
2023-04-30 18:59:22.275 | INFO     | utils.logging:log_training_results:287 - val mean ABSerr: 3.507416248321533
2023-04-30 18:59:22.275 | INFO     | utils.logging:log_training_results:290 - val ausat from confmx: 0.3138427138328552
2023-04-30 18:59:22.276 | INFO     | utils.logging:log_training_results:301 - val MCE loss:1.10443 * 1.0 * -0.09482
2023-04-30 18:59:22.276 | INFO     | utils.logging:log_training_results:309 - val LLLR :1.15348 * 0.0 * 1.04847
2023-04-30 18:59:22.277 | INFO     | utils.logging:log_training_results:317 - val weight decay:1891.63220 * 0.0001 * -1.22398
2023-04-30 18:59:23.275 | INFO     | utils.logging:save_sdre_imgs:710 - Figures saved.
2023-04-30 18:59:23.771 | INFO     | utils.logging:log_training_results:280 - 
2023-04-30 18:59:23.772 | INFO     | utils.logging:log_training_results:281 - Global Step =      0
2023-04-30 18:59:23.772 | INFO     | utils.logging:log_training_results:282 - train mean(MacRec)_t: 0.3080238401889801
2023-04-30 18:59:23.773 | INFO     | utils.logging:log_training_results:287 - train mean ABSerr: 3.513036012649536
2023-04-30 18:59:23.773 | INFO     | utils.logging:log_training_results:290 - train ausat from confmx: 0.29101869463920593
2023-04-30 18:59:23.773 | INFO     | utils.logging:log_training_results:301 - train MCE loss:1.10398 * 1.0 * -0.09491
2023-04-30 18:59:23.774 | INFO     | utils.logging:log_training_results:309 - train LLLR :1.21304 * 0.0 * 1.04838
2023-04-30 18:59:23.774 | INFO     | utils.logging:log_training_results:317 - train weight decay:1891.63220 * 0.0001 * -1.22389
2023-04-30 19:00:25.780 | INFO     | utils.logging:log_training_results:280 - 
2023-04-30 19:00:25.781 | INFO     | utils.logging:log_training_results:281 - Global Step =    250
2023-04-30 19:00:25.781 | INFO     | utils.logging:log_training_results:282 - val mean(MacRec)_t: 0.8721099495887756
2023-04-30 19:00:25.782 | INFO     | utils.logging:log_training_results:287 - val mean ABSerr: 0.4656452238559723
2023-04-30 19:00:25.782 | INFO     | utils.logging:log_training_results:290 - val ausat from confmx: 0.9765856862068176
2023-04-30 19:00:25.783 | INFO     | utils.logging:log_training_results:301 - val MCE loss:0.86240 * 1.0 * -0.11356
2023-04-30 19:00:25.783 | INFO     | utils.logging:log_training_results:309 - val LLLR :0.30217 * 0.0 * 1.02547
2023-04-30 19:00:25.784 | INFO     | utils.logging:log_training_results:317 - val weight decay:1864.77600 * 0.0001 * -1.20100
2023-04-30 19:00:25.837 | INFO     | utils.checkpoint:update_and_save_result:168 - [36mBest value updated![0m
2023-04-30 19:00:25.860 | INFO     | utils.checkpoint:save_checkpoint:83 - [36mSaved checkpoint[0m at step 250.
2023-04-30 19:00:26.985 | INFO     | utils.logging:save_sdre_imgs:710 - Figures saved.
2023-04-30 19:00:27.544 | INFO     | utils.logging:log_training_results:280 - 
2023-04-30 19:00:27.545 | INFO     | utils.logging:log_training_results:281 - Global Step =    250
2023-04-30 19:00:27.546 | INFO     | utils.logging:log_training_results:282 - train mean(MacRec)_t: 0.8913018703460693
2023-04-30 19:00:27.546 | INFO     | utils.logging:log_training_results:287 - train mean ABSerr: 0.9498735666275024
2023-04-30 19:00:27.546 | INFO     | utils.logging:log_training_results:290 - train ausat from confmx: 0.9785990715026855
2023-04-30 19:00:27.547 | INFO     | utils.logging:log_training_results:301 - train MCE loss:0.85028 * 1.0 * -0.11362
2023-04-30 19:00:27.547 | INFO     | utils.logging:log_training_results:309 - train LLLR :0.27394 * 0.0 * 1.02538
2023-04-30 19:00:27.548 | INFO     | utils.logging:log_training_results:317 - train weight decay:1864.77600 * 0.0001 * -1.20090
2023-04-30 19:01:01.220 | INFO     | __main__:objective:356 - Starting epoch #1.
2023-04-30 19:01:29.648 | INFO     | utils.logging:log_training_results:280 - 
2023-04-30 19:01:29.649 | INFO     | utils.logging:log_training_results:281 - Global Step =    500
2023-04-30 19:01:29.649 | INFO     | utils.logging:log_training_results:282 - val mean(MacRec)_t: 0.8728232979774475
2023-04-30 19:01:29.650 | INFO     | utils.logging:log_training_results:287 - val mean ABSerr: 0.47303056716918945
2023-04-30 19:01:29.650 | INFO     | utils.logging:log_training_results:290 - val ausat from confmx: 0.9767040014266968
2023-04-30 19:01:29.651 | INFO     | utils.logging:log_training_results:301 - val MCE loss:0.86136 * 1.0 * -0.12835
2023-04-30 19:01:29.651 | INFO     | utils.logging:log_training_results:309 - val LLLR :0.30196 * 0.0 * 1.00222
2023-04-30 19:01:29.651 | INFO     | utils.logging:log_training_results:317 - val weight decay:1830.26392 * 0.0001 * -1.17783
2023-04-30 19:01:29.702 | INFO     | utils.checkpoint:update_and_save_result:168 - [36mBest value updated![0m
2023-04-30 19:01:29.725 | INFO     | utils.checkpoint:save_checkpoint:83 - [36mSaved checkpoint[0m at step 500.
2023-04-30 19:01:29.728 | INFO     | utils.checkpoint:keep_max_num_saved_models:101 - Removed the oldest model for max_to_keep=1
2023-04-30 19:01:30.601 | INFO     | utils.logging:save_sdre_imgs:710 - Figures saved.
2023-04-30 19:01:31.081 | INFO     | utils.logging:log_training_results:280 - 
2023-04-30 19:01:31.081 | INFO     | utils.logging:log_training_results:281 - Global Step =    500
2023-04-30 19:01:31.082 | INFO     | utils.logging:log_training_results:282 - train mean(MacRec)_t: 0.8535395860671997
2023-04-30 19:01:31.082 | INFO     | utils.logging:log_training_results:287 - train mean ABSerr: 0.8794231414794922
2023-04-30 19:01:31.082 | INFO     | utils.logging:log_training_results:290 - train ausat from confmx: 0.9827844500541687
2023-04-30 19:01:31.083 | INFO     | utils.logging:log_training_results:301 - train MCE loss:0.86729 * 1.0 * -0.12841
2023-04-30 19:01:31.083 | INFO     | utils.logging:log_training_results:309 - train LLLR :0.34052 * 0.0 * 1.00213
2023-04-30 19:01:31.084 | INFO     | utils.logging:log_training_results:317 - train weight decay:1830.26379 * 0.0001 * -1.17773
2023-04-30 19:02:33.129 | INFO     | utils.logging:log_training_results:280 - 
2023-04-30 19:02:33.129 | INFO     | utils.logging:log_training_results:281 - Global Step =    750
2023-04-30 19:02:33.130 | INFO     | utils.logging:log_training_results:282 - val mean(MacRec)_t: 0.8735366463661194
2023-04-30 19:02:33.130 | INFO     | utils.logging:log_training_results:287 - val mean ABSerr: 0.4413003623485565
2023-04-30 19:02:33.131 | INFO     | utils.logging:log_training_results:290 - val ausat from confmx: 0.9766885042190552
2023-04-30 19:02:33.131 | INFO     | utils.logging:log_training_results:301 - val MCE loss:0.86018 * 1.0 * -0.14132
2023-04-30 19:02:33.132 | INFO     | utils.logging:log_training_results:309 - val LLLR :0.30016 * 0.0 * 0.97875
2023-04-30 19:02:33.132 | INFO     | utils.logging:log_training_results:317 - val weight decay:1798.59167 * 0.0001 * -1.15447
2023-04-30 19:02:33.185 | INFO     | utils.checkpoint:update_and_save_result:168 - [36mBest value updated![0m
2023-04-30 19:02:33.211 | INFO     | utils.checkpoint:save_checkpoint:83 - [36mSaved checkpoint[0m at step 750.
2023-04-30 19:02:33.214 | INFO     | utils.checkpoint:keep_max_num_saved_models:101 - Removed the oldest model for max_to_keep=1
2023-04-30 19:02:34.093 | INFO     | utils.logging:save_sdre_imgs:710 - Figures saved.
2023-04-30 19:02:34.560 | INFO     | utils.logging:log_training_results:280 - 
2023-04-30 19:02:34.560 | INFO     | utils.logging:log_training_results:281 - Global Step =    750
2023-04-30 19:02:34.561 | INFO     | utils.logging:log_training_results:282 - train mean(MacRec)_t: 0.8523820042610168
2023-04-30 19:02:34.561 | INFO     | utils.logging:log_training_results:287 - train mean ABSerr: 0.8838682770729065
2023-04-30 19:02:34.561 | INFO     | utils.logging:log_training_results:290 - train ausat from confmx: 0.9663102030754089
2023-04-30 19:02:34.562 | INFO     | utils.logging:log_training_results:301 - train MCE loss:0.87153 * 1.0 * -0.14137
2023-04-30 19:02:34.563 | INFO     | utils.logging:log_training_results:309 - train LLLR :0.38805 * 0.0 * 0.97865
2023-04-30 19:02:34.563 | INFO     | utils.logging:log_training_results:317 - train weight decay:1798.59167 * 0.0001 * -1.15438
2023-04-30 19:02:45.625 | INFO     | __main__:objective:356 - Starting epoch #2.
2023-04-30 19:03:37.129 | INFO     | utils.logging:log_training_results:280 - 
2023-04-30 19:03:37.130 | INFO     | utils.logging:log_training_results:281 - Global Step =   1000
2023-04-30 19:03:37.131 | INFO     | utils.logging:log_training_results:282 - val mean(MacRec)_t: 0.8743699193000793
2023-04-30 19:03:37.131 | INFO     | utils.logging:log_training_results:287 - val mean ABSerr: 0.4223323166370392
2023-04-30 19:03:37.131 | INFO     | utils.logging:log_training_results:290 - val ausat from confmx: 0.9774562120437622
2023-04-30 19:03:37.132 | INFO     | utils.logging:log_training_results:301 - val MCE loss:0.85938 * 1.0 * -0.15304
2023-04-30 19:03:37.132 | INFO     | utils.logging:log_training_results:309 - val LLLR :0.29830 * 0.0 * 0.95506
2023-04-30 19:03:37.133 | INFO     | utils.logging:log_training_results:317 - val weight decay:1768.58301 * 0.0001 * -1.13096
2023-04-30 19:03:37.188 | INFO     | utils.checkpoint:update_and_save_result:168 - [36mBest value updated![0m
2023-04-30 19:03:37.207 | INFO     | utils.checkpoint:save_checkpoint:83 - [36mSaved checkpoint[0m at step 1000.
2023-04-30 19:03:37.211 | INFO     | utils.checkpoint:keep_max_num_saved_models:101 - Removed the oldest model for max_to_keep=1
2023-04-30 19:03:38.124 | INFO     | utils.logging:save_sdre_imgs:710 - Figures saved.
2023-04-30 19:03:38.591 | INFO     | utils.logging:log_training_results:280 - 
2023-04-30 19:03:38.592 | INFO     | utils.logging:log_training_results:281 - Global Step =   1000
2023-04-30 19:03:38.592 | INFO     | utils.logging:log_training_results:282 - train mean(MacRec)_t: 0.8759859800338745
2023-04-30 19:03:38.593 | INFO     | utils.logging:log_training_results:287 - train mean ABSerr: 0.8504227995872498
2023-04-30 19:03:38.593 | INFO     | utils.logging:log_training_results:290 - train ausat from confmx: 0.9914100170135498
2023-04-30 19:03:38.593 | INFO     | utils.logging:log_training_results:301 - train MCE loss:0.86070 * 1.0 * -0.15309
2023-04-30 19:03:38.594 | INFO     | utils.logging:log_training_results:309 - train LLLR :0.30246 * 0.0 * 0.95496
2023-04-30 19:03:38.594 | INFO     | utils.logging:log_training_results:317 - train weight decay:1768.58301 * 0.0001 * -1.13086
2023-04-30 19:04:24.686 | INFO     | __main__:objective:356 - Starting epoch #3.
2023-04-30 19:04:44.172 | INFO     | utils.logging:log_training_results:280 - 
2023-04-30 19:04:44.173 | INFO     | utils.logging:log_training_results:281 - Global Step =   1250
2023-04-30 19:04:44.173 | INFO     | utils.logging:log_training_results:282 - val mean(MacRec)_t: 0.8740700483322144
2023-04-30 19:04:44.174 | INFO     | utils.logging:log_training_results:287 - val mean ABSerr: 0.4441220760345459
2023-04-30 19:04:44.174 | INFO     | utils.logging:log_training_results:290 - val ausat from confmx: 0.9774215221405029
2023-04-30 19:04:44.174 | INFO     | utils.logging:log_training_results:301 - val MCE loss:0.85906 * 1.0 * -0.16385
2023-04-30 19:04:44.175 | INFO     | utils.logging:log_training_results:309 - val LLLR :0.29926 * 0.0 * 0.93116
2023-04-30 19:04:44.175 | INFO     | utils.logging:log_training_results:317 - val weight decay:1739.85864 * 0.0001 * -1.10729
2023-04-30 19:04:45.148 | INFO     | utils.logging:save_sdre_imgs:710 - Figures saved.
2023-04-30 19:04:45.641 | INFO     | utils.logging:log_training_results:280 - 
2023-04-30 19:04:45.642 | INFO     | utils.logging:log_training_results:281 - Global Step =   1250
2023-04-30 19:04:45.642 | INFO     | utils.logging:log_training_results:282 - train mean(MacRec)_t: 0.8474555015563965
2023-04-30 19:04:45.642 | INFO     | utils.logging:log_training_results:287 - train mean ABSerr: 0.8743877410888672
2023-04-30 19:04:45.643 | INFO     | utils.logging:log_training_results:290 - train ausat from confmx: 0.9705921411514282
2023-04-30 19:04:45.643 | INFO     | utils.logging:log_training_results:301 - train MCE loss:0.87890 * 1.0 * -0.16389
2023-04-30 19:04:45.644 | INFO     | utils.logging:log_training_results:309 - train LLLR :0.38207 * 0.0 * 0.93106
2023-04-30 19:04:45.644 | INFO     | utils.logging:log_training_results:317 - train weight decay:1739.85852 * 0.0001 * -1.10719
2023-04-30 19:05:54.715 | INFO     | utils.logging:log_training_results:280 - 
2023-04-30 19:05:54.716 | INFO     | utils.logging:log_training_results:281 - Global Step =   1500
2023-04-30 19:05:54.716 | INFO     | utils.logging:log_training_results:282 - val mean(MacRec)_t: 0.8741233348846436
2023-04-30 19:05:54.717 | INFO     | utils.logging:log_training_results:287 - val mean ABSerr: 0.4134599566459656
2023-04-30 19:05:54.717 | INFO     | utils.logging:log_training_results:290 - val ausat from confmx: 0.9776960015296936
2023-04-30 19:05:54.717 | INFO     | utils.logging:log_training_results:301 - val MCE loss:0.85873 * 1.0 * -0.17400
2023-04-30 19:05:54.718 | INFO     | utils.logging:log_training_results:309 - val LLLR :0.29845 * 0.0 * 0.90706
2023-04-30 19:05:54.718 | INFO     | utils.logging:log_training_results:317 - val weight decay:1712.10632 * 0.0001 * -1.08348
2023-04-30 19:05:55.668 | INFO     | utils.logging:save_sdre_imgs:710 - Figures saved.
2023-04-30 19:05:56.149 | INFO     | utils.logging:log_training_results:280 - 
2023-04-30 19:05:56.150 | INFO     | utils.logging:log_training_results:281 - Global Step =   1500
2023-04-30 19:05:56.150 | INFO     | utils.logging:log_training_results:282 - train mean(MacRec)_t: 0.8470017313957214
2023-04-30 19:05:56.151 | INFO     | utils.logging:log_training_results:287 - train mean ABSerr: 0.8057730197906494
2023-04-30 19:05:56.151 | INFO     | utils.logging:log_training_results:290 - train ausat from confmx: 0.9465246796607971
2023-04-30 19:05:56.152 | INFO     | utils.logging:log_training_results:301 - train MCE loss:0.88897 * 1.0 * -0.17404
2023-04-30 19:05:56.152 | INFO     | utils.logging:log_training_results:309 - train LLLR :0.39743 * 0.0 * 0.90696
2023-04-30 19:05:56.153 | INFO     | utils.logging:log_training_results:317 - train weight decay:1712.10620 * 0.0001 * -1.08338
2023-04-30 19:06:19.515 | INFO     | __main__:objective:356 - Starting epoch #4.
2023-04-30 19:07:00.466 | INFO     | utils.logging:log_training_results:280 - 
2023-04-30 19:07:00.467 | INFO     | utils.logging:log_training_results:281 - Global Step =   1750
2023-04-30 19:07:00.467 | INFO     | utils.logging:log_training_results:282 - val mean(MacRec)_t: 0.8749967217445374
2023-04-30 19:07:00.468 | INFO     | utils.logging:log_training_results:287 - val mean ABSerr: 0.3972626328468323
2023-04-30 19:07:00.468 | INFO     | utils.logging:log_training_results:290 - val ausat from confmx: 0.97723788022995
2023-04-30 19:07:00.468 | INFO     | utils.logging:log_training_results:301 - val MCE loss:0.85811 * 1.0 * -0.18366
2023-04-30 19:07:00.469 | INFO     | utils.logging:log_training_results:309 - val LLLR :0.29614 * 0.0 * 0.88278
2023-04-30 19:07:00.469 | INFO     | utils.logging:log_training_results:317 - val weight decay:1685.11755 * 0.0001 * -1.05953
2023-04-30 19:07:00.523 | INFO     | utils.checkpoint:update_and_save_result:168 - [36mBest value updated![0m
2023-04-30 19:07:00.543 | INFO     | utils.checkpoint:save_checkpoint:83 - [36mSaved checkpoint[0m at step 1750.
2023-04-30 19:07:00.546 | INFO     | utils.checkpoint:keep_max_num_saved_models:101 - Removed the oldest model for max_to_keep=1
2023-04-30 19:07:01.482 | INFO     | utils.logging:save_sdre_imgs:710 - Figures saved.
2023-04-30 19:07:01.968 | INFO     | utils.logging:log_training_results:280 - 
2023-04-30 19:07:01.969 | INFO     | utils.logging:log_training_results:281 - Global Step =   1750
2023-04-30 19:07:01.969 | INFO     | utils.logging:log_training_results:282 - train mean(MacRec)_t: 0.8773954510688782
2023-04-30 19:07:01.970 | INFO     | utils.logging:log_training_results:287 - train mean ABSerr: 0.7981176972389221
2023-04-30 19:07:01.970 | INFO     | utils.logging:log_training_results:290 - train ausat from confmx: 0.9776186943054199
2023-04-30 19:07:01.971 | INFO     | utils.logging:log_training_results:301 - train MCE loss:0.84929 * 1.0 * -0.18370
2023-04-30 19:07:01.971 | INFO     | utils.logging:log_training_results:309 - train LLLR :0.27573 * 0.0 * 0.88268
2023-04-30 19:07:01.971 | INFO     | utils.logging:log_training_results:317 - train weight decay:1685.11755 * 0.0001 * -1.05944
2023-04-30 19:08:05.101 | INFO     | __main__:objective:356 - Starting epoch #5.
2023-04-30 19:08:12.426 | INFO     | utils.logging:log_training_results:280 - 
2023-04-30 19:08:12.427 | INFO     | utils.logging:log_training_results:281 - Global Step =   2000
2023-04-30 19:08:12.428 | INFO     | utils.logging:log_training_results:282 - val mean(MacRec)_t: 0.874530017375946
2023-04-30 19:08:12.428 | INFO     | utils.logging:log_training_results:287 - val mean ABSerr: 0.40254926681518555
2023-04-30 19:08:12.429 | INFO     | utils.logging:log_training_results:290 - val ausat from confmx: 0.9772282838821411
2023-04-30 19:08:12.434 | INFO     | utils.logging:log_training_results:301 - val MCE loss:0.85831 * 1.0 * -0.19296
2023-04-30 19:08:12.435 | INFO     | utils.logging:log_training_results:309 - val LLLR :0.29737 * 0.0 * 0.85832
2023-04-30 19:08:12.436 | INFO     | utils.logging:log_training_results:317 - val weight decay:1658.88513 * 0.0001 * -1.03547
2023-04-30 19:08:13.802 | INFO     | utils.logging:save_sdre_imgs:710 - Figures saved.
2023-04-30 19:08:14.343 | INFO     | utils.logging:log_training_results:280 - 
2023-04-30 19:08:14.344 | INFO     | utils.logging:log_training_results:281 - Global Step =   2000
2023-04-30 19:08:14.344 | INFO     | utils.logging:log_training_results:282 - train mean(MacRec)_t: 0.88718181848526
2023-04-30 19:08:14.345 | INFO     | utils.logging:log_training_results:287 - train mean ABSerr: 0.860619306564331
2023-04-30 19:08:14.345 | INFO     | utils.logging:log_training_results:290 - train ausat from confmx: 0.9914451241493225
2023-04-30 19:08:14.346 | INFO     | utils.logging:log_training_results:301 - train MCE loss:0.83761 * 1.0 * -0.19299
2023-04-30 19:08:14.347 | INFO     | utils.logging:log_training_results:309 - train LLLR :0.28539 * 0.0 * 0.85823
2023-04-30 19:08:14.347 | INFO     | utils.logging:log_training_results:317 - train weight decay:1658.88501 * 0.0001 * -1.03537
