2023-04-30 16:19:00.171 | INFO     | utils.misc:fix_random_seed:405 - Random seed is not fixed.
2023-04-30 16:19:00.208 | INFO     | models.temporal_integrators:summarize:568 - 
:'######::'########::'########::'########::::::::::::::::::::::
'##... ##: ##.... ##: ##.... ##:... ##..:::::::::::::::::::::::
 ##:::..:: ##:::: ##: ##:::: ##:::: ##:::::::::::::::::::::::::
. ######:: ########:: ########::::: ##::::'#######:::::::::::::
:..... ##: ##.....::: ##.. ##:::::: ##::::........:::::::::::::
'##::: ##: ##:::::::: ##::. ##::::: ##:::::::::::::::::::::::::
. ######:: ##:::::::: ##:::. ##:::: ##:::::::::::::::::::::::::
:......:::..:::::::::..:::::..:::::..::::::::::::::::::::::::::
'########::::'###::::'##::: ##:'########::'########:'##::::'##:
... ##..::::'## ##::: ###:: ##: ##.... ##: ##.....:: ###::'###:
::: ##:::::'##:. ##:: ####: ##: ##:::: ##: ##::::::: ####'####:
::: ##::::'##:::. ##: ## ## ##: ##:::: ##: ######::: ## ### ##:
::: ##:::: #########: ##. ####: ##:::: ##: ##...:::: ##. #: ##:
::: ##:::: ##.... ##: ##:. ###: ##:::: ##: ##::::::: ##:.:: ##:
::: ##:::: ##:::: ##: ##::. ##: ########:: ########: ##:::: ##:
:::..:::::..:::::..::..::::..::........:::........::..:::::..::

2023-04-30 16:19:00.209 | INFO     | models.temporal_integrators:summarize:571 - [34mofficial PyTorch implementation.[0m
2023-04-30 16:19:00.276 | INFO     | models.temporal_integrators:summarize:593 - Network summary:
===============================================================================================
Layer (type:depth-idx)                        Output Shape              Param #
===============================================================================================
TANDEMformer                                  [150, 50, 3, 3]           387
├─TransformerEncoder: 1-1                     [7200, 1, 128]            --
│    └─ModuleList: 2-3                        --                        (recursive)
│    │    └─TransformerEncoderLayer: 3-1      [7200, 1, 128]            74,912
├─Linear: 1-2                                 [7200, 32]                4,128
├─Dropout: 1-3                                [7200, 32]                --
├─TransformerEncoder: 1-4                     [7200, 2, 128]            (recursive)
│    └─ModuleList: 2-3                        --                        (recursive)
│    │    └─TransformerEncoderLayer: 3-2      [7200, 2, 128]            (recursive)
├─Linear: 1-5                                 [7200, 32]                (recursive)
├─Dropout: 1-6                                [7200, 32]                --
├─TransformerEncoder: 1-7                     [7200, 3, 128]            (recursive)
│    └─ModuleList: 2-3                        --                        (recursive)
│    │    └─TransformerEncoderLayer: 3-3      [7200, 3, 128]            (recursive)
├─Linear: 1-8                                 [7200, 32]                (recursive)
├─Dropout: 1-9                                [7200, 32]                --
├─Linear: 1-10                                [7200, 3]                 99
├─Linear: 1-11                                [7200, 3]                 (recursive)
├─Linear: 1-12                                [7200, 3]                 (recursive)
===============================================================================================
Total params: 79,526
Trainable params: 79,526
Non-trainable params: 0
Total mult-adds (M): 282.77
===============================================================================================
Input size (MB): 3.84
Forward/backward pass size (MB): 149.82
Params size (MB): 0.05
Estimated Total Size (MB): 153.71
===============================================================================================
2023-04-30 16:19:00.278 | INFO     | models.temporal_integrators:summarize:594 - Example input shape: torch.Size([150, 50, 128])
2023-04-30 16:19:00.279 | INFO     | models.temporal_integrators:summarize:595 - Example output shape: torch.Size([150, 50, 3, 3])
2023-04-30 16:19:00.283 | INFO     | models.temporal_integrators:import_model:58 - model moved onto: [33mcuda.[0m
2023-04-30 16:19:00.285 | INFO     | models.optimizers:initialize_optimizer:44 - Optimizer:
AdamW (
Parameter Group 0
    amsgrad: False
    betas: (0.9, 0.999)
    capturable: False
    differentiable: False
    eps: 1e-08
    foreach: None
    fused: None
    lr: 3.8710808632547445e-05
    maximize: False
    weight_decay: 0.0002
)
2023-04-30 16:19:00.286 | INFO     | datasets.data_processing:lmdb_dataloaders:293 - loading data... 
2023-04-30 16:19:00.287 | INFO     | datasets.data_processing:lmdb_dataloaders:295 - If this process takes long, consider setting is_load_onto_memory=False or use LMDBIterableDataset.
2023-04-30 16:19:03.412 | INFO     | __main__:objective:356 - Starting epoch #0.
2023-04-30 16:19:04.923 | INFO     | utils.logging:log_training_results:280 - 
2023-04-30 16:19:04.923 | INFO     | utils.logging:log_training_results:281 - Global Step =      0
2023-04-30 16:19:04.924 | INFO     | utils.logging:log_training_results:282 - val mean(MacRec)_t: 0.3130600154399872
2023-04-30 16:19:04.924 | INFO     | utils.logging:log_training_results:287 - val mean ABSerr: 3.517437696456909
2023-04-30 16:19:04.924 | INFO     | utils.logging:log_training_results:290 - val ausat from confmx: 0.30054259300231934
2023-04-30 16:19:04.925 | INFO     | utils.logging:log_training_results:301 - val MCE loss:1.10351 * 0.9 * -1.57078
2023-04-30 16:19:04.925 | INFO     | utils.logging:log_training_results:309 - val LLLR :1.17441 * 0.1 * -0.80083
2023-04-30 16:19:04.926 | INFO     | utils.logging:log_training_results:317 - val weight decay:927.44696 * 0.0002 * -0.89059
2023-04-30 16:19:05.905 | INFO     | utils.logging:save_sdre_imgs:710 - Figures saved.
2023-04-30 16:19:06.231 | INFO     | utils.logging:log_training_results:280 - 
2023-04-30 16:19:06.232 | INFO     | utils.logging:log_training_results:281 - Global Step =      0
2023-04-30 16:19:06.232 | INFO     | utils.logging:log_training_results:282 - train mean(MacRec)_t: 0.35011565685272217
2023-04-30 16:19:06.233 | INFO     | utils.logging:log_training_results:287 - train mean ABSerr: 3.5996854305267334
2023-04-30 16:19:06.233 | INFO     | utils.logging:log_training_results:290 - train ausat from confmx: 0.3108825385570526
2023-04-30 16:19:06.234 | INFO     | utils.logging:log_training_results:301 - train MCE loss:1.10402 * 0.9 * -1.57074
2023-04-30 16:19:06.234 | INFO     | utils.logging:log_training_results:309 - train LLLR :1.21781 * 0.1 * -0.80079
2023-04-30 16:19:06.234 | INFO     | utils.logging:log_training_results:317 - train weight decay:927.44696 * 0.0002 * -0.89055
2023-04-30 16:19:22.949 | INFO     | utils.logging:log_training_results:280 - 
2023-04-30 16:19:22.949 | INFO     | utils.logging:log_training_results:281 - Global Step =    250
2023-04-30 16:19:22.950 | INFO     | utils.logging:log_training_results:282 - val mean(MacRec)_t: 0.6879533529281616
2023-04-30 16:19:22.950 | INFO     | utils.logging:log_training_results:287 - val mean ABSerr: 3.2073605060577393
2023-04-30 16:19:22.951 | INFO     | utils.logging:log_training_results:290 - val ausat from confmx: 0.8194712400436401
2023-04-30 16:19:22.951 | INFO     | utils.logging:log_training_results:301 - val MCE loss:1.07609 * 0.9 * -1.56108
2023-04-30 16:19:22.952 | INFO     | utils.logging:log_training_results:309 - val LLLR :0.83870 * 0.1 * -0.79107
2023-04-30 16:19:22.952 | INFO     | utils.logging:log_training_results:317 - val weight decay:903.58264 * 0.0002 * -0.88089
2023-04-30 16:19:22.997 | INFO     | utils.checkpoint:update_and_save_result:168 - [36mBest value updated![0m
2023-04-30 16:19:23.012 | INFO     | utils.checkpoint:save_checkpoint:83 - [36mSaved checkpoint[0m at step 250.
2023-04-30 16:19:23.827 | INFO     | utils.logging:save_sdre_imgs:710 - Figures saved.
2023-04-30 16:19:24.155 | INFO     | utils.logging:log_training_results:280 - 
2023-04-30 16:19:24.157 | INFO     | utils.logging:log_training_results:281 - Global Step =    250
2023-04-30 16:19:24.158 | INFO     | utils.logging:log_training_results:282 - train mean(MacRec)_t: 0.573449432849884
2023-04-30 16:19:24.158 | INFO     | utils.logging:log_training_results:287 - train mean ABSerr: 3.2435824871063232
2023-04-30 16:19:24.158 | INFO     | utils.logging:log_training_results:290 - train ausat from confmx: 0.611714780330658
2023-04-30 16:19:24.159 | INFO     | utils.logging:log_training_results:301 - train MCE loss:1.07731 * 0.9 * -1.56104
2023-04-30 16:19:24.159 | INFO     | utils.logging:log_training_results:309 - train LLLR :0.89736 * 0.1 * -0.79103
2023-04-30 16:19:24.160 | INFO     | utils.logging:log_training_results:317 - train weight decay:903.58264 * 0.0002 * -0.88085
2023-04-30 16:19:33.240 | INFO     | __main__:objective:356 - Starting epoch #1.
2023-04-30 16:19:40.682 | INFO     | utils.logging:log_training_results:280 - 
2023-04-30 16:19:40.683 | INFO     | utils.logging:log_training_results:281 - Global Step =    500
2023-04-30 16:19:40.683 | INFO     | utils.logging:log_training_results:282 - val mean(MacRec)_t: 0.8274666666984558
2023-04-30 16:19:40.684 | INFO     | utils.logging:log_training_results:287 - val mean ABSerr: 2.6916844844818115
2023-04-30 16:19:40.684 | INFO     | utils.logging:log_training_results:290 - val ausat from confmx: 0.949114203453064
2023-04-30 16:19:40.685 | INFO     | utils.logging:log_training_results:301 - val MCE loss:1.03822 * 0.9 * -1.55134
2023-04-30 16:19:40.685 | INFO     | utils.logging:log_training_results:309 - val LLLR :0.54850 * 0.1 * -0.78116
2023-04-30 16:19:40.686 | INFO     | utils.logging:log_training_results:317 - val weight decay:881.81342 * 0.0002 * -0.87114
2023-04-30 16:19:40.731 | INFO     | utils.checkpoint:update_and_save_result:168 - [36mBest value updated![0m
2023-04-30 16:19:40.748 | INFO     | utils.checkpoint:save_checkpoint:83 - [36mSaved checkpoint[0m at step 500.
2023-04-30 16:19:40.752 | INFO     | utils.checkpoint:keep_max_num_saved_models:101 - Removed the oldest model for max_to_keep=1
2023-04-30 16:19:41.562 | INFO     | utils.logging:save_sdre_imgs:710 - Figures saved.
2023-04-30 16:19:41.862 | INFO     | utils.logging:log_training_results:280 - 
2023-04-30 16:19:41.863 | INFO     | utils.logging:log_training_results:281 - Global Step =    500
2023-04-30 16:19:41.863 | INFO     | utils.logging:log_training_results:282 - train mean(MacRec)_t: 0.7134705781936646
2023-04-30 16:19:41.864 | INFO     | utils.logging:log_training_results:287 - train mean ABSerr: 2.772179126739502
2023-04-30 16:19:41.864 | INFO     | utils.logging:log_training_results:290 - train ausat from confmx: 0.8567401766777039
2023-04-30 16:19:41.865 | INFO     | utils.logging:log_training_results:301 - train MCE loss:1.04692 * 0.9 * -1.55130
2023-04-30 16:19:41.865 | INFO     | utils.logging:log_training_results:309 - train LLLR :0.66999 * 0.1 * -0.78112
2023-04-30 16:19:41.865 | INFO     | utils.logging:log_training_results:317 - train weight decay:881.81342 * 0.0002 * -0.87110
2023-04-30 16:19:58.614 | INFO     | utils.logging:log_training_results:280 - 
2023-04-30 16:19:58.616 | INFO     | utils.logging:log_training_results:281 - Global Step =    750
2023-04-30 16:19:58.616 | INFO     | utils.logging:log_training_results:282 - val mean(MacRec)_t: 0.8643633127212524
2023-04-30 16:19:58.617 | INFO     | utils.logging:log_training_results:287 - val mean ABSerr: 1.9161224365234375
2023-04-30 16:19:58.617 | INFO     | utils.logging:log_training_results:290 - val ausat from confmx: 0.9716318249702454
2023-04-30 16:19:58.617 | INFO     | utils.logging:log_training_results:301 - val MCE loss:0.99466 * 0.9 * -1.54155
2023-04-30 16:19:58.618 | INFO     | utils.logging:log_training_results:309 - val LLLR :0.37521 * 0.1 * -0.77115
2023-04-30 16:19:58.618 | INFO     | utils.logging:log_training_results:317 - val weight decay:862.23029 * 0.0002 * -0.86134
2023-04-30 16:19:58.668 | INFO     | utils.checkpoint:update_and_save_result:168 - [36mBest value updated![0m
2023-04-30 16:19:58.684 | INFO     | utils.checkpoint:save_checkpoint:83 - [36mSaved checkpoint[0m at step 750.
2023-04-30 16:19:58.687 | INFO     | utils.checkpoint:keep_max_num_saved_models:101 - Removed the oldest model for max_to_keep=1
2023-04-30 16:19:59.507 | INFO     | utils.logging:save_sdre_imgs:710 - Figures saved.
2023-04-30 16:19:59.795 | INFO     | utils.logging:log_training_results:280 - 
2023-04-30 16:19:59.795 | INFO     | utils.logging:log_training_results:281 - Global Step =    750
2023-04-30 16:19:59.796 | INFO     | utils.logging:log_training_results:282 - train mean(MacRec)_t: 0.7962219715118408
2023-04-30 16:19:59.796 | INFO     | utils.logging:log_training_results:287 - train mean ABSerr: 2.0640368461608887
2023-04-30 16:19:59.796 | INFO     | utils.logging:log_training_results:290 - train ausat from confmx: 0.8980091214179993
2023-04-30 16:19:59.797 | INFO     | utils.logging:log_training_results:301 - train MCE loss:1.00798 * 0.9 * -1.54151
2023-04-30 16:19:59.797 | INFO     | utils.logging:log_training_results:309 - train LLLR :0.47125 * 0.1 * -0.77111
2023-04-30 16:19:59.797 | INFO     | utils.logging:log_training_results:317 - train weight decay:862.23035 * 0.0002 * -0.86130
2023-04-30 16:20:03.305 | INFO     | __main__:objective:356 - Starting epoch #2.
2023-04-30 16:20:18.328 | INFO     | utils.logging:log_training_results:280 - 
2023-04-30 16:20:18.329 | INFO     | utils.logging:log_training_results:281 - Global Step =   1000
2023-04-30 16:20:18.329 | INFO     | utils.logging:log_training_results:282 - val mean(MacRec)_t: 0.8723733425140381
2023-04-30 16:20:18.330 | INFO     | utils.logging:log_training_results:287 - val mean ABSerr: 1.148706078529358
2023-04-30 16:20:18.330 | INFO     | utils.logging:log_training_results:290 - val ausat from confmx: 0.9749613404273987
2023-04-30 16:20:18.331 | INFO     | utils.logging:log_training_results:301 - val MCE loss:0.96673 * 0.9 * -1.53171
2023-04-30 16:20:18.331 | INFO     | utils.logging:log_training_results:309 - val LLLR :0.31537 * 0.1 * -0.76110
2023-04-30 16:20:18.331 | INFO     | utils.logging:log_training_results:317 - val weight decay:843.29504 * 0.0002 * -0.85150
2023-04-30 16:20:18.384 | INFO     | utils.checkpoint:update_and_save_result:168 - [36mBest value updated![0m
2023-04-30 16:20:18.398 | INFO     | utils.checkpoint:save_checkpoint:83 - [36mSaved checkpoint[0m at step 1000.
2023-04-30 16:20:18.401 | INFO     | utils.checkpoint:keep_max_num_saved_models:101 - Removed the oldest model for max_to_keep=1
2023-04-30 16:20:19.418 | INFO     | utils.logging:save_sdre_imgs:710 - Figures saved.
2023-04-30 16:20:19.696 | INFO     | utils.logging:log_training_results:280 - 
2023-04-30 16:20:19.696 | INFO     | utils.logging:log_training_results:281 - Global Step =   1000
2023-04-30 16:20:19.697 | INFO     | utils.logging:log_training_results:282 - train mean(MacRec)_t: 0.8073185682296753
2023-04-30 16:20:19.697 | INFO     | utils.logging:log_training_results:287 - train mean ABSerr: 1.4619392156600952
2023-04-30 16:20:19.697 | INFO     | utils.logging:log_training_results:290 - train ausat from confmx: 0.9165480732917786
2023-04-30 16:20:19.698 | INFO     | utils.logging:log_training_results:301 - train MCE loss:0.98394 * 0.9 * -1.53167
2023-04-30 16:20:19.698 | INFO     | utils.logging:log_training_results:309 - train LLLR :0.47810 * 0.1 * -0.76106
2023-04-30 16:20:19.698 | INFO     | utils.logging:log_training_results:317 - train weight decay:843.29498 * 0.0002 * -0.85146
2023-04-30 16:20:32.254 | INFO     | __main__:objective:356 - Starting epoch #3.
2023-04-30 16:20:36.824 | INFO     | utils.logging:log_training_results:280 - 
2023-04-30 16:20:36.825 | INFO     | utils.logging:log_training_results:281 - Global Step =   1250
2023-04-30 16:20:36.825 | INFO     | utils.logging:log_training_results:282 - val mean(MacRec)_t: 0.8742700219154358
2023-04-30 16:20:36.825 | INFO     | utils.logging:log_training_results:287 - val mean ABSerr: 0.6646512746810913
2023-04-30 16:20:36.826 | INFO     | utils.logging:log_training_results:290 - val ausat from confmx: 0.9761680364608765
2023-04-30 16:20:36.826 | INFO     | utils.logging:log_training_results:301 - val MCE loss:0.95623 * 0.9 * -1.52187
2023-04-30 16:20:36.827 | INFO     | utils.logging:log_training_results:309 - val LLLR :0.30026 * 0.1 * -0.75106
2023-04-30 16:20:36.827 | INFO     | utils.logging:log_training_results:317 - val weight decay:824.30634 * 0.0002 * -0.84163
2023-04-30 16:20:36.880 | INFO     | utils.checkpoint:update_and_save_result:168 - [36mBest value updated![0m
2023-04-30 16:20:36.894 | INFO     | utils.checkpoint:save_checkpoint:83 - [36mSaved checkpoint[0m at step 1250.
2023-04-30 16:20:36.897 | INFO     | utils.checkpoint:keep_max_num_saved_models:101 - Removed the oldest model for max_to_keep=1
2023-04-30 16:20:37.668 | INFO     | utils.logging:save_sdre_imgs:710 - Figures saved.
2023-04-30 16:20:37.959 | INFO     | utils.logging:log_training_results:280 - 
2023-04-30 16:20:37.960 | INFO     | utils.logging:log_training_results:281 - Global Step =   1250
2023-04-30 16:20:37.960 | INFO     | utils.logging:log_training_results:282 - train mean(MacRec)_t: 0.8124463558197021
2023-04-30 16:20:37.960 | INFO     | utils.logging:log_training_results:287 - train mean ABSerr: 1.1786309480667114
2023-04-30 16:20:37.961 | INFO     | utils.logging:log_training_results:290 - train ausat from confmx: 0.9238290786743164
2023-04-30 16:20:37.961 | INFO     | utils.logging:log_training_results:301 - train MCE loss:0.97528 * 0.9 * -1.52184
2023-04-30 16:20:37.962 | INFO     | utils.logging:log_training_results:309 - train LLLR :0.48016 * 0.1 * -0.75102
2023-04-30 16:20:37.962 | INFO     | utils.logging:log_training_results:317 - train weight decay:824.30634 * 0.0002 * -0.84159
2023-04-30 16:20:54.477 | INFO     | utils.logging:log_training_results:280 - 
2023-04-30 16:20:54.478 | INFO     | utils.logging:log_training_results:281 - Global Step =   1500
2023-04-30 16:20:54.478 | INFO     | utils.logging:log_training_results:282 - val mean(MacRec)_t: 0.8746200203895569
2023-04-30 16:20:54.479 | INFO     | utils.logging:log_training_results:287 - val mean ABSerr: 0.4480511546134949
2023-04-30 16:20:54.479 | INFO     | utils.logging:log_training_results:290 - val ausat from confmx: 0.9768666625022888
2023-04-30 16:20:54.480 | INFO     | utils.logging:log_training_results:301 - val MCE loss:0.95299 * 0.9 * -1.51204
2023-04-30 16:20:54.480 | INFO     | utils.logging:log_training_results:309 - val LLLR :0.29689 * 0.1 * -0.74101
2023-04-30 16:20:54.480 | INFO     | utils.logging:log_training_results:317 - val weight decay:805.49677 * 0.0002 * -0.83172
2023-04-30 16:20:54.529 | INFO     | utils.checkpoint:update_and_save_result:168 - [36mBest value updated![0m
2023-04-30 16:20:54.545 | INFO     | utils.checkpoint:save_checkpoint:83 - [36mSaved checkpoint[0m at step 1500.
2023-04-30 16:20:54.547 | INFO     | utils.checkpoint:keep_max_num_saved_models:101 - Removed the oldest model for max_to_keep=1
2023-04-30 16:20:55.346 | INFO     | utils.logging:save_sdre_imgs:710 - Figures saved.
2023-04-30 16:20:55.628 | INFO     | utils.logging:log_training_results:280 - 
2023-04-30 16:20:55.629 | INFO     | utils.logging:log_training_results:281 - Global Step =   1500
2023-04-30 16:20:55.629 | INFO     | utils.logging:log_training_results:282 - train mean(MacRec)_t: 0.8480582237243652
2023-04-30 16:20:55.630 | INFO     | utils.logging:log_training_results:287 - train mean ABSerr: 1.184342861175537
2023-04-30 16:20:55.630 | INFO     | utils.logging:log_training_results:290 - train ausat from confmx: 0.943858802318573
2023-04-30 16:20:55.630 | INFO     | utils.logging:log_training_results:301 - train MCE loss:0.96854 * 0.9 * -1.51200
2023-04-30 16:20:55.631 | INFO     | utils.logging:log_training_results:309 - train LLLR :0.36431 * 0.1 * -0.74097
2023-04-30 16:20:55.631 | INFO     | utils.logging:log_training_results:317 - train weight decay:805.49670 * 0.0002 * -0.83168
2023-04-30 16:21:01.663 | INFO     | __main__:objective:356 - Starting epoch #4.
2023-04-30 16:21:12.296 | INFO     | utils.logging:log_training_results:280 - 
2023-04-30 16:21:12.297 | INFO     | utils.logging:log_training_results:281 - Global Step =   1750
2023-04-30 16:21:12.298 | INFO     | utils.logging:log_training_results:282 - val mean(MacRec)_t: 0.8747333288192749
2023-04-30 16:21:12.298 | INFO     | utils.logging:log_training_results:287 - val mean ABSerr: 0.3535885810852051
2023-04-30 16:21:12.298 | INFO     | utils.logging:log_training_results:290 - val ausat from confmx: 0.976997435092926
2023-04-30 16:21:12.299 | INFO     | utils.logging:log_training_results:301 - val MCE loss:0.95197 * 0.9 * -1.50221
2023-04-30 16:21:12.299 | INFO     | utils.logging:log_training_results:309 - val LLLR :0.29639 * 0.1 * -0.73096
2023-04-30 16:21:12.300 | INFO     | utils.logging:log_training_results:317 - val weight decay:787.05872 * 0.0002 * -0.82177
2023-04-30 16:21:12.351 | INFO     | utils.checkpoint:update_and_save_result:168 - [36mBest value updated![0m
2023-04-30 16:21:12.364 | INFO     | utils.checkpoint:save_checkpoint:83 - [36mSaved checkpoint[0m at step 1750.
2023-04-30 16:21:12.367 | INFO     | utils.checkpoint:keep_max_num_saved_models:101 - Removed the oldest model for max_to_keep=1
2023-04-30 16:21:13.183 | INFO     | utils.logging:save_sdre_imgs:710 - Figures saved.
2023-04-30 16:21:13.463 | INFO     | utils.logging:log_training_results:280 - 
2023-04-30 16:21:13.464 | INFO     | utils.logging:log_training_results:281 - Global Step =   1750
2023-04-30 16:21:13.464 | INFO     | utils.logging:log_training_results:282 - train mean(MacRec)_t: 0.8381384015083313
2023-04-30 16:21:13.465 | INFO     | utils.logging:log_training_results:287 - train mean ABSerr: 1.12108314037323
2023-04-30 16:21:13.465 | INFO     | utils.logging:log_training_results:290 - train ausat from confmx: 0.9460985660552979
2023-04-30 16:21:13.465 | INFO     | utils.logging:log_training_results:301 - train MCE loss:0.96527 * 0.9 * -1.50217
2023-04-30 16:21:13.466 | INFO     | utils.logging:log_training_results:309 - train LLLR :0.39002 * 0.1 * -0.73092
2023-04-30 16:21:13.466 | INFO     | utils.logging:log_training_results:317 - train weight decay:787.05865 * 0.0002 * -0.82173
2023-04-30 16:21:28.664 | INFO     | __main__:objective:356 - Starting epoch #5.
2023-04-30 16:21:30.175 | INFO     | utils.logging:log_training_results:280 - 
2023-04-30 16:21:30.176 | INFO     | utils.logging:log_training_results:281 - Global Step =   2000
2023-04-30 16:21:30.177 | INFO     | utils.logging:log_training_results:282 - val mean(MacRec)_t: 0.8747633099555969
2023-04-30 16:21:30.177 | INFO     | utils.logging:log_training_results:287 - val mean ABSerr: 0.32146865129470825
2023-04-30 16:21:30.177 | INFO     | utils.logging:log_training_results:290 - val ausat from confmx: 0.9770563840866089
2023-04-30 16:21:30.178 | INFO     | utils.logging:log_training_results:301 - val MCE loss:0.95157 * 0.9 * -1.49240
2023-04-30 16:21:30.178 | INFO     | utils.logging:log_training_results:309 - val LLLR :0.29575 * 0.1 * -0.72090
2023-04-30 16:21:30.179 | INFO     | utils.logging:log_training_results:317 - val weight decay:768.96381 * 0.0002 * -0.81180
2023-04-30 16:21:30.226 | INFO     | utils.checkpoint:update_and_save_result:168 - [36mBest value updated![0m
2023-04-30 16:21:30.240 | INFO     | utils.checkpoint:save_checkpoint:83 - [36mSaved checkpoint[0m at step 2000.
2023-04-30 16:21:30.243 | INFO     | utils.checkpoint:keep_max_num_saved_models:101 - Removed the oldest model for max_to_keep=1
2023-04-30 16:21:31.060 | INFO     | utils.logging:save_sdre_imgs:710 - Figures saved.
2023-04-30 16:21:31.358 | INFO     | utils.logging:log_training_results:280 - 
2023-04-30 16:21:31.358 | INFO     | utils.logging:log_training_results:281 - Global Step =   2000
2023-04-30 16:21:31.359 | INFO     | utils.logging:log_training_results:282 - train mean(MacRec)_t: 0.8605947494506836
2023-04-30 16:21:31.359 | INFO     | utils.logging:log_training_results:287 - train mean ABSerr: 1.0955756902694702
2023-04-30 16:21:31.360 | INFO     | utils.logging:log_training_results:290 - train ausat from confmx: 0.9531918168067932
2023-04-30 16:21:31.360 | INFO     | utils.logging:log_training_results:301 - train MCE loss:0.95610 * 0.9 * -1.49236
2023-04-30 16:21:31.360 | INFO     | utils.logging:log_training_results:309 - train LLLR :0.32262 * 0.1 * -0.72086
2023-04-30 16:21:31.361 | INFO     | utils.logging:log_training_results:317 - train weight decay:768.96381 * 0.0002 * -0.81176
2023-04-30 16:21:48.157 | INFO     | utils.logging:log_training_results:280 - 
2023-04-30 16:21:48.158 | INFO     | utils.logging:log_training_results:281 - Global Step =   2250
2023-04-30 16:21:48.159 | INFO     | utils.logging:log_training_results:282 - val mean(MacRec)_t: 0.874886691570282
2023-04-30 16:21:48.159 | INFO     | utils.logging:log_training_results:287 - val mean ABSerr: 0.29365575313568115
2023-04-30 16:21:48.159 | INFO     | utils.logging:log_training_results:290 - val ausat from confmx: 0.9768093824386597
2023-04-30 16:21:48.160 | INFO     | utils.logging:log_training_results:301 - val MCE loss:0.95127 * 0.9 * -1.48259
2023-04-30 16:21:48.160 | INFO     | utils.logging:log_training_results:309 - val LLLR :0.29542 * 0.1 * -0.71083
2023-04-30 16:21:48.161 | INFO     | utils.logging:log_training_results:317 - val weight decay:751.30688 * 0.0002 * -0.80180
2023-04-30 16:21:48.208 | INFO     | utils.checkpoint:update_and_save_result:168 - [36mBest value updated![0m
2023-04-30 16:21:48.226 | INFO     | utils.checkpoint:save_checkpoint:83 - [36mSaved checkpoint[0m at step 2250.
2023-04-30 16:21:48.229 | INFO     | utils.checkpoint:keep_max_num_saved_models:101 - Removed the oldest model for max_to_keep=1
2023-04-30 16:21:49.055 | INFO     | utils.logging:save_sdre_imgs:710 - Figures saved.
2023-04-30 16:21:49.343 | INFO     | utils.logging:log_training_results:280 - 
2023-04-30 16:21:49.344 | INFO     | utils.logging:log_training_results:281 - Global Step =   2250
2023-04-30 16:21:49.344 | INFO     | utils.logging:log_training_results:282 - train mean(MacRec)_t: 0.84333336353302
2023-04-30 16:21:49.344 | INFO     | utils.logging:log_training_results:287 - train mean ABSerr: 1.0286550521850586
2023-04-30 16:21:49.345 | INFO     | utils.logging:log_training_results:290 - train ausat from confmx: 0.9392131567001343
2023-04-30 16:21:49.345 | INFO     | utils.logging:log_training_results:301 - train MCE loss:0.97983 * 0.9 * -1.48255
2023-04-30 16:21:49.346 | INFO     | utils.logging:log_training_results:309 - train LLLR :0.36476 * 0.1 * -0.71079
2023-04-30 16:21:49.346 | INFO     | utils.logging:log_training_results:317 - train weight decay:751.30688 * 0.0002 * -0.80176
2023-04-30 16:21:58.528 | INFO     | __main__:objective:356 - Starting epoch #6.
2023-04-30 16:22:06.116 | INFO     | utils.logging:log_training_results:280 - 
2023-04-30 16:22:06.116 | INFO     | utils.logging:log_training_results:281 - Global Step =   2500
2023-04-30 16:22:06.117 | INFO     | utils.logging:log_training_results:282 - val mean(MacRec)_t: 0.8750866651535034
2023-04-30 16:22:06.117 | INFO     | utils.logging:log_training_results:287 - val mean ABSerr: 0.2866460680961609
2023-04-30 16:22:06.118 | INFO     | utils.logging:log_training_results:290 - val ausat from confmx: 0.9769752025604248
2023-04-30 16:22:06.118 | INFO     | utils.logging:log_training_results:301 - val MCE loss:0.95114 * 0.9 * -1.47279
2023-04-30 16:22:06.119 | INFO     | utils.logging:log_training_results:309 - val LLLR :0.29542 * 0.1 * -0.70074
2023-04-30 16:22:06.119 | INFO     | utils.logging:log_training_results:317 - val weight decay:733.90210 * 0.0002 * -0.79178
2023-04-30 16:22:06.168 | INFO     | utils.checkpoint:update_and_save_result:168 - [36mBest value updated![0m
2023-04-30 16:22:06.183 | INFO     | utils.checkpoint:save_checkpoint:83 - [36mSaved checkpoint[0m at step 2500.
2023-04-30 16:22:06.186 | INFO     | utils.checkpoint:keep_max_num_saved_models:101 - Removed the oldest model for max_to_keep=1
2023-04-30 16:22:07.013 | INFO     | utils.logging:save_sdre_imgs:710 - Figures saved.
2023-04-30 16:22:07.298 | INFO     | utils.logging:log_training_results:280 - 
2023-04-30 16:22:07.299 | INFO     | utils.logging:log_training_results:281 - Global Step =   2500
2023-04-30 16:22:07.299 | INFO     | utils.logging:log_training_results:282 - train mean(MacRec)_t: 0.8555227518081665
2023-04-30 16:22:07.300 | INFO     | utils.logging:log_training_results:287 - train mean ABSerr: 1.095958948135376
2023-04-30 16:22:07.300 | INFO     | utils.logging:log_training_results:290 - train ausat from confmx: 0.963282585144043
2023-04-30 16:22:07.301 | INFO     | utils.logging:log_training_results:301 - train MCE loss:0.95692 * 0.9 * -1.47275
2023-04-30 16:22:07.301 | INFO     | utils.logging:log_training_results:309 - train LLLR :0.35064 * 0.1 * -0.70070
2023-04-30 16:22:07.302 | INFO     | utils.logging:log_training_results:317 - train weight decay:733.90210 * 0.0002 * -0.79174
2023-04-30 16:22:23.738 | INFO     | utils.logging:log_training_results:280 - 
2023-04-30 16:22:23.739 | INFO     | utils.logging:log_training_results:281 - Global Step =   2750
2023-04-30 16:22:23.739 | INFO     | utils.logging:log_training_results:282 - val mean(MacRec)_t: 0.8753799200057983
2023-04-30 16:22:23.740 | INFO     | utils.logging:log_training_results:287 - val mean ABSerr: 0.27189329266548157
2023-04-30 16:22:23.740 | INFO     | utils.logging:log_training_results:290 - val ausat from confmx: 0.9768432974815369
2023-04-30 16:22:23.740 | INFO     | utils.logging:log_training_results:301 - val MCE loss:0.95108 * 0.9 * -1.46298
2023-04-30 16:22:23.741 | INFO     | utils.logging:log_training_results:309 - val LLLR :0.29492 * 0.1 * -0.69063
2023-04-30 16:22:23.741 | INFO     | utils.logging:log_training_results:317 - val weight decay:716.75110 * 0.0002 * -0.78174
2023-04-30 16:22:23.792 | INFO     | utils.checkpoint:update_and_save_result:168 - [36mBest value updated![0m
2023-04-30 16:22:23.805 | INFO     | utils.checkpoint:save_checkpoint:83 - [36mSaved checkpoint[0m at step 2750.
2023-04-30 16:22:23.809 | INFO     | utils.checkpoint:keep_max_num_saved_models:101 - Removed the oldest model for max_to_keep=1
2023-04-30 16:22:24.818 | INFO     | utils.logging:save_sdre_imgs:710 - Figures saved.
2023-04-30 16:22:25.103 | INFO     | utils.logging:log_training_results:280 - 
2023-04-30 16:22:25.104 | INFO     | utils.logging:log_training_results:281 - Global Step =   2750
2023-04-30 16:22:25.104 | INFO     | utils.logging:log_training_results:282 - train mean(MacRec)_t: 0.8702684044837952
2023-04-30 16:22:25.105 | INFO     | utils.logging:log_training_results:287 - train mean ABSerr: 1.071179747581482
2023-04-30 16:22:25.105 | INFO     | utils.logging:log_training_results:290 - train ausat from confmx: 0.9797175526618958
2023-04-30 16:22:25.105 | INFO     | utils.logging:log_training_results:301 - train MCE loss:0.95845 * 0.9 * -1.46294
2023-04-30 16:22:25.106 | INFO     | utils.logging:log_training_results:309 - train LLLR :0.32562 * 0.1 * -0.69059
2023-04-30 16:22:25.106 | INFO     | utils.logging:log_training_results:317 - train weight decay:716.75104 * 0.0002 * -0.78170
2023-04-30 16:22:28.183 | INFO     | __main__:objective:356 - Starting epoch #7.
2023-04-30 16:22:41.811 | INFO     | utils.logging:log_training_results:280 - 
2023-04-30 16:22:41.811 | INFO     | utils.logging:log_training_results:281 - Global Step =   3000
2023-04-30 16:22:41.812 | INFO     | utils.logging:log_training_results:282 - val mean(MacRec)_t: 0.8752732872962952
2023-04-30 16:22:41.812 | INFO     | utils.logging:log_training_results:287 - val mean ABSerr: 0.2565670907497406
2023-04-30 16:22:41.812 | INFO     | utils.logging:log_training_results:290 - val ausat from confmx: 0.9772337079048157
2023-04-30 16:22:41.813 | INFO     | utils.logging:log_training_results:301 - val MCE loss:0.95089 * 0.9 * -1.45318
2023-04-30 16:22:41.813 | INFO     | utils.logging:log_training_results:309 - val LLLR :0.29496 * 0.1 * -0.68051
2023-04-30 16:22:41.814 | INFO     | utils.logging:log_training_results:317 - val weight decay:699.90710 * 0.0002 * -0.77167
2023-04-30 16:22:42.854 | INFO     | utils.logging:save_sdre_imgs:710 - Figures saved.
2023-04-30 16:22:43.139 | INFO     | utils.logging:log_training_results:280 - 
2023-04-30 16:22:43.140 | INFO     | utils.logging:log_training_results:281 - Global Step =   3000
2023-04-30 16:22:43.140 | INFO     | utils.logging:log_training_results:282 - train mean(MacRec)_t: 0.8532884120941162
2023-04-30 16:22:43.140 | INFO     | utils.logging:log_training_results:287 - train mean ABSerr: 0.93973308801651
2023-04-30 16:22:43.141 | INFO     | utils.logging:log_training_results:290 - train ausat from confmx: 0.970565676689148
2023-04-30 16:22:43.141 | INFO     | utils.logging:log_training_results:301 - train MCE loss:0.96700 * 0.9 * -1.45314
2023-04-30 16:22:43.142 | INFO     | utils.logging:log_training_results:309 - train LLLR :0.34560 * 0.1 * -0.68047
2023-04-30 16:22:43.142 | INFO     | utils.logging:log_training_results:317 - train weight decay:699.90710 * 0.0002 * -0.77163
2023-04-30 16:22:55.426 | INFO     | __main__:objective:356 - Starting epoch #8.
2023-04-30 16:22:59.898 | INFO     | utils.logging:log_training_results:280 - 
2023-04-30 16:22:59.899 | INFO     | utils.logging:log_training_results:281 - Global Step =   3250
2023-04-30 16:22:59.899 | INFO     | utils.logging:log_training_results:282 - val mean(MacRec)_t: 0.8754733204841614
2023-04-30 16:22:59.900 | INFO     | utils.logging:log_training_results:287 - val mean ABSerr: 0.26340073347091675
2023-04-30 16:22:59.900 | INFO     | utils.logging:log_training_results:290 - val ausat from confmx: 0.9774026870727539
2023-04-30 16:22:59.901 | INFO     | utils.logging:log_training_results:301 - val MCE loss:0.95100 * 0.9 * -1.44337
2023-04-30 16:22:59.901 | INFO     | utils.logging:log_training_results:309 - val LLLR :0.29489 * 0.1 * -0.67038
2023-04-30 16:22:59.902 | INFO     | utils.logging:log_training_results:317 - val weight decay:683.25726 * 0.0002 * -0.76159
2023-04-30 16:22:59.952 | INFO     | utils.checkpoint:update_and_save_result:168 - [36mBest value updated![0m
2023-04-30 16:22:59.966 | INFO     | utils.checkpoint:save_checkpoint:83 - [36mSaved checkpoint[0m at step 3250.
2023-04-30 16:22:59.968 | INFO     | utils.checkpoint:keep_max_num_saved_models:101 - Removed the oldest model for max_to_keep=1
2023-04-30 16:23:00.780 | INFO     | utils.logging:save_sdre_imgs:710 - Figures saved.
2023-04-30 16:23:01.066 | INFO     | utils.logging:log_training_results:280 - 
2023-04-30 16:23:01.067 | INFO     | utils.logging:log_training_results:281 - Global Step =   3250
2023-04-30 16:23:01.067 | INFO     | utils.logging:log_training_results:282 - train mean(MacRec)_t: 0.859015703201294
2023-04-30 16:23:01.067 | INFO     | utils.logging:log_training_results:287 - train mean ABSerr: 0.9874345064163208
2023-04-30 16:23:01.068 | INFO     | utils.logging:log_training_results:290 - train ausat from confmx: 0.9714614748954773
2023-04-30 16:23:01.068 | INFO     | utils.logging:log_training_results:301 - train MCE loss:0.95973 * 0.9 * -1.44333
2023-04-30 16:23:01.068 | INFO     | utils.logging:log_training_results:309 - train LLLR :0.37344 * 0.1 * -0.67034
2023-04-30 16:23:01.069 | INFO     | utils.logging:log_training_results:317 - train weight decay:683.25726 * 0.0002 * -0.76155
2023-04-30 16:23:17.752 | INFO     | utils.logging:log_training_results:280 - 
2023-04-30 16:23:17.752 | INFO     | utils.logging:log_training_results:281 - Global Step =   3500
2023-04-30 16:23:17.753 | INFO     | utils.logging:log_training_results:282 - val mean(MacRec)_t: 0.8754233121871948
2023-04-30 16:23:17.753 | INFO     | utils.logging:log_training_results:287 - val mean ABSerr: 0.24560104310512543
2023-04-30 16:23:17.754 | INFO     | utils.logging:log_training_results:290 - val ausat from confmx: 0.9775853753089905
2023-04-30 16:23:17.754 | INFO     | utils.logging:log_training_results:301 - val MCE loss:0.95077 * 0.9 * -1.43357
2023-04-30 16:23:17.755 | INFO     | utils.logging:log_training_results:309 - val LLLR :0.29440 * 0.1 * -0.66023
2023-04-30 16:23:17.755 | INFO     | utils.logging:log_training_results:317 - val weight decay:666.96387 * 0.0002 * -0.75150
2023-04-30 16:23:18.628 | INFO     | utils.logging:save_sdre_imgs:710 - Figures saved.
2023-04-30 16:23:18.924 | INFO     | utils.logging:log_training_results:280 - 
2023-04-30 16:23:18.924 | INFO     | utils.logging:log_training_results:281 - Global Step =   3500
2023-04-30 16:23:18.924 | INFO     | utils.logging:log_training_results:282 - train mean(MacRec)_t: 0.8352347612380981
2023-04-30 16:23:18.925 | INFO     | utils.logging:log_training_results:287 - train mean ABSerr: 0.9606602191925049
2023-04-30 16:23:18.925 | INFO     | utils.logging:log_training_results:290 - train ausat from confmx: 0.9571213126182556
2023-04-30 16:23:18.926 | INFO     | utils.logging:log_training_results:301 - train MCE loss:0.96743 * 0.9 * -1.43353
2023-04-30 16:23:18.926 | INFO     | utils.logging:log_training_results:309 - train LLLR :0.38976 * 0.1 * -0.66019
2023-04-30 16:23:18.927 | INFO     | utils.logging:log_training_results:317 - train weight decay:666.96387 * 0.0002 * -0.75146
2023-04-30 16:23:24.983 | INFO     | __main__:objective:356 - Starting epoch #9.
2023-04-30 16:23:35.534 | INFO     | utils.logging:log_training_results:280 - 
2023-04-30 16:23:35.535 | INFO     | utils.logging:log_training_results:281 - Global Step =   3750
2023-04-30 16:23:35.535 | INFO     | utils.logging:log_training_results:282 - val mean(MacRec)_t: 0.8756033778190613
2023-04-30 16:23:35.536 | INFO     | utils.logging:log_training_results:287 - val mean ABSerr: 0.23584988713264465
2023-04-30 16:23:35.536 | INFO     | utils.logging:log_training_results:290 - val ausat from confmx: 0.9767131805419922
2023-04-30 16:23:35.537 | INFO     | utils.logging:log_training_results:301 - val MCE loss:0.95066 * 0.9 * -1.42376
2023-04-30 16:23:35.537 | INFO     | utils.logging:log_training_results:309 - val LLLR :0.29459 * 0.1 * -0.65007
2023-04-30 16:23:35.537 | INFO     | utils.logging:log_training_results:317 - val weight decay:650.94623 * 0.0002 * -0.74139
2023-04-30 16:23:35.586 | INFO     | utils.checkpoint:update_and_save_result:168 - [36mBest value updated![0m
2023-04-30 16:23:35.600 | INFO     | utils.checkpoint:save_checkpoint:83 - [36mSaved checkpoint[0m at step 3750.
2023-04-30 16:23:35.602 | INFO     | utils.checkpoint:keep_max_num_saved_models:101 - Removed the oldest model for max_to_keep=1
2023-04-30 16:23:36.409 | INFO     | utils.logging:save_sdre_imgs:710 - Figures saved.
2023-04-30 16:23:36.695 | INFO     | utils.logging:log_training_results:280 - 
2023-04-30 16:23:36.695 | INFO     | utils.logging:log_training_results:281 - Global Step =   3750
2023-04-30 16:23:36.696 | INFO     | utils.logging:log_training_results:282 - train mean(MacRec)_t: 0.8900837302207947
2023-04-30 16:23:36.696 | INFO     | utils.logging:log_training_results:287 - train mean ABSerr: 1.0021809339523315
2023-04-30 16:23:36.697 | INFO     | utils.logging:log_training_results:290 - train ausat from confmx: 0.9859032034873962
2023-04-30 16:23:36.701 | INFO     | utils.logging:log_training_results:301 - train MCE loss:0.95790 * 0.9 * -1.42372
2023-04-30 16:23:36.702 | INFO     | utils.logging:log_training_results:309 - train LLLR :0.25682 * 0.1 * -0.65003
2023-04-30 16:23:36.702 | INFO     | utils.logging:log_training_results:317 - train weight decay:650.94623 * 0.0002 * -0.74135
2023-04-30 16:23:51.914 | INFO     | utils.logging:investigate_log:155 - num_warning=0/num_error=0 in the .log file.
2023-04-30 16:23:52.120 | INFO     | optuna.study.study:_log_completed_trial:1020 - Trial 28 finished with value: 0.12439662218093872 and parameters: {'LIST_IS_POSITIONAL_ENCODING': False, 'LIST_MODEL_BACKBONE': 'Transformer', 'LIST_WEIGHT_DECAY': 0.0002, 'LIST_LEARNING_RATE': 3.8710808632547445e-05, 'LIST_LLLR_VERSION': 'LSEL', 'LIST_ACTIVATION_FC': 'B2Bcbrt', 'LIST_PARAM_MULTIPLET_LOSS': 0.9, 'LIST_PARAM_LLR_LOSS': 0.1, 'LIST_IS_ADAPTIVE_LOSS': True, 'LIST_ORDER_SPRT': 2, 'LIST_OPTIMIZER': 'adam', 'LIST_IS_NORMALIZE': False, 'LIST_NUM_THRESH': 500, 'LIST_SPARSITY': 'unirandom', 'LIST_NUM_BLOCKS': 1, 'LIST_NUM_HEADS': 4, 'LIST_DROPOUT': 0.30000000000000004, 'LIST_FF_DIM': 32, 'LIST_MLP_UNITS': 32}. Best is trial 16 with value: 0.12354999780654907.
2023-04-30 16:23:52.136 | INFO     | utils.hyperparameter_tuning:suggest_parameters:560 - [33mStarting a tuning phase.[0m
2023-04-30 16:23:52.538 | INFO     | utils.hyperparameter_tuning:print:394 - 
+------------------------------------------+
|   Hyperparameteres suggested by Optuna   |
+------------------------+-----------------+
|     Parameter name     | Suggested value |
+------------------------+-----------------+
|     ACTIVATION_FC      |     B2Bsqrt     |
|    ACTIVATION_INPUT    |       tanh      |
|   ACTIVATION_OUTPUT    |       tanh      |
|    IS_ADAPTIVE_LOSS    |      False      |
|      IS_NORMALIZE      |      False      |
| IS_POSITIONAL_ENCODING |      False      |
|     LEARNING_RATE      |    0.00014403   |
|      LLLR_VERSION      |       LLLR      |
|     MODEL_BACKBONE     |       LSTM      |
|       NUM_THRESH       |       500       |
|       OPTIMIZER        |       adam      |
|       ORDER_SPRT       |        3        |
|     PARAM_LLR_LOSS     |       0.3       |
|  PARAM_MULTIPLET_LOSS  |       0.9       |
|        SPARSITY        |    lograndom    |
|      WEIGHT_DECAY      |      0.0004     |
|       WIDTH_LSTM       |        43       |
+------------------------+-----------------+
2023-04-30 16:23:52.539 | INFO     | utils.misc:create_directories_and_log:291 - [33mA new log directory was created: [0m/home/afe/Dropbox/GitHub/SPRT-TANDEM-PyTorch/logs/public_offset0_5_optimmacrec_tuning/checkpoints/LSTM_20230430_162352539/configs
2023-04-30 16:23:52.540 | INFO     | utils.misc:create_directories_and_log:291 - [33mA new log directory was created: [0m/home/afe/Dropbox/GitHub/SPRT-TANDEM-PyTorch/logs/public_offset0_5_optimmacrec_tuning/TensorBoard_events/LSTM_20230430_162352539
