2023-04-30 13:38:38.131 | INFO     | utils.misc:fix_random_seed:405 - Random seed is not fixed.
2023-04-30 13:38:38.162 | INFO     | models.temporal_integrators:summarize:568 - 
:'######::'########::'########::'########::::::::::::::::::::::
'##... ##: ##.... ##: ##.... ##:... ##..:::::::::::::::::::::::
 ##:::..:: ##:::: ##: ##:::: ##:::: ##:::::::::::::::::::::::::
. ######:: ########:: ########::::: ##::::'#######:::::::::::::
:..... ##: ##.....::: ##.. ##:::::: ##::::........:::::::::::::
'##::: ##: ##:::::::: ##::. ##::::: ##:::::::::::::::::::::::::
. ######:: ##:::::::: ##:::. ##:::: ##:::::::::::::::::::::::::
:......:::..:::::::::..:::::..:::::..::::::::::::::::::::::::::
'########::::'###::::'##::: ##:'########::'########:'##::::'##:
... ##..::::'## ##::: ###:: ##: ##.... ##: ##.....:: ###::'###:
::: ##:::::'##:. ##:: ####: ##: ##:::: ##: ##::::::: ####'####:
::: ##::::'##:::. ##: ## ## ##: ##:::: ##: ######::: ## ### ##:
::: ##:::: #########: ##. ####: ##:::: ##: ##...:::: ##. #: ##:
::: ##:::: ##.... ##: ##:. ###: ##:::: ##: ##::::::: ##:.:: ##:
::: ##:::: ##:::: ##: ##::. ##: ########:: ########: ##:::: ##:
:::..:::::..:::::..::..::::..::........:::........::..:::::..::

2023-04-30 13:38:38.163 | INFO     | models.temporal_integrators:summarize:571 - [34mofficial PyTorch implementation.[0m
2023-04-30 13:38:38.450 | INFO     | models.temporal_integrators:summarize:593 - Network summary:
===============================================================================================
Layer (type:depth-idx)                        Output Shape              Param #
===============================================================================================
TANDEMformer                                  [150, 50, 3, 3]           643
├─TransformerEncoder: 1-1                     [6900, 1, 128]            --
│    └─ModuleList: 2-5                        --                        (recursive)
│    │    └─TransformerEncoderLayer: 3-1      [6900, 1, 128]            83,136
│    │    └─TransformerEncoderLayer: 3-2      [6900, 1, 128]            83,136
├─Linear: 1-2                                 [6900, 64]                8,256
├─Dropout: 1-3                                [6900, 64]                --
├─TransformerEncoder: 1-4                     [6900, 2, 128]            (recursive)
│    └─ModuleList: 2-5                        --                        (recursive)
│    │    └─TransformerEncoderLayer: 3-3      [6900, 2, 128]            (recursive)
│    │    └─TransformerEncoderLayer: 3-4      [6900, 2, 128]            (recursive)
├─Linear: 1-5                                 [6900, 64]                (recursive)
├─Dropout: 1-6                                [6900, 64]                --
├─TransformerEncoder: 1-7                     [6900, 3, 128]            (recursive)
│    └─ModuleList: 2-5                        --                        (recursive)
│    │    └─TransformerEncoderLayer: 3-5      [6900, 3, 128]            (recursive)
│    │    └─TransformerEncoderLayer: 3-6      [6900, 3, 128]            (recursive)
├─Linear: 1-8                                 [6900, 64]                (recursive)
├─Dropout: 1-9                                [6900, 64]                --
├─TransformerEncoder: 1-10                    [6900, 4, 128]            (recursive)
│    └─ModuleList: 2-5                        --                        (recursive)
│    │    └─TransformerEncoderLayer: 3-7      [6900, 4, 128]            (recursive)
│    │    └─TransformerEncoderLayer: 3-8      [6900, 4, 128]            (recursive)
├─Linear: 1-11                                [6900, 64]                (recursive)
├─Dropout: 1-12                               [6900, 64]                --
├─TransformerEncoder: 1-13                    [6900, 5, 128]            (recursive)
│    └─ModuleList: 2-5                        --                        (recursive)
│    │    └─TransformerEncoderLayer: 3-9      [6900, 5, 128]            (recursive)
│    │    └─TransformerEncoderLayer: 3-10     [6900, 5, 128]            (recursive)
├─Linear: 1-14                                [6900, 64]                (recursive)
├─Dropout: 1-15                               [6900, 64]                --
├─LayerNorm: 1-16                             [6900, 64]                128
├─GELU: 1-17                                  [6900, 64]                --
├─Linear: 1-18                                [6900, 3]                 195
├─LayerNorm: 1-19                             [6900, 64]                (recursive)
├─GELU: 1-20                                  [6900, 64]                --
├─Linear: 1-21                                [6900, 3]                 (recursive)
├─LayerNorm: 1-22                             [6900, 64]                (recursive)
├─GELU: 1-23                                  [6900, 64]                --
├─Linear: 1-24                                [6900, 3]                 (recursive)
├─LayerNorm: 1-25                             [6900, 64]                (recursive)
├─GELU: 1-26                                  [6900, 64]                --
├─Linear: 1-27                                [6900, 3]                 (recursive)
├─LayerNorm: 1-28                             [6900, 64]                (recursive)
├─GELU: 1-29                                  [6900, 64]                --
├─Linear: 1-30                                [6900, 3]                 (recursive)
===============================================================================================
Total params: 175,494
Trainable params: 175,494
Non-trainable params: 0
Total mult-adds (M): 295.98
===============================================================================================
Input size (MB): 3.84
Forward/backward pass size (MB): 36.16
Params size (MB): 0.03
Estimated Total Size (MB): 40.03
===============================================================================================
2023-04-30 13:38:38.451 | INFO     | models.temporal_integrators:summarize:594 - Example input shape: torch.Size([150, 50, 128])
2023-04-30 13:38:38.452 | INFO     | models.temporal_integrators:summarize:595 - Example output shape: torch.Size([150, 50, 3, 3])
2023-04-30 13:38:38.454 | INFO     | models.temporal_integrators:import_model:58 - model moved onto: [33mcuda.[0m
2023-04-30 13:38:38.455 | INFO     | models.optimizers:initialize_optimizer:44 - Optimizer:
AdamW (
Parameter Group 0
    amsgrad: False
    betas: (0.9, 0.999)
    capturable: False
    differentiable: False
    eps: 1e-08
    foreach: None
    fused: None
    lr: 3.841054791097263e-06
    maximize: False
    weight_decay: 0.0002
)
2023-04-30 13:38:38.456 | INFO     | datasets.data_processing:lmdb_dataloaders:293 - loading data... 
2023-04-30 13:38:38.456 | INFO     | datasets.data_processing:lmdb_dataloaders:295 - If this process takes long, consider setting is_load_onto_memory=False or use LMDBIterableDataset.
2023-04-30 13:38:41.267 | INFO     | __main__:objective:356 - Starting epoch #0.
2023-04-30 13:38:46.321 | INFO     | utils.logging:log_training_results:280 - 
2023-04-30 13:38:46.323 | INFO     | utils.logging:log_training_results:281 - Global Step =      0
2023-04-30 13:38:46.323 | INFO     | utils.logging:log_training_results:282 - val mean(MacRec)_t: 0.2996499836444855
2023-04-30 13:38:46.323 | INFO     | utils.logging:log_training_results:287 - val mean ABSerr: 3.568622589111328
2023-04-30 13:38:46.324 | INFO     | utils.logging:log_training_results:290 - val ausat from confmx: 0.28183048963546753
2023-04-30 13:38:46.324 | INFO     | utils.logging:log_training_results:301 - val MCE loss:1.16674 * 0.9 * 1.09749
2023-04-30 13:38:46.325 | INFO     | utils.logging:log_training_results:309 - val LLLR :1.28397 * 0.2 * -0.84035
2023-04-30 13:38:46.325 | INFO     | utils.logging:log_training_results:317 - val weight decay:1879.54651 * 0.0002 * 0.02579
2023-04-30 13:38:47.249 | INFO     | utils.logging:save_sdre_imgs:710 - Figures saved.
2023-04-30 13:38:47.697 | INFO     | utils.logging:log_training_results:280 - 
2023-04-30 13:38:47.698 | INFO     | utils.logging:log_training_results:281 - Global Step =      0
2023-04-30 13:38:47.698 | INFO     | utils.logging:log_training_results:282 - train mean(MacRec)_t: 0.30364617705345154
2023-04-30 13:38:47.698 | INFO     | utils.logging:log_training_results:287 - train mean ABSerr: 3.784727096557617
2023-04-30 13:38:47.699 | INFO     | utils.logging:log_training_results:290 - train ausat from confmx: 0.32390186190605164
2023-04-30 13:38:47.699 | INFO     | utils.logging:log_training_results:301 - train MCE loss:1.15889 * 0.9 * 1.09748
2023-04-30 13:38:47.700 | INFO     | utils.logging:log_training_results:309 - train LLLR :1.82555 * 0.2 * -0.84035
2023-04-30 13:38:47.700 | INFO     | utils.logging:log_training_results:317 - train weight decay:1879.54663 * 0.0002 * 0.02579
2023-04-30 13:39:38.420 | INFO     | utils.logging:log_training_results:280 - 
2023-04-30 13:39:38.421 | INFO     | utils.logging:log_training_results:281 - Global Step =    250
2023-04-30 13:39:38.422 | INFO     | utils.logging:log_training_results:282 - val mean(MacRec)_t: 0.30595332384109497
2023-04-30 13:39:38.422 | INFO     | utils.logging:log_training_results:287 - val mean ABSerr: 3.5552070140838623
2023-04-30 13:39:38.423 | INFO     | utils.logging:log_training_results:290 - val ausat from confmx: 0.2919733226299286
2023-04-30 13:39:38.423 | INFO     | utils.logging:log_training_results:301 - val MCE loss:1.16041 * 0.9 * 1.09653
2023-04-30 13:39:38.424 | INFO     | utils.logging:log_training_results:309 - val LLLR :1.25356 * 0.2 * -0.83939
2023-04-30 13:39:38.424 | INFO     | utils.logging:log_training_results:317 - val weight decay:1860.84119 * 0.0002 * 0.02672
2023-04-30 13:39:38.479 | INFO     | utils.checkpoint:update_and_save_result:168 - [36mBest value updated![0m
2023-04-30 13:39:38.500 | INFO     | utils.checkpoint:save_checkpoint:83 - [36mSaved checkpoint[0m at step 250.
2023-04-30 13:39:39.403 | INFO     | utils.logging:save_sdre_imgs:710 - Figures saved.
2023-04-30 13:39:39.868 | INFO     | utils.logging:log_training_results:280 - 
2023-04-30 13:39:39.869 | INFO     | utils.logging:log_training_results:281 - Global Step =    250
2023-04-30 13:39:39.869 | INFO     | utils.logging:log_training_results:282 - train mean(MacRec)_t: 0.3242364525794983
2023-04-30 13:39:39.870 | INFO     | utils.logging:log_training_results:287 - train mean ABSerr: 3.5773634910583496
2023-04-30 13:39:39.870 | INFO     | utils.logging:log_training_results:290 - train ausat from confmx: 0.3157845437526703
2023-04-30 13:39:39.871 | INFO     | utils.logging:log_training_results:301 - train MCE loss:1.16245 * 0.9 * 1.09653
2023-04-30 13:39:39.873 | INFO     | utils.logging:log_training_results:309 - train LLLR :1.80118 * 0.2 * -0.83939
2023-04-30 13:39:39.874 | INFO     | utils.logging:log_training_results:317 - train weight decay:1860.84119 * 0.0002 * 0.02673
2023-04-30 13:40:07.035 | INFO     | __main__:objective:356 - Starting epoch #1.
2023-04-30 13:40:30.380 | INFO     | utils.logging:log_training_results:280 - 
2023-04-30 13:40:30.380 | INFO     | utils.logging:log_training_results:281 - Global Step =    500
2023-04-30 13:40:30.381 | INFO     | utils.logging:log_training_results:282 - val mean(MacRec)_t: 0.31322333216667175
2023-04-30 13:40:30.381 | INFO     | utils.logging:log_training_results:287 - val mean ABSerr: 3.542686939239502
2023-04-30 13:40:30.382 | INFO     | utils.logging:log_training_results:290 - val ausat from confmx: 0.3018944561481476
2023-04-30 13:40:30.382 | INFO     | utils.logging:log_training_results:301 - val MCE loss:1.15454 * 0.9 * 1.09558
2023-04-30 13:40:30.383 | INFO     | utils.logging:log_training_results:309 - val LLLR :1.22837 * 0.2 * -0.83844
2023-04-30 13:40:30.383 | INFO     | utils.logging:log_training_results:317 - val weight decay:1843.12341 * 0.0002 * 0.02761
2023-04-30 13:40:30.430 | INFO     | utils.checkpoint:update_and_save_result:168 - [36mBest value updated![0m
2023-04-30 13:40:30.450 | INFO     | utils.checkpoint:save_checkpoint:83 - [36mSaved checkpoint[0m at step 500.
2023-04-30 13:40:30.452 | INFO     | utils.checkpoint:keep_max_num_saved_models:101 - Removed the oldest model for max_to_keep=1
2023-04-30 13:40:31.319 | INFO     | utils.logging:save_sdre_imgs:710 - Figures saved.
2023-04-30 13:40:31.783 | INFO     | utils.logging:log_training_results:280 - 
2023-04-30 13:40:31.783 | INFO     | utils.logging:log_training_results:281 - Global Step =    500
2023-04-30 13:40:31.784 | INFO     | utils.logging:log_training_results:282 - train mean(MacRec)_t: 0.3699868321418762
2023-04-30 13:40:31.784 | INFO     | utils.logging:log_training_results:287 - train mean ABSerr: 3.5025925636291504
2023-04-30 13:40:31.785 | INFO     | utils.logging:log_training_results:290 - train ausat from confmx: 0.3573276698589325
2023-04-30 13:40:31.785 | INFO     | utils.logging:log_training_results:301 - train MCE loss:1.15012 * 0.9 * 1.09558
2023-04-30 13:40:31.785 | INFO     | utils.logging:log_training_results:309 - train LLLR :1.62483 * 0.2 * -0.83843
2023-04-30 13:40:31.786 | INFO     | utils.logging:log_training_results:317 - train weight decay:1843.12354 * 0.0002 * 0.02761
2023-04-30 13:41:22.790 | INFO     | utils.logging:log_training_results:280 - 
2023-04-30 13:41:22.790 | INFO     | utils.logging:log_training_results:281 - Global Step =    750
2023-04-30 13:41:22.791 | INFO     | utils.logging:log_training_results:282 - val mean(MacRec)_t: 0.32240667939186096
2023-04-30 13:41:22.791 | INFO     | utils.logging:log_training_results:287 - val mean ABSerr: 3.5307881832122803
2023-04-30 13:41:22.792 | INFO     | utils.logging:log_training_results:290 - val ausat from confmx: 0.315755158662796
2023-04-30 13:41:22.792 | INFO     | utils.logging:log_training_results:301 - val MCE loss:1.14912 * 0.9 * 1.09463
2023-04-30 13:41:22.793 | INFO     | utils.logging:log_training_results:309 - val LLLR :1.20829 * 0.2 * -0.83748
2023-04-30 13:41:22.793 | INFO     | utils.logging:log_training_results:317 - val weight decay:1826.23169 * 0.0002 * 0.02846
2023-04-30 13:41:22.840 | INFO     | utils.checkpoint:update_and_save_result:168 - [36mBest value updated![0m
2023-04-30 13:41:22.860 | INFO     | utils.checkpoint:save_checkpoint:83 - [36mSaved checkpoint[0m at step 750.
2023-04-30 13:41:22.862 | INFO     | utils.checkpoint:keep_max_num_saved_models:101 - Removed the oldest model for max_to_keep=1
2023-04-30 13:41:23.690 | INFO     | utils.logging:save_sdre_imgs:710 - Figures saved.
2023-04-30 13:41:24.156 | INFO     | utils.logging:log_training_results:280 - 
2023-04-30 13:41:24.157 | INFO     | utils.logging:log_training_results:281 - Global Step =    750
2023-04-30 13:41:24.157 | INFO     | utils.logging:log_training_results:282 - train mean(MacRec)_t: 0.38126271963119507
2023-04-30 13:41:24.158 | INFO     | utils.logging:log_training_results:287 - train mean ABSerr: 3.527313709259033
2023-04-30 13:41:24.158 | INFO     | utils.logging:log_training_results:290 - train ausat from confmx: 0.3706052899360657
2023-04-30 13:41:24.158 | INFO     | utils.logging:log_training_results:301 - train MCE loss:1.14428 * 0.9 * 1.09462
2023-04-30 13:41:24.159 | INFO     | utils.logging:log_training_results:309 - train LLLR :1.64942 * 0.2 * -0.83747
2023-04-30 13:41:24.159 | INFO     | utils.logging:log_training_results:317 - train weight decay:1826.23169 * 0.0002 * 0.02846
2023-04-30 13:41:33.322 | INFO     | __main__:objective:356 - Starting epoch #2.
2023-04-30 13:42:15.708 | INFO     | utils.logging:log_training_results:280 - 
2023-04-30 13:42:15.709 | INFO     | utils.logging:log_training_results:281 - Global Step =   1000
2023-04-30 13:42:15.709 | INFO     | utils.logging:log_training_results:282 - val mean(MacRec)_t: 0.3318300247192383
2023-04-30 13:42:15.710 | INFO     | utils.logging:log_training_results:287 - val mean ABSerr: 3.5190370082855225
2023-04-30 13:42:15.710 | INFO     | utils.logging:log_training_results:290 - val ausat from confmx: 0.33191418647766113
2023-04-30 13:42:15.711 | INFO     | utils.logging:log_training_results:301 - val MCE loss:1.14381 * 0.9 * 1.09367
2023-04-30 13:42:15.711 | INFO     | utils.logging:log_training_results:309 - val LLLR :1.18895 * 0.2 * -0.83652
2023-04-30 13:42:15.711 | INFO     | utils.logging:log_training_results:317 - val weight decay:1810.04004 * 0.0002 * 0.02928
2023-04-30 13:42:15.758 | INFO     | utils.checkpoint:update_and_save_result:168 - [36mBest value updated![0m
2023-04-30 13:42:15.778 | INFO     | utils.checkpoint:save_checkpoint:83 - [36mSaved checkpoint[0m at step 1000.
2023-04-30 13:42:15.781 | INFO     | utils.checkpoint:keep_max_num_saved_models:101 - Removed the oldest model for max_to_keep=1
2023-04-30 13:42:16.650 | INFO     | utils.logging:save_sdre_imgs:710 - Figures saved.
2023-04-30 13:42:17.120 | INFO     | utils.logging:log_training_results:280 - 
2023-04-30 13:42:17.120 | INFO     | utils.logging:log_training_results:281 - Global Step =   1000
2023-04-30 13:42:17.121 | INFO     | utils.logging:log_training_results:282 - train mean(MacRec)_t: 0.3145577311515808
2023-04-30 13:42:17.121 | INFO     | utils.logging:log_training_results:287 - train mean ABSerr: 3.6459436416625977
2023-04-30 13:42:17.122 | INFO     | utils.logging:log_training_results:290 - train ausat from confmx: 0.3130830228328705
2023-04-30 13:42:17.122 | INFO     | utils.logging:log_training_results:301 - train MCE loss:1.15413 * 0.9 * 1.09367
2023-04-30 13:42:17.122 | INFO     | utils.logging:log_training_results:309 - train LLLR :1.82871 * 0.2 * -0.83652
2023-04-30 13:42:17.123 | INFO     | utils.logging:log_training_results:317 - train weight decay:1810.04004 * 0.0002 * 0.02928
2023-04-30 13:42:55.775 | INFO     | __main__:objective:356 - Starting epoch #3.
2023-04-30 13:43:11.406 | INFO     | utils.logging:log_training_results:280 - 
2023-04-30 13:43:11.406 | INFO     | utils.logging:log_training_results:281 - Global Step =   1250
2023-04-30 13:43:11.407 | INFO     | utils.logging:log_training_results:282 - val mean(MacRec)_t: 0.34173667430877686
2023-04-30 13:43:11.407 | INFO     | utils.logging:log_training_results:287 - val mean ABSerr: 3.5077903270721436
2023-04-30 13:43:11.408 | INFO     | utils.logging:log_training_results:290 - val ausat from confmx: 0.3456767797470093
2023-04-30 13:43:11.408 | INFO     | utils.logging:log_training_results:301 - val MCE loss:1.13885 * 0.9 * 1.09272
2023-04-30 13:43:11.408 | INFO     | utils.logging:log_training_results:309 - val LLLR :1.17246 * 0.2 * -0.83556
2023-04-30 13:43:11.409 | INFO     | utils.logging:log_training_results:317 - val weight decay:1794.44885 * 0.0002 * 0.03007
2023-04-30 13:43:11.457 | INFO     | utils.checkpoint:update_and_save_result:168 - [36mBest value updated![0m
2023-04-30 13:43:11.482 | INFO     | utils.checkpoint:save_checkpoint:83 - [36mSaved checkpoint[0m at step 1250.
2023-04-30 13:43:11.486 | INFO     | utils.checkpoint:keep_max_num_saved_models:101 - Removed the oldest model for max_to_keep=1
2023-04-30 13:43:12.537 | INFO     | utils.logging:save_sdre_imgs:710 - Figures saved.
2023-04-30 13:43:13.031 | INFO     | utils.logging:log_training_results:280 - 
2023-04-30 13:43:13.031 | INFO     | utils.logging:log_training_results:281 - Global Step =   1250
2023-04-30 13:43:13.032 | INFO     | utils.logging:log_training_results:282 - train mean(MacRec)_t: 0.3821520209312439
2023-04-30 13:43:13.032 | INFO     | utils.logging:log_training_results:287 - train mean ABSerr: 3.6368021965026855
2023-04-30 13:43:13.032 | INFO     | utils.logging:log_training_results:290 - train ausat from confmx: 0.41675838828086853
2023-04-30 13:43:13.033 | INFO     | utils.logging:log_training_results:301 - train MCE loss:1.14171 * 0.9 * 1.09271
2023-04-30 13:43:13.033 | INFO     | utils.logging:log_training_results:309 - train LLLR :1.58045 * 0.2 * -0.83556
2023-04-30 13:43:13.034 | INFO     | utils.logging:log_training_results:317 - train weight decay:1794.44897 * 0.0002 * 0.03008
2023-04-30 13:44:08.525 | INFO     | utils.logging:log_training_results:280 - 
2023-04-30 13:44:08.526 | INFO     | utils.logging:log_training_results:281 - Global Step =   1500
2023-04-30 13:44:08.527 | INFO     | utils.logging:log_training_results:282 - val mean(MacRec)_t: 0.3522966802120209
2023-04-30 13:44:08.527 | INFO     | utils.logging:log_training_results:287 - val mean ABSerr: 3.4964356422424316
2023-04-30 13:44:08.527 | INFO     | utils.logging:log_training_results:290 - val ausat from confmx: 0.3606497049331665
2023-04-30 13:44:08.528 | INFO     | utils.logging:log_training_results:301 - val MCE loss:1.13395 * 0.9 * 1.09176
2023-04-30 13:44:08.528 | INFO     | utils.logging:log_training_results:309 - val LLLR :1.15658 * 0.2 * -0.83460
2023-04-30 13:44:08.529 | INFO     | utils.logging:log_training_results:317 - val weight decay:1779.38025 * 0.0002 * 0.03084
2023-04-30 13:44:08.578 | INFO     | utils.checkpoint:update_and_save_result:168 - [36mBest value updated![0m
2023-04-30 13:44:08.600 | INFO     | utils.checkpoint:save_checkpoint:83 - [36mSaved checkpoint[0m at step 1500.
2023-04-30 13:44:08.603 | INFO     | utils.checkpoint:keep_max_num_saved_models:101 - Removed the oldest model for max_to_keep=1
2023-04-30 13:44:09.442 | INFO     | utils.logging:save_sdre_imgs:710 - Figures saved.
2023-04-30 13:44:09.917 | INFO     | utils.logging:log_training_results:280 - 
2023-04-30 13:44:09.918 | INFO     | utils.logging:log_training_results:281 - Global Step =   1500
2023-04-30 13:44:09.919 | INFO     | utils.logging:log_training_results:282 - train mean(MacRec)_t: 0.3414749801158905
2023-04-30 13:44:09.919 | INFO     | utils.logging:log_training_results:287 - train mean ABSerr: 3.7330148220062256
2023-04-30 13:44:09.919 | INFO     | utils.logging:log_training_results:290 - train ausat from confmx: 0.3474334478378296
2023-04-30 13:44:09.920 | INFO     | utils.logging:log_training_results:301 - train MCE loss:1.13263 * 0.9 * 1.09176
2023-04-30 13:44:09.920 | INFO     | utils.logging:log_training_results:309 - train LLLR :1.74433 * 0.2 * -0.83460
2023-04-30 13:44:09.921 | INFO     | utils.logging:log_training_results:317 - train weight decay:1779.38025 * 0.0002 * 0.03085
2023-04-30 13:44:29.528 | INFO     | __main__:objective:356 - Starting epoch #4.
2023-04-30 13:45:04.315 | INFO     | utils.logging:log_training_results:280 - 
2023-04-30 13:45:04.316 | INFO     | utils.logging:log_training_results:281 - Global Step =   1750
2023-04-30 13:45:04.316 | INFO     | utils.logging:log_training_results:282 - val mean(MacRec)_t: 0.3628266751766205
2023-04-30 13:45:04.317 | INFO     | utils.logging:log_training_results:287 - val mean ABSerr: 3.485429286956787
2023-04-30 13:45:04.318 | INFO     | utils.logging:log_training_results:290 - val ausat from confmx: 0.3739912807941437
2023-04-30 13:45:04.318 | INFO     | utils.logging:log_training_results:301 - val MCE loss:1.12917 * 0.9 * 1.09081
2023-04-30 13:45:04.319 | INFO     | utils.logging:log_training_results:309 - val LLLR :1.14027 * 0.2 * -0.83364
2023-04-30 13:45:04.319 | INFO     | utils.logging:log_training_results:317 - val weight decay:1764.76160 * 0.0002 * 0.03160
2023-04-30 13:45:04.374 | INFO     | utils.checkpoint:update_and_save_result:168 - [36mBest value updated![0m
2023-04-30 13:45:04.401 | INFO     | utils.checkpoint:save_checkpoint:83 - [36mSaved checkpoint[0m at step 1750.
2023-04-30 13:45:04.404 | INFO     | utils.checkpoint:keep_max_num_saved_models:101 - Removed the oldest model for max_to_keep=1
2023-04-30 13:45:05.267 | INFO     | utils.logging:save_sdre_imgs:710 - Figures saved.
2023-04-30 13:45:05.745 | INFO     | utils.logging:log_training_results:280 - 
2023-04-30 13:45:05.747 | INFO     | utils.logging:log_training_results:281 - Global Step =   1750
2023-04-30 13:45:05.747 | INFO     | utils.logging:log_training_results:282 - train mean(MacRec)_t: 0.32279056310653687
2023-04-30 13:45:05.748 | INFO     | utils.logging:log_training_results:287 - train mean ABSerr: 3.6075868606567383
2023-04-30 13:45:05.748 | INFO     | utils.logging:log_training_results:290 - train ausat from confmx: 0.3070428669452667
2023-04-30 13:45:05.748 | INFO     | utils.logging:log_training_results:301 - train MCE loss:1.13188 * 0.9 * 1.09081
2023-04-30 13:45:05.750 | INFO     | utils.logging:log_training_results:309 - train LLLR :1.78237 * 0.2 * -0.83364
2023-04-30 13:45:05.751 | INFO     | utils.logging:log_training_results:317 - train weight decay:1764.76160 * 0.0002 * 0.03160
2023-04-30 13:45:53.561 | INFO     | __main__:objective:356 - Starting epoch #5.
2023-04-30 13:45:58.797 | INFO     | utils.logging:log_training_results:280 - 
2023-04-30 13:45:58.798 | INFO     | utils.logging:log_training_results:281 - Global Step =   2000
2023-04-30 13:45:58.798 | INFO     | utils.logging:log_training_results:282 - val mean(MacRec)_t: 0.3749600052833557
2023-04-30 13:45:58.799 | INFO     | utils.logging:log_training_results:287 - val mean ABSerr: 3.474240303039551
2023-04-30 13:45:58.799 | INFO     | utils.logging:log_training_results:290 - val ausat from confmx: 0.3884769678115845
2023-04-30 13:45:58.799 | INFO     | utils.logging:log_training_results:301 - val MCE loss:1.12461 * 0.9 * 1.08986
2023-04-30 13:45:58.800 | INFO     | utils.logging:log_training_results:309 - val LLLR :1.12610 * 0.2 * -0.83268
2023-04-30 13:45:58.800 | INFO     | utils.logging:log_training_results:317 - val weight decay:1750.53552 * 0.0002 * 0.03234
2023-04-30 13:45:58.847 | INFO     | utils.checkpoint:update_and_save_result:168 - [36mBest value updated![0m
2023-04-30 13:45:58.869 | INFO     | utils.checkpoint:save_checkpoint:83 - [36mSaved checkpoint[0m at step 2000.
2023-04-30 13:45:58.872 | INFO     | utils.checkpoint:keep_max_num_saved_models:101 - Removed the oldest model for max_to_keep=1
2023-04-30 13:45:59.742 | INFO     | utils.logging:save_sdre_imgs:710 - Figures saved.
2023-04-30 13:46:00.207 | INFO     | utils.logging:log_training_results:280 - 
2023-04-30 13:46:00.208 | INFO     | utils.logging:log_training_results:281 - Global Step =   2000
2023-04-30 13:46:00.208 | INFO     | utils.logging:log_training_results:282 - train mean(MacRec)_t: 0.3627444803714752
2023-04-30 13:46:00.209 | INFO     | utils.logging:log_training_results:287 - train mean ABSerr: 3.498701810836792
2023-04-30 13:46:00.209 | INFO     | utils.logging:log_training_results:290 - train ausat from confmx: 0.32551679015159607
2023-04-30 13:46:00.210 | INFO     | utils.logging:log_training_results:301 - train MCE loss:1.13297 * 0.9 * 1.08985
2023-04-30 13:46:00.210 | INFO     | utils.logging:log_training_results:309 - train LLLR :1.52190 * 0.2 * -0.83268
2023-04-30 13:46:00.211 | INFO     | utils.logging:log_training_results:317 - train weight decay:1750.53564 * 0.0002 * 0.03234
2023-04-30 13:46:52.388 | INFO     | utils.logging:log_training_results:280 - 
2023-04-30 13:46:52.389 | INFO     | utils.logging:log_training_results:281 - Global Step =   2250
2023-04-30 13:46:52.389 | INFO     | utils.logging:log_training_results:282 - val mean(MacRec)_t: 0.387466698884964
2023-04-30 13:46:52.390 | INFO     | utils.logging:log_training_results:287 - val mean ABSerr: 3.4630844593048096
2023-04-30 13:46:52.390 | INFO     | utils.logging:log_training_results:290 - val ausat from confmx: 0.4053819477558136
2023-04-30 13:46:52.391 | INFO     | utils.logging:log_training_results:301 - val MCE loss:1.12005 * 0.9 * 1.08890
2023-04-30 13:46:52.391 | INFO     | utils.logging:log_training_results:309 - val LLLR :1.11152 * 0.2 * -0.83172
2023-04-30 13:46:52.392 | INFO     | utils.logging:log_training_results:317 - val weight decay:1736.66211 * 0.0002 * 0.03307
2023-04-30 13:46:52.447 | INFO     | utils.checkpoint:update_and_save_result:168 - [36mBest value updated![0m
2023-04-30 13:46:52.469 | INFO     | utils.checkpoint:save_checkpoint:83 - [36mSaved checkpoint[0m at step 2250.
2023-04-30 13:46:52.472 | INFO     | utils.checkpoint:keep_max_num_saved_models:101 - Removed the oldest model for max_to_keep=1
2023-04-30 13:46:53.341 | INFO     | utils.logging:save_sdre_imgs:710 - Figures saved.
2023-04-30 13:46:53.829 | INFO     | utils.logging:log_training_results:280 - 
2023-04-30 13:46:53.830 | INFO     | utils.logging:log_training_results:281 - Global Step =   2250
2023-04-30 13:46:53.830 | INFO     | utils.logging:log_training_results:282 - train mean(MacRec)_t: 0.3396656811237335
2023-04-30 13:46:53.830 | INFO     | utils.logging:log_training_results:287 - train mean ABSerr: 3.5332508087158203
2023-04-30 13:46:53.831 | INFO     | utils.logging:log_training_results:290 - train ausat from confmx: 0.29285529255867004
2023-04-30 13:46:53.831 | INFO     | utils.logging:log_training_results:301 - train MCE loss:1.12588 * 0.9 * 1.08890
2023-04-30 13:46:53.832 | INFO     | utils.logging:log_training_results:309 - train LLLR :1.66150 * 0.2 * -0.83171
2023-04-30 13:46:53.832 | INFO     | utils.logging:log_training_results:317 - train weight decay:1736.66211 * 0.0002 * 0.03307
2023-04-30 13:47:23.429 | INFO     | __main__:objective:356 - Starting epoch #6.
2023-04-30 13:47:48.334 | INFO     | utils.logging:log_training_results:280 - 
2023-04-30 13:47:48.334 | INFO     | utils.logging:log_training_results:281 - Global Step =   2500
2023-04-30 13:47:48.335 | INFO     | utils.logging:log_training_results:282 - val mean(MacRec)_t: 0.4000333249568939
2023-04-30 13:47:48.335 | INFO     | utils.logging:log_training_results:287 - val mean ABSerr: 3.452112913131714
2023-04-30 13:47:48.336 | INFO     | utils.logging:log_training_results:290 - val ausat from confmx: 0.42584359645843506
2023-04-30 13:47:48.336 | INFO     | utils.logging:log_training_results:301 - val MCE loss:1.11565 * 0.9 * 1.08795
2023-04-30 13:47:48.337 | INFO     | utils.logging:log_training_results:309 - val LLLR :1.09692 * 0.2 * -0.83075
2023-04-30 13:47:48.337 | INFO     | utils.logging:log_training_results:317 - val weight decay:1723.10706 * 0.0002 * 0.03379
2023-04-30 13:47:48.395 | INFO     | utils.checkpoint:update_and_save_result:168 - [36mBest value updated![0m
2023-04-30 13:47:48.419 | INFO     | utils.checkpoint:save_checkpoint:83 - [36mSaved checkpoint[0m at step 2500.
2023-04-30 13:47:48.420 | INFO     | utils.checkpoint:keep_max_num_saved_models:101 - Removed the oldest model for max_to_keep=1
2023-04-30 13:47:49.323 | INFO     | utils.logging:save_sdre_imgs:710 - Figures saved.
2023-04-30 13:47:49.796 | INFO     | utils.logging:log_training_results:280 - 
2023-04-30 13:47:49.797 | INFO     | utils.logging:log_training_results:281 - Global Step =   2500
2023-04-30 13:47:49.797 | INFO     | utils.logging:log_training_results:282 - train mean(MacRec)_t: 0.3419663906097412
2023-04-30 13:47:49.797 | INFO     | utils.logging:log_training_results:287 - train mean ABSerr: 3.558974027633667
2023-04-30 13:47:49.798 | INFO     | utils.logging:log_training_results:290 - train ausat from confmx: 0.29359251260757446
2023-04-30 13:47:49.798 | INFO     | utils.logging:log_training_results:301 - train MCE loss:1.13360 * 0.9 * 1.08795
2023-04-30 13:47:49.799 | INFO     | utils.logging:log_training_results:309 - train LLLR :1.72306 * 0.2 * -0.83075
2023-04-30 13:47:49.799 | INFO     | utils.logging:log_training_results:317 - train weight decay:1723.10693 * 0.0002 * 0.03379
2023-04-30 13:48:42.591 | INFO     | utils.logging:log_training_results:280 - 
2023-04-30 13:48:42.592 | INFO     | utils.logging:log_training_results:281 - Global Step =   2750
2023-04-30 13:48:42.592 | INFO     | utils.logging:log_training_results:282 - val mean(MacRec)_t: 0.41299331188201904
2023-04-30 13:48:42.593 | INFO     | utils.logging:log_training_results:287 - val mean ABSerr: 3.4411466121673584
2023-04-30 13:48:42.593 | INFO     | utils.logging:log_training_results:290 - val ausat from confmx: 0.4444362223148346
2023-04-30 13:48:42.593 | INFO     | utils.logging:log_training_results:301 - val MCE loss:1.11138 * 0.9 * 1.08700
2023-04-30 13:48:42.594 | INFO     | utils.logging:log_training_results:309 - val LLLR :1.08304 * 0.2 * -0.82979
2023-04-30 13:48:42.594 | INFO     | utils.logging:log_training_results:317 - val weight decay:1709.83948 * 0.0002 * 0.03450
2023-04-30 13:48:42.643 | INFO     | utils.checkpoint:update_and_save_result:168 - [36mBest value updated![0m
2023-04-30 13:48:42.665 | INFO     | utils.checkpoint:save_checkpoint:83 - [36mSaved checkpoint[0m at step 2750.
2023-04-30 13:48:42.668 | INFO     | utils.checkpoint:keep_max_num_saved_models:101 - Removed the oldest model for max_to_keep=1
2023-04-30 13:48:43.544 | INFO     | utils.logging:save_sdre_imgs:710 - Figures saved.
2023-04-30 13:48:44.013 | INFO     | utils.logging:log_training_results:280 - 
2023-04-30 13:48:44.015 | INFO     | utils.logging:log_training_results:281 - Global Step =   2750
2023-04-30 13:48:44.016 | INFO     | utils.logging:log_training_results:282 - train mean(MacRec)_t: 0.38092052936553955
2023-04-30 13:48:44.016 | INFO     | utils.logging:log_training_results:287 - train mean ABSerr: 3.4773948192596436
2023-04-30 13:48:44.017 | INFO     | utils.logging:log_training_results:290 - train ausat from confmx: 0.3981862962245941
2023-04-30 13:48:44.017 | INFO     | utils.logging:log_training_results:301 - train MCE loss:1.12590 * 0.9 * 1.08699
2023-04-30 13:48:44.018 | INFO     | utils.logging:log_training_results:309 - train LLLR :1.45711 * 0.2 * -0.82978
2023-04-30 13:48:44.018 | INFO     | utils.logging:log_training_results:317 - train weight decay:1709.83948 * 0.0002 * 0.03450
2023-04-30 13:48:53.230 | INFO     | __main__:objective:356 - Starting epoch #7.
2023-04-30 13:49:35.743 | INFO     | utils.logging:log_training_results:280 - 
2023-04-30 13:49:35.744 | INFO     | utils.logging:log_training_results:281 - Global Step =   3000
2023-04-30 13:49:35.744 | INFO     | utils.logging:log_training_results:282 - val mean(MacRec)_t: 0.42636334896087646
2023-04-30 13:49:35.745 | INFO     | utils.logging:log_training_results:287 - val mean ABSerr: 3.4300599098205566
2023-04-30 13:49:35.745 | INFO     | utils.logging:log_training_results:290 - val ausat from confmx: 0.4648294150829315
2023-04-30 13:49:35.746 | INFO     | utils.logging:log_training_results:301 - val MCE loss:1.10718 * 0.9 * 1.08604
2023-04-30 13:49:35.746 | INFO     | utils.logging:log_training_results:309 - val LLLR :1.06975 * 0.2 * -0.82882
2023-04-30 13:49:35.746 | INFO     | utils.logging:log_training_results:317 - val weight decay:1696.83496 * 0.0002 * 0.03520
2023-04-30 13:49:35.799 | INFO     | utils.checkpoint:update_and_save_result:168 - [36mBest value updated![0m
2023-04-30 13:49:35.821 | INFO     | utils.checkpoint:save_checkpoint:83 - [36mSaved checkpoint[0m at step 3000.
2023-04-30 13:49:35.825 | INFO     | utils.checkpoint:keep_max_num_saved_models:101 - Removed the oldest model for max_to_keep=1
2023-04-30 13:49:36.922 | INFO     | utils.logging:save_sdre_imgs:710 - Figures saved.
2023-04-30 13:49:37.405 | INFO     | utils.logging:log_training_results:280 - 
2023-04-30 13:49:37.406 | INFO     | utils.logging:log_training_results:281 - Global Step =   3000
2023-04-30 13:49:37.406 | INFO     | utils.logging:log_training_results:282 - train mean(MacRec)_t: 0.3838505148887634
2023-04-30 13:49:37.406 | INFO     | utils.logging:log_training_results:287 - train mean ABSerr: 3.534766674041748
2023-04-30 13:49:37.407 | INFO     | utils.logging:log_training_results:290 - train ausat from confmx: 0.32955360412597656
2023-04-30 13:49:37.407 | INFO     | utils.logging:log_training_results:301 - train MCE loss:1.11829 * 0.9 * 1.08604
2023-04-30 13:49:37.408 | INFO     | utils.logging:log_training_results:309 - train LLLR :1.53132 * 0.2 * -0.82882
2023-04-30 13:49:37.408 | INFO     | utils.logging:log_training_results:317 - train weight decay:1696.83496 * 0.0002 * 0.03521
2023-04-30 13:50:15.362 | INFO     | __main__:objective:356 - Starting epoch #8.
2023-04-30 13:50:30.303 | INFO     | utils.logging:log_training_results:280 - 
2023-04-30 13:50:30.304 | INFO     | utils.logging:log_training_results:281 - Global Step =   3250
2023-04-30 13:50:30.305 | INFO     | utils.logging:log_training_results:282 - val mean(MacRec)_t: 0.4405200183391571
2023-04-30 13:50:30.305 | INFO     | utils.logging:log_training_results:287 - val mean ABSerr: 3.4189014434814453
2023-04-30 13:50:30.305 | INFO     | utils.logging:log_training_results:290 - val ausat from confmx: 0.48656466603279114
2023-04-30 13:50:30.306 | INFO     | utils.logging:log_training_results:301 - val MCE loss:1.10298 * 0.9 * 1.08509
2023-04-30 13:50:30.306 | INFO     | utils.logging:log_training_results:309 - val LLLR :1.05586 * 0.2 * -0.82786
2023-04-30 13:50:30.307 | INFO     | utils.logging:log_training_results:317 - val weight decay:1684.06482 * 0.0002 * 0.03590
2023-04-30 13:50:30.358 | INFO     | utils.checkpoint:update_and_save_result:168 - [36mBest value updated![0m
2023-04-30 13:50:30.380 | INFO     | utils.checkpoint:save_checkpoint:83 - [36mSaved checkpoint[0m at step 3250.
2023-04-30 13:50:30.383 | INFO     | utils.checkpoint:keep_max_num_saved_models:101 - Removed the oldest model for max_to_keep=1
2023-04-30 13:50:31.245 | INFO     | utils.logging:save_sdre_imgs:710 - Figures saved.
2023-04-30 13:50:31.711 | INFO     | utils.logging:log_training_results:280 - 
2023-04-30 13:50:31.712 | INFO     | utils.logging:log_training_results:281 - Global Step =   3250
2023-04-30 13:50:31.712 | INFO     | utils.logging:log_training_results:282 - train mean(MacRec)_t: 0.34995368123054504
2023-04-30 13:50:31.713 | INFO     | utils.logging:log_training_results:287 - train mean ABSerr: 3.7149858474731445
2023-04-30 13:50:31.713 | INFO     | utils.logging:log_training_results:290 - train ausat from confmx: 0.3550189435482025
2023-04-30 13:50:31.713 | INFO     | utils.logging:log_training_results:301 - train MCE loss:1.11117 * 0.9 * 1.08509
2023-04-30 13:50:31.714 | INFO     | utils.logging:log_training_results:309 - train LLLR :1.56583 * 0.2 * -0.82785
2023-04-30 13:50:31.714 | INFO     | utils.logging:log_training_results:317 - train weight decay:1684.06482 * 0.0002 * 0.03591
2023-04-30 13:51:24.995 | INFO     | utils.logging:log_training_results:280 - 
2023-04-30 13:51:24.996 | INFO     | utils.logging:log_training_results:281 - Global Step =   3500
2023-04-30 13:51:24.996 | INFO     | utils.logging:log_training_results:282 - val mean(MacRec)_t: 0.4543900191783905
2023-04-30 13:51:24.997 | INFO     | utils.logging:log_training_results:287 - val mean ABSerr: 3.407705545425415
2023-04-30 13:51:24.997 | INFO     | utils.logging:log_training_results:290 - val ausat from confmx: 0.5063881874084473
2023-04-30 13:51:24.998 | INFO     | utils.logging:log_training_results:301 - val MCE loss:1.09885 * 0.9 * 1.08414
2023-04-30 13:51:24.998 | INFO     | utils.logging:log_training_results:309 - val LLLR :1.04232 * 0.2 * -0.82689
2023-04-30 13:51:24.999 | INFO     | utils.logging:log_training_results:317 - val weight decay:1671.51257 * 0.0002 * 0.03660
2023-04-30 13:51:25.051 | INFO     | utils.checkpoint:update_and_save_result:168 - [36mBest value updated![0m
2023-04-30 13:51:25.073 | INFO     | utils.checkpoint:save_checkpoint:83 - [36mSaved checkpoint[0m at step 3500.
2023-04-30 13:51:25.075 | INFO     | utils.checkpoint:keep_max_num_saved_models:101 - Removed the oldest model for max_to_keep=1
2023-04-30 13:51:25.957 | INFO     | utils.logging:save_sdre_imgs:710 - Figures saved.
2023-04-30 13:51:26.442 | INFO     | utils.logging:log_training_results:280 - 
2023-04-30 13:51:26.444 | INFO     | utils.logging:log_training_results:281 - Global Step =   3500
2023-04-30 13:51:26.444 | INFO     | utils.logging:log_training_results:282 - train mean(MacRec)_t: 0.3655072748661041
2023-04-30 13:51:26.445 | INFO     | utils.logging:log_training_results:287 - train mean ABSerr: 3.3974220752716064
2023-04-30 13:51:26.445 | INFO     | utils.logging:log_training_results:290 - train ausat from confmx: 0.31624504923820496
2023-04-30 13:51:26.445 | INFO     | utils.logging:log_training_results:301 - train MCE loss:1.10835 * 0.9 * 1.08413
2023-04-30 13:51:26.446 | INFO     | utils.logging:log_training_results:309 - train LLLR :1.50414 * 0.2 * -0.82688
2023-04-30 13:51:26.446 | INFO     | utils.logging:log_training_results:317 - train weight decay:1671.51245 * 0.0002 * 0.03660
2023-04-30 13:51:45.477 | INFO     | __main__:objective:356 - Starting epoch #9.
2023-04-30 13:52:18.395 | INFO     | utils.logging:log_training_results:280 - 
2023-04-30 13:52:18.396 | INFO     | utils.logging:log_training_results:281 - Global Step =   3750
2023-04-30 13:52:18.396 | INFO     | utils.logging:log_training_results:282 - val mean(MacRec)_t: 0.46927669644355774
2023-04-30 13:52:18.397 | INFO     | utils.logging:log_training_results:287 - val mean ABSerr: 3.396468162536621
2023-04-30 13:52:18.397 | INFO     | utils.logging:log_training_results:290 - val ausat from confmx: 0.5300487279891968
2023-04-30 13:52:18.398 | INFO     | utils.logging:log_training_results:301 - val MCE loss:1.09489 * 0.9 * 1.08318
2023-04-30 13:52:18.398 | INFO     | utils.logging:log_training_results:309 - val LLLR :1.02924 * 0.2 * -0.82592
2023-04-30 13:52:18.398 | INFO     | utils.logging:log_training_results:317 - val weight decay:1659.16492 * 0.0002 * 0.03730
2023-04-30 13:52:18.463 | INFO     | utils.checkpoint:update_and_save_result:168 - [36mBest value updated![0m
2023-04-30 13:52:18.487 | INFO     | utils.checkpoint:save_checkpoint:83 - [36mSaved checkpoint[0m at step 3750.
2023-04-30 13:52:18.488 | INFO     | utils.checkpoint:keep_max_num_saved_models:101 - Removed the oldest model for max_to_keep=1
2023-04-30 13:52:19.383 | INFO     | utils.logging:save_sdre_imgs:710 - Figures saved.
2023-04-30 13:52:19.868 | INFO     | utils.logging:log_training_results:280 - 
2023-04-30 13:52:19.869 | INFO     | utils.logging:log_training_results:281 - Global Step =   3750
2023-04-30 13:52:19.869 | INFO     | utils.logging:log_training_results:282 - train mean(MacRec)_t: 0.41547197103500366
2023-04-30 13:52:19.870 | INFO     | utils.logging:log_training_results:287 - train mean ABSerr: 3.3410792350769043
2023-04-30 13:52:19.870 | INFO     | utils.logging:log_training_results:290 - train ausat from confmx: 0.4223001003265381
2023-04-30 13:52:19.871 | INFO     | utils.logging:log_training_results:301 - train MCE loss:1.10740 * 0.9 * 1.08318
2023-04-30 13:52:19.871 | INFO     | utils.logging:log_training_results:309 - train LLLR :1.34368 * 0.2 * -0.82592
2023-04-30 13:52:19.871 | INFO     | utils.logging:log_training_results:317 - train weight decay:1659.16479 * 0.0002 * 0.03730
2023-04-30 13:53:06.329 | INFO     | utils.logging:investigate_log:155 - num_warning=0/num_error=0 in the .log file.
2023-04-30 13:53:06.636 | INFO     | optuna.study.study:_log_completed_trial:1020 - Trial 18 finished with value: 0.5307233035564423 and parameters: {'LIST_IS_POSITIONAL_ENCODING': False, 'LIST_MODEL_BACKBONE': 'Transformer', 'LIST_WEIGHT_DECAY': 0.0002, 'LIST_LEARNING_RATE': 3.841054791097263e-06, 'LIST_LLLR_VERSION': 'LSEL', 'LIST_ACTIVATION_FC': 'gelu', 'LIST_PARAM_MULTIPLET_LOSS': 0.9, 'LIST_PARAM_LLR_LOSS': 0.2, 'LIST_IS_ADAPTIVE_LOSS': True, 'LIST_ORDER_SPRT': 4, 'LIST_OPTIMIZER': 'adam', 'LIST_IS_NORMALIZE': True, 'LIST_NUM_THRESH': 500, 'LIST_SPARSITY': 'linspace', 'LIST_NUM_BLOCKS': 2, 'LIST_NUM_HEADS': 4, 'LIST_DROPOUT': 0.30000000000000004, 'LIST_FF_DIM': 64, 'LIST_MLP_UNITS': 64}. Best is trial 16 with value: 0.12354999780654907.
2023-04-30 13:53:06.740 | INFO     | utils.hyperparameter_tuning:suggest_parameters:560 - [33mStarting a tuning phase.[0m
2023-04-30 13:53:09.652 | INFO     | utils.hyperparameter_tuning:print:394 - 
+------------------------------------------+
|   Hyperparameteres suggested by Optuna   |
+------------------------+-----------------+
|     Parameter name     | Suggested value |
+------------------------+-----------------+
|     ACTIVATION_FC      |    B2BsqrtV2    |
|        DROPOUT         |       0.1       |
|         FF_DIM         |        64       |
|    IS_ADAPTIVE_LOSS    |       True      |
|      IS_NORMALIZE      |      False      |
| IS_POSITIONAL_ENCODING |      False      |
|     LEARNING_RATE      |    2.0576e-05   |
|      LLLR_VERSION      |       LSEL      |
|       MLP_UNITS        |        64       |
|     MODEL_BACKBONE     |   Transformer   |
|       NUM_BLOCKS       |        2        |
|       NUM_HEADS        |        4        |
|       NUM_THRESH       |       1000      |
|       OPTIMIZER        |       adam      |
|       ORDER_SPRT       |        4        |
|     PARAM_LLR_LOSS     |       0.2       |
|  PARAM_MULTIPLET_LOSS  |       0.5       |
|        SPARSITY        |     logspace    |
|      WEIGHT_DECAY      |      0.0005     |
+------------------------+-----------------+
2023-04-30 13:53:09.654 | INFO     | utils.misc:create_directories_and_log:291 - [33mA new log directory was created: [0m/home/afe/Dropbox/GitHub/SPRT-TANDEM-PyTorch/logs/public_offset0_5_optimmacrec_tuning/checkpoints/Transformer_20230430_135309653/configs
2023-04-30 13:53:09.654 | INFO     | utils.misc:create_directories_and_log:291 - [33mA new log directory was created: [0m/home/afe/Dropbox/GitHub/SPRT-TANDEM-PyTorch/logs/public_offset0_5_optimmacrec_tuning/TensorBoard_events/Transformer_20230430_135309653
