2023-04-30 21:50:49.304 | INFO     | utils.misc:fix_random_seed:405 - Random seed is not fixed.
2023-04-30 21:50:49.324 | INFO     | models.temporal_integrators:summarize:568 - 
:'######::'########::'########::'########::::::::::::::::::::::
'##... ##: ##.... ##: ##.... ##:... ##..:::::::::::::::::::::::
 ##:::..:: ##:::: ##: ##:::: ##:::: ##:::::::::::::::::::::::::
. ######:: ########:: ########::::: ##::::'#######:::::::::::::
:..... ##: ##.....::: ##.. ##:::::: ##::::........:::::::::::::
'##::: ##: ##:::::::: ##::. ##::::: ##:::::::::::::::::::::::::
. ######:: ##:::::::: ##:::. ##:::: ##:::::::::::::::::::::::::
:......:::..:::::::::..:::::..:::::..::::::::::::::::::::::::::
'########::::'###::::'##::: ##:'########::'########:'##::::'##:
... ##..::::'## ##::: ###:: ##: ##.... ##: ##.....:: ###::'###:
::: ##:::::'##:. ##:: ####: ##: ##:::: ##: ##::::::: ####'####:
::: ##::::'##:::. ##: ## ## ##: ##:::: ##: ######::: ## ### ##:
::: ##:::: #########: ##. ####: ##:::: ##: ##...:::: ##. #: ##:
::: ##:::: ##.... ##: ##:. ###: ##:::: ##: ##::::::: ##:.:: ##:
::: ##:::: ##:::: ##: ##::. ##: ########:: ########: ##:::: ##:
:::..:::::..:::::..::..::::..::........:::........::..:::::..::

2023-04-30 21:50:49.324 | INFO     | models.temporal_integrators:summarize:571 - [34mofficial PyTorch implementation.[0m
2023-04-30 21:50:49.570 | INFO     | models.temporal_integrators:summarize:593 - Network summary:
===============================================================================================
Layer (type:depth-idx)                        Output Shape              Param #
===============================================================================================
TANDEMformer                                  [150, 50, 3, 3]           643
├─TransformerEncoder: 1-1                     [6900, 1, 128]            --
│    └─ModuleList: 2-5                        --                        (recursive)
│    │    └─TransformerEncoderLayer: 3-1      [6900, 1, 128]            83,136
├─Linear: 1-2                                 [6900, 32]                4,128
├─Dropout: 1-3                                [6900, 32]                --
├─TransformerEncoder: 1-4                     [6900, 2, 128]            (recursive)
│    └─ModuleList: 2-5                        --                        (recursive)
│    │    └─TransformerEncoderLayer: 3-2      [6900, 2, 128]            (recursive)
├─Linear: 1-5                                 [6900, 32]                (recursive)
├─Dropout: 1-6                                [6900, 32]                --
├─TransformerEncoder: 1-7                     [6900, 3, 128]            (recursive)
│    └─ModuleList: 2-5                        --                        (recursive)
│    │    └─TransformerEncoderLayer: 3-3      [6900, 3, 128]            (recursive)
├─Linear: 1-8                                 [6900, 32]                (recursive)
├─Dropout: 1-9                                [6900, 32]                --
├─TransformerEncoder: 1-10                    [6900, 4, 128]            (recursive)
│    └─ModuleList: 2-5                        --                        (recursive)
│    │    └─TransformerEncoderLayer: 3-4      [6900, 4, 128]            (recursive)
├─Linear: 1-11                                [6900, 32]                (recursive)
├─Dropout: 1-12                               [6900, 32]                --
├─TransformerEncoder: 1-13                    [6900, 5, 128]            (recursive)
│    └─ModuleList: 2-5                        --                        (recursive)
│    │    └─TransformerEncoderLayer: 3-5      [6900, 5, 128]            (recursive)
├─Linear: 1-14                                [6900, 32]                (recursive)
├─Dropout: 1-15                               [6900, 32]                --
├─Linear: 1-16                                [6900, 3]                 99
├─Linear: 1-17                                [6900, 3]                 (recursive)
├─Linear: 1-18                                [6900, 3]                 (recursive)
├─Linear: 1-19                                [6900, 3]                 (recursive)
├─Linear: 1-20                                [6900, 3]                 (recursive)
===============================================================================================
Total params: 88,006
Trainable params: 88,006
Non-trainable params: 0
Total mult-adds (M): 735.37
===============================================================================================
Input size (MB): 3.84
Forward/backward pass size (MB): 380.60
Params size (MB): 0.09
Estimated Total Size (MB): 384.53
===============================================================================================
2023-04-30 21:50:49.571 | INFO     | models.temporal_integrators:summarize:594 - Example input shape: torch.Size([150, 50, 128])
2023-04-30 21:50:49.572 | INFO     | models.temporal_integrators:summarize:595 - Example output shape: torch.Size([150, 50, 3, 3])
2023-04-30 21:50:49.573 | INFO     | models.temporal_integrators:import_model:58 - model moved onto: [33mcuda.[0m
2023-04-30 21:50:49.575 | INFO     | models.optimizers:initialize_optimizer:44 - Optimizer:
AdamW (
Parameter Group 0
    amsgrad: False
    betas: (0.9, 0.999)
    capturable: False
    differentiable: False
    eps: 1e-08
    foreach: None
    fused: None
    lr: 2.331287008820255e-05
    maximize: False
    weight_decay: 0.0004
)
2023-04-30 21:50:49.576 | INFO     | datasets.data_processing:lmdb_dataloaders:293 - loading data... 
2023-04-30 21:50:49.576 | INFO     | datasets.data_processing:lmdb_dataloaders:295 - If this process takes long, consider setting is_load_onto_memory=False or use LMDBIterableDataset.
2023-04-30 21:50:52.018 | INFO     | __main__:objective:356 - Starting epoch #0.
2023-04-30 21:50:57.245 | INFO     | utils.logging:log_training_results:280 - 
2023-04-30 21:50:57.246 | INFO     | utils.logging:log_training_results:281 - Global Step =      0
2023-04-30 21:50:57.246 | INFO     | utils.logging:log_training_results:282 - val mean(MacRec)_t: 0.3392033278942108
2023-04-30 21:50:57.247 | INFO     | utils.logging:log_training_results:287 - val mean ABSerr: 3.497774124145508
2023-04-30 21:50:57.247 | INFO     | utils.logging:log_training_results:290 - val ausat from confmx: 0.3447414040565491
2023-04-30 21:50:57.248 | INFO     | utils.logging:log_training_results:301 - val MCE loss:1.10064 * 1.0 * 0.08094
2023-04-30 21:50:57.248 | INFO     | utils.logging:log_training_results:309 - val LLLR :1.11796 * 0.0 * -0.39014
2023-04-30 21:50:57.248 | INFO     | utils.logging:log_training_results:317 - val weight decay:1158.54395 * 0.0004 * 0.55899
2023-04-30 21:50:58.247 | INFO     | utils.logging:save_sdre_imgs:710 - Figures saved.
2023-04-30 21:50:58.683 | INFO     | utils.logging:log_training_results:280 - 
2023-04-30 21:50:58.683 | INFO     | utils.logging:log_training_results:281 - Global Step =      0
2023-04-30 21:50:58.684 | INFO     | utils.logging:log_training_results:282 - train mean(MacRec)_t: 0.3739496171474457
2023-04-30 21:50:58.684 | INFO     | utils.logging:log_training_results:287 - train mean ABSerr: 3.6591687202453613
2023-04-30 21:50:58.684 | INFO     | utils.logging:log_training_results:290 - train ausat from confmx: 0.3650481700897217
2023-04-30 21:50:58.685 | INFO     | utils.logging:log_training_results:301 - train MCE loss:1.10047 * 1.0 * 0.08097
2023-04-30 21:50:58.685 | INFO     | utils.logging:log_training_results:309 - train LLLR :1.14669 * 0.0 * -0.39012
2023-04-30 21:50:58.686 | INFO     | utils.logging:log_training_results:317 - train weight decay:1158.54395 * 0.0004 * 0.55897
2023-04-30 21:51:43.196 | INFO     | utils.logging:log_training_results:280 - 
2023-04-30 21:51:43.197 | INFO     | utils.logging:log_training_results:281 - Global Step =    250
2023-04-30 21:51:43.197 | INFO     | utils.logging:log_training_results:282 - val mean(MacRec)_t: 0.6479465961456299
2023-04-30 21:51:43.198 | INFO     | utils.logging:log_training_results:287 - val mean ABSerr: 3.3281803131103516
2023-04-30 21:51:43.198 | INFO     | utils.logging:log_training_results:290 - val ausat from confmx: 0.7768771052360535
2023-04-30 21:51:43.199 | INFO     | utils.logging:log_training_results:301 - val MCE loss:1.07803 * 1.0 * 0.08650
2023-04-30 21:51:43.199 | INFO     | utils.logging:log_training_results:309 - val LLLR :0.93353 * 0.0 * -0.38429
2023-04-30 21:51:43.200 | INFO     | utils.logging:log_training_results:317 - val weight decay:1149.68872 * 0.0004 * 0.55320
2023-04-30 21:51:43.252 | INFO     | utils.checkpoint:update_and_save_result:168 - [36mBest value updated![0m
2023-04-30 21:51:43.267 | INFO     | utils.checkpoint:save_checkpoint:83 - [36mSaved checkpoint[0m at step 250.
2023-04-30 21:51:44.153 | INFO     | utils.logging:save_sdre_imgs:710 - Figures saved.
2023-04-30 21:51:44.577 | INFO     | utils.logging:log_training_results:280 - 
2023-04-30 21:51:44.577 | INFO     | utils.logging:log_training_results:281 - Global Step =    250
2023-04-30 21:51:44.578 | INFO     | utils.logging:log_training_results:282 - train mean(MacRec)_t: 0.5813873410224915
2023-04-30 21:51:44.578 | INFO     | utils.logging:log_training_results:287 - train mean ABSerr: 3.189659357070923
2023-04-30 21:51:44.578 | INFO     | utils.logging:log_training_results:290 - train ausat from confmx: 0.6479374170303345
2023-04-30 21:51:44.580 | INFO     | utils.logging:log_training_results:301 - train MCE loss:1.07932 * 1.0 * 0.08652
2023-04-30 21:51:44.581 | INFO     | utils.logging:log_training_results:309 - train LLLR :0.94717 * 0.0 * -0.38427
2023-04-30 21:51:44.581 | INFO     | utils.logging:log_training_results:317 - train weight decay:1149.68872 * 0.0004 * 0.55317
2023-04-30 21:52:08.483 | INFO     | __main__:objective:356 - Starting epoch #1.
2023-04-30 21:52:29.314 | INFO     | utils.logging:log_training_results:280 - 
2023-04-30 21:52:29.315 | INFO     | utils.logging:log_training_results:281 - Global Step =    500
2023-04-30 21:52:29.316 | INFO     | utils.logging:log_training_results:282 - val mean(MacRec)_t: 0.8057066202163696
2023-04-30 21:52:29.316 | INFO     | utils.logging:log_training_results:287 - val mean ABSerr: 2.9248852729797363
2023-04-30 21:52:29.316 | INFO     | utils.logging:log_training_results:290 - val ausat from confmx: 0.9336735010147095
2023-04-30 21:52:29.317 | INFO     | utils.logging:log_training_results:301 - val MCE loss:1.03195 * 1.0 * 0.09152
2023-04-30 21:52:29.318 | INFO     | utils.logging:log_training_results:309 - val LLLR :0.65243 * 0.0 * -0.37841
2023-04-30 21:52:29.318 | INFO     | utils.logging:log_training_results:317 - val weight decay:1144.63965 * 0.0004 * 0.54750
2023-04-30 21:52:29.373 | INFO     | utils.checkpoint:update_and_save_result:168 - [36mBest value updated![0m
2023-04-30 21:52:29.387 | INFO     | utils.checkpoint:save_checkpoint:83 - [36mSaved checkpoint[0m at step 500.
2023-04-30 21:52:29.390 | INFO     | utils.checkpoint:keep_max_num_saved_models:101 - Removed the oldest model for max_to_keep=1
2023-04-30 21:52:30.224 | INFO     | utils.logging:save_sdre_imgs:710 - Figures saved.
2023-04-30 21:52:30.638 | INFO     | utils.logging:log_training_results:280 - 
2023-04-30 21:52:30.638 | INFO     | utils.logging:log_training_results:281 - Global Step =    500
2023-04-30 21:52:30.639 | INFO     | utils.logging:log_training_results:282 - train mean(MacRec)_t: 0.7471336722373962
2023-04-30 21:52:30.639 | INFO     | utils.logging:log_training_results:287 - train mean ABSerr: 3.0534863471984863
2023-04-30 21:52:30.640 | INFO     | utils.logging:log_training_results:290 - train ausat from confmx: 0.8567160367965698
2023-04-30 21:52:30.640 | INFO     | utils.logging:log_training_results:301 - train MCE loss:1.03629 * 1.0 * 0.09153
2023-04-30 21:52:30.641 | INFO     | utils.logging:log_training_results:309 - train LLLR :0.69417 * 0.0 * -0.37838
2023-04-30 21:52:30.641 | INFO     | utils.logging:log_training_results:317 - train weight decay:1144.63965 * 0.0004 * 0.54748
2023-04-30 21:53:15.421 | INFO     | utils.logging:log_training_results:280 - 
2023-04-30 21:53:15.422 | INFO     | utils.logging:log_training_results:281 - Global Step =    750
2023-04-30 21:53:15.422 | INFO     | utils.logging:log_training_results:282 - val mean(MacRec)_t: 0.8506567478179932
2023-04-30 21:53:15.423 | INFO     | utils.logging:log_training_results:287 - val mean ABSerr: 1.9239692687988281
2023-04-30 21:53:15.423 | INFO     | utils.logging:log_training_results:290 - val ausat from confmx: 0.9639108777046204
2023-04-30 21:53:15.423 | INFO     | utils.logging:log_training_results:301 - val MCE loss:0.95149 * 1.0 * 0.09601
2023-04-30 21:53:15.424 | INFO     | utils.logging:log_training_results:309 - val LLLR :0.39772 * 0.0 * -0.37248
2023-04-30 21:53:15.424 | INFO     | utils.logging:log_training_results:317 - val weight decay:1144.00488 * 0.0004 * 0.54195
2023-04-30 21:53:15.474 | INFO     | utils.checkpoint:update_and_save_result:168 - [36mBest value updated![0m
2023-04-30 21:53:15.489 | INFO     | utils.checkpoint:save_checkpoint:83 - [36mSaved checkpoint[0m at step 750.
2023-04-30 21:53:15.492 | INFO     | utils.checkpoint:keep_max_num_saved_models:101 - Removed the oldest model for max_to_keep=1
2023-04-30 21:53:16.531 | INFO     | utils.logging:save_sdre_imgs:710 - Figures saved.
2023-04-30 21:53:16.921 | INFO     | utils.logging:log_training_results:280 - 
2023-04-30 21:53:16.921 | INFO     | utils.logging:log_training_results:281 - Global Step =    750
2023-04-30 21:53:16.922 | INFO     | utils.logging:log_training_results:282 - train mean(MacRec)_t: 0.8080551028251648
2023-04-30 21:53:16.922 | INFO     | utils.logging:log_training_results:287 - train mean ABSerr: 2.0821657180786133
2023-04-30 21:53:16.922 | INFO     | utils.logging:log_training_results:290 - train ausat from confmx: 0.9207814335823059
2023-04-30 21:53:16.923 | INFO     | utils.logging:log_training_results:301 - train MCE loss:0.94334 * 1.0 * 0.09602
2023-04-30 21:53:16.923 | INFO     | utils.logging:log_training_results:309 - train LLLR :0.47742 * 0.0 * -0.37246
2023-04-30 21:53:16.923 | INFO     | utils.logging:log_training_results:317 - train weight decay:1144.00488 * 0.0004 * 0.54193
2023-04-30 21:53:24.886 | INFO     | __main__:objective:356 - Starting epoch #2.
2023-04-30 21:54:01.768 | INFO     | utils.logging:log_training_results:280 - 
2023-04-30 21:54:01.768 | INFO     | utils.logging:log_training_results:281 - Global Step =   1000
2023-04-30 21:54:01.769 | INFO     | utils.logging:log_training_results:282 - val mean(MacRec)_t: 0.869979977607727
2023-04-30 21:54:01.769 | INFO     | utils.logging:log_training_results:287 - val mean ABSerr: 0.8667922019958496
2023-04-30 21:54:01.770 | INFO     | utils.logging:log_training_results:290 - val ausat from confmx: 0.9741874933242798
2023-04-30 21:54:01.770 | INFO     | utils.logging:log_training_results:301 - val MCE loss:0.90156 * 1.0 * 0.10009
2023-04-30 21:54:01.771 | INFO     | utils.logging:log_training_results:309 - val LLLR :0.31229 * 0.0 * -0.36652
2023-04-30 21:54:01.771 | INFO     | utils.logging:log_training_results:317 - val weight decay:1141.98181 * 0.0004 * 0.53656
2023-04-30 21:54:01.819 | INFO     | utils.checkpoint:update_and_save_result:168 - [36mBest value updated![0m
2023-04-30 21:54:01.833 | INFO     | utils.checkpoint:save_checkpoint:83 - [36mSaved checkpoint[0m at step 1000.
2023-04-30 21:54:01.836 | INFO     | utils.checkpoint:keep_max_num_saved_models:101 - Removed the oldest model for max_to_keep=1
2023-04-30 21:54:02.630 | INFO     | utils.logging:save_sdre_imgs:710 - Figures saved.
2023-04-30 21:54:03.034 | INFO     | utils.logging:log_training_results:280 - 
2023-04-30 21:54:03.034 | INFO     | utils.logging:log_training_results:281 - Global Step =   1000
2023-04-30 21:54:03.035 | INFO     | utils.logging:log_training_results:282 - train mean(MacRec)_t: 0.8155591487884521
2023-04-30 21:54:03.035 | INFO     | utils.logging:log_training_results:287 - train mean ABSerr: 1.3661869764328003
2023-04-30 21:54:03.035 | INFO     | utils.logging:log_training_results:290 - train ausat from confmx: 0.9296481609344482
2023-04-30 21:54:03.036 | INFO     | utils.logging:log_training_results:301 - train MCE loss:0.90862 * 1.0 * 0.10011
2023-04-30 21:54:03.036 | INFO     | utils.logging:log_training_results:309 - train LLLR :0.41289 * 0.0 * -0.36650
2023-04-30 21:54:03.037 | INFO     | utils.logging:log_training_results:317 - train weight decay:1141.98181 * 0.0004 * 0.53654
2023-04-30 21:54:34.769 | INFO     | __main__:objective:356 - Starting epoch #3.
2023-04-30 21:54:47.992 | INFO     | utils.logging:log_training_results:280 - 
2023-04-30 21:54:47.993 | INFO     | utils.logging:log_training_results:281 - Global Step =   1250
2023-04-30 21:54:47.993 | INFO     | utils.logging:log_training_results:282 - val mean(MacRec)_t: 0.8732366561889648
2023-04-30 21:54:47.994 | INFO     | utils.logging:log_training_results:287 - val mean ABSerr: 0.3346000611782074
2023-04-30 21:54:47.994 | INFO     | utils.logging:log_training_results:290 - val ausat from confmx: 0.9763904213905334
2023-04-30 21:54:47.995 | INFO     | utils.logging:log_training_results:301 - val MCE loss:0.89023 * 1.0 * 0.10400
2023-04-30 21:54:47.995 | INFO     | utils.logging:log_training_results:309 - val LLLR :0.30043 * 0.0 * -0.36052
2023-04-30 21:54:47.995 | INFO     | utils.logging:log_training_results:317 - val weight decay:1136.43677 * 0.0004 * 0.53128
2023-04-30 21:54:48.043 | INFO     | utils.checkpoint:update_and_save_result:168 - [36mBest value updated![0m
2023-04-30 21:54:48.056 | INFO     | utils.checkpoint:save_checkpoint:83 - [36mSaved checkpoint[0m at step 1250.
2023-04-30 21:54:48.059 | INFO     | utils.checkpoint:keep_max_num_saved_models:101 - Removed the oldest model for max_to_keep=1
2023-04-30 21:54:48.912 | INFO     | utils.logging:save_sdre_imgs:710 - Figures saved.
2023-04-30 21:54:49.326 | INFO     | utils.logging:log_training_results:280 - 
2023-04-30 21:54:49.327 | INFO     | utils.logging:log_training_results:281 - Global Step =   1250
2023-04-30 21:54:49.328 | INFO     | utils.logging:log_training_results:282 - train mean(MacRec)_t: 0.8330052495002747
2023-04-30 21:54:49.328 | INFO     | utils.logging:log_training_results:287 - train mean ABSerr: 1.195208191871643
2023-04-30 21:54:49.328 | INFO     | utils.logging:log_training_results:290 - train ausat from confmx: 0.9526309370994568
2023-04-30 21:54:49.329 | INFO     | utils.logging:log_training_results:301 - train MCE loss:0.89167 * 1.0 * 0.10402
2023-04-30 21:54:49.329 | INFO     | utils.logging:log_training_results:309 - train LLLR :0.39116 * 0.0 * -0.36050
2023-04-30 21:54:49.330 | INFO     | utils.logging:log_training_results:317 - train weight decay:1136.43677 * 0.0004 * 0.53126
2023-04-30 21:55:34.195 | INFO     | utils.logging:log_training_results:280 - 
2023-04-30 21:55:34.195 | INFO     | utils.logging:log_training_results:281 - Global Step =   1500
2023-04-30 21:55:34.196 | INFO     | utils.logging:log_training_results:282 - val mean(MacRec)_t: 0.8739933371543884
2023-04-30 21:55:34.196 | INFO     | utils.logging:log_training_results:287 - val mean ABSerr: 0.2989293038845062
2023-04-30 21:55:34.197 | INFO     | utils.logging:log_training_results:290 - val ausat from confmx: 0.9767277836799622
2023-04-30 21:55:34.197 | INFO     | utils.logging:log_training_results:301 - val MCE loss:0.88881 * 1.0 * 0.10783
2023-04-30 21:55:34.197 | INFO     | utils.logging:log_training_results:309 - val LLLR :0.29934 * 0.0 * -0.35450
2023-04-30 21:55:34.198 | INFO     | utils.logging:log_training_results:317 - val weight decay:1129.09314 * 0.0004 * 0.52607
2023-04-30 21:55:34.250 | INFO     | utils.checkpoint:update_and_save_result:168 - [36mBest value updated![0m
2023-04-30 21:55:34.264 | INFO     | utils.checkpoint:save_checkpoint:83 - [36mSaved checkpoint[0m at step 1500.
2023-04-30 21:55:34.267 | INFO     | utils.checkpoint:keep_max_num_saved_models:101 - Removed the oldest model for max_to_keep=1
2023-04-30 21:55:35.113 | INFO     | utils.logging:save_sdre_imgs:710 - Figures saved.
2023-04-30 21:55:35.496 | INFO     | utils.logging:log_training_results:280 - 
2023-04-30 21:55:35.497 | INFO     | utils.logging:log_training_results:281 - Global Step =   1500
2023-04-30 21:55:35.497 | INFO     | utils.logging:log_training_results:282 - train mean(MacRec)_t: 0.863571286201477
2023-04-30 21:55:35.497 | INFO     | utils.logging:log_training_results:287 - train mean ABSerr: 1.2145546674728394
2023-04-30 21:55:35.498 | INFO     | utils.logging:log_training_results:290 - train ausat from confmx: 0.9583597779273987
2023-04-30 21:55:35.498 | INFO     | utils.logging:log_training_results:301 - train MCE loss:0.88674 * 1.0 * 0.10785
2023-04-30 21:55:35.499 | INFO     | utils.logging:log_training_results:309 - train LLLR :0.32953 * 0.0 * -0.35447
2023-04-30 21:55:35.499 | INFO     | utils.logging:log_training_results:317 - train weight decay:1129.09314 * 0.0004 * 0.52605
2023-04-30 21:55:51.525 | INFO     | __main__:objective:356 - Starting epoch #4.
2023-04-30 21:56:20.421 | INFO     | utils.logging:log_training_results:280 - 
2023-04-30 21:56:20.422 | INFO     | utils.logging:log_training_results:281 - Global Step =   1750
2023-04-30 21:56:20.423 | INFO     | utils.logging:log_training_results:282 - val mean(MacRec)_t: 0.8739733695983887
2023-04-30 21:56:20.424 | INFO     | utils.logging:log_training_results:287 - val mean ABSerr: 0.2995905578136444
2023-04-30 21:56:20.424 | INFO     | utils.logging:log_training_results:290 - val ausat from confmx: 0.9760828018188477
2023-04-30 21:56:20.425 | INFO     | utils.logging:log_training_results:301 - val MCE loss:0.88836 * 1.0 * 0.11161
2023-04-30 21:56:20.426 | INFO     | utils.logging:log_training_results:309 - val LLLR :0.29895 * 0.0 * -0.34844
2023-04-30 21:56:20.427 | INFO     | utils.logging:log_training_results:317 - val weight decay:1121.38867 * 0.0004 * 0.52093
2023-04-30 21:56:21.292 | INFO     | utils.logging:save_sdre_imgs:710 - Figures saved.
2023-04-30 21:56:21.684 | INFO     | utils.logging:log_training_results:280 - 
2023-04-30 21:56:21.685 | INFO     | utils.logging:log_training_results:281 - Global Step =   1750
2023-04-30 21:56:21.685 | INFO     | utils.logging:log_training_results:282 - train mean(MacRec)_t: 0.8582018613815308
2023-04-30 21:56:21.685 | INFO     | utils.logging:log_training_results:287 - train mean ABSerr: 1.1516321897506714
2023-04-30 21:56:21.686 | INFO     | utils.logging:log_training_results:290 - train ausat from confmx: 0.9723089337348938
2023-04-30 21:56:21.686 | INFO     | utils.logging:log_training_results:301 - train MCE loss:0.90871 * 1.0 * 0.11162
2023-04-30 21:56:21.687 | INFO     | utils.logging:log_training_results:309 - train LLLR :0.33966 * 0.0 * -0.34842
2023-04-30 21:56:21.687 | INFO     | utils.logging:log_training_results:317 - train weight decay:1121.38867 * 0.0004 * 0.52091
2023-04-30 21:57:01.544 | INFO     | __main__:objective:356 - Starting epoch #5.
2023-04-30 21:57:06.564 | INFO     | utils.logging:log_training_results:280 - 
2023-04-30 21:57:06.565 | INFO     | utils.logging:log_training_results:281 - Global Step =   2000
2023-04-30 21:57:06.565 | INFO     | utils.logging:log_training_results:282 - val mean(MacRec)_t: 0.8739700317382812
2023-04-30 21:57:06.566 | INFO     | utils.logging:log_training_results:287 - val mean ABSerr: 0.29675304889678955
2023-04-30 21:57:06.566 | INFO     | utils.logging:log_training_results:290 - val ausat from confmx: 0.9765700101852417
2023-04-30 21:57:06.567 | INFO     | utils.logging:log_training_results:301 - val MCE loss:0.88816 * 1.0 * 0.11533
2023-04-30 21:57:06.567 | INFO     | utils.logging:log_training_results:309 - val LLLR :0.29852 * 0.0 * -0.34236
2023-04-30 21:57:06.568 | INFO     | utils.logging:log_training_results:317 - val weight decay:1113.82117 * 0.0004 * 0.51586
2023-04-30 21:57:07.429 | INFO     | utils.logging:save_sdre_imgs:710 - Figures saved.
2023-04-30 21:57:07.816 | INFO     | utils.logging:log_training_results:280 - 
2023-04-30 21:57:07.816 | INFO     | utils.logging:log_training_results:281 - Global Step =   2000
2023-04-30 21:57:07.817 | INFO     | utils.logging:log_training_results:282 - train mean(MacRec)_t: 0.8127695918083191
2023-04-30 21:57:07.817 | INFO     | utils.logging:log_training_results:287 - train mean ABSerr: 1.1840838193893433
2023-04-30 21:57:07.817 | INFO     | utils.logging:log_training_results:290 - train ausat from confmx: 0.9616668224334717
2023-04-30 21:57:07.818 | INFO     | utils.logging:log_training_results:301 - train MCE loss:0.90993 * 1.0 * 0.11534
2023-04-30 21:57:07.818 | INFO     | utils.logging:log_training_results:309 - train LLLR :0.43228 * 0.0 * -0.34233
2023-04-30 21:57:07.819 | INFO     | utils.logging:log_training_results:317 - train weight decay:1113.82104 * 0.0004 * 0.51584
2023-04-30 21:57:52.342 | INFO     | utils.logging:log_training_results:280 - 
2023-04-30 21:57:52.343 | INFO     | utils.logging:log_training_results:281 - Global Step =   2250
2023-04-30 21:57:52.343 | INFO     | utils.logging:log_training_results:282 - val mean(MacRec)_t: 0.873936653137207
2023-04-30 21:57:52.344 | INFO     | utils.logging:log_training_results:287 - val mean ABSerr: 0.2950660288333893
2023-04-30 21:57:52.344 | INFO     | utils.logging:log_training_results:290 - val ausat from confmx: 0.9765753746032715
2023-04-30 21:57:52.345 | INFO     | utils.logging:log_training_results:301 - val MCE loss:0.88804 * 1.0 * 0.11900
2023-04-30 21:57:52.345 | INFO     | utils.logging:log_training_results:309 - val LLLR :0.29862 * 0.0 * -0.33625
2023-04-30 21:57:52.346 | INFO     | utils.logging:log_training_results:317 - val weight decay:1106.29480 * 0.0004 * 0.51088
2023-04-30 21:57:53.217 | INFO     | utils.logging:save_sdre_imgs:710 - Figures saved.
2023-04-30 21:57:53.598 | INFO     | utils.logging:log_training_results:280 - 
2023-04-30 21:57:53.599 | INFO     | utils.logging:log_training_results:281 - Global Step =   2250
2023-04-30 21:57:53.599 | INFO     | utils.logging:log_training_results:282 - train mean(MacRec)_t: 0.8253769278526306
2023-04-30 21:57:53.600 | INFO     | utils.logging:log_training_results:287 - train mean ABSerr: 1.2533694505691528
2023-04-30 21:57:53.600 | INFO     | utils.logging:log_training_results:290 - train ausat from confmx: 0.9503385424613953
2023-04-30 21:57:53.601 | INFO     | utils.logging:log_training_results:301 - train MCE loss:0.90619 * 1.0 * 0.11902
2023-04-30 21:57:53.601 | INFO     | utils.logging:log_training_results:309 - train LLLR :0.46941 * 0.0 * -0.33623
2023-04-30 21:57:53.601 | INFO     | utils.logging:log_training_results:317 - train weight decay:1106.29468 * 0.0004 * 0.51086
2023-04-30 21:58:17.194 | INFO     | __main__:objective:356 - Starting epoch #6.
2023-04-30 21:58:38.328 | INFO     | utils.logging:log_training_results:280 - 
2023-04-30 21:58:38.329 | INFO     | utils.logging:log_training_results:281 - Global Step =   2500
2023-04-30 21:58:38.329 | INFO     | utils.logging:log_training_results:282 - val mean(MacRec)_t: 0.8739866614341736
2023-04-30 21:58:38.330 | INFO     | utils.logging:log_training_results:287 - val mean ABSerr: 0.28990259766578674
2023-04-30 21:58:38.331 | INFO     | utils.logging:log_training_results:290 - val ausat from confmx: 0.9761525988578796
2023-04-30 21:58:38.331 | INFO     | utils.logging:log_training_results:301 - val MCE loss:0.88795 * 1.0 * 0.12264
2023-04-30 21:58:38.332 | INFO     | utils.logging:log_training_results:309 - val LLLR :0.29842 * 0.0 * -0.33012
2023-04-30 21:58:38.332 | INFO     | utils.logging:log_training_results:317 - val weight decay:1098.78760 * 0.0004 * 0.50600
2023-04-30 21:58:39.407 | INFO     | utils.logging:save_sdre_imgs:710 - Figures saved.
2023-04-30 21:58:39.822 | INFO     | utils.logging:log_training_results:280 - 
2023-04-30 21:58:39.823 | INFO     | utils.logging:log_training_results:281 - Global Step =   2500
2023-04-30 21:58:39.823 | INFO     | utils.logging:log_training_results:282 - train mean(MacRec)_t: 0.8389624357223511
2023-04-30 21:58:39.823 | INFO     | utils.logging:log_training_results:287 - train mean ABSerr: 1.1914217472076416
2023-04-30 21:58:39.824 | INFO     | utils.logging:log_training_results:290 - train ausat from confmx: 0.9492707252502441
2023-04-30 21:58:39.824 | INFO     | utils.logging:log_training_results:301 - train MCE loss:0.90316 * 1.0 * 0.12266
2023-04-30 21:58:39.825 | INFO     | utils.logging:log_training_results:309 - train LLLR :0.44936 * 0.0 * -0.33010
2023-04-30 21:58:39.825 | INFO     | utils.logging:log_training_results:317 - train weight decay:1098.78760 * 0.0004 * 0.50598
2023-04-30 21:59:24.707 | INFO     | utils.logging:log_training_results:280 - 
2023-04-30 21:59:24.708 | INFO     | utils.logging:log_training_results:281 - Global Step =   2750
2023-04-30 21:59:24.709 | INFO     | utils.logging:log_training_results:282 - val mean(MacRec)_t: 0.8741199970245361
2023-04-30 21:59:24.709 | INFO     | utils.logging:log_training_results:287 - val mean ABSerr: 0.2916014492511749
2023-04-30 21:59:24.709 | INFO     | utils.logging:log_training_results:290 - val ausat from confmx: 0.9761672019958496
2023-04-30 21:59:24.711 | INFO     | utils.logging:log_training_results:301 - val MCE loss:0.88770 * 1.0 * 0.12625
2023-04-30 21:59:24.711 | INFO     | utils.logging:log_training_results:309 - val LLLR :0.29777 * 0.0 * -0.32397
2023-04-30 21:59:24.712 | INFO     | utils.logging:log_training_results:317 - val weight decay:1091.39319 * 0.0004 * 0.50123
2023-04-30 21:59:24.762 | INFO     | utils.checkpoint:update_and_save_result:168 - [36mBest value updated![0m
2023-04-30 21:59:24.777 | INFO     | utils.checkpoint:save_checkpoint:83 - [36mSaved checkpoint[0m at step 2750.
2023-04-30 21:59:24.780 | INFO     | utils.checkpoint:keep_max_num_saved_models:101 - Removed the oldest model for max_to_keep=1
2023-04-30 21:59:25.610 | INFO     | utils.logging:save_sdre_imgs:710 - Figures saved.
2023-04-30 21:59:25.999 | INFO     | utils.logging:log_training_results:280 - 
2023-04-30 21:59:26.000 | INFO     | utils.logging:log_training_results:281 - Global Step =   2750
2023-04-30 21:59:26.000 | INFO     | utils.logging:log_training_results:282 - train mean(MacRec)_t: 0.850219190120697
2023-04-30 21:59:26.000 | INFO     | utils.logging:log_training_results:287 - train mean ABSerr: 1.2295382022857666
2023-04-30 21:59:26.001 | INFO     | utils.logging:log_training_results:290 - train ausat from confmx: 0.9638575315475464
2023-04-30 21:59:26.001 | INFO     | utils.logging:log_training_results:301 - train MCE loss:0.88017 * 1.0 * 0.12627
2023-04-30 21:59:26.001 | INFO     | utils.logging:log_training_results:309 - train LLLR :0.36229 * 0.0 * -0.32394
2023-04-30 21:59:26.002 | INFO     | utils.logging:log_training_results:317 - train weight decay:1091.39319 * 0.0004 * 0.50121
2023-04-30 21:59:33.805 | INFO     | __main__:objective:356 - Starting epoch #7.
2023-04-30 22:00:10.408 | INFO     | utils.logging:log_training_results:280 - 
2023-04-30 22:00:10.409 | INFO     | utils.logging:log_training_results:281 - Global Step =   3000
2023-04-30 22:00:10.410 | INFO     | utils.logging:log_training_results:282 - val mean(MacRec)_t: 0.8741633296012878
2023-04-30 22:00:10.410 | INFO     | utils.logging:log_training_results:287 - val mean ABSerr: 0.2854625880718231
2023-04-30 22:00:10.410 | INFO     | utils.logging:log_training_results:290 - val ausat from confmx: 0.9766204953193665
2023-04-30 22:00:10.411 | INFO     | utils.logging:log_training_results:301 - val MCE loss:0.88757 * 1.0 * 0.12985
2023-04-30 22:00:10.411 | INFO     | utils.logging:log_training_results:309 - val LLLR :0.29785 * 0.0 * -0.31780
2023-04-30 22:00:10.412 | INFO     | utils.logging:log_training_results:317 - val weight decay:1083.97107 * 0.0004 * 0.49656
2023-04-30 22:00:10.461 | INFO     | utils.checkpoint:update_and_save_result:168 - [36mBest value updated![0m
2023-04-30 22:00:10.473 | INFO     | utils.checkpoint:save_checkpoint:83 - [36mSaved checkpoint[0m at step 3000.
2023-04-30 22:00:10.477 | INFO     | utils.checkpoint:keep_max_num_saved_models:101 - Removed the oldest model for max_to_keep=1
2023-04-30 22:00:11.310 | INFO     | utils.logging:save_sdre_imgs:710 - Figures saved.
2023-04-30 22:00:11.693 | INFO     | utils.logging:log_training_results:280 - 
2023-04-30 22:00:11.694 | INFO     | utils.logging:log_training_results:281 - Global Step =   3000
2023-04-30 22:00:11.694 | INFO     | utils.logging:log_training_results:282 - train mean(MacRec)_t: 0.8411235809326172
2023-04-30 22:00:11.695 | INFO     | utils.logging:log_training_results:287 - train mean ABSerr: 1.2443032264709473
2023-04-30 22:00:11.695 | INFO     | utils.logging:log_training_results:290 - train ausat from confmx: 0.9577098488807678
2023-04-30 22:00:11.696 | INFO     | utils.logging:log_training_results:301 - train MCE loss:0.91510 * 1.0 * 0.12986
2023-04-30 22:00:11.696 | INFO     | utils.logging:log_training_results:309 - train LLLR :0.37522 * 0.0 * -0.31778
2023-04-30 22:00:11.696 | INFO     | utils.logging:log_training_results:317 - train weight decay:1083.97107 * 0.0004 * 0.49655
2023-04-30 22:00:43.386 | INFO     | __main__:objective:356 - Starting epoch #8.
2023-04-30 22:00:56.504 | INFO     | utils.logging:log_training_results:280 - 
2023-04-30 22:00:56.505 | INFO     | utils.logging:log_training_results:281 - Global Step =   3250
2023-04-30 22:00:56.505 | INFO     | utils.logging:log_training_results:282 - val mean(MacRec)_t: 0.8742600083351135
2023-04-30 22:00:56.506 | INFO     | utils.logging:log_training_results:287 - val mean ABSerr: 0.28810468316078186
2023-04-30 22:00:56.506 | INFO     | utils.logging:log_training_results:290 - val ausat from confmx: 0.9766010046005249
2023-04-30 22:00:56.506 | INFO     | utils.logging:log_training_results:301 - val MCE loss:0.88752 * 1.0 * 0.13343
2023-04-30 22:00:56.507 | INFO     | utils.logging:log_training_results:309 - val LLLR :0.29754 * 0.0 * -0.31161
2023-04-30 22:00:56.507 | INFO     | utils.logging:log_training_results:317 - val weight decay:1076.60583 * 0.0004 * 0.49202
2023-04-30 22:00:56.559 | INFO     | utils.checkpoint:update_and_save_result:168 - [36mBest value updated![0m
2023-04-30 22:00:56.573 | INFO     | utils.checkpoint:save_checkpoint:83 - [36mSaved checkpoint[0m at step 3250.
2023-04-30 22:00:56.576 | INFO     | utils.checkpoint:keep_max_num_saved_models:101 - Removed the oldest model for max_to_keep=1
2023-04-30 22:00:57.391 | INFO     | utils.logging:save_sdre_imgs:710 - Figures saved.
2023-04-30 22:00:57.786 | INFO     | utils.logging:log_training_results:280 - 
2023-04-30 22:00:57.786 | INFO     | utils.logging:log_training_results:281 - Global Step =   3250
2023-04-30 22:00:57.787 | INFO     | utils.logging:log_training_results:282 - train mean(MacRec)_t: 0.8255569338798523
2023-04-30 22:00:57.787 | INFO     | utils.logging:log_training_results:287 - train mean ABSerr: 1.161798357963562
2023-04-30 22:00:57.788 | INFO     | utils.logging:log_training_results:290 - train ausat from confmx: 0.952366054058075
2023-04-30 22:00:57.788 | INFO     | utils.logging:log_training_results:301 - train MCE loss:0.89981 * 1.0 * 0.13344
2023-04-30 22:00:57.788 | INFO     | utils.logging:log_training_results:309 - train LLLR :0.38472 * 0.0 * -0.31159
2023-04-30 22:00:57.789 | INFO     | utils.logging:log_training_results:317 - train weight decay:1076.60583 * 0.0004 * 0.49200
2023-04-30 22:01:42.218 | INFO     | utils.logging:log_training_results:280 - 
2023-04-30 22:01:42.219 | INFO     | utils.logging:log_training_results:281 - Global Step =   3500
2023-04-30 22:01:42.220 | INFO     | utils.logging:log_training_results:282 - val mean(MacRec)_t: 0.8744399547576904
2023-04-30 22:01:42.220 | INFO     | utils.logging:log_training_results:287 - val mean ABSerr: 0.2824089229106903
2023-04-30 22:01:42.220 | INFO     | utils.logging:log_training_results:290 - val ausat from confmx: 0.9762645363807678
2023-04-30 22:01:42.221 | INFO     | utils.logging:log_training_results:301 - val MCE loss:0.88733 * 1.0 * 0.13700
2023-04-30 22:01:42.221 | INFO     | utils.logging:log_training_results:309 - val LLLR :0.29741 * 0.0 * -0.30541
2023-04-30 22:01:42.222 | INFO     | utils.logging:log_training_results:317 - val weight decay:1069.17603 * 0.0004 * 0.48760
2023-04-30 22:01:42.274 | INFO     | utils.checkpoint:update_and_save_result:168 - [36mBest value updated![0m
2023-04-30 22:01:42.289 | INFO     | utils.checkpoint:save_checkpoint:83 - [36mSaved checkpoint[0m at step 3500.
2023-04-30 22:01:42.293 | INFO     | utils.checkpoint:keep_max_num_saved_models:101 - Removed the oldest model for max_to_keep=1
2023-04-30 22:01:43.132 | INFO     | utils.logging:save_sdre_imgs:710 - Figures saved.
2023-04-30 22:01:43.517 | INFO     | utils.logging:log_training_results:280 - 
2023-04-30 22:01:43.518 | INFO     | utils.logging:log_training_results:281 - Global Step =   3500
2023-04-30 22:01:43.518 | INFO     | utils.logging:log_training_results:282 - train mean(MacRec)_t: 0.8516770601272583
2023-04-30 22:01:43.519 | INFO     | utils.logging:log_training_results:287 - train mean ABSerr: 1.177909016609192
2023-04-30 22:01:43.519 | INFO     | utils.logging:log_training_results:290 - train ausat from confmx: 0.9413530826568604
2023-04-30 22:01:43.519 | INFO     | utils.logging:log_training_results:301 - train MCE loss:0.91106 * 1.0 * 0.13702
2023-04-30 22:01:43.520 | INFO     | utils.logging:log_training_results:309 - train LLLR :0.39339 * 0.0 * -0.30538
2023-04-30 22:01:43.520 | INFO     | utils.logging:log_training_results:317 - train weight decay:1069.17603 * 0.0004 * 0.48758
2023-04-30 22:01:59.395 | INFO     | __main__:objective:356 - Starting epoch #9.
2023-04-30 22:02:28.043 | INFO     | utils.logging:log_training_results:280 - 
2023-04-30 22:02:28.044 | INFO     | utils.logging:log_training_results:281 - Global Step =   3750
2023-04-30 22:02:28.044 | INFO     | utils.logging:log_training_results:282 - val mean(MacRec)_t: 0.8743799924850464
2023-04-30 22:02:28.045 | INFO     | utils.logging:log_training_results:287 - val mean ABSerr: 0.2796756625175476
2023-04-30 22:02:28.045 | INFO     | utils.logging:log_training_results:290 - val ausat from confmx: 0.9769426584243774
2023-04-30 22:02:28.045 | INFO     | utils.logging:log_training_results:301 - val MCE loss:0.88730 * 1.0 * 0.14058
2023-04-30 22:02:28.046 | INFO     | utils.logging:log_training_results:309 - val LLLR :0.29735 * 0.0 * -0.29919
2023-04-30 22:02:28.046 | INFO     | utils.logging:log_training_results:317 - val weight decay:1061.76562 * 0.0004 * 0.48332
2023-04-30 22:02:28.918 | INFO     | utils.logging:save_sdre_imgs:710 - Figures saved.
2023-04-30 22:02:29.312 | INFO     | utils.logging:log_training_results:280 - 
2023-04-30 22:02:29.312 | INFO     | utils.logging:log_training_results:281 - Global Step =   3750
2023-04-30 22:02:29.313 | INFO     | utils.logging:log_training_results:282 - train mean(MacRec)_t: 0.8553376793861389
2023-04-30 22:02:29.313 | INFO     | utils.logging:log_training_results:287 - train mean ABSerr: 1.208356261253357
2023-04-30 22:02:29.313 | INFO     | utils.logging:log_training_results:290 - train ausat from confmx: 0.9790445566177368
2023-04-30 22:02:29.314 | INFO     | utils.logging:log_training_results:301 - train MCE loss:0.88067 * 1.0 * 0.14059
2023-04-30 22:02:29.315 | INFO     | utils.logging:log_training_results:309 - train LLLR :0.34414 * 0.0 * -0.29916
2023-04-30 22:02:29.315 | INFO     | utils.logging:log_training_results:317 - train weight decay:1061.76562 * 0.0004 * 0.48330
2023-04-30 22:03:08.625 | INFO     | utils.logging:investigate_log:155 - num_warning=0/num_error=0 in the .log file.
2023-04-30 22:03:08.826 | INFO     | optuna.study.study:_log_completed_trial:1020 - Trial 54 finished with value: 0.12556004524230957 and parameters: {'LIST_IS_POSITIONAL_ENCODING': False, 'LIST_MODEL_BACKBONE': 'Transformer', 'LIST_WEIGHT_DECAY': 0.0004, 'LIST_LEARNING_RATE': 2.331287008820255e-05, 'LIST_LLLR_VERSION': 'LSEL', 'LIST_ACTIVATION_FC': 'B2Bsqrt', 'LIST_PARAM_MULTIPLET_LOSS': 1.0, 'LIST_PARAM_LLR_LOSS': 0.0, 'LIST_IS_ADAPTIVE_LOSS': True, 'LIST_ORDER_SPRT': 4, 'LIST_OPTIMIZER': 'adam', 'LIST_IS_NORMALIZE': False, 'LIST_NUM_THRESH': 500, 'LIST_SPARSITY': 'logspace', 'LIST_NUM_BLOCKS': 1, 'LIST_NUM_HEADS': 2, 'LIST_DROPOUT': 0.2, 'LIST_FF_DIM': 64, 'LIST_MLP_UNITS': 32}. Best is trial 16 with value: 0.12354999780654907.
2023-04-30 22:03:08.846 | INFO     | utils.hyperparameter_tuning:suggest_parameters:560 - [33mStarting a tuning phase.[0m
2023-04-30 22:03:09.331 | INFO     | utils.hyperparameter_tuning:print:394 - 
+------------------------------------------+
|   Hyperparameteres suggested by Optuna   |
+------------------------+-----------------+
|     Parameter name     | Suggested value |
+------------------------+-----------------+
|     ACTIVATION_FC      |     B2Bsqrt     |
|        DROPOUT         |       0.3       |
|         FF_DIM         |        64       |
|    IS_ADAPTIVE_LOSS    |       True      |
|      IS_NORMALIZE      |      False      |
| IS_POSITIONAL_ENCODING |      False      |
|     LEARNING_RATE      |    9.1311e-06   |
|      LLLR_VERSION      |       LSEL      |
|       MLP_UNITS        |        32       |
|     MODEL_BACKBONE     |   Transformer   |
|       NUM_BLOCKS       |        1        |
|       NUM_HEADS        |        2        |
|       NUM_THRESH       |       500       |
|       OPTIMIZER        |       adam      |
|       ORDER_SPRT       |        5        |
|     PARAM_LLR_LOSS     |       0.1       |
|  PARAM_MULTIPLET_LOSS  |       0.9       |
|        SPARSITY        |     linspace    |
|      WEIGHT_DECAY      |      0.0004     |
+------------------------+-----------------+
2023-04-30 22:03:09.333 | INFO     | utils.misc:create_directories_and_log:291 - [33mA new log directory was created: [0m/home/afe/Dropbox/GitHub/SPRT-TANDEM-PyTorch/logs/public_offset0_5_optimmacrec_tuning/checkpoints/Transformer_20230430_220309332/configs
2023-04-30 22:03:09.333 | INFO     | utils.misc:create_directories_and_log:291 - [33mA new log directory was created: [0m/home/afe/Dropbox/GitHub/SPRT-TANDEM-PyTorch/logs/public_offset0_5_optimmacrec_tuning/TensorBoard_events/Transformer_20230430_220309332
