2023-05-01 21:30:06.362 | INFO     | utils.misc:fix_random_seed:405 - Random seed is not fixed.
2023-05-01 21:30:06.373 | INFO     | models.temporal_integrators:summarize:568 - 
:'######::'########::'########::'########::::::::::::::::::::::
'##... ##: ##.... ##: ##.... ##:... ##..:::::::::::::::::::::::
 ##:::..:: ##:::: ##: ##:::: ##:::: ##:::::::::::::::::::::::::
. ######:: ########:: ########::::: ##::::'#######:::::::::::::
:..... ##: ##.....::: ##.. ##:::::: ##::::........:::::::::::::
'##::: ##: ##:::::::: ##::. ##::::: ##:::::::::::::::::::::::::
. ######:: ##:::::::: ##:::. ##:::: ##:::::::::::::::::::::::::
:......:::..:::::::::..:::::..:::::..::::::::::::::::::::::::::
'########::::'###::::'##::: ##:'########::'########:'##::::'##:
... ##..::::'## ##::: ###:: ##: ##.... ##: ##.....:: ###::'###:
::: ##:::::'##:. ##:: ####: ##: ##:::: ##: ##::::::: ####'####:
::: ##::::'##:::. ##: ## ## ##: ##:::: ##: ######::: ## ### ##:
::: ##:::: #########: ##. ####: ##:::: ##: ##...:::: ##. #: ##:
::: ##:::: ##.... ##: ##:. ###: ##:::: ##: ##::::::: ##:.:: ##:
::: ##:::: ##:::: ##: ##::. ##: ########:: ########: ##:::: ##:
:::..:::::..:::::..::..::::..::........:::........::..:::::..::

2023-05-01 21:30:06.374 | INFO     | models.temporal_integrators:summarize:571 - [34mofficial PyTorch implementation.[0m
2023-05-01 21:30:06.422 | INFO     | models.temporal_integrators:summarize:593 - Network summary:
==========================================================================================
Layer (type:depth-idx)                   Output Shape              Param #
==========================================================================================
B2BsqrtTANDEM                            [150, 50, 3, 3]           3
├─PositionalEncoding: 1-1                [6900, 5, 128]            --
│    └─Dropout: 2-1                      [5, 6900, 128]            --
├─LSTM: 1-2                              [6900, 5, 73]             58,984
│    └─Tanh: 2-2                         [6900, 73]                --
│    └─Tanh: 2-3                         [6900, 73]                --
│    └─Tanh: 2-4                         [6900, 73]                --
│    └─Sigmoid: 2-5                      [6900, 73]                --
│    └─Sigmoid: 2-6                      [6900, 73]                --
│    └─Tanh: 2-7                         [6900, 73]                --
│    └─Tanh: 2-8                         [6900, 73]                --
│    └─Tanh: 2-9                         [6900, 73]                --
│    └─Sigmoid: 2-10                     [6900, 73]                --
│    └─Sigmoid: 2-11                     [6900, 73]                --
│    └─Tanh: 2-12                        [6900, 73]                --
│    └─Tanh: 2-13                        [6900, 73]                --
│    └─Tanh: 2-14                        [6900, 73]                --
│    └─Sigmoid: 2-15                     [6900, 73]                --
│    └─Sigmoid: 2-16                     [6900, 73]                --
│    └─Tanh: 2-17                        [6900, 73]                --
│    └─Tanh: 2-18                        [6900, 73]                --
│    └─Tanh: 2-19                        [6900, 73]                --
│    └─Sigmoid: 2-20                     [6900, 73]                --
│    └─Sigmoid: 2-21                     [6900, 73]                --
│    └─Tanh: 2-22                        [6900, 73]                --
│    └─Tanh: 2-23                        [6900, 73]                --
│    └─Tanh: 2-24                        [6900, 73]                --
│    └─Sigmoid: 2-25                     [6900, 73]                --
│    └─Sigmoid: 2-26                     [6900, 73]                --
├─LayerNorm: 1-3                         [6900, 73]                146
├─ReLU: 1-4                              [6900, 73]                --
├─Linear: 1-5                            [6900, 3]                 222
├─LayerNorm: 1-6                         [6900, 73]                (recursive)
├─ReLU: 1-7                              [6900, 73]                --
├─Linear: 1-8                            [6900, 3]                 (recursive)
├─LayerNorm: 1-9                         [6900, 73]                (recursive)
├─ReLU: 1-10                             [6900, 73]                --
├─Linear: 1-11                           [6900, 3]                 (recursive)
├─LayerNorm: 1-12                        [6900, 73]                (recursive)
├─ReLU: 1-13                             [6900, 73]                --
├─Linear: 1-14                           [6900, 3]                 (recursive)
├─LayerNorm: 1-15                        [6900, 73]                (recursive)
├─ReLU: 1-16                             [6900, 73]                --
├─Linear: 1-17                           [6900, 3]                 (recursive)
==========================================================================================
Total params: 59,355
Trainable params: 59,355
Non-trainable params: 0
Total mult-adds (M): 12.70
==========================================================================================
Input size (MB): 3.84
Forward/backward pass size (MB): 20.98
Params size (MB): 0.00
Estimated Total Size (MB): 24.82
==========================================================================================
2023-05-01 21:30:06.423 | INFO     | models.temporal_integrators:summarize:594 - Example input shape: torch.Size([150, 50, 128])
2023-05-01 21:30:06.423 | INFO     | models.temporal_integrators:summarize:595 - Example output shape: torch.Size([150, 50, 3, 3])
2023-05-01 21:30:06.424 | INFO     | models.temporal_integrators:import_model:58 - model moved onto: [33mcuda.[0m
2023-05-01 21:30:06.425 | INFO     | models.optimizers:initialize_optimizer:44 - Optimizer:
AdamW (
Parameter Group 0
    amsgrad: False
    betas: (0.9, 0.999)
    capturable: False
    differentiable: False
    eps: 1e-08
    foreach: None
    fused: None
    lr: 0.0007292583816102333
    maximize: False
    weight_decay: 0.0006000000000000001
)
2023-05-01 21:30:06.425 | INFO     | datasets.data_processing:lmdb_dataloaders:293 - loading data... 
2023-05-01 21:30:06.425 | INFO     | datasets.data_processing:lmdb_dataloaders:295 - If this process takes long, consider setting is_load_onto_memory=False or use LMDBIterableDataset.
2023-05-01 21:30:08.674 | INFO     | __main__:objective:357 - Starting epoch #0.
2023-05-01 21:30:10.679 | INFO     | utils.logging:log_training_results:280 - 
2023-05-01 21:30:10.680 | INFO     | utils.logging:log_training_results:281 - Global Step =      0
2023-05-01 21:30:10.680 | INFO     | utils.logging:log_training_results:282 - val mean(MacRec)_t: 0.3341866731643677
2023-05-01 21:30:10.680 | INFO     | utils.logging:log_training_results:287 - val mean ABSerr: 3.5819826126098633
2023-05-01 21:30:10.681 | INFO     | utils.logging:log_training_results:290 - val ausat from confmx: 0.329137921333313
2023-05-01 21:30:10.681 | INFO     | utils.logging:log_training_results:301 - val MCE loss:1.17310 * 0.4 * 2.16477
2023-05-01 21:30:10.681 | INFO     | utils.logging:log_training_results:309 - val LLLR :0.37510 * 0.0 * -1.58252
2023-05-01 21:30:10.682 | INFO     | utils.logging:log_training_results:317 - val weight decay:749.17267 * 0.0006000000000000001 * -0.22405
2023-05-01 21:30:11.357 | INFO     | utils.logging:save_sdre_imgs:710 - Figures saved.
2023-05-01 21:30:11.618 | INFO     | utils.logging:log_training_results:280 - 
2023-05-01 21:30:11.619 | INFO     | utils.logging:log_training_results:281 - Global Step =      0
2023-05-01 21:30:11.619 | INFO     | utils.logging:log_training_results:282 - train mean(MacRec)_t: 0.3439022898674011
2023-05-01 21:30:11.619 | INFO     | utils.logging:log_training_results:287 - train mean ABSerr: 3.6777281761169434
2023-05-01 21:30:11.619 | INFO     | utils.logging:log_training_results:290 - train ausat from confmx: 0.3395158350467682
2023-05-01 21:30:11.620 | INFO     | utils.logging:log_training_results:301 - train MCE loss:1.17910 * 0.4 * 2.16404
2023-05-01 21:30:11.620 | INFO     | utils.logging:log_training_results:309 - train LLLR :0.37375 * 0.0 * -1.58179
2023-05-01 21:30:11.620 | INFO     | utils.logging:log_training_results:317 - train weight decay:749.17267 * 0.0006000000000000001 * -0.22478
2023-05-01 21:30:28.440 | INFO     | utils.logging:log_training_results:280 - 
2023-05-01 21:30:28.441 | INFO     | utils.logging:log_training_results:281 - Global Step =    250
2023-05-01 21:30:28.441 | INFO     | utils.logging:log_training_results:282 - val mean(MacRec)_t: 0.3504599928855896
2023-05-01 21:30:28.442 | INFO     | utils.logging:log_training_results:287 - val mean ABSerr: 4.265183925628662
2023-05-01 21:30:28.442 | INFO     | utils.logging:log_training_results:290 - val ausat from confmx: 0.33404844999313354
2023-05-01 21:30:28.442 | INFO     | utils.logging:log_training_results:301 - val MCE loss:1.03928 * 0.4 * 1.97934
2023-05-01 21:30:28.442 | INFO     | utils.logging:log_training_results:309 - val LLLR :0.37001 * 0.0 * -1.39553
2023-05-01 21:30:28.443 | INFO     | utils.logging:log_training_results:317 - val weight decay:83.86198 * 0.0006000000000000001 * -0.24248
2023-05-01 21:30:28.628 | INFO     | utils.checkpoint:update_and_save_result:168 - [36mBest value updated![0m
2023-05-01 21:30:28.638 | INFO     | utils.checkpoint:save_checkpoint:83 - [36mSaved checkpoint[0m at step 250.
2023-05-01 21:30:29.122 | INFO     | utils.logging:save_sdre_imgs:710 - Figures saved.
2023-05-01 21:30:29.333 | INFO     | utils.logging:log_training_results:280 - 
2023-05-01 21:30:29.333 | INFO     | utils.logging:log_training_results:281 - Global Step =    250
2023-05-01 21:30:29.334 | INFO     | utils.logging:log_training_results:282 - train mean(MacRec)_t: 0.3478839695453644
2023-05-01 21:30:29.334 | INFO     | utils.logging:log_training_results:287 - train mean ABSerr: 4.053359508514404
2023-05-01 21:30:29.334 | INFO     | utils.logging:log_training_results:290 - train ausat from confmx: 0.33410757780075073
2023-05-01 21:30:29.335 | INFO     | utils.logging:log_training_results:301 - train MCE loss:1.05069 * 0.4 * 1.97859
2023-05-01 21:30:29.335 | INFO     | utils.logging:log_training_results:309 - train LLLR :0.37004 * 0.0 * -1.39476
2023-05-01 21:30:29.335 | INFO     | utils.logging:log_training_results:317 - train weight decay:83.86198 * 0.0006000000000000001 * -0.24209
2023-05-01 21:30:38.437 | INFO     | __main__:objective:357 - Starting epoch #1.
2023-05-01 21:30:46.333 | INFO     | utils.logging:log_training_results:280 - 
2023-05-01 21:30:46.333 | INFO     | utils.logging:log_training_results:281 - Global Step =    500
2023-05-01 21:30:46.334 | INFO     | utils.logging:log_training_results:282 - val mean(MacRec)_t: 0.3484967052936554
2023-05-01 21:30:46.334 | INFO     | utils.logging:log_training_results:287 - val mean ABSerr: 3.607391119003296
2023-05-01 21:30:46.334 | INFO     | utils.logging:log_training_results:290 - val ausat from confmx: 0.3337351083755493
2023-05-01 21:30:46.335 | INFO     | utils.logging:log_training_results:301 - val MCE loss:1.06876 * 0.4 * 1.78331
2023-05-01 21:30:46.335 | INFO     | utils.logging:log_training_results:309 - val LLLR :0.36869 * 0.0 * -1.19473
2023-05-01 21:30:46.335 | INFO     | utils.logging:log_training_results:317 - val weight decay:28.39778 * 0.0006000000000000001 * -0.10409
2023-05-01 21:30:46.999 | INFO     | utils.logging:save_sdre_imgs:710 - Figures saved.
2023-05-01 21:30:47.208 | INFO     | utils.logging:log_training_results:280 - 
2023-05-01 21:30:47.209 | INFO     | utils.logging:log_training_results:281 - Global Step =    500
2023-05-01 21:30:47.209 | INFO     | utils.logging:log_training_results:282 - train mean(MacRec)_t: 0.35023802518844604
2023-05-01 21:30:47.209 | INFO     | utils.logging:log_training_results:287 - train mean ABSerr: 3.69442081451416
2023-05-01 21:30:47.210 | INFO     | utils.logging:log_training_results:290 - train ausat from confmx: 0.3338545858860016
2023-05-01 21:30:47.211 | INFO     | utils.logging:log_training_results:301 - train MCE loss:1.07129 * 0.4 * 1.78249
2023-05-01 21:30:47.212 | INFO     | utils.logging:log_training_results:309 - train LLLR :0.37307 * 0.0 * -1.19389
2023-05-01 21:30:47.212 | INFO     | utils.logging:log_training_results:317 - train weight decay:28.39778 * 0.0006000000000000001 * -0.10363
2023-05-01 21:31:03.681 | INFO     | utils.logging:log_training_results:280 - 
2023-05-01 21:31:03.682 | INFO     | utils.logging:log_training_results:281 - Global Step =    750
2023-05-01 21:31:03.682 | INFO     | utils.logging:log_training_results:282 - val mean(MacRec)_t: 0.36062997579574585
2023-05-01 21:31:03.682 | INFO     | utils.logging:log_training_results:287 - val mean ABSerr: 3.4865341186523438
2023-05-01 21:31:03.683 | INFO     | utils.logging:log_training_results:290 - val ausat from confmx: 0.3342367708683014
2023-05-01 21:31:03.683 | INFO     | utils.logging:log_training_results:301 - val MCE loss:1.09584 * 0.4 * 1.55809
2023-05-01 21:31:03.683 | INFO     | utils.logging:log_training_results:309 - val LLLR :0.37395 * 0.0 * -0.96911
2023-05-01 21:31:03.684 | INFO     | utils.logging:log_training_results:317 - val weight decay:6.56907 * 0.0006000000000000001 * -0.04498
2023-05-01 21:31:03.883 | INFO     | utils.checkpoint:update_and_save_result:168 - [36mBest value updated![0m
2023-05-01 21:31:03.893 | INFO     | utils.checkpoint:save_checkpoint:83 - [36mSaved checkpoint[0m at step 750.
2023-05-01 21:31:03.898 | INFO     | utils.checkpoint:keep_max_num_saved_models:101 - Removed the oldest model for max_to_keep=1
2023-05-01 21:31:04.389 | INFO     | utils.logging:save_sdre_imgs:710 - Figures saved.
2023-05-01 21:31:04.630 | INFO     | utils.logging:log_training_results:280 - 
2023-05-01 21:31:04.630 | INFO     | utils.logging:log_training_results:281 - Global Step =    750
2023-05-01 21:31:04.630 | INFO     | utils.logging:log_training_results:282 - train mean(MacRec)_t: 0.36791884899139404
2023-05-01 21:31:04.631 | INFO     | utils.logging:log_training_results:287 - train mean ABSerr: 3.5495142936706543
2023-05-01 21:31:04.631 | INFO     | utils.logging:log_training_results:290 - train ausat from confmx: 0.33501380681991577
2023-05-01 21:31:04.631 | INFO     | utils.logging:log_training_results:301 - train MCE loss:1.09573 * 0.4 * 1.55709
2023-05-01 21:31:04.631 | INFO     | utils.logging:log_training_results:309 - train LLLR :0.37353 * 0.0 * -0.96814
2023-05-01 21:31:04.632 | INFO     | utils.logging:log_training_results:317 - train weight decay:6.56907 * 0.0006000000000000001 * -0.04482
2023-05-01 21:31:07.661 | INFO     | __main__:objective:357 - Starting epoch #2.
2023-05-01 21:31:21.408 | INFO     | utils.logging:log_training_results:280 - 
2023-05-01 21:31:21.409 | INFO     | utils.logging:log_training_results:281 - Global Step =   1000
2023-05-01 21:31:21.409 | INFO     | utils.logging:log_training_results:282 - val mean(MacRec)_t: 0.3333333432674408
2023-05-01 21:31:21.409 | INFO     | utils.logging:log_training_results:287 - val mean ABSerr: 3.4925496578216553
2023-05-01 21:31:21.410 | INFO     | utils.logging:log_training_results:290 - val ausat from confmx: 0.33299997448921204
2023-05-01 21:31:21.410 | INFO     | utils.logging:log_training_results:301 - val MCE loss:1.09864 * 0.4 * 1.27654
2023-05-01 21:31:21.410 | INFO     | utils.logging:log_training_results:309 - val LLLR :0.37500 * 0.0 * -0.70262
2023-05-01 21:31:21.410 | INFO     | utils.logging:log_training_results:317 - val weight decay:2.12831 * 0.0006000000000000001 * -0.02529
2023-05-01 21:31:22.114 | INFO     | utils.logging:save_sdre_imgs:710 - Figures saved.
2023-05-01 21:31:22.293 | INFO     | utils.logging:log_training_results:280 - 
2023-05-01 21:31:22.294 | INFO     | utils.logging:log_training_results:281 - Global Step =   1000
2023-05-01 21:31:22.294 | INFO     | utils.logging:log_training_results:282 - train mean(MacRec)_t: 0.3333333432674408
2023-05-01 21:31:22.295 | INFO     | utils.logging:log_training_results:287 - train mean ABSerr: 3.450932741165161
2023-05-01 21:31:22.295 | INFO     | utils.logging:log_training_results:290 - train ausat from confmx: 0.3330000340938568
2023-05-01 21:31:22.295 | INFO     | utils.logging:log_training_results:301 - train MCE loss:1.09893 * 0.4 * 1.27538
2023-05-01 21:31:22.296 | INFO     | utils.logging:log_training_results:309 - train LLLR :0.37504 * 0.0 * -0.70149
2023-05-01 21:31:22.296 | INFO     | utils.logging:log_training_results:317 - train weight decay:2.12831 * 0.0006000000000000001 * -0.02526
2023-05-01 21:31:34.062 | INFO     | __main__:objective:357 - Starting epoch #3.
2023-05-01 21:31:38.986 | INFO     | utils.logging:log_training_results:280 - 
2023-05-01 21:31:38.987 | INFO     | utils.logging:log_training_results:281 - Global Step =   1250
2023-05-01 21:31:38.987 | INFO     | utils.logging:log_training_results:282 - val mean(MacRec)_t: 0.3333333432674408
2023-05-01 21:31:38.987 | INFO     | utils.logging:log_training_results:287 - val mean ABSerr: 3.492530345916748
2023-05-01 21:31:38.987 | INFO     | utils.logging:log_training_results:290 - val ausat from confmx: 0.3330000340938568
2023-05-01 21:31:38.988 | INFO     | utils.logging:log_training_results:301 - val MCE loss:1.09865 * 0.4 * 0.99238
2023-05-01 21:31:38.988 | INFO     | utils.logging:log_training_results:309 - val LLLR :0.37500 * 0.0 * -0.40538
2023-05-01 21:31:38.988 | INFO     | utils.logging:log_training_results:317 - val weight decay:1.14953 * 0.0006000000000000001 * -0.01858
2023-05-01 21:31:39.677 | INFO     | utils.logging:save_sdre_imgs:710 - Figures saved.
2023-05-01 21:31:39.853 | INFO     | utils.logging:log_training_results:280 - 
2023-05-01 21:31:39.853 | INFO     | utils.logging:log_training_results:281 - Global Step =   1250
2023-05-01 21:31:39.853 | INFO     | utils.logging:log_training_results:282 - train mean(MacRec)_t: 0.3333333432674408
2023-05-01 21:31:39.854 | INFO     | utils.logging:log_training_results:287 - train mean ABSerr: 3.470141649246216
2023-05-01 21:31:39.854 | INFO     | utils.logging:log_training_results:290 - train ausat from confmx: 0.3330000340938568
2023-05-01 21:31:39.854 | INFO     | utils.logging:log_training_results:301 - train MCE loss:1.09803 * 0.4 * 0.99124
2023-05-01 21:31:39.855 | INFO     | utils.logging:log_training_results:309 - train LLLR :0.37492 * 0.0 * -0.40409
2023-05-01 21:31:39.855 | INFO     | utils.logging:log_training_results:317 - train weight decay:1.14953 * 0.0006000000000000001 * -0.01855
2023-05-01 21:31:56.178 | INFO     | utils.logging:log_training_results:280 - 
2023-05-01 21:31:56.179 | INFO     | utils.logging:log_training_results:281 - Global Step =   1500
2023-05-01 21:31:56.180 | INFO     | utils.logging:log_training_results:282 - val mean(MacRec)_t: 0.3333333432674408
2023-05-01 21:31:56.180 | INFO     | utils.logging:log_training_results:287 - val mean ABSerr: 3.4925756454467773
2023-05-01 21:31:56.180 | INFO     | utils.logging:log_training_results:290 - val ausat from confmx: 0.3166666626930237
2023-05-01 21:31:56.180 | INFO     | utils.logging:log_training_results:301 - val MCE loss:1.09862 * 0.4 * 0.70287
2023-05-01 21:31:56.181 | INFO     | utils.logging:log_training_results:309 - val LLLR :0.37500 * 0.0 * 0.00075
2023-05-01 21:31:56.181 | INFO     | utils.logging:log_training_results:317 - val weight decay:0.49429 * 0.0006000000000000001 * -0.01217
2023-05-01 21:31:56.850 | INFO     | utils.logging:save_sdre_imgs:710 - Figures saved.
2023-05-01 21:31:57.029 | INFO     | utils.logging:log_training_results:280 - 
2023-05-01 21:31:57.029 | INFO     | utils.logging:log_training_results:281 - Global Step =   1500
2023-05-01 21:31:57.029 | INFO     | utils.logging:log_training_results:282 - train mean(MacRec)_t: 0.3333333432674408
2023-05-01 21:31:57.030 | INFO     | utils.logging:log_training_results:287 - train mean ABSerr: 3.649064540863037
2023-05-01 21:31:57.030 | INFO     | utils.logging:log_training_results:290 - train ausat from confmx: 0.31666669249534607
2023-05-01 21:31:57.030 | INFO     | utils.logging:log_training_results:301 - train MCE loss:1.09830 * 0.4 * 0.70170
2023-05-01 21:31:57.030 | INFO     | utils.logging:log_training_results:309 - train LLLR :0.37496 * 0.0 * 0.00130
2023-05-01 21:31:57.031 | INFO     | utils.logging:log_training_results:317 - train weight decay:0.49429 * 0.0006000000000000001 * -0.01215
2023-05-01 21:32:02.986 | INFO     | __main__:objective:357 - Starting epoch #4.
2023-05-01 21:32:13.746 | INFO     | utils.logging:log_training_results:280 - 
2023-05-01 21:32:13.746 | INFO     | utils.logging:log_training_results:281 - Global Step =   1750
2023-05-01 21:32:13.747 | INFO     | utils.logging:log_training_results:282 - val mean(MacRec)_t: 0.3333333432674408
2023-05-01 21:32:13.747 | INFO     | utils.logging:log_training_results:287 - val mean ABSerr: 3.4925496578216553
2023-05-01 21:32:13.747 | INFO     | utils.logging:log_training_results:290 - val ausat from confmx: 0.3330000042915344
2023-05-01 21:32:13.748 | INFO     | utils.logging:log_training_results:301 - val MCE loss:1.09863 * 0.4 * 0.43341
2023-05-01 21:32:13.748 | INFO     | utils.logging:log_training_results:309 - val LLLR :0.37500 * 0.0 * -0.00000
2023-05-01 21:32:13.748 | INFO     | utils.logging:log_training_results:317 - val weight decay:0.18819 * 0.0006000000000000001 * -0.00751
2023-05-01 21:32:14.644 | INFO     | utils.logging:save_sdre_imgs:710 - Figures saved.
2023-05-01 21:32:14.822 | INFO     | utils.logging:log_training_results:280 - 
2023-05-01 21:32:14.822 | INFO     | utils.logging:log_training_results:281 - Global Step =   1750
2023-05-01 21:32:14.822 | INFO     | utils.logging:log_training_results:282 - train mean(MacRec)_t: 0.3333333432674408
2023-05-01 21:32:14.823 | INFO     | utils.logging:log_training_results:287 - train mean ABSerr: 3.579718589782715
2023-05-01 21:32:14.823 | INFO     | utils.logging:log_training_results:290 - train ausat from confmx: 0.3330000340938568
2023-05-01 21:32:14.826 | INFO     | utils.logging:log_training_results:301 - train MCE loss:1.09815 * 0.4 * 0.43254
2023-05-01 21:32:14.827 | INFO     | utils.logging:log_training_results:309 - train LLLR :0.37494 * 0.0 * 0.00000
2023-05-01 21:32:14.827 | INFO     | utils.logging:log_training_results:317 - train weight decay:0.18819 * 0.0006000000000000001 * -0.00749
2023-05-01 21:32:29.522 | INFO     | __main__:objective:357 - Starting epoch #5.
2023-05-01 21:32:31.517 | INFO     | utils.logging:log_training_results:280 - 
2023-05-01 21:32:31.518 | INFO     | utils.logging:log_training_results:281 - Global Step =   2000
2023-05-01 21:32:31.518 | INFO     | utils.logging:log_training_results:282 - val mean(MacRec)_t: 0.3333333432674408
2023-05-01 21:32:31.518 | INFO     | utils.logging:log_training_results:287 - val mean ABSerr: 3.4925577640533447
2023-05-01 21:32:31.518 | INFO     | utils.logging:log_training_results:290 - val ausat from confmx: 0.3330000042915344
2023-05-01 21:32:31.519 | INFO     | utils.logging:log_training_results:301 - val MCE loss:1.09862 * 0.4 * 0.33358
2023-05-01 21:32:31.519 | INFO     | utils.logging:log_training_results:309 - val LLLR :0.37500 * 0.0 * -0.00000
2023-05-01 21:32:31.519 | INFO     | utils.logging:log_training_results:317 - val weight decay:0.11133 * 0.0006000000000000001 * -0.00577
2023-05-01 21:32:32.209 | INFO     | utils.logging:save_sdre_imgs:710 - Figures saved.
2023-05-01 21:32:32.395 | INFO     | utils.logging:log_training_results:280 - 
2023-05-01 21:32:32.396 | INFO     | utils.logging:log_training_results:281 - Global Step =   2000
2023-05-01 21:32:32.396 | INFO     | utils.logging:log_training_results:282 - train mean(MacRec)_t: 0.3333333432674408
2023-05-01 21:32:32.396 | INFO     | utils.logging:log_training_results:287 - train mean ABSerr: 3.595567226409912
2023-05-01 21:32:32.396 | INFO     | utils.logging:log_training_results:290 - train ausat from confmx: 0.3330000340938568
2023-05-01 21:32:32.397 | INFO     | utils.logging:log_training_results:301 - train MCE loss:1.09887 * 0.4 * 0.33353
2023-05-01 21:32:32.397 | INFO     | utils.logging:log_training_results:309 - train LLLR :0.37503 * 0.0 * 0.00000
2023-05-01 21:32:32.397 | INFO     | utils.logging:log_training_results:317 - train weight decay:0.11133 * 0.0006000000000000001 * -0.00577
2023-05-01 21:32:48.835 | INFO     | utils.logging:log_training_results:280 - 
2023-05-01 21:32:48.835 | INFO     | utils.logging:log_training_results:281 - Global Step =   2250
2023-05-01 21:32:48.836 | INFO     | utils.logging:log_training_results:282 - val mean(MacRec)_t: 0.3333333432674408
2023-05-01 21:32:48.836 | INFO     | utils.logging:log_training_results:287 - val mean ABSerr: 3.4925615787506104
2023-05-01 21:32:48.836 | INFO     | utils.logging:log_training_results:290 - val ausat from confmx: 0.3330000042915344
2023-05-01 21:32:48.836 | INFO     | utils.logging:log_training_results:301 - val MCE loss:1.09862 * 0.4 * 0.33147
2023-05-01 21:32:48.837 | INFO     | utils.logging:log_training_results:309 - val LLLR :0.37500 * 0.0 * -0.00000
2023-05-01 21:32:48.837 | INFO     | utils.logging:log_training_results:317 - val weight decay:0.10992 * 0.0006000000000000001 * -0.00569
2023-05-01 21:32:49.524 | INFO     | utils.logging:save_sdre_imgs:710 - Figures saved.
2023-05-01 21:32:49.704 | INFO     | utils.logging:log_training_results:280 - 
2023-05-01 21:32:49.704 | INFO     | utils.logging:log_training_results:281 - Global Step =   2250
2023-05-01 21:32:49.704 | INFO     | utils.logging:log_training_results:282 - train mean(MacRec)_t: 0.3333333432674408
2023-05-01 21:32:49.705 | INFO     | utils.logging:log_training_results:287 - train mean ABSerr: 3.6330926418304443
2023-05-01 21:32:49.705 | INFO     | utils.logging:log_training_results:290 - train ausat from confmx: 0.3330000340938568
2023-05-01 21:32:49.705 | INFO     | utils.logging:log_training_results:301 - train MCE loss:1.09854 * 0.4 * 0.33147
2023-05-01 21:32:49.705 | INFO     | utils.logging:log_training_results:309 - train LLLR :0.37499 * 0.0 * 0.00000
2023-05-01 21:32:49.706 | INFO     | utils.logging:log_training_results:317 - train weight decay:0.10992 * 0.0006000000000000001 * -0.00578
2023-05-01 21:32:58.686 | INFO     | __main__:objective:357 - Starting epoch #6.
2023-05-01 21:33:06.545 | INFO     | utils.logging:log_training_results:280 - 
2023-05-01 21:33:06.546 | INFO     | utils.logging:log_training_results:281 - Global Step =   2500
2023-05-01 21:33:06.546 | INFO     | utils.logging:log_training_results:282 - val mean(MacRec)_t: 0.3333333432674408
2023-05-01 21:33:06.546 | INFO     | utils.logging:log_training_results:287 - val mean ABSerr: 3.492605686187744
2023-05-01 21:33:06.547 | INFO     | utils.logging:log_training_results:290 - val ausat from confmx: 0.3166666626930237
2023-05-01 21:33:06.547 | INFO     | utils.logging:log_training_results:301 - val MCE loss:1.09863 * 0.4 * 0.33148
2023-05-01 21:33:06.547 | INFO     | utils.logging:log_training_results:309 - val LLLR :0.37500 * 0.0 * 0.00000
2023-05-01 21:33:06.548 | INFO     | utils.logging:log_training_results:317 - val weight decay:0.10994 * 0.0006000000000000001 * -0.00574
2023-05-01 21:33:07.236 | INFO     | utils.logging:save_sdre_imgs:710 - Figures saved.
2023-05-01 21:33:07.417 | INFO     | utils.logging:log_training_results:280 - 
2023-05-01 21:33:07.419 | INFO     | utils.logging:log_training_results:281 - Global Step =   2500
2023-05-01 21:33:07.419 | INFO     | utils.logging:log_training_results:282 - train mean(MacRec)_t: 0.3333333432674408
2023-05-01 21:33:07.420 | INFO     | utils.logging:log_training_results:287 - train mean ABSerr: 3.6126034259796143
2023-05-01 21:33:07.420 | INFO     | utils.logging:log_training_results:290 - train ausat from confmx: 0.31666669249534607
2023-05-01 21:33:07.420 | INFO     | utils.logging:log_training_results:301 - train MCE loss:1.09856 * 0.4 * 0.33148
2023-05-01 21:33:07.421 | INFO     | utils.logging:log_training_results:309 - train LLLR :0.37499 * 0.0 * -0.00000
2023-05-01 21:33:07.421 | INFO     | utils.logging:log_training_results:317 - train weight decay:0.10994 * 0.0006000000000000001 * -0.00573
2023-05-01 21:33:23.787 | INFO     | utils.logging:log_training_results:280 - 
2023-05-01 21:33:23.788 | INFO     | utils.logging:log_training_results:281 - Global Step =   2750
2023-05-01 21:33:23.788 | INFO     | utils.logging:log_training_results:282 - val mean(MacRec)_t: 0.3333333432674408
2023-05-01 21:33:23.789 | INFO     | utils.logging:log_training_results:287 - val mean ABSerr: 3.4925456047058105
2023-05-01 21:33:23.789 | INFO     | utils.logging:log_training_results:290 - val ausat from confmx: 0.3166666626930237
2023-05-01 21:33:23.789 | INFO     | utils.logging:log_training_results:301 - val MCE loss:1.09862 * 0.4 * 0.33148
2023-05-01 21:33:23.790 | INFO     | utils.logging:log_training_results:309 - val LLLR :0.37500 * 0.0 * 0.00001
2023-05-01 21:33:23.790 | INFO     | utils.logging:log_training_results:317 - val weight decay:0.10994 * 0.0006000000000000001 * -0.00575
2023-05-01 21:33:24.468 | INFO     | utils.logging:save_sdre_imgs:710 - Figures saved.
2023-05-01 21:33:24.649 | INFO     | utils.logging:log_training_results:280 - 
2023-05-01 21:33:24.650 | INFO     | utils.logging:log_training_results:281 - Global Step =   2750
2023-05-01 21:33:24.650 | INFO     | utils.logging:log_training_results:282 - train mean(MacRec)_t: 0.3333333432674408
2023-05-01 21:33:24.650 | INFO     | utils.logging:log_training_results:287 - train mean ABSerr: 3.6606061458587646
2023-05-01 21:33:24.651 | INFO     | utils.logging:log_training_results:290 - train ausat from confmx: 0.31666669249534607
2023-05-01 21:33:24.651 | INFO     | utils.logging:log_training_results:301 - train MCE loss:1.09869 * 0.4 * 0.33148
2023-05-01 21:33:24.651 | INFO     | utils.logging:log_training_results:309 - train LLLR :0.37501 * 0.0 * 0.00001
2023-05-01 21:33:24.652 | INFO     | utils.logging:log_training_results:317 - train weight decay:0.10994 * 0.0006000000000000001 * -0.00571
2023-05-01 21:33:27.646 | INFO     | __main__:objective:357 - Starting epoch #7.
2023-05-01 21:33:41.326 | INFO     | utils.logging:log_training_results:280 - 
2023-05-01 21:33:41.326 | INFO     | utils.logging:log_training_results:281 - Global Step =   3000
2023-05-01 21:33:41.327 | INFO     | utils.logging:log_training_results:282 - val mean(MacRec)_t: 0.3333333432674408
2023-05-01 21:33:41.327 | INFO     | utils.logging:log_training_results:287 - val mean ABSerr: 3.4926044940948486
2023-05-01 21:33:41.327 | INFO     | utils.logging:log_training_results:290 - val ausat from confmx: 0.3166666626930237
2023-05-01 21:33:41.328 | INFO     | utils.logging:log_training_results:301 - val MCE loss:1.09863 * 0.4 * 0.33149
2023-05-01 21:33:41.328 | INFO     | utils.logging:log_training_results:309 - val LLLR :0.37500 * 0.0 * -0.00001
2023-05-01 21:33:41.328 | INFO     | utils.logging:log_training_results:317 - val weight decay:0.10995 * 0.0006000000000000001 * -0.00573
2023-05-01 21:33:42.008 | INFO     | utils.logging:save_sdre_imgs:710 - Figures saved.
2023-05-01 21:33:42.190 | INFO     | utils.logging:log_training_results:280 - 
2023-05-01 21:33:42.191 | INFO     | utils.logging:log_training_results:281 - Global Step =   3000
2023-05-01 21:33:42.191 | INFO     | utils.logging:log_training_results:282 - train mean(MacRec)_t: 0.3333333432674408
2023-05-01 21:33:42.191 | INFO     | utils.logging:log_training_results:287 - train mean ABSerr: 3.6020326614379883
2023-05-01 21:33:42.191 | INFO     | utils.logging:log_training_results:290 - train ausat from confmx: 0.31666669249534607
2023-05-01 21:33:42.192 | INFO     | utils.logging:log_training_results:301 - train MCE loss:1.09885 * 0.4 * 0.33149
2023-05-01 21:33:42.192 | INFO     | utils.logging:log_training_results:309 - train LLLR :0.37503 * 0.0 * 0.00001
2023-05-01 21:33:42.192 | INFO     | utils.logging:log_training_results:317 - train weight decay:0.10995 * 0.0006000000000000001 * -0.00573
2023-05-01 21:33:53.804 | INFO     | __main__:objective:357 - Starting epoch #8.
2023-05-01 21:33:58.687 | INFO     | utils.logging:log_training_results:280 - 
2023-05-01 21:33:58.688 | INFO     | utils.logging:log_training_results:281 - Global Step =   3250
2023-05-01 21:33:58.688 | INFO     | utils.logging:log_training_results:282 - val mean(MacRec)_t: 0.3333333432674408
2023-05-01 21:33:58.689 | INFO     | utils.logging:log_training_results:287 - val mean ABSerr: 3.4925196170806885
2023-05-01 21:33:58.689 | INFO     | utils.logging:log_training_results:290 - val ausat from confmx: 0.3167000114917755
2023-05-01 21:33:58.689 | INFO     | utils.logging:log_training_results:301 - val MCE loss:1.09864 * 0.4 * 0.33146
2023-05-01 21:33:58.690 | INFO     | utils.logging:log_training_results:309 - val LLLR :0.37500 * 0.0 * 0.00003
2023-05-01 21:33:58.690 | INFO     | utils.logging:log_training_results:317 - val weight decay:0.10993 * 0.0006000000000000001 * -0.00573
2023-05-01 21:33:59.580 | INFO     | utils.logging:save_sdre_imgs:710 - Figures saved.
2023-05-01 21:33:59.763 | INFO     | utils.logging:log_training_results:280 - 
2023-05-01 21:33:59.763 | INFO     | utils.logging:log_training_results:281 - Global Step =   3250
2023-05-01 21:33:59.764 | INFO     | utils.logging:log_training_results:282 - train mean(MacRec)_t: 0.3333333432674408
2023-05-01 21:33:59.764 | INFO     | utils.logging:log_training_results:287 - train mean ABSerr: 3.5400092601776123
2023-05-01 21:33:59.764 | INFO     | utils.logging:log_training_results:290 - train ausat from confmx: 0.31666669249534607
2023-05-01 21:33:59.765 | INFO     | utils.logging:log_training_results:301 - train MCE loss:1.09822 * 0.4 * 0.33146
2023-05-01 21:33:59.765 | INFO     | utils.logging:log_training_results:309 - train LLLR :0.37495 * 0.0 * -0.00003
2023-05-01 21:33:59.765 | INFO     | utils.logging:log_training_results:317 - train weight decay:0.10993 * 0.0006000000000000001 * -0.00573
2023-05-01 21:34:16.236 | INFO     | utils.logging:log_training_results:280 - 
2023-05-01 21:34:16.236 | INFO     | utils.logging:log_training_results:281 - Global Step =   3500
2023-05-01 21:34:16.237 | INFO     | utils.logging:log_training_results:282 - val mean(MacRec)_t: 0.3333333432674408
2023-05-01 21:34:16.237 | INFO     | utils.logging:log_training_results:287 - val mean ABSerr: 3.492561101913452
2023-05-01 21:34:16.237 | INFO     | utils.logging:log_training_results:290 - val ausat from confmx: 0.3330000042915344
2023-05-01 21:34:16.238 | INFO     | utils.logging:log_training_results:301 - val MCE loss:1.09862 * 0.4 * 0.33148
2023-05-01 21:34:16.238 | INFO     | utils.logging:log_training_results:309 - val LLLR :0.37500 * 0.0 * 0.00004
2023-05-01 21:34:16.238 | INFO     | utils.logging:log_training_results:317 - val weight decay:0.10994 * 0.0006000000000000001 * -0.00574
2023-05-01 21:34:16.941 | INFO     | utils.logging:save_sdre_imgs:710 - Figures saved.
2023-05-01 21:34:17.120 | INFO     | utils.logging:log_training_results:280 - 
2023-05-01 21:34:17.120 | INFO     | utils.logging:log_training_results:281 - Global Step =   3500
2023-05-01 21:34:17.120 | INFO     | utils.logging:log_training_results:282 - train mean(MacRec)_t: 0.3333333432674408
2023-05-01 21:34:17.121 | INFO     | utils.logging:log_training_results:287 - train mean ABSerr: 3.4570152759552
2023-05-01 21:34:17.121 | INFO     | utils.logging:log_training_results:290 - train ausat from confmx: 0.3330000340938568
2023-05-01 21:34:17.121 | INFO     | utils.logging:log_training_results:301 - train MCE loss:1.09879 * 0.4 * 0.33148
2023-05-01 21:34:17.121 | INFO     | utils.logging:log_training_results:309 - train LLLR :0.37502 * 0.0 * -0.00004
2023-05-01 21:34:17.122 | INFO     | utils.logging:log_training_results:317 - train weight decay:0.10994 * 0.0006000000000000001 * -0.00573
2023-05-01 21:34:23.133 | INFO     | __main__:objective:357 - Starting epoch #9.
2023-05-01 21:34:33.968 | INFO     | utils.logging:log_training_results:280 - 
2023-05-01 21:34:33.969 | INFO     | utils.logging:log_training_results:281 - Global Step =   3750
2023-05-01 21:34:33.969 | INFO     | utils.logging:log_training_results:282 - val mean(MacRec)_t: 0.3333333432674408
2023-05-01 21:34:33.970 | INFO     | utils.logging:log_training_results:287 - val mean ABSerr: 3.4925715923309326
2023-05-01 21:34:33.970 | INFO     | utils.logging:log_training_results:290 - val ausat from confmx: 0.3330000042915344
2023-05-01 21:34:33.970 | INFO     | utils.logging:log_training_results:301 - val MCE loss:1.09861 * 0.4 * 0.33148
2023-05-01 21:34:33.970 | INFO     | utils.logging:log_training_results:309 - val LLLR :0.37500 * 0.0 * 0.00003
2023-05-01 21:34:33.971 | INFO     | utils.logging:log_training_results:317 - val weight decay:0.10994 * 0.0006000000000000001 * -0.00573
2023-05-01 21:34:34.678 | INFO     | utils.logging:save_sdre_imgs:710 - Figures saved.
2023-05-01 21:34:34.862 | INFO     | utils.logging:log_training_results:280 - 
2023-05-01 21:34:34.862 | INFO     | utils.logging:log_training_results:281 - Global Step =   3750
2023-05-01 21:34:34.863 | INFO     | utils.logging:log_training_results:282 - train mean(MacRec)_t: 0.3333333432674408
2023-05-01 21:34:34.863 | INFO     | utils.logging:log_training_results:287 - train mean ABSerr: 3.4672048091888428
2023-05-01 21:34:34.863 | INFO     | utils.logging:log_training_results:290 - train ausat from confmx: 0.3330000340938568
2023-05-01 21:34:34.864 | INFO     | utils.logging:log_training_results:301 - train MCE loss:1.09839 * 0.4 * 0.33148
2023-05-01 21:34:34.864 | INFO     | utils.logging:log_training_results:309 - train LLLR :0.37497 * 0.0 * -0.00003
2023-05-01 21:34:34.864 | INFO     | utils.logging:log_training_results:317 - train weight decay:0.10994 * 0.0006000000000000001 * -0.00573
2023-05-01 21:34:49.687 | INFO     | utils.logging:investigate_log:155 - num_warning=0/num_error=0 in the .log file.
2023-05-01 21:34:50.064 | INFO     | optuna.study.study:_log_completed_trial:1013 - Trial 2 finished with values: [0.6393700242042542, 3.4865341186523438, 0.6657632291316986] and parameters: {'LIST_IS_POSITIONAL_ENCODING': True, 'LIST_IS_TRAINABLE_ENCODING': False, 'LIST_MODEL_BACKBONE': 'LSTM', 'LIST_WEIGHT_DECAY': 0.0006000000000000001, 'LIST_LEARNING_RATE': 0.0007292583816102333, 'LIST_LLLR_VERSION': 'LLLR', 'LIST_ACTIVATION_FC': 'relu', 'LIST_PARAM_MULTIPLET_LOSS': 0.4, 'LIST_PARAM_LLR_LOSS': 0.0, 'LIST_IS_ADAPTIVE_LOSS': True, 'LIST_ORDER_SPRT': 4, 'LIST_OPTIMIZER': 'adam', 'LIST_IS_NORMALIZE': True, 'LIST_NUM_THRESH': 1000, 'LIST_SPARSITY': 'lograndom', 'LIST_ACTIVATION_OUTPUT': 'sigmoid', 'LIST_ACTIVATION_INPUT': 'tanh', 'LIST_WIDTH_LSTM': 73}. 
2023-05-01 21:34:50.301 | INFO     | utils.hyperparameter_tuning:suggest_parameters:560 - [33mStarting a tuning phase.[0m
2023-05-01 21:34:52.924 | INFO     | utils.hyperparameter_tuning:print:394 - 
+------------------------------------------+
|   Hyperparameteres suggested by Optuna   |
+------------------------+-----------------+
|     Parameter name     | Suggested value |
+------------------------+-----------------+
|     ACTIVATION_FC      |       gelu      |
|        DROPOUT         |       0.0       |
|         FF_DIM         |        64       |
|    IS_ADAPTIVE_LOSS    |       True      |
|      IS_NORMALIZE      |      False      |
| IS_POSITIONAL_ENCODING |      False      |
|     LEARNING_RATE      |    2.057e-05    |
|      LLLR_VERSION      |       LSEL      |
|       MLP_UNITS        |        32       |
|     MODEL_BACKBONE     |   Transformer   |
|       NUM_BLOCKS       |        2        |
|       NUM_HEADS        |        2        |
|       NUM_THRESH       |       1500      |
|       OPTIMIZER        |       adam      |
|       ORDER_SPRT       |        3        |
|     PARAM_LLR_LOSS     |       0.5       |
|  PARAM_MULTIPLET_LOSS  |       0.9       |
|        SPARSITY        |    unirandom    |
|      WEIGHT_DECAY      |      0.001      |
+------------------------+-----------------+
2023-05-01 21:34:52.925 | INFO     | utils.misc:create_directories_and_log:291 - [33mA new log directory was created: [0m/home/afe/Dropbox/GitHub/SPRT-TANDEM-PyTorch/logs/public_offset0_5_optimall_tuning/checkpoints/Transformer_20230501_213452925/configs
2023-05-01 21:34:52.926 | INFO     | utils.misc:create_directories_and_log:291 - [33mA new log directory was created: [0m/home/afe/Dropbox/GitHub/SPRT-TANDEM-PyTorch/logs/public_offset0_5_optimall_tuning/TensorBoard_events/Transformer_20230501_213452925
