2023-05-02 06:25:07.306 | INFO     | utils.misc:fix_random_seed:405 - Random seed is not fixed.
2023-05-02 06:25:07.315 | INFO     | models.temporal_integrators:summarize:568 - 
:'######::'########::'########::'########::::::::::::::::::::::
'##... ##: ##.... ##: ##.... ##:... ##..:::::::::::::::::::::::
 ##:::..:: ##:::: ##: ##:::: ##:::: ##:::::::::::::::::::::::::
. ######:: ########:: ########::::: ##::::'#######:::::::::::::
:..... ##: ##.....::: ##.. ##:::::: ##::::........:::::::::::::
'##::: ##: ##:::::::: ##::. ##::::: ##:::::::::::::::::::::::::
. ######:: ##:::::::: ##:::. ##:::: ##:::::::::::::::::::::::::
:......:::..:::::::::..:::::..:::::..::::::::::::::::::::::::::
'########::::'###::::'##::: ##:'########::'########:'##::::'##:
... ##..::::'## ##::: ###:: ##: ##.... ##: ##.....:: ###::'###:
::: ##:::::'##:. ##:: ####: ##: ##:::: ##: ##::::::: ####'####:
::: ##::::'##:::. ##: ## ## ##: ##:::: ##: ######::: ## ### ##:
::: ##:::: #########: ##. ####: ##:::: ##: ##...:::: ##. #: ##:
::: ##:::: ##.... ##: ##:. ###: ##:::: ##: ##::::::: ##:.:: ##:
::: ##:::: ##:::: ##: ##::. ##: ########:: ########: ##:::: ##:
:::..:::::..:::::..::..::::..::........:::........::..:::::..::

2023-05-02 06:25:07.316 | INFO     | models.temporal_integrators:summarize:571 - [34mofficial PyTorch implementation.[0m
2023-05-02 06:25:08.301 | INFO     | models.temporal_integrators:summarize:593 - Network summary:
==========================================================================================
Layer (type:depth-idx)                   Output Shape              Param #
==========================================================================================
B2BsqrtTANDEM                            [150, 50, 3, 3]           --
├─PositionalEncoding: 1-1                [7200, 3, 128]            --
│    └─Dropout: 2-1                      [3, 7200, 128]            --
├─LSTM: 1-2                              [7200, 3, 39]             26,208
│    └─Sigmoid: 2-2                      [7200, 39]                --
│    └─Sigmoid: 2-3                      [7200, 39]                --
│    └─Sigmoid: 2-4                      [7200, 39]                --
│    └─Sigmoid: 2-5                      [7200, 39]                --
│    └─Sigmoid: 2-6                      [7200, 39]                --
│    └─Sigmoid: 2-7                      [7200, 39]                --
│    └─Sigmoid: 2-8                      [7200, 39]                --
│    └─Sigmoid: 2-9                      [7200, 39]                --
│    └─Sigmoid: 2-10                     [7200, 39]                --
├─LayerNorm: 1-3                         [7200, 39]                78
├─GELU: 1-4                              [7200, 39]                --
├─Linear: 1-5                            [7200, 3]                 120
├─LayerNorm: 1-6                         [7200, 39]                (recursive)
├─GELU: 1-7                              [7200, 39]                --
├─Linear: 1-8                            [7200, 3]                 (recursive)
├─LayerNorm: 1-9                         [7200, 39]                (recursive)
├─GELU: 1-10                             [7200, 39]                --
├─Linear: 1-11                           [7200, 3]                 (recursive)
==========================================================================================
Total params: 26,406
Trainable params: 26,406
Non-trainable params: 0
Total mult-adds (M): 4.28
==========================================================================================
Input size (MB): 3.84
Forward/backward pass size (MB): 7.26
Params size (MB): 0.00
Estimated Total Size (MB): 11.10
==========================================================================================
2023-05-02 06:25:08.302 | INFO     | models.temporal_integrators:summarize:594 - Example input shape: torch.Size([150, 50, 128])
2023-05-02 06:25:08.302 | INFO     | models.temporal_integrators:summarize:595 - Example output shape: torch.Size([150, 50, 3, 3])
2023-05-02 06:25:08.304 | INFO     | models.temporal_integrators:import_model:58 - model moved onto: [33mcuda.[0m
2023-05-02 06:25:08.305 | INFO     | models.optimizers:initialize_optimizer:44 - Optimizer:
RMSprop (
Parameter Group 0
    alpha: 0.99
    centered: False
    differentiable: False
    eps: 1e-08
    foreach: None
    lr: 0.00023864685141334441
    maximize: False
    momentum: 0
    weight_decay: 0.0002
)
2023-05-02 06:25:08.305 | INFO     | datasets.data_processing:lmdb_dataloaders:293 - loading data... 
2023-05-02 06:25:08.305 | INFO     | datasets.data_processing:lmdb_dataloaders:295 - If this process takes long, consider setting is_load_onto_memory=False or use LMDBIterableDataset.
2023-05-02 06:25:10.556 | INFO     | __main__:objective:357 - Starting epoch #0.
2023-05-02 06:25:30.759 | INFO     | utils.logging:log_training_results:280 - 
2023-05-02 06:25:30.759 | INFO     | utils.logging:log_training_results:281 - Global Step =      0
2023-05-02 06:25:30.760 | INFO     | utils.logging:log_training_results:282 - val mean(MacRec)_t: 0.33349668979644775
2023-05-02 06:25:30.760 | INFO     | utils.logging:log_training_results:287 - val mean ABSerr: 3.6382362842559814
2023-05-02 06:25:30.760 | INFO     | utils.logging:log_training_results:290 - val ausat from confmx: 0.330578476190567
2023-05-02 06:25:30.761 | INFO     | utils.logging:log_training_results:326 - val MCE loss:1.19103 * 0.9
2023-05-02 06:25:30.761 | INFO     | utils.logging:log_training_results:333 - val LLLR :0.37415 * 0.7000000000000001
2023-05-02 06:25:30.761 | INFO     | utils.logging:log_training_results:340 - val weight decay:435.74106 * 0.0002
2023-05-02 06:25:31.492 | INFO     | utils.logging:save_sdre_imgs:710 - Figures saved.
2023-05-02 06:25:32.216 | INFO     | utils.logging:log_training_results:280 - 
2023-05-02 06:25:32.217 | INFO     | utils.logging:log_training_results:281 - Global Step =      0
2023-05-02 06:25:32.217 | INFO     | utils.logging:log_training_results:282 - train mean(MacRec)_t: 0.29940319061279297
2023-05-02 06:25:32.217 | INFO     | utils.logging:log_training_results:287 - train mean ABSerr: 3.950871229171753
2023-05-02 06:25:32.219 | INFO     | utils.logging:log_training_results:290 - train ausat from confmx: 0.3042977750301361
2023-05-02 06:25:32.220 | INFO     | utils.logging:log_training_results:326 - train MCE loss:1.18070 * 0.9
2023-05-02 06:25:32.220 | INFO     | utils.logging:log_training_results:333 - train LLLR :0.38871 * 0.7000000000000001
2023-05-02 06:25:32.220 | INFO     | utils.logging:log_training_results:340 - train weight decay:435.74106 * 0.0002
2023-05-02 06:27:58.476 | INFO     | utils.logging:log_training_results:280 - 
2023-05-02 06:27:58.477 | INFO     | utils.logging:log_training_results:281 - Global Step =    250
2023-05-02 06:27:58.477 | INFO     | utils.logging:log_training_results:282 - val mean(MacRec)_t: 0.7936466932296753
2023-05-02 06:27:58.477 | INFO     | utils.logging:log_training_results:287 - val mean ABSerr: 2.2729432582855225
2023-05-02 06:27:58.478 | INFO     | utils.logging:log_training_results:290 - val ausat from confmx: 0.9236595034599304
2023-05-02 06:27:58.478 | INFO     | utils.logging:log_training_results:326 - val MCE loss:1.00590 * 0.9
2023-05-02 06:27:58.478 | INFO     | utils.logging:log_training_results:333 - val LLLR :0.27701 * 0.7000000000000001
2023-05-02 06:27:58.478 | INFO     | utils.logging:log_training_results:340 - val weight decay:296.71616 * 0.0002
2023-05-02 06:27:58.716 | INFO     | utils.checkpoint:update_and_save_result:168 - [36mBest value updated![0m
2023-05-02 06:27:58.723 | INFO     | utils.checkpoint:save_checkpoint:83 - [36mSaved checkpoint[0m at step 250.
2023-05-02 06:27:59.210 | INFO     | utils.logging:save_sdre_imgs:710 - Figures saved.
2023-05-02 06:27:59.914 | INFO     | utils.logging:log_training_results:280 - 
2023-05-02 06:27:59.914 | INFO     | utils.logging:log_training_results:281 - Global Step =    250
2023-05-02 06:27:59.915 | INFO     | utils.logging:log_training_results:282 - train mean(MacRec)_t: 0.743337869644165
2023-05-02 06:27:59.915 | INFO     | utils.logging:log_training_results:287 - train mean ABSerr: 2.517495632171631
2023-05-02 06:27:59.915 | INFO     | utils.logging:log_training_results:290 - train ausat from confmx: 0.8600879907608032
2023-05-02 06:27:59.915 | INFO     | utils.logging:log_training_results:326 - train MCE loss:1.01235 * 0.9
2023-05-02 06:27:59.916 | INFO     | utils.logging:log_training_results:333 - train LLLR :0.28497 * 0.7000000000000001
2023-05-02 06:27:59.916 | INFO     | utils.logging:log_training_results:340 - train weight decay:296.71616 * 0.0002
2023-05-02 06:29:16.453 | INFO     | __main__:objective:357 - Starting epoch #1.
2023-05-02 06:30:29.607 | INFO     | utils.logging:log_training_results:280 - 
2023-05-02 06:30:29.608 | INFO     | utils.logging:log_training_results:281 - Global Step =    500
2023-05-02 06:30:29.608 | INFO     | utils.logging:log_training_results:282 - val mean(MacRec)_t: 0.8495400547981262
2023-05-02 06:30:29.608 | INFO     | utils.logging:log_training_results:287 - val mean ABSerr: 1.3914053440093994
2023-05-02 06:30:29.608 | INFO     | utils.logging:log_training_results:290 - val ausat from confmx: 0.9676487445831299
2023-05-02 06:30:29.609 | INFO     | utils.logging:log_training_results:326 - val MCE loss:0.97536 * 0.9
2023-05-02 06:30:29.609 | INFO     | utils.logging:log_training_results:333 - val LLLR :0.25507 * 0.7000000000000001
2023-05-02 06:30:29.609 | INFO     | utils.logging:log_training_results:340 - val weight decay:241.27266 * 0.0002
2023-05-02 06:30:29.846 | INFO     | utils.checkpoint:update_and_save_result:168 - [36mBest value updated![0m
2023-05-02 06:30:29.853 | INFO     | utils.checkpoint:save_checkpoint:83 - [36mSaved checkpoint[0m at step 500.
2023-05-02 06:30:29.856 | INFO     | utils.checkpoint:keep_max_num_saved_models:101 - Removed the oldest model for max_to_keep=1
2023-05-02 06:30:30.634 | INFO     | utils.logging:save_sdre_imgs:710 - Figures saved.
2023-05-02 06:30:31.336 | INFO     | utils.logging:log_training_results:280 - 
2023-05-02 06:30:31.337 | INFO     | utils.logging:log_training_results:281 - Global Step =    500
2023-05-02 06:30:31.338 | INFO     | utils.logging:log_training_results:282 - train mean(MacRec)_t: 0.8116989135742188
2023-05-02 06:30:31.338 | INFO     | utils.logging:log_training_results:287 - train mean ABSerr: 1.6575343608856201
2023-05-02 06:30:31.338 | INFO     | utils.logging:log_training_results:290 - train ausat from confmx: 0.9413577318191528
2023-05-02 06:30:31.339 | INFO     | utils.logging:log_training_results:326 - train MCE loss:0.99306 * 0.9
2023-05-02 06:30:31.339 | INFO     | utils.logging:log_training_results:333 - train LLLR :0.26276 * 0.7000000000000001
2023-05-02 06:30:31.339 | INFO     | utils.logging:log_training_results:340 - train weight decay:241.27264 * 0.0002
2023-05-02 06:33:06.205 | INFO     | utils.logging:log_training_results:280 - 
2023-05-02 06:33:06.206 | INFO     | utils.logging:log_training_results:281 - Global Step =    750
2023-05-02 06:33:06.206 | INFO     | utils.logging:log_training_results:282 - val mean(MacRec)_t: 0.8602499961853027
2023-05-02 06:33:06.207 | INFO     | utils.logging:log_training_results:287 - val mean ABSerr: 0.8789837956428528
2023-05-02 06:33:06.207 | INFO     | utils.logging:log_training_results:290 - val ausat from confmx: 0.9731369614601135
2023-05-02 06:33:06.207 | INFO     | utils.logging:log_training_results:326 - val MCE loss:0.96442 * 0.9
2023-05-02 06:33:06.208 | INFO     | utils.logging:log_training_results:333 - val LLLR :0.24907 * 0.7000000000000001
2023-05-02 06:33:06.208 | INFO     | utils.logging:log_training_results:340 - val weight decay:202.99736 * 0.0002
2023-05-02 06:33:06.446 | INFO     | utils.checkpoint:update_and_save_result:168 - [36mBest value updated![0m
2023-05-02 06:33:06.454 | INFO     | utils.checkpoint:save_checkpoint:83 - [36mSaved checkpoint[0m at step 750.
2023-05-02 06:33:06.456 | INFO     | utils.checkpoint:keep_max_num_saved_models:101 - Removed the oldest model for max_to_keep=1
2023-05-02 06:33:06.952 | INFO     | utils.logging:save_sdre_imgs:710 - Figures saved.
2023-05-02 06:33:07.643 | INFO     | utils.logging:log_training_results:280 - 
2023-05-02 06:33:07.643 | INFO     | utils.logging:log_training_results:281 - Global Step =    750
2023-05-02 06:33:07.643 | INFO     | utils.logging:log_training_results:282 - train mean(MacRec)_t: 0.851150393486023
2023-05-02 06:33:07.644 | INFO     | utils.logging:log_training_results:287 - train mean ABSerr: 1.257589340209961
2023-05-02 06:33:07.644 | INFO     | utils.logging:log_training_results:290 - train ausat from confmx: 0.9840616583824158
2023-05-02 06:33:07.644 | INFO     | utils.logging:log_training_results:326 - train MCE loss:0.97693 * 0.9
2023-05-02 06:33:07.644 | INFO     | utils.logging:log_training_results:333 - train LLLR :0.25114 * 0.7000000000000001
2023-05-02 06:33:07.645 | INFO     | utils.logging:log_training_results:340 - train weight decay:202.99734 * 0.0002
2023-05-02 06:33:33.550 | INFO     | __main__:objective:357 - Starting epoch #2.
2023-05-02 06:35:44.565 | INFO     | utils.logging:log_training_results:280 - 
2023-05-02 06:35:44.565 | INFO     | utils.logging:log_training_results:281 - Global Step =   1000
2023-05-02 06:35:44.566 | INFO     | utils.logging:log_training_results:282 - val mean(MacRec)_t: 0.8606100082397461
2023-05-02 06:35:44.566 | INFO     | utils.logging:log_training_results:287 - val mean ABSerr: 0.8043517470359802
2023-05-02 06:35:44.566 | INFO     | utils.logging:log_training_results:290 - val ausat from confmx: 0.9718282222747803
2023-05-02 06:35:44.566 | INFO     | utils.logging:log_training_results:326 - val MCE loss:0.96216 * 0.9
2023-05-02 06:35:44.567 | INFO     | utils.logging:log_training_results:333 - val LLLR :0.24751 * 0.7000000000000001
2023-05-02 06:35:44.567 | INFO     | utils.logging:log_training_results:340 - val weight decay:175.78484 * 0.0002
2023-05-02 06:35:44.804 | INFO     | utils.checkpoint:update_and_save_result:168 - [36mBest value updated![0m
2023-05-02 06:35:44.811 | INFO     | utils.checkpoint:save_checkpoint:83 - [36mSaved checkpoint[0m at step 1000.
2023-05-02 06:35:44.813 | INFO     | utils.checkpoint:keep_max_num_saved_models:101 - Removed the oldest model for max_to_keep=1
2023-05-02 06:35:45.330 | INFO     | utils.logging:save_sdre_imgs:710 - Figures saved.
2023-05-02 06:35:46.047 | INFO     | utils.logging:log_training_results:280 - 
2023-05-02 06:35:46.047 | INFO     | utils.logging:log_training_results:281 - Global Step =   1000
2023-05-02 06:35:46.048 | INFO     | utils.logging:log_training_results:282 - train mean(MacRec)_t: 0.8174594640731812
2023-05-02 06:35:46.048 | INFO     | utils.logging:log_training_results:287 - train mean ABSerr: 1.1613212823867798
2023-05-02 06:35:46.048 | INFO     | utils.logging:log_training_results:290 - train ausat from confmx: 0.9279482364654541
2023-05-02 06:35:46.049 | INFO     | utils.logging:log_training_results:326 - train MCE loss:0.98042 * 0.9
2023-05-02 06:35:46.049 | INFO     | utils.logging:log_training_results:333 - train LLLR :0.25540 * 0.7000000000000001
2023-05-02 06:35:46.049 | INFO     | utils.logging:log_training_results:340 - train weight decay:175.78484 * 0.0002
2023-05-02 06:37:31.699 | INFO     | __main__:objective:357 - Starting epoch #3.
2023-05-02 06:38:19.316 | INFO     | utils.logging:log_training_results:280 - 
2023-05-02 06:38:19.317 | INFO     | utils.logging:log_training_results:281 - Global Step =   1250
2023-05-02 06:38:19.317 | INFO     | utils.logging:log_training_results:282 - val mean(MacRec)_t: 0.8671600222587585
2023-05-02 06:38:19.318 | INFO     | utils.logging:log_training_results:287 - val mean ABSerr: 0.5989193320274353
2023-05-02 06:38:19.318 | INFO     | utils.logging:log_training_results:290 - val ausat from confmx: 0.9799392819404602
2023-05-02 06:38:19.318 | INFO     | utils.logging:log_training_results:326 - val MCE loss:0.95795 * 0.9
2023-05-02 06:38:19.319 | INFO     | utils.logging:log_training_results:333 - val LLLR :0.24547 * 0.7000000000000001
2023-05-02 06:38:19.319 | INFO     | utils.logging:log_training_results:340 - val weight decay:156.78178 * 0.0002
2023-05-02 06:38:19.551 | INFO     | utils.checkpoint:update_and_save_result:168 - [36mBest value updated![0m
2023-05-02 06:38:19.558 | INFO     | utils.checkpoint:save_checkpoint:83 - [36mSaved checkpoint[0m at step 1250.
2023-05-02 06:38:19.560 | INFO     | utils.checkpoint:keep_max_num_saved_models:101 - Removed the oldest model for max_to_keep=1
2023-05-02 06:38:20.074 | INFO     | utils.logging:save_sdre_imgs:710 - Figures saved.
2023-05-02 06:38:20.790 | INFO     | utils.logging:log_training_results:280 - 
2023-05-02 06:38:20.791 | INFO     | utils.logging:log_training_results:281 - Global Step =   1250
2023-05-02 06:38:20.791 | INFO     | utils.logging:log_training_results:282 - train mean(MacRec)_t: 0.8447748422622681
2023-05-02 06:38:20.792 | INFO     | utils.logging:log_training_results:287 - train mean ABSerr: 0.9863237142562866
2023-05-02 06:38:20.792 | INFO     | utils.logging:log_training_results:290 - train ausat from confmx: 0.9753787517547607
2023-05-02 06:38:20.792 | INFO     | utils.logging:log_training_results:326 - train MCE loss:0.97912 * 0.9
2023-05-02 06:38:20.792 | INFO     | utils.logging:log_training_results:333 - train LLLR :0.25189 * 0.7000000000000001
2023-05-02 06:38:20.793 | INFO     | utils.logging:log_training_results:340 - train weight decay:156.78178 * 0.0002
2023-05-02 06:40:51.924 | INFO     | utils.logging:log_training_results:280 - 
2023-05-02 06:40:51.924 | INFO     | utils.logging:log_training_results:281 - Global Step =   1500
2023-05-02 06:40:51.925 | INFO     | utils.logging:log_training_results:282 - val mean(MacRec)_t: 0.8584499955177307
2023-05-02 06:40:51.925 | INFO     | utils.logging:log_training_results:287 - val mean ABSerr: 0.9307220578193665
2023-05-02 06:40:51.925 | INFO     | utils.logging:log_training_results:290 - val ausat from confmx: 0.969916582107544
2023-05-02 06:40:51.926 | INFO     | utils.logging:log_training_results:326 - val MCE loss:0.95860 * 0.9
2023-05-02 06:40:51.926 | INFO     | utils.logging:log_training_results:333 - val LLLR :0.24690 * 0.7000000000000001
2023-05-02 06:40:51.926 | INFO     | utils.logging:log_training_results:340 - val weight decay:142.34505 * 0.0002
2023-05-02 06:40:52.647 | INFO     | utils.logging:save_sdre_imgs:710 - Figures saved.
2023-05-02 06:40:53.343 | INFO     | utils.logging:log_training_results:280 - 
2023-05-02 06:40:53.344 | INFO     | utils.logging:log_training_results:281 - Global Step =   1500
2023-05-02 06:40:53.344 | INFO     | utils.logging:log_training_results:282 - train mean(MacRec)_t: 0.8355305194854736
2023-05-02 06:40:53.344 | INFO     | utils.logging:log_training_results:287 - train mean ABSerr: 1.152907371520996
2023-05-02 06:40:53.345 | INFO     | utils.logging:log_training_results:290 - train ausat from confmx: 0.924324631690979
2023-05-02 06:40:53.345 | INFO     | utils.logging:log_training_results:326 - train MCE loss:0.98441 * 0.9
2023-05-02 06:40:53.345 | INFO     | utils.logging:log_training_results:333 - train LLLR :0.25646 * 0.7000000000000001
2023-05-02 06:40:53.345 | INFO     | utils.logging:log_training_results:340 - train weight decay:142.34505 * 0.0002
2023-05-02 06:41:45.718 | INFO     | __main__:objective:357 - Starting epoch #4.
2023-05-02 06:43:25.833 | INFO     | utils.logging:log_training_results:280 - 
2023-05-02 06:43:25.834 | INFO     | utils.logging:log_training_results:281 - Global Step =   1750
2023-05-02 06:43:25.834 | INFO     | utils.logging:log_training_results:282 - val mean(MacRec)_t: 0.8641166687011719
2023-05-02 06:43:25.835 | INFO     | utils.logging:log_training_results:287 - val mean ABSerr: 0.7202440500259399
2023-05-02 06:43:25.835 | INFO     | utils.logging:log_training_results:290 - val ausat from confmx: 0.9759403467178345
2023-05-02 06:43:25.835 | INFO     | utils.logging:log_training_results:326 - val MCE loss:0.95649 * 0.9
2023-05-02 06:43:25.835 | INFO     | utils.logging:log_training_results:333 - val LLLR :0.24564 * 0.7000000000000001
2023-05-02 06:43:25.836 | INFO     | utils.logging:log_training_results:340 - val weight decay:130.87219 * 0.0002
2023-05-02 06:43:26.589 | INFO     | utils.logging:save_sdre_imgs:710 - Figures saved.
2023-05-02 06:43:27.309 | INFO     | utils.logging:log_training_results:280 - 
2023-05-02 06:43:27.310 | INFO     | utils.logging:log_training_results:281 - Global Step =   1750
2023-05-02 06:43:27.310 | INFO     | utils.logging:log_training_results:282 - train mean(MacRec)_t: 0.851172149181366
2023-05-02 06:43:27.310 | INFO     | utils.logging:log_training_results:287 - train mean ABSerr: 0.9806020855903625
2023-05-02 06:43:27.311 | INFO     | utils.logging:log_training_results:290 - train ausat from confmx: 0.9830502271652222
2023-05-02 06:43:27.311 | INFO     | utils.logging:log_training_results:326 - train MCE loss:0.97241 * 0.9
2023-05-02 06:43:27.311 | INFO     | utils.logging:log_training_results:333 - train LLLR :0.24906 * 0.7000000000000001
2023-05-02 06:43:27.311 | INFO     | utils.logging:log_training_results:340 - train weight decay:130.87219 * 0.0002
2023-05-02 06:45:42.381 | INFO     | __main__:objective:357 - Starting epoch #5.
2023-05-02 06:46:03.486 | INFO     | utils.logging:log_training_results:280 - 
2023-05-02 06:46:03.487 | INFO     | utils.logging:log_training_results:281 - Global Step =   2000
2023-05-02 06:46:03.488 | INFO     | utils.logging:log_training_results:282 - val mean(MacRec)_t: 0.8675000071525574
2023-05-02 06:46:03.488 | INFO     | utils.logging:log_training_results:287 - val mean ABSerr: 0.6369692087173462
2023-05-02 06:46:03.488 | INFO     | utils.logging:log_training_results:290 - val ausat from confmx: 0.9773464798927307
2023-05-02 06:46:03.489 | INFO     | utils.logging:log_training_results:326 - val MCE loss:0.95558 * 0.9
2023-05-02 06:46:03.489 | INFO     | utils.logging:log_training_results:333 - val LLLR :0.24481 * 0.7000000000000001
2023-05-02 06:46:03.489 | INFO     | utils.logging:log_training_results:340 - val weight decay:121.40098 * 0.0002
2023-05-02 06:46:03.726 | INFO     | utils.checkpoint:update_and_save_result:168 - [36mBest value updated![0m
2023-05-02 06:46:03.733 | INFO     | utils.checkpoint:save_checkpoint:83 - [36mSaved checkpoint[0m at step 2000.
2023-05-02 06:46:03.735 | INFO     | utils.checkpoint:keep_max_num_saved_models:101 - Removed the oldest model for max_to_keep=1
2023-05-02 06:46:04.250 | INFO     | utils.logging:save_sdre_imgs:710 - Figures saved.
2023-05-02 06:46:04.964 | INFO     | utils.logging:log_training_results:280 - 
2023-05-02 06:46:04.965 | INFO     | utils.logging:log_training_results:281 - Global Step =   2000
2023-05-02 06:46:04.965 | INFO     | utils.logging:log_training_results:282 - train mean(MacRec)_t: 0.8726869225502014
2023-05-02 06:46:04.965 | INFO     | utils.logging:log_training_results:287 - train mean ABSerr: 0.9454382061958313
2023-05-02 06:46:04.965 | INFO     | utils.logging:log_training_results:290 - train ausat from confmx: 0.9843116998672485
2023-05-02 06:46:04.966 | INFO     | utils.logging:log_training_results:326 - train MCE loss:0.97087 * 0.9
2023-05-02 06:46:04.966 | INFO     | utils.logging:log_training_results:333 - train LLLR :0.24393 * 0.7000000000000001
2023-05-02 06:46:04.966 | INFO     | utils.logging:log_training_results:340 - train weight decay:121.40099 * 0.0002
2023-05-02 06:48:36.442 | INFO     | utils.logging:log_training_results:280 - 
2023-05-02 06:48:36.443 | INFO     | utils.logging:log_training_results:281 - Global Step =   2250
2023-05-02 06:48:36.443 | INFO     | utils.logging:log_training_results:282 - val mean(MacRec)_t: 0.868066668510437
2023-05-02 06:48:36.443 | INFO     | utils.logging:log_training_results:287 - val mean ABSerr: 0.6291035413742065
2023-05-02 06:48:36.444 | INFO     | utils.logging:log_training_results:290 - val ausat from confmx: 0.9767252206802368
2023-05-02 06:48:36.444 | INFO     | utils.logging:log_training_results:326 - val MCE loss:0.95535 * 0.9
2023-05-02 06:48:36.444 | INFO     | utils.logging:log_training_results:333 - val LLLR :0.24466 * 0.7000000000000001
2023-05-02 06:48:36.444 | INFO     | utils.logging:log_training_results:340 - val weight decay:113.85970 * 0.0002
2023-05-02 06:48:36.676 | INFO     | utils.checkpoint:update_and_save_result:168 - [36mBest value updated![0m
2023-05-02 06:48:36.683 | INFO     | utils.checkpoint:save_checkpoint:83 - [36mSaved checkpoint[0m at step 2250.
2023-05-02 06:48:36.684 | INFO     | utils.checkpoint:keep_max_num_saved_models:101 - Removed the oldest model for max_to_keep=1
2023-05-02 06:48:37.457 | INFO     | utils.logging:save_sdre_imgs:710 - Figures saved.
2023-05-02 06:48:38.169 | INFO     | utils.logging:log_training_results:280 - 
2023-05-02 06:48:38.170 | INFO     | utils.logging:log_training_results:281 - Global Step =   2250
2023-05-02 06:48:38.170 | INFO     | utils.logging:log_training_results:282 - train mean(MacRec)_t: 0.8536304831504822
2023-05-02 06:48:38.170 | INFO     | utils.logging:log_training_results:287 - train mean ABSerr: 0.9702362418174744
2023-05-02 06:48:38.170 | INFO     | utils.logging:log_training_results:290 - train ausat from confmx: 0.9647046327590942
2023-05-02 06:48:38.171 | INFO     | utils.logging:log_training_results:326 - train MCE loss:0.97264 * 0.9
2023-05-02 06:48:38.171 | INFO     | utils.logging:log_training_results:333 - train LLLR :0.24811 * 0.7000000000000001
2023-05-02 06:48:38.171 | INFO     | utils.logging:log_training_results:340 - train weight decay:113.85970 * 0.0002
2023-05-02 06:49:57.578 | INFO     | __main__:objective:357 - Starting epoch #6.
2023-05-02 06:51:13.741 | INFO     | utils.logging:log_training_results:280 - 
2023-05-02 06:51:13.742 | INFO     | utils.logging:log_training_results:281 - Global Step =   2500
2023-05-02 06:51:13.743 | INFO     | utils.logging:log_training_results:282 - val mean(MacRec)_t: 0.86982661485672
2023-05-02 06:51:13.743 | INFO     | utils.logging:log_training_results:287 - val mean ABSerr: 0.5702095627784729
2023-05-02 06:51:13.743 | INFO     | utils.logging:log_training_results:290 - val ausat from confmx: 0.9797660112380981
2023-05-02 06:51:13.743 | INFO     | utils.logging:log_training_results:326 - val MCE loss:0.95497 * 0.9
2023-05-02 06:51:13.744 | INFO     | utils.logging:log_training_results:333 - val LLLR :0.24413 * 0.7000000000000001
2023-05-02 06:51:13.744 | INFO     | utils.logging:log_training_results:340 - val weight decay:107.17735 * 0.0002
2023-05-02 06:51:13.991 | INFO     | utils.checkpoint:update_and_save_result:168 - [36mBest value updated![0m
2023-05-02 06:51:13.999 | INFO     | utils.checkpoint:save_checkpoint:83 - [36mSaved checkpoint[0m at step 2500.
2023-05-02 06:51:14.002 | INFO     | utils.checkpoint:keep_max_num_saved_models:101 - Removed the oldest model for max_to_keep=1
2023-05-02 06:51:14.627 | INFO     | utils.logging:save_sdre_imgs:710 - Figures saved.
2023-05-02 06:51:15.365 | INFO     | utils.logging:log_training_results:280 - 
2023-05-02 06:51:15.365 | INFO     | utils.logging:log_training_results:281 - Global Step =   2500
2023-05-02 06:51:15.366 | INFO     | utils.logging:log_training_results:282 - train mean(MacRec)_t: 0.8487424254417419
2023-05-02 06:51:15.366 | INFO     | utils.logging:log_training_results:287 - train mean ABSerr: 0.848002552986145
2023-05-02 06:51:15.366 | INFO     | utils.logging:log_training_results:290 - train ausat from confmx: 0.9782312512397766
2023-05-02 06:51:15.366 | INFO     | utils.logging:log_training_results:326 - train MCE loss:0.97801 * 0.9
2023-05-02 06:51:15.367 | INFO     | utils.logging:log_training_results:333 - train LLLR :0.24821 * 0.7000000000000001
2023-05-02 06:51:15.367 | INFO     | utils.logging:log_training_results:340 - train weight decay:107.17734 * 0.0002
2023-05-02 06:53:52.866 | INFO     | utils.logging:log_training_results:280 - 
2023-05-02 06:53:52.866 | INFO     | utils.logging:log_training_results:281 - Global Step =   2750
2023-05-02 06:53:52.867 | INFO     | utils.logging:log_training_results:282 - val mean(MacRec)_t: 0.8363366723060608
2023-05-02 06:53:52.867 | INFO     | utils.logging:log_training_results:287 - val mean ABSerr: 1.4091262817382812
2023-05-02 06:53:52.867 | INFO     | utils.logging:log_training_results:290 - val ausat from confmx: 0.9425572752952576
2023-05-02 06:53:52.868 | INFO     | utils.logging:log_training_results:326 - val MCE loss:0.95736 * 0.9
2023-05-02 06:53:52.868 | INFO     | utils.logging:log_training_results:333 - val LLLR :0.25074 * 0.7000000000000001
2023-05-02 06:53:52.868 | INFO     | utils.logging:log_training_results:340 - val weight decay:101.34545 * 0.0002
2023-05-02 06:53:53.616 | INFO     | utils.logging:save_sdre_imgs:710 - Figures saved.
2023-05-02 06:53:54.338 | INFO     | utils.logging:log_training_results:280 - 
2023-05-02 06:53:54.338 | INFO     | utils.logging:log_training_results:281 - Global Step =   2750
2023-05-02 06:53:54.339 | INFO     | utils.logging:log_training_results:282 - train mean(MacRec)_t: 0.8216119408607483
2023-05-02 06:53:54.339 | INFO     | utils.logging:log_training_results:287 - train mean ABSerr: 1.4372766017913818
2023-05-02 06:53:54.339 | INFO     | utils.logging:log_training_results:290 - train ausat from confmx: 0.978376030921936
2023-05-02 06:53:54.339 | INFO     | utils.logging:log_training_results:326 - train MCE loss:0.97641 * 0.9
2023-05-02 06:53:54.340 | INFO     | utils.logging:log_training_results:333 - train LLLR :0.25485 * 0.7000000000000001
2023-05-02 06:53:54.340 | INFO     | utils.logging:log_training_results:340 - train weight decay:101.34545 * 0.0002
2023-05-02 06:54:20.500 | INFO     | __main__:objective:357 - Starting epoch #7.
2023-05-02 06:56:30.352 | INFO     | utils.logging:log_training_results:280 - 
2023-05-02 06:56:30.353 | INFO     | utils.logging:log_training_results:281 - Global Step =   3000
2023-05-02 06:56:30.354 | INFO     | utils.logging:log_training_results:282 - val mean(MacRec)_t: 0.8710700273513794
2023-05-02 06:56:30.354 | INFO     | utils.logging:log_training_results:287 - val mean ABSerr: 0.5406309962272644
2023-05-02 06:56:30.354 | INFO     | utils.logging:log_training_results:290 - val ausat from confmx: 0.9808698892593384
2023-05-02 06:56:30.354 | INFO     | utils.logging:log_training_results:326 - val MCE loss:0.95494 * 0.9
2023-05-02 06:56:30.355 | INFO     | utils.logging:log_training_results:333 - val LLLR :0.24390 * 0.7000000000000001
2023-05-02 06:56:30.355 | INFO     | utils.logging:log_training_results:340 - val weight decay:96.29315 * 0.0002
2023-05-02 06:56:30.652 | INFO     | utils.checkpoint:update_and_save_result:168 - [36mBest value updated![0m
2023-05-02 06:56:30.660 | INFO     | utils.checkpoint:save_checkpoint:83 - [36mSaved checkpoint[0m at step 3000.
2023-05-02 06:56:30.663 | INFO     | utils.checkpoint:keep_max_num_saved_models:101 - Removed the oldest model for max_to_keep=1
2023-05-02 06:56:31.314 | INFO     | utils.logging:save_sdre_imgs:710 - Figures saved.
2023-05-02 06:56:32.076 | INFO     | utils.logging:log_training_results:280 - 
2023-05-02 06:56:32.077 | INFO     | utils.logging:log_training_results:281 - Global Step =   3000
2023-05-02 06:56:32.077 | INFO     | utils.logging:log_training_results:282 - train mean(MacRec)_t: 0.8588575720787048
2023-05-02 06:56:32.077 | INFO     | utils.logging:log_training_results:287 - train mean ABSerr: 0.829542875289917
2023-05-02 06:56:32.078 | INFO     | utils.logging:log_training_results:290 - train ausat from confmx: 0.9893521070480347
2023-05-02 06:56:32.078 | INFO     | utils.logging:log_training_results:326 - train MCE loss:0.96883 * 0.9
2023-05-02 06:56:32.078 | INFO     | utils.logging:log_training_results:333 - train LLLR :0.24637 * 0.7000000000000001
2023-05-02 06:56:32.078 | INFO     | utils.logging:log_training_results:340 - train weight decay:96.29315 * 0.0002
2023-05-02 06:58:20.290 | INFO     | __main__:objective:357 - Starting epoch #8.
2023-05-02 06:59:07.963 | INFO     | utils.logging:log_training_results:280 - 
2023-05-02 06:59:07.964 | INFO     | utils.logging:log_training_results:281 - Global Step =   3250
2023-05-02 06:59:07.964 | INFO     | utils.logging:log_training_results:282 - val mean(MacRec)_t: 0.8654600381851196
2023-05-02 06:59:07.964 | INFO     | utils.logging:log_training_results:287 - val mean ABSerr: 0.7469280958175659
2023-05-02 06:59:07.964 | INFO     | utils.logging:log_training_results:290 - val ausat from confmx: 0.9767004251480103
2023-05-02 06:59:07.965 | INFO     | utils.logging:log_training_results:326 - val MCE loss:0.95658 * 0.9
2023-05-02 06:59:07.965 | INFO     | utils.logging:log_training_results:333 - val LLLR :0.24465 * 0.7000000000000001
2023-05-02 06:59:07.965 | INFO     | utils.logging:log_training_results:340 - val weight decay:91.63884 * 0.0002
2023-05-02 06:59:08.719 | INFO     | utils.logging:save_sdre_imgs:710 - Figures saved.
2023-05-02 06:59:09.442 | INFO     | utils.logging:log_training_results:280 - 
2023-05-02 06:59:09.443 | INFO     | utils.logging:log_training_results:281 - Global Step =   3250
2023-05-02 06:59:09.443 | INFO     | utils.logging:log_training_results:282 - train mean(MacRec)_t: 0.851416289806366
2023-05-02 06:59:09.443 | INFO     | utils.logging:log_training_results:287 - train mean ABSerr: 1.0159245729446411
2023-05-02 06:59:09.444 | INFO     | utils.logging:log_training_results:290 - train ausat from confmx: 0.9502055644989014
2023-05-02 06:59:09.444 | INFO     | utils.logging:log_training_results:326 - train MCE loss:0.97636 * 0.9
2023-05-02 06:59:09.444 | INFO     | utils.logging:log_training_results:333 - train LLLR :0.24884 * 0.7000000000000001
2023-05-02 06:59:09.444 | INFO     | utils.logging:log_training_results:340 - train weight decay:91.63884 * 0.0002
2023-05-02 07:01:41.133 | INFO     | utils.logging:log_training_results:280 - 
2023-05-02 07:01:41.134 | INFO     | utils.logging:log_training_results:281 - Global Step =   3500
2023-05-02 07:01:41.134 | INFO     | utils.logging:log_training_results:282 - val mean(MacRec)_t: 0.8717833757400513
2023-05-02 07:01:41.135 | INFO     | utils.logging:log_training_results:287 - val mean ABSerr: 0.5167214870452881
2023-05-02 07:01:41.135 | INFO     | utils.logging:log_training_results:290 - val ausat from confmx: 0.9813282489776611
2023-05-02 07:01:41.135 | INFO     | utils.logging:log_training_results:326 - val MCE loss:0.95469 * 0.9
2023-05-02 07:01:41.135 | INFO     | utils.logging:log_training_results:333 - val LLLR :0.24373 * 0.7000000000000001
2023-05-02 07:01:41.136 | INFO     | utils.logging:log_training_results:340 - val weight decay:87.41445 * 0.0002
2023-05-02 07:01:41.368 | INFO     | utils.checkpoint:update_and_save_result:168 - [36mBest value updated![0m
2023-05-02 07:01:41.375 | INFO     | utils.checkpoint:save_checkpoint:83 - [36mSaved checkpoint[0m at step 3500.
2023-05-02 07:01:41.377 | INFO     | utils.checkpoint:keep_max_num_saved_models:101 - Removed the oldest model for max_to_keep=1
2023-05-02 07:01:41.875 | INFO     | utils.logging:save_sdre_imgs:710 - Figures saved.
2023-05-02 07:01:42.591 | INFO     | utils.logging:log_training_results:280 - 
2023-05-02 07:01:42.592 | INFO     | utils.logging:log_training_results:281 - Global Step =   3500
2023-05-02 07:01:42.593 | INFO     | utils.logging:log_training_results:282 - train mean(MacRec)_t: 0.8661524057388306
2023-05-02 07:01:42.593 | INFO     | utils.logging:log_training_results:287 - train mean ABSerr: 0.8647724986076355
2023-05-02 07:01:42.593 | INFO     | utils.logging:log_training_results:290 - train ausat from confmx: 0.9758516550064087
2023-05-02 07:01:42.593 | INFO     | utils.logging:log_training_results:326 - train MCE loss:0.98098 * 0.9
2023-05-02 07:01:42.594 | INFO     | utils.logging:log_training_results:333 - train LLLR :0.24556 * 0.7000000000000001
2023-05-02 07:01:42.594 | INFO     | utils.logging:log_training_results:340 - train weight decay:87.41444 * 0.0002
2023-05-02 07:02:35.336 | INFO     | __main__:objective:357 - Starting epoch #9.
2023-05-02 07:04:15.308 | INFO     | utils.logging:log_training_results:280 - 
2023-05-02 07:04:15.308 | INFO     | utils.logging:log_training_results:281 - Global Step =   3750
2023-05-02 07:04:15.309 | INFO     | utils.logging:log_training_results:282 - val mean(MacRec)_t: 0.8572666645050049
2023-05-02 07:04:15.309 | INFO     | utils.logging:log_training_results:287 - val mean ABSerr: 0.9903588891029358
2023-05-02 07:04:15.309 | INFO     | utils.logging:log_training_results:290 - val ausat from confmx: 0.9689158201217651
2023-05-02 07:04:15.310 | INFO     | utils.logging:log_training_results:326 - val MCE loss:0.95529 * 0.9
2023-05-02 07:04:15.310 | INFO     | utils.logging:log_training_results:333 - val LLLR :0.24630 * 0.7000000000000001
2023-05-02 07:04:15.310 | INFO     | utils.logging:log_training_results:340 - val weight decay:83.66552 * 0.0002
2023-05-02 07:04:16.046 | INFO     | utils.logging:save_sdre_imgs:710 - Figures saved.
2023-05-02 07:04:16.769 | INFO     | utils.logging:log_training_results:280 - 
2023-05-02 07:04:16.770 | INFO     | utils.logging:log_training_results:281 - Global Step =   3750
2023-05-02 07:04:16.770 | INFO     | utils.logging:log_training_results:282 - train mean(MacRec)_t: 0.8515959978103638
2023-05-02 07:04:16.770 | INFO     | utils.logging:log_training_results:287 - train mean ABSerr: 1.1451420783996582
2023-05-02 07:04:16.771 | INFO     | utils.logging:log_training_results:290 - train ausat from confmx: 0.9515992999076843
2023-05-02 07:04:16.771 | INFO     | utils.logging:log_training_results:326 - train MCE loss:0.99259 * 0.9
2023-05-02 07:04:16.771 | INFO     | utils.logging:log_training_results:333 - train LLLR :0.25020 * 0.7000000000000001
2023-05-02 07:04:16.771 | INFO     | utils.logging:log_training_results:340 - train weight decay:83.66551 * 0.0002
2023-05-02 07:06:28.793 | INFO     | utils.logging:investigate_log:155 - num_warning=0/num_error=0 in the .log file.
2023-05-02 07:06:29.539 | INFO     | optuna.study.study:_log_completed_trial:1013 - Trial 28 finished with values: [0.12821662425994873, 0.5167214870452881, 0.018671751022338867] and parameters: {'LIST_IS_POSITIONAL_ENCODING': True, 'LIST_IS_TRAINABLE_ENCODING': False, 'LIST_MODEL_BACKBONE': 'LSTM', 'LIST_WEIGHT_DECAY': 0.0002, 'LIST_LEARNING_RATE': 0.00023864685141334441, 'LIST_LLLR_VERSION': 'LLLR', 'LIST_ACTIVATION_FC': 'gelu', 'LIST_PARAM_MULTIPLET_LOSS': 0.9, 'LIST_PARAM_LLR_LOSS': 0.7000000000000001, 'LIST_IS_ADAPTIVE_LOSS': False, 'LIST_ORDER_SPRT': 2, 'LIST_OPTIMIZER': 'rmsprop', 'LIST_IS_NORMALIZE': True, 'LIST_NUM_THRESH': 1500, 'LIST_SPARSITY': 'linspace', 'LIST_ACTIVATION_OUTPUT': 'B2Bsqrt', 'LIST_ACTIVATION_INPUT': 'sigmoid', 'LIST_WIDTH_LSTM': 39}. 
2023-05-02 07:06:29.639 | INFO     | utils.hyperparameter_tuning:suggest_parameters:560 - [33mStarting a tuning phase.[0m
2023-05-02 07:06:32.176 | INFO     | utils.hyperparameter_tuning:print:394 - 
+------------------------------------------+
|   Hyperparameteres suggested by Optuna   |
+------------------------+-----------------+
|     Parameter name     | Suggested value |
+------------------------+-----------------+
|     ACTIVATION_FC      |       gelu      |
|    ACTIVATION_INPUT    |     sigmoid     |
|   ACTIVATION_OUTPUT    |    B2BsqrtV2    |
|    IS_ADAPTIVE_LOSS    |       True      |
|      IS_NORMALIZE      |      False      |
| IS_POSITIONAL_ENCODING |      False      |
|     LEARNING_RATE      |    1.9913e-05   |
|      LLLR_VERSION      |       LLLR      |
|     MODEL_BACKBONE     |       LSTM      |
|       NUM_THRESH       |       500       |
|       OPTIMIZER        |     rmsprop     |
|       ORDER_SPRT       |        0        |
|     PARAM_LLR_LOSS     |       0.7       |
|  PARAM_MULTIPLET_LOSS  |       0.5       |
|        SPARSITY        |     logspace    |
|      WEIGHT_DECAY      |      0.0006     |
|       WIDTH_LSTM       |        16       |
+------------------------+-----------------+
2023-05-02 07:06:32.177 | INFO     | utils.misc:create_directories_and_log:291 - [33mA new log directory was created: [0m/home/afe/Dropbox/GitHub/SPRT-TANDEM-PyTorch/logs/public_offset0_5_optimall_tuning/checkpoints/LSTM_20230502_070632176/configs
2023-05-02 07:06:32.178 | INFO     | utils.misc:create_directories_and_log:291 - [33mA new log directory was created: [0m/home/afe/Dropbox/GitHub/SPRT-TANDEM-PyTorch/logs/public_offset0_5_optimall_tuning/TensorBoard_events/LSTM_20230502_070632176
