2023-05-02 01:23:52.882 | INFO     | utils.misc:fix_random_seed:405 - Random seed is not fixed.
2023-05-02 01:23:52.895 | INFO     | models.temporal_integrators:summarize:568 - 
:'######::'########::'########::'########::::::::::::::::::::::
'##... ##: ##.... ##: ##.... ##:... ##..:::::::::::::::::::::::
 ##:::..:: ##:::: ##: ##:::: ##:::: ##:::::::::::::::::::::::::
. ######:: ########:: ########::::: ##::::'#######:::::::::::::
:..... ##: ##.....::: ##.. ##:::::: ##::::........:::::::::::::
'##::: ##: ##:::::::: ##::. ##::::: ##:::::::::::::::::::::::::
. ######:: ##:::::::: ##:::. ##:::: ##:::::::::::::::::::::::::
:......:::..:::::::::..:::::..:::::..::::::::::::::::::::::::::
'########::::'###::::'##::: ##:'########::'########:'##::::'##:
... ##..::::'## ##::: ###:: ##: ##.... ##: ##.....:: ###::'###:
::: ##:::::'##:. ##:: ####: ##: ##:::: ##: ##::::::: ####'####:
::: ##::::'##:::. ##: ## ## ##: ##:::: ##: ######::: ## ### ##:
::: ##:::: #########: ##. ####: ##:::: ##: ##...:::: ##. #: ##:
::: ##:::: ##.... ##: ##:. ###: ##:::: ##: ##::::::: ##:.:: ##:
::: ##:::: ##:::: ##: ##::. ##: ########:: ########: ##:::: ##:
:::..:::::..:::::..::..::::..::........:::........::..:::::..::

2023-05-02 01:23:52.895 | INFO     | models.temporal_integrators:summarize:571 - [34mofficial PyTorch implementation.[0m
2023-05-02 01:23:52.984 | INFO     | models.temporal_integrators:summarize:593 - Network summary:
===============================================================================================
Layer (type:depth-idx)                        Output Shape              Param #
===============================================================================================
TANDEMformer                                  [150, 50, 3, 3]           512
├─TransformerEncoder: 1-1                     [7050, 1, 128]            --
│    └─ModuleList: 2-4                        --                        (recursive)
│    │    └─TransformerEncoderLayer: 3-1      [7050, 1, 128]            83,136
│    │    └─TransformerEncoderLayer: 3-2      [7050, 1, 128]            83,136
├─Linear: 1-2                                 [7050, 32]                4,128
├─Dropout: 1-3                                [7050, 32]                --
├─TransformerEncoder: 1-4                     [7050, 2, 128]            (recursive)
│    └─ModuleList: 2-4                        --                        (recursive)
│    │    └─TransformerEncoderLayer: 3-3      [7050, 2, 128]            (recursive)
│    │    └─TransformerEncoderLayer: 3-4      [7050, 2, 128]            (recursive)
├─Linear: 1-5                                 [7050, 32]                (recursive)
├─Dropout: 1-6                                [7050, 32]                --
├─TransformerEncoder: 1-7                     [7050, 3, 128]            (recursive)
│    └─ModuleList: 2-4                        --                        (recursive)
│    │    └─TransformerEncoderLayer: 3-5      [7050, 3, 128]            (recursive)
│    │    └─TransformerEncoderLayer: 3-6      [7050, 3, 128]            (recursive)
├─Linear: 1-8                                 [7050, 32]                (recursive)
├─Dropout: 1-9                                [7050, 32]                --
├─TransformerEncoder: 1-10                    [7050, 4, 128]            (recursive)
│    └─ModuleList: 2-4                        --                        (recursive)
│    │    └─TransformerEncoderLayer: 3-7      [7050, 4, 128]            (recursive)
│    │    └─TransformerEncoderLayer: 3-8      [7050, 4, 128]            (recursive)
├─Linear: 1-11                                [7050, 32]                (recursive)
├─Dropout: 1-12                               [7050, 32]                --
├─LayerNorm: 1-13                             [7050, 32]                64
├─Linear: 1-14                                [7050, 3]                 99
├─LayerNorm: 1-15                             [7050, 32]                (recursive)
├─Linear: 1-16                                [7050, 3]                 (recursive)
├─LayerNorm: 1-17                             [7050, 32]                (recursive)
├─Linear: 1-18                                [7050, 3]                 (recursive)
├─LayerNorm: 1-19                             [7050, 32]                (recursive)
├─Linear: 1-20                                [7050, 3]                 (recursive)
===============================================================================================
Total params: 171,075
Trainable params: 171,075
Non-trainable params: 0
Total mult-adds (G): 1.08
===============================================================================================
Input size (MB): 3.84
Forward/backward pass size (MB): 520.46
Params size (MB): 0.15
Estimated Total Size (MB): 524.45
===============================================================================================
2023-05-02 01:23:52.985 | INFO     | models.temporal_integrators:summarize:594 - Example input shape: torch.Size([150, 50, 128])
2023-05-02 01:23:52.985 | INFO     | models.temporal_integrators:summarize:595 - Example output shape: torch.Size([150, 50, 3, 3])
2023-05-02 01:23:52.987 | INFO     | models.temporal_integrators:import_model:58 - model moved onto: [33mcuda.[0m
2023-05-02 01:23:52.988 | INFO     | models.optimizers:initialize_optimizer:44 - Optimizer:
RMSprop (
Parameter Group 0
    alpha: 0.99
    centered: False
    differentiable: False
    eps: 1e-08
    foreach: None
    lr: 1.0448302122339565e-06
    maximize: False
    momentum: 0
    weight_decay: 0.00030000000000000003
)
2023-05-02 01:23:52.988 | INFO     | datasets.data_processing:lmdb_dataloaders:293 - loading data... 
2023-05-02 01:23:52.989 | INFO     | datasets.data_processing:lmdb_dataloaders:295 - If this process takes long, consider setting is_load_onto_memory=False or use LMDBIterableDataset.
2023-05-02 01:23:55.199 | INFO     | __main__:objective:357 - Starting epoch #0.
2023-05-02 01:23:57.950 | INFO     | utils.logging:log_training_results:280 - 
2023-05-02 01:23:57.950 | INFO     | utils.logging:log_training_results:281 - Global Step =      0
2023-05-02 01:23:57.951 | INFO     | utils.logging:log_training_results:282 - val mean(MacRec)_t: 0.35019999742507935
2023-05-02 01:23:57.951 | INFO     | utils.logging:log_training_results:287 - val mean ABSerr: 3.4965105056762695
2023-05-02 01:23:57.951 | INFO     | utils.logging:log_training_results:290 - val ausat from confmx: 0.36138156056404114
2023-05-02 01:23:57.951 | INFO     | utils.logging:log_training_results:326 - val MCE loss:1.12900 * 1.0
2023-05-02 01:23:57.952 | INFO     | utils.logging:log_training_results:333 - val LLLR :1.20256 * 0.2
2023-05-02 01:23:57.952 | INFO     | utils.logging:log_training_results:340 - val weight decay:1631.03088 * 0.00030000000000000003
2023-05-02 01:23:58.935 | INFO     | utils.logging:save_sdre_imgs:710 - Figures saved.
2023-05-02 01:23:59.242 | INFO     | utils.logging:log_training_results:280 - 
2023-05-02 01:23:59.243 | INFO     | utils.logging:log_training_results:281 - Global Step =      0
2023-05-02 01:23:59.244 | INFO     | utils.logging:log_training_results:282 - train mean(MacRec)_t: 0.35581403970718384
2023-05-02 01:23:59.245 | INFO     | utils.logging:log_training_results:287 - train mean ABSerr: 3.6063754558563232
2023-05-02 01:23:59.245 | INFO     | utils.logging:log_training_results:290 - train ausat from confmx: 0.33715227246284485
2023-05-02 01:23:59.245 | INFO     | utils.logging:log_training_results:326 - train MCE loss:1.12134 * 1.0
2023-05-02 01:23:59.245 | INFO     | utils.logging:log_training_results:333 - train LLLR :1.34703 * 0.2
2023-05-02 01:23:59.246 | INFO     | utils.logging:log_training_results:340 - train weight decay:1631.03088 * 0.00030000000000000003
2023-05-02 01:24:25.560 | INFO     | utils.logging:log_training_results:280 - 
2023-05-02 01:24:25.561 | INFO     | utils.logging:log_training_results:281 - Global Step =    250
2023-05-02 01:24:25.561 | INFO     | utils.logging:log_training_results:282 - val mean(MacRec)_t: 0.375029981136322
2023-05-02 01:24:25.561 | INFO     | utils.logging:log_training_results:287 - val mean ABSerr: 3.4659948348999023
2023-05-02 01:24:25.562 | INFO     | utils.logging:log_training_results:290 - val ausat from confmx: 0.39334240555763245
2023-05-02 01:24:25.562 | INFO     | utils.logging:log_training_results:326 - val MCE loss:1.11967 * 1.0
2023-05-02 01:24:25.562 | INFO     | utils.logging:log_training_results:333 - val LLLR :1.14836 * 0.2
2023-05-02 01:24:25.563 | INFO     | utils.logging:log_training_results:340 - val weight decay:1629.20300 * 0.00030000000000000003
2023-05-02 01:24:25.757 | INFO     | utils.checkpoint:update_and_save_result:168 - [36mBest value updated![0m
2023-05-02 01:24:25.773 | INFO     | utils.checkpoint:save_checkpoint:83 - [36mSaved checkpoint[0m at step 250.
2023-05-02 01:24:26.432 | INFO     | utils.logging:save_sdre_imgs:710 - Figures saved.
2023-05-02 01:24:26.757 | INFO     | utils.logging:log_training_results:280 - 
2023-05-02 01:24:26.757 | INFO     | utils.logging:log_training_results:281 - Global Step =    250
2023-05-02 01:24:26.758 | INFO     | utils.logging:log_training_results:282 - train mean(MacRec)_t: 0.3514109253883362
2023-05-02 01:24:26.758 | INFO     | utils.logging:log_training_results:287 - train mean ABSerr: 3.735849618911743
2023-05-02 01:24:26.758 | INFO     | utils.logging:log_training_results:290 - train ausat from confmx: 0.3780367374420166
2023-05-02 01:24:26.758 | INFO     | utils.logging:log_training_results:326 - train MCE loss:1.13116 * 1.0
2023-05-02 01:24:26.759 | INFO     | utils.logging:log_training_results:333 - train LLLR :1.35833 * 0.2
2023-05-02 01:24:26.759 | INFO     | utils.logging:log_training_results:340 - train weight decay:1629.20300 * 0.00030000000000000003
2023-05-02 01:24:41.191 | INFO     | __main__:objective:357 - Starting epoch #1.
2023-05-02 01:24:53.459 | INFO     | utils.logging:log_training_results:280 - 
2023-05-02 01:24:53.459 | INFO     | utils.logging:log_training_results:281 - Global Step =    500
2023-05-02 01:24:53.460 | INFO     | utils.logging:log_training_results:282 - val mean(MacRec)_t: 0.39296332001686096
2023-05-02 01:24:53.460 | INFO     | utils.logging:log_training_results:287 - val mean ABSerr: 3.446047067642212
2023-05-02 01:24:53.460 | INFO     | utils.logging:log_training_results:290 - val ausat from confmx: 0.41855502128601074
2023-05-02 01:24:53.461 | INFO     | utils.logging:log_training_results:326 - val MCE loss:1.11375 * 1.0
2023-05-02 01:24:53.461 | INFO     | utils.logging:log_training_results:333 - val LLLR :1.11647 * 0.2
2023-05-02 01:24:53.461 | INFO     | utils.logging:log_training_results:340 - val weight decay:1627.90771 * 0.00030000000000000003
2023-05-02 01:24:53.657 | INFO     | utils.checkpoint:update_and_save_result:168 - [36mBest value updated![0m
2023-05-02 01:24:53.669 | INFO     | utils.checkpoint:save_checkpoint:83 - [36mSaved checkpoint[0m at step 500.
2023-05-02 01:24:53.671 | INFO     | utils.checkpoint:keep_max_num_saved_models:101 - Removed the oldest model for max_to_keep=1
2023-05-02 01:24:54.302 | INFO     | utils.logging:save_sdre_imgs:710 - Figures saved.
2023-05-02 01:24:54.618 | INFO     | utils.logging:log_training_results:280 - 
2023-05-02 01:24:54.619 | INFO     | utils.logging:log_training_results:281 - Global Step =    500
2023-05-02 01:24:54.619 | INFO     | utils.logging:log_training_results:282 - train mean(MacRec)_t: 0.3646286725997925
2023-05-02 01:24:54.619 | INFO     | utils.logging:log_training_results:287 - train mean ABSerr: 3.468961477279663
2023-05-02 01:24:54.619 | INFO     | utils.logging:log_training_results:290 - train ausat from confmx: 0.4103354513645172
2023-05-02 01:24:54.620 | INFO     | utils.logging:log_training_results:326 - train MCE loss:1.11289 * 1.0
2023-05-02 01:24:54.620 | INFO     | utils.logging:log_training_results:333 - train LLLR :1.24700 * 0.2
2023-05-02 01:24:54.620 | INFO     | utils.logging:log_training_results:340 - train weight decay:1627.90771 * 0.00030000000000000003
2023-05-02 01:25:20.793 | INFO     | utils.logging:log_training_results:280 - 
2023-05-02 01:25:20.794 | INFO     | utils.logging:log_training_results:281 - Global Step =    750
2023-05-02 01:25:20.795 | INFO     | utils.logging:log_training_results:282 - val mean(MacRec)_t: 0.4128899574279785
2023-05-02 01:25:20.795 | INFO     | utils.logging:log_training_results:287 - val mean ABSerr: 3.4270384311676025
2023-05-02 01:25:20.795 | INFO     | utils.logging:log_training_results:290 - val ausat from confmx: 0.45216941833496094
2023-05-02 01:25:20.795 | INFO     | utils.logging:log_training_results:326 - val MCE loss:1.10825 * 1.0
2023-05-02 01:25:20.796 | INFO     | utils.logging:log_training_results:333 - val LLLR :1.08877 * 0.2
2023-05-02 01:25:20.796 | INFO     | utils.logging:log_training_results:340 - val weight decay:1626.60706 * 0.00030000000000000003
2023-05-02 01:25:20.985 | INFO     | utils.checkpoint:update_and_save_result:168 - [36mBest value updated![0m
2023-05-02 01:25:20.995 | INFO     | utils.checkpoint:save_checkpoint:83 - [36mSaved checkpoint[0m at step 750.
2023-05-02 01:25:20.998 | INFO     | utils.checkpoint:keep_max_num_saved_models:101 - Removed the oldest model for max_to_keep=1
2023-05-02 01:25:21.589 | INFO     | utils.logging:save_sdre_imgs:710 - Figures saved.
2023-05-02 01:25:21.904 | INFO     | utils.logging:log_training_results:280 - 
2023-05-02 01:25:21.905 | INFO     | utils.logging:log_training_results:281 - Global Step =    750
2023-05-02 01:25:21.905 | INFO     | utils.logging:log_training_results:282 - train mean(MacRec)_t: 0.42153334617614746
2023-05-02 01:25:21.906 | INFO     | utils.logging:log_training_results:287 - train mean ABSerr: 3.3589518070220947
2023-05-02 01:25:21.906 | INFO     | utils.logging:log_training_results:290 - train ausat from confmx: 0.4381603002548218
2023-05-02 01:25:21.906 | INFO     | utils.logging:log_training_results:326 - train MCE loss:1.10730 * 1.0
2023-05-02 01:25:21.906 | INFO     | utils.logging:log_training_results:333 - train LLLR :1.18298 * 0.2
2023-05-02 01:25:21.907 | INFO     | utils.logging:log_training_results:340 - train weight decay:1626.60706 * 0.00030000000000000003
2023-05-02 01:25:26.707 | INFO     | __main__:objective:357 - Starting epoch #2.
2023-05-02 01:25:48.308 | INFO     | utils.logging:log_training_results:280 - 
2023-05-02 01:25:48.309 | INFO     | utils.logging:log_training_results:281 - Global Step =   1000
2023-05-02 01:25:48.309 | INFO     | utils.logging:log_training_results:282 - val mean(MacRec)_t: 0.43326666951179504
2023-05-02 01:25:48.309 | INFO     | utils.logging:log_training_results:287 - val mean ABSerr: 3.4085371494293213
2023-05-02 01:25:48.310 | INFO     | utils.logging:log_training_results:290 - val ausat from confmx: 0.4834160804748535
2023-05-02 01:25:48.310 | INFO     | utils.logging:log_training_results:326 - val MCE loss:1.10304 * 1.0
2023-05-02 01:25:48.310 | INFO     | utils.logging:log_training_results:333 - val LLLR :1.06352 * 0.2
2023-05-02 01:25:48.310 | INFO     | utils.logging:log_training_results:340 - val weight decay:1625.27979 * 0.00030000000000000003
2023-05-02 01:25:48.522 | INFO     | utils.checkpoint:update_and_save_result:168 - [36mBest value updated![0m
2023-05-02 01:25:48.534 | INFO     | utils.checkpoint:save_checkpoint:83 - [36mSaved checkpoint[0m at step 1000.
2023-05-02 01:25:48.537 | INFO     | utils.checkpoint:keep_max_num_saved_models:101 - Removed the oldest model for max_to_keep=1
2023-05-02 01:25:49.156 | INFO     | utils.logging:save_sdre_imgs:710 - Figures saved.
2023-05-02 01:25:49.475 | INFO     | utils.logging:log_training_results:280 - 
2023-05-02 01:25:49.476 | INFO     | utils.logging:log_training_results:281 - Global Step =   1000
2023-05-02 01:25:49.476 | INFO     | utils.logging:log_training_results:282 - train mean(MacRec)_t: 0.4128892123699188
2023-05-02 01:25:49.476 | INFO     | utils.logging:log_training_results:287 - train mean ABSerr: 3.418776273727417
2023-05-02 01:25:49.476 | INFO     | utils.logging:log_training_results:290 - train ausat from confmx: 0.40225502848625183
2023-05-02 01:25:49.477 | INFO     | utils.logging:log_training_results:326 - train MCE loss:1.09882 * 1.0
2023-05-02 01:25:49.477 | INFO     | utils.logging:log_training_results:333 - train LLLR :1.13815 * 0.2
2023-05-02 01:25:49.477 | INFO     | utils.logging:log_training_results:340 - train weight decay:1625.27979 * 0.00030000000000000003
2023-05-02 01:26:08.509 | INFO     | __main__:objective:357 - Starting epoch #3.
2023-05-02 01:26:15.994 | INFO     | utils.logging:log_training_results:280 - 
2023-05-02 01:26:15.995 | INFO     | utils.logging:log_training_results:281 - Global Step =   1250
2023-05-02 01:26:15.996 | INFO     | utils.logging:log_training_results:282 - val mean(MacRec)_t: 0.45384666323661804
2023-05-02 01:26:15.996 | INFO     | utils.logging:log_training_results:287 - val mean ABSerr: 3.390432357788086
2023-05-02 01:26:15.996 | INFO     | utils.logging:log_training_results:290 - val ausat from confmx: 0.511798620223999
2023-05-02 01:26:15.997 | INFO     | utils.logging:log_training_results:326 - val MCE loss:1.09809 * 1.0
2023-05-02 01:26:15.997 | INFO     | utils.logging:log_training_results:333 - val LLLR :1.04049 * 0.2
2023-05-02 01:26:15.998 | INFO     | utils.logging:log_training_results:340 - val weight decay:1623.93420 * 0.00030000000000000003
2023-05-02 01:26:16.189 | INFO     | utils.checkpoint:update_and_save_result:168 - [36mBest value updated![0m
2023-05-02 01:26:16.201 | INFO     | utils.checkpoint:save_checkpoint:83 - [36mSaved checkpoint[0m at step 1250.
2023-05-02 01:26:16.204 | INFO     | utils.checkpoint:keep_max_num_saved_models:101 - Removed the oldest model for max_to_keep=1
2023-05-02 01:26:16.825 | INFO     | utils.logging:save_sdre_imgs:710 - Figures saved.
2023-05-02 01:26:17.142 | INFO     | utils.logging:log_training_results:280 - 
2023-05-02 01:26:17.142 | INFO     | utils.logging:log_training_results:281 - Global Step =   1250
2023-05-02 01:26:17.142 | INFO     | utils.logging:log_training_results:282 - train mean(MacRec)_t: 0.39785975217819214
2023-05-02 01:26:17.143 | INFO     | utils.logging:log_training_results:287 - train mean ABSerr: 3.431870937347412
2023-05-02 01:26:17.143 | INFO     | utils.logging:log_training_results:290 - train ausat from confmx: 0.40630781650543213
2023-05-02 01:26:17.143 | INFO     | utils.logging:log_training_results:326 - train MCE loss:1.09965 * 1.0
2023-05-02 01:26:17.143 | INFO     | utils.logging:log_training_results:333 - train LLLR :1.17867 * 0.2
2023-05-02 01:26:17.144 | INFO     | utils.logging:log_training_results:340 - train weight decay:1623.93420 * 0.00030000000000000003
2023-05-02 01:26:43.162 | INFO     | utils.logging:log_training_results:280 - 
2023-05-02 01:26:43.163 | INFO     | utils.logging:log_training_results:281 - Global Step =   1500
2023-05-02 01:26:43.163 | INFO     | utils.logging:log_training_results:282 - val mean(MacRec)_t: 0.474423348903656
2023-05-02 01:26:43.164 | INFO     | utils.logging:log_training_results:287 - val mean ABSerr: 3.3725719451904297
2023-05-02 01:26:43.164 | INFO     | utils.logging:log_training_results:290 - val ausat from confmx: 0.5401600003242493
2023-05-02 01:26:43.164 | INFO     | utils.logging:log_training_results:326 - val MCE loss:1.09334 * 1.0
2023-05-02 01:26:43.165 | INFO     | utils.logging:log_training_results:333 - val LLLR :1.01899 * 0.2
2023-05-02 01:26:43.165 | INFO     | utils.logging:log_training_results:340 - val weight decay:1622.57092 * 0.00030000000000000003
2023-05-02 01:26:43.357 | INFO     | utils.checkpoint:update_and_save_result:168 - [36mBest value updated![0m
2023-05-02 01:26:43.367 | INFO     | utils.checkpoint:save_checkpoint:83 - [36mSaved checkpoint[0m at step 1500.
2023-05-02 01:26:43.369 | INFO     | utils.checkpoint:keep_max_num_saved_models:101 - Removed the oldest model for max_to_keep=1
2023-05-02 01:26:44.005 | INFO     | utils.logging:save_sdre_imgs:710 - Figures saved.
2023-05-02 01:26:44.326 | INFO     | utils.logging:log_training_results:280 - 
2023-05-02 01:26:44.327 | INFO     | utils.logging:log_training_results:281 - Global Step =   1500
2023-05-02 01:26:44.327 | INFO     | utils.logging:log_training_results:282 - train mean(MacRec)_t: 0.3901878893375397
2023-05-02 01:26:44.327 | INFO     | utils.logging:log_training_results:287 - train mean ABSerr: 3.400190591812134
2023-05-02 01:26:44.328 | INFO     | utils.logging:log_training_results:290 - train ausat from confmx: 0.46307411789894104
2023-05-02 01:26:44.328 | INFO     | utils.logging:log_training_results:326 - train MCE loss:1.09322 * 1.0
2023-05-02 01:26:44.328 | INFO     | utils.logging:log_training_results:333 - train LLLR :1.19848 * 0.2
2023-05-02 01:26:44.328 | INFO     | utils.logging:log_training_results:340 - train weight decay:1622.57092 * 0.00030000000000000003
2023-05-02 01:26:53.775 | INFO     | __main__:objective:357 - Starting epoch #4.
2023-05-02 01:27:10.525 | INFO     | utils.logging:log_training_results:280 - 
2023-05-02 01:27:10.526 | INFO     | utils.logging:log_training_results:281 - Global Step =   1750
2023-05-02 01:27:10.527 | INFO     | utils.logging:log_training_results:282 - val mean(MacRec)_t: 0.4945433437824249
2023-05-02 01:27:10.527 | INFO     | utils.logging:log_training_results:287 - val mean ABSerr: 3.354928493499756
2023-05-02 01:27:10.527 | INFO     | utils.logging:log_training_results:290 - val ausat from confmx: 0.5750805139541626
2023-05-02 01:27:10.528 | INFO     | utils.logging:log_training_results:326 - val MCE loss:1.08879 * 1.0
2023-05-02 01:27:10.528 | INFO     | utils.logging:log_training_results:333 - val LLLR :0.99867 * 0.2
2023-05-02 01:27:10.528 | INFO     | utils.logging:log_training_results:340 - val weight decay:1621.19165 * 0.00030000000000000003
2023-05-02 01:27:10.722 | INFO     | utils.checkpoint:update_and_save_result:168 - [36mBest value updated![0m
2023-05-02 01:27:10.735 | INFO     | utils.checkpoint:save_checkpoint:83 - [36mSaved checkpoint[0m at step 1750.
2023-05-02 01:27:10.736 | INFO     | utils.checkpoint:keep_max_num_saved_models:101 - Removed the oldest model for max_to_keep=1
2023-05-02 01:27:11.535 | INFO     | utils.logging:save_sdre_imgs:710 - Figures saved.
2023-05-02 01:27:11.860 | INFO     | utils.logging:log_training_results:280 - 
2023-05-02 01:27:11.860 | INFO     | utils.logging:log_training_results:281 - Global Step =   1750
2023-05-02 01:27:11.861 | INFO     | utils.logging:log_training_results:282 - train mean(MacRec)_t: 0.4449208676815033
2023-05-02 01:27:11.861 | INFO     | utils.logging:log_training_results:287 - train mean ABSerr: 3.296161651611328
2023-05-02 01:27:11.861 | INFO     | utils.logging:log_training_results:290 - train ausat from confmx: 0.47777628898620605
2023-05-02 01:27:11.861 | INFO     | utils.logging:log_training_results:326 - train MCE loss:1.08571 * 1.0
2023-05-02 01:27:11.862 | INFO     | utils.logging:log_training_results:333 - train LLLR :1.06591 * 0.2
2023-05-02 01:27:11.862 | INFO     | utils.logging:log_training_results:340 - train weight decay:1621.19153 * 0.00030000000000000003
2023-05-02 01:27:35.306 | INFO     | __main__:objective:357 - Starting epoch #5.
2023-05-02 01:27:38.068 | INFO     | utils.logging:log_training_results:280 - 
2023-05-02 01:27:38.068 | INFO     | utils.logging:log_training_results:281 - Global Step =   2000
2023-05-02 01:27:38.069 | INFO     | utils.logging:log_training_results:282 - val mean(MacRec)_t: 0.5149033069610596
2023-05-02 01:27:38.069 | INFO     | utils.logging:log_training_results:287 - val mean ABSerr: 3.3374271392822266
2023-05-02 01:27:38.069 | INFO     | utils.logging:log_training_results:290 - val ausat from confmx: 0.6045023202896118
2023-05-02 01:27:38.070 | INFO     | utils.logging:log_training_results:326 - val MCE loss:1.08443 * 1.0
2023-05-02 01:27:38.070 | INFO     | utils.logging:log_training_results:333 - val LLLR :0.97959 * 0.2
2023-05-02 01:27:38.070 | INFO     | utils.logging:log_training_results:340 - val weight decay:1619.80017 * 0.00030000000000000003
2023-05-02 01:27:38.261 | INFO     | utils.checkpoint:update_and_save_result:168 - [36mBest value updated![0m
2023-05-02 01:27:38.272 | INFO     | utils.checkpoint:save_checkpoint:83 - [36mSaved checkpoint[0m at step 2000.
2023-05-02 01:27:38.275 | INFO     | utils.checkpoint:keep_max_num_saved_models:101 - Removed the oldest model for max_to_keep=1
2023-05-02 01:27:38.838 | INFO     | utils.logging:save_sdre_imgs:710 - Figures saved.
2023-05-02 01:27:39.155 | INFO     | utils.logging:log_training_results:280 - 
2023-05-02 01:27:39.155 | INFO     | utils.logging:log_training_results:281 - Global Step =   2000
2023-05-02 01:27:39.156 | INFO     | utils.logging:log_training_results:282 - train mean(MacRec)_t: 0.4794999957084656
2023-05-02 01:27:39.156 | INFO     | utils.logging:log_training_results:287 - train mean ABSerr: 3.4549758434295654
2023-05-02 01:27:39.156 | INFO     | utils.logging:log_training_results:290 - train ausat from confmx: 0.5190474390983582
2023-05-02 01:27:39.156 | INFO     | utils.logging:log_training_results:326 - train MCE loss:1.07955 * 1.0
2023-05-02 01:27:39.157 | INFO     | utils.logging:log_training_results:333 - train LLLR :1.06714 * 0.2
2023-05-02 01:27:39.157 | INFO     | utils.logging:log_training_results:340 - train weight decay:1619.80017 * 0.00030000000000000003
2023-05-02 01:28:05.009 | INFO     | utils.logging:log_training_results:280 - 
2023-05-02 01:28:05.010 | INFO     | utils.logging:log_training_results:281 - Global Step =   2250
2023-05-02 01:28:05.010 | INFO     | utils.logging:log_training_results:282 - val mean(MacRec)_t: 0.5342999696731567
2023-05-02 01:28:05.010 | INFO     | utils.logging:log_training_results:287 - val mean ABSerr: 3.320082902908325
2023-05-02 01:28:05.011 | INFO     | utils.logging:log_training_results:290 - val ausat from confmx: 0.6345128417015076
2023-05-02 01:28:05.011 | INFO     | utils.logging:log_training_results:326 - val MCE loss:1.08022 * 1.0
2023-05-02 01:28:05.011 | INFO     | utils.logging:log_training_results:333 - val LLLR :0.96132 * 0.2
2023-05-02 01:28:05.011 | INFO     | utils.logging:log_training_results:340 - val weight decay:1618.39685 * 0.00030000000000000003
2023-05-02 01:28:05.195 | INFO     | utils.checkpoint:update_and_save_result:168 - [36mBest value updated![0m
2023-05-02 01:28:05.209 | INFO     | utils.checkpoint:save_checkpoint:83 - [36mSaved checkpoint[0m at step 2250.
2023-05-02 01:28:05.211 | INFO     | utils.checkpoint:keep_max_num_saved_models:101 - Removed the oldest model for max_to_keep=1
2023-05-02 01:28:05.741 | INFO     | utils.logging:save_sdre_imgs:710 - Figures saved.
2023-05-02 01:28:06.073 | INFO     | utils.logging:log_training_results:280 - 
2023-05-02 01:28:06.073 | INFO     | utils.logging:log_training_results:281 - Global Step =   2250
2023-05-02 01:28:06.073 | INFO     | utils.logging:log_training_results:282 - train mean(MacRec)_t: 0.4416179656982422
2023-05-02 01:28:06.074 | INFO     | utils.logging:log_training_results:287 - train mean ABSerr: 3.338063955307007
2023-05-02 01:28:06.074 | INFO     | utils.logging:log_training_results:290 - train ausat from confmx: 0.48375651240348816
2023-05-02 01:28:06.074 | INFO     | utils.logging:log_training_results:326 - train MCE loss:1.08065 * 1.0
2023-05-02 01:28:06.074 | INFO     | utils.logging:log_training_results:333 - train LLLR :1.11547 * 0.2
2023-05-02 01:28:06.075 | INFO     | utils.logging:log_training_results:340 - train weight decay:1618.39685 * 0.00030000000000000003
2023-05-02 01:28:20.221 | INFO     | __main__:objective:357 - Starting epoch #6.
2023-05-02 01:28:32.321 | INFO     | utils.logging:log_training_results:280 - 
2023-05-02 01:28:32.323 | INFO     | utils.logging:log_training_results:281 - Global Step =   2500
2023-05-02 01:28:32.324 | INFO     | utils.logging:log_training_results:282 - val mean(MacRec)_t: 0.5528466701507568
2023-05-02 01:28:32.325 | INFO     | utils.logging:log_training_results:287 - val mean ABSerr: 3.302694082260132
2023-05-02 01:28:32.325 | INFO     | utils.logging:log_training_results:290 - val ausat from confmx: 0.6566635370254517
2023-05-02 01:28:32.325 | INFO     | utils.logging:log_training_results:326 - val MCE loss:1.07616 * 1.0
2023-05-02 01:28:32.326 | INFO     | utils.logging:log_training_results:333 - val LLLR :0.94382 * 0.2
2023-05-02 01:28:32.326 | INFO     | utils.logging:log_training_results:340 - val weight decay:1616.98425 * 0.00030000000000000003
2023-05-02 01:28:32.523 | INFO     | utils.checkpoint:update_and_save_result:168 - [36mBest value updated![0m
2023-05-02 01:28:32.534 | INFO     | utils.checkpoint:save_checkpoint:83 - [36mSaved checkpoint[0m at step 2500.
2023-05-02 01:28:32.536 | INFO     | utils.checkpoint:keep_max_num_saved_models:101 - Removed the oldest model for max_to_keep=1
2023-05-02 01:28:33.128 | INFO     | utils.logging:save_sdre_imgs:710 - Figures saved.
2023-05-02 01:28:33.465 | INFO     | utils.logging:log_training_results:280 - 
2023-05-02 01:28:33.465 | INFO     | utils.logging:log_training_results:281 - Global Step =   2500
2023-05-02 01:28:33.465 | INFO     | utils.logging:log_training_results:282 - train mean(MacRec)_t: 0.45679011940956116
2023-05-02 01:28:33.466 | INFO     | utils.logging:log_training_results:287 - train mean ABSerr: 3.3154962062835693
2023-05-02 01:28:33.466 | INFO     | utils.logging:log_training_results:290 - train ausat from confmx: 0.48960480093955994
2023-05-02 01:28:33.466 | INFO     | utils.logging:log_training_results:326 - train MCE loss:1.07437 * 1.0
2023-05-02 01:28:33.466 | INFO     | utils.logging:log_training_results:333 - train LLLR :1.08353 * 0.2
2023-05-02 01:28:33.467 | INFO     | utils.logging:log_training_results:340 - train weight decay:1616.98425 * 0.00030000000000000003
2023-05-02 01:28:59.274 | INFO     | utils.logging:log_training_results:280 - 
2023-05-02 01:28:59.275 | INFO     | utils.logging:log_training_results:281 - Global Step =   2750
2023-05-02 01:28:59.275 | INFO     | utils.logging:log_training_results:282 - val mean(MacRec)_t: 0.5706833600997925
2023-05-02 01:28:59.275 | INFO     | utils.logging:log_training_results:287 - val mean ABSerr: 3.285269021987915
2023-05-02 01:28:59.276 | INFO     | utils.logging:log_training_results:290 - val ausat from confmx: 0.6811787486076355
2023-05-02 01:28:59.276 | INFO     | utils.logging:log_training_results:326 - val MCE loss:1.07223 * 1.0
2023-05-02 01:28:59.276 | INFO     | utils.logging:log_training_results:333 - val LLLR :0.92681 * 0.2
2023-05-02 01:28:59.276 | INFO     | utils.logging:log_training_results:340 - val weight decay:1615.56970 * 0.00030000000000000003
2023-05-02 01:28:59.464 | INFO     | utils.checkpoint:update_and_save_result:168 - [36mBest value updated![0m
2023-05-02 01:28:59.474 | INFO     | utils.checkpoint:save_checkpoint:83 - [36mSaved checkpoint[0m at step 2750.
2023-05-02 01:28:59.476 | INFO     | utils.checkpoint:keep_max_num_saved_models:101 - Removed the oldest model for max_to_keep=1
2023-05-02 01:29:00.000 | INFO     | utils.logging:save_sdre_imgs:710 - Figures saved.
2023-05-02 01:29:00.328 | INFO     | utils.logging:log_training_results:280 - 
2023-05-02 01:29:00.328 | INFO     | utils.logging:log_training_results:281 - Global Step =   2750
2023-05-02 01:29:00.328 | INFO     | utils.logging:log_training_results:282 - train mean(MacRec)_t: 0.47637537121772766
2023-05-02 01:29:00.329 | INFO     | utils.logging:log_training_results:287 - train mean ABSerr: 3.2624058723449707
2023-05-02 01:29:00.329 | INFO     | utils.logging:log_training_results:290 - train ausat from confmx: 0.4981694221496582
2023-05-02 01:29:00.329 | INFO     | utils.logging:log_training_results:326 - train MCE loss:1.07447 * 1.0
2023-05-02 01:29:00.329 | INFO     | utils.logging:log_training_results:333 - train LLLR :1.06528 * 0.2
2023-05-02 01:29:00.330 | INFO     | utils.logging:log_training_results:340 - train weight decay:1615.56970 * 0.00030000000000000003
2023-05-02 01:29:05.094 | INFO     | __main__:objective:357 - Starting epoch #7.
2023-05-02 01:29:26.567 | INFO     | utils.logging:log_training_results:280 - 
2023-05-02 01:29:26.568 | INFO     | utils.logging:log_training_results:281 - Global Step =   3000
2023-05-02 01:29:26.569 | INFO     | utils.logging:log_training_results:282 - val mean(MacRec)_t: 0.5880600214004517
2023-05-02 01:29:26.569 | INFO     | utils.logging:log_training_results:287 - val mean ABSerr: 3.267815589904785
2023-05-02 01:29:26.569 | INFO     | utils.logging:log_training_results:290 - val ausat from confmx: 0.7041075825691223
2023-05-02 01:29:26.570 | INFO     | utils.logging:log_training_results:326 - val MCE loss:1.06838 * 1.0
2023-05-02 01:29:26.570 | INFO     | utils.logging:log_training_results:333 - val LLLR :0.91029 * 0.2
2023-05-02 01:29:26.570 | INFO     | utils.logging:log_training_results:340 - val weight decay:1614.14722 * 0.00030000000000000003
2023-05-02 01:29:26.756 | INFO     | utils.checkpoint:update_and_save_result:168 - [36mBest value updated![0m
2023-05-02 01:29:26.767 | INFO     | utils.checkpoint:save_checkpoint:83 - [36mSaved checkpoint[0m at step 3000.
2023-05-02 01:29:26.769 | INFO     | utils.checkpoint:keep_max_num_saved_models:101 - Removed the oldest model for max_to_keep=1
2023-05-02 01:29:27.323 | INFO     | utils.logging:save_sdre_imgs:710 - Figures saved.
2023-05-02 01:29:27.643 | INFO     | utils.logging:log_training_results:280 - 
2023-05-02 01:29:27.643 | INFO     | utils.logging:log_training_results:281 - Global Step =   3000
2023-05-02 01:29:27.644 | INFO     | utils.logging:log_training_results:282 - train mean(MacRec)_t: 0.4833869934082031
2023-05-02 01:29:27.644 | INFO     | utils.logging:log_training_results:287 - train mean ABSerr: 3.353334665298462
2023-05-02 01:29:27.644 | INFO     | utils.logging:log_training_results:290 - train ausat from confmx: 0.5507447719573975
2023-05-02 01:29:27.644 | INFO     | utils.logging:log_training_results:326 - train MCE loss:1.06899 * 1.0
2023-05-02 01:29:27.645 | INFO     | utils.logging:log_training_results:333 - train LLLR :1.01978 * 0.2
2023-05-02 01:29:27.645 | INFO     | utils.logging:log_training_results:340 - train weight decay:1614.14722 * 0.00030000000000000003
2023-05-02 01:29:46.307 | INFO     | __main__:objective:357 - Starting epoch #8.
2023-05-02 01:29:53.712 | INFO     | utils.logging:log_training_results:280 - 
2023-05-02 01:29:53.713 | INFO     | utils.logging:log_training_results:281 - Global Step =   3250
2023-05-02 01:29:53.713 | INFO     | utils.logging:log_training_results:282 - val mean(MacRec)_t: 0.6041266918182373
2023-05-02 01:29:53.713 | INFO     | utils.logging:log_training_results:287 - val mean ABSerr: 3.250372886657715
2023-05-02 01:29:53.713 | INFO     | utils.logging:log_training_results:290 - val ausat from confmx: 0.7253488898277283
2023-05-02 01:29:53.714 | INFO     | utils.logging:log_training_results:326 - val MCE loss:1.06466 * 1.0
2023-05-02 01:29:53.714 | INFO     | utils.logging:log_training_results:333 - val LLLR :0.89435 * 0.2
2023-05-02 01:29:53.714 | INFO     | utils.logging:log_training_results:340 - val weight decay:1612.72400 * 0.00030000000000000003
2023-05-02 01:29:53.904 | INFO     | utils.checkpoint:update_and_save_result:168 - [36mBest value updated![0m
2023-05-02 01:29:53.915 | INFO     | utils.checkpoint:save_checkpoint:83 - [36mSaved checkpoint[0m at step 3250.
2023-05-02 01:29:53.918 | INFO     | utils.checkpoint:keep_max_num_saved_models:101 - Removed the oldest model for max_to_keep=1
2023-05-02 01:29:54.462 | INFO     | utils.logging:save_sdre_imgs:710 - Figures saved.
2023-05-02 01:29:54.788 | INFO     | utils.logging:log_training_results:280 - 
2023-05-02 01:29:54.788 | INFO     | utils.logging:log_training_results:281 - Global Step =   3250
2023-05-02 01:29:54.789 | INFO     | utils.logging:log_training_results:282 - train mean(MacRec)_t: 0.5085087418556213
2023-05-02 01:29:54.789 | INFO     | utils.logging:log_training_results:287 - train mean ABSerr: 3.329556465148926
2023-05-02 01:29:54.789 | INFO     | utils.logging:log_training_results:290 - train ausat from confmx: 0.5746037364006042
2023-05-02 01:29:54.789 | INFO     | utils.logging:log_training_results:326 - train MCE loss:1.06412 * 1.0
2023-05-02 01:29:54.790 | INFO     | utils.logging:log_training_results:333 - train LLLR :1.01345 * 0.2
2023-05-02 01:29:54.790 | INFO     | utils.logging:log_training_results:340 - train weight decay:1612.72388 * 0.00030000000000000003
2023-05-02 01:30:20.356 | INFO     | utils.logging:log_training_results:280 - 
2023-05-02 01:30:20.357 | INFO     | utils.logging:log_training_results:281 - Global Step =   3500
2023-05-02 01:30:20.357 | INFO     | utils.logging:log_training_results:282 - val mean(MacRec)_t: 0.6200166344642639
2023-05-02 01:30:20.357 | INFO     | utils.logging:log_training_results:287 - val mean ABSerr: 3.2326481342315674
2023-05-02 01:30:20.357 | INFO     | utils.logging:log_training_results:290 - val ausat from confmx: 0.7482736706733704
2023-05-02 01:30:20.358 | INFO     | utils.logging:log_training_results:326 - val MCE loss:1.06101 * 1.0
2023-05-02 01:30:20.358 | INFO     | utils.logging:log_training_results:333 - val LLLR :0.87865 * 0.2
2023-05-02 01:30:20.358 | INFO     | utils.logging:log_training_results:340 - val weight decay:1611.29639 * 0.00030000000000000003
2023-05-02 01:30:20.538 | INFO     | utils.checkpoint:update_and_save_result:168 - [36mBest value updated![0m
2023-05-02 01:30:20.549 | INFO     | utils.checkpoint:save_checkpoint:83 - [36mSaved checkpoint[0m at step 3500.
2023-05-02 01:30:20.552 | INFO     | utils.checkpoint:keep_max_num_saved_models:101 - Removed the oldest model for max_to_keep=1
2023-05-02 01:30:21.334 | INFO     | utils.logging:save_sdre_imgs:710 - Figures saved.
2023-05-02 01:30:21.648 | INFO     | utils.logging:log_training_results:280 - 
2023-05-02 01:30:21.648 | INFO     | utils.logging:log_training_results:281 - Global Step =   3500
2023-05-02 01:30:21.649 | INFO     | utils.logging:log_training_results:282 - train mean(MacRec)_t: 0.4765367805957794
2023-05-02 01:30:21.649 | INFO     | utils.logging:log_training_results:287 - train mean ABSerr: 3.1269712448120117
2023-05-02 01:30:21.649 | INFO     | utils.logging:log_training_results:290 - train ausat from confmx: 0.5702427625656128
2023-05-02 01:30:21.651 | INFO     | utils.logging:log_training_results:326 - train MCE loss:1.06891 * 1.0
2023-05-02 01:30:21.651 | INFO     | utils.logging:log_training_results:333 - train LLLR :1.05267 * 0.2
2023-05-02 01:30:21.651 | INFO     | utils.logging:log_training_results:340 - train weight decay:1611.29639 * 0.00030000000000000003
2023-05-02 01:30:31.043 | INFO     | __main__:objective:357 - Starting epoch #9.
2023-05-02 01:30:47.909 | INFO     | utils.logging:log_training_results:280 - 
2023-05-02 01:30:47.909 | INFO     | utils.logging:log_training_results:281 - Global Step =   3750
2023-05-02 01:30:47.910 | INFO     | utils.logging:log_training_results:282 - val mean(MacRec)_t: 0.6343232989311218
2023-05-02 01:30:47.910 | INFO     | utils.logging:log_training_results:287 - val mean ABSerr: 3.2147247791290283
2023-05-02 01:30:47.910 | INFO     | utils.logging:log_training_results:290 - val ausat from confmx: 0.766211748123169
2023-05-02 01:30:47.911 | INFO     | utils.logging:log_training_results:326 - val MCE loss:1.05744 * 1.0
2023-05-02 01:30:47.911 | INFO     | utils.logging:log_training_results:333 - val LLLR :0.86334 * 0.2
2023-05-02 01:30:47.911 | INFO     | utils.logging:log_training_results:340 - val weight decay:1609.87061 * 0.00030000000000000003
2023-05-02 01:30:48.094 | INFO     | utils.checkpoint:update_and_save_result:168 - [36mBest value updated![0m
2023-05-02 01:30:48.105 | INFO     | utils.checkpoint:save_checkpoint:83 - [36mSaved checkpoint[0m at step 3750.
2023-05-02 01:30:48.107 | INFO     | utils.checkpoint:keep_max_num_saved_models:101 - Removed the oldest model for max_to_keep=1
2023-05-02 01:30:48.681 | INFO     | utils.logging:save_sdre_imgs:710 - Figures saved.
2023-05-02 01:30:49.004 | INFO     | utils.logging:log_training_results:280 - 
2023-05-02 01:30:49.004 | INFO     | utils.logging:log_training_results:281 - Global Step =   3750
2023-05-02 01:30:49.005 | INFO     | utils.logging:log_training_results:282 - train mean(MacRec)_t: 0.5462051630020142
2023-05-02 01:30:49.005 | INFO     | utils.logging:log_training_results:287 - train mean ABSerr: 3.1043407917022705
2023-05-02 01:30:49.005 | INFO     | utils.logging:log_training_results:290 - train ausat from confmx: 0.5659182667732239
2023-05-02 01:30:49.005 | INFO     | utils.logging:log_training_results:326 - train MCE loss:1.06175 * 1.0
2023-05-02 01:30:49.006 | INFO     | utils.logging:log_training_results:333 - train LLLR :0.95609 * 0.2
2023-05-02 01:30:49.006 | INFO     | utils.logging:log_training_results:340 - train weight decay:1609.87061 * 0.00030000000000000003
2023-05-02 01:31:12.584 | INFO     | utils.logging:investigate_log:155 - num_warning=0/num_error=0 in the .log file.
2023-05-02 01:31:12.958 | INFO     | optuna.study.study:_log_completed_trial:1013 - Trial 15 finished with values: [0.3656767010688782, 3.2147247791290283, 0.23378825187683105] and parameters: {'LIST_IS_POSITIONAL_ENCODING': False, 'LIST_MODEL_BACKBONE': 'Transformer', 'LIST_WEIGHT_DECAY': 0.00030000000000000003, 'LIST_LEARNING_RATE': 1.0448302122339565e-06, 'LIST_LLLR_VERSION': 'LSEL', 'LIST_ACTIVATION_FC': 'B2BsqrtV2', 'LIST_PARAM_MULTIPLET_LOSS': 1.0, 'LIST_PARAM_LLR_LOSS': 0.2, 'LIST_IS_ADAPTIVE_LOSS': False, 'LIST_ORDER_SPRT': 3, 'LIST_OPTIMIZER': 'rmsprop', 'LIST_IS_NORMALIZE': True, 'LIST_NUM_THRESH': 1000, 'LIST_SPARSITY': 'unirandom', 'LIST_NUM_BLOCKS': 2, 'LIST_NUM_HEADS': 2, 'LIST_DROPOUT': 0.1, 'LIST_FF_DIM': 64, 'LIST_MLP_UNITS': 32}. 
2023-05-02 01:31:13.110 | INFO     | utils.hyperparameter_tuning:suggest_parameters:560 - [33mStarting a tuning phase.[0m
2023-05-02 01:31:15.850 | INFO     | utils.hyperparameter_tuning:print:394 - 
+------------------------------------------+
|   Hyperparameteres suggested by Optuna   |
+------------------------+-----------------+
|     Parameter name     | Suggested value |
+------------------------+-----------------+
|     ACTIVATION_FC      |       tanh      |
|        DROPOUT         |       0.5       |
|         FF_DIM         |        64       |
|    IS_ADAPTIVE_LOSS    |       True      |
|      IS_NORMALIZE      |      False      |
| IS_POSITIONAL_ENCODING |      False      |
|     LEARNING_RATE      |    4.8913e-06   |
|      LLLR_VERSION      |       LSEL      |
|       MLP_UNITS        |        32       |
|     MODEL_BACKBONE     |   Transformer   |
|       NUM_BLOCKS       |        2        |
|       NUM_HEADS        |        2        |
|       NUM_THRESH       |       1500      |
|       OPTIMIZER        |       adam      |
|       ORDER_SPRT       |        2        |
|     PARAM_LLR_LOSS     |       0.6       |
|  PARAM_MULTIPLET_LOSS  |       0.2       |
|        SPARSITY        |    lograndom    |
|      WEIGHT_DECAY      |      0.0008     |
+------------------------+-----------------+
2023-05-02 01:31:15.851 | INFO     | utils.misc:create_directories_and_log:291 - [33mA new log directory was created: [0m/home/afe/Dropbox/GitHub/SPRT-TANDEM-PyTorch/logs/public_offset0_5_optimall_tuning/checkpoints/Transformer_20230502_013115850/configs
2023-05-02 01:31:15.852 | INFO     | utils.misc:create_directories_and_log:291 - [33mA new log directory was created: [0m/home/afe/Dropbox/GitHub/SPRT-TANDEM-PyTorch/logs/public_offset0_5_optimall_tuning/TensorBoard_events/Transformer_20230502_013115850
