2023-05-15 05:29:34.097 | INFO     | utils.misc:fix_random_seed:405 - Random seed is not fixed.
2023-05-15 05:29:34.108 | INFO     | models.temporal_integrators:summarize:566 - 
:'######::'########::'########::'########::::::::::::::::::::::
'##... ##: ##.... ##: ##.... ##:... ##..:::::::::::::::::::::::
 ##:::..:: ##:::: ##: ##:::: ##:::: ##:::::::::::::::::::::::::
. ######:: ########:: ########::::: ##::::'#######:::::::::::::
:..... ##: ##.....::: ##.. ##:::::: ##::::........:::::::::::::
'##::: ##: ##:::::::: ##::. ##::::: ##:::::::::::::::::::::::::
. ######:: ##:::::::: ##:::. ##:::: ##:::::::::::::::::::::::::
:......:::..:::::::::..:::::..:::::..::::::::::::::::::::::::::
'########::::'###::::'##::: ##:'########::'########:'##::::'##:
... ##..::::'## ##::: ###:: ##: ##.... ##: ##.....:: ###::'###:
::: ##:::::'##:. ##:: ####: ##: ##:::: ##: ##::::::: ####'####:
::: ##::::'##:::. ##: ## ## ##: ##:::: ##: ######::: ## ### ##:
::: ##:::: #########: ##. ####: ##:::: ##: ##...:::: ##. #: ##:
::: ##:::: ##.... ##: ##:. ###: ##:::: ##: ##::::::: ##:.:: ##:
::: ##:::: ##:::: ##: ##::. ##: ########:: ########: ##:::: ##:
:::..:::::..:::::..::..::::..::........:::........::..:::::..::

2023-05-15 05:29:34.108 | INFO     | models.temporal_integrators:summarize:569 - [34mofficial PyTorch implementation.[0m
2023-05-15 05:29:34.175 | INFO     | models.temporal_integrators:summarize:591 - Network summary:
===============================================================================================
Layer (type:depth-idx)                        Output Shape              Param #
===============================================================================================
TANDEMformer                                  [150, 50, 3, 3]           384
├─TransformerEncoder: 1-1                     [7200, 1, 128]            --
│    └─ModuleList: 2-3                        --                        (recursive)
│    │    └─TransformerEncoderLayer: 3-1      [7200, 1, 128]            74,912
├─Linear: 1-2                                 [7200, 64]                8,256
├─Dropout: 1-3                                [7200, 64]                --
├─TransformerEncoder: 1-4                     [7200, 2, 128]            (recursive)
│    └─ModuleList: 2-3                        --                        (recursive)
│    │    └─TransformerEncoderLayer: 3-2      [7200, 2, 128]            (recursive)
├─Linear: 1-5                                 [7200, 64]                (recursive)
├─Dropout: 1-6                                [7200, 64]                --
├─TransformerEncoder: 1-7                     [7200, 3, 128]            (recursive)
│    └─ModuleList: 2-3                        --                        (recursive)
│    │    └─TransformerEncoderLayer: 3-3      [7200, 3, 128]            (recursive)
├─Linear: 1-8                                 [7200, 64]                (recursive)
├─Dropout: 1-9                                [7200, 64]                --
├─GELU: 1-10                                  [7200, 64]                --
├─Linear: 1-11                                [7200, 3]                 195
├─GELU: 1-12                                  [7200, 64]                --
├─Linear: 1-13                                [7200, 3]                 (recursive)
├─GELU: 1-14                                  [7200, 64]                --
├─Linear: 1-15                                [7200, 3]                 (recursive)
===============================================================================================
Total params: 83,747
Trainable params: 83,747
Non-trainable params: 0
Total mult-adds (M): 182.54
===============================================================================================
Input size (MB): 3.84
Forward/backward pass size (MB): 11.58
Params size (MB): 0.03
Estimated Total Size (MB): 15.45
===============================================================================================
2023-05-15 05:29:34.175 | INFO     | models.temporal_integrators:summarize:592 - Example input shape: torch.Size([150, 50, 128])
2023-05-15 05:29:34.176 | INFO     | models.temporal_integrators:summarize:593 - Example output shape: torch.Size([150, 50, 3, 3])
2023-05-15 05:29:34.177 | INFO     | models.temporal_integrators:import_model:58 - model moved onto: [33mcuda.[0m
2023-05-15 05:29:34.177 | INFO     | models.optimizers:initialize_optimizer:44 - Optimizer:
RMSprop (
Parameter Group 0
    alpha: 0.99
    centered: False
    differentiable: False
    eps: 1e-08
    foreach: None
    lr: 4.098946936897449e-05
    maximize: False
    momentum: 0
    weight_decay: 0.0007
)
2023-05-15 05:29:34.178 | INFO     | datasets.data_processing:lmdb_dataloaders:293 - loading data... 
2023-05-15 05:29:34.178 | INFO     | datasets.data_processing:lmdb_dataloaders:295 - If this process takes long, consider setting is_load_onto_memory=False or use LMDBIterableDataset.
2023-05-15 05:29:36.458 | INFO     | __main__:objective:58 - Starting epoch #0.
2023-05-15 05:29:38.585 | INFO     | utils.logging:log_training_results:280 - 
2023-05-15 05:29:38.585 | INFO     | utils.logging:log_training_results:281 - Global Step =      0
2023-05-15 05:29:38.586 | INFO     | utils.logging:log_training_results:282 - val mean(MacRec)_t: 0.3430599868297577
2023-05-15 05:29:38.586 | INFO     | utils.logging:log_training_results:287 - val mean ABSerr: 3.4871866703033447
2023-05-15 05:29:38.586 | INFO     | utils.logging:log_training_results:290 - val ausat from confmx: 0.3449902832508087
2023-05-15 05:29:38.587 | INFO     | utils.logging:log_training_results:326 - val MCE loss:1.10251 * 0.5
2023-05-15 05:29:38.587 | INFO     | utils.logging:log_training_results:333 - val LLLR :1.18473 * 0.4
2023-05-15 05:29:38.587 | INFO     | utils.logging:log_training_results:340 - val weight decay:961.75897 * 0.0007
2023-05-15 05:29:39.364 | INFO     | utils.logging:save_sdre_imgs:710 - Figures saved.
2023-05-15 05:29:39.642 | INFO     | utils.logging:log_training_results:280 - 
2023-05-15 05:29:39.643 | INFO     | utils.logging:log_training_results:281 - Global Step =      0
2023-05-15 05:29:39.643 | INFO     | utils.logging:log_training_results:282 - train mean(MacRec)_t: 0.3813423216342926
2023-05-15 05:29:39.643 | INFO     | utils.logging:log_training_results:287 - train mean ABSerr: 3.397376537322998
2023-05-15 05:29:39.644 | INFO     | utils.logging:log_training_results:290 - train ausat from confmx: 0.3707965910434723
2023-05-15 05:29:39.644 | INFO     | utils.logging:log_training_results:326 - train MCE loss:1.10035 * 0.5
2023-05-15 05:29:39.644 | INFO     | utils.logging:log_training_results:333 - train LLLR :1.14233 * 0.4
2023-05-15 05:29:39.644 | INFO     | utils.logging:log_training_results:340 - train weight decay:961.75897 * 0.0007
2023-05-15 05:29:56.005 | INFO     | utils.logging:log_training_results:280 - 
2023-05-15 05:29:56.006 | INFO     | utils.logging:log_training_results:281 - Global Step =    250
2023-05-15 05:29:56.006 | INFO     | utils.logging:log_training_results:282 - val mean(MacRec)_t: 0.8223400115966797
2023-05-15 05:29:56.007 | INFO     | utils.logging:log_training_results:287 - val mean ABSerr: 2.5433340072631836
2023-05-15 05:29:56.007 | INFO     | utils.logging:log_training_results:290 - val ausat from confmx: 0.9544656276702881
2023-05-15 05:29:56.007 | INFO     | utils.logging:log_training_results:326 - val MCE loss:1.02947 * 0.5
2023-05-15 05:29:56.007 | INFO     | utils.logging:log_training_results:333 - val LLLR :0.51375 * 0.4
2023-05-15 05:29:56.008 | INFO     | utils.logging:log_training_results:340 - val weight decay:909.22620 * 0.0007
2023-05-15 05:29:56.205 | INFO     | utils.checkpoint:update_and_save_result:168 - [36mBest value updated![0m
2023-05-15 05:29:56.213 | INFO     | utils.checkpoint:save_checkpoint:83 - [36mSaved checkpoint[0m at step 250.
2023-05-15 05:29:56.772 | INFO     | utils.logging:save_sdre_imgs:710 - Figures saved.
2023-05-15 05:29:57.041 | INFO     | utils.logging:log_training_results:280 - 
2023-05-15 05:29:57.042 | INFO     | utils.logging:log_training_results:281 - Global Step =    250
2023-05-15 05:29:57.042 | INFO     | utils.logging:log_training_results:282 - train mean(MacRec)_t: 0.7627806067466736
2023-05-15 05:29:57.042 | INFO     | utils.logging:log_training_results:287 - train mean ABSerr: 2.5592048168182373
2023-05-15 05:29:57.042 | INFO     | utils.logging:log_training_results:290 - train ausat from confmx: 0.8690820336341858
2023-05-15 05:29:57.043 | INFO     | utils.logging:log_training_results:326 - train MCE loss:1.03484 * 0.5
2023-05-15 05:29:57.043 | INFO     | utils.logging:log_training_results:333 - train LLLR :0.59229 * 0.4
2023-05-15 05:29:57.043 | INFO     | utils.logging:log_training_results:340 - train weight decay:909.22614 * 0.0007
2023-05-15 05:30:05.850 | INFO     | __main__:objective:58 - Starting epoch #1.
2023-05-15 05:30:13.521 | INFO     | utils.logging:log_training_results:280 - 
2023-05-15 05:30:13.522 | INFO     | utils.logging:log_training_results:281 - Global Step =    500
2023-05-15 05:30:13.522 | INFO     | utils.logging:log_training_results:282 - val mean(MacRec)_t: 0.8645899891853333
2023-05-15 05:30:13.522 | INFO     | utils.logging:log_training_results:287 - val mean ABSerr: 1.5774664878845215
2023-05-15 05:30:13.523 | INFO     | utils.logging:log_training_results:290 - val ausat from confmx: 0.9785928726196289
2023-05-15 05:30:13.523 | INFO     | utils.logging:log_training_results:326 - val MCE loss:0.98034 * 0.5
2023-05-15 05:30:13.523 | INFO     | utils.logging:log_training_results:333 - val LLLR :0.34656 * 0.4
2023-05-15 05:30:13.524 | INFO     | utils.logging:log_training_results:340 - val weight decay:878.20721 * 0.0007
2023-05-15 05:30:13.713 | INFO     | utils.checkpoint:update_and_save_result:168 - [36mBest value updated![0m
2023-05-15 05:30:13.721 | INFO     | utils.checkpoint:save_checkpoint:83 - [36mSaved checkpoint[0m at step 500.
2023-05-15 05:30:13.724 | INFO     | utils.checkpoint:keep_max_num_saved_models:101 - Removed the oldest model for max_to_keep=1
2023-05-15 05:30:14.570 | INFO     | utils.logging:save_sdre_imgs:710 - Figures saved.
2023-05-15 05:30:14.853 | INFO     | utils.logging:log_training_results:280 - 
2023-05-15 05:30:14.853 | INFO     | utils.logging:log_training_results:281 - Global Step =    500
2023-05-15 05:30:14.853 | INFO     | utils.logging:log_training_results:282 - train mean(MacRec)_t: 0.8377596735954285
2023-05-15 05:30:14.854 | INFO     | utils.logging:log_training_results:287 - train mean ABSerr: 1.581338882446289
2023-05-15 05:30:14.854 | INFO     | utils.logging:log_training_results:290 - train ausat from confmx: 0.9438069462776184
2023-05-15 05:30:14.854 | INFO     | utils.logging:log_training_results:326 - train MCE loss:0.98716 * 0.5
2023-05-15 05:30:14.854 | INFO     | utils.logging:log_training_results:333 - train LLLR :0.38752 * 0.4
2023-05-15 05:30:14.855 | INFO     | utils.logging:log_training_results:340 - train weight decay:878.20715 * 0.0007
2023-05-15 05:30:31.238 | INFO     | utils.logging:log_training_results:280 - 
2023-05-15 05:30:31.238 | INFO     | utils.logging:log_training_results:281 - Global Step =    750
2023-05-15 05:30:31.239 | INFO     | utils.logging:log_training_results:282 - val mean(MacRec)_t: 0.8726233243942261
2023-05-15 05:30:31.239 | INFO     | utils.logging:log_training_results:287 - val mean ABSerr: 0.7323789596557617
2023-05-15 05:30:31.239 | INFO     | utils.logging:log_training_results:290 - val ausat from confmx: 0.9823862910270691
2023-05-15 05:30:31.240 | INFO     | utils.logging:log_training_results:326 - val MCE loss:0.95693 * 0.5
2023-05-15 05:30:31.240 | INFO     | utils.logging:log_training_results:333 - val LLLR :0.30444 * 0.4
2023-05-15 05:30:31.240 | INFO     | utils.logging:log_training_results:340 - val weight decay:849.03125 * 0.0007
2023-05-15 05:30:31.434 | INFO     | utils.checkpoint:update_and_save_result:168 - [36mBest value updated![0m
2023-05-15 05:30:31.443 | INFO     | utils.checkpoint:save_checkpoint:83 - [36mSaved checkpoint[0m at step 750.
2023-05-15 05:30:31.445 | INFO     | utils.checkpoint:keep_max_num_saved_models:101 - Removed the oldest model for max_to_keep=1
2023-05-15 05:30:32.038 | INFO     | utils.logging:save_sdre_imgs:710 - Figures saved.
2023-05-15 05:30:32.309 | INFO     | utils.logging:log_training_results:280 - 
2023-05-15 05:30:32.310 | INFO     | utils.logging:log_training_results:281 - Global Step =    750
2023-05-15 05:30:32.311 | INFO     | utils.logging:log_training_results:282 - train mean(MacRec)_t: 0.8679133653640747
2023-05-15 05:30:32.311 | INFO     | utils.logging:log_training_results:287 - train mean ABSerr: 0.9198467135429382
2023-05-15 05:30:32.311 | INFO     | utils.logging:log_training_results:290 - train ausat from confmx: 0.9778453707695007
2023-05-15 05:30:32.311 | INFO     | utils.logging:log_training_results:326 - train MCE loss:0.95876 * 0.5
2023-05-15 05:30:32.312 | INFO     | utils.logging:log_training_results:333 - train LLLR :0.30715 * 0.4
2023-05-15 05:30:32.312 | INFO     | utils.logging:log_training_results:340 - train weight decay:849.03125 * 0.0007
2023-05-15 05:30:35.338 | INFO     | __main__:objective:58 - Starting epoch #2.
2023-05-15 05:30:48.877 | INFO     | utils.logging:log_training_results:280 - 
2023-05-15 05:30:48.877 | INFO     | utils.logging:log_training_results:281 - Global Step =   1000
2023-05-15 05:30:48.878 | INFO     | utils.logging:log_training_results:282 - val mean(MacRec)_t: 0.8742899894714355
2023-05-15 05:30:48.878 | INFO     | utils.logging:log_training_results:287 - val mean ABSerr: 0.3647731840610504
2023-05-15 05:30:48.878 | INFO     | utils.logging:log_training_results:290 - val ausat from confmx: 0.9826125502586365
2023-05-15 05:30:48.879 | INFO     | utils.logging:log_training_results:326 - val MCE loss:0.95150 * 0.5
2023-05-15 05:30:48.879 | INFO     | utils.logging:log_training_results:333 - val LLLR :0.29723 * 0.4
2023-05-15 05:30:48.879 | INFO     | utils.logging:log_training_results:340 - val weight decay:820.93262 * 0.0007
2023-05-15 05:30:49.081 | INFO     | utils.checkpoint:update_and_save_result:168 - [36mBest value updated![0m
2023-05-15 05:30:49.089 | INFO     | utils.checkpoint:save_checkpoint:83 - [36mSaved checkpoint[0m at step 1000.
2023-05-15 05:30:49.091 | INFO     | utils.checkpoint:keep_max_num_saved_models:101 - Removed the oldest model for max_to_keep=1
2023-05-15 05:30:49.634 | INFO     | utils.logging:save_sdre_imgs:710 - Figures saved.
2023-05-15 05:30:49.899 | INFO     | utils.logging:log_training_results:280 - 
2023-05-15 05:30:49.900 | INFO     | utils.logging:log_training_results:281 - Global Step =   1000
2023-05-15 05:30:49.900 | INFO     | utils.logging:log_training_results:282 - train mean(MacRec)_t: 0.8374846577644348
2023-05-15 05:30:49.900 | INFO     | utils.logging:log_training_results:287 - train mean ABSerr: 0.6928582191467285
2023-05-15 05:30:49.901 | INFO     | utils.logging:log_training_results:290 - train ausat from confmx: 0.9848162531852722
2023-05-15 05:30:49.901 | INFO     | utils.logging:log_training_results:326 - train MCE loss:0.96684 * 0.5
2023-05-15 05:30:49.901 | INFO     | utils.logging:log_training_results:333 - train LLLR :0.37790 * 0.4
2023-05-15 05:30:49.902 | INFO     | utils.logging:log_training_results:340 - train weight decay:820.93262 * 0.0007
2023-05-15 05:31:01.694 | INFO     | __main__:objective:58 - Starting epoch #3.
2023-05-15 05:31:06.492 | INFO     | utils.logging:log_training_results:280 - 
2023-05-15 05:31:06.493 | INFO     | utils.logging:log_training_results:281 - Global Step =   1250
2023-05-15 05:31:06.494 | INFO     | utils.logging:log_training_results:282 - val mean(MacRec)_t: 0.8744800090789795
2023-05-15 05:31:06.494 | INFO     | utils.logging:log_training_results:287 - val mean ABSerr: 0.28227096796035767
2023-05-15 05:31:06.494 | INFO     | utils.logging:log_training_results:290 - val ausat from confmx: 0.9830023646354675
2023-05-15 05:31:06.495 | INFO     | utils.logging:log_training_results:326 - val MCE loss:0.95041 * 0.5
2023-05-15 05:31:06.495 | INFO     | utils.logging:log_training_results:333 - val LLLR :0.29637 * 0.4
2023-05-15 05:31:06.495 | INFO     | utils.logging:log_training_results:340 - val weight decay:793.83734 * 0.0007
2023-05-15 05:31:06.699 | INFO     | utils.checkpoint:update_and_save_result:168 - [36mBest value updated![0m
2023-05-15 05:31:06.708 | INFO     | utils.checkpoint:save_checkpoint:83 - [36mSaved checkpoint[0m at step 1250.
2023-05-15 05:31:06.711 | INFO     | utils.checkpoint:keep_max_num_saved_models:101 - Removed the oldest model for max_to_keep=1
2023-05-15 05:31:07.260 | INFO     | utils.logging:save_sdre_imgs:710 - Figures saved.
2023-05-15 05:31:07.536 | INFO     | utils.logging:log_training_results:280 - 
2023-05-15 05:31:07.536 | INFO     | utils.logging:log_training_results:281 - Global Step =   1250
2023-05-15 05:31:07.537 | INFO     | utils.logging:log_training_results:282 - train mean(MacRec)_t: 0.846311628818512
2023-05-15 05:31:07.537 | INFO     | utils.logging:log_training_results:287 - train mean ABSerr: 0.6504731178283691
2023-05-15 05:31:07.537 | INFO     | utils.logging:log_training_results:290 - train ausat from confmx: 0.9780169129371643
2023-05-15 05:31:07.538 | INFO     | utils.logging:log_training_results:326 - train MCE loss:0.96977 * 0.5
2023-05-15 05:31:07.538 | INFO     | utils.logging:log_training_results:333 - train LLLR :0.36334 * 0.4
2023-05-15 05:31:07.538 | INFO     | utils.logging:log_training_results:340 - train weight decay:793.83734 * 0.0007
2023-05-15 05:31:23.872 | INFO     | utils.logging:log_training_results:280 - 
2023-05-15 05:31:23.873 | INFO     | utils.logging:log_training_results:281 - Global Step =   1500
2023-05-15 05:31:23.873 | INFO     | utils.logging:log_training_results:282 - val mean(MacRec)_t: 0.8753767013549805
2023-05-15 05:31:23.873 | INFO     | utils.logging:log_training_results:287 - val mean ABSerr: 0.24699361622333527
2023-05-15 05:31:23.874 | INFO     | utils.logging:log_training_results:290 - val ausat from confmx: 0.9835301041603088
2023-05-15 05:31:23.874 | INFO     | utils.logging:log_training_results:326 - val MCE loss:0.94993 * 0.5
2023-05-15 05:31:23.874 | INFO     | utils.logging:log_training_results:333 - val LLLR :0.29443 * 0.4
2023-05-15 05:31:23.874 | INFO     | utils.logging:log_training_results:340 - val weight decay:767.51990 * 0.0007
2023-05-15 05:31:24.073 | INFO     | utils.checkpoint:update_and_save_result:168 - [36mBest value updated![0m
2023-05-15 05:31:24.082 | INFO     | utils.checkpoint:save_checkpoint:83 - [36mSaved checkpoint[0m at step 1500.
2023-05-15 05:31:24.084 | INFO     | utils.checkpoint:keep_max_num_saved_models:101 - Removed the oldest model for max_to_keep=1
2023-05-15 05:31:24.638 | INFO     | utils.logging:save_sdre_imgs:710 - Figures saved.
2023-05-15 05:31:24.919 | INFO     | utils.logging:log_training_results:280 - 
2023-05-15 05:31:24.919 | INFO     | utils.logging:log_training_results:281 - Global Step =   1500
2023-05-15 05:31:24.919 | INFO     | utils.logging:log_training_results:282 - train mean(MacRec)_t: 0.8923049569129944
2023-05-15 05:31:24.920 | INFO     | utils.logging:log_training_results:287 - train mean ABSerr: 0.6213747262954712
2023-05-15 05:31:24.920 | INFO     | utils.logging:log_training_results:290 - train ausat from confmx: 0.9912991523742676
2023-05-15 05:31:24.921 | INFO     | utils.logging:log_training_results:326 - train MCE loss:0.93828 * 0.5
2023-05-15 05:31:24.921 | INFO     | utils.logging:log_training_results:333 - train LLLR :0.25303 * 0.4
2023-05-15 05:31:24.921 | INFO     | utils.logging:log_training_results:340 - train weight decay:767.51990 * 0.0007
2023-05-15 05:31:30.937 | INFO     | __main__:objective:58 - Starting epoch #4.
2023-05-15 05:31:41.860 | INFO     | utils.logging:log_training_results:280 - 
2023-05-15 05:31:41.861 | INFO     | utils.logging:log_training_results:281 - Global Step =   1750
2023-05-15 05:31:41.862 | INFO     | utils.logging:log_training_results:282 - val mean(MacRec)_t: 0.8752400279045105
2023-05-15 05:31:41.862 | INFO     | utils.logging:log_training_results:287 - val mean ABSerr: 0.22844505310058594
2023-05-15 05:31:41.862 | INFO     | utils.logging:log_training_results:290 - val ausat from confmx: 0.9828829765319824
2023-05-15 05:31:41.863 | INFO     | utils.logging:log_training_results:326 - val MCE loss:0.94979 * 0.5
2023-05-15 05:31:41.863 | INFO     | utils.logging:log_training_results:333 - val LLLR :0.29502 * 0.4
2023-05-15 05:31:41.863 | INFO     | utils.logging:log_training_results:340 - val weight decay:741.89764 * 0.0007
2023-05-15 05:31:42.083 | INFO     | utils.checkpoint:update_and_save_result:168 - [36mBest value updated![0m
2023-05-15 05:31:42.094 | INFO     | utils.checkpoint:save_checkpoint:83 - [36mSaved checkpoint[0m at step 1750.
2023-05-15 05:31:42.096 | INFO     | utils.checkpoint:keep_max_num_saved_models:101 - Removed the oldest model for max_to_keep=1
2023-05-15 05:31:42.707 | INFO     | utils.logging:save_sdre_imgs:710 - Figures saved.
2023-05-15 05:31:42.992 | INFO     | utils.logging:log_training_results:280 - 
2023-05-15 05:31:42.992 | INFO     | utils.logging:log_training_results:281 - Global Step =   1750
2023-05-15 05:31:42.992 | INFO     | utils.logging:log_training_results:282 - train mean(MacRec)_t: 0.8618925213813782
2023-05-15 05:31:42.993 | INFO     | utils.logging:log_training_results:287 - train mean ABSerr: 0.6258921027183533
2023-05-15 05:31:42.993 | INFO     | utils.logging:log_training_results:290 - train ausat from confmx: 0.9784519672393799
2023-05-15 05:31:42.993 | INFO     | utils.logging:log_training_results:326 - train MCE loss:0.95476 * 0.5
2023-05-15 05:31:42.993 | INFO     | utils.logging:log_training_results:333 - train LLLR :0.33370 * 0.4
2023-05-15 05:31:42.994 | INFO     | utils.logging:log_training_results:340 - train weight decay:741.89764 * 0.0007
2023-05-15 05:31:57.760 | INFO     | __main__:objective:58 - Starting epoch #5.
2023-05-15 05:31:59.666 | INFO     | utils.logging:log_training_results:280 - 
2023-05-15 05:31:59.667 | INFO     | utils.logging:log_training_results:281 - Global Step =   2000
2023-05-15 05:31:59.668 | INFO     | utils.logging:log_training_results:282 - val mean(MacRec)_t: 0.875363290309906
2023-05-15 05:31:59.668 | INFO     | utils.logging:log_training_results:287 - val mean ABSerr: 0.21050986647605896
2023-05-15 05:31:59.668 | INFO     | utils.logging:log_training_results:290 - val ausat from confmx: 0.9830312132835388
2023-05-15 05:31:59.668 | INFO     | utils.logging:log_training_results:326 - val MCE loss:0.94945 * 0.5
2023-05-15 05:31:59.669 | INFO     | utils.logging:log_training_results:333 - val LLLR :0.29434 * 0.4
2023-05-15 05:31:59.669 | INFO     | utils.logging:log_training_results:340 - val weight decay:717.36169 * 0.0007
2023-05-15 05:31:59.878 | INFO     | utils.checkpoint:update_and_save_result:168 - [36mBest value updated![0m
2023-05-15 05:31:59.888 | INFO     | utils.checkpoint:save_checkpoint:83 - [36mSaved checkpoint[0m at step 2000.
2023-05-15 05:31:59.890 | INFO     | utils.checkpoint:keep_max_num_saved_models:101 - Removed the oldest model for max_to_keep=1
2023-05-15 05:32:00.441 | INFO     | utils.logging:save_sdre_imgs:710 - Figures saved.
2023-05-15 05:32:00.722 | INFO     | utils.logging:log_training_results:280 - 
2023-05-15 05:32:00.722 | INFO     | utils.logging:log_training_results:281 - Global Step =   2000
2023-05-15 05:32:00.723 | INFO     | utils.logging:log_training_results:282 - train mean(MacRec)_t: 0.8752856850624084
2023-05-15 05:32:00.723 | INFO     | utils.logging:log_training_results:287 - train mean ABSerr: 0.6030699014663696
2023-05-15 05:32:00.723 | INFO     | utils.logging:log_training_results:290 - train ausat from confmx: 0.9702929854393005
2023-05-15 05:32:00.723 | INFO     | utils.logging:log_training_results:326 - train MCE loss:0.95961 * 0.5
2023-05-15 05:32:00.724 | INFO     | utils.logging:log_training_results:333 - train LLLR :0.29629 * 0.4
2023-05-15 05:32:00.724 | INFO     | utils.logging:log_training_results:340 - train weight decay:717.36169 * 0.0007
2023-05-15 05:32:17.118 | INFO     | utils.logging:log_training_results:280 - 
2023-05-15 05:32:17.119 | INFO     | utils.logging:log_training_results:281 - Global Step =   2250
2023-05-15 05:32:17.119 | INFO     | utils.logging:log_training_results:282 - val mean(MacRec)_t: 0.8755766153335571
2023-05-15 05:32:17.119 | INFO     | utils.logging:log_training_results:287 - val mean ABSerr: 0.21452736854553223
2023-05-15 05:32:17.119 | INFO     | utils.logging:log_training_results:290 - val ausat from confmx: 0.983372688293457
2023-05-15 05:32:17.120 | INFO     | utils.logging:log_training_results:326 - val MCE loss:0.94942 * 0.5
2023-05-15 05:32:17.120 | INFO     | utils.logging:log_training_results:333 - val LLLR :0.29423 * 0.4
2023-05-15 05:32:17.120 | INFO     | utils.logging:log_training_results:340 - val weight decay:693.75891 * 0.0007
2023-05-15 05:32:17.327 | INFO     | utils.checkpoint:update_and_save_result:168 - [36mBest value updated![0m
2023-05-15 05:32:17.336 | INFO     | utils.checkpoint:save_checkpoint:83 - [36mSaved checkpoint[0m at step 2250.
2023-05-15 05:32:17.338 | INFO     | utils.checkpoint:keep_max_num_saved_models:101 - Removed the oldest model for max_to_keep=1
2023-05-15 05:32:18.168 | INFO     | utils.logging:save_sdre_imgs:710 - Figures saved.
2023-05-15 05:32:18.433 | INFO     | utils.logging:log_training_results:280 - 
2023-05-15 05:32:18.434 | INFO     | utils.logging:log_training_results:281 - Global Step =   2250
2023-05-15 05:32:18.434 | INFO     | utils.logging:log_training_results:282 - train mean(MacRec)_t: 0.8666749596595764
2023-05-15 05:32:18.434 | INFO     | utils.logging:log_training_results:287 - train mean ABSerr: 0.6122640371322632
2023-05-15 05:32:18.435 | INFO     | utils.logging:log_training_results:290 - train ausat from confmx: 0.9714838862419128
2023-05-15 05:32:18.435 | INFO     | utils.logging:log_training_results:326 - train MCE loss:0.95457 * 0.5
2023-05-15 05:32:18.435 | INFO     | utils.logging:log_training_results:333 - train LLLR :0.31194 * 0.4
2023-05-15 05:32:18.435 | INFO     | utils.logging:log_training_results:340 - train weight decay:693.75885 * 0.0007
2023-05-15 05:32:27.352 | INFO     | __main__:objective:58 - Starting epoch #6.
2023-05-15 05:32:35.167 | INFO     | utils.logging:log_training_results:280 - 
2023-05-15 05:32:35.168 | INFO     | utils.logging:log_training_results:281 - Global Step =   2500
2023-05-15 05:32:35.169 | INFO     | utils.logging:log_training_results:282 - val mean(MacRec)_t: 0.8757466673851013
2023-05-15 05:32:35.169 | INFO     | utils.logging:log_training_results:287 - val mean ABSerr: 0.20503705739974976
2023-05-15 05:32:35.169 | INFO     | utils.logging:log_training_results:290 - val ausat from confmx: 0.9832699298858643
2023-05-15 05:32:35.169 | INFO     | utils.logging:log_training_results:326 - val MCE loss:0.94940 * 0.5
2023-05-15 05:32:35.170 | INFO     | utils.logging:log_training_results:333 - val LLLR :0.29382 * 0.4
2023-05-15 05:32:35.170 | INFO     | utils.logging:log_training_results:340 - val weight decay:671.34247 * 0.0007
2023-05-15 05:32:35.371 | INFO     | utils.checkpoint:update_and_save_result:168 - [36mBest value updated![0m
2023-05-15 05:32:35.380 | INFO     | utils.checkpoint:save_checkpoint:83 - [36mSaved checkpoint[0m at step 2500.
2023-05-15 05:32:35.382 | INFO     | utils.checkpoint:keep_max_num_saved_models:101 - Removed the oldest model for max_to_keep=1
2023-05-15 05:32:35.933 | INFO     | utils.logging:save_sdre_imgs:710 - Figures saved.
2023-05-15 05:32:36.195 | INFO     | utils.logging:log_training_results:280 - 
2023-05-15 05:32:36.196 | INFO     | utils.logging:log_training_results:281 - Global Step =   2500
2023-05-15 05:32:36.196 | INFO     | utils.logging:log_training_results:282 - train mean(MacRec)_t: 0.8539106845855713
2023-05-15 05:32:36.196 | INFO     | utils.logging:log_training_results:287 - train mean ABSerr: 0.5835484266281128
2023-05-15 05:32:36.196 | INFO     | utils.logging:log_training_results:290 - train ausat from confmx: 0.9884551763534546
2023-05-15 05:32:36.197 | INFO     | utils.logging:log_training_results:326 - train MCE loss:0.95809 * 0.5
2023-05-15 05:32:36.197 | INFO     | utils.logging:log_training_results:333 - train LLLR :0.34457 * 0.4
2023-05-15 05:32:36.197 | INFO     | utils.logging:log_training_results:340 - train weight decay:671.34247 * 0.0007
2023-05-15 05:32:52.552 | INFO     | utils.logging:log_training_results:280 - 
2023-05-15 05:32:52.552 | INFO     | utils.logging:log_training_results:281 - Global Step =   2750
2023-05-15 05:32:52.553 | INFO     | utils.logging:log_training_results:282 - val mean(MacRec)_t: 0.8754733800888062
2023-05-15 05:32:52.553 | INFO     | utils.logging:log_training_results:287 - val mean ABSerr: 0.21918120980262756
2023-05-15 05:32:52.553 | INFO     | utils.logging:log_training_results:290 - val ausat from confmx: 0.9827823042869568
2023-05-15 05:32:52.554 | INFO     | utils.logging:log_training_results:326 - val MCE loss:0.94939 * 0.5
2023-05-15 05:32:52.554 | INFO     | utils.logging:log_training_results:333 - val LLLR :0.29428 * 0.4
2023-05-15 05:32:52.554 | INFO     | utils.logging:log_training_results:340 - val weight decay:649.99463 * 0.0007
2023-05-15 05:32:53.318 | INFO     | utils.logging:save_sdre_imgs:710 - Figures saved.
2023-05-15 05:32:53.587 | INFO     | utils.logging:log_training_results:280 - 
2023-05-15 05:32:53.588 | INFO     | utils.logging:log_training_results:281 - Global Step =   2750
2023-05-15 05:32:53.588 | INFO     | utils.logging:log_training_results:282 - train mean(MacRec)_t: 0.8763598203659058
2023-05-15 05:32:53.588 | INFO     | utils.logging:log_training_results:287 - train mean ABSerr: 0.5586698055267334
2023-05-15 05:32:53.588 | INFO     | utils.logging:log_training_results:290 - train ausat from confmx: 0.9706958532333374
2023-05-15 05:32:53.589 | INFO     | utils.logging:log_training_results:326 - train MCE loss:0.95094 * 0.5
2023-05-15 05:32:53.589 | INFO     | utils.logging:log_training_results:333 - train LLLR :0.32237 * 0.4
2023-05-15 05:32:53.589 | INFO     | utils.logging:log_training_results:340 - train weight decay:649.99463 * 0.0007
2023-05-15 05:32:56.598 | INFO     | __main__:objective:58 - Starting epoch #7.
2023-05-15 05:33:10.345 | INFO     | utils.logging:log_training_results:280 - 
2023-05-15 05:33:10.345 | INFO     | utils.logging:log_training_results:281 - Global Step =   3000
2023-05-15 05:33:10.346 | INFO     | utils.logging:log_training_results:282 - val mean(MacRec)_t: 0.8759499788284302
2023-05-15 05:33:10.346 | INFO     | utils.logging:log_training_results:287 - val mean ABSerr: 0.21343949437141418
2023-05-15 05:33:10.346 | INFO     | utils.logging:log_training_results:290 - val ausat from confmx: 0.9832632541656494
2023-05-15 05:33:10.347 | INFO     | utils.logging:log_training_results:326 - val MCE loss:0.94928 * 0.5
2023-05-15 05:33:10.347 | INFO     | utils.logging:log_training_results:333 - val LLLR :0.29330 * 0.4
2023-05-15 05:33:10.347 | INFO     | utils.logging:log_training_results:340 - val weight decay:629.78662 * 0.0007
2023-05-15 05:33:10.553 | INFO     | utils.checkpoint:update_and_save_result:168 - [36mBest value updated![0m
2023-05-15 05:33:10.562 | INFO     | utils.checkpoint:save_checkpoint:83 - [36mSaved checkpoint[0m at step 3000.
2023-05-15 05:33:10.564 | INFO     | utils.checkpoint:keep_max_num_saved_models:101 - Removed the oldest model for max_to_keep=1
2023-05-15 05:33:11.176 | INFO     | utils.logging:save_sdre_imgs:710 - Figures saved.
2023-05-15 05:33:11.463 | INFO     | utils.logging:log_training_results:280 - 
2023-05-15 05:33:11.463 | INFO     | utils.logging:log_training_results:281 - Global Step =   3000
2023-05-15 05:33:11.464 | INFO     | utils.logging:log_training_results:282 - train mean(MacRec)_t: 0.8844553828239441
2023-05-15 05:33:11.464 | INFO     | utils.logging:log_training_results:287 - train mean ABSerr: 0.5469414591789246
2023-05-15 05:33:11.465 | INFO     | utils.logging:log_training_results:290 - train ausat from confmx: 0.9853560924530029
2023-05-15 05:33:11.465 | INFO     | utils.logging:log_training_results:326 - train MCE loss:0.94289 * 0.5
2023-05-15 05:33:11.465 | INFO     | utils.logging:log_training_results:333 - train LLLR :0.27886 * 0.4
2023-05-15 05:33:11.465 | INFO     | utils.logging:log_training_results:340 - train weight decay:629.78662 * 0.0007
2023-05-15 05:33:23.460 | INFO     | __main__:objective:58 - Starting epoch #8.
2023-05-15 05:33:28.338 | INFO     | utils.logging:log_training_results:280 - 
2023-05-15 05:33:28.340 | INFO     | utils.logging:log_training_results:281 - Global Step =   3250
2023-05-15 05:33:28.341 | INFO     | utils.logging:log_training_results:282 - val mean(MacRec)_t: 0.8759899735450745
2023-05-15 05:33:28.341 | INFO     | utils.logging:log_training_results:287 - val mean ABSerr: 0.20601589977741241
2023-05-15 05:33:28.341 | INFO     | utils.logging:log_training_results:290 - val ausat from confmx: 0.9830092787742615
2023-05-15 05:33:28.342 | INFO     | utils.logging:log_training_results:326 - val MCE loss:0.94926 * 0.5
2023-05-15 05:33:28.342 | INFO     | utils.logging:log_training_results:333 - val LLLR :0.29361 * 0.4
2023-05-15 05:33:28.342 | INFO     | utils.logging:log_training_results:340 - val weight decay:610.84387 * 0.0007
2023-05-15 05:33:28.545 | INFO     | utils.checkpoint:update_and_save_result:168 - [36mBest value updated![0m
2023-05-15 05:33:28.554 | INFO     | utils.checkpoint:save_checkpoint:83 - [36mSaved checkpoint[0m at step 3250.
2023-05-15 05:33:28.556 | INFO     | utils.checkpoint:keep_max_num_saved_models:101 - Removed the oldest model for max_to_keep=1
2023-05-15 05:33:29.315 | INFO     | utils.logging:save_sdre_imgs:710 - Figures saved.
2023-05-15 05:33:29.582 | INFO     | utils.logging:log_training_results:280 - 
2023-05-15 05:33:29.582 | INFO     | utils.logging:log_training_results:281 - Global Step =   3250
2023-05-15 05:33:29.582 | INFO     | utils.logging:log_training_results:282 - train mean(MacRec)_t: 0.8600515723228455
2023-05-15 05:33:29.583 | INFO     | utils.logging:log_training_results:287 - train mean ABSerr: 0.5237346291542053
2023-05-15 05:33:29.583 | INFO     | utils.logging:log_training_results:290 - train ausat from confmx: 0.9901941418647766
2023-05-15 05:33:29.583 | INFO     | utils.logging:log_training_results:326 - train MCE loss:0.95992 * 0.5
2023-05-15 05:33:29.584 | INFO     | utils.logging:log_training_results:333 - train LLLR :0.32166 * 0.4
2023-05-15 05:33:29.584 | INFO     | utils.logging:log_training_results:340 - train weight decay:610.84381 * 0.0007
2023-05-15 05:33:46.122 | INFO     | utils.logging:log_training_results:280 - 
2023-05-15 05:33:46.122 | INFO     | utils.logging:log_training_results:281 - Global Step =   3500
2023-05-15 05:33:46.123 | INFO     | utils.logging:log_training_results:282 - val mean(MacRec)_t: 0.875819981098175
2023-05-15 05:33:46.123 | INFO     | utils.logging:log_training_results:287 - val mean ABSerr: 0.20763885974884033
2023-05-15 05:33:46.123 | INFO     | utils.logging:log_training_results:290 - val ausat from confmx: 0.9832843542098999
2023-05-15 05:33:46.124 | INFO     | utils.logging:log_training_results:326 - val MCE loss:0.94919 * 0.5
2023-05-15 05:33:46.124 | INFO     | utils.logging:log_training_results:333 - val LLLR :0.29358 * 0.4
2023-05-15 05:33:46.124 | INFO     | utils.logging:log_training_results:340 - val weight decay:593.11115 * 0.0007
2023-05-15 05:33:46.865 | INFO     | utils.logging:save_sdre_imgs:710 - Figures saved.
2023-05-15 05:33:47.139 | INFO     | utils.logging:log_training_results:280 - 
2023-05-15 05:33:47.139 | INFO     | utils.logging:log_training_results:281 - Global Step =   3500
2023-05-15 05:33:47.140 | INFO     | utils.logging:log_training_results:282 - train mean(MacRec)_t: 0.8910130858421326
2023-05-15 05:33:47.140 | INFO     | utils.logging:log_training_results:287 - train mean ABSerr: 0.5429261922836304
2023-05-15 05:33:47.140 | INFO     | utils.logging:log_training_results:290 - train ausat from confmx: 0.9717717170715332
2023-05-15 05:33:47.141 | INFO     | utils.logging:log_training_results:326 - train MCE loss:0.94978 * 0.5
2023-05-15 05:33:47.141 | INFO     | utils.logging:log_training_results:333 - train LLLR :0.26160 * 0.4
2023-05-15 05:33:47.141 | INFO     | utils.logging:log_training_results:340 - train weight decay:593.11115 * 0.0007
2023-05-15 05:33:55.024 | INFO     | __main__:objective:58 - Starting epoch #9.
2023-05-15 05:34:06.539 | INFO     | utils.logging:log_training_results:280 - 
2023-05-15 05:34:06.541 | INFO     | utils.logging:log_training_results:281 - Global Step =   3750
2023-05-15 05:34:06.541 | INFO     | utils.logging:log_training_results:282 - val mean(MacRec)_t: 0.8759567141532898
2023-05-15 05:34:06.541 | INFO     | utils.logging:log_training_results:287 - val mean ABSerr: 0.2052905559539795
2023-05-15 05:34:06.542 | INFO     | utils.logging:log_training_results:290 - val ausat from confmx: 0.9836515188217163
2023-05-15 05:34:06.542 | INFO     | utils.logging:log_training_results:326 - val MCE loss:0.94912 * 0.5
2023-05-15 05:34:06.542 | INFO     | utils.logging:log_training_results:333 - val LLLR :0.29332 * 0.4
2023-05-15 05:34:06.543 | INFO     | utils.logging:log_training_results:340 - val weight decay:576.57465 * 0.0007
2023-05-15 05:34:06.799 | INFO     | utils.checkpoint:update_and_save_result:168 - [36mBest value updated![0m
2023-05-15 05:34:06.812 | INFO     | utils.checkpoint:save_checkpoint:83 - [36mSaved checkpoint[0m at step 3750.
2023-05-15 05:34:06.816 | INFO     | utils.checkpoint:keep_max_num_saved_models:101 - Removed the oldest model for max_to_keep=1
2023-05-15 05:34:07.778 | INFO     | utils.logging:save_sdre_imgs:710 - Figures saved.
2023-05-15 05:34:08.059 | INFO     | utils.logging:log_training_results:280 - 
2023-05-15 05:34:08.059 | INFO     | utils.logging:log_training_results:281 - Global Step =   3750
2023-05-15 05:34:08.060 | INFO     | utils.logging:log_training_results:282 - train mean(MacRec)_t: 0.8756223917007446
2023-05-15 05:34:08.060 | INFO     | utils.logging:log_training_results:287 - train mean ABSerr: 0.5242159366607666
2023-05-15 05:34:08.060 | INFO     | utils.logging:log_training_results:290 - train ausat from confmx: 0.9840729832649231
2023-05-15 05:34:08.060 | INFO     | utils.logging:log_training_results:326 - train MCE loss:0.95056 * 0.5
2023-05-15 05:34:08.061 | INFO     | utils.logging:log_training_results:333 - train LLLR :0.31067 * 0.4
2023-05-15 05:34:08.061 | INFO     | utils.logging:log_training_results:340 - train weight decay:576.57458 * 0.0007
2023-05-15 05:34:23.177 | INFO     | utils.logging:investigate_log:155 - num_warning=0/num_error=0 in the .log file.
2023-05-15 05:34:23.569 | INFO     | optuna.study.study:_log_completed_trial:1013 - Trial 51 finished with values: [0.12401002645492554, 0.20503705739974976, 0.01634848117828369] and parameters: {'LIST_IS_POSITIONAL_ENCODING': False, 'LIST_MODEL_BACKBONE': 'Transformer', 'LIST_WEIGHT_DECAY': 0.0007, 'LIST_LEARNING_RATE': 4.098946936897449e-05, 'LIST_LLLR_VERSION': 'LSEL', 'LIST_ACTIVATION_FC': 'gelu', 'LIST_PARAM_MULTIPLET_LOSS': 0.5, 'LIST_PARAM_LLR_LOSS': 0.4, 'LIST_IS_ADAPTIVE_LOSS': False, 'LIST_ORDER_SPRT': 2, 'LIST_OPTIMIZER': 'rmsprop', 'LIST_IS_NORMALIZE': False, 'LIST_NUM_THRESH': 1500, 'LIST_SPARSITY': 'logspace', 'LIST_NUM_BLOCKS': 1, 'LIST_NUM_HEADS': 4, 'LIST_DROPOUT': 0.1, 'LIST_FF_DIM': 32, 'LIST_MLP_UNITS': 64}. 
2023-05-15 05:34:23.752 | INFO     | utils.hyperparameter_tuning:suggest_parameters:560 - [33mStarting a tuning phase.[0m
2023-05-15 05:34:26.591 | INFO     | utils.hyperparameter_tuning:print:394 - 
+------------------------------------------+
|   Hyperparameteres suggested by Optuna   |
+------------------------+-----------------+
|     Parameter name     | Suggested value |
+------------------------+-----------------+
|     ACTIVATION_FC      |     B2Bsqrt     |
|        DROPOUT         |       0.5       |
|         FF_DIM         |        32       |
|    IS_ADAPTIVE_LOSS    |       True      |
|      IS_NORMALIZE      |      False      |
| IS_POSITIONAL_ENCODING |      False      |
|     LEARNING_RATE      |    3.3344e-05   |
|      LLLR_VERSION      |       LSEL      |
|       MLP_UNITS        |        64       |
|     MODEL_BACKBONE     |   Transformer   |
|       NUM_BLOCKS       |        1        |
|       NUM_HEADS        |        4        |
|       NUM_THRESH       |       1500      |
|       OPTIMIZER        |       adam      |
|       ORDER_SPRT       |        1        |
|     PARAM_LLR_LOSS     |       0.1       |
|  PARAM_MULTIPLET_LOSS  |       0.8       |
|        SPARSITY        |    lograndom    |
|      WEIGHT_DECAY      |      0.0001     |
+------------------------+-----------------+
2023-05-15 05:34:26.592 | INFO     | utils.misc:create_directories_and_log:291 - [33mA new log directory was created: [0m/home/afe/Dropbox/GitHub/SPRT-TANDEM-PyTorch/logs/public_offset0_5_optimall_tuning/checkpoints/Transformer_20230515_053426592/configs
2023-05-15 05:34:26.593 | INFO     | utils.misc:create_directories_and_log:291 - [33mA new log directory was created: [0m/home/afe/Dropbox/GitHub/SPRT-TANDEM-PyTorch/logs/public_offset0_5_optimall_tuning/TensorBoard_events/Transformer_20230515_053426592
