2023-05-15 05:27:13.717 | INFO     | utils.misc:fix_random_seed:405 - Random seed is not fixed.
2023-05-15 05:27:13.728 | INFO     | models.temporal_integrators:summarize:566 - 
:'######::'########::'########::'########::::::::::::::::::::::
'##... ##: ##.... ##: ##.... ##:... ##..:::::::::::::::::::::::
 ##:::..:: ##:::: ##: ##:::: ##:::: ##:::::::::::::::::::::::::
. ######:: ########:: ########::::: ##::::'#######:::::::::::::
:..... ##: ##.....::: ##.. ##:::::: ##::::........:::::::::::::
'##::: ##: ##:::::::: ##::. ##::::: ##:::::::::::::::::::::::::
. ######:: ##:::::::: ##:::. ##:::: ##:::::::::::::::::::::::::
:......:::..:::::::::..:::::..:::::..::::::::::::::::::::::::::
'########::::'###::::'##::: ##:'########::'########:'##::::'##:
... ##..::::'## ##::: ###:: ##: ##.... ##: ##.....:: ###::'###:
::: ##:::::'##:. ##:: ####: ##: ##:::: ##: ##::::::: ####'####:
::: ##::::'##:::. ##: ## ## ##: ##:::: ##: ######::: ## ### ##:
::: ##:::: #########: ##. ####: ##:::: ##: ##...:::: ##. #: ##:
::: ##:::: ##.... ##: ##:. ###: ##:::: ##: ##::::::: ##:.:: ##:
::: ##:::: ##:::: ##: ##::. ##: ########:: ########: ##:::: ##:
:::..:::::..:::::..::..::::..::........:::........::..:::::..::

2023-05-15 05:27:13.729 | INFO     | models.temporal_integrators:summarize:569 - [34mofficial PyTorch implementation.[0m
2023-05-15 05:27:13.772 | INFO     | models.temporal_integrators:summarize:591 - Network summary:
===============================================================================================
Layer (type:depth-idx)                        Output Shape              Param #
===============================================================================================
TANDEMformer                                  [150, 50, 3, 3]           3
├─PositionalEncoding: 1-1                     [7500, 1, 128]            --
│    └─Dropout: 2-1                           [1, 7500, 128]            --
├─TransformerEncoder: 1-2                     [7500, 1, 128]            --
│    └─ModuleList: 2-2                        --                        --
│    │    └─TransformerEncoderLayer: 3-1      [7500, 1, 128]            74,912
├─Linear: 1-3                                 [7500, 64]                8,256
├─Dropout: 1-4                                [7500, 64]                --
├─LayerNorm: 1-5                              [7500, 64]                128
├─Linear: 1-6                                 [7500, 3]                 195
===============================================================================================
Total params: 83,494
Trainable params: 83,494
Non-trainable params: 0
Total mult-adds (M): 130.82
===============================================================================================
Input size (MB): 3.84
Forward/backward pass size (MB): 32.82
Params size (MB): 0.07
Estimated Total Size (MB): 36.73
===============================================================================================
2023-05-15 05:27:13.773 | INFO     | models.temporal_integrators:summarize:592 - Example input shape: torch.Size([150, 50, 128])
2023-05-15 05:27:13.773 | INFO     | models.temporal_integrators:summarize:593 - Example output shape: torch.Size([150, 50, 3, 3])
2023-05-15 05:27:13.774 | INFO     | models.temporal_integrators:import_model:58 - model moved onto: [33mcuda.[0m
2023-05-15 05:27:13.775 | INFO     | models.optimizers:initialize_optimizer:44 - Optimizer:
AdamW (
Parameter Group 0
    amsgrad: False
    betas: (0.9, 0.999)
    capturable: False
    differentiable: False
    eps: 1e-08
    foreach: None
    fused: None
    lr: 0.0009967061995380293
    maximize: False
    weight_decay: 0.0005
)
2023-05-15 05:27:13.775 | INFO     | datasets.data_processing:lmdb_dataloaders:293 - loading data... 
2023-05-15 05:27:13.776 | INFO     | datasets.data_processing:lmdb_dataloaders:295 - If this process takes long, consider setting is_load_onto_memory=False or use LMDBIterableDataset.
2023-05-15 05:27:16.002 | INFO     | __main__:objective:58 - Starting epoch #0.
2023-05-15 05:27:17.128 | INFO     | utils.logging:log_training_results:280 - 
2023-05-15 05:27:17.129 | INFO     | utils.logging:log_training_results:281 - Global Step =      0
2023-05-15 05:27:17.129 | INFO     | utils.logging:log_training_results:282 - val mean(MacRec)_t: 0.3681200444698334
2023-05-15 05:27:17.129 | INFO     | utils.logging:log_training_results:287 - val mean ABSerr: 4.0957770347595215
2023-05-15 05:27:17.129 | INFO     | utils.logging:log_training_results:290 - val ausat from confmx: 0.36689668893814087
2023-05-15 05:27:17.130 | INFO     | utils.logging:log_training_results:301 - val MCE loss:1.13933 * 1.0 * -0.37099
2023-05-15 05:27:17.130 | INFO     | utils.logging:log_training_results:309 - val LLLR :0.36756 * 0.30000000000000004 * 0.98173
2023-05-15 05:27:17.130 | INFO     | utils.logging:log_training_results:317 - val weight decay:638.88068 * 0.0005 * -0.30344
2023-05-15 05:27:17.882 | INFO     | utils.logging:save_sdre_imgs:710 - Figures saved.
2023-05-15 05:27:18.116 | INFO     | utils.logging:log_training_results:280 - 
2023-05-15 05:27:18.117 | INFO     | utils.logging:log_training_results:281 - Global Step =      0
2023-05-15 05:27:18.117 | INFO     | utils.logging:log_training_results:282 - train mean(MacRec)_t: 0.3577905595302582
2023-05-15 05:27:18.118 | INFO     | utils.logging:log_training_results:287 - train mean ABSerr: 3.7191083431243896
2023-05-15 05:27:18.118 | INFO     | utils.logging:log_training_results:290 - train ausat from confmx: 0.36593466997146606
2023-05-15 05:27:18.118 | INFO     | utils.logging:log_training_results:301 - train MCE loss:1.13982 * 1.0 * -0.37199
2023-05-15 05:27:18.119 | INFO     | utils.logging:log_training_results:309 - train LLLR :0.36736 * 0.30000000000000004 * 0.98073
2023-05-15 05:27:18.119 | INFO     | utils.logging:log_training_results:317 - train weight decay:638.88068 * 0.0005 * -0.30443
2023-05-15 05:27:25.469 | INFO     | utils.logging:log_training_results:280 - 
2023-05-15 05:27:25.469 | INFO     | utils.logging:log_training_results:281 - Global Step =    250
2023-05-15 05:27:25.470 | INFO     | utils.logging:log_training_results:282 - val mean(MacRec)_t: 0.7696199417114258
2023-05-15 05:27:25.470 | INFO     | utils.logging:log_training_results:287 - val mean ABSerr: 1.754112958908081
2023-05-15 05:27:25.470 | INFO     | utils.logging:log_training_results:290 - val ausat from confmx: 0.8542072176933289
2023-05-15 05:27:25.471 | INFO     | utils.logging:log_training_results:301 - val MCE loss:1.02552 * 1.0 * -0.53498
2023-05-15 05:27:25.471 | INFO     | utils.logging:log_training_results:309 - val LLLR :0.26316 * 0.30000000000000004 * 0.71765
2023-05-15 05:27:25.471 | INFO     | utils.logging:log_training_results:317 - val weight decay:223.03716 * 0.0005 * -0.24474
2023-05-15 05:27:25.629 | INFO     | utils.checkpoint:update_and_save_result:168 - [36mBest value updated![0m
2023-05-15 05:27:25.641 | INFO     | utils.checkpoint:save_checkpoint:83 - [36mSaved checkpoint[0m at step 250.
2023-05-15 05:27:26.289 | INFO     | utils.logging:save_sdre_imgs:710 - Figures saved.
2023-05-15 05:27:26.543 | INFO     | utils.logging:log_training_results:280 - 
2023-05-15 05:27:26.544 | INFO     | utils.logging:log_training_results:281 - Global Step =    250
2023-05-15 05:27:26.544 | INFO     | utils.logging:log_training_results:282 - train mean(MacRec)_t: 0.7555844187736511
2023-05-15 05:27:26.544 | INFO     | utils.logging:log_training_results:287 - train mean ABSerr: 1.8865528106689453
2023-05-15 05:27:26.545 | INFO     | utils.logging:log_training_results:290 - train ausat from confmx: 0.8444687724113464
2023-05-15 05:27:26.545 | INFO     | utils.logging:log_training_results:301 - train MCE loss:1.05334 * 1.0 * -0.53541
2023-05-15 05:27:26.545 | INFO     | utils.logging:log_training_results:309 - train LLLR :0.27277 * 0.30000000000000004 * 0.71652
2023-05-15 05:27:26.545 | INFO     | utils.logging:log_training_results:317 - train weight decay:223.03714 * 0.0005 * -0.24424
2023-05-15 05:27:30.473 | INFO     | __main__:objective:58 - Starting epoch #1.
2023-05-15 05:27:34.108 | INFO     | utils.logging:log_training_results:280 - 
2023-05-15 05:27:34.109 | INFO     | utils.logging:log_training_results:281 - Global Step =    500
2023-05-15 05:27:34.109 | INFO     | utils.logging:log_training_results:282 - val mean(MacRec)_t: 0.844559907913208
2023-05-15 05:27:34.110 | INFO     | utils.logging:log_training_results:287 - val mean ABSerr: 1.1066527366638184
2023-05-15 05:27:34.110 | INFO     | utils.logging:log_training_results:290 - val ausat from confmx: 0.9519447684288025
2023-05-15 05:27:34.110 | INFO     | utils.logging:log_training_results:301 - val MCE loss:1.02522 * 1.0 * -0.61583
2023-05-15 05:27:34.111 | INFO     | utils.logging:log_training_results:309 - val LLLR :0.25087 * 0.30000000000000004 * 0.41199
2023-05-15 05:27:34.111 | INFO     | utils.logging:log_training_results:317 - val weight decay:64.76803 * 0.0005 * -0.12894
2023-05-15 05:27:34.275 | INFO     | utils.checkpoint:update_and_save_result:168 - [36mBest value updated![0m
2023-05-15 05:27:34.286 | INFO     | utils.checkpoint:save_checkpoint:83 - [36mSaved checkpoint[0m at step 500.
2023-05-15 05:27:34.288 | INFO     | utils.checkpoint:keep_max_num_saved_models:101 - Removed the oldest model for max_to_keep=1
2023-05-15 05:27:34.856 | INFO     | utils.logging:save_sdre_imgs:710 - Figures saved.
2023-05-15 05:27:35.105 | INFO     | utils.logging:log_training_results:280 - 
2023-05-15 05:27:35.105 | INFO     | utils.logging:log_training_results:281 - Global Step =    500
2023-05-15 05:27:35.106 | INFO     | utils.logging:log_training_results:282 - train mean(MacRec)_t: 0.812687337398529
2023-05-15 05:27:35.106 | INFO     | utils.logging:log_training_results:287 - train mean ABSerr: 1.5089298486709595
2023-05-15 05:27:35.106 | INFO     | utils.logging:log_training_results:290 - train ausat from confmx: 0.929711103439331
2023-05-15 05:27:35.107 | INFO     | utils.logging:log_training_results:301 - train MCE loss:1.04444 * 1.0 * -0.61607
2023-05-15 05:27:35.107 | INFO     | utils.logging:log_training_results:309 - train LLLR :0.25896 * 0.30000000000000004 * 0.41067
2023-05-15 05:27:35.107 | INFO     | utils.logging:log_training_results:317 - train weight decay:64.76803 * 0.0005 * -0.12846
2023-05-15 05:27:42.497 | INFO     | utils.logging:log_training_results:280 - 
2023-05-15 05:27:42.498 | INFO     | utils.logging:log_training_results:281 - Global Step =    750
2023-05-15 05:27:42.498 | INFO     | utils.logging:log_training_results:282 - val mean(MacRec)_t: 0.841789960861206
2023-05-15 05:27:42.499 | INFO     | utils.logging:log_training_results:287 - val mean ABSerr: 2.5554311275482178
2023-05-15 05:27:42.499 | INFO     | utils.logging:log_training_results:290 - val ausat from confmx: 0.959218442440033
2023-05-15 05:27:42.499 | INFO     | utils.logging:log_training_results:301 - val MCE loss:1.06158 * 1.0 * -0.65055
2023-05-15 05:27:42.500 | INFO     | utils.logging:log_training_results:309 - val LLLR :0.28445 * 0.30000000000000004 * 0.20639
2023-05-15 05:27:42.500 | INFO     | utils.logging:log_training_results:317 - val weight decay:0.77907 * 0.0005 * -0.01395
2023-05-15 05:27:42.667 | INFO     | utils.checkpoint:update_and_save_result:168 - [36mBest value updated![0m
2023-05-15 05:27:42.677 | INFO     | utils.checkpoint:save_checkpoint:83 - [36mSaved checkpoint[0m at step 750.
2023-05-15 05:27:42.679 | INFO     | utils.checkpoint:keep_max_num_saved_models:101 - Removed the oldest model for max_to_keep=1
2023-05-15 05:27:43.271 | INFO     | utils.logging:save_sdre_imgs:710 - Figures saved.
2023-05-15 05:27:43.518 | INFO     | utils.logging:log_training_results:280 - 
2023-05-15 05:27:43.519 | INFO     | utils.logging:log_training_results:281 - Global Step =    750
2023-05-15 05:27:43.519 | INFO     | utils.logging:log_training_results:282 - train mean(MacRec)_t: 0.762208104133606
2023-05-15 05:27:43.519 | INFO     | utils.logging:log_training_results:287 - train mean ABSerr: 2.9521892070770264
2023-05-15 05:27:43.520 | INFO     | utils.logging:log_training_results:290 - train ausat from confmx: 0.9142541289329529
2023-05-15 05:27:43.520 | INFO     | utils.logging:log_training_results:301 - train MCE loss:1.07499 * 1.0 * -0.65038
2023-05-15 05:27:43.520 | INFO     | utils.logging:log_training_results:309 - train LLLR :0.30550 * 0.30000000000000004 * 0.20647
2023-05-15 05:27:43.520 | INFO     | utils.logging:log_training_results:317 - train weight decay:0.77907 * 0.0005 * -0.01387
2023-05-15 05:27:44.901 | INFO     | __main__:objective:58 - Starting epoch #2.
2023-05-15 05:27:51.092 | INFO     | utils.logging:log_training_results:280 - 
2023-05-15 05:27:51.093 | INFO     | utils.logging:log_training_results:281 - Global Step =   1000
2023-05-15 05:27:51.093 | INFO     | utils.logging:log_training_results:282 - val mean(MacRec)_t: 0.8372966647148132
2023-05-15 05:27:51.093 | INFO     | utils.logging:log_training_results:287 - val mean ABSerr: 3.1873836517333984
2023-05-15 05:27:51.093 | INFO     | utils.logging:log_training_results:290 - val ausat from confmx: 0.9570033550262451
2023-05-15 05:27:51.094 | INFO     | utils.logging:log_training_results:301 - val MCE loss:1.08479 * 1.0 * -0.58718
2023-05-15 05:27:51.094 | INFO     | utils.logging:log_training_results:309 - val LLLR :0.33297 * 0.30000000000000004 * 0.21539
2023-05-15 05:27:51.094 | INFO     | utils.logging:log_training_results:317 - val weight decay:0.45970 * 0.0005 * -0.01068
2023-05-15 05:27:51.860 | INFO     | utils.logging:save_sdre_imgs:710 - Figures saved.
2023-05-15 05:27:52.102 | INFO     | utils.logging:log_training_results:280 - 
2023-05-15 05:27:52.103 | INFO     | utils.logging:log_training_results:281 - Global Step =   1000
2023-05-15 05:27:52.103 | INFO     | utils.logging:log_training_results:282 - train mean(MacRec)_t: 0.7750656008720398
2023-05-15 05:27:52.104 | INFO     | utils.logging:log_training_results:287 - train mean ABSerr: 3.193767547607422
2023-05-15 05:27:52.104 | INFO     | utils.logging:log_training_results:290 - train ausat from confmx: 0.8874387741088867
2023-05-15 05:27:52.104 | INFO     | utils.logging:log_training_results:301 - train MCE loss:1.08903 * 1.0 * -0.58699
2023-05-15 05:27:52.105 | INFO     | utils.logging:log_training_results:309 - train LLLR :0.34345 * 0.30000000000000004 * 0.21542
2023-05-15 05:27:52.105 | INFO     | utils.logging:log_training_results:317 - train weight decay:0.45970 * 0.0005 * -0.01073
2023-05-15 05:27:57.327 | INFO     | __main__:objective:58 - Starting epoch #3.
2023-05-15 05:27:59.724 | INFO     | utils.logging:log_training_results:280 - 
2023-05-15 05:27:59.724 | INFO     | utils.logging:log_training_results:281 - Global Step =   1250
2023-05-15 05:27:59.725 | INFO     | utils.logging:log_training_results:282 - val mean(MacRec)_t: 0.6713134050369263
2023-05-15 05:27:59.725 | INFO     | utils.logging:log_training_results:287 - val mean ABSerr: 3.2900266647338867
2023-05-15 05:27:59.725 | INFO     | utils.logging:log_training_results:290 - val ausat from confmx: 0.7789508700370789
2023-05-15 05:27:59.725 | INFO     | utils.logging:log_training_results:301 - val MCE loss:1.08913 * 1.0 * -0.55934
2023-05-15 05:27:59.726 | INFO     | utils.logging:log_training_results:309 - val LLLR :0.34565 * 0.30000000000000004 * 0.21702
2023-05-15 05:27:59.726 | INFO     | utils.logging:log_training_results:317 - val weight decay:0.40216 * 0.0005 * -0.01001
2023-05-15 05:28:00.757 | INFO     | utils.logging:save_sdre_imgs:710 - Figures saved.
2023-05-15 05:28:01.011 | INFO     | utils.logging:log_training_results:280 - 
2023-05-15 05:28:01.012 | INFO     | utils.logging:log_training_results:281 - Global Step =   1250
2023-05-15 05:28:01.012 | INFO     | utils.logging:log_training_results:282 - train mean(MacRec)_t: 0.5596669316291809
2023-05-15 05:28:01.013 | INFO     | utils.logging:log_training_results:287 - train mean ABSerr: 3.190197467803955
2023-05-15 05:28:01.013 | INFO     | utils.logging:log_training_results:290 - train ausat from confmx: 0.6070264577865601
2023-05-15 05:28:01.013 | INFO     | utils.logging:log_training_results:301 - train MCE loss:1.09184 * 1.0 * -0.55929
2023-05-15 05:28:01.013 | INFO     | utils.logging:log_training_results:309 - train LLLR :0.35295 * 0.30000000000000004 * 0.21704
2023-05-15 05:28:01.014 | INFO     | utils.logging:log_training_results:317 - train weight decay:0.40216 * 0.0005 * -0.01002
2023-05-15 05:28:08.593 | INFO     | utils.logging:log_training_results:280 - 
2023-05-15 05:28:08.594 | INFO     | utils.logging:log_training_results:281 - Global Step =   1500
2023-05-15 05:28:08.595 | INFO     | utils.logging:log_training_results:282 - val mean(MacRec)_t: 0.6094099879264832
2023-05-15 05:28:08.595 | INFO     | utils.logging:log_training_results:287 - val mean ABSerr: 3.399144172668457
2023-05-15 05:28:08.595 | INFO     | utils.logging:log_training_results:290 - val ausat from confmx: 0.6572014689445496
2023-05-15 05:28:08.596 | INFO     | utils.logging:log_training_results:301 - val MCE loss:1.09425 * 1.0 * -0.55347
2023-05-15 05:28:08.596 | INFO     | utils.logging:log_training_results:309 - val LLLR :0.36109 * 0.30000000000000004 * 0.21971
2023-05-15 05:28:08.597 | INFO     | utils.logging:log_training_results:317 - val weight decay:0.37998 * 0.0005 * -0.00974
2023-05-15 05:28:09.335 | INFO     | utils.logging:save_sdre_imgs:710 - Figures saved.
2023-05-15 05:28:09.578 | INFO     | utils.logging:log_training_results:280 - 
2023-05-15 05:28:09.579 | INFO     | utils.logging:log_training_results:281 - Global Step =   1500
2023-05-15 05:28:09.580 | INFO     | utils.logging:log_training_results:282 - train mean(MacRec)_t: 0.5526634454727173
2023-05-15 05:28:09.580 | INFO     | utils.logging:log_training_results:287 - train mean ABSerr: 3.269716739654541
2023-05-15 05:28:09.580 | INFO     | utils.logging:log_training_results:290 - train ausat from confmx: 0.6093133687973022
2023-05-15 05:28:09.581 | INFO     | utils.logging:log_training_results:301 - train MCE loss:1.09577 * 1.0 * -0.55344
2023-05-15 05:28:09.581 | INFO     | utils.logging:log_training_results:309 - train LLLR :0.36596 * 0.30000000000000004 * 0.21974
2023-05-15 05:28:09.581 | INFO     | utils.logging:log_training_results:317 - train weight decay:0.37998 * 0.0005 * -0.00975
2023-05-15 05:28:12.306 | INFO     | __main__:objective:58 - Starting epoch #4.
2023-05-15 05:28:17.257 | INFO     | utils.logging:log_training_results:280 - 
2023-05-15 05:28:17.258 | INFO     | utils.logging:log_training_results:281 - Global Step =   1750
2023-05-15 05:28:17.258 | INFO     | utils.logging:log_training_results:282 - val mean(MacRec)_t: 0.3333333432674408
2023-05-15 05:28:17.259 | INFO     | utils.logging:log_training_results:287 - val mean ABSerr: 3.4937703609466553
2023-05-15 05:28:17.259 | INFO     | utils.logging:log_training_results:290 - val ausat from confmx: 0.3330000042915344
2023-05-15 05:28:17.259 | INFO     | utils.logging:log_training_results:301 - val MCE loss:1.09863 * 1.0 * -0.54429
2023-05-15 05:28:17.260 | INFO     | utils.logging:log_training_results:309 - val LLLR :0.37500 * 0.30000000000000004 * 0.22214
2023-05-15 05:28:17.260 | INFO     | utils.logging:log_training_results:317 - val weight decay:0.34570 * 0.0005 * -0.00929
2023-05-15 05:28:17.975 | INFO     | utils.logging:save_sdre_imgs:710 - Figures saved.
2023-05-15 05:28:18.139 | INFO     | utils.logging:log_training_results:280 - 
2023-05-15 05:28:18.140 | INFO     | utils.logging:log_training_results:281 - Global Step =   1750
2023-05-15 05:28:18.140 | INFO     | utils.logging:log_training_results:282 - train mean(MacRec)_t: 0.3333333432674408
2023-05-15 05:28:18.140 | INFO     | utils.logging:log_training_results:287 - train mean ABSerr: 3.478210210800171
2023-05-15 05:28:18.140 | INFO     | utils.logging:log_training_results:290 - train ausat from confmx: 0.3330000340938568
2023-05-15 05:28:18.141 | INFO     | utils.logging:log_training_results:301 - train MCE loss:1.09834 * 1.0 * -0.54428
2023-05-15 05:28:18.141 | INFO     | utils.logging:log_training_results:309 - train LLLR :0.37409 * 0.30000000000000004 * 0.22214
2023-05-15 05:28:18.141 | INFO     | utils.logging:log_training_results:317 - train weight decay:0.34570 * 0.0005 * -0.00929
2023-05-15 05:28:24.635 | INFO     | __main__:objective:58 - Starting epoch #5.
2023-05-15 05:28:25.772 | INFO     | utils.logging:log_training_results:280 - 
2023-05-15 05:28:25.773 | INFO     | utils.logging:log_training_results:281 - Global Step =   2000
2023-05-15 05:28:25.773 | INFO     | utils.logging:log_training_results:282 - val mean(MacRec)_t: 0.3333333432674408
2023-05-15 05:28:25.773 | INFO     | utils.logging:log_training_results:287 - val mean ABSerr: 3.4925882816314697
2023-05-15 05:28:25.774 | INFO     | utils.logging:log_training_results:290 - val ausat from confmx: 0.3330000042915344
2023-05-15 05:28:25.774 | INFO     | utils.logging:log_training_results:301 - val MCE loss:1.09861 * 1.0 * -0.54387
2023-05-15 05:28:25.774 | INFO     | utils.logging:log_training_results:309 - val LLLR :0.37500 * 0.30000000000000004 * 0.22194
2023-05-15 05:28:25.775 | INFO     | utils.logging:log_training_results:317 - val weight decay:0.34517 * 0.0005 * -0.00928
2023-05-15 05:28:26.495 | INFO     | utils.logging:save_sdre_imgs:710 - Figures saved.
2023-05-15 05:28:26.653 | INFO     | utils.logging:log_training_results:280 - 
2023-05-15 05:28:26.654 | INFO     | utils.logging:log_training_results:281 - Global Step =   2000
2023-05-15 05:28:26.654 | INFO     | utils.logging:log_training_results:282 - train mean(MacRec)_t: 0.3333333432674408
2023-05-15 05:28:26.654 | INFO     | utils.logging:log_training_results:287 - train mean ABSerr: 3.3994131088256836
2023-05-15 05:28:26.655 | INFO     | utils.logging:log_training_results:290 - train ausat from confmx: 0.3330000340938568
2023-05-15 05:28:26.655 | INFO     | utils.logging:log_training_results:301 - train MCE loss:1.09864 * 1.0 * -0.54387
2023-05-15 05:28:26.655 | INFO     | utils.logging:log_training_results:309 - train LLLR :0.37508 * 0.30000000000000004 * 0.22194
2023-05-15 05:28:26.655 | INFO     | utils.logging:log_training_results:317 - train weight decay:0.34517 * 0.0005 * -0.00928
2023-05-15 05:28:34.125 | INFO     | utils.logging:log_training_results:280 - 
2023-05-15 05:28:34.126 | INFO     | utils.logging:log_training_results:281 - Global Step =   2250
2023-05-15 05:28:34.126 | INFO     | utils.logging:log_training_results:282 - val mean(MacRec)_t: 0.3333333432674408
2023-05-15 05:28:34.127 | INFO     | utils.logging:log_training_results:287 - val mean ABSerr: 3.4924652576446533
2023-05-15 05:28:34.127 | INFO     | utils.logging:log_training_results:290 - val ausat from confmx: 0.3330000340938568
2023-05-15 05:28:34.127 | INFO     | utils.logging:log_training_results:301 - val MCE loss:1.09861 * 1.0 * -0.54389
2023-05-15 05:28:34.128 | INFO     | utils.logging:log_training_results:309 - val LLLR :0.37500 * 0.30000000000000004 * 0.22198
2023-05-15 05:28:34.128 | INFO     | utils.logging:log_training_results:317 - val weight decay:0.34521 * 0.0005 * -0.00925
2023-05-15 05:28:34.853 | INFO     | utils.logging:save_sdre_imgs:710 - Figures saved.
2023-05-15 05:28:35.032 | INFO     | utils.logging:log_training_results:280 - 
2023-05-15 05:28:35.033 | INFO     | utils.logging:log_training_results:281 - Global Step =   2250
2023-05-15 05:28:35.033 | INFO     | utils.logging:log_training_results:282 - train mean(MacRec)_t: 0.3333333432674408
2023-05-15 05:28:35.033 | INFO     | utils.logging:log_training_results:287 - train mean ABSerr: 3.3622896671295166
2023-05-15 05:28:35.034 | INFO     | utils.logging:log_training_results:290 - train ausat from confmx: 0.3330000638961792
2023-05-15 05:28:35.034 | INFO     | utils.logging:log_training_results:301 - train MCE loss:1.09852 * 1.0 * -0.54388
2023-05-15 05:28:35.034 | INFO     | utils.logging:log_training_results:309 - train LLLR :0.37470 * 0.30000000000000004 * 0.22197
2023-05-15 05:28:35.035 | INFO     | utils.logging:log_training_results:317 - train weight decay:0.34521 * 0.0005 * -0.00931
2023-05-15 05:28:39.005 | INFO     | __main__:objective:58 - Starting epoch #6.
2023-05-15 05:28:42.731 | INFO     | utils.logging:log_training_results:280 - 
2023-05-15 05:28:42.732 | INFO     | utils.logging:log_training_results:281 - Global Step =   2500
2023-05-15 05:28:42.733 | INFO     | utils.logging:log_training_results:282 - val mean(MacRec)_t: 0.3333333432674408
2023-05-15 05:28:42.733 | INFO     | utils.logging:log_training_results:287 - val mean ABSerr: 3.4947829246520996
2023-05-15 05:28:42.733 | INFO     | utils.logging:log_training_results:290 - val ausat from confmx: 0.3330000042915344
2023-05-15 05:28:42.734 | INFO     | utils.logging:log_training_results:301 - val MCE loss:1.09862 * 1.0 * -0.54387
2023-05-15 05:28:42.734 | INFO     | utils.logging:log_training_results:309 - val LLLR :0.37500 * 0.30000000000000004 * 0.22194
2023-05-15 05:28:42.734 | INFO     | utils.logging:log_training_results:317 - val weight decay:0.34523 * 0.0005 * -0.00928
2023-05-15 05:28:43.451 | INFO     | utils.logging:save_sdre_imgs:710 - Figures saved.
2023-05-15 05:28:43.620 | INFO     | utils.logging:log_training_results:280 - 
2023-05-15 05:28:43.620 | INFO     | utils.logging:log_training_results:281 - Global Step =   2500
2023-05-15 05:28:43.621 | INFO     | utils.logging:log_training_results:282 - train mean(MacRec)_t: 0.3333333432674408
2023-05-15 05:28:43.621 | INFO     | utils.logging:log_training_results:287 - train mean ABSerr: 3.4743854999542236
2023-05-15 05:28:43.621 | INFO     | utils.logging:log_training_results:290 - train ausat from confmx: 0.3330000340938568
2023-05-15 05:28:43.622 | INFO     | utils.logging:log_training_results:301 - train MCE loss:1.09932 * 1.0 * -0.54387
2023-05-15 05:28:43.622 | INFO     | utils.logging:log_training_results:309 - train LLLR :0.37721 * 0.30000000000000004 * 0.22195
2023-05-15 05:28:43.622 | INFO     | utils.logging:log_training_results:317 - train weight decay:0.34523 * 0.0005 * -0.00928
2023-05-15 05:28:51.100 | INFO     | utils.logging:log_training_results:280 - 
2023-05-15 05:28:51.101 | INFO     | utils.logging:log_training_results:281 - Global Step =   2750
2023-05-15 05:28:51.101 | INFO     | utils.logging:log_training_results:282 - val mean(MacRec)_t: 0.3333333432674408
2023-05-15 05:28:51.101 | INFO     | utils.logging:log_training_results:287 - val mean ABSerr: 3.4940547943115234
2023-05-15 05:28:51.102 | INFO     | utils.logging:log_training_results:290 - val ausat from confmx: 0.3330000340938568
2023-05-15 05:28:51.102 | INFO     | utils.logging:log_training_results:301 - val MCE loss:1.09862 * 1.0 * -0.54386
2023-05-15 05:28:51.102 | INFO     | utils.logging:log_training_results:309 - val LLLR :0.37500 * 0.30000000000000004 * 0.22184
2023-05-15 05:28:51.103 | INFO     | utils.logging:log_training_results:317 - val weight decay:0.34515 * 0.0005 * -0.00928
2023-05-15 05:28:51.837 | INFO     | utils.logging:save_sdre_imgs:710 - Figures saved.
2023-05-15 05:28:52.000 | INFO     | utils.logging:log_training_results:280 - 
2023-05-15 05:28:52.000 | INFO     | utils.logging:log_training_results:281 - Global Step =   2750
2023-05-15 05:28:52.000 | INFO     | utils.logging:log_training_results:282 - train mean(MacRec)_t: 0.3333333432674408
2023-05-15 05:28:52.001 | INFO     | utils.logging:log_training_results:287 - train mean ABSerr: 3.4984753131866455
2023-05-15 05:28:52.001 | INFO     | utils.logging:log_training_results:290 - train ausat from confmx: 0.3330000638961792
2023-05-15 05:28:52.001 | INFO     | utils.logging:log_training_results:301 - train MCE loss:1.09780 * 1.0 * -0.54386
2023-05-15 05:28:52.002 | INFO     | utils.logging:log_training_results:309 - train LLLR :0.37242 * 0.30000000000000004 * 0.22184
2023-05-15 05:28:52.002 | INFO     | utils.logging:log_training_results:317 - train weight decay:0.34515 * 0.0005 * -0.00928
2023-05-15 05:28:53.384 | INFO     | __main__:objective:58 - Starting epoch #7.
2023-05-15 05:28:59.597 | INFO     | utils.logging:log_training_results:280 - 
2023-05-15 05:28:59.599 | INFO     | utils.logging:log_training_results:281 - Global Step =   3000
2023-05-15 05:28:59.600 | INFO     | utils.logging:log_training_results:282 - val mean(MacRec)_t: 0.3333333432674408
2023-05-15 05:28:59.601 | INFO     | utils.logging:log_training_results:287 - val mean ABSerr: 3.499210834503174
2023-05-15 05:28:59.601 | INFO     | utils.logging:log_training_results:290 - val ausat from confmx: 0.3330000042915344
2023-05-15 05:28:59.602 | INFO     | utils.logging:log_training_results:301 - val MCE loss:1.09866 * 1.0 * -0.54388
2023-05-15 05:28:59.602 | INFO     | utils.logging:log_training_results:309 - val LLLR :0.37500 * 0.30000000000000004 * 0.22164
2023-05-15 05:28:59.603 | INFO     | utils.logging:log_training_results:317 - val weight decay:0.34506 * 0.0005 * -0.00928
2023-05-15 05:29:00.593 | INFO     | utils.logging:save_sdre_imgs:710 - Figures saved.
2023-05-15 05:29:00.762 | INFO     | utils.logging:log_training_results:280 - 
2023-05-15 05:29:00.763 | INFO     | utils.logging:log_training_results:281 - Global Step =   3000
2023-05-15 05:29:00.763 | INFO     | utils.logging:log_training_results:282 - train mean(MacRec)_t: 0.3333333432674408
2023-05-15 05:29:00.763 | INFO     | utils.logging:log_training_results:287 - train mean ABSerr: 3.491976022720337
2023-05-15 05:29:00.763 | INFO     | utils.logging:log_training_results:290 - train ausat from confmx: 0.3330000340938568
2023-05-15 05:29:00.764 | INFO     | utils.logging:log_training_results:301 - train MCE loss:1.09890 * 1.0 * -0.54388
2023-05-15 05:29:00.764 | INFO     | utils.logging:log_training_results:309 - train LLLR :0.37573 * 0.30000000000000004 * 0.22164
2023-05-15 05:29:00.764 | INFO     | utils.logging:log_training_results:317 - train weight decay:0.34506 * 0.0005 * -0.00928
2023-05-15 05:29:06.014 | INFO     | __main__:objective:58 - Starting epoch #8.
2023-05-15 05:29:08.409 | INFO     | utils.logging:log_training_results:280 - 
2023-05-15 05:29:08.410 | INFO     | utils.logging:log_training_results:281 - Global Step =   3250
2023-05-15 05:29:08.410 | INFO     | utils.logging:log_training_results:282 - val mean(MacRec)_t: 0.3333333432674408
2023-05-15 05:29:08.411 | INFO     | utils.logging:log_training_results:287 - val mean ABSerr: 3.4936399459838867
2023-05-15 05:29:08.411 | INFO     | utils.logging:log_training_results:290 - val ausat from confmx: 0.3330000340938568
2023-05-15 05:29:08.411 | INFO     | utils.logging:log_training_results:301 - val MCE loss:1.09862 * 1.0 * -0.54386
2023-05-15 05:29:08.412 | INFO     | utils.logging:log_training_results:309 - val LLLR :0.37500 * 0.30000000000000004 * 0.22193
2023-05-15 05:29:08.412 | INFO     | utils.logging:log_training_results:317 - val weight decay:0.34519 * 0.0005 * -0.00928
2023-05-15 05:29:09.161 | INFO     | utils.logging:save_sdre_imgs:710 - Figures saved.
2023-05-15 05:29:09.335 | INFO     | utils.logging:log_training_results:280 - 
2023-05-15 05:29:09.335 | INFO     | utils.logging:log_training_results:281 - Global Step =   3250
2023-05-15 05:29:09.336 | INFO     | utils.logging:log_training_results:282 - train mean(MacRec)_t: 0.3333333432674408
2023-05-15 05:29:09.336 | INFO     | utils.logging:log_training_results:287 - train mean ABSerr: 3.490726947784424
2023-05-15 05:29:09.336 | INFO     | utils.logging:log_training_results:290 - train ausat from confmx: 0.3329978585243225
2023-05-15 05:29:09.337 | INFO     | utils.logging:log_training_results:301 - train MCE loss:1.09868 * 1.0 * -0.54386
2023-05-15 05:29:09.337 | INFO     | utils.logging:log_training_results:309 - train LLLR :0.37521 * 0.30000000000000004 * 0.22193
2023-05-15 05:29:09.337 | INFO     | utils.logging:log_training_results:317 - train weight decay:0.34519 * 0.0005 * -0.00928
2023-05-15 05:29:16.815 | INFO     | utils.logging:log_training_results:280 - 
2023-05-15 05:29:16.816 | INFO     | utils.logging:log_training_results:281 - Global Step =   3500
2023-05-15 05:29:16.816 | INFO     | utils.logging:log_training_results:282 - val mean(MacRec)_t: 0.3333333432674408
2023-05-15 05:29:16.816 | INFO     | utils.logging:log_training_results:287 - val mean ABSerr: 3.5050504207611084
2023-05-15 05:29:16.817 | INFO     | utils.logging:log_training_results:290 - val ausat from confmx: 0.3330000340938568
2023-05-15 05:29:16.817 | INFO     | utils.logging:log_training_results:301 - val MCE loss:1.09869 * 1.0 * -0.54397
2023-05-15 05:29:16.817 | INFO     | utils.logging:log_training_results:309 - val LLLR :0.37500 * 0.30000000000000004 * 0.22219
2023-05-15 05:29:16.818 | INFO     | utils.logging:log_training_results:317 - val weight decay:0.34543 * 0.0005 * -0.00929
2023-05-15 05:29:17.618 | INFO     | utils.logging:save_sdre_imgs:710 - Figures saved.
2023-05-15 05:29:17.810 | INFO     | utils.logging:log_training_results:280 - 
2023-05-15 05:29:17.811 | INFO     | utils.logging:log_training_results:281 - Global Step =   3500
2023-05-15 05:29:17.812 | INFO     | utils.logging:log_training_results:282 - train mean(MacRec)_t: 0.3333333432674408
2023-05-15 05:29:17.812 | INFO     | utils.logging:log_training_results:287 - train mean ABSerr: 3.4967262744903564
2023-05-15 05:29:17.813 | INFO     | utils.logging:log_training_results:290 - train ausat from confmx: 0.3330000638961792
2023-05-15 05:29:17.813 | INFO     | utils.logging:log_training_results:301 - train MCE loss:1.09923 * 1.0 * -0.54397
2023-05-15 05:29:17.814 | INFO     | utils.logging:log_training_results:309 - train LLLR :0.37662 * 0.30000000000000004 * 0.22219
2023-05-15 05:29:17.815 | INFO     | utils.logging:log_training_results:317 - train weight decay:0.34543 * 0.0005 * -0.00929
2023-05-15 05:29:20.522 | INFO     | __main__:objective:58 - Starting epoch #9.
2023-05-15 05:29:25.578 | INFO     | utils.logging:log_training_results:280 - 
2023-05-15 05:29:25.579 | INFO     | utils.logging:log_training_results:281 - Global Step =   3750
2023-05-15 05:29:25.579 | INFO     | utils.logging:log_training_results:282 - val mean(MacRec)_t: 0.3333333432674408
2023-05-15 05:29:25.580 | INFO     | utils.logging:log_training_results:287 - val mean ABSerr: 3.496710777282715
2023-05-15 05:29:25.580 | INFO     | utils.logging:log_training_results:290 - val ausat from confmx: 0.3330000042915344
2023-05-15 05:29:25.580 | INFO     | utils.logging:log_training_results:301 - val MCE loss:1.09865 * 1.0 * -0.54389
2023-05-15 05:29:25.581 | INFO     | utils.logging:log_training_results:309 - val LLLR :0.37500 * 0.30000000000000004 * 0.22160
2023-05-15 05:29:25.581 | INFO     | utils.logging:log_training_results:317 - val weight decay:0.34509 * 0.0005 * -0.00928
2023-05-15 05:29:26.382 | INFO     | utils.logging:save_sdre_imgs:710 - Figures saved.
2023-05-15 05:29:26.565 | INFO     | utils.logging:log_training_results:280 - 
2023-05-15 05:29:26.566 | INFO     | utils.logging:log_training_results:281 - Global Step =   3750
2023-05-15 05:29:26.566 | INFO     | utils.logging:log_training_results:282 - train mean(MacRec)_t: 0.3333333432674408
2023-05-15 05:29:26.566 | INFO     | utils.logging:log_training_results:287 - train mean ABSerr: 3.5740654468536377
2023-05-15 05:29:26.567 | INFO     | utils.logging:log_training_results:290 - train ausat from confmx: 0.3330000340938568
2023-05-15 05:29:26.567 | INFO     | utils.logging:log_training_results:301 - train MCE loss:1.09806 * 1.0 * -0.54389
2023-05-15 05:29:26.567 | INFO     | utils.logging:log_training_results:309 - train LLLR :0.37317 * 0.30000000000000004 * 0.22162
2023-05-15 05:29:26.568 | INFO     | utils.logging:log_training_results:317 - train weight decay:0.34509 * 0.0005 * -0.00928
2023-05-15 05:29:33.161 | INFO     | utils.logging:investigate_log:155 - num_warning=0/num_error=0 in the .log file.
2023-05-15 05:29:33.407 | INFO     | optuna.study.study:_log_completed_trial:1013 - Trial 50 finished with values: [0.155440092086792, 1.1066527366638184, 0.04078155755996704] and parameters: {'LIST_IS_POSITIONAL_ENCODING': True, 'LIST_IS_TRAINABLE_ENCODING': False, 'LIST_MODEL_BACKBONE': 'Transformer', 'LIST_WEIGHT_DECAY': 0.0005, 'LIST_LEARNING_RATE': 0.0009967061995380293, 'LIST_LLLR_VERSION': 'LLLR', 'LIST_ACTIVATION_FC': 'B2Bcbrt', 'LIST_PARAM_MULTIPLET_LOSS': 1.0, 'LIST_PARAM_LLR_LOSS': 0.30000000000000004, 'LIST_IS_ADAPTIVE_LOSS': True, 'LIST_ORDER_SPRT': 0, 'LIST_OPTIMIZER': 'adam', 'LIST_IS_NORMALIZE': True, 'LIST_NUM_THRESH': 1000, 'LIST_SPARSITY': 'logspace', 'LIST_NUM_BLOCKS': 1, 'LIST_NUM_HEADS': 4, 'LIST_DROPOUT': 0.2, 'LIST_FF_DIM': 32, 'LIST_MLP_UNITS': 64}. 
2023-05-15 05:29:33.433 | INFO     | utils.hyperparameter_tuning:suggest_parameters:560 - [33mStarting a tuning phase.[0m
2023-05-15 05:29:34.084 | INFO     | utils.hyperparameter_tuning:print:394 - 
+------------------------------------------+
|   Hyperparameteres suggested by Optuna   |
+------------------------+-----------------+
|     Parameter name     | Suggested value |
+------------------------+-----------------+
|     ACTIVATION_FC      |       gelu      |
|        DROPOUT         |       0.1       |
|         FF_DIM         |        32       |
|    IS_ADAPTIVE_LOSS    |      False      |
|      IS_NORMALIZE      |      False      |
| IS_POSITIONAL_ENCODING |      False      |
|     LEARNING_RATE      |    4.0989e-05   |
|      LLLR_VERSION      |       LSEL      |
|       MLP_UNITS        |        64       |
|     MODEL_BACKBONE     |   Transformer   |
|       NUM_BLOCKS       |        1        |
|       NUM_HEADS        |        4        |
|       NUM_THRESH       |       1500      |
|       OPTIMIZER        |     rmsprop     |
|       ORDER_SPRT       |        2        |
|     PARAM_LLR_LOSS     |       0.4       |
|  PARAM_MULTIPLET_LOSS  |       0.5       |
|        SPARSITY        |     logspace    |
|      WEIGHT_DECAY      |      0.0007     |
+------------------------+-----------------+
2023-05-15 05:29:34.085 | INFO     | utils.misc:create_directories_and_log:291 - [33mA new log directory was created: [0m/home/afe/Dropbox/GitHub/SPRT-TANDEM-PyTorch/logs/public_offset0_5_optimall_tuning/checkpoints/Transformer_20230515_052934085/configs
2023-05-15 05:29:34.086 | INFO     | utils.misc:create_directories_and_log:291 - [33mA new log directory was created: [0m/home/afe/Dropbox/GitHub/SPRT-TANDEM-PyTorch/logs/public_offset0_5_optimall_tuning/TensorBoard_events/Transformer_20230515_052934085
