2023-05-15 05:15:10.979 | INFO     | utils.misc:fix_random_seed:405 - Random seed is not fixed.
2023-05-15 05:15:10.991 | INFO     | models.temporal_integrators:summarize:566 - 
:'######::'########::'########::'########::::::::::::::::::::::
'##... ##: ##.... ##: ##.... ##:... ##..:::::::::::::::::::::::
 ##:::..:: ##:::: ##: ##:::: ##:::: ##:::::::::::::::::::::::::
. ######:: ########:: ########::::: ##::::'#######:::::::::::::
:..... ##: ##.....::: ##.. ##:::::: ##::::........:::::::::::::
'##::: ##: ##:::::::: ##::. ##::::: ##:::::::::::::::::::::::::
. ######:: ##:::::::: ##:::. ##:::: ##:::::::::::::::::::::::::
:......:::..:::::::::..:::::..:::::..::::::::::::::::::::::::::
'########::::'###::::'##::: ##:'########::'########:'##::::'##:
... ##..::::'## ##::: ###:: ##: ##.... ##: ##.....:: ###::'###:
::: ##:::::'##:. ##:: ####: ##: ##:::: ##: ##::::::: ####'####:
::: ##::::'##:::. ##: ## ## ##: ##:::: ##: ######::: ## ### ##:
::: ##:::: #########: ##. ####: ##:::: ##: ##...:::: ##. #: ##:
::: ##:::: ##.... ##: ##:. ###: ##:::: ##: ##::::::: ##:.:: ##:
::: ##:::: ##:::: ##: ##::. ##: ########:: ########: ##:::: ##:
:::..:::::..:::::..::..::::..::........:::........::..:::::..::

2023-05-15 05:15:10.992 | INFO     | models.temporal_integrators:summarize:569 - [34mofficial PyTorch implementation.[0m
2023-05-15 05:15:11.050 | INFO     | models.temporal_integrators:summarize:591 - Network summary:
===============================================================================================
Layer (type:depth-idx)                        Output Shape              Param #
===============================================================================================
TANDEMformer                                  [150, 50, 3, 3]           3
├─PositionalEncoding: 1-1                     [7350, 1, 128]            --
│    └─Dropout: 2-1                           [1, 7350, 128]            --
├─TransformerEncoder: 1-2                     [7350, 1, 128]            --
│    └─ModuleList: 2-4                        --                        (recursive)
│    │    └─TransformerEncoderLayer: 3-1      [7350, 1, 128]            74,912
├─Linear: 1-3                                 [7350, 64]                8,256
├─Dropout: 1-4                                [7350, 64]                --
├─PositionalEncoding: 1-5                     [7350, 2, 128]            --
│    └─Dropout: 2-3                           [2, 7350, 128]            --
├─TransformerEncoder: 1-6                     [7350, 2, 128]            (recursive)
│    └─ModuleList: 2-4                        --                        (recursive)
│    │    └─TransformerEncoderLayer: 3-2      [7350, 2, 128]            (recursive)
├─Linear: 1-7                                 [7350, 64]                (recursive)
├─Dropout: 1-8                                [7350, 64]                --
├─Tanh: 1-9                                   [7350, 64]                --
├─Linear: 1-10                                [7350, 3]                 195
├─Tanh: 1-11                                  [7350, 64]                --
├─Linear: 1-12                                [7350, 3]                 (recursive)
===============================================================================================
Total params: 83,366
Trainable params: 83,366
Non-trainable params: 0
Total mult-adds (M): 254.53
===============================================================================================
Input size (MB): 3.84
Forward/backward pass size (MB): 81.26
Params size (MB): 0.07
Estimated Total Size (MB): 85.17
===============================================================================================
2023-05-15 05:15:11.051 | INFO     | models.temporal_integrators:summarize:592 - Example input shape: torch.Size([150, 50, 128])
2023-05-15 05:15:11.051 | INFO     | models.temporal_integrators:summarize:593 - Example output shape: torch.Size([150, 50, 3, 3])
2023-05-15 05:15:11.053 | INFO     | models.temporal_integrators:import_model:58 - model moved onto: [33mcuda.[0m
2023-05-15 05:15:11.054 | INFO     | models.optimizers:initialize_optimizer:44 - Optimizer:
AdamW (
Parameter Group 0
    amsgrad: False
    betas: (0.9, 0.999)
    capturable: False
    differentiable: False
    eps: 1e-08
    foreach: None
    fused: None
    lr: 2.6042195626253073e-05
    maximize: False
    weight_decay: 0.001
)
2023-05-15 05:15:11.054 | INFO     | datasets.data_processing:lmdb_dataloaders:293 - loading data... 
2023-05-15 05:15:11.054 | INFO     | datasets.data_processing:lmdb_dataloaders:295 - If this process takes long, consider setting is_load_onto_memory=False or use LMDBIterableDataset.
2023-05-15 05:15:13.306 | INFO     | __main__:objective:58 - Starting epoch #0.
2023-05-15 05:15:14.935 | INFO     | utils.logging:log_training_results:280 - 
2023-05-15 05:15:14.936 | INFO     | utils.logging:log_training_results:281 - Global Step =      0
2023-05-15 05:15:14.936 | INFO     | utils.logging:log_training_results:282 - val mean(MacRec)_t: 0.3324666917324066
2023-05-15 05:15:14.937 | INFO     | utils.logging:log_training_results:287 - val mean ABSerr: 3.904306411743164
2023-05-15 05:15:14.937 | INFO     | utils.logging:log_training_results:290 - val ausat from confmx: 0.33310213685035706
2023-05-15 05:15:14.937 | INFO     | utils.logging:log_training_results:301 - val MCE loss:1.11799 * 0.4 * -0.86441
2023-05-15 05:15:14.938 | INFO     | utils.logging:log_training_results:309 - val LLLR :0.38112 * 0.2 * 0.72339
2023-05-15 05:15:14.938 | INFO     | utils.logging:log_training_results:317 - val weight decay:580.00549 * 0.001 * -2.33914
2023-05-15 05:15:15.677 | INFO     | utils.logging:save_sdre_imgs:710 - Figures saved.
2023-05-15 05:15:15.932 | INFO     | utils.logging:log_training_results:280 - 
2023-05-15 05:15:15.933 | INFO     | utils.logging:log_training_results:281 - Global Step =      0
2023-05-15 05:15:15.933 | INFO     | utils.logging:log_training_results:282 - train mean(MacRec)_t: 0.33559027314186096
2023-05-15 05:15:15.933 | INFO     | utils.logging:log_training_results:287 - train mean ABSerr: 3.9157555103302
2023-05-15 05:15:15.934 | INFO     | utils.logging:log_training_results:290 - train ausat from confmx: 0.33304673433303833
2023-05-15 05:15:15.934 | INFO     | utils.logging:log_training_results:301 - train MCE loss:1.12102 * 0.4 * -0.86439
2023-05-15 05:15:15.934 | INFO     | utils.logging:log_training_results:309 - train LLLR :0.38252 * 0.2 * 0.72337
2023-05-15 05:15:15.934 | INFO     | utils.logging:log_training_results:317 - train weight decay:580.00549 * 0.001 * -2.33911
2023-05-15 05:15:29.452 | INFO     | utils.logging:log_training_results:280 - 
2023-05-15 05:15:29.453 | INFO     | utils.logging:log_training_results:281 - Global Step =    250
2023-05-15 05:15:29.453 | INFO     | utils.logging:log_training_results:282 - val mean(MacRec)_t: 0.5464366674423218
2023-05-15 05:15:29.453 | INFO     | utils.logging:log_training_results:287 - val mean ABSerr: 3.168713092803955
2023-05-15 05:15:29.454 | INFO     | utils.logging:log_training_results:290 - val ausat from confmx: 0.6069521307945251
2023-05-15 05:15:29.454 | INFO     | utils.logging:log_training_results:301 - val MCE loss:1.08320 * 0.4 * -0.85789
2023-05-15 05:15:29.454 | INFO     | utils.logging:log_training_results:309 - val LLLR :0.33707 * 0.2 * 0.71686
2023-05-15 05:15:29.455 | INFO     | utils.logging:log_training_results:317 - val weight decay:563.91357 * 0.001 * -2.33264
2023-05-15 05:15:29.657 | INFO     | utils.checkpoint:update_and_save_result:168 - [36mBest value updated![0m
2023-05-15 05:15:29.667 | INFO     | utils.checkpoint:save_checkpoint:83 - [36mSaved checkpoint[0m at step 250.
2023-05-15 05:15:30.465 | INFO     | utils.logging:save_sdre_imgs:710 - Figures saved.
2023-05-15 05:15:30.729 | INFO     | utils.logging:log_training_results:280 - 
2023-05-15 05:15:30.730 | INFO     | utils.logging:log_training_results:281 - Global Step =    250
2023-05-15 05:15:30.730 | INFO     | utils.logging:log_training_results:282 - train mean(MacRec)_t: 0.48002001643180847
2023-05-15 05:15:30.730 | INFO     | utils.logging:log_training_results:287 - train mean ABSerr: 3.188823699951172
2023-05-15 05:15:30.731 | INFO     | utils.logging:log_training_results:290 - train ausat from confmx: 0.5768576860427856
2023-05-15 05:15:30.731 | INFO     | utils.logging:log_training_results:301 - train MCE loss:1.09146 * 0.4 * -0.85786
2023-05-15 05:15:30.732 | INFO     | utils.logging:log_training_results:309 - train LLLR :0.34627 * 0.2 * 0.71684
2023-05-15 05:15:30.732 | INFO     | utils.logging:log_training_results:317 - train weight decay:563.91357 * 0.001 * -2.33261
2023-05-15 05:15:38.270 | INFO     | __main__:objective:58 - Starting epoch #1.
2023-05-15 05:15:44.793 | INFO     | utils.logging:log_training_results:280 - 
2023-05-15 05:15:44.794 | INFO     | utils.logging:log_training_results:281 - Global Step =    500
2023-05-15 05:15:44.794 | INFO     | utils.logging:log_training_results:282 - val mean(MacRec)_t: 0.7231233716011047
2023-05-15 05:15:44.795 | INFO     | utils.logging:log_training_results:287 - val mean ABSerr: 2.7149996757507324
2023-05-15 05:15:44.795 | INFO     | utils.logging:log_training_results:290 - val ausat from confmx: 0.8450856804847717
2023-05-15 05:15:44.795 | INFO     | utils.logging:log_training_results:301 - val MCE loss:1.05950 * 0.4 * -0.85134
2023-05-15 05:15:44.796 | INFO     | utils.logging:log_training_results:309 - val LLLR :0.30001 * 0.2 * 0.71029
2023-05-15 05:15:44.796 | INFO     | utils.logging:log_training_results:317 - val weight decay:549.91370 * 0.001 * -2.32611
2023-05-15 05:15:44.994 | INFO     | utils.checkpoint:update_and_save_result:168 - [36mBest value updated![0m
2023-05-15 05:15:45.004 | INFO     | utils.checkpoint:save_checkpoint:83 - [36mSaved checkpoint[0m at step 500.
2023-05-15 05:15:45.008 | INFO     | utils.checkpoint:keep_max_num_saved_models:101 - Removed the oldest model for max_to_keep=1
2023-05-15 05:15:45.543 | INFO     | utils.logging:save_sdre_imgs:710 - Figures saved.
2023-05-15 05:15:45.792 | INFO     | utils.logging:log_training_results:280 - 
2023-05-15 05:15:45.793 | INFO     | utils.logging:log_training_results:281 - Global Step =    500
2023-05-15 05:15:45.793 | INFO     | utils.logging:log_training_results:282 - train mean(MacRec)_t: 0.5684993863105774
2023-05-15 05:15:45.793 | INFO     | utils.logging:log_training_results:287 - train mean ABSerr: 3.035008668899536
2023-05-15 05:15:45.793 | INFO     | utils.logging:log_training_results:290 - train ausat from confmx: 0.6362777948379517
2023-05-15 05:15:45.794 | INFO     | utils.logging:log_training_results:301 - train MCE loss:1.07496 * 0.4 * -0.85131
2023-05-15 05:15:45.794 | INFO     | utils.logging:log_training_results:309 - train LLLR :0.32474 * 0.2 * 0.71026
2023-05-15 05:15:45.794 | INFO     | utils.logging:log_training_results:317 - train weight decay:549.91370 * 0.001 * -2.32608
2023-05-15 05:15:59.578 | INFO     | utils.logging:log_training_results:280 - 
2023-05-15 05:15:59.579 | INFO     | utils.logging:log_training_results:281 - Global Step =    750
2023-05-15 05:15:59.579 | INFO     | utils.logging:log_training_results:282 - val mean(MacRec)_t: 0.8092600107192993
2023-05-15 05:15:59.579 | INFO     | utils.logging:log_training_results:287 - val mean ABSerr: 2.201080799102783
2023-05-15 05:15:59.580 | INFO     | utils.logging:log_training_results:290 - val ausat from confmx: 0.937455952167511
2023-05-15 05:15:59.580 | INFO     | utils.logging:log_training_results:301 - val MCE loss:1.03678 * 0.4 * -0.84477
2023-05-15 05:15:59.580 | INFO     | utils.logging:log_training_results:309 - val LLLR :0.27447 * 0.2 * 0.70368
2023-05-15 05:15:59.581 | INFO     | utils.logging:log_training_results:317 - val weight decay:537.56897 * 0.001 * -2.31955
2023-05-15 05:15:59.773 | INFO     | utils.checkpoint:update_and_save_result:168 - [36mBest value updated![0m
2023-05-15 05:15:59.783 | INFO     | utils.checkpoint:save_checkpoint:83 - [36mSaved checkpoint[0m at step 750.
2023-05-15 05:15:59.784 | INFO     | utils.checkpoint:keep_max_num_saved_models:101 - Removed the oldest model for max_to_keep=1
2023-05-15 05:16:00.305 | INFO     | utils.logging:save_sdre_imgs:710 - Figures saved.
2023-05-15 05:16:00.571 | INFO     | utils.logging:log_training_results:280 - 
2023-05-15 05:16:00.572 | INFO     | utils.logging:log_training_results:281 - Global Step =    750
2023-05-15 05:16:00.572 | INFO     | utils.logging:log_training_results:282 - train mean(MacRec)_t: 0.6642740368843079
2023-05-15 05:16:00.572 | INFO     | utils.logging:log_training_results:287 - train mean ABSerr: 2.5233938694000244
2023-05-15 05:16:00.573 | INFO     | utils.logging:log_training_results:290 - train ausat from confmx: 0.8551701307296753
2023-05-15 05:16:00.573 | INFO     | utils.logging:log_training_results:301 - train MCE loss:1.05318 * 0.4 * -0.84474
2023-05-15 05:16:00.573 | INFO     | utils.logging:log_training_results:309 - train LLLR :0.30012 * 0.2 * 0.70366
2023-05-15 05:16:00.573 | INFO     | utils.logging:log_training_results:317 - train weight decay:537.56891 * 0.001 * -2.31953
2023-05-15 05:16:03.107 | INFO     | __main__:objective:58 - Starting epoch #2.
2023-05-15 05:16:14.531 | INFO     | utils.logging:log_training_results:280 - 
2023-05-15 05:16:14.532 | INFO     | utils.logging:log_training_results:281 - Global Step =   1000
2023-05-15 05:16:14.532 | INFO     | utils.logging:log_training_results:282 - val mean(MacRec)_t: 0.833816647529602
2023-05-15 05:16:14.532 | INFO     | utils.logging:log_training_results:287 - val mean ABSerr: 1.6571094989776611
2023-05-15 05:16:14.532 | INFO     | utils.logging:log_training_results:290 - val ausat from confmx: 0.9485465288162231
2023-05-15 05:16:14.533 | INFO     | utils.logging:log_training_results:301 - val MCE loss:1.01713 * 0.4 * -0.83818
2023-05-15 05:16:14.533 | INFO     | utils.logging:log_training_results:309 - val LLLR :0.26194 * 0.2 * 0.69705
2023-05-15 05:16:14.533 | INFO     | utils.logging:log_training_results:317 - val weight decay:526.43976 * 0.001 * -2.31299
2023-05-15 05:16:14.743 | INFO     | utils.checkpoint:update_and_save_result:168 - [36mBest value updated![0m
2023-05-15 05:16:14.755 | INFO     | utils.checkpoint:save_checkpoint:83 - [36mSaved checkpoint[0m at step 1000.
2023-05-15 05:16:14.758 | INFO     | utils.checkpoint:keep_max_num_saved_models:101 - Removed the oldest model for max_to_keep=1
2023-05-15 05:16:15.326 | INFO     | utils.logging:save_sdre_imgs:710 - Figures saved.
2023-05-15 05:16:15.584 | INFO     | utils.logging:log_training_results:280 - 
2023-05-15 05:16:15.585 | INFO     | utils.logging:log_training_results:281 - Global Step =   1000
2023-05-15 05:16:15.585 | INFO     | utils.logging:log_training_results:282 - train mean(MacRec)_t: 0.734832763671875
2023-05-15 05:16:15.585 | INFO     | utils.logging:log_training_results:287 - train mean ABSerr: 2.1489596366882324
2023-05-15 05:16:15.586 | INFO     | utils.logging:log_training_results:290 - train ausat from confmx: 0.8752355575561523
2023-05-15 05:16:15.586 | INFO     | utils.logging:log_training_results:301 - train MCE loss:1.04921 * 0.4 * -0.83816
2023-05-15 05:16:15.586 | INFO     | utils.logging:log_training_results:309 - train LLLR :0.27914 * 0.2 * 0.69703
2023-05-15 05:16:15.587 | INFO     | utils.logging:log_training_results:317 - train weight decay:526.43976 * 0.001 * -2.31297
2023-05-15 05:16:25.451 | INFO     | __main__:objective:58 - Starting epoch #3.
2023-05-15 05:16:29.525 | INFO     | utils.logging:log_training_results:280 - 
2023-05-15 05:16:29.526 | INFO     | utils.logging:log_training_results:281 - Global Step =   1250
2023-05-15 05:16:29.526 | INFO     | utils.logging:log_training_results:282 - val mean(MacRec)_t: 0.8594200015068054
2023-05-15 05:16:29.526 | INFO     | utils.logging:log_training_results:287 - val mean ABSerr: 1.2052626609802246
2023-05-15 05:16:29.527 | INFO     | utils.logging:log_training_results:290 - val ausat from confmx: 0.9748890399932861
2023-05-15 05:16:29.527 | INFO     | utils.logging:log_training_results:301 - val MCE loss:1.00474 * 0.4 * -0.83160
2023-05-15 05:16:29.527 | INFO     | utils.logging:log_training_results:309 - val LLLR :0.25293 * 0.2 * 0.69041
2023-05-15 05:16:29.527 | INFO     | utils.logging:log_training_results:317 - val weight decay:516.01538 * 0.001 * -2.30644
2023-05-15 05:16:29.725 | INFO     | utils.checkpoint:update_and_save_result:168 - [36mBest value updated![0m
2023-05-15 05:16:29.736 | INFO     | utils.checkpoint:save_checkpoint:83 - [36mSaved checkpoint[0m at step 1250.
2023-05-15 05:16:29.738 | INFO     | utils.checkpoint:keep_max_num_saved_models:101 - Removed the oldest model for max_to_keep=1
2023-05-15 05:16:30.306 | INFO     | utils.logging:save_sdre_imgs:710 - Figures saved.
2023-05-15 05:16:30.578 | INFO     | utils.logging:log_training_results:280 - 
2023-05-15 05:16:30.578 | INFO     | utils.logging:log_training_results:281 - Global Step =   1250
2023-05-15 05:16:30.578 | INFO     | utils.logging:log_training_results:282 - train mean(MacRec)_t: 0.7354556322097778
2023-05-15 05:16:30.579 | INFO     | utils.logging:log_training_results:287 - train mean ABSerr: 2.015615224838257
2023-05-15 05:16:30.579 | INFO     | utils.logging:log_training_results:290 - train ausat from confmx: 0.8441029191017151
2023-05-15 05:16:30.579 | INFO     | utils.logging:log_training_results:301 - train MCE loss:1.03188 * 0.4 * -0.83157
2023-05-15 05:16:30.580 | INFO     | utils.logging:log_training_results:309 - train LLLR :0.27453 * 0.2 * 0.69038
2023-05-15 05:16:30.580 | INFO     | utils.logging:log_training_results:317 - train weight decay:516.01538 * 0.001 * -2.30641
2023-05-15 05:16:44.309 | INFO     | utils.logging:log_training_results:280 - 
2023-05-15 05:16:44.310 | INFO     | utils.logging:log_training_results:281 - Global Step =   1500
2023-05-15 05:16:44.310 | INFO     | utils.logging:log_training_results:282 - val mean(MacRec)_t: 0.8333266377449036
2023-05-15 05:16:44.311 | INFO     | utils.logging:log_training_results:287 - val mean ABSerr: 1.1356608867645264
2023-05-15 05:16:44.311 | INFO     | utils.logging:log_training_results:290 - val ausat from confmx: 0.9357863664627075
2023-05-15 05:16:44.311 | INFO     | utils.logging:log_training_results:301 - val MCE loss:0.99641 * 0.4 * -0.82501
2023-05-15 05:16:44.312 | INFO     | utils.logging:log_training_results:309 - val LLLR :0.25502 * 0.2 * 0.68375
2023-05-15 05:16:44.312 | INFO     | utils.logging:log_training_results:317 - val weight decay:505.86240 * 0.001 * -2.29988
2023-05-15 05:16:44.518 | INFO     | utils.checkpoint:update_and_save_result:168 - [36mBest value updated![0m
2023-05-15 05:16:44.528 | INFO     | utils.checkpoint:save_checkpoint:83 - [36mSaved checkpoint[0m at step 1500.
2023-05-15 05:16:44.530 | INFO     | utils.checkpoint:keep_max_num_saved_models:101 - Removed the oldest model for max_to_keep=1
2023-05-15 05:16:45.086 | INFO     | utils.logging:save_sdre_imgs:710 - Figures saved.
2023-05-15 05:16:45.338 | INFO     | utils.logging:log_training_results:280 - 
2023-05-15 05:16:45.338 | INFO     | utils.logging:log_training_results:281 - Global Step =   1500
2023-05-15 05:16:45.339 | INFO     | utils.logging:log_training_results:282 - train mean(MacRec)_t: 0.7242153882980347
2023-05-15 05:16:45.339 | INFO     | utils.logging:log_training_results:287 - train mean ABSerr: 2.0003509521484375
2023-05-15 05:16:45.339 | INFO     | utils.logging:log_training_results:290 - train ausat from confmx: 0.8630715012550354
2023-05-15 05:16:45.340 | INFO     | utils.logging:log_training_results:301 - train MCE loss:1.02586 * 0.4 * -0.82498
2023-05-15 05:16:45.340 | INFO     | utils.logging:log_training_results:309 - train LLLR :0.27969 * 0.2 * 0.68372
2023-05-15 05:16:45.340 | INFO     | utils.logging:log_training_results:317 - train weight decay:505.86237 * 0.001 * -2.29986
2023-05-15 05:16:50.324 | INFO     | __main__:objective:58 - Starting epoch #4.
2023-05-15 05:16:59.253 | INFO     | utils.logging:log_training_results:280 - 
2023-05-15 05:16:59.254 | INFO     | utils.logging:log_training_results:281 - Global Step =   1750
2023-05-15 05:16:59.254 | INFO     | utils.logging:log_training_results:282 - val mean(MacRec)_t: 0.8603466749191284
2023-05-15 05:16:59.254 | INFO     | utils.logging:log_training_results:287 - val mean ABSerr: 0.7765501141548157
2023-05-15 05:16:59.255 | INFO     | utils.logging:log_training_results:290 - val ausat from confmx: 0.9709604978561401
2023-05-15 05:16:59.255 | INFO     | utils.logging:log_training_results:301 - val MCE loss:0.99333 * 0.4 * -0.81843
2023-05-15 05:16:59.255 | INFO     | utils.logging:log_training_results:309 - val LLLR :0.24950 * 0.2 * 0.67708
2023-05-15 05:16:59.256 | INFO     | utils.logging:log_training_results:317 - val weight decay:496.08096 * 0.001 * -2.29333
2023-05-15 05:16:59.457 | INFO     | utils.checkpoint:update_and_save_result:168 - [36mBest value updated![0m
2023-05-15 05:16:59.468 | INFO     | utils.checkpoint:save_checkpoint:83 - [36mSaved checkpoint[0m at step 1750.
2023-05-15 05:16:59.470 | INFO     | utils.checkpoint:keep_max_num_saved_models:101 - Removed the oldest model for max_to_keep=1
2023-05-15 05:17:00.246 | INFO     | utils.logging:save_sdre_imgs:710 - Figures saved.
2023-05-15 05:17:00.510 | INFO     | utils.logging:log_training_results:280 - 
2023-05-15 05:17:00.510 | INFO     | utils.logging:log_training_results:281 - Global Step =   1750
2023-05-15 05:17:00.511 | INFO     | utils.logging:log_training_results:282 - train mean(MacRec)_t: 0.7249171137809753
2023-05-15 05:17:00.511 | INFO     | utils.logging:log_training_results:287 - train mean ABSerr: 1.9415276050567627
2023-05-15 05:17:00.511 | INFO     | utils.logging:log_training_results:290 - train ausat from confmx: 0.8431525826454163
2023-05-15 05:17:00.511 | INFO     | utils.logging:log_training_results:301 - train MCE loss:1.03025 * 0.4 * -0.81841
2023-05-15 05:17:00.512 | INFO     | utils.logging:log_training_results:309 - train LLLR :0.27613 * 0.2 * 0.67705
2023-05-15 05:17:00.512 | INFO     | utils.logging:log_training_results:317 - train weight decay:496.08093 * 0.001 * -2.29330
2023-05-15 05:17:13.087 | INFO     | __main__:objective:58 - Starting epoch #5.
2023-05-15 05:17:14.742 | INFO     | utils.logging:log_training_results:280 - 
2023-05-15 05:17:14.743 | INFO     | utils.logging:log_training_results:281 - Global Step =   2000
2023-05-15 05:17:14.743 | INFO     | utils.logging:log_training_results:282 - val mean(MacRec)_t: 0.860706627368927
2023-05-15 05:17:14.743 | INFO     | utils.logging:log_training_results:287 - val mean ABSerr: 0.7154572010040283
2023-05-15 05:17:14.744 | INFO     | utils.logging:log_training_results:290 - val ausat from confmx: 0.9705670475959778
2023-05-15 05:17:14.744 | INFO     | utils.logging:log_training_results:301 - val MCE loss:0.99168 * 0.4 * -0.81187
2023-05-15 05:17:14.744 | INFO     | utils.logging:log_training_results:309 - val LLLR :0.24901 * 0.2 * 0.67040
2023-05-15 05:17:14.745 | INFO     | utils.logging:log_training_results:317 - val weight decay:486.52408 * 0.001 * -2.28677
2023-05-15 05:17:14.947 | INFO     | utils.checkpoint:update_and_save_result:168 - [36mBest value updated![0m
2023-05-15 05:17:14.958 | INFO     | utils.checkpoint:save_checkpoint:83 - [36mSaved checkpoint[0m at step 2000.
2023-05-15 05:17:14.960 | INFO     | utils.checkpoint:keep_max_num_saved_models:101 - Removed the oldest model for max_to_keep=1
2023-05-15 05:17:15.492 | INFO     | utils.logging:save_sdre_imgs:710 - Figures saved.
2023-05-15 05:17:15.759 | INFO     | utils.logging:log_training_results:280 - 
2023-05-15 05:17:15.759 | INFO     | utils.logging:log_training_results:281 - Global Step =   2000
2023-05-15 05:17:15.759 | INFO     | utils.logging:log_training_results:282 - train mean(MacRec)_t: 0.7312524318695068
2023-05-15 05:17:15.760 | INFO     | utils.logging:log_training_results:287 - train mean ABSerr: 1.8214166164398193
2023-05-15 05:17:15.760 | INFO     | utils.logging:log_training_results:290 - train ausat from confmx: 0.8667406439781189
2023-05-15 05:17:15.760 | INFO     | utils.logging:log_training_results:301 - train MCE loss:1.02661 * 0.4 * -0.81184
2023-05-15 05:17:15.761 | INFO     | utils.logging:log_training_results:309 - train LLLR :0.27506 * 0.2 * 0.67038
2023-05-15 05:17:15.761 | INFO     | utils.logging:log_training_results:317 - train weight decay:486.52408 * 0.001 * -2.28674
2023-05-15 05:17:29.469 | INFO     | utils.logging:log_training_results:280 - 
2023-05-15 05:17:29.470 | INFO     | utils.logging:log_training_results:281 - Global Step =   2250
2023-05-15 05:17:29.471 | INFO     | utils.logging:log_training_results:282 - val mean(MacRec)_t: 0.8664567470550537
2023-05-15 05:17:29.471 | INFO     | utils.logging:log_training_results:287 - val mean ABSerr: 0.6356302499771118
2023-05-15 05:17:29.471 | INFO     | utils.logging:log_training_results:290 - val ausat from confmx: 0.9750834107398987
2023-05-15 05:17:29.471 | INFO     | utils.logging:log_training_results:301 - val MCE loss:0.99120 * 0.4 * -0.80531
2023-05-15 05:17:29.472 | INFO     | utils.logging:log_training_results:309 - val LLLR :0.24777 * 0.2 * 0.66372
2023-05-15 05:17:29.472 | INFO     | utils.logging:log_training_results:317 - val weight decay:477.28003 * 0.001 * -2.28021
2023-05-15 05:17:29.667 | INFO     | utils.checkpoint:update_and_save_result:168 - [36mBest value updated![0m
2023-05-15 05:17:29.677 | INFO     | utils.checkpoint:save_checkpoint:83 - [36mSaved checkpoint[0m at step 2250.
2023-05-15 05:17:29.679 | INFO     | utils.checkpoint:keep_max_num_saved_models:101 - Removed the oldest model for max_to_keep=1
2023-05-15 05:17:30.203 | INFO     | utils.logging:save_sdre_imgs:710 - Figures saved.
2023-05-15 05:17:30.464 | INFO     | utils.logging:log_training_results:280 - 
2023-05-15 05:17:30.465 | INFO     | utils.logging:log_training_results:281 - Global Step =   2250
2023-05-15 05:17:30.465 | INFO     | utils.logging:log_training_results:282 - train mean(MacRec)_t: 0.7843579053878784
2023-05-15 05:17:30.465 | INFO     | utils.logging:log_training_results:287 - train mean ABSerr: 1.856460452079773
2023-05-15 05:17:30.465 | INFO     | utils.logging:log_training_results:290 - train ausat from confmx: 0.9095636010169983
2023-05-15 05:17:30.466 | INFO     | utils.logging:log_training_results:301 - train MCE loss:1.03154 * 0.4 * -0.80528
2023-05-15 05:17:30.466 | INFO     | utils.logging:log_training_results:309 - train LLLR :0.26404 * 0.2 * 0.66369
2023-05-15 05:17:30.466 | INFO     | utils.logging:log_training_results:317 - train weight decay:477.28003 * 0.001 * -2.28019
2023-05-15 05:17:37.951 | INFO     | __main__:objective:58 - Starting epoch #6.
2023-05-15 05:17:44.517 | INFO     | utils.logging:log_training_results:280 - 
2023-05-15 05:17:44.517 | INFO     | utils.logging:log_training_results:281 - Global Step =   2500
2023-05-15 05:17:44.518 | INFO     | utils.logging:log_training_results:282 - val mean(MacRec)_t: 0.86503005027771
2023-05-15 05:17:44.518 | INFO     | utils.logging:log_training_results:287 - val mean ABSerr: 0.6714838743209839
2023-05-15 05:17:44.518 | INFO     | utils.logging:log_training_results:290 - val ausat from confmx: 0.9733989834785461
2023-05-15 05:17:44.519 | INFO     | utils.logging:log_training_results:301 - val MCE loss:0.99037 * 0.4 * -0.79875
2023-05-15 05:17:44.519 | INFO     | utils.logging:log_training_results:309 - val LLLR :0.24783 * 0.2 * 0.65703
2023-05-15 05:17:44.519 | INFO     | utils.logging:log_training_results:317 - val weight decay:468.36020 * 0.001 * -2.27366
2023-05-15 05:17:45.258 | INFO     | utils.logging:save_sdre_imgs:710 - Figures saved.
2023-05-15 05:17:45.523 | INFO     | utils.logging:log_training_results:280 - 
2023-05-15 05:17:45.524 | INFO     | utils.logging:log_training_results:281 - Global Step =   2500
2023-05-15 05:17:45.524 | INFO     | utils.logging:log_training_results:282 - train mean(MacRec)_t: 0.7601369023323059
2023-05-15 05:17:45.524 | INFO     | utils.logging:log_training_results:287 - train mean ABSerr: 1.7982527017593384
2023-05-15 05:17:45.524 | INFO     | utils.logging:log_training_results:290 - train ausat from confmx: 0.8877042531967163
2023-05-15 05:17:45.525 | INFO     | utils.logging:log_training_results:301 - train MCE loss:1.03488 * 0.4 * -0.79873
2023-05-15 05:17:45.525 | INFO     | utils.logging:log_training_results:309 - train LLLR :0.26796 * 0.2 * 0.65700
2023-05-15 05:17:45.525 | INFO     | utils.logging:log_training_results:317 - train weight decay:468.36020 * 0.001 * -2.27363
2023-05-15 05:17:59.256 | INFO     | utils.logging:log_training_results:280 - 
2023-05-15 05:17:59.256 | INFO     | utils.logging:log_training_results:281 - Global Step =   2750
2023-05-15 05:17:59.257 | INFO     | utils.logging:log_training_results:282 - val mean(MacRec)_t: 0.867900013923645
2023-05-15 05:17:59.257 | INFO     | utils.logging:log_training_results:287 - val mean ABSerr: 0.6171465516090393
2023-05-15 05:17:59.257 | INFO     | utils.logging:log_training_results:290 - val ausat from confmx: 0.9750609397888184
2023-05-15 05:17:59.258 | INFO     | utils.logging:log_training_results:301 - val MCE loss:0.99025 * 0.4 * -0.79221
2023-05-15 05:17:59.258 | INFO     | utils.logging:log_training_results:309 - val LLLR :0.24718 * 0.2 * 0.65033
2023-05-15 05:17:59.259 | INFO     | utils.logging:log_training_results:317 - val weight decay:459.67929 * 0.001 * -2.26710
2023-05-15 05:17:59.440 | INFO     | utils.checkpoint:update_and_save_result:168 - [36mBest value updated![0m
2023-05-15 05:17:59.453 | INFO     | utils.checkpoint:save_checkpoint:83 - [36mSaved checkpoint[0m at step 2750.
2023-05-15 05:17:59.455 | INFO     | utils.checkpoint:keep_max_num_saved_models:101 - Removed the oldest model for max_to_keep=1
2023-05-15 05:17:59.988 | INFO     | utils.logging:save_sdre_imgs:710 - Figures saved.
2023-05-15 05:18:00.260 | INFO     | utils.logging:log_training_results:280 - 
2023-05-15 05:18:00.261 | INFO     | utils.logging:log_training_results:281 - Global Step =   2750
2023-05-15 05:18:00.261 | INFO     | utils.logging:log_training_results:282 - train mean(MacRec)_t: 0.7734583616256714
2023-05-15 05:18:00.261 | INFO     | utils.logging:log_training_results:287 - train mean ABSerr: 1.7768148183822632
2023-05-15 05:18:00.262 | INFO     | utils.logging:log_training_results:290 - train ausat from confmx: 0.9080202579498291
2023-05-15 05:18:00.262 | INFO     | utils.logging:log_training_results:301 - train MCE loss:1.02518 * 0.4 * -0.79218
2023-05-15 05:18:00.262 | INFO     | utils.logging:log_training_results:309 - train LLLR :0.26659 * 0.2 * 0.65030
2023-05-15 05:18:00.263 | INFO     | utils.logging:log_training_results:317 - train weight decay:459.67926 * 0.001 * -2.26707
2023-05-15 05:18:02.838 | INFO     | __main__:objective:58 - Starting epoch #7.
2023-05-15 05:18:14.270 | INFO     | utils.logging:log_training_results:280 - 
2023-05-15 05:18:14.271 | INFO     | utils.logging:log_training_results:281 - Global Step =   3000
2023-05-15 05:18:14.271 | INFO     | utils.logging:log_training_results:282 - val mean(MacRec)_t: 0.867306649684906
2023-05-15 05:18:14.271 | INFO     | utils.logging:log_training_results:287 - val mean ABSerr: 0.5862609148025513
2023-05-15 05:18:14.272 | INFO     | utils.logging:log_training_results:290 - val ausat from confmx: 0.9763513207435608
2023-05-15 05:18:14.272 | INFO     | utils.logging:log_training_results:301 - val MCE loss:0.98971 * 0.4 * -0.78567
2023-05-15 05:18:14.272 | INFO     | utils.logging:log_training_results:309 - val LLLR :0.24713 * 0.2 * 0.64362
2023-05-15 05:18:14.273 | INFO     | utils.logging:log_training_results:317 - val weight decay:451.28741 * 0.001 * -2.26053
2023-05-15 05:18:14.470 | INFO     | utils.checkpoint:update_and_save_result:168 - [36mBest value updated![0m
2023-05-15 05:18:14.481 | INFO     | utils.checkpoint:save_checkpoint:83 - [36mSaved checkpoint[0m at step 3000.
2023-05-15 05:18:14.483 | INFO     | utils.checkpoint:keep_max_num_saved_models:101 - Removed the oldest model for max_to_keep=1
2023-05-15 05:18:15.027 | INFO     | utils.logging:save_sdre_imgs:710 - Figures saved.
2023-05-15 05:18:15.283 | INFO     | utils.logging:log_training_results:280 - 
2023-05-15 05:18:15.283 | INFO     | utils.logging:log_training_results:281 - Global Step =   3000
2023-05-15 05:18:15.283 | INFO     | utils.logging:log_training_results:282 - train mean(MacRec)_t: 0.707516074180603
2023-05-15 05:18:15.284 | INFO     | utils.logging:log_training_results:287 - train mean ABSerr: 1.8293741941452026
2023-05-15 05:18:15.284 | INFO     | utils.logging:log_training_results:290 - train ausat from confmx: 0.8748993873596191
2023-05-15 05:18:15.284 | INFO     | utils.logging:log_training_results:301 - train MCE loss:1.02727 * 0.4 * -0.78564
2023-05-15 05:18:15.285 | INFO     | utils.logging:log_training_results:309 - train LLLR :0.28045 * 0.2 * 0.64359
2023-05-15 05:18:15.285 | INFO     | utils.logging:log_training_results:317 - train weight decay:451.28738 * 0.001 * -2.26051
2023-05-15 05:18:25.188 | INFO     | __main__:objective:58 - Starting epoch #8.
2023-05-15 05:18:29.286 | INFO     | utils.logging:log_training_results:280 - 
2023-05-15 05:18:29.287 | INFO     | utils.logging:log_training_results:281 - Global Step =   3250
2023-05-15 05:18:29.287 | INFO     | utils.logging:log_training_results:282 - val mean(MacRec)_t: 0.8647832870483398
2023-05-15 05:18:29.287 | INFO     | utils.logging:log_training_results:287 - val mean ABSerr: 0.5867888331413269
2023-05-15 05:18:29.288 | INFO     | utils.logging:log_training_results:290 - val ausat from confmx: 0.9727033376693726
2023-05-15 05:18:29.288 | INFO     | utils.logging:log_training_results:301 - val MCE loss:0.98898 * 0.4 * -0.77913
2023-05-15 05:18:29.288 | INFO     | utils.logging:log_training_results:309 - val LLLR :0.24764 * 0.2 * 0.63691
2023-05-15 05:18:29.289 | INFO     | utils.logging:log_training_results:317 - val weight decay:443.09262 * 0.001 * -2.25392
2023-05-15 05:18:30.026 | INFO     | utils.logging:save_sdre_imgs:710 - Figures saved.
2023-05-15 05:18:30.293 | INFO     | utils.logging:log_training_results:280 - 
2023-05-15 05:18:30.294 | INFO     | utils.logging:log_training_results:281 - Global Step =   3250
2023-05-15 05:18:30.294 | INFO     | utils.logging:log_training_results:282 - train mean(MacRec)_t: 0.7656139731407166
2023-05-15 05:18:30.294 | INFO     | utils.logging:log_training_results:287 - train mean ABSerr: 1.8605250120162964
2023-05-15 05:18:30.294 | INFO     | utils.logging:log_training_results:290 - train ausat from confmx: 0.8917314410209656
2023-05-15 05:18:30.295 | INFO     | utils.logging:log_training_results:301 - train MCE loss:1.01734 * 0.4 * -0.77910
2023-05-15 05:18:30.295 | INFO     | utils.logging:log_training_results:309 - train LLLR :0.26830 * 0.2 * 0.63688
2023-05-15 05:18:30.295 | INFO     | utils.logging:log_training_results:317 - train weight decay:443.09262 * 0.001 * -2.25389
2023-05-15 05:18:43.921 | INFO     | utils.logging:log_training_results:280 - 
2023-05-15 05:18:43.922 | INFO     | utils.logging:log_training_results:281 - Global Step =   3500
2023-05-15 05:18:43.922 | INFO     | utils.logging:log_training_results:282 - val mean(MacRec)_t: 0.8599266409873962
2023-05-15 05:18:43.922 | INFO     | utils.logging:log_training_results:287 - val mean ABSerr: 0.6513617634773254
2023-05-15 05:18:43.923 | INFO     | utils.logging:log_training_results:290 - val ausat from confmx: 0.9667978286743164
2023-05-15 05:18:43.923 | INFO     | utils.logging:log_training_results:301 - val MCE loss:0.98848 * 0.4 * -0.77260
2023-05-15 05:18:43.923 | INFO     | utils.logging:log_training_results:309 - val LLLR :0.24842 * 0.2 * 0.63019
2023-05-15 05:18:43.924 | INFO     | utils.logging:log_training_results:317 - val weight decay:435.11768 * 0.001 * -2.24730
2023-05-15 05:18:44.894 | INFO     | utils.logging:save_sdre_imgs:710 - Figures saved.
2023-05-15 05:18:45.145 | INFO     | utils.logging:log_training_results:280 - 
2023-05-15 05:18:45.145 | INFO     | utils.logging:log_training_results:281 - Global Step =   3500
2023-05-15 05:18:45.146 | INFO     | utils.logging:log_training_results:282 - train mean(MacRec)_t: 0.7634119987487793
2023-05-15 05:18:45.146 | INFO     | utils.logging:log_training_results:287 - train mean ABSerr: 1.8391892910003662
2023-05-15 05:18:45.146 | INFO     | utils.logging:log_training_results:290 - train ausat from confmx: 0.8847669363021851
2023-05-15 05:18:45.146 | INFO     | utils.logging:log_training_results:301 - train MCE loss:1.01986 * 0.4 * -0.77257
2023-05-15 05:18:45.147 | INFO     | utils.logging:log_training_results:309 - train LLLR :0.27146 * 0.2 * 0.63017
2023-05-15 05:18:45.147 | INFO     | utils.logging:log_training_results:317 - train weight decay:435.11768 * 0.001 * -2.24728
2023-05-15 05:18:50.214 | INFO     | __main__:objective:58 - Starting epoch #9.
2023-05-15 05:18:59.209 | INFO     | utils.logging:log_training_results:280 - 
2023-05-15 05:18:59.210 | INFO     | utils.logging:log_training_results:281 - Global Step =   3750
2023-05-15 05:18:59.210 | INFO     | utils.logging:log_training_results:282 - val mean(MacRec)_t: 0.8650801181793213
2023-05-15 05:18:59.210 | INFO     | utils.logging:log_training_results:287 - val mean ABSerr: 0.584783136844635
2023-05-15 05:18:59.211 | INFO     | utils.logging:log_training_results:290 - val ausat from confmx: 0.9731101989746094
2023-05-15 05:18:59.211 | INFO     | utils.logging:log_training_results:301 - val MCE loss:0.98850 * 0.4 * -0.76608
2023-05-15 05:18:59.211 | INFO     | utils.logging:log_training_results:309 - val LLLR :0.24750 * 0.2 * 0.62347
2023-05-15 05:18:59.212 | INFO     | utils.logging:log_training_results:317 - val weight decay:427.36060 * 0.001 * -2.24069
2023-05-15 05:18:59.406 | INFO     | utils.checkpoint:update_and_save_result:168 - [36mBest value updated![0m
2023-05-15 05:18:59.417 | INFO     | utils.checkpoint:save_checkpoint:83 - [36mSaved checkpoint[0m at step 3750.
2023-05-15 05:18:59.419 | INFO     | utils.checkpoint:keep_max_num_saved_models:101 - Removed the oldest model for max_to_keep=1
2023-05-15 05:18:59.969 | INFO     | utils.logging:save_sdre_imgs:710 - Figures saved.
2023-05-15 05:19:00.226 | INFO     | utils.logging:log_training_results:280 - 
2023-05-15 05:19:00.226 | INFO     | utils.logging:log_training_results:281 - Global Step =   3750
2023-05-15 05:19:00.226 | INFO     | utils.logging:log_training_results:282 - train mean(MacRec)_t: 0.7503344416618347
2023-05-15 05:19:00.227 | INFO     | utils.logging:log_training_results:287 - train mean ABSerr: 1.778878927230835
2023-05-15 05:19:00.227 | INFO     | utils.logging:log_training_results:290 - train ausat from confmx: 0.867438793182373
2023-05-15 05:19:00.227 | INFO     | utils.logging:log_training_results:301 - train MCE loss:1.02354 * 0.4 * -0.76605
2023-05-15 05:19:00.229 | INFO     | utils.logging:log_training_results:309 - train LLLR :0.26991 * 0.2 * 0.62345
2023-05-15 05:19:00.229 | INFO     | utils.logging:log_training_results:317 - train weight decay:427.36060 * 0.001 * -2.24066
2023-05-15 05:19:12.623 | INFO     | utils.logging:investigate_log:155 - num_warning=0/num_error=0 in the .log file.
2023-05-15 05:19:13.121 | INFO     | optuna.study.study:_log_completed_trial:1013 - Trial 47 finished with values: [0.13209998607635498, 0.584783136844635, 0.02364867925643921] and parameters: {'LIST_IS_POSITIONAL_ENCODING': True, 'LIST_IS_TRAINABLE_ENCODING': False, 'LIST_MODEL_BACKBONE': 'Transformer', 'LIST_WEIGHT_DECAY': 0.001, 'LIST_LEARNING_RATE': 2.6042195626253073e-05, 'LIST_LLLR_VERSION': 'LLLR', 'LIST_ACTIVATION_FC': 'tanh', 'LIST_PARAM_MULTIPLET_LOSS': 0.4, 'LIST_PARAM_LLR_LOSS': 0.2, 'LIST_IS_ADAPTIVE_LOSS': True, 'LIST_ORDER_SPRT': 1, 'LIST_OPTIMIZER': 'adam', 'LIST_IS_NORMALIZE': False, 'LIST_NUM_THRESH': 1500, 'LIST_SPARSITY': 'logspace', 'LIST_NUM_BLOCKS': 1, 'LIST_NUM_HEADS': 4, 'LIST_DROPOUT': 0.2, 'LIST_FF_DIM': 32, 'LIST_MLP_UNITS': 64}. 
2023-05-15 05:19:13.284 | INFO     | utils.hyperparameter_tuning:suggest_parameters:560 - [33mStarting a tuning phase.[0m
2023-05-15 05:19:15.958 | INFO     | utils.hyperparameter_tuning:print:394 - 
+------------------------------------------+
|   Hyperparameteres suggested by Optuna   |
+------------------------+-----------------+
|     Parameter name     | Suggested value |
+------------------------+-----------------+
|     ACTIVATION_FC      |       tanh      |
|    ACTIVATION_INPUT    |     sigmoid     |
|   ACTIVATION_OUTPUT    |     B2Bsqrt     |
|    IS_ADAPTIVE_LOSS    |      False      |
|      IS_NORMALIZE      |      False      |
| IS_POSITIONAL_ENCODING |      False      |
|     LEARNING_RATE      |    1.3181e-05   |
|      LLLR_VERSION      |       LLLR      |
|     MODEL_BACKBONE     |       LSTM      |
|       NUM_THRESH       |       1500      |
|       OPTIMIZER        |     rmsprop     |
|       ORDER_SPRT       |        3        |
|     PARAM_LLR_LOSS     |       0.0       |
|  PARAM_MULTIPLET_LOSS  |       0.3       |
|        SPARSITY        |     logspace    |
|      WEIGHT_DECAY      |      0.0009     |
|       WIDTH_LSTM       |        23       |
+------------------------+-----------------+
2023-05-15 05:19:15.959 | INFO     | utils.misc:create_directories_and_log:291 - [33mA new log directory was created: [0m/home/afe/Dropbox/GitHub/SPRT-TANDEM-PyTorch/logs/public_offset0_5_optimall_tuning/checkpoints/LSTM_20230515_051915958/configs
2023-05-15 05:19:15.960 | INFO     | utils.misc:create_directories_and_log:291 - [33mA new log directory was created: [0m/home/afe/Dropbox/GitHub/SPRT-TANDEM-PyTorch/logs/public_offset0_5_optimall_tuning/TensorBoard_events/LSTM_20230515_051915958
