2023-05-15 05:04:09.287 | INFO     | utils.misc:fix_random_seed:405 - Random seed is not fixed.
2023-05-15 05:04:09.301 | INFO     | models.temporal_integrators:summarize:566 - 
:'######::'########::'########::'########::::::::::::::::::::::
'##... ##: ##.... ##: ##.... ##:... ##..:::::::::::::::::::::::
 ##:::..:: ##:::: ##: ##:::: ##:::: ##:::::::::::::::::::::::::
. ######:: ########:: ########::::: ##::::'#######:::::::::::::
:..... ##: ##.....::: ##.. ##:::::: ##::::........:::::::::::::
'##::: ##: ##:::::::: ##::. ##::::: ##:::::::::::::::::::::::::
. ######:: ##:::::::: ##:::. ##:::: ##:::::::::::::::::::::::::
:......:::..:::::::::..:::::..:::::..::::::::::::::::::::::::::
'########::::'###::::'##::: ##:'########::'########:'##::::'##:
... ##..::::'## ##::: ###:: ##: ##.... ##: ##.....:: ###::'###:
::: ##:::::'##:. ##:: ####: ##: ##:::: ##: ##::::::: ####'####:
::: ##::::'##:::. ##: ## ## ##: ##:::: ##: ######::: ## ### ##:
::: ##:::: #########: ##. ####: ##:::: ##: ##...:::: ##. #: ##:
::: ##:::: ##.... ##: ##:. ###: ##:::: ##: ##::::::: ##:.:: ##:
::: ##:::: ##:::: ##: ##::. ##: ########:: ########: ##:::: ##:
:::..:::::..:::::..::..::::..::........:::........::..:::::..::

2023-05-15 05:04:09.302 | INFO     | models.temporal_integrators:summarize:569 - [34mofficial PyTorch implementation.[0m
2023-05-15 05:04:09.392 | INFO     | models.temporal_integrators:summarize:591 - Network summary:
===============================================================================================
Layer (type:depth-idx)                        Output Shape              Param #
===============================================================================================
TANDEMformer                                  [150, 50, 3, 3]           643
├─TransformerEncoder: 1-1                     [6900, 1, 128]            --
│    └─ModuleList: 2-5                        --                        (recursive)
│    │    └─TransformerEncoderLayer: 3-1      [6900, 1, 128]            74,912
├─Linear: 1-2                                 [6900, 64]                8,256
├─Dropout: 1-3                                [6900, 64]                --
├─TransformerEncoder: 1-4                     [6900, 2, 128]            (recursive)
│    └─ModuleList: 2-5                        --                        (recursive)
│    │    └─TransformerEncoderLayer: 3-2      [6900, 2, 128]            (recursive)
├─Linear: 1-5                                 [6900, 64]                (recursive)
├─Dropout: 1-6                                [6900, 64]                --
├─TransformerEncoder: 1-7                     [6900, 3, 128]            (recursive)
│    └─ModuleList: 2-5                        --                        (recursive)
│    │    └─TransformerEncoderLayer: 3-3      [6900, 3, 128]            (recursive)
├─Linear: 1-8                                 [6900, 64]                (recursive)
├─Dropout: 1-9                                [6900, 64]                --
├─TransformerEncoder: 1-10                    [6900, 4, 128]            (recursive)
│    └─ModuleList: 2-5                        --                        (recursive)
│    │    └─TransformerEncoderLayer: 3-4      [6900, 4, 128]            (recursive)
├─Linear: 1-11                                [6900, 64]                (recursive)
├─Dropout: 1-12                               [6900, 64]                --
├─TransformerEncoder: 1-13                    [6900, 5, 128]            (recursive)
│    └─ModuleList: 2-5                        --                        (recursive)
│    │    └─TransformerEncoderLayer: 3-5      [6900, 5, 128]            (recursive)
├─Linear: 1-14                                [6900, 64]                (recursive)
├─Dropout: 1-15                               [6900, 64]                --
├─LayerNorm: 1-16                             [6900, 64]                128
├─Linear: 1-17                                [6900, 3]                 195
├─LayerNorm: 1-18                             [6900, 64]                (recursive)
├─Linear: 1-19                                [6900, 3]                 (recursive)
├─LayerNorm: 1-20                             [6900, 64]                (recursive)
├─Linear: 1-21                                [6900, 3]                 (recursive)
├─LayerNorm: 1-22                             [6900, 64]                (recursive)
├─Linear: 1-23                                [6900, 3]                 (recursive)
├─LayerNorm: 1-24                             [6900, 64]                (recursive)
├─Linear: 1-25                                [6900, 3]                 (recursive)
===============================================================================================
Total params: 84,134
Trainable params: 84,134
Non-trainable params: 0
Total mult-adds (M): 601.78
===============================================================================================
Input size (MB): 3.84
Forward/backward pass size (MB): 380.60
Params size (MB): 0.07
Estimated Total Size (MB): 384.51
===============================================================================================
2023-05-15 05:04:09.393 | INFO     | models.temporal_integrators:summarize:592 - Example input shape: torch.Size([150, 50, 128])
2023-05-15 05:04:09.393 | INFO     | models.temporal_integrators:summarize:593 - Example output shape: torch.Size([150, 50, 3, 3])
2023-05-15 05:04:09.394 | INFO     | models.temporal_integrators:import_model:58 - model moved onto: [33mcuda.[0m
2023-05-15 05:04:09.395 | INFO     | models.optimizers:initialize_optimizer:44 - Optimizer:
AdamW (
Parameter Group 0
    amsgrad: False
    betas: (0.9, 0.999)
    capturable: False
    differentiable: False
    eps: 1e-08
    foreach: None
    fused: None
    lr: 9.231086651178327e-05
    maximize: False
    weight_decay: 0.0004
)
2023-05-15 05:04:09.395 | INFO     | datasets.data_processing:lmdb_dataloaders:293 - loading data... 
2023-05-15 05:04:09.396 | INFO     | datasets.data_processing:lmdb_dataloaders:295 - If this process takes long, consider setting is_load_onto_memory=False or use LMDBIterableDataset.
2023-05-15 05:04:11.760 | INFO     | __main__:objective:58 - Starting epoch #0.
2023-05-15 05:04:14.049 | INFO     | utils.logging:log_training_results:280 - 
2023-05-15 05:04:14.051 | INFO     | utils.logging:log_training_results:281 - Global Step =      0
2023-05-15 05:04:14.051 | INFO     | utils.logging:log_training_results:282 - val mean(MacRec)_t: 0.3077000081539154
2023-05-15 05:04:14.052 | INFO     | utils.logging:log_training_results:287 - val mean ABSerr: 3.5705792903900146
2023-05-15 05:04:14.052 | INFO     | utils.logging:log_training_results:290 - val ausat from confmx: 0.31211552023887634
2023-05-15 05:04:14.053 | INFO     | utils.logging:log_training_results:301 - val MCE loss:1.17595 * 0.6000000000000001 * -1.28702
2023-05-15 05:04:14.054 | INFO     | utils.logging:log_training_results:309 - val LLLR :0.38006 * 0.1 * 1.58700
2023-05-15 05:04:14.055 | INFO     | utils.logging:log_training_results:317 - val weight decay:1233.06982 * 0.0004 * 1.03843
2023-05-15 05:04:15.171 | INFO     | utils.logging:save_sdre_imgs:710 - Figures saved.
2023-05-15 05:04:15.519 | INFO     | utils.logging:log_training_results:280 - 
2023-05-15 05:04:15.520 | INFO     | utils.logging:log_training_results:281 - Global Step =      0
2023-05-15 05:04:15.520 | INFO     | utils.logging:log_training_results:282 - train mean(MacRec)_t: 0.31602683663368225
2023-05-15 05:04:15.521 | INFO     | utils.logging:log_training_results:287 - train mean ABSerr: 3.8959832191467285
2023-05-15 05:04:15.521 | INFO     | utils.logging:log_training_results:290 - train ausat from confmx: 0.3401663303375244
2023-05-15 05:04:15.521 | INFO     | utils.logging:log_training_results:301 - train MCE loss:1.17842 * 0.6000000000000001 * -1.28693
2023-05-15 05:04:15.522 | INFO     | utils.logging:log_training_results:309 - train LLLR :0.37948 * 0.1 * 1.58691
2023-05-15 05:04:15.522 | INFO     | utils.logging:log_training_results:317 - train weight decay:1233.06982 * 0.0004 * 1.03834
2023-05-15 05:04:38.159 | INFO     | utils.logging:log_training_results:280 - 
2023-05-15 05:04:38.160 | INFO     | utils.logging:log_training_results:281 - Global Step =    250
2023-05-15 05:04:38.161 | INFO     | utils.logging:log_training_results:282 - val mean(MacRec)_t: 0.8625533580780029
2023-05-15 05:04:38.161 | INFO     | utils.logging:log_training_results:287 - val mean ABSerr: 1.9656201601028442
2023-05-15 05:04:38.161 | INFO     | utils.logging:log_training_results:290 - val ausat from confmx: 0.9764859080314636
2023-05-15 05:04:38.162 | INFO     | utils.logging:log_training_results:301 - val MCE loss:0.90408 * 0.6000000000000001 * -1.26362
2023-05-15 05:04:38.162 | INFO     | utils.logging:log_training_results:309 - val LLLR :0.25956 * 0.1 * 1.56382
2023-05-15 05:04:38.162 | INFO     | utils.logging:log_training_results:317 - val weight decay:1100.78699 * 0.0004 * 1.01512
2023-05-15 05:04:38.367 | INFO     | utils.checkpoint:update_and_save_result:168 - [36mBest value updated![0m
2023-05-15 05:04:38.378 | INFO     | utils.checkpoint:save_checkpoint:83 - [36mSaved checkpoint[0m at step 250.
2023-05-15 05:04:38.940 | INFO     | utils.logging:save_sdre_imgs:710 - Figures saved.
2023-05-15 05:04:39.307 | INFO     | utils.logging:log_training_results:280 - 
2023-05-15 05:04:39.307 | INFO     | utils.logging:log_training_results:281 - Global Step =    250
2023-05-15 05:04:39.308 | INFO     | utils.logging:log_training_results:282 - train mean(MacRec)_t: 0.5653837323188782
2023-05-15 05:04:39.309 | INFO     | utils.logging:log_training_results:287 - train mean ABSerr: 2.9957478046417236
2023-05-15 05:04:39.310 | INFO     | utils.logging:log_training_results:290 - train ausat from confmx: 0.5873845815658569
2023-05-15 05:04:39.310 | INFO     | utils.logging:log_training_results:301 - train MCE loss:0.94653 * 0.6000000000000001 * -1.26353
2023-05-15 05:04:39.311 | INFO     | utils.logging:log_training_results:309 - train LLLR :0.31854 * 0.1 * 1.56373
2023-05-15 05:04:39.311 | INFO     | utils.logging:log_training_results:317 - train weight decay:1100.78699 * 0.0004 * 1.01503
2023-05-15 05:04:51.639 | INFO     | __main__:objective:58 - Starting epoch #1.
2023-05-15 05:05:02.709 | INFO     | utils.logging:log_training_results:280 - 
2023-05-15 05:05:02.710 | INFO     | utils.logging:log_training_results:281 - Global Step =    500
2023-05-15 05:05:02.710 | INFO     | utils.logging:log_training_results:282 - val mean(MacRec)_t: 0.8613932728767395
2023-05-15 05:05:02.710 | INFO     | utils.logging:log_training_results:287 - val mean ABSerr: 1.7043731212615967
2023-05-15 05:05:02.711 | INFO     | utils.logging:log_training_results:290 - val ausat from confmx: 0.9724865555763245
2023-05-15 05:05:02.711 | INFO     | utils.logging:log_training_results:301 - val MCE loss:0.91631 * 0.6000000000000001 * -1.24000
2023-05-15 05:05:02.711 | INFO     | utils.logging:log_training_results:309 - val LLLR :0.25395 * 0.1 * 1.54047
2023-05-15 05:05:02.712 | INFO     | utils.logging:log_training_results:317 - val weight decay:1001.77393 * 0.0004 * 0.99143
2023-05-15 05:05:02.925 | INFO     | utils.checkpoint:update_and_save_result:168 - [36mBest value updated![0m
2023-05-15 05:05:02.939 | INFO     | utils.checkpoint:save_checkpoint:83 - [36mSaved checkpoint[0m at step 500.
2023-05-15 05:05:02.941 | INFO     | utils.checkpoint:keep_max_num_saved_models:101 - Removed the oldest model for max_to_keep=1
2023-05-15 05:05:03.529 | INFO     | utils.logging:save_sdre_imgs:710 - Figures saved.
2023-05-15 05:05:03.847 | INFO     | utils.logging:log_training_results:280 - 
2023-05-15 05:05:03.848 | INFO     | utils.logging:log_training_results:281 - Global Step =    500
2023-05-15 05:05:03.848 | INFO     | utils.logging:log_training_results:282 - train mean(MacRec)_t: 0.6142064332962036
2023-05-15 05:05:03.848 | INFO     | utils.logging:log_training_results:287 - train mean ABSerr: 2.516493082046509
2023-05-15 05:05:03.849 | INFO     | utils.logging:log_training_results:290 - train ausat from confmx: 0.7430711388587952
2023-05-15 05:05:03.849 | INFO     | utils.logging:log_training_results:301 - train MCE loss:0.95408 * 0.6000000000000001 * -1.23991
2023-05-15 05:05:03.849 | INFO     | utils.logging:log_training_results:309 - train LLLR :0.30274 * 0.1 * 1.54038
2023-05-15 05:05:03.850 | INFO     | utils.logging:log_training_results:317 - train weight decay:1001.77393 * 0.0004 * 0.99133
2023-05-15 05:05:26.179 | INFO     | utils.logging:log_training_results:280 - 
2023-05-15 05:05:26.180 | INFO     | utils.logging:log_training_results:281 - Global Step =    750
2023-05-15 05:05:26.180 | INFO     | utils.logging:log_training_results:282 - val mean(MacRec)_t: 0.8600799441337585
2023-05-15 05:05:26.181 | INFO     | utils.logging:log_training_results:287 - val mean ABSerr: 1.730377435684204
2023-05-15 05:05:26.181 | INFO     | utils.logging:log_training_results:290 - val ausat from confmx: 0.9717930555343628
2023-05-15 05:05:26.181 | INFO     | utils.logging:log_training_results:301 - val MCE loss:0.91680 * 0.6000000000000001 * -1.21640
2023-05-15 05:05:26.182 | INFO     | utils.logging:log_training_results:309 - val LLLR :0.25433 * 0.1 * 1.51698
2023-05-15 05:05:26.182 | INFO     | utils.logging:log_training_results:317 - val weight decay:923.92035 * 0.0004 * 0.96745
2023-05-15 05:05:27.031 | INFO     | utils.logging:save_sdre_imgs:710 - Figures saved.
2023-05-15 05:05:27.335 | INFO     | utils.logging:log_training_results:280 - 
2023-05-15 05:05:27.336 | INFO     | utils.logging:log_training_results:281 - Global Step =    750
2023-05-15 05:05:27.336 | INFO     | utils.logging:log_training_results:282 - train mean(MacRec)_t: 0.6739753484725952
2023-05-15 05:05:27.336 | INFO     | utils.logging:log_training_results:287 - train mean ABSerr: 2.5360026359558105
2023-05-15 05:05:27.337 | INFO     | utils.logging:log_training_results:290 - train ausat from confmx: 0.7496077418327332
2023-05-15 05:05:27.337 | INFO     | utils.logging:log_training_results:301 - train MCE loss:0.91719 * 0.6000000000000001 * -1.21631
2023-05-15 05:05:27.337 | INFO     | utils.logging:log_training_results:309 - train LLLR :0.29345 * 0.1 * 1.51689
2023-05-15 05:05:27.338 | INFO     | utils.logging:log_training_results:317 - train weight decay:923.92029 * 0.0004 * 0.96735
2023-05-15 05:05:31.441 | INFO     | __main__:objective:58 - Starting epoch #2.
2023-05-15 05:05:49.961 | INFO     | utils.logging:log_training_results:280 - 
2023-05-15 05:05:49.962 | INFO     | utils.logging:log_training_results:281 - Global Step =   1000
2023-05-15 05:05:49.962 | INFO     | utils.logging:log_training_results:282 - val mean(MacRec)_t: 0.8581900000572205
2023-05-15 05:05:49.963 | INFO     | utils.logging:log_training_results:287 - val mean ABSerr: 1.743316650390625
2023-05-15 05:05:49.963 | INFO     | utils.logging:log_training_results:290 - val ausat from confmx: 0.9709983468055725
2023-05-15 05:05:49.964 | INFO     | utils.logging:log_training_results:301 - val MCE loss:0.91834 * 0.6000000000000001 * -1.19277
2023-05-15 05:05:49.964 | INFO     | utils.logging:log_training_results:309 - val LLLR :0.25468 * 0.1 * 1.49336
2023-05-15 05:05:49.964 | INFO     | utils.logging:log_training_results:317 - val weight decay:860.11761 * 0.0004 * 0.94324
2023-05-15 05:05:50.787 | INFO     | utils.logging:save_sdre_imgs:710 - Figures saved.
2023-05-15 05:05:51.097 | INFO     | utils.logging:log_training_results:280 - 
2023-05-15 05:05:51.097 | INFO     | utils.logging:log_training_results:281 - Global Step =   1000
2023-05-15 05:05:51.097 | INFO     | utils.logging:log_training_results:282 - train mean(MacRec)_t: 0.6871487498283386
2023-05-15 05:05:51.098 | INFO     | utils.logging:log_training_results:287 - train mean ABSerr: 2.482393741607666
2023-05-15 05:05:51.098 | INFO     | utils.logging:log_training_results:290 - train ausat from confmx: 0.7715247273445129
2023-05-15 05:05:51.098 | INFO     | utils.logging:log_training_results:301 - train MCE loss:0.92400 * 0.6000000000000001 * -1.19268
2023-05-15 05:05:51.099 | INFO     | utils.logging:log_training_results:309 - train LLLR :0.28940 * 0.1 * 1.49326
2023-05-15 05:05:51.099 | INFO     | utils.logging:log_training_results:317 - train weight decay:860.11755 * 0.0004 * 0.94314
2023-05-15 05:06:07.271 | INFO     | __main__:objective:58 - Starting epoch #3.
2023-05-15 05:06:13.612 | INFO     | utils.logging:log_training_results:280 - 
2023-05-15 05:06:13.614 | INFO     | utils.logging:log_training_results:281 - Global Step =   1250
2023-05-15 05:06:13.614 | INFO     | utils.logging:log_training_results:282 - val mean(MacRec)_t: 0.8573600053787231
2023-05-15 05:06:13.614 | INFO     | utils.logging:log_training_results:287 - val mean ABSerr: 1.7548677921295166
2023-05-15 05:06:13.615 | INFO     | utils.logging:log_training_results:290 - val ausat from confmx: 0.9701086282730103
2023-05-15 05:06:13.615 | INFO     | utils.logging:log_training_results:301 - val MCE loss:0.91837 * 0.6000000000000001 * -1.16911
2023-05-15 05:06:13.616 | INFO     | utils.logging:log_training_results:309 - val LLLR :0.25492 * 0.1 * 1.46961
2023-05-15 05:06:13.616 | INFO     | utils.logging:log_training_results:317 - val weight decay:805.84619 * 0.0004 * 0.91884
2023-05-15 05:06:14.424 | INFO     | utils.logging:save_sdre_imgs:710 - Figures saved.
2023-05-15 05:06:14.726 | INFO     | utils.logging:log_training_results:280 - 
2023-05-15 05:06:14.727 | INFO     | utils.logging:log_training_results:281 - Global Step =   1250
2023-05-15 05:06:14.727 | INFO     | utils.logging:log_training_results:282 - train mean(MacRec)_t: 0.7190316319465637
2023-05-15 05:06:14.727 | INFO     | utils.logging:log_training_results:287 - train mean ABSerr: 2.445178747177124
2023-05-15 05:06:14.728 | INFO     | utils.logging:log_training_results:290 - train ausat from confmx: 0.7889005541801453
2023-05-15 05:06:14.728 | INFO     | utils.logging:log_training_results:301 - train MCE loss:0.92801 * 0.6000000000000001 * -1.16902
2023-05-15 05:06:14.728 | INFO     | utils.logging:log_training_results:309 - train LLLR :0.28747 * 0.1 * 1.46951
2023-05-15 05:06:14.729 | INFO     | utils.logging:log_training_results:317 - train weight decay:805.84619 * 0.0004 * 0.91874
2023-05-15 05:06:36.876 | INFO     | utils.logging:log_training_results:280 - 
2023-05-15 05:06:36.876 | INFO     | utils.logging:log_training_results:281 - Global Step =   1500
2023-05-15 05:06:36.877 | INFO     | utils.logging:log_training_results:282 - val mean(MacRec)_t: 0.8571099638938904
2023-05-15 05:06:36.877 | INFO     | utils.logging:log_training_results:287 - val mean ABSerr: 1.754621148109436
2023-05-15 05:06:36.877 | INFO     | utils.logging:log_training_results:290 - val ausat from confmx: 0.9686073064804077
2023-05-15 05:06:36.878 | INFO     | utils.logging:log_training_results:301 - val MCE loss:0.91877 * 0.6000000000000001 * -1.14541
2023-05-15 05:06:36.878 | INFO     | utils.logging:log_training_results:309 - val LLLR :0.25488 * 0.1 * 1.44574
2023-05-15 05:06:36.879 | INFO     | utils.logging:log_training_results:317 - val weight decay:758.18567 * 0.0004 * 0.89427
2023-05-15 05:06:37.705 | INFO     | utils.logging:save_sdre_imgs:710 - Figures saved.
2023-05-15 05:06:38.027 | INFO     | utils.logging:log_training_results:280 - 
2023-05-15 05:06:38.028 | INFO     | utils.logging:log_training_results:281 - Global Step =   1500
2023-05-15 05:06:38.028 | INFO     | utils.logging:log_training_results:282 - train mean(MacRec)_t: 0.6979280710220337
2023-05-15 05:06:38.029 | INFO     | utils.logging:log_training_results:287 - train mean ABSerr: 2.3759958744049072
2023-05-15 05:06:38.029 | INFO     | utils.logging:log_training_results:290 - train ausat from confmx: 0.7905794978141785
2023-05-15 05:06:38.029 | INFO     | utils.logging:log_training_results:301 - train MCE loss:0.94093 * 0.6000000000000001 * -1.14532
2023-05-15 05:06:38.030 | INFO     | utils.logging:log_training_results:309 - train LLLR :0.29047 * 0.1 * 1.44564
2023-05-15 05:06:38.030 | INFO     | utils.logging:log_training_results:317 - train weight decay:758.18561 * 0.0004 * 0.89418
2023-05-15 05:06:46.090 | INFO     | __main__:objective:58 - Starting epoch #4.
2023-05-15 05:07:00.389 | INFO     | utils.logging:log_training_results:280 - 
2023-05-15 05:07:00.389 | INFO     | utils.logging:log_training_results:281 - Global Step =   1750
2023-05-15 05:07:00.390 | INFO     | utils.logging:log_training_results:282 - val mean(MacRec)_t: 0.856646716594696
2023-05-15 05:07:00.390 | INFO     | utils.logging:log_training_results:287 - val mean ABSerr: 1.7502610683441162
2023-05-15 05:07:00.390 | INFO     | utils.logging:log_training_results:290 - val ausat from confmx: 0.9679966568946838
2023-05-15 05:07:00.391 | INFO     | utils.logging:log_training_results:301 - val MCE loss:0.91958 * 0.6000000000000001 * -1.12168
2023-05-15 05:07:00.391 | INFO     | utils.logging:log_training_results:309 - val LLLR :0.25486 * 0.1 * 1.42176
2023-05-15 05:07:00.392 | INFO     | utils.logging:log_training_results:317 - val weight decay:715.11200 * 0.0004 * 0.86956
2023-05-15 05:07:01.413 | INFO     | utils.logging:save_sdre_imgs:710 - Figures saved.
2023-05-15 05:07:01.721 | INFO     | utils.logging:log_training_results:280 - 
2023-05-15 05:07:01.722 | INFO     | utils.logging:log_training_results:281 - Global Step =   1750
2023-05-15 05:07:01.722 | INFO     | utils.logging:log_training_results:282 - train mean(MacRec)_t: 0.7011991143226624
2023-05-15 05:07:01.722 | INFO     | utils.logging:log_training_results:287 - train mean ABSerr: 2.451507806777954
2023-05-15 05:07:01.723 | INFO     | utils.logging:log_training_results:290 - train ausat from confmx: 0.7970264554023743
2023-05-15 05:07:01.723 | INFO     | utils.logging:log_training_results:301 - train MCE loss:0.92318 * 0.6000000000000001 * -1.12159
2023-05-15 05:07:01.723 | INFO     | utils.logging:log_training_results:309 - train LLLR :0.29220 * 0.1 * 1.42166
2023-05-15 05:07:01.724 | INFO     | utils.logging:log_training_results:317 - train weight decay:715.11194 * 0.0004 * 0.86946
2023-05-15 05:07:21.983 | INFO     | __main__:objective:58 - Starting epoch #5.
2023-05-15 05:07:24.282 | INFO     | utils.logging:log_training_results:280 - 
2023-05-15 05:07:24.283 | INFO     | utils.logging:log_training_results:281 - Global Step =   2000
2023-05-15 05:07:24.284 | INFO     | utils.logging:log_training_results:282 - val mean(MacRec)_t: 0.856553316116333
2023-05-15 05:07:24.284 | INFO     | utils.logging:log_training_results:287 - val mean ABSerr: 1.7523596286773682
2023-05-15 05:07:24.284 | INFO     | utils.logging:log_training_results:290 - val ausat from confmx: 0.9701555967330933
2023-05-15 05:07:24.285 | INFO     | utils.logging:log_training_results:301 - val MCE loss:0.91955 * 0.6000000000000001 * -1.09792
2023-05-15 05:07:24.285 | INFO     | utils.logging:log_training_results:309 - val LLLR :0.25487 * 0.1 * 1.39768
2023-05-15 05:07:24.286 | INFO     | utils.logging:log_training_results:317 - val weight decay:675.27753 * 0.0004 * 0.84472
2023-05-15 05:07:25.054 | INFO     | utils.logging:save_sdre_imgs:710 - Figures saved.
2023-05-15 05:07:25.358 | INFO     | utils.logging:log_training_results:280 - 
2023-05-15 05:07:25.359 | INFO     | utils.logging:log_training_results:281 - Global Step =   2000
2023-05-15 05:07:25.359 | INFO     | utils.logging:log_training_results:282 - train mean(MacRec)_t: 0.7347891330718994
2023-05-15 05:07:25.360 | INFO     | utils.logging:log_training_results:287 - train mean ABSerr: 2.3991003036499023
2023-05-15 05:07:25.360 | INFO     | utils.logging:log_training_results:290 - train ausat from confmx: 0.8454137444496155
2023-05-15 05:07:25.360 | INFO     | utils.logging:log_training_results:301 - train MCE loss:0.91070 * 0.6000000000000001 * -1.09783
2023-05-15 05:07:25.360 | INFO     | utils.logging:log_training_results:309 - train LLLR :0.28274 * 0.1 * 1.39759
2023-05-15 05:07:25.361 | INFO     | utils.logging:log_training_results:317 - train weight decay:675.27753 * 0.0004 * 0.84462
2023-05-15 05:07:47.478 | INFO     | utils.logging:log_training_results:280 - 
2023-05-15 05:07:47.479 | INFO     | utils.logging:log_training_results:281 - Global Step =   2250
2023-05-15 05:07:47.479 | INFO     | utils.logging:log_training_results:282 - val mean(MacRec)_t: 0.855536699295044
2023-05-15 05:07:47.479 | INFO     | utils.logging:log_training_results:287 - val mean ABSerr: 1.7533074617385864
2023-05-15 05:07:47.480 | INFO     | utils.logging:log_training_results:290 - val ausat from confmx: 0.9702484607696533
2023-05-15 05:07:47.480 | INFO     | utils.logging:log_training_results:301 - val MCE loss:0.92002 * 0.6000000000000001 * -1.07415
2023-05-15 05:07:47.480 | INFO     | utils.logging:log_training_results:309 - val LLLR :0.25498 * 0.1 * 1.37351
2023-05-15 05:07:47.481 | INFO     | utils.logging:log_training_results:317 - val weight decay:638.01508 * 0.0004 * 0.81975
2023-05-15 05:07:48.236 | INFO     | utils.logging:save_sdre_imgs:710 - Figures saved.
2023-05-15 05:07:48.560 | INFO     | utils.logging:log_training_results:280 - 
2023-05-15 05:07:48.561 | INFO     | utils.logging:log_training_results:281 - Global Step =   2250
2023-05-15 05:07:48.561 | INFO     | utils.logging:log_training_results:282 - train mean(MacRec)_t: 0.7366102337837219
2023-05-15 05:07:48.561 | INFO     | utils.logging:log_training_results:287 - train mean ABSerr: 2.478523015975952
2023-05-15 05:07:48.562 | INFO     | utils.logging:log_training_results:290 - train ausat from confmx: 0.8255626559257507
2023-05-15 05:07:48.562 | INFO     | utils.logging:log_training_results:301 - train MCE loss:0.90992 * 0.6000000000000001 * -1.07405
2023-05-15 05:07:48.562 | INFO     | utils.logging:log_training_results:309 - train LLLR :0.28251 * 0.1 * 1.37342
2023-05-15 05:07:48.563 | INFO     | utils.logging:log_training_results:317 - train weight decay:638.01501 * 0.0004 * 0.81965
2023-05-15 05:08:00.668 | INFO     | __main__:objective:58 - Starting epoch #6.
2023-05-15 05:08:10.969 | INFO     | utils.logging:log_training_results:280 - 
2023-05-15 05:08:10.969 | INFO     | utils.logging:log_training_results:281 - Global Step =   2500
2023-05-15 05:08:10.970 | INFO     | utils.logging:log_training_results:282 - val mean(MacRec)_t: 0.8553832769393921
2023-05-15 05:08:10.970 | INFO     | utils.logging:log_training_results:287 - val mean ABSerr: 1.745719313621521
2023-05-15 05:08:10.970 | INFO     | utils.logging:log_training_results:290 - val ausat from confmx: 0.9708202481269836
2023-05-15 05:08:10.971 | INFO     | utils.logging:log_training_results:301 - val MCE loss:0.92126 * 0.6000000000000001 * -1.05035
2023-05-15 05:08:10.971 | INFO     | utils.logging:log_training_results:309 - val LLLR :0.25484 * 0.1 * 1.34926
2023-05-15 05:08:10.971 | INFO     | utils.logging:log_training_results:317 - val weight decay:602.84222 * 0.0004 * 0.79467
2023-05-15 05:08:11.774 | INFO     | utils.logging:save_sdre_imgs:710 - Figures saved.
2023-05-15 05:08:12.076 | INFO     | utils.logging:log_training_results:280 - 
2023-05-15 05:08:12.077 | INFO     | utils.logging:log_training_results:281 - Global Step =   2500
2023-05-15 05:08:12.077 | INFO     | utils.logging:log_training_results:282 - train mean(MacRec)_t: 0.7458454966545105
2023-05-15 05:08:12.077 | INFO     | utils.logging:log_training_results:287 - train mean ABSerr: 2.3787496089935303
2023-05-15 05:08:12.078 | INFO     | utils.logging:log_training_results:290 - train ausat from confmx: 0.8200797438621521
2023-05-15 05:08:12.078 | INFO     | utils.logging:log_training_results:301 - train MCE loss:0.91640 * 0.6000000000000001 * -1.05026
2023-05-15 05:08:12.078 | INFO     | utils.logging:log_training_results:309 - train LLLR :0.28365 * 0.1 * 1.34916
2023-05-15 05:08:12.079 | INFO     | utils.logging:log_training_results:317 - train weight decay:602.84222 * 0.0004 * 0.79457
2023-05-15 05:08:34.219 | INFO     | utils.logging:log_training_results:280 - 
2023-05-15 05:08:34.219 | INFO     | utils.logging:log_training_results:281 - Global Step =   2750
2023-05-15 05:08:34.220 | INFO     | utils.logging:log_training_results:282 - val mean(MacRec)_t: 0.8553366661071777
2023-05-15 05:08:34.220 | INFO     | utils.logging:log_training_results:287 - val mean ABSerr: 1.7457795143127441
2023-05-15 05:08:34.220 | INFO     | utils.logging:log_training_results:290 - val ausat from confmx: 0.9689551591873169
2023-05-15 05:08:34.221 | INFO     | utils.logging:log_training_results:301 - val MCE loss:0.92089 * 0.6000000000000001 * -1.02658
2023-05-15 05:08:34.221 | INFO     | utils.logging:log_training_results:309 - val LLLR :0.25482 * 0.1 * 1.32493
2023-05-15 05:08:34.222 | INFO     | utils.logging:log_training_results:317 - val weight decay:569.51624 * 0.0004 * 0.76947
2023-05-15 05:08:35.037 | INFO     | utils.logging:save_sdre_imgs:710 - Figures saved.
2023-05-15 05:08:35.346 | INFO     | utils.logging:log_training_results:280 - 
2023-05-15 05:08:35.347 | INFO     | utils.logging:log_training_results:281 - Global Step =   2750
2023-05-15 05:08:35.347 | INFO     | utils.logging:log_training_results:282 - train mean(MacRec)_t: 0.7496750950813293
2023-05-15 05:08:35.347 | INFO     | utils.logging:log_training_results:287 - train mean ABSerr: 2.324644088745117
2023-05-15 05:08:35.348 | INFO     | utils.logging:log_training_results:290 - train ausat from confmx: 0.8226571083068848
2023-05-15 05:08:35.348 | INFO     | utils.logging:log_training_results:301 - train MCE loss:0.91882 * 0.6000000000000001 * -1.02648
2023-05-15 05:08:35.348 | INFO     | utils.logging:log_training_results:309 - train LLLR :0.27938 * 0.1 * 1.32483
2023-05-15 05:08:35.349 | INFO     | utils.logging:log_training_results:317 - train weight decay:569.51624 * 0.0004 * 0.76937
2023-05-15 05:08:39.421 | INFO     | __main__:objective:58 - Starting epoch #7.
2023-05-15 05:08:57.797 | INFO     | utils.logging:log_training_results:280 - 
2023-05-15 05:08:57.798 | INFO     | utils.logging:log_training_results:281 - Global Step =   3000
2023-05-15 05:08:57.799 | INFO     | utils.logging:log_training_results:282 - val mean(MacRec)_t: 0.8543566465377808
2023-05-15 05:08:57.799 | INFO     | utils.logging:log_training_results:287 - val mean ABSerr: 1.7399163246154785
2023-05-15 05:08:57.799 | INFO     | utils.logging:log_training_results:290 - val ausat from confmx: 0.9688249230384827
2023-05-15 05:08:57.800 | INFO     | utils.logging:log_training_results:301 - val MCE loss:0.92095 * 0.6000000000000001 * -1.00282
2023-05-15 05:08:57.800 | INFO     | utils.logging:log_training_results:309 - val LLLR :0.25484 * 0.1 * 1.30053
2023-05-15 05:08:57.800 | INFO     | utils.logging:log_training_results:317 - val weight decay:537.83771 * 0.0004 * 0.74417
2023-05-15 05:08:58.592 | INFO     | utils.logging:save_sdre_imgs:710 - Figures saved.
2023-05-15 05:08:58.898 | INFO     | utils.logging:log_training_results:280 - 
2023-05-15 05:08:58.899 | INFO     | utils.logging:log_training_results:281 - Global Step =   3000
2023-05-15 05:08:58.899 | INFO     | utils.logging:log_training_results:282 - train mean(MacRec)_t: 0.7473498582839966
2023-05-15 05:08:58.899 | INFO     | utils.logging:log_training_results:287 - train mean ABSerr: 2.3244786262512207
2023-05-15 05:08:58.900 | INFO     | utils.logging:log_training_results:290 - train ausat from confmx: 0.8318930864334106
2023-05-15 05:08:58.900 | INFO     | utils.logging:log_training_results:301 - train MCE loss:0.92746 * 0.6000000000000001 * -1.00272
2023-05-15 05:08:58.900 | INFO     | utils.logging:log_training_results:309 - train LLLR :0.28044 * 0.1 * 1.30043
2023-05-15 05:08:58.901 | INFO     | utils.logging:log_training_results:317 - train weight decay:537.83771 * 0.0004 * 0.74407
2023-05-15 05:09:14.990 | INFO     | __main__:objective:58 - Starting epoch #8.
2023-05-15 05:09:21.306 | INFO     | utils.logging:log_training_results:280 - 
2023-05-15 05:09:21.307 | INFO     | utils.logging:log_training_results:281 - Global Step =   3250
2023-05-15 05:09:21.307 | INFO     | utils.logging:log_training_results:282 - val mean(MacRec)_t: 0.854336678981781
2023-05-15 05:09:21.307 | INFO     | utils.logging:log_training_results:287 - val mean ABSerr: 1.7220823764801025
2023-05-15 05:09:21.308 | INFO     | utils.logging:log_training_results:290 - val ausat from confmx: 0.9682983160018921
2023-05-15 05:09:21.308 | INFO     | utils.logging:log_training_results:301 - val MCE loss:0.92053 * 0.6000000000000001 * -0.97909
2023-05-15 05:09:21.309 | INFO     | utils.logging:log_training_results:309 - val LLLR :0.25453 * 0.1 * 1.27606
2023-05-15 05:09:21.309 | INFO     | utils.logging:log_training_results:317 - val weight decay:507.66559 * 0.0004 * 0.71876
2023-05-15 05:09:22.089 | INFO     | utils.logging:save_sdre_imgs:710 - Figures saved.
2023-05-15 05:09:22.393 | INFO     | utils.logging:log_training_results:280 - 
2023-05-15 05:09:22.394 | INFO     | utils.logging:log_training_results:281 - Global Step =   3250
2023-05-15 05:09:22.394 | INFO     | utils.logging:log_training_results:282 - train mean(MacRec)_t: 0.7619125247001648
2023-05-15 05:09:22.394 | INFO     | utils.logging:log_training_results:287 - train mean ABSerr: 2.4223339557647705
2023-05-15 05:09:22.395 | INFO     | utils.logging:log_training_results:290 - train ausat from confmx: 0.839619517326355
2023-05-15 05:09:22.395 | INFO     | utils.logging:log_training_results:301 - train MCE loss:0.91485 * 0.6000000000000001 * -0.97899
2023-05-15 05:09:22.395 | INFO     | utils.logging:log_training_results:309 - train LLLR :0.27841 * 0.1 * 1.27596
2023-05-15 05:09:22.396 | INFO     | utils.logging:log_training_results:317 - train weight decay:507.66556 * 0.0004 * 0.71866
2023-05-15 05:09:44.519 | INFO     | utils.logging:log_training_results:280 - 
2023-05-15 05:09:44.520 | INFO     | utils.logging:log_training_results:281 - Global Step =   3500
2023-05-15 05:09:44.520 | INFO     | utils.logging:log_training_results:282 - val mean(MacRec)_t: 0.8543833494186401
2023-05-15 05:09:44.520 | INFO     | utils.logging:log_training_results:287 - val mean ABSerr: 1.689726710319519
2023-05-15 05:09:44.520 | INFO     | utils.logging:log_training_results:290 - val ausat from confmx: 0.9671304225921631
2023-05-15 05:09:44.521 | INFO     | utils.logging:log_training_results:301 - val MCE loss:0.91913 * 0.6000000000000001 * -0.95541
2023-05-15 05:09:44.521 | INFO     | utils.logging:log_training_results:309 - val LLLR :0.25408 * 0.1 * 1.25153
2023-05-15 05:09:44.521 | INFO     | utils.logging:log_training_results:317 - val weight decay:478.82236 * 0.0004 * 0.69326
2023-05-15 05:09:44.730 | INFO     | utils.checkpoint:update_and_save_result:168 - [36mBest value updated![0m
2023-05-15 05:09:44.751 | INFO     | utils.checkpoint:save_checkpoint:83 - [36mSaved checkpoint[0m at step 3500.
2023-05-15 05:09:44.755 | INFO     | utils.checkpoint:keep_max_num_saved_models:101 - Removed the oldest model for max_to_keep=1
2023-05-15 05:09:45.591 | INFO     | utils.logging:save_sdre_imgs:710 - Figures saved.
2023-05-15 05:09:45.890 | INFO     | utils.logging:log_training_results:280 - 
2023-05-15 05:09:45.891 | INFO     | utils.logging:log_training_results:281 - Global Step =   3500
2023-05-15 05:09:45.891 | INFO     | utils.logging:log_training_results:282 - train mean(MacRec)_t: 0.7890895009040833
2023-05-15 05:09:45.891 | INFO     | utils.logging:log_training_results:287 - train mean ABSerr: 2.1934187412261963
2023-05-15 05:09:45.892 | INFO     | utils.logging:log_training_results:290 - train ausat from confmx: 0.9105018377304077
2023-05-15 05:09:45.892 | INFO     | utils.logging:log_training_results:301 - train MCE loss:0.89972 * 0.6000000000000001 * -0.95531
2023-05-15 05:09:45.892 | INFO     | utils.logging:log_training_results:309 - train LLLR :0.27294 * 0.1 * 1.25143
2023-05-15 05:09:45.893 | INFO     | utils.logging:log_training_results:317 - train weight decay:478.82236 * 0.0004 * 0.69316
2023-05-15 05:09:53.929 | INFO     | __main__:objective:58 - Starting epoch #9.
2023-05-15 05:10:08.171 | INFO     | utils.logging:log_training_results:280 - 
2023-05-15 05:10:08.172 | INFO     | utils.logging:log_training_results:281 - Global Step =   3750
2023-05-15 05:10:08.172 | INFO     | utils.logging:log_training_results:282 - val mean(MacRec)_t: 0.8547500371932983
2023-05-15 05:10:08.173 | INFO     | utils.logging:log_training_results:287 - val mean ABSerr: 1.6211978197097778
2023-05-15 05:10:08.173 | INFO     | utils.logging:log_training_results:290 - val ausat from confmx: 0.9675322771072388
2023-05-15 05:10:08.173 | INFO     | utils.logging:log_training_results:301 - val MCE loss:0.91884 * 0.6000000000000001 * -0.93177
2023-05-15 05:10:08.174 | INFO     | utils.logging:log_training_results:309 - val LLLR :0.25301 * 0.1 * 1.22694
2023-05-15 05:10:08.174 | INFO     | utils.logging:log_training_results:317 - val weight decay:451.21539 * 0.0004 * 0.66766
2023-05-15 05:10:08.379 | INFO     | utils.checkpoint:update_and_save_result:168 - [36mBest value updated![0m
2023-05-15 05:10:08.391 | INFO     | utils.checkpoint:save_checkpoint:83 - [36mSaved checkpoint[0m at step 3750.
2023-05-15 05:10:08.393 | INFO     | utils.checkpoint:keep_max_num_saved_models:101 - Removed the oldest model for max_to_keep=1
2023-05-15 05:10:08.952 | INFO     | utils.logging:save_sdre_imgs:710 - Figures saved.
2023-05-15 05:10:09.246 | INFO     | utils.logging:log_training_results:280 - 
2023-05-15 05:10:09.246 | INFO     | utils.logging:log_training_results:281 - Global Step =   3750
2023-05-15 05:10:09.247 | INFO     | utils.logging:log_training_results:282 - train mean(MacRec)_t: 0.7790372967720032
2023-05-15 05:10:09.247 | INFO     | utils.logging:log_training_results:287 - train mean ABSerr: 2.3507933616638184
2023-05-15 05:10:09.247 | INFO     | utils.logging:log_training_results:290 - train ausat from confmx: 0.8573619723320007
2023-05-15 05:10:09.247 | INFO     | utils.logging:log_training_results:301 - train MCE loss:0.90621 * 0.6000000000000001 * -0.93167
2023-05-15 05:10:09.248 | INFO     | utils.logging:log_training_results:309 - train LLLR :0.27403 * 0.1 * 1.22684
2023-05-15 05:10:09.248 | INFO     | utils.logging:log_training_results:317 - train weight decay:451.21536 * 0.0004 * 0.66756
2023-05-15 05:10:29.094 | INFO     | utils.logging:investigate_log:155 - num_warning=0/num_error=0 in the .log file.
2023-05-15 05:10:29.485 | INFO     | optuna.study.study:_log_completed_trial:1013 - Trial 45 finished with values: [0.13744664192199707, 1.6211978197097778, 0.023514091968536377] and parameters: {'LIST_IS_POSITIONAL_ENCODING': False, 'LIST_MODEL_BACKBONE': 'Transformer', 'LIST_WEIGHT_DECAY': 0.0004, 'LIST_LEARNING_RATE': 9.231086651178327e-05, 'LIST_LLLR_VERSION': 'LLLR', 'LIST_ACTIVATION_FC': 'B2Bsqrt', 'LIST_PARAM_MULTIPLET_LOSS': 0.6000000000000001, 'LIST_PARAM_LLR_LOSS': 0.1, 'LIST_IS_ADAPTIVE_LOSS': True, 'LIST_ORDER_SPRT': 4, 'LIST_OPTIMIZER': 'adam', 'LIST_IS_NORMALIZE': True, 'LIST_NUM_THRESH': 1500, 'LIST_SPARSITY': 'linspace', 'LIST_NUM_BLOCKS': 1, 'LIST_NUM_HEADS': 4, 'LIST_DROPOUT': 0.5, 'LIST_FF_DIM': 32, 'LIST_MLP_UNITS': 64}. 
2023-05-15 05:10:29.629 | INFO     | utils.hyperparameter_tuning:suggest_parameters:560 - [33mStarting a tuning phase.[0m
2023-05-15 05:10:32.363 | INFO     | utils.hyperparameter_tuning:print:394 - 
+------------------------------------------+
|   Hyperparameteres suggested by Optuna   |
+------------------------+-----------------+
|     Parameter name     | Suggested value |
+------------------------+-----------------+
|     ACTIVATION_FC      |       tanh      |
|        DROPOUT         |       0.2       |
|         FF_DIM         |        32       |
|    IS_ADAPTIVE_LOSS    |       True      |
|      IS_NORMALIZE      |      False      |
| IS_POSITIONAL_ENCODING |      False      |
|     LEARNING_RATE      |    3.6876e-05   |
|      LLLR_VERSION      |       LLLR      |
|       MLP_UNITS        |        64       |
|     MODEL_BACKBONE     |   Transformer   |
|       NUM_BLOCKS       |        1        |
|       NUM_HEADS        |        4        |
|       NUM_THRESH       |       1500      |
|       OPTIMIZER        |       adam      |
|       ORDER_SPRT       |        2        |
|     PARAM_LLR_LOSS     |       0.2       |
|  PARAM_MULTIPLET_LOSS  |       0.4       |
|        SPARSITY        |     logspace    |
|      WEIGHT_DECAY      |      0.001      |
+------------------------+-----------------+
2023-05-15 05:10:32.364 | INFO     | utils.misc:create_directories_and_log:291 - [33mA new log directory was created: [0m/home/afe/Dropbox/GitHub/SPRT-TANDEM-PyTorch/logs/public_offset0_5_optimall_tuning/checkpoints/Transformer_20230515_051032364/configs
2023-05-15 05:10:32.365 | INFO     | utils.misc:create_directories_and_log:291 - [33mA new log directory was created: [0m/home/afe/Dropbox/GitHub/SPRT-TANDEM-PyTorch/logs/public_offset0_5_optimall_tuning/TensorBoard_events/Transformer_20230515_051032364
