2023-05-15 04:31:35.957 | INFO     | utils.misc:fix_random_seed:405 - Random seed is not fixed.
2023-05-15 04:31:35.968 | INFO     | models.temporal_integrators:summarize:566 - 
:'######::'########::'########::'########::::::::::::::::::::::
'##... ##: ##.... ##: ##.... ##:... ##..:::::::::::::::::::::::
 ##:::..:: ##:::: ##: ##:::: ##:::: ##:::::::::::::::::::::::::
. ######:: ########:: ########::::: ##::::'#######:::::::::::::
:..... ##: ##.....::: ##.. ##:::::: ##::::........:::::::::::::
'##::: ##: ##:::::::: ##::. ##::::: ##:::::::::::::::::::::::::
. ######:: ##:::::::: ##:::. ##:::: ##:::::::::::::::::::::::::
:......:::..:::::::::..:::::..:::::..::::::::::::::::::::::::::
'########::::'###::::'##::: ##:'########::'########:'##::::'##:
... ##..::::'## ##::: ###:: ##: ##.... ##: ##.....:: ###::'###:
::: ##:::::'##:. ##:: ####: ##: ##:::: ##: ##::::::: ####'####:
::: ##::::'##:::. ##: ## ## ##: ##:::: ##: ######::: ## ### ##:
::: ##:::: #########: ##. ####: ##:::: ##: ##...:::: ##. #: ##:
::: ##:::: ##.... ##: ##:. ###: ##:::: ##: ##::::::: ##:.:: ##:
::: ##:::: ##:::: ##: ##::. ##: ########:: ########: ##:::: ##:
:::..:::::..:::::..::..::::..::........:::........::..:::::..::

2023-05-15 04:31:35.968 | INFO     | models.temporal_integrators:summarize:569 - [34mofficial PyTorch implementation.[0m
2023-05-15 04:31:36.026 | INFO     | models.temporal_integrators:summarize:591 - Network summary:
===============================================================================================
Layer (type:depth-idx)                        Output Shape              Param #
===============================================================================================
TANDEMformer                                  [150, 50, 3, 3]           259
├─TransformerEncoder: 1-1                     [7350, 1, 128]            --
│    └─ModuleList: 2-2                        --                        (recursive)
│    │    └─TransformerEncoderLayer: 3-1      [7350, 1, 128]            74,912
├─Linear: 1-2                                 [7350, 64]                8,256
├─Dropout: 1-3                                [7350, 64]                --
├─TransformerEncoder: 1-4                     [7350, 2, 128]            (recursive)
│    └─ModuleList: 2-2                        --                        (recursive)
│    │    └─TransformerEncoderLayer: 3-2      [7350, 2, 128]            (recursive)
├─Linear: 1-5                                 [7350, 64]                (recursive)
├─Dropout: 1-6                                [7350, 64]                --
├─GELU: 1-7                                   [7350, 64]                --
├─Linear: 1-8                                 [7350, 3]                 195
├─GELU: 1-9                                   [7350, 64]                --
├─Linear: 1-10                                [7350, 3]                 (recursive)
===============================================================================================
Total params: 83,622
Trainable params: 83,622
Non-trainable params: 0
Total mult-adds (M): 124.23
===============================================================================================
Input size (MB): 3.84
Forward/backward pass size (MB): 7.88
Params size (MB): 0.03
Estimated Total Size (MB): 11.75
===============================================================================================
2023-05-15 04:31:36.027 | INFO     | models.temporal_integrators:summarize:592 - Example input shape: torch.Size([150, 50, 128])
2023-05-15 04:31:36.027 | INFO     | models.temporal_integrators:summarize:593 - Example output shape: torch.Size([150, 50, 3, 3])
2023-05-15 04:31:36.029 | INFO     | models.temporal_integrators:import_model:58 - model moved onto: [33mcuda.[0m
2023-05-15 04:31:36.029 | INFO     | models.optimizers:initialize_optimizer:44 - Optimizer:
AdamW (
Parameter Group 0
    amsgrad: False
    betas: (0.9, 0.999)
    capturable: False
    differentiable: False
    eps: 1e-08
    foreach: None
    fused: None
    lr: 8.929359011066568e-05
    maximize: False
    weight_decay: 0.0002
)
2023-05-15 04:31:36.030 | INFO     | datasets.data_processing:lmdb_dataloaders:293 - loading data... 
2023-05-15 04:31:36.030 | INFO     | datasets.data_processing:lmdb_dataloaders:295 - If this process takes long, consider setting is_load_onto_memory=False or use LMDBIterableDataset.
2023-05-15 04:31:38.248 | INFO     | __main__:objective:58 - Starting epoch #0.
2023-05-15 04:31:39.883 | INFO     | utils.logging:log_training_results:280 - 
2023-05-15 04:31:39.884 | INFO     | utils.logging:log_training_results:281 - Global Step =      0
2023-05-15 04:31:39.884 | INFO     | utils.logging:log_training_results:282 - val mean(MacRec)_t: 0.30865997076034546
2023-05-15 04:31:39.885 | INFO     | utils.logging:log_training_results:287 - val mean ABSerr: 3.602163791656494
2023-05-15 04:31:39.885 | INFO     | utils.logging:log_training_results:290 - val ausat from confmx: 0.29460108280181885
2023-05-15 04:31:39.885 | INFO     | utils.logging:log_training_results:301 - val MCE loss:1.11523 * 1.0 * -0.40263
2023-05-15 04:31:39.886 | INFO     | utils.logging:log_training_results:309 - val LLLR :0.38012 * 0.1 * -0.42956
2023-05-15 04:31:39.886 | INFO     | utils.logging:log_training_results:317 - val weight decay:841.01349 * 0.0002 * 0.97154
2023-05-15 04:31:40.709 | INFO     | utils.logging:save_sdre_imgs:710 - Figures saved.
2023-05-15 04:31:40.995 | INFO     | utils.logging:log_training_results:280 - 
2023-05-15 04:31:40.996 | INFO     | utils.logging:log_training_results:281 - Global Step =      0
2023-05-15 04:31:40.996 | INFO     | utils.logging:log_training_results:282 - train mean(MacRec)_t: 0.28358185291290283
2023-05-15 04:31:40.996 | INFO     | utils.logging:log_training_results:287 - train mean ABSerr: 3.6828455924987793
2023-05-15 04:31:40.996 | INFO     | utils.logging:log_training_results:290 - train ausat from confmx: 0.2692458927631378
2023-05-15 04:31:40.997 | INFO     | utils.logging:log_training_results:301 - train MCE loss:1.12467 * 1.0 * -0.40272
2023-05-15 04:31:40.997 | INFO     | utils.logging:log_training_results:309 - train LLLR :0.38744 * 0.1 * -0.42948
2023-05-15 04:31:40.997 | INFO     | utils.logging:log_training_results:317 - train weight decay:841.01349 * 0.0002 * 0.97145
2023-05-15 04:31:54.940 | INFO     | utils.logging:log_training_results:280 - 
2023-05-15 04:31:54.941 | INFO     | utils.logging:log_training_results:281 - Global Step =    250
2023-05-15 04:31:54.941 | INFO     | utils.logging:log_training_results:282 - val mean(MacRec)_t: 0.8649399876594543
2023-05-15 04:31:54.942 | INFO     | utils.logging:log_training_results:287 - val mean ABSerr: 0.9317757487297058
2023-05-15 04:31:54.942 | INFO     | utils.logging:log_training_results:290 - val ausat from confmx: 0.9769105315208435
2023-05-15 04:31:54.942 | INFO     | utils.logging:log_training_results:301 - val MCE loss:0.99415 * 1.0 * -0.42337
2023-05-15 04:31:54.943 | INFO     | utils.logging:log_training_results:309 - val LLLR :0.24986 * 0.1 * -0.40686
2023-05-15 04:31:54.943 | INFO     | utils.logging:log_training_results:317 - val weight decay:811.49939 * 0.0002 * 0.94911
2023-05-15 04:31:55.148 | INFO     | utils.checkpoint:update_and_save_result:168 - [36mBest value updated![0m
2023-05-15 04:31:55.158 | INFO     | utils.checkpoint:save_checkpoint:83 - [36mSaved checkpoint[0m at step 250.
2023-05-15 04:31:55.736 | INFO     | utils.logging:save_sdre_imgs:710 - Figures saved.
2023-05-15 04:31:56.005 | INFO     | utils.logging:log_training_results:280 - 
2023-05-15 04:31:56.006 | INFO     | utils.logging:log_training_results:281 - Global Step =    250
2023-05-15 04:31:56.006 | INFO     | utils.logging:log_training_results:282 - train mean(MacRec)_t: 0.7649136185646057
2023-05-15 04:31:56.006 | INFO     | utils.logging:log_training_results:287 - train mean ABSerr: 1.6724216938018799
2023-05-15 04:31:56.006 | INFO     | utils.logging:log_training_results:290 - train ausat from confmx: 0.9261795878410339
2023-05-15 04:31:56.007 | INFO     | utils.logging:log_training_results:301 - train MCE loss:1.02519 * 1.0 * -0.42345
2023-05-15 04:31:56.007 | INFO     | utils.logging:log_training_results:309 - train LLLR :0.26982 * 0.1 * -0.40677
2023-05-15 04:31:56.007 | INFO     | utils.logging:log_training_results:317 - train weight decay:811.49939 * 0.0002 * 0.94902
2023-05-15 04:32:03.565 | INFO     | __main__:objective:58 - Starting epoch #1.
2023-05-15 04:32:10.156 | INFO     | utils.logging:log_training_results:280 - 
2023-05-15 04:32:10.157 | INFO     | utils.logging:log_training_results:281 - Global Step =    500
2023-05-15 04:32:10.158 | INFO     | utils.logging:log_training_results:282 - val mean(MacRec)_t: 0.872606635093689
2023-05-15 04:32:10.158 | INFO     | utils.logging:log_training_results:287 - val mean ABSerr: 0.32577839493751526
2023-05-15 04:32:10.158 | INFO     | utils.logging:log_training_results:290 - val ausat from confmx: 0.9818905591964722
2023-05-15 04:32:10.159 | INFO     | utils.logging:log_training_results:301 - val MCE loss:0.98425 * 1.0 * -0.44179
2023-05-15 04:32:10.159 | INFO     | utils.logging:log_training_results:309 - val LLLR :0.24370 * 0.1 * -0.38359
2023-05-15 04:32:10.159 | INFO     | utils.logging:log_training_results:317 - val weight decay:781.89575 * 0.0002 * 0.92645
2023-05-15 04:32:10.351 | INFO     | utils.checkpoint:update_and_save_result:168 - [36mBest value updated![0m
2023-05-15 04:32:10.363 | INFO     | utils.checkpoint:save_checkpoint:83 - [36mSaved checkpoint[0m at step 500.
2023-05-15 04:32:10.365 | INFO     | utils.checkpoint:keep_max_num_saved_models:101 - Removed the oldest model for max_to_keep=1
2023-05-15 04:32:10.948 | INFO     | utils.logging:save_sdre_imgs:710 - Figures saved.
2023-05-15 04:32:11.211 | INFO     | utils.logging:log_training_results:280 - 
2023-05-15 04:32:11.212 | INFO     | utils.logging:log_training_results:281 - Global Step =    500
2023-05-15 04:32:11.212 | INFO     | utils.logging:log_training_results:282 - train mean(MacRec)_t: 0.8499661087989807
2023-05-15 04:32:11.212 | INFO     | utils.logging:log_training_results:287 - train mean ABSerr: 1.3199621438980103
2023-05-15 04:32:11.213 | INFO     | utils.logging:log_training_results:290 - train ausat from confmx: 0.9638732075691223
2023-05-15 04:32:11.213 | INFO     | utils.logging:log_training_results:301 - train MCE loss:0.99716 * 1.0 * -0.44186
2023-05-15 04:32:11.213 | INFO     | utils.logging:log_training_results:309 - train LLLR :0.24782 * 0.1 * -0.38350
2023-05-15 04:32:11.213 | INFO     | utils.logging:log_training_results:317 - train weight decay:781.89575 * 0.0002 * 0.92636
2023-05-15 04:32:25.202 | INFO     | utils.logging:log_training_results:280 - 
2023-05-15 04:32:25.203 | INFO     | utils.logging:log_training_results:281 - Global Step =    750
2023-05-15 04:32:25.203 | INFO     | utils.logging:log_training_results:282 - val mean(MacRec)_t: 0.8731899857521057
2023-05-15 04:32:25.204 | INFO     | utils.logging:log_training_results:287 - val mean ABSerr: 0.3611644506454468
2023-05-15 04:32:25.204 | INFO     | utils.logging:log_training_results:290 - val ausat from confmx: 0.9818206429481506
2023-05-15 04:32:25.204 | INFO     | utils.logging:log_training_results:301 - val MCE loss:0.98392 * 1.0 * -0.45905
2023-05-15 04:32:25.205 | INFO     | utils.logging:log_training_results:309 - val LLLR :0.24312 * 0.1 * -0.35994
2023-05-15 04:32:25.205 | INFO     | utils.logging:log_training_results:317 - val weight decay:755.17029 * 0.0002 * 0.90357
2023-05-15 04:32:25.415 | INFO     | utils.checkpoint:update_and_save_result:168 - [36mBest value updated![0m
2023-05-15 04:32:25.426 | INFO     | utils.checkpoint:save_checkpoint:83 - [36mSaved checkpoint[0m at step 750.
2023-05-15 04:32:25.428 | INFO     | utils.checkpoint:keep_max_num_saved_models:101 - Removed the oldest model for max_to_keep=1
2023-05-15 04:32:26.096 | INFO     | utils.logging:save_sdre_imgs:710 - Figures saved.
2023-05-15 04:32:26.359 | INFO     | utils.logging:log_training_results:280 - 
2023-05-15 04:32:26.360 | INFO     | utils.logging:log_training_results:281 - Global Step =    750
2023-05-15 04:32:26.360 | INFO     | utils.logging:log_training_results:282 - train mean(MacRec)_t: 0.8270910382270813
2023-05-15 04:32:26.360 | INFO     | utils.logging:log_training_results:287 - train mean ABSerr: 1.1412500143051147
2023-05-15 04:32:26.361 | INFO     | utils.logging:log_training_results:290 - train ausat from confmx: 0.9670209884643555
2023-05-15 04:32:26.361 | INFO     | utils.logging:log_training_results:301 - train MCE loss:1.00425 * 1.0 * -0.45911
2023-05-15 04:32:26.361 | INFO     | utils.logging:log_training_results:309 - train LLLR :0.25178 * 0.1 * -0.35984
2023-05-15 04:32:26.362 | INFO     | utils.logging:log_training_results:317 - train weight decay:755.17029 * 0.0002 * 0.90348
2023-05-15 04:32:28.931 | INFO     | __main__:objective:58 - Starting epoch #2.
2023-05-15 04:32:40.540 | INFO     | utils.logging:log_training_results:280 - 
2023-05-15 04:32:40.540 | INFO     | utils.logging:log_training_results:281 - Global Step =   1000
2023-05-15 04:32:40.541 | INFO     | utils.logging:log_training_results:282 - val mean(MacRec)_t: 0.8729433417320251
2023-05-15 04:32:40.541 | INFO     | utils.logging:log_training_results:287 - val mean ABSerr: 0.42922207713127136
2023-05-15 04:32:40.541 | INFO     | utils.logging:log_training_results:290 - val ausat from confmx: 0.9821425676345825
2023-05-15 04:32:40.542 | INFO     | utils.logging:log_training_results:301 - val MCE loss:0.98403 * 1.0 * -0.47524
2023-05-15 04:32:40.542 | INFO     | utils.logging:log_training_results:309 - val LLLR :0.24286 * 0.1 * -0.33586
2023-05-15 04:32:40.543 | INFO     | utils.logging:log_training_results:317 - val weight decay:729.46777 * 0.0002 * 0.88048
2023-05-15 04:32:40.781 | INFO     | utils.checkpoint:update_and_save_result:168 - [36mBest value updated![0m
2023-05-15 04:32:40.794 | INFO     | utils.checkpoint:save_checkpoint:83 - [36mSaved checkpoint[0m at step 1000.
2023-05-15 04:32:40.796 | INFO     | utils.checkpoint:keep_max_num_saved_models:101 - Removed the oldest model for max_to_keep=1
2023-05-15 04:32:41.390 | INFO     | utils.logging:save_sdre_imgs:710 - Figures saved.
2023-05-15 04:32:41.663 | INFO     | utils.logging:log_training_results:280 - 
2023-05-15 04:32:41.664 | INFO     | utils.logging:log_training_results:281 - Global Step =   1000
2023-05-15 04:32:41.664 | INFO     | utils.logging:log_training_results:282 - train mean(MacRec)_t: 0.853478193283081
2023-05-15 04:32:41.664 | INFO     | utils.logging:log_training_results:287 - train mean ABSerr: 1.1883760690689087
2023-05-15 04:32:41.665 | INFO     | utils.logging:log_training_results:290 - train ausat from confmx: 0.9964559078216553
2023-05-15 04:32:41.665 | INFO     | utils.logging:log_training_results:301 - train MCE loss:1.00169 * 1.0 * -0.47531
2023-05-15 04:32:41.665 | INFO     | utils.logging:log_training_results:309 - train LLLR :0.24652 * 0.1 * -0.33576
2023-05-15 04:32:41.666 | INFO     | utils.logging:log_training_results:317 - train weight decay:729.46777 * 0.0002 * 0.88039
2023-05-15 04:32:51.740 | INFO     | __main__:objective:58 - Starting epoch #3.
2023-05-15 04:32:55.857 | INFO     | utils.logging:log_training_results:280 - 
2023-05-15 04:32:55.857 | INFO     | utils.logging:log_training_results:281 - Global Step =   1250
2023-05-15 04:32:55.858 | INFO     | utils.logging:log_training_results:282 - val mean(MacRec)_t: 0.8742733597755432
2023-05-15 04:32:55.858 | INFO     | utils.logging:log_training_results:287 - val mean ABSerr: 0.45798009634017944
2023-05-15 04:32:55.858 | INFO     | utils.logging:log_training_results:290 - val ausat from confmx: 0.9826899170875549
2023-05-15 04:32:55.858 | INFO     | utils.logging:log_training_results:301 - val MCE loss:0.98399 * 1.0 * -0.49054
2023-05-15 04:32:55.859 | INFO     | utils.logging:log_training_results:309 - val LLLR :0.24245 * 0.1 * -0.31135
2023-05-15 04:32:55.859 | INFO     | utils.logging:log_training_results:317 - val weight decay:703.85150 * 0.0002 * 0.85719
2023-05-15 04:32:56.074 | INFO     | utils.checkpoint:update_and_save_result:168 - [36mBest value updated![0m
2023-05-15 04:32:56.086 | INFO     | utils.checkpoint:save_checkpoint:83 - [36mSaved checkpoint[0m at step 1250.
2023-05-15 04:32:56.088 | INFO     | utils.checkpoint:keep_max_num_saved_models:101 - Removed the oldest model for max_to_keep=1
2023-05-15 04:32:56.711 | INFO     | utils.logging:save_sdre_imgs:710 - Figures saved.
2023-05-15 04:32:56.983 | INFO     | utils.logging:log_training_results:280 - 
2023-05-15 04:32:56.984 | INFO     | utils.logging:log_training_results:281 - Global Step =   1250
2023-05-15 04:32:56.984 | INFO     | utils.logging:log_training_results:282 - train mean(MacRec)_t: 0.8376533389091492
2023-05-15 04:32:56.984 | INFO     | utils.logging:log_training_results:287 - train mean ABSerr: 1.0488557815551758
2023-05-15 04:32:56.985 | INFO     | utils.logging:log_training_results:290 - train ausat from confmx: 0.9821681380271912
2023-05-15 04:32:56.985 | INFO     | utils.logging:log_training_results:301 - train MCE loss:1.00127 * 1.0 * -0.49060
2023-05-15 04:32:56.985 | INFO     | utils.logging:log_training_results:309 - train LLLR :0.24877 * 0.1 * -0.31125
2023-05-15 04:32:56.986 | INFO     | utils.logging:log_training_results:317 - train weight decay:703.85150 * 0.0002 * 0.85710
2023-05-15 04:33:10.991 | INFO     | utils.logging:log_training_results:280 - 
2023-05-15 04:33:10.992 | INFO     | utils.logging:log_training_results:281 - Global Step =   1500
2023-05-15 04:33:10.992 | INFO     | utils.logging:log_training_results:282 - val mean(MacRec)_t: 0.875366747379303
2023-05-15 04:33:10.992 | INFO     | utils.logging:log_training_results:287 - val mean ABSerr: 0.4482833445072174
2023-05-15 04:33:10.993 | INFO     | utils.logging:log_training_results:290 - val ausat from confmx: 0.9828009605407715
2023-05-15 04:33:10.993 | INFO     | utils.logging:log_training_results:301 - val MCE loss:0.98383 * 1.0 * -0.50506
2023-05-15 04:33:10.993 | INFO     | utils.logging:log_training_results:309 - val LLLR :0.24225 * 0.1 * -0.28645
2023-05-15 04:33:10.994 | INFO     | utils.logging:log_training_results:317 - val weight decay:677.97864 * 0.0002 * 0.83372
2023-05-15 04:33:11.198 | INFO     | utils.checkpoint:update_and_save_result:168 - [36mBest value updated![0m
2023-05-15 04:33:11.208 | INFO     | utils.checkpoint:save_checkpoint:83 - [36mSaved checkpoint[0m at step 1500.
2023-05-15 04:33:11.210 | INFO     | utils.checkpoint:keep_max_num_saved_models:101 - Removed the oldest model for max_to_keep=1
2023-05-15 04:33:11.993 | INFO     | utils.logging:save_sdre_imgs:710 - Figures saved.
2023-05-15 04:33:12.257 | INFO     | utils.logging:log_training_results:280 - 
2023-05-15 04:33:12.257 | INFO     | utils.logging:log_training_results:281 - Global Step =   1500
2023-05-15 04:33:12.258 | INFO     | utils.logging:log_training_results:282 - train mean(MacRec)_t: 0.8639899492263794
2023-05-15 04:33:12.258 | INFO     | utils.logging:log_training_results:287 - train mean ABSerr: 0.9475175738334656
2023-05-15 04:33:12.258 | INFO     | utils.logging:log_training_results:290 - train ausat from confmx: 0.9829995036125183
2023-05-15 04:33:12.259 | INFO     | utils.logging:log_training_results:301 - train MCE loss:0.99609 * 1.0 * -0.50511
2023-05-15 04:33:12.259 | INFO     | utils.logging:log_training_results:309 - train LLLR :0.24615 * 0.1 * -0.28635
2023-05-15 04:33:12.259 | INFO     | utils.logging:log_training_results:317 - train weight decay:677.97858 * 0.0002 * 0.83363
2023-05-15 04:33:17.390 | INFO     | __main__:objective:58 - Starting epoch #4.
2023-05-15 04:33:26.522 | INFO     | utils.logging:log_training_results:280 - 
2023-05-15 04:33:26.523 | INFO     | utils.logging:log_training_results:281 - Global Step =   1750
2023-05-15 04:33:26.523 | INFO     | utils.logging:log_training_results:282 - val mean(MacRec)_t: 0.8748167157173157
2023-05-15 04:33:26.523 | INFO     | utils.logging:log_training_results:287 - val mean ABSerr: 0.4606624245643616
2023-05-15 04:33:26.524 | INFO     | utils.logging:log_training_results:290 - val ausat from confmx: 0.9831733107566833
2023-05-15 04:33:26.524 | INFO     | utils.logging:log_training_results:301 - val MCE loss:0.98384 * 1.0 * -0.51888
2023-05-15 04:33:26.524 | INFO     | utils.logging:log_training_results:309 - val LLLR :0.24226 * 0.1 * -0.26121
2023-05-15 04:33:26.525 | INFO     | utils.logging:log_training_results:317 - val weight decay:651.97192 * 0.0002 * 0.81007
2023-05-15 04:33:26.722 | INFO     | utils.checkpoint:update_and_save_result:168 - [36mBest value updated![0m
2023-05-15 04:33:26.735 | INFO     | utils.checkpoint:save_checkpoint:83 - [36mSaved checkpoint[0m at step 1750.
2023-05-15 04:33:26.737 | INFO     | utils.checkpoint:keep_max_num_saved_models:101 - Removed the oldest model for max_to_keep=1
2023-05-15 04:33:27.325 | INFO     | utils.logging:save_sdre_imgs:710 - Figures saved.
2023-05-15 04:33:27.596 | INFO     | utils.logging:log_training_results:280 - 
2023-05-15 04:33:27.596 | INFO     | utils.logging:log_training_results:281 - Global Step =   1750
2023-05-15 04:33:27.597 | INFO     | utils.logging:log_training_results:282 - train mean(MacRec)_t: 0.8795837759971619
2023-05-15 04:33:27.597 | INFO     | utils.logging:log_training_results:287 - train mean ABSerr: 1.0718650817871094
2023-05-15 04:33:27.597 | INFO     | utils.logging:log_training_results:290 - train ausat from confmx: 0.9786344170570374
2023-05-15 04:33:27.598 | INFO     | utils.logging:log_training_results:301 - train MCE loss:0.99097 * 1.0 * -0.51894
2023-05-15 04:33:27.598 | INFO     | utils.logging:log_training_results:309 - train LLLR :0.24155 * 0.1 * -0.26110
2023-05-15 04:33:27.599 | INFO     | utils.logging:log_training_results:317 - train weight decay:651.97192 * 0.0002 * 0.80998
2023-05-15 04:33:40.219 | INFO     | __main__:objective:58 - Starting epoch #5.
2023-05-15 04:33:41.848 | INFO     | utils.logging:log_training_results:280 - 
2023-05-15 04:33:41.849 | INFO     | utils.logging:log_training_results:281 - Global Step =   2000
2023-05-15 04:33:41.850 | INFO     | utils.logging:log_training_results:282 - val mean(MacRec)_t: 0.8755066394805908
2023-05-15 04:33:41.850 | INFO     | utils.logging:log_training_results:287 - val mean ABSerr: 0.5124891400337219
2023-05-15 04:33:41.850 | INFO     | utils.logging:log_training_results:290 - val ausat from confmx: 0.9830063581466675
2023-05-15 04:33:41.851 | INFO     | utils.logging:log_training_results:301 - val MCE loss:0.98400 * 1.0 * -0.53209
2023-05-15 04:33:41.851 | INFO     | utils.logging:log_training_results:309 - val LLLR :0.24201 * 0.1 * -0.23572
2023-05-15 04:33:41.851 | INFO     | utils.logging:log_training_results:317 - val weight decay:625.73309 * 0.0002 * 0.78626
2023-05-15 04:33:42.076 | INFO     | utils.checkpoint:update_and_save_result:168 - [36mBest value updated![0m
2023-05-15 04:33:42.090 | INFO     | utils.checkpoint:save_checkpoint:83 - [36mSaved checkpoint[0m at step 2000.
2023-05-15 04:33:42.092 | INFO     | utils.checkpoint:keep_max_num_saved_models:101 - Removed the oldest model for max_to_keep=1
2023-05-15 04:33:42.722 | INFO     | utils.logging:save_sdre_imgs:710 - Figures saved.
2023-05-15 04:33:42.992 | INFO     | utils.logging:log_training_results:280 - 
2023-05-15 04:33:42.993 | INFO     | utils.logging:log_training_results:281 - Global Step =   2000
2023-05-15 04:33:42.993 | INFO     | utils.logging:log_training_results:282 - train mean(MacRec)_t: 0.8614222407341003
2023-05-15 04:33:42.993 | INFO     | utils.logging:log_training_results:287 - train mean ABSerr: 0.9843032360076904
2023-05-15 04:33:42.994 | INFO     | utils.logging:log_training_results:290 - train ausat from confmx: 0.9539391398429871
2023-05-15 04:33:42.994 | INFO     | utils.logging:log_training_results:301 - train MCE loss:0.98566 * 1.0 * -0.53215
2023-05-15 04:33:42.994 | INFO     | utils.logging:log_training_results:309 - train LLLR :0.24433 * 0.1 * -0.23562
2023-05-15 04:33:42.995 | INFO     | utils.logging:log_training_results:317 - train weight decay:625.73309 * 0.0002 * 0.78616
2023-05-15 04:33:57.087 | INFO     | utils.logging:log_training_results:280 - 
2023-05-15 04:33:57.088 | INFO     | utils.logging:log_training_results:281 - Global Step =   2250
2023-05-15 04:33:57.089 | INFO     | utils.logging:log_training_results:282 - val mean(MacRec)_t: 0.8754799962043762
2023-05-15 04:33:57.089 | INFO     | utils.logging:log_training_results:287 - val mean ABSerr: 0.549312174320221
2023-05-15 04:33:57.089 | INFO     | utils.logging:log_training_results:290 - val ausat from confmx: 0.9832249283790588
2023-05-15 04:33:57.090 | INFO     | utils.logging:log_training_results:301 - val MCE loss:0.98409 * 1.0 * -0.54476
2023-05-15 04:33:57.090 | INFO     | utils.logging:log_training_results:309 - val LLLR :0.24187 * 0.1 * -0.21020
2023-05-15 04:33:57.090 | INFO     | utils.logging:log_training_results:317 - val weight decay:599.35315 * 0.0002 * 0.76228
2023-05-15 04:33:57.307 | INFO     | utils.checkpoint:update_and_save_result:168 - [36mBest value updated![0m
2023-05-15 04:33:57.321 | INFO     | utils.checkpoint:save_checkpoint:83 - [36mSaved checkpoint[0m at step 2250.
2023-05-15 04:33:57.324 | INFO     | utils.checkpoint:keep_max_num_saved_models:101 - Removed the oldest model for max_to_keep=1
2023-05-15 04:33:57.917 | INFO     | utils.logging:save_sdre_imgs:710 - Figures saved.
2023-05-15 04:33:58.183 | INFO     | utils.logging:log_training_results:280 - 
2023-05-15 04:33:58.183 | INFO     | utils.logging:log_training_results:281 - Global Step =   2250
2023-05-15 04:33:58.184 | INFO     | utils.logging:log_training_results:282 - train mean(MacRec)_t: 0.8838231563568115
2023-05-15 04:33:58.184 | INFO     | utils.logging:log_training_results:287 - train mean ABSerr: 0.9076221585273743
2023-05-15 04:33:58.184 | INFO     | utils.logging:log_training_results:290 - train ausat from confmx: 0.9896609783172607
2023-05-15 04:33:58.185 | INFO     | utils.logging:log_training_results:301 - train MCE loss:0.99788 * 1.0 * -0.54481
2023-05-15 04:33:58.185 | INFO     | utils.logging:log_training_results:309 - train LLLR :0.24189 * 0.1 * -0.21010
2023-05-15 04:33:58.185 | INFO     | utils.logging:log_training_results:317 - train weight decay:599.35309 * 0.0002 * 0.76218
2023-05-15 04:34:05.763 | INFO     | __main__:objective:58 - Starting epoch #6.
2023-05-15 04:34:12.408 | INFO     | utils.logging:log_training_results:280 - 
2023-05-15 04:34:12.409 | INFO     | utils.logging:log_training_results:281 - Global Step =   2500
2023-05-15 04:34:12.409 | INFO     | utils.logging:log_training_results:282 - val mean(MacRec)_t: 0.8753400444984436
2023-05-15 04:34:12.409 | INFO     | utils.logging:log_training_results:287 - val mean ABSerr: 0.6085297465324402
2023-05-15 04:34:12.410 | INFO     | utils.logging:log_training_results:290 - val ausat from confmx: 0.9836390018463135
2023-05-15 04:34:12.413 | INFO     | utils.logging:log_training_results:301 - val MCE loss:0.98434 * 1.0 * -0.55692
2023-05-15 04:34:12.413 | INFO     | utils.logging:log_training_results:309 - val LLLR :0.24174 * 0.1 * -0.18502
2023-05-15 04:34:12.414 | INFO     | utils.logging:log_training_results:317 - val weight decay:572.99847 * 0.0002 * 0.73814
2023-05-15 04:34:12.634 | INFO     | utils.checkpoint:update_and_save_result:168 - [36mBest value updated![0m
2023-05-15 04:34:12.645 | INFO     | utils.checkpoint:save_checkpoint:83 - [36mSaved checkpoint[0m at step 2500.
2023-05-15 04:34:12.647 | INFO     | utils.checkpoint:keep_max_num_saved_models:101 - Removed the oldest model for max_to_keep=1
2023-05-15 04:34:13.233 | INFO     | utils.logging:save_sdre_imgs:710 - Figures saved.
2023-05-15 04:34:13.501 | INFO     | utils.logging:log_training_results:280 - 
2023-05-15 04:34:13.502 | INFO     | utils.logging:log_training_results:281 - Global Step =   2500
2023-05-15 04:34:13.502 | INFO     | utils.logging:log_training_results:282 - train mean(MacRec)_t: 0.8587585091590881
2023-05-15 04:34:13.502 | INFO     | utils.logging:log_training_results:287 - train mean ABSerr: 0.9966260194778442
2023-05-15 04:34:13.503 | INFO     | utils.logging:log_training_results:290 - train ausat from confmx: 0.9839306473731995
2023-05-15 04:34:13.503 | INFO     | utils.logging:log_training_results:301 - train MCE loss:0.98935 * 1.0 * -0.55697
2023-05-15 04:34:13.503 | INFO     | utils.logging:log_training_results:309 - train LLLR :0.24709 * 0.1 * -0.18493
2023-05-15 04:34:13.504 | INFO     | utils.logging:log_training_results:317 - train weight decay:572.99841 * 0.0002 * 0.73805
2023-05-15 04:34:27.515 | INFO     | utils.logging:log_training_results:280 - 
2023-05-15 04:34:27.516 | INFO     | utils.logging:log_training_results:281 - Global Step =   2750
2023-05-15 04:34:27.516 | INFO     | utils.logging:log_training_results:282 - val mean(MacRec)_t: 0.8752700686454773
2023-05-15 04:34:27.516 | INFO     | utils.logging:log_training_results:287 - val mean ABSerr: 0.6719193458557129
2023-05-15 04:34:27.517 | INFO     | utils.logging:log_training_results:290 - val ausat from confmx: 0.983039140701294
2023-05-15 04:34:27.517 | INFO     | utils.logging:log_training_results:301 - val MCE loss:0.98480 * 1.0 * -0.56861
2023-05-15 04:34:27.518 | INFO     | utils.logging:log_training_results:309 - val LLLR :0.24149 * 0.1 * -0.16100
2023-05-15 04:34:27.518 | INFO     | utils.logging:log_training_results:317 - val weight decay:546.82452 * 0.0002 * 0.71386
2023-05-15 04:34:28.299 | INFO     | utils.logging:save_sdre_imgs:710 - Figures saved.
2023-05-15 04:34:28.571 | INFO     | utils.logging:log_training_results:280 - 
2023-05-15 04:34:28.572 | INFO     | utils.logging:log_training_results:281 - Global Step =   2750
2023-05-15 04:34:28.572 | INFO     | utils.logging:log_training_results:282 - train mean(MacRec)_t: 0.8404223322868347
2023-05-15 04:34:28.572 | INFO     | utils.logging:log_training_results:287 - train mean ABSerr: 0.9436134099960327
2023-05-15 04:34:28.573 | INFO     | utils.logging:log_training_results:290 - train ausat from confmx: 0.97611004114151
2023-05-15 04:34:28.573 | INFO     | utils.logging:log_training_results:301 - train MCE loss:0.99210 * 1.0 * -0.56865
2023-05-15 04:34:28.573 | INFO     | utils.logging:log_training_results:309 - train LLLR :0.24818 * 0.1 * -0.16090
2023-05-15 04:34:28.574 | INFO     | utils.logging:log_training_results:317 - train weight decay:546.82452 * 0.0002 * 0.71376
2023-05-15 04:34:31.149 | INFO     | __main__:objective:58 - Starting epoch #7.
2023-05-15 04:34:42.804 | INFO     | utils.logging:log_training_results:280 - 
2023-05-15 04:34:42.804 | INFO     | utils.logging:log_training_results:281 - Global Step =   3000
2023-05-15 04:34:42.805 | INFO     | utils.logging:log_training_results:282 - val mean(MacRec)_t: 0.8756100535392761
2023-05-15 04:34:42.805 | INFO     | utils.logging:log_training_results:287 - val mean ABSerr: 0.7158559560775757
2023-05-15 04:34:42.805 | INFO     | utils.logging:log_training_results:290 - val ausat from confmx: 0.9825589060783386
2023-05-15 04:34:42.806 | INFO     | utils.logging:log_training_results:301 - val MCE loss:0.98508 * 1.0 * -0.57987
2023-05-15 04:34:42.806 | INFO     | utils.logging:log_training_results:309 - val LLLR :0.24134 * 0.1 * -0.13968
2023-05-15 04:34:42.806 | INFO     | utils.logging:log_training_results:317 - val weight decay:521.16840 * 0.0002 * 0.68944
2023-05-15 04:34:43.020 | INFO     | utils.checkpoint:update_and_save_result:168 - [36mBest value updated![0m
2023-05-15 04:34:43.031 | INFO     | utils.checkpoint:save_checkpoint:83 - [36mSaved checkpoint[0m at step 3000.
2023-05-15 04:34:43.033 | INFO     | utils.checkpoint:keep_max_num_saved_models:101 - Removed the oldest model for max_to_keep=1
2023-05-15 04:34:43.835 | INFO     | utils.logging:save_sdre_imgs:710 - Figures saved.
2023-05-15 04:34:44.099 | INFO     | utils.logging:log_training_results:280 - 
2023-05-15 04:34:44.099 | INFO     | utils.logging:log_training_results:281 - Global Step =   3000
2023-05-15 04:34:44.100 | INFO     | utils.logging:log_training_results:282 - train mean(MacRec)_t: 0.8561837673187256
2023-05-15 04:34:44.100 | INFO     | utils.logging:log_training_results:287 - train mean ABSerr: 1.010067343711853
2023-05-15 04:34:44.100 | INFO     | utils.logging:log_training_results:290 - train ausat from confmx: 0.9508981108665466
2023-05-15 04:34:44.101 | INFO     | utils.logging:log_training_results:301 - train MCE loss:0.98716 * 1.0 * -0.57991
2023-05-15 04:34:44.101 | INFO     | utils.logging:log_training_results:309 - train LLLR :0.24636 * 0.1 * -0.13960
2023-05-15 04:34:44.101 | INFO     | utils.logging:log_training_results:317 - train weight decay:521.16840 * 0.0002 * 0.68934
2023-05-15 04:34:54.251 | INFO     | __main__:objective:58 - Starting epoch #8.
2023-05-15 04:34:58.405 | INFO     | utils.logging:log_training_results:280 - 
2023-05-15 04:34:58.406 | INFO     | utils.logging:log_training_results:281 - Global Step =   3250
2023-05-15 04:34:58.407 | INFO     | utils.logging:log_training_results:282 - val mean(MacRec)_t: 0.8752700686454773
2023-05-15 04:34:58.407 | INFO     | utils.logging:log_training_results:287 - val mean ABSerr: 0.8318036794662476
2023-05-15 04:34:58.408 | INFO     | utils.logging:log_training_results:290 - val ausat from confmx: 0.9833405613899231
2023-05-15 04:34:58.408 | INFO     | utils.logging:log_training_results:301 - val MCE loss:0.98592 * 1.0 * -0.59069
2023-05-15 04:34:58.408 | INFO     | utils.logging:log_training_results:309 - val LLLR :0.24107 * 0.1 * -0.12356
2023-05-15 04:34:58.409 | INFO     | utils.logging:log_training_results:317 - val weight decay:496.37051 * 0.0002 * 0.66488
2023-05-15 04:34:59.197 | INFO     | utils.logging:save_sdre_imgs:710 - Figures saved.
2023-05-15 04:34:59.481 | INFO     | utils.logging:log_training_results:280 - 
2023-05-15 04:34:59.482 | INFO     | utils.logging:log_training_results:281 - Global Step =   3250
2023-05-15 04:34:59.483 | INFO     | utils.logging:log_training_results:282 - train mean(MacRec)_t: 0.8700522184371948
2023-05-15 04:34:59.483 | INFO     | utils.logging:log_training_results:287 - train mean ABSerr: 1.0487215518951416
2023-05-15 04:34:59.483 | INFO     | utils.logging:log_training_results:290 - train ausat from confmx: 0.9643651247024536
2023-05-15 04:34:59.484 | INFO     | utils.logging:log_training_results:301 - train MCE loss:0.99394 * 1.0 * -0.59073
2023-05-15 04:34:59.484 | INFO     | utils.logging:log_training_results:309 - train LLLR :0.24279 * 0.1 * -0.12351
2023-05-15 04:34:59.484 | INFO     | utils.logging:log_training_results:317 - train weight decay:496.37048 * 0.0002 * 0.66478
2023-05-15 04:35:13.484 | INFO     | utils.logging:log_training_results:280 - 
2023-05-15 04:35:13.485 | INFO     | utils.logging:log_training_results:281 - Global Step =   3500
2023-05-15 04:35:13.485 | INFO     | utils.logging:log_training_results:282 - val mean(MacRec)_t: 0.8756033182144165
2023-05-15 04:35:13.485 | INFO     | utils.logging:log_training_results:287 - val mean ABSerr: 0.9306746125221252
2023-05-15 04:35:13.486 | INFO     | utils.logging:log_training_results:290 - val ausat from confmx: 0.9832647442817688
2023-05-15 04:35:13.486 | INFO     | utils.logging:log_training_results:301 - val MCE loss:0.98677 * 1.0 * -0.60111
2023-05-15 04:35:13.486 | INFO     | utils.logging:log_training_results:309 - val LLLR :0.24076 * 0.1 * -0.11452
2023-05-15 04:35:13.487 | INFO     | utils.logging:log_training_results:317 - val weight decay:472.58249 * 0.0002 * 0.64020
2023-05-15 04:35:14.269 | INFO     | utils.logging:save_sdre_imgs:710 - Figures saved.
2023-05-15 04:35:14.540 | INFO     | utils.logging:log_training_results:280 - 
2023-05-15 04:35:14.541 | INFO     | utils.logging:log_training_results:281 - Global Step =   3500
2023-05-15 04:35:14.541 | INFO     | utils.logging:log_training_results:282 - train mean(MacRec)_t: 0.8391969203948975
2023-05-15 04:35:14.541 | INFO     | utils.logging:log_training_results:287 - train mean ABSerr: 1.1457107067108154
2023-05-15 04:35:14.542 | INFO     | utils.logging:log_training_results:290 - train ausat from confmx: 0.974846601486206
2023-05-15 04:35:14.542 | INFO     | utils.logging:log_training_results:301 - train MCE loss:0.98670 * 1.0 * -0.60115
2023-05-15 04:35:14.542 | INFO     | utils.logging:log_training_results:309 - train LLLR :0.24728 * 0.1 * -0.11450
2023-05-15 04:35:14.543 | INFO     | utils.logging:log_training_results:317 - train weight decay:472.58249 * 0.0002 * 0.64010
2023-05-15 04:35:19.630 | INFO     | __main__:objective:58 - Starting epoch #9.
2023-05-15 04:35:28.760 | INFO     | utils.logging:log_training_results:280 - 
2023-05-15 04:35:28.761 | INFO     | utils.logging:log_training_results:281 - Global Step =   3750
2023-05-15 04:35:28.761 | INFO     | utils.logging:log_training_results:282 - val mean(MacRec)_t: 0.8758833408355713
2023-05-15 04:35:28.761 | INFO     | utils.logging:log_training_results:287 - val mean ABSerr: 0.954645574092865
2023-05-15 04:35:28.762 | INFO     | utils.logging:log_training_results:290 - val ausat from confmx: 0.9830621480941772
2023-05-15 04:35:28.762 | INFO     | utils.logging:log_training_results:301 - val MCE loss:0.98707 * 1.0 * -0.61111
2023-05-15 04:35:28.762 | INFO     | utils.logging:log_training_results:309 - val LLLR :0.24071 * 0.1 * -0.11117
2023-05-15 04:35:28.763 | INFO     | utils.logging:log_training_results:317 - val weight decay:449.54843 * 0.0002 * 0.61539
2023-05-15 04:35:28.972 | INFO     | utils.checkpoint:update_and_save_result:168 - [36mBest value updated![0m
2023-05-15 04:35:28.983 | INFO     | utils.checkpoint:save_checkpoint:83 - [36mSaved checkpoint[0m at step 3750.
2023-05-15 04:35:28.986 | INFO     | utils.checkpoint:keep_max_num_saved_models:101 - Removed the oldest model for max_to_keep=1
2023-05-15 04:35:29.562 | INFO     | utils.logging:save_sdre_imgs:710 - Figures saved.
2023-05-15 04:35:29.837 | INFO     | utils.logging:log_training_results:280 - 
2023-05-15 04:35:29.837 | INFO     | utils.logging:log_training_results:281 - Global Step =   3750
2023-05-15 04:35:29.838 | INFO     | utils.logging:log_training_results:282 - train mean(MacRec)_t: 0.842528223991394
2023-05-15 04:35:29.838 | INFO     | utils.logging:log_training_results:287 - train mean ABSerr: 0.9854946732521057
2023-05-15 04:35:29.838 | INFO     | utils.logging:log_training_results:290 - train ausat from confmx: 0.9774996042251587
2023-05-15 04:35:29.838 | INFO     | utils.logging:log_training_results:301 - train MCE loss:1.00358 * 1.0 * -0.61115
2023-05-15 04:35:29.839 | INFO     | utils.logging:log_training_results:309 - train LLLR :0.24825 * 0.1 * -0.11116
2023-05-15 04:35:29.839 | INFO     | utils.logging:log_training_results:317 - train weight decay:449.54840 * 0.0002 * 0.61529
2023-05-15 04:35:42.465 | INFO     | utils.logging:investigate_log:155 - num_warning=0/num_error=0 in the .log file.
2023-05-15 04:35:42.696 | INFO     | optuna.study.study:_log_completed_trial:1013 - Trial 37 finished with values: [0.12411665916442871, 0.32577839493751526, 0.016360998153686523] and parameters: {'LIST_IS_POSITIONAL_ENCODING': False, 'LIST_MODEL_BACKBONE': 'Transformer', 'LIST_WEIGHT_DECAY': 0.0002, 'LIST_LEARNING_RATE': 8.929359011066568e-05, 'LIST_LLLR_VERSION': 'LLLR', 'LIST_ACTIVATION_FC': 'gelu', 'LIST_PARAM_MULTIPLET_LOSS': 1.0, 'LIST_PARAM_LLR_LOSS': 0.1, 'LIST_IS_ADAPTIVE_LOSS': True, 'LIST_ORDER_SPRT': 1, 'LIST_OPTIMIZER': 'adam', 'LIST_IS_NORMALIZE': False, 'LIST_NUM_THRESH': 1500, 'LIST_SPARSITY': 'linspace', 'LIST_NUM_BLOCKS': 1, 'LIST_NUM_HEADS': 4, 'LIST_DROPOUT': 0.4, 'LIST_FF_DIM': 32, 'LIST_MLP_UNITS': 64}. 
2023-05-15 04:35:42.726 | INFO     | utils.hyperparameter_tuning:suggest_parameters:560 - [33mStarting a tuning phase.[0m
2023-05-15 04:35:43.349 | INFO     | utils.hyperparameter_tuning:print:394 - 
+------------------------------------------+
|   Hyperparameteres suggested by Optuna   |
+------------------------+-----------------+
|     Parameter name     | Suggested value |
+------------------------+-----------------+
|     ACTIVATION_FC      |       gelu      |
|        DROPOUT         |       0.5       |
|         FF_DIM         |        32       |
|    IS_ADAPTIVE_LOSS    |       True      |
|      IS_NORMALIZE      |      False      |
| IS_POSITIONAL_ENCODING |      False      |
|     LEARNING_RATE      |    4.4516e-05   |
|      LLLR_VERSION      |       LLLR      |
|       MLP_UNITS        |        64       |
|     MODEL_BACKBONE     |   Transformer   |
|       NUM_BLOCKS       |        1        |
|       NUM_HEADS        |        4        |
|       NUM_THRESH       |       1500      |
|       OPTIMIZER        |       adam      |
|       ORDER_SPRT       |        1        |
|     PARAM_LLR_LOSS     |       0.3       |
|  PARAM_MULTIPLET_LOSS  |       0.7       |
|        SPARSITY        |     linspace    |
|      WEIGHT_DECAY      |      0.0001     |
+------------------------+-----------------+
2023-05-15 04:35:43.351 | INFO     | utils.misc:create_directories_and_log:291 - [33mA new log directory was created: [0m/home/afe/Dropbox/GitHub/SPRT-TANDEM-PyTorch/logs/public_offset0_5_optimall_tuning/checkpoints/Transformer_20230515_043543350/configs
2023-05-15 04:35:43.351 | INFO     | utils.misc:create_directories_and_log:291 - [33mA new log directory was created: [0m/home/afe/Dropbox/GitHub/SPRT-TANDEM-PyTorch/logs/public_offset0_5_optimall_tuning/TensorBoard_events/Transformer_20230515_043543350
